[2025-06-14T23:48:28.868-0400] {processor.py:157} INFO - Started process (PID=39653) to work on /Users/rah/.pyenv/versions/3.10.11/lib/python3.10/site-packages/airflow/example_dags/subdags/subdag.py
[2025-06-14T23:48:28.871-0400] {processor.py:829} INFO - Processing file /Users/rah/.pyenv/versions/3.10.11/lib/python3.10/site-packages/airflow/example_dags/subdags/subdag.py for tasks to queue
[2025-06-14T23:48:28.872-0400] {logging_mixin.py:154} INFO - [2025-06-14T23:48:28.872-0400] {dagbag.py:536} INFO - Filling up the DagBag from /Users/rah/.pyenv/versions/3.10.11/lib/python3.10/site-packages/airflow/example_dags/subdags/subdag.py
[2025-06-14T23:48:28.873-0400] {processor.py:841} WARNING - No viable dags retrieved from /Users/rah/.pyenv/versions/3.10.11/lib/python3.10/site-packages/airflow/example_dags/subdags/subdag.py
[2025-06-14T23:48:28.949-0400] {processor.py:179} INFO - Processing /Users/rah/.pyenv/versions/3.10.11/lib/python3.10/site-packages/airflow/example_dags/subdags/subdag.py took 0.081 seconds
[2025-06-14T23:50:03.361-0400] {processor.py:157} INFO - Started process (PID=40759) to work on /Users/rah/.pyenv/versions/3.10.11/lib/python3.10/site-packages/airflow/example_dags/subdags/subdag.py
[2025-06-14T23:50:03.364-0400] {processor.py:829} INFO - Processing file /Users/rah/.pyenv/versions/3.10.11/lib/python3.10/site-packages/airflow/example_dags/subdags/subdag.py for tasks to queue
[2025-06-14T23:50:03.365-0400] {logging_mixin.py:154} INFO - [2025-06-14T23:50:03.364-0400] {dagbag.py:536} INFO - Filling up the DagBag from /Users/rah/.pyenv/versions/3.10.11/lib/python3.10/site-packages/airflow/example_dags/subdags/subdag.py
[2025-06-14T23:50:03.366-0400] {processor.py:841} WARNING - No viable dags retrieved from /Users/rah/.pyenv/versions/3.10.11/lib/python3.10/site-packages/airflow/example_dags/subdags/subdag.py
[2025-06-14T23:50:03.436-0400] {processor.py:179} INFO - Processing /Users/rah/.pyenv/versions/3.10.11/lib/python3.10/site-packages/airflow/example_dags/subdags/subdag.py took 0.076 seconds
[2025-06-14T23:50:55.287-0400] {processor.py:157} INFO - Started process (PID=41667) to work on /Users/rah/.pyenv/versions/3.10.11/lib/python3.10/site-packages/airflow/example_dags/subdags/subdag.py
[2025-06-14T23:50:55.291-0400] {processor.py:829} INFO - Processing file /Users/rah/.pyenv/versions/3.10.11/lib/python3.10/site-packages/airflow/example_dags/subdags/subdag.py for tasks to queue
[2025-06-14T23:50:55.291-0400] {logging_mixin.py:154} INFO - [2025-06-14T23:50:55.291-0400] {dagbag.py:536} INFO - Filling up the DagBag from /Users/rah/.pyenv/versions/3.10.11/lib/python3.10/site-packages/airflow/example_dags/subdags/subdag.py
[2025-06-14T23:50:55.292-0400] {processor.py:841} WARNING - No viable dags retrieved from /Users/rah/.pyenv/versions/3.10.11/lib/python3.10/site-packages/airflow/example_dags/subdags/subdag.py
[2025-06-14T23:50:55.368-0400] {processor.py:179} INFO - Processing /Users/rah/.pyenv/versions/3.10.11/lib/python3.10/site-packages/airflow/example_dags/subdags/subdag.py took 0.082 seconds
[2025-06-14T23:54:50.868-0400] {processor.py:157} INFO - Started process (PID=45493) to work on /Users/rah/Desktop/creative_projects/rah_coding_repo/projects/fin_data_project_001/finance-data-project-1/.venv/lib/python3.10/site-packages/airflow/example_dags/subdags/subdag.py
[2025-06-14T23:54:50.870-0400] {processor.py:829} INFO - Processing file /Users/rah/Desktop/creative_projects/rah_coding_repo/projects/fin_data_project_001/finance-data-project-1/.venv/lib/python3.10/site-packages/airflow/example_dags/subdags/subdag.py for tasks to queue
[2025-06-14T23:54:50.871-0400] {logging_mixin.py:154} INFO - [2025-06-14T23:54:50.870-0400] {dagbag.py:536} INFO - Filling up the DagBag from /Users/rah/Desktop/creative_projects/rah_coding_repo/projects/fin_data_project_001/finance-data-project-1/.venv/lib/python3.10/site-packages/airflow/example_dags/subdags/subdag.py
[2025-06-14T23:54:50.872-0400] {processor.py:841} WARNING - No viable dags retrieved from /Users/rah/Desktop/creative_projects/rah_coding_repo/projects/fin_data_project_001/finance-data-project-1/.venv/lib/python3.10/site-packages/airflow/example_dags/subdags/subdag.py
[2025-06-14T23:54:50.925-0400] {processor.py:179} INFO - Processing /Users/rah/Desktop/creative_projects/rah_coding_repo/projects/fin_data_project_001/finance-data-project-1/.venv/lib/python3.10/site-packages/airflow/example_dags/subdags/subdag.py took 0.057 seconds
[2025-06-14T23:55:57.403-0400] {processor.py:157} INFO - Started process (PID=46790) to work on /Users/rah/Desktop/creative_projects/rah_coding_repo/projects/fin_data_project_001/finance-data-project-1/.venv/lib/python3.10/site-packages/airflow/example_dags/subdags/subdag.py
[2025-06-14T23:55:57.406-0400] {processor.py:829} INFO - Processing file /Users/rah/Desktop/creative_projects/rah_coding_repo/projects/fin_data_project_001/finance-data-project-1/.venv/lib/python3.10/site-packages/airflow/example_dags/subdags/subdag.py for tasks to queue
[2025-06-14T23:55:57.406-0400] {logging_mixin.py:154} INFO - [2025-06-14T23:55:57.406-0400] {dagbag.py:536} INFO - Filling up the DagBag from /Users/rah/Desktop/creative_projects/rah_coding_repo/projects/fin_data_project_001/finance-data-project-1/.venv/lib/python3.10/site-packages/airflow/example_dags/subdags/subdag.py
[2025-06-14T23:55:57.407-0400] {processor.py:841} WARNING - No viable dags retrieved from /Users/rah/Desktop/creative_projects/rah_coding_repo/projects/fin_data_project_001/finance-data-project-1/.venv/lib/python3.10/site-packages/airflow/example_dags/subdags/subdag.py
[2025-06-14T23:55:57.458-0400] {processor.py:179} INFO - Processing /Users/rah/Desktop/creative_projects/rah_coding_repo/projects/fin_data_project_001/finance-data-project-1/.venv/lib/python3.10/site-packages/airflow/example_dags/subdags/subdag.py took 0.056 seconds
[2025-06-14T23:56:12.583-0400] {processor.py:157} INFO - Started process (PID=46953) to work on /Users/rah/Desktop/creative_projects/rah_coding_repo/projects/fin_data_project_001/finance-data-project-1/.venv/lib/python3.10/site-packages/airflow/example_dags/subdags/subdag.py
[2025-06-14T23:56:12.585-0400] {processor.py:829} INFO - Processing file /Users/rah/Desktop/creative_projects/rah_coding_repo/projects/fin_data_project_001/finance-data-project-1/.venv/lib/python3.10/site-packages/airflow/example_dags/subdags/subdag.py for tasks to queue
[2025-06-14T23:56:12.585-0400] {logging_mixin.py:154} INFO - [2025-06-14T23:56:12.585-0400] {dagbag.py:536} INFO - Filling up the DagBag from /Users/rah/Desktop/creative_projects/rah_coding_repo/projects/fin_data_project_001/finance-data-project-1/.venv/lib/python3.10/site-packages/airflow/example_dags/subdags/subdag.py
[2025-06-14T23:56:12.587-0400] {processor.py:841} WARNING - No viable dags retrieved from /Users/rah/Desktop/creative_projects/rah_coding_repo/projects/fin_data_project_001/finance-data-project-1/.venv/lib/python3.10/site-packages/airflow/example_dags/subdags/subdag.py
[2025-06-14T23:56:12.644-0400] {processor.py:179} INFO - Processing /Users/rah/Desktop/creative_projects/rah_coding_repo/projects/fin_data_project_001/finance-data-project-1/.venv/lib/python3.10/site-packages/airflow/example_dags/subdags/subdag.py took 0.062 seconds
[2025-06-14T23:56:48.689-0400] {processor.py:157} INFO - Started process (PID=48032) to work on /Users/rah/Desktop/creative_projects/rah_coding_repo/projects/fin_data_project_001/finance-data-project-1/.venv/lib/python3.10/site-packages/airflow/example_dags/subdags/subdag.py
[2025-06-14T23:56:48.692-0400] {processor.py:829} INFO - Processing file /Users/rah/Desktop/creative_projects/rah_coding_repo/projects/fin_data_project_001/finance-data-project-1/.venv/lib/python3.10/site-packages/airflow/example_dags/subdags/subdag.py for tasks to queue
[2025-06-14T23:56:48.692-0400] {logging_mixin.py:154} INFO - [2025-06-14T23:56:48.692-0400] {dagbag.py:536} INFO - Filling up the DagBag from /Users/rah/Desktop/creative_projects/rah_coding_repo/projects/fin_data_project_001/finance-data-project-1/.venv/lib/python3.10/site-packages/airflow/example_dags/subdags/subdag.py
[2025-06-14T23:56:48.693-0400] {processor.py:841} WARNING - No viable dags retrieved from /Users/rah/Desktop/creative_projects/rah_coding_repo/projects/fin_data_project_001/finance-data-project-1/.venv/lib/python3.10/site-packages/airflow/example_dags/subdags/subdag.py
[2025-06-14T23:56:48.747-0400] {processor.py:179} INFO - Processing /Users/rah/Desktop/creative_projects/rah_coding_repo/projects/fin_data_project_001/finance-data-project-1/.venv/lib/python3.10/site-packages/airflow/example_dags/subdags/subdag.py took 0.058 seconds
[2025-06-14T23:57:03.643-0400] {processor.py:157} INFO - Started process (PID=48208) to work on /Users/rah/Desktop/creative_projects/rah_coding_repo/projects/fin_data_project_001/finance-data-project-1/.venv/lib/python3.10/site-packages/airflow/example_dags/subdags/subdag.py
[2025-06-14T23:57:03.645-0400] {processor.py:829} INFO - Processing file /Users/rah/Desktop/creative_projects/rah_coding_repo/projects/fin_data_project_001/finance-data-project-1/.venv/lib/python3.10/site-packages/airflow/example_dags/subdags/subdag.py for tasks to queue
[2025-06-14T23:57:03.645-0400] {logging_mixin.py:154} INFO - [2025-06-14T23:57:03.645-0400] {dagbag.py:536} INFO - Filling up the DagBag from /Users/rah/Desktop/creative_projects/rah_coding_repo/projects/fin_data_project_001/finance-data-project-1/.venv/lib/python3.10/site-packages/airflow/example_dags/subdags/subdag.py
[2025-06-14T23:57:03.647-0400] {processor.py:841} WARNING - No viable dags retrieved from /Users/rah/Desktop/creative_projects/rah_coding_repo/projects/fin_data_project_001/finance-data-project-1/.venv/lib/python3.10/site-packages/airflow/example_dags/subdags/subdag.py
[2025-06-14T23:57:03.704-0400] {processor.py:179} INFO - Processing /Users/rah/Desktop/creative_projects/rah_coding_repo/projects/fin_data_project_001/finance-data-project-1/.venv/lib/python3.10/site-packages/airflow/example_dags/subdags/subdag.py took 0.062 seconds
[2025-06-14T23:57:14.743-0400] {processor.py:157} INFO - Started process (PID=48363) to work on /Users/rah/Desktop/creative_projects/rah_coding_repo/projects/fin_data_project_001/finance-data-project-1/.venv/lib/python3.10/site-packages/airflow/example_dags/subdags/subdag.py
[2025-06-14T23:57:14.745-0400] {processor.py:829} INFO - Processing file /Users/rah/Desktop/creative_projects/rah_coding_repo/projects/fin_data_project_001/finance-data-project-1/.venv/lib/python3.10/site-packages/airflow/example_dags/subdags/subdag.py for tasks to queue
[2025-06-14T23:57:14.745-0400] {logging_mixin.py:154} INFO - [2025-06-14T23:57:14.745-0400] {dagbag.py:536} INFO - Filling up the DagBag from /Users/rah/Desktop/creative_projects/rah_coding_repo/projects/fin_data_project_001/finance-data-project-1/.venv/lib/python3.10/site-packages/airflow/example_dags/subdags/subdag.py
[2025-06-14T23:57:14.747-0400] {processor.py:841} WARNING - No viable dags retrieved from /Users/rah/Desktop/creative_projects/rah_coding_repo/projects/fin_data_project_001/finance-data-project-1/.venv/lib/python3.10/site-packages/airflow/example_dags/subdags/subdag.py
[2025-06-14T23:57:14.809-0400] {processor.py:179} INFO - Processing /Users/rah/Desktop/creative_projects/rah_coding_repo/projects/fin_data_project_001/finance-data-project-1/.venv/lib/python3.10/site-packages/airflow/example_dags/subdags/subdag.py took 0.067 seconds
[2025-06-14T23:57:51.681-0400] {processor.py:157} INFO - Started process (PID=48923) to work on /Users/rah/Desktop/creative_projects/rah_coding_repo/projects/fin_data_project_001/finance-data-project-1/.venv/lib/python3.10/site-packages/airflow/example_dags/subdags/subdag.py
[2025-06-14T23:57:51.684-0400] {processor.py:829} INFO - Processing file /Users/rah/Desktop/creative_projects/rah_coding_repo/projects/fin_data_project_001/finance-data-project-1/.venv/lib/python3.10/site-packages/airflow/example_dags/subdags/subdag.py for tasks to queue
[2025-06-14T23:57:51.684-0400] {logging_mixin.py:154} INFO - [2025-06-14T23:57:51.684-0400] {dagbag.py:536} INFO - Filling up the DagBag from /Users/rah/Desktop/creative_projects/rah_coding_repo/projects/fin_data_project_001/finance-data-project-1/.venv/lib/python3.10/site-packages/airflow/example_dags/subdags/subdag.py
[2025-06-14T23:57:51.685-0400] {processor.py:841} WARNING - No viable dags retrieved from /Users/rah/Desktop/creative_projects/rah_coding_repo/projects/fin_data_project_001/finance-data-project-1/.venv/lib/python3.10/site-packages/airflow/example_dags/subdags/subdag.py
[2025-06-14T23:57:51.737-0400] {processor.py:179} INFO - Processing /Users/rah/Desktop/creative_projects/rah_coding_repo/projects/fin_data_project_001/finance-data-project-1/.venv/lib/python3.10/site-packages/airflow/example_dags/subdags/subdag.py took 0.056 seconds
[2025-06-14T23:58:04.406-0400] {processor.py:157} INFO - Started process (PID=49077) to work on /Users/rah/Desktop/creative_projects/rah_coding_repo/projects/fin_data_project_001/finance-data-project-1/.venv/lib/python3.10/site-packages/airflow/example_dags/subdags/subdag.py
[2025-06-14T23:58:04.408-0400] {processor.py:829} INFO - Processing file /Users/rah/Desktop/creative_projects/rah_coding_repo/projects/fin_data_project_001/finance-data-project-1/.venv/lib/python3.10/site-packages/airflow/example_dags/subdags/subdag.py for tasks to queue
[2025-06-14T23:58:04.409-0400] {logging_mixin.py:154} INFO - [2025-06-14T23:58:04.409-0400] {dagbag.py:536} INFO - Filling up the DagBag from /Users/rah/Desktop/creative_projects/rah_coding_repo/projects/fin_data_project_001/finance-data-project-1/.venv/lib/python3.10/site-packages/airflow/example_dags/subdags/subdag.py
[2025-06-14T23:58:04.411-0400] {processor.py:841} WARNING - No viable dags retrieved from /Users/rah/Desktop/creative_projects/rah_coding_repo/projects/fin_data_project_001/finance-data-project-1/.venv/lib/python3.10/site-packages/airflow/example_dags/subdags/subdag.py
[2025-06-14T23:58:04.464-0400] {processor.py:179} INFO - Processing /Users/rah/Desktop/creative_projects/rah_coding_repo/projects/fin_data_project_001/finance-data-project-1/.venv/lib/python3.10/site-packages/airflow/example_dags/subdags/subdag.py took 0.058 seconds
[2025-06-14T23:58:05.533-0400] {processor.py:157} INFO - Started process (PID=49080) to work on /Users/rah/Desktop/creative_projects/rah_coding_repo/projects/fin_data_project_001/finance-data-project-1/.venv/lib/python3.10/site-packages/airflow/example_dags/subdags/subdag.py
[2025-06-14T23:58:05.536-0400] {processor.py:829} INFO - Processing file /Users/rah/Desktop/creative_projects/rah_coding_repo/projects/fin_data_project_001/finance-data-project-1/.venv/lib/python3.10/site-packages/airflow/example_dags/subdags/subdag.py for tasks to queue
[2025-06-14T23:58:05.536-0400] {logging_mixin.py:154} INFO - [2025-06-14T23:58:05.536-0400] {dagbag.py:536} INFO - Filling up the DagBag from /Users/rah/Desktop/creative_projects/rah_coding_repo/projects/fin_data_project_001/finance-data-project-1/.venv/lib/python3.10/site-packages/airflow/example_dags/subdags/subdag.py
[2025-06-14T23:58:05.537-0400] {processor.py:841} WARNING - No viable dags retrieved from /Users/rah/Desktop/creative_projects/rah_coding_repo/projects/fin_data_project_001/finance-data-project-1/.venv/lib/python3.10/site-packages/airflow/example_dags/subdags/subdag.py
[2025-06-14T23:58:05.592-0400] {processor.py:179} INFO - Processing /Users/rah/Desktop/creative_projects/rah_coding_repo/projects/fin_data_project_001/finance-data-project-1/.venv/lib/python3.10/site-packages/airflow/example_dags/subdags/subdag.py took 0.059 seconds
[2025-06-14T23:58:39.988-0400] {processor.py:157} INFO - Started process (PID=49532) to work on /Users/rah/Desktop/creative_projects/rah_coding_repo/projects/fin_data_project_001/finance-data-project-1/.venv/lib/python3.10/site-packages/airflow/example_dags/subdags/subdag.py
[2025-06-14T23:58:39.991-0400] {processor.py:829} INFO - Processing file /Users/rah/Desktop/creative_projects/rah_coding_repo/projects/fin_data_project_001/finance-data-project-1/.venv/lib/python3.10/site-packages/airflow/example_dags/subdags/subdag.py for tasks to queue
[2025-06-14T23:58:39.992-0400] {logging_mixin.py:154} INFO - [2025-06-14T23:58:39.992-0400] {dagbag.py:536} INFO - Filling up the DagBag from /Users/rah/Desktop/creative_projects/rah_coding_repo/projects/fin_data_project_001/finance-data-project-1/.venv/lib/python3.10/site-packages/airflow/example_dags/subdags/subdag.py
[2025-06-14T23:58:39.993-0400] {processor.py:841} WARNING - No viable dags retrieved from /Users/rah/Desktop/creative_projects/rah_coding_repo/projects/fin_data_project_001/finance-data-project-1/.venv/lib/python3.10/site-packages/airflow/example_dags/subdags/subdag.py
[2025-06-14T23:58:40.048-0400] {processor.py:179} INFO - Processing /Users/rah/Desktop/creative_projects/rah_coding_repo/projects/fin_data_project_001/finance-data-project-1/.venv/lib/python3.10/site-packages/airflow/example_dags/subdags/subdag.py took 0.060 seconds
[2025-06-14T23:58:51.605-0400] {processor.py:157} INFO - Started process (PID=50094) to work on /Users/rah/Desktop/creative_projects/rah_coding_repo/projects/fin_data_project_001/finance-data-project-1/.venv/lib/python3.10/site-packages/airflow/example_dags/subdags/subdag.py
[2025-06-14T23:58:51.607-0400] {processor.py:829} INFO - Processing file /Users/rah/Desktop/creative_projects/rah_coding_repo/projects/fin_data_project_001/finance-data-project-1/.venv/lib/python3.10/site-packages/airflow/example_dags/subdags/subdag.py for tasks to queue
[2025-06-14T23:58:51.608-0400] {logging_mixin.py:154} INFO - [2025-06-14T23:58:51.608-0400] {dagbag.py:536} INFO - Filling up the DagBag from /Users/rah/Desktop/creative_projects/rah_coding_repo/projects/fin_data_project_001/finance-data-project-1/.venv/lib/python3.10/site-packages/airflow/example_dags/subdags/subdag.py
[2025-06-14T23:58:51.609-0400] {processor.py:841} WARNING - No viable dags retrieved from /Users/rah/Desktop/creative_projects/rah_coding_repo/projects/fin_data_project_001/finance-data-project-1/.venv/lib/python3.10/site-packages/airflow/example_dags/subdags/subdag.py
[2025-06-14T23:58:51.671-0400] {processor.py:179} INFO - Processing /Users/rah/Desktop/creative_projects/rah_coding_repo/projects/fin_data_project_001/finance-data-project-1/.venv/lib/python3.10/site-packages/airflow/example_dags/subdags/subdag.py took 0.067 seconds
[2025-06-14T23:58:51.992-0400] {processor.py:157} INFO - Started process (PID=50160) to work on /Users/rah/Desktop/creative_projects/rah_coding_repo/projects/fin_data_project_001/finance-data-project-1/.venv/lib/python3.10/site-packages/airflow/example_dags/subdags/subdag.py
[2025-06-14T23:58:51.995-0400] {processor.py:829} INFO - Processing file /Users/rah/Desktop/creative_projects/rah_coding_repo/projects/fin_data_project_001/finance-data-project-1/.venv/lib/python3.10/site-packages/airflow/example_dags/subdags/subdag.py for tasks to queue
[2025-06-14T23:58:51.995-0400] {logging_mixin.py:154} INFO - [2025-06-14T23:58:51.995-0400] {dagbag.py:536} INFO - Filling up the DagBag from /Users/rah/Desktop/creative_projects/rah_coding_repo/projects/fin_data_project_001/finance-data-project-1/.venv/lib/python3.10/site-packages/airflow/example_dags/subdags/subdag.py
[2025-06-14T23:58:51.996-0400] {processor.py:841} WARNING - No viable dags retrieved from /Users/rah/Desktop/creative_projects/rah_coding_repo/projects/fin_data_project_001/finance-data-project-1/.venv/lib/python3.10/site-packages/airflow/example_dags/subdags/subdag.py
[2025-06-14T23:58:52.054-0400] {processor.py:179} INFO - Processing /Users/rah/Desktop/creative_projects/rah_coding_repo/projects/fin_data_project_001/finance-data-project-1/.venv/lib/python3.10/site-packages/airflow/example_dags/subdags/subdag.py took 0.062 seconds
[2025-06-14T23:58:53.552-0400] {processor.py:157} INFO - Started process (PID=50209) to work on /Users/rah/Desktop/creative_projects/rah_coding_repo/projects/fin_data_project_001/finance-data-project-1/.venv/lib/python3.10/site-packages/airflow/example_dags/subdags/subdag.py
[2025-06-14T23:58:53.555-0400] {processor.py:829} INFO - Processing file /Users/rah/Desktop/creative_projects/rah_coding_repo/projects/fin_data_project_001/finance-data-project-1/.venv/lib/python3.10/site-packages/airflow/example_dags/subdags/subdag.py for tasks to queue
[2025-06-14T23:58:53.555-0400] {logging_mixin.py:154} INFO - [2025-06-14T23:58:53.555-0400] {dagbag.py:536} INFO - Filling up the DagBag from /Users/rah/Desktop/creative_projects/rah_coding_repo/projects/fin_data_project_001/finance-data-project-1/.venv/lib/python3.10/site-packages/airflow/example_dags/subdags/subdag.py
[2025-06-14T23:58:53.556-0400] {processor.py:841} WARNING - No viable dags retrieved from /Users/rah/Desktop/creative_projects/rah_coding_repo/projects/fin_data_project_001/finance-data-project-1/.venv/lib/python3.10/site-packages/airflow/example_dags/subdags/subdag.py
[2025-06-14T23:58:53.616-0400] {processor.py:179} INFO - Processing /Users/rah/Desktop/creative_projects/rah_coding_repo/projects/fin_data_project_001/finance-data-project-1/.venv/lib/python3.10/site-packages/airflow/example_dags/subdags/subdag.py took 0.064 seconds
[2025-06-14T23:59:29.776-0400] {processor.py:157} INFO - Started process (PID=50710) to work on /Users/rah/Desktop/creative_projects/rah_coding_repo/projects/fin_data_project_001/finance-data-project-1/.venv/lib/python3.10/site-packages/airflow/example_dags/subdags/subdag.py
[2025-06-14T23:59:29.779-0400] {processor.py:829} INFO - Processing file /Users/rah/Desktop/creative_projects/rah_coding_repo/projects/fin_data_project_001/finance-data-project-1/.venv/lib/python3.10/site-packages/airflow/example_dags/subdags/subdag.py for tasks to queue
[2025-06-14T23:59:29.780-0400] {logging_mixin.py:154} INFO - [2025-06-14T23:59:29.780-0400] {dagbag.py:536} INFO - Filling up the DagBag from /Users/rah/Desktop/creative_projects/rah_coding_repo/projects/fin_data_project_001/finance-data-project-1/.venv/lib/python3.10/site-packages/airflow/example_dags/subdags/subdag.py
[2025-06-14T23:59:29.781-0400] {processor.py:841} WARNING - No viable dags retrieved from /Users/rah/Desktop/creative_projects/rah_coding_repo/projects/fin_data_project_001/finance-data-project-1/.venv/lib/python3.10/site-packages/airflow/example_dags/subdags/subdag.py
[2025-06-14T23:59:29.836-0400] {processor.py:179} INFO - Processing /Users/rah/Desktop/creative_projects/rah_coding_repo/projects/fin_data_project_001/finance-data-project-1/.venv/lib/python3.10/site-packages/airflow/example_dags/subdags/subdag.py took 0.060 seconds
[2025-06-14T23:59:40.642-0400] {processor.py:157} INFO - Started process (PID=50867) to work on /Users/rah/Desktop/creative_projects/rah_coding_repo/projects/fin_data_project_001/finance-data-project-1/.venv/lib/python3.10/site-packages/airflow/example_dags/subdags/subdag.py
[2025-06-14T23:59:40.645-0400] {processor.py:829} INFO - Processing file /Users/rah/Desktop/creative_projects/rah_coding_repo/projects/fin_data_project_001/finance-data-project-1/.venv/lib/python3.10/site-packages/airflow/example_dags/subdags/subdag.py for tasks to queue
[2025-06-14T23:59:40.645-0400] {logging_mixin.py:154} INFO - [2025-06-14T23:59:40.645-0400] {dagbag.py:536} INFO - Filling up the DagBag from /Users/rah/Desktop/creative_projects/rah_coding_repo/projects/fin_data_project_001/finance-data-project-1/.venv/lib/python3.10/site-packages/airflow/example_dags/subdags/subdag.py
[2025-06-14T23:59:40.646-0400] {processor.py:841} WARNING - No viable dags retrieved from /Users/rah/Desktop/creative_projects/rah_coding_repo/projects/fin_data_project_001/finance-data-project-1/.venv/lib/python3.10/site-packages/airflow/example_dags/subdags/subdag.py
[2025-06-14T23:59:40.704-0400] {processor.py:179} INFO - Processing /Users/rah/Desktop/creative_projects/rah_coding_repo/projects/fin_data_project_001/finance-data-project-1/.venv/lib/python3.10/site-packages/airflow/example_dags/subdags/subdag.py took 0.062 seconds
[2025-06-14T23:59:46.093-0400] {processor.py:157} INFO - Started process (PID=51008) to work on /Users/rah/Desktop/creative_projects/rah_coding_repo/projects/fin_data_project_001/finance-data-project-1/.venv/lib/python3.10/site-packages/airflow/example_dags/subdags/subdag.py
[2025-06-14T23:59:46.095-0400] {processor.py:829} INFO - Processing file /Users/rah/Desktop/creative_projects/rah_coding_repo/projects/fin_data_project_001/finance-data-project-1/.venv/lib/python3.10/site-packages/airflow/example_dags/subdags/subdag.py for tasks to queue
[2025-06-14T23:59:46.096-0400] {logging_mixin.py:154} INFO - [2025-06-14T23:59:46.096-0400] {dagbag.py:536} INFO - Filling up the DagBag from /Users/rah/Desktop/creative_projects/rah_coding_repo/projects/fin_data_project_001/finance-data-project-1/.venv/lib/python3.10/site-packages/airflow/example_dags/subdags/subdag.py
[2025-06-14T23:59:46.097-0400] {processor.py:841} WARNING - No viable dags retrieved from /Users/rah/Desktop/creative_projects/rah_coding_repo/projects/fin_data_project_001/finance-data-project-1/.venv/lib/python3.10/site-packages/airflow/example_dags/subdags/subdag.py
[2025-06-14T23:59:46.155-0400] {processor.py:179} INFO - Processing /Users/rah/Desktop/creative_projects/rah_coding_repo/projects/fin_data_project_001/finance-data-project-1/.venv/lib/python3.10/site-packages/airflow/example_dags/subdags/subdag.py took 0.063 seconds
[2025-06-15T00:00:18.410-0400] {processor.py:157} INFO - Started process (PID=51510) to work on /Users/rah/Desktop/creative_projects/rah_coding_repo/projects/fin_data_project_001/finance-data-project-1/.venv/lib/python3.10/site-packages/airflow/example_dags/subdags/subdag.py
[2025-06-15T00:00:18.413-0400] {processor.py:829} INFO - Processing file /Users/rah/Desktop/creative_projects/rah_coding_repo/projects/fin_data_project_001/finance-data-project-1/.venv/lib/python3.10/site-packages/airflow/example_dags/subdags/subdag.py for tasks to queue
[2025-06-15T00:00:18.414-0400] {logging_mixin.py:154} INFO - [2025-06-15T00:00:18.413-0400] {dagbag.py:536} INFO - Filling up the DagBag from /Users/rah/Desktop/creative_projects/rah_coding_repo/projects/fin_data_project_001/finance-data-project-1/.venv/lib/python3.10/site-packages/airflow/example_dags/subdags/subdag.py
[2025-06-15T00:00:18.415-0400] {processor.py:841} WARNING - No viable dags retrieved from /Users/rah/Desktop/creative_projects/rah_coding_repo/projects/fin_data_project_001/finance-data-project-1/.venv/lib/python3.10/site-packages/airflow/example_dags/subdags/subdag.py
[2025-06-15T00:00:18.473-0400] {processor.py:179} INFO - Processing /Users/rah/Desktop/creative_projects/rah_coding_repo/projects/fin_data_project_001/finance-data-project-1/.venv/lib/python3.10/site-packages/airflow/example_dags/subdags/subdag.py took 0.064 seconds
[2025-06-15T00:00:23.103-0400] {processor.py:157} INFO - Started process (PID=51532) to work on /Users/rah/Desktop/creative_projects/rah_coding_repo/projects/fin_data_project_001/finance-data-project-1/.venv/lib/python3.10/site-packages/airflow/example_dags/subdags/subdag.py
[2025-06-15T00:00:23.105-0400] {processor.py:829} INFO - Processing file /Users/rah/Desktop/creative_projects/rah_coding_repo/projects/fin_data_project_001/finance-data-project-1/.venv/lib/python3.10/site-packages/airflow/example_dags/subdags/subdag.py for tasks to queue
[2025-06-15T00:00:23.105-0400] {logging_mixin.py:154} INFO - [2025-06-15T00:00:23.105-0400] {dagbag.py:536} INFO - Filling up the DagBag from /Users/rah/Desktop/creative_projects/rah_coding_repo/projects/fin_data_project_001/finance-data-project-1/.venv/lib/python3.10/site-packages/airflow/example_dags/subdags/subdag.py
[2025-06-15T00:00:23.106-0400] {processor.py:841} WARNING - No viable dags retrieved from /Users/rah/Desktop/creative_projects/rah_coding_repo/projects/fin_data_project_001/finance-data-project-1/.venv/lib/python3.10/site-packages/airflow/example_dags/subdags/subdag.py
[2025-06-15T00:00:23.160-0400] {processor.py:179} INFO - Processing /Users/rah/Desktop/creative_projects/rah_coding_repo/projects/fin_data_project_001/finance-data-project-1/.venv/lib/python3.10/site-packages/airflow/example_dags/subdags/subdag.py took 0.058 seconds
[2025-06-15T00:00:25.056-0400] {processor.py:157} INFO - Started process (PID=51542) to work on /Users/rah/Desktop/creative_projects/rah_coding_repo/projects/fin_data_project_001/finance-data-project-1/.venv/lib/python3.10/site-packages/airflow/example_dags/subdags/subdag.py
[2025-06-15T00:00:25.058-0400] {processor.py:829} INFO - Processing file /Users/rah/Desktop/creative_projects/rah_coding_repo/projects/fin_data_project_001/finance-data-project-1/.venv/lib/python3.10/site-packages/airflow/example_dags/subdags/subdag.py for tasks to queue
[2025-06-15T00:00:25.059-0400] {logging_mixin.py:154} INFO - [2025-06-15T00:00:25.059-0400] {dagbag.py:536} INFO - Filling up the DagBag from /Users/rah/Desktop/creative_projects/rah_coding_repo/projects/fin_data_project_001/finance-data-project-1/.venv/lib/python3.10/site-packages/airflow/example_dags/subdags/subdag.py
[2025-06-15T00:00:25.060-0400] {processor.py:841} WARNING - No viable dags retrieved from /Users/rah/Desktop/creative_projects/rah_coding_repo/projects/fin_data_project_001/finance-data-project-1/.venv/lib/python3.10/site-packages/airflow/example_dags/subdags/subdag.py
[2025-06-15T00:00:25.123-0400] {processor.py:179} INFO - Processing /Users/rah/Desktop/creative_projects/rah_coding_repo/projects/fin_data_project_001/finance-data-project-1/.venv/lib/python3.10/site-packages/airflow/example_dags/subdags/subdag.py took 0.068 seconds
[2025-06-15T00:00:39.246-0400] {processor.py:157} INFO - Started process (PID=51822) to work on /Users/rah/Desktop/creative_projects/rah_coding_repo/projects/fin_data_project_001/finance-data-project-1/.venv/lib/python3.10/site-packages/airflow/example_dags/subdags/subdag.py
[2025-06-15T00:00:39.250-0400] {processor.py:829} INFO - Processing file /Users/rah/Desktop/creative_projects/rah_coding_repo/projects/fin_data_project_001/finance-data-project-1/.venv/lib/python3.10/site-packages/airflow/example_dags/subdags/subdag.py for tasks to queue
[2025-06-15T00:00:39.250-0400] {logging_mixin.py:154} INFO - [2025-06-15T00:00:39.250-0400] {dagbag.py:536} INFO - Filling up the DagBag from /Users/rah/Desktop/creative_projects/rah_coding_repo/projects/fin_data_project_001/finance-data-project-1/.venv/lib/python3.10/site-packages/airflow/example_dags/subdags/subdag.py
[2025-06-15T00:00:39.251-0400] {processor.py:841} WARNING - No viable dags retrieved from /Users/rah/Desktop/creative_projects/rah_coding_repo/projects/fin_data_project_001/finance-data-project-1/.venv/lib/python3.10/site-packages/airflow/example_dags/subdags/subdag.py
[2025-06-15T00:00:39.309-0400] {processor.py:179} INFO - Processing /Users/rah/Desktop/creative_projects/rah_coding_repo/projects/fin_data_project_001/finance-data-project-1/.venv/lib/python3.10/site-packages/airflow/example_dags/subdags/subdag.py took 0.063 seconds
[2025-06-15T00:01:07.215-0400] {processor.py:157} INFO - Started process (PID=52176) to work on /Users/rah/Desktop/creative_projects/rah_coding_repo/projects/fin_data_project_001/finance-data-project-1/.venv/lib/python3.10/site-packages/airflow/example_dags/subdags/subdag.py
[2025-06-15T00:01:07.218-0400] {processor.py:829} INFO - Processing file /Users/rah/Desktop/creative_projects/rah_coding_repo/projects/fin_data_project_001/finance-data-project-1/.venv/lib/python3.10/site-packages/airflow/example_dags/subdags/subdag.py for tasks to queue
[2025-06-15T00:01:07.218-0400] {logging_mixin.py:154} INFO - [2025-06-15T00:01:07.218-0400] {dagbag.py:536} INFO - Filling up the DagBag from /Users/rah/Desktop/creative_projects/rah_coding_repo/projects/fin_data_project_001/finance-data-project-1/.venv/lib/python3.10/site-packages/airflow/example_dags/subdags/subdag.py
[2025-06-15T00:01:07.220-0400] {processor.py:841} WARNING - No viable dags retrieved from /Users/rah/Desktop/creative_projects/rah_coding_repo/projects/fin_data_project_001/finance-data-project-1/.venv/lib/python3.10/site-packages/airflow/example_dags/subdags/subdag.py
[2025-06-15T00:01:07.271-0400] {processor.py:157} INFO - Started process (PID=52177) to work on /Users/rah/Desktop/creative_projects/rah_coding_repo/projects/fin_data_project_001/finance-data-project-1/.venv/lib/python3.10/site-packages/airflow/example_dags/subdags/subdag.py
[2025-06-15T00:01:07.273-0400] {processor.py:829} INFO - Processing file /Users/rah/Desktop/creative_projects/rah_coding_repo/projects/fin_data_project_001/finance-data-project-1/.venv/lib/python3.10/site-packages/airflow/example_dags/subdags/subdag.py for tasks to queue
[2025-06-15T00:01:07.273-0400] {logging_mixin.py:154} INFO - [2025-06-15T00:01:07.273-0400] {dagbag.py:536} INFO - Filling up the DagBag from /Users/rah/Desktop/creative_projects/rah_coding_repo/projects/fin_data_project_001/finance-data-project-1/.venv/lib/python3.10/site-packages/airflow/example_dags/subdags/subdag.py
[2025-06-15T00:01:07.275-0400] {processor.py:841} WARNING - No viable dags retrieved from /Users/rah/Desktop/creative_projects/rah_coding_repo/projects/fin_data_project_001/finance-data-project-1/.venv/lib/python3.10/site-packages/airflow/example_dags/subdags/subdag.py
[2025-06-15T00:01:07.280-0400] {processor.py:179} INFO - Processing /Users/rah/Desktop/creative_projects/rah_coding_repo/projects/fin_data_project_001/finance-data-project-1/.venv/lib/python3.10/site-packages/airflow/example_dags/subdags/subdag.py took 0.066 seconds
[2025-06-15T00:01:07.337-0400] {processor.py:179} INFO - Processing /Users/rah/Desktop/creative_projects/rah_coding_repo/projects/fin_data_project_001/finance-data-project-1/.venv/lib/python3.10/site-packages/airflow/example_dags/subdags/subdag.py took 0.067 seconds
[2025-06-15T00:01:11.440-0400] {processor.py:157} INFO - Started process (PID=52308) to work on /Users/rah/Desktop/creative_projects/rah_coding_repo/projects/fin_data_project_001/finance-data-project-1/.venv/lib/python3.10/site-packages/airflow/example_dags/subdags/subdag.py
[2025-06-15T00:01:11.442-0400] {processor.py:829} INFO - Processing file /Users/rah/Desktop/creative_projects/rah_coding_repo/projects/fin_data_project_001/finance-data-project-1/.venv/lib/python3.10/site-packages/airflow/example_dags/subdags/subdag.py for tasks to queue
[2025-06-15T00:01:11.442-0400] {logging_mixin.py:154} INFO - [2025-06-15T00:01:11.442-0400] {dagbag.py:536} INFO - Filling up the DagBag from /Users/rah/Desktop/creative_projects/rah_coding_repo/projects/fin_data_project_001/finance-data-project-1/.venv/lib/python3.10/site-packages/airflow/example_dags/subdags/subdag.py
[2025-06-15T00:01:11.444-0400] {processor.py:841} WARNING - No viable dags retrieved from /Users/rah/Desktop/creative_projects/rah_coding_repo/projects/fin_data_project_001/finance-data-project-1/.venv/lib/python3.10/site-packages/airflow/example_dags/subdags/subdag.py
[2025-06-15T00:01:11.495-0400] {processor.py:179} INFO - Processing /Users/rah/Desktop/creative_projects/rah_coding_repo/projects/fin_data_project_001/finance-data-project-1/.venv/lib/python3.10/site-packages/airflow/example_dags/subdags/subdag.py took 0.056 seconds
[2025-06-15T00:01:26.469-0400] {processor.py:157} INFO - Started process (PID=52508) to work on /Users/rah/Desktop/creative_projects/rah_coding_repo/projects/fin_data_project_001/finance-data-project-1/.venv/lib/python3.10/site-packages/airflow/example_dags/subdags/subdag.py
[2025-06-15T00:01:26.471-0400] {processor.py:829} INFO - Processing file /Users/rah/Desktop/creative_projects/rah_coding_repo/projects/fin_data_project_001/finance-data-project-1/.venv/lib/python3.10/site-packages/airflow/example_dags/subdags/subdag.py for tasks to queue
[2025-06-15T00:01:26.471-0400] {logging_mixin.py:154} INFO - [2025-06-15T00:01:26.471-0400] {dagbag.py:536} INFO - Filling up the DagBag from /Users/rah/Desktop/creative_projects/rah_coding_repo/projects/fin_data_project_001/finance-data-project-1/.venv/lib/python3.10/site-packages/airflow/example_dags/subdags/subdag.py
[2025-06-15T00:01:26.472-0400] {processor.py:841} WARNING - No viable dags retrieved from /Users/rah/Desktop/creative_projects/rah_coding_repo/projects/fin_data_project_001/finance-data-project-1/.venv/lib/python3.10/site-packages/airflow/example_dags/subdags/subdag.py
[2025-06-15T00:01:26.528-0400] {processor.py:179} INFO - Processing /Users/rah/Desktop/creative_projects/rah_coding_repo/projects/fin_data_project_001/finance-data-project-1/.venv/lib/python3.10/site-packages/airflow/example_dags/subdags/subdag.py took 0.060 seconds
[2025-06-15T00:01:51.831-0400] {processor.py:157} INFO - Started process (PID=52959) to work on /Users/rah/Desktop/creative_projects/rah_coding_repo/projects/fin_data_project_001/finance-data-project-1/.venv/lib/python3.10/site-packages/airflow/example_dags/subdags/subdag.py
[2025-06-15T00:01:51.834-0400] {processor.py:829} INFO - Processing file /Users/rah/Desktop/creative_projects/rah_coding_repo/projects/fin_data_project_001/finance-data-project-1/.venv/lib/python3.10/site-packages/airflow/example_dags/subdags/subdag.py for tasks to queue
[2025-06-15T00:01:51.834-0400] {logging_mixin.py:154} INFO - [2025-06-15T00:01:51.834-0400] {dagbag.py:536} INFO - Filling up the DagBag from /Users/rah/Desktop/creative_projects/rah_coding_repo/projects/fin_data_project_001/finance-data-project-1/.venv/lib/python3.10/site-packages/airflow/example_dags/subdags/subdag.py
[2025-06-15T00:01:51.835-0400] {processor.py:841} WARNING - No viable dags retrieved from /Users/rah/Desktop/creative_projects/rah_coding_repo/projects/fin_data_project_001/finance-data-project-1/.venv/lib/python3.10/site-packages/airflow/example_dags/subdags/subdag.py
[2025-06-15T00:01:51.897-0400] {processor.py:179} INFO - Processing /Users/rah/Desktop/creative_projects/rah_coding_repo/projects/fin_data_project_001/finance-data-project-1/.venv/lib/python3.10/site-packages/airflow/example_dags/subdags/subdag.py took 0.066 seconds
[2025-06-15T00:01:55.903-0400] {processor.py:157} INFO - Started process (PID=52980) to work on /Users/rah/Desktop/creative_projects/rah_coding_repo/projects/fin_data_project_001/finance-data-project-1/.venv/lib/python3.10/site-packages/airflow/example_dags/subdags/subdag.py
[2025-06-15T00:01:55.905-0400] {processor.py:829} INFO - Processing file /Users/rah/Desktop/creative_projects/rah_coding_repo/projects/fin_data_project_001/finance-data-project-1/.venv/lib/python3.10/site-packages/airflow/example_dags/subdags/subdag.py for tasks to queue
[2025-06-15T00:01:55.905-0400] {logging_mixin.py:154} INFO - [2025-06-15T00:01:55.905-0400] {dagbag.py:536} INFO - Filling up the DagBag from /Users/rah/Desktop/creative_projects/rah_coding_repo/projects/fin_data_project_001/finance-data-project-1/.venv/lib/python3.10/site-packages/airflow/example_dags/subdags/subdag.py
[2025-06-15T00:01:55.906-0400] {processor.py:841} WARNING - No viable dags retrieved from /Users/rah/Desktop/creative_projects/rah_coding_repo/projects/fin_data_project_001/finance-data-project-1/.venv/lib/python3.10/site-packages/airflow/example_dags/subdags/subdag.py
[2025-06-15T00:01:55.957-0400] {processor.py:179} INFO - Processing /Users/rah/Desktop/creative_projects/rah_coding_repo/projects/fin_data_project_001/finance-data-project-1/.venv/lib/python3.10/site-packages/airflow/example_dags/subdags/subdag.py took 0.055 seconds
[2025-06-15T00:01:58.617-0400] {processor.py:157} INFO - Started process (PID=52990) to work on /Users/rah/Desktop/creative_projects/rah_coding_repo/projects/fin_data_project_001/finance-data-project-1/.venv/lib/python3.10/site-packages/airflow/example_dags/subdags/subdag.py
[2025-06-15T00:01:58.619-0400] {processor.py:829} INFO - Processing file /Users/rah/Desktop/creative_projects/rah_coding_repo/projects/fin_data_project_001/finance-data-project-1/.venv/lib/python3.10/site-packages/airflow/example_dags/subdags/subdag.py for tasks to queue
[2025-06-15T00:01:58.620-0400] {logging_mixin.py:154} INFO - [2025-06-15T00:01:58.620-0400] {dagbag.py:536} INFO - Filling up the DagBag from /Users/rah/Desktop/creative_projects/rah_coding_repo/projects/fin_data_project_001/finance-data-project-1/.venv/lib/python3.10/site-packages/airflow/example_dags/subdags/subdag.py
[2025-06-15T00:01:58.621-0400] {processor.py:841} WARNING - No viable dags retrieved from /Users/rah/Desktop/creative_projects/rah_coding_repo/projects/fin_data_project_001/finance-data-project-1/.venv/lib/python3.10/site-packages/airflow/example_dags/subdags/subdag.py
[2025-06-15T00:01:58.678-0400] {processor.py:179} INFO - Processing /Users/rah/Desktop/creative_projects/rah_coding_repo/projects/fin_data_project_001/finance-data-project-1/.venv/lib/python3.10/site-packages/airflow/example_dags/subdags/subdag.py took 0.061 seconds
[2025-06-15T00:02:11.587-0400] {processor.py:157} INFO - Started process (PID=53174) to work on /Users/rah/Desktop/creative_projects/rah_coding_repo/projects/fin_data_project_001/finance-data-project-1/.venv/lib/python3.10/site-packages/airflow/example_dags/subdags/subdag.py
[2025-06-15T00:02:11.590-0400] {processor.py:829} INFO - Processing file /Users/rah/Desktop/creative_projects/rah_coding_repo/projects/fin_data_project_001/finance-data-project-1/.venv/lib/python3.10/site-packages/airflow/example_dags/subdags/subdag.py for tasks to queue
[2025-06-15T00:02:11.590-0400] {logging_mixin.py:154} INFO - [2025-06-15T00:02:11.590-0400] {dagbag.py:536} INFO - Filling up the DagBag from /Users/rah/Desktop/creative_projects/rah_coding_repo/projects/fin_data_project_001/finance-data-project-1/.venv/lib/python3.10/site-packages/airflow/example_dags/subdags/subdag.py
[2025-06-15T00:02:11.591-0400] {processor.py:841} WARNING - No viable dags retrieved from /Users/rah/Desktop/creative_projects/rah_coding_repo/projects/fin_data_project_001/finance-data-project-1/.venv/lib/python3.10/site-packages/airflow/example_dags/subdags/subdag.py
[2025-06-15T00:02:11.649-0400] {processor.py:179} INFO - Processing /Users/rah/Desktop/creative_projects/rah_coding_repo/projects/fin_data_project_001/finance-data-project-1/.venv/lib/python3.10/site-packages/airflow/example_dags/subdags/subdag.py took 0.062 seconds
[2025-06-15T00:02:50.375-0400] {processor.py:157} INFO - Started process (PID=53901) to work on /Users/rah/.pyenv/versions/3.10.11/lib/python3.10/site-packages/airflow/example_dags/subdags/subdag.py
[2025-06-15T00:02:50.378-0400] {processor.py:829} INFO - Processing file /Users/rah/.pyenv/versions/3.10.11/lib/python3.10/site-packages/airflow/example_dags/subdags/subdag.py for tasks to queue
[2025-06-15T00:02:50.378-0400] {logging_mixin.py:154} INFO - [2025-06-15T00:02:50.378-0400] {dagbag.py:536} INFO - Filling up the DagBag from /Users/rah/.pyenv/versions/3.10.11/lib/python3.10/site-packages/airflow/example_dags/subdags/subdag.py
[2025-06-15T00:02:50.379-0400] {processor.py:841} WARNING - No viable dags retrieved from /Users/rah/.pyenv/versions/3.10.11/lib/python3.10/site-packages/airflow/example_dags/subdags/subdag.py
[2025-06-15T00:02:50.452-0400] {processor.py:179} INFO - Processing /Users/rah/.pyenv/versions/3.10.11/lib/python3.10/site-packages/airflow/example_dags/subdags/subdag.py took 0.078 seconds
[2025-06-15T00:06:16.048-0400] {processor.py:157} INFO - Started process (PID=56769) to work on /Users/rah/.pyenv/versions/3.10.11/lib/python3.10/site-packages/airflow/example_dags/subdags/subdag.py
[2025-06-15T00:06:16.052-0400] {processor.py:829} INFO - Processing file /Users/rah/.pyenv/versions/3.10.11/lib/python3.10/site-packages/airflow/example_dags/subdags/subdag.py for tasks to queue
[2025-06-15T00:06:16.052-0400] {logging_mixin.py:154} INFO - [2025-06-15T00:06:16.052-0400] {dagbag.py:536} INFO - Filling up the DagBag from /Users/rah/.pyenv/versions/3.10.11/lib/python3.10/site-packages/airflow/example_dags/subdags/subdag.py
[2025-06-15T00:06:16.053-0400] {processor.py:841} WARNING - No viable dags retrieved from /Users/rah/.pyenv/versions/3.10.11/lib/python3.10/site-packages/airflow/example_dags/subdags/subdag.py
[2025-06-15T00:06:16.126-0400] {processor.py:179} INFO - Processing /Users/rah/.pyenv/versions/3.10.11/lib/python3.10/site-packages/airflow/example_dags/subdags/subdag.py took 0.079 seconds
[2025-06-15T00:07:43.840-0400] {processor.py:157} INFO - Started process (PID=57711) to work on /Users/rah/.pyenv/versions/3.10.11/lib/python3.10/site-packages/airflow/example_dags/subdags/subdag.py
[2025-06-15T00:07:43.843-0400] {processor.py:829} INFO - Processing file /Users/rah/.pyenv/versions/3.10.11/lib/python3.10/site-packages/airflow/example_dags/subdags/subdag.py for tasks to queue
[2025-06-15T00:07:43.844-0400] {logging_mixin.py:154} INFO - [2025-06-15T00:07:43.843-0400] {dagbag.py:536} INFO - Filling up the DagBag from /Users/rah/.pyenv/versions/3.10.11/lib/python3.10/site-packages/airflow/example_dags/subdags/subdag.py
[2025-06-15T00:07:43.844-0400] {processor.py:841} WARNING - No viable dags retrieved from /Users/rah/.pyenv/versions/3.10.11/lib/python3.10/site-packages/airflow/example_dags/subdags/subdag.py
[2025-06-15T00:07:43.916-0400] {processor.py:179} INFO - Processing /Users/rah/.pyenv/versions/3.10.11/lib/python3.10/site-packages/airflow/example_dags/subdags/subdag.py took 0.076 seconds
[2025-06-15T00:08:40.813-0400] {processor.py:157} INFO - Started process (PID=58754) to work on /Users/rah/.pyenv/versions/3.10.11/lib/python3.10/site-packages/airflow/example_dags/subdags/subdag.py
[2025-06-15T00:08:40.816-0400] {processor.py:829} INFO - Processing file /Users/rah/.pyenv/versions/3.10.11/lib/python3.10/site-packages/airflow/example_dags/subdags/subdag.py for tasks to queue
[2025-06-15T00:08:40.816-0400] {logging_mixin.py:154} INFO - [2025-06-15T00:08:40.816-0400] {dagbag.py:536} INFO - Filling up the DagBag from /Users/rah/.pyenv/versions/3.10.11/lib/python3.10/site-packages/airflow/example_dags/subdags/subdag.py
[2025-06-15T00:08:40.817-0400] {processor.py:841} WARNING - No viable dags retrieved from /Users/rah/.pyenv/versions/3.10.11/lib/python3.10/site-packages/airflow/example_dags/subdags/subdag.py
[2025-06-15T00:08:40.892-0400] {processor.py:179} INFO - Processing /Users/rah/.pyenv/versions/3.10.11/lib/python3.10/site-packages/airflow/example_dags/subdags/subdag.py took 0.079 seconds
[2025-06-15T00:09:33.789-0400] {processor.py:157} INFO - Started process (PID=59721) to work on /Users/rah/.pyenv/versions/3.10.11/lib/python3.10/site-packages/airflow/example_dags/subdags/subdag.py
[2025-06-15T00:09:33.792-0400] {processor.py:829} INFO - Processing file /Users/rah/.pyenv/versions/3.10.11/lib/python3.10/site-packages/airflow/example_dags/subdags/subdag.py for tasks to queue
[2025-06-15T00:09:33.793-0400] {logging_mixin.py:154} INFO - [2025-06-15T00:09:33.792-0400] {dagbag.py:536} INFO - Filling up the DagBag from /Users/rah/.pyenv/versions/3.10.11/lib/python3.10/site-packages/airflow/example_dags/subdags/subdag.py
[2025-06-15T00:09:33.794-0400] {processor.py:841} WARNING - No viable dags retrieved from /Users/rah/.pyenv/versions/3.10.11/lib/python3.10/site-packages/airflow/example_dags/subdags/subdag.py
[2025-06-15T00:09:33.867-0400] {processor.py:179} INFO - Processing /Users/rah/.pyenv/versions/3.10.11/lib/python3.10/site-packages/airflow/example_dags/subdags/subdag.py took 0.078 seconds
[2025-06-15T00:10:22.996-0400] {processor.py:157} INFO - Started process (PID=60547) to work on /Users/rah/.pyenv/versions/3.10.11/lib/python3.10/site-packages/airflow/example_dags/subdags/subdag.py
[2025-06-15T00:10:22.999-0400] {processor.py:829} INFO - Processing file /Users/rah/.pyenv/versions/3.10.11/lib/python3.10/site-packages/airflow/example_dags/subdags/subdag.py for tasks to queue
[2025-06-15T00:10:23.000-0400] {logging_mixin.py:154} INFO - [2025-06-15T00:10:22.999-0400] {dagbag.py:536} INFO - Filling up the DagBag from /Users/rah/.pyenv/versions/3.10.11/lib/python3.10/site-packages/airflow/example_dags/subdags/subdag.py
[2025-06-15T00:10:23.001-0400] {processor.py:841} WARNING - No viable dags retrieved from /Users/rah/.pyenv/versions/3.10.11/lib/python3.10/site-packages/airflow/example_dags/subdags/subdag.py
[2025-06-15T00:10:23.079-0400] {processor.py:179} INFO - Processing /Users/rah/.pyenv/versions/3.10.11/lib/python3.10/site-packages/airflow/example_dags/subdags/subdag.py took 0.084 seconds
[2025-06-15T00:11:12.372-0400] {processor.py:157} INFO - Started process (PID=61206) to work on /Users/rah/.pyenv/versions/3.10.11/lib/python3.10/site-packages/airflow/example_dags/subdags/subdag.py
[2025-06-15T00:11:12.375-0400] {processor.py:829} INFO - Processing file /Users/rah/.pyenv/versions/3.10.11/lib/python3.10/site-packages/airflow/example_dags/subdags/subdag.py for tasks to queue
[2025-06-15T00:11:12.375-0400] {logging_mixin.py:154} INFO - [2025-06-15T00:11:12.375-0400] {dagbag.py:536} INFO - Filling up the DagBag from /Users/rah/.pyenv/versions/3.10.11/lib/python3.10/site-packages/airflow/example_dags/subdags/subdag.py
[2025-06-15T00:11:12.376-0400] {processor.py:841} WARNING - No viable dags retrieved from /Users/rah/.pyenv/versions/3.10.11/lib/python3.10/site-packages/airflow/example_dags/subdags/subdag.py
[2025-06-15T00:11:12.452-0400] {processor.py:179} INFO - Processing /Users/rah/.pyenv/versions/3.10.11/lib/python3.10/site-packages/airflow/example_dags/subdags/subdag.py took 0.081 seconds
[2025-06-15T00:12:03.328-0400] {processor.py:157} INFO - Started process (PID=61975) to work on /Users/rah/.pyenv/versions/3.10.11/lib/python3.10/site-packages/airflow/example_dags/subdags/subdag.py
[2025-06-15T00:12:03.330-0400] {processor.py:829} INFO - Processing file /Users/rah/.pyenv/versions/3.10.11/lib/python3.10/site-packages/airflow/example_dags/subdags/subdag.py for tasks to queue
[2025-06-15T00:12:03.331-0400] {logging_mixin.py:154} INFO - [2025-06-15T00:12:03.331-0400] {dagbag.py:536} INFO - Filling up the DagBag from /Users/rah/.pyenv/versions/3.10.11/lib/python3.10/site-packages/airflow/example_dags/subdags/subdag.py
[2025-06-15T00:12:03.332-0400] {processor.py:841} WARNING - No viable dags retrieved from /Users/rah/.pyenv/versions/3.10.11/lib/python3.10/site-packages/airflow/example_dags/subdags/subdag.py
[2025-06-15T00:12:03.419-0400] {processor.py:179} INFO - Processing /Users/rah/.pyenv/versions/3.10.11/lib/python3.10/site-packages/airflow/example_dags/subdags/subdag.py took 0.092 seconds
[2025-06-15T00:12:55.716-0400] {processor.py:157} INFO - Started process (PID=62750) to work on /Users/rah/.pyenv/versions/3.10.11/lib/python3.10/site-packages/airflow/example_dags/subdags/subdag.py
[2025-06-15T00:12:55.719-0400] {processor.py:829} INFO - Processing file /Users/rah/.pyenv/versions/3.10.11/lib/python3.10/site-packages/airflow/example_dags/subdags/subdag.py for tasks to queue
[2025-06-15T00:12:55.720-0400] {logging_mixin.py:154} INFO - [2025-06-15T00:12:55.719-0400] {dagbag.py:536} INFO - Filling up the DagBag from /Users/rah/.pyenv/versions/3.10.11/lib/python3.10/site-packages/airflow/example_dags/subdags/subdag.py
[2025-06-15T00:12:55.720-0400] {processor.py:841} WARNING - No viable dags retrieved from /Users/rah/.pyenv/versions/3.10.11/lib/python3.10/site-packages/airflow/example_dags/subdags/subdag.py
[2025-06-15T00:12:55.794-0400] {processor.py:179} INFO - Processing /Users/rah/.pyenv/versions/3.10.11/lib/python3.10/site-packages/airflow/example_dags/subdags/subdag.py took 0.078 seconds
[2025-06-15T00:13:47.602-0400] {processor.py:157} INFO - Started process (PID=63680) to work on /Users/rah/.pyenv/versions/3.10.11/lib/python3.10/site-packages/airflow/example_dags/subdags/subdag.py
[2025-06-15T00:13:47.605-0400] {processor.py:829} INFO - Processing file /Users/rah/.pyenv/versions/3.10.11/lib/python3.10/site-packages/airflow/example_dags/subdags/subdag.py for tasks to queue
[2025-06-15T00:13:47.605-0400] {logging_mixin.py:154} INFO - [2025-06-15T00:13:47.605-0400] {dagbag.py:536} INFO - Filling up the DagBag from /Users/rah/.pyenv/versions/3.10.11/lib/python3.10/site-packages/airflow/example_dags/subdags/subdag.py
[2025-06-15T00:13:47.606-0400] {processor.py:841} WARNING - No viable dags retrieved from /Users/rah/.pyenv/versions/3.10.11/lib/python3.10/site-packages/airflow/example_dags/subdags/subdag.py
[2025-06-15T00:13:47.678-0400] {processor.py:179} INFO - Processing /Users/rah/.pyenv/versions/3.10.11/lib/python3.10/site-packages/airflow/example_dags/subdags/subdag.py took 0.076 seconds
[2025-06-15T00:14:36.672-0400] {processor.py:157} INFO - Started process (PID=64315) to work on /Users/rah/.pyenv/versions/3.10.11/lib/python3.10/site-packages/airflow/example_dags/subdags/subdag.py
[2025-06-15T00:14:36.675-0400] {processor.py:829} INFO - Processing file /Users/rah/.pyenv/versions/3.10.11/lib/python3.10/site-packages/airflow/example_dags/subdags/subdag.py for tasks to queue
[2025-06-15T00:14:36.675-0400] {logging_mixin.py:154} INFO - [2025-06-15T00:14:36.675-0400] {dagbag.py:536} INFO - Filling up the DagBag from /Users/rah/.pyenv/versions/3.10.11/lib/python3.10/site-packages/airflow/example_dags/subdags/subdag.py
[2025-06-15T00:14:36.676-0400] {processor.py:841} WARNING - No viable dags retrieved from /Users/rah/.pyenv/versions/3.10.11/lib/python3.10/site-packages/airflow/example_dags/subdags/subdag.py
[2025-06-15T00:14:36.748-0400] {processor.py:179} INFO - Processing /Users/rah/.pyenv/versions/3.10.11/lib/python3.10/site-packages/airflow/example_dags/subdags/subdag.py took 0.076 seconds
[2025-06-15T00:15:28.157-0400] {processor.py:157} INFO - Started process (PID=65730) to work on /Users/rah/.pyenv/versions/3.10.11/lib/python3.10/site-packages/airflow/example_dags/subdags/subdag.py
[2025-06-15T00:15:28.160-0400] {processor.py:829} INFO - Processing file /Users/rah/.pyenv/versions/3.10.11/lib/python3.10/site-packages/airflow/example_dags/subdags/subdag.py for tasks to queue
[2025-06-15T00:15:28.160-0400] {logging_mixin.py:154} INFO - [2025-06-15T00:15:28.160-0400] {dagbag.py:536} INFO - Filling up the DagBag from /Users/rah/.pyenv/versions/3.10.11/lib/python3.10/site-packages/airflow/example_dags/subdags/subdag.py
[2025-06-15T00:15:28.161-0400] {processor.py:841} WARNING - No viable dags retrieved from /Users/rah/.pyenv/versions/3.10.11/lib/python3.10/site-packages/airflow/example_dags/subdags/subdag.py
[2025-06-15T00:15:28.233-0400] {processor.py:179} INFO - Processing /Users/rah/.pyenv/versions/3.10.11/lib/python3.10/site-packages/airflow/example_dags/subdags/subdag.py took 0.076 seconds
[2025-06-15T00:16:20.601-0400] {processor.py:157} INFO - Started process (PID=66837) to work on /Users/rah/.pyenv/versions/3.10.11/lib/python3.10/site-packages/airflow/example_dags/subdags/subdag.py
[2025-06-15T00:16:20.604-0400] {processor.py:829} INFO - Processing file /Users/rah/.pyenv/versions/3.10.11/lib/python3.10/site-packages/airflow/example_dags/subdags/subdag.py for tasks to queue
[2025-06-15T00:16:20.604-0400] {logging_mixin.py:154} INFO - [2025-06-15T00:16:20.604-0400] {dagbag.py:536} INFO - Filling up the DagBag from /Users/rah/.pyenv/versions/3.10.11/lib/python3.10/site-packages/airflow/example_dags/subdags/subdag.py
[2025-06-15T00:16:20.605-0400] {processor.py:841} WARNING - No viable dags retrieved from /Users/rah/.pyenv/versions/3.10.11/lib/python3.10/site-packages/airflow/example_dags/subdags/subdag.py
[2025-06-15T00:16:20.680-0400] {processor.py:179} INFO - Processing /Users/rah/.pyenv/versions/3.10.11/lib/python3.10/site-packages/airflow/example_dags/subdags/subdag.py took 0.080 seconds
[2025-06-15T00:17:15.313-0400] {processor.py:157} INFO - Started process (PID=70281) to work on /Users/rah/.pyenv/versions/3.10.11/lib/python3.10/site-packages/airflow/example_dags/subdags/subdag.py
[2025-06-15T00:17:15.316-0400] {processor.py:829} INFO - Processing file /Users/rah/.pyenv/versions/3.10.11/lib/python3.10/site-packages/airflow/example_dags/subdags/subdag.py for tasks to queue
[2025-06-15T00:17:15.317-0400] {logging_mixin.py:154} INFO - [2025-06-15T00:17:15.316-0400] {dagbag.py:536} INFO - Filling up the DagBag from /Users/rah/.pyenv/versions/3.10.11/lib/python3.10/site-packages/airflow/example_dags/subdags/subdag.py
[2025-06-15T00:17:15.318-0400] {processor.py:841} WARNING - No viable dags retrieved from /Users/rah/.pyenv/versions/3.10.11/lib/python3.10/site-packages/airflow/example_dags/subdags/subdag.py
[2025-06-15T00:17:15.390-0400] {processor.py:179} INFO - Processing /Users/rah/.pyenv/versions/3.10.11/lib/python3.10/site-packages/airflow/example_dags/subdags/subdag.py took 0.078 seconds
