[2025-06-14T23:49:17.608-0400] {processor.py:157} INFO - Started process (PID=40273) to work on /Users/rah/.pyenv/versions/3.10.11/lib/python3.10/site-packages/airflow/example_dags/example_python_operator.py
[2025-06-14T23:49:17.611-0400] {processor.py:829} INFO - Processing file /Users/rah/.pyenv/versions/3.10.11/lib/python3.10/site-packages/airflow/example_dags/example_python_operator.py for tasks to queue
[2025-06-14T23:49:17.611-0400] {logging_mixin.py:154} INFO - [2025-06-14T23:49:17.611-0400] {dagbag.py:536} INFO - Filling up the DagBag from /Users/rah/.pyenv/versions/3.10.11/lib/python3.10/site-packages/airflow/example_dags/example_python_operator.py
[2025-06-14T23:49:17.660-0400] {processor.py:839} INFO - DAG(s) dict_keys(['example_python_operator']) retrieved from /Users/rah/.pyenv/versions/3.10.11/lib/python3.10/site-packages/airflow/example_dags/example_python_operator.py
[2025-06-14T23:49:17.996-0400] {logging_mixin.py:154} INFO - [2025-06-14T23:49:17.996-0400] {manager.py:499} INFO - Created Permission View: %s
[2025-06-14T23:49:18.000-0400] {logging_mixin.py:154} INFO - [2025-06-14T23:49:18.000-0400] {manager.py:499} INFO - Created Permission View: %s
[2025-06-14T23:49:18.002-0400] {logging_mixin.py:154} INFO - [2025-06-14T23:49:18.002-0400] {manager.py:499} INFO - Created Permission View: %s
[2025-06-14T23:49:18.002-0400] {logging_mixin.py:154} INFO - [2025-06-14T23:49:18.002-0400] {dag.py:2941} INFO - Sync 1 DAGs
[2025-06-14T23:49:18.006-0400] {logging_mixin.py:154} INFO - [2025-06-14T23:49:18.006-0400] {dag.py:2963} INFO - Creating ORM DAG for example_python_operator
[2025-06-14T23:49:18.007-0400] {logging_mixin.py:154} INFO - [2025-06-14T23:49:18.007-0400] {dag.py:3722} INFO - Setting next_dagrun for example_python_operator to None, run_after=None
[2025-06-14T23:49:18.013-0400] {processor.py:179} INFO - Processing /Users/rah/.pyenv/versions/3.10.11/lib/python3.10/site-packages/airflow/example_dags/example_python_operator.py took 0.405 seconds
[2025-06-14T23:50:44.760-0400] {processor.py:157} INFO - Started process (PID=41270) to work on /Users/rah/.pyenv/versions/3.10.11/lib/python3.10/site-packages/airflow/example_dags/example_python_operator.py
[2025-06-14T23:50:44.766-0400] {processor.py:829} INFO - Processing file /Users/rah/.pyenv/versions/3.10.11/lib/python3.10/site-packages/airflow/example_dags/example_python_operator.py for tasks to queue
[2025-06-14T23:50:44.767-0400] {logging_mixin.py:154} INFO - [2025-06-14T23:50:44.767-0400] {dagbag.py:536} INFO - Filling up the DagBag from /Users/rah/.pyenv/versions/3.10.11/lib/python3.10/site-packages/airflow/example_dags/example_python_operator.py
[2025-06-14T23:50:44.815-0400] {processor.py:839} INFO - DAG(s) dict_keys(['example_python_operator']) retrieved from /Users/rah/.pyenv/versions/3.10.11/lib/python3.10/site-packages/airflow/example_dags/example_python_operator.py
[2025-06-14T23:50:45.233-0400] {logging_mixin.py:154} INFO - [2025-06-14T23:50:45.232-0400] {dag.py:2941} INFO - Sync 1 DAGs
[2025-06-14T23:50:45.236-0400] {logging_mixin.py:154} INFO - [2025-06-14T23:50:45.236-0400] {dag.py:3722} INFO - Setting next_dagrun for example_python_operator to None, run_after=None
[2025-06-14T23:50:45.244-0400] {processor.py:179} INFO - Processing /Users/rah/.pyenv/versions/3.10.11/lib/python3.10/site-packages/airflow/example_dags/example_python_operator.py took 0.484 seconds
[2025-06-14T23:55:32.318-0400] {processor.py:157} INFO - Started process (PID=45883) to work on /Users/rah/Desktop/creative_projects/rah_coding_repo/projects/fin_data_project_001/finance-data-project-1/.venv/lib/python3.10/site-packages/airflow/example_dags/example_python_operator.py
[2025-06-14T23:55:32.320-0400] {processor.py:829} INFO - Processing file /Users/rah/Desktop/creative_projects/rah_coding_repo/projects/fin_data_project_001/finance-data-project-1/.venv/lib/python3.10/site-packages/airflow/example_dags/example_python_operator.py for tasks to queue
[2025-06-14T23:55:32.321-0400] {logging_mixin.py:154} INFO - [2025-06-14T23:55:32.320-0400] {dagbag.py:536} INFO - Filling up the DagBag from /Users/rah/Desktop/creative_projects/rah_coding_repo/projects/fin_data_project_001/finance-data-project-1/.venv/lib/python3.10/site-packages/airflow/example_dags/example_python_operator.py
[2025-06-14T23:55:32.346-0400] {processor.py:839} INFO - DAG(s) dict_keys(['example_python_operator']) retrieved from /Users/rah/Desktop/creative_projects/rah_coding_repo/projects/fin_data_project_001/finance-data-project-1/.venv/lib/python3.10/site-packages/airflow/example_dags/example_python_operator.py
[2025-06-14T23:55:32.772-0400] {logging_mixin.py:154} INFO - [2025-06-14T23:55:32.772-0400] {dag.py:2941} INFO - Sync 1 DAGs
[2025-06-14T23:55:32.776-0400] {logging_mixin.py:154} INFO - [2025-06-14T23:55:32.776-0400] {dag.py:3722} INFO - Setting next_dagrun for example_python_operator to None, run_after=None
[2025-06-14T23:55:32.784-0400] {processor.py:179} INFO - Processing /Users/rah/Desktop/creative_projects/rah_coding_repo/projects/fin_data_project_001/finance-data-project-1/.venv/lib/python3.10/site-packages/airflow/example_dags/example_python_operator.py took 0.467 seconds
[2025-06-14T23:56:35.464-0400] {processor.py:157} INFO - Started process (PID=47479) to work on /Users/rah/Desktop/creative_projects/rah_coding_repo/projects/fin_data_project_001/finance-data-project-1/.venv/lib/python3.10/site-packages/airflow/example_dags/example_python_operator.py
[2025-06-14T23:56:35.467-0400] {processor.py:829} INFO - Processing file /Users/rah/Desktop/creative_projects/rah_coding_repo/projects/fin_data_project_001/finance-data-project-1/.venv/lib/python3.10/site-packages/airflow/example_dags/example_python_operator.py for tasks to queue
[2025-06-14T23:56:35.468-0400] {logging_mixin.py:154} INFO - [2025-06-14T23:56:35.468-0400] {dagbag.py:536} INFO - Filling up the DagBag from /Users/rah/Desktop/creative_projects/rah_coding_repo/projects/fin_data_project_001/finance-data-project-1/.venv/lib/python3.10/site-packages/airflow/example_dags/example_python_operator.py
[2025-06-14T23:56:35.493-0400] {processor.py:839} INFO - DAG(s) dict_keys(['example_python_operator']) retrieved from /Users/rah/Desktop/creative_projects/rah_coding_repo/projects/fin_data_project_001/finance-data-project-1/.venv/lib/python3.10/site-packages/airflow/example_dags/example_python_operator.py
[2025-06-14T23:56:35.891-0400] {logging_mixin.py:154} INFO - [2025-06-14T23:56:35.891-0400] {dag.py:2941} INFO - Sync 1 DAGs
[2025-06-14T23:56:35.894-0400] {logging_mixin.py:154} INFO - [2025-06-14T23:56:35.894-0400] {dag.py:3722} INFO - Setting next_dagrun for example_python_operator to None, run_after=None
[2025-06-14T23:56:35.901-0400] {processor.py:179} INFO - Processing /Users/rah/Desktop/creative_projects/rah_coding_repo/projects/fin_data_project_001/finance-data-project-1/.venv/lib/python3.10/site-packages/airflow/example_dags/example_python_operator.py took 0.438 seconds
[2025-06-14T23:56:52.913-0400] {processor.py:157} INFO - Started process (PID=48055) to work on /Users/rah/Desktop/creative_projects/rah_coding_repo/projects/fin_data_project_001/finance-data-project-1/.venv/lib/python3.10/site-packages/airflow/example_dags/example_python_operator.py
[2025-06-14T23:56:52.915-0400] {processor.py:829} INFO - Processing file /Users/rah/Desktop/creative_projects/rah_coding_repo/projects/fin_data_project_001/finance-data-project-1/.venv/lib/python3.10/site-packages/airflow/example_dags/example_python_operator.py for tasks to queue
[2025-06-14T23:56:52.915-0400] {logging_mixin.py:154} INFO - [2025-06-14T23:56:52.915-0400] {dagbag.py:536} INFO - Filling up the DagBag from /Users/rah/Desktop/creative_projects/rah_coding_repo/projects/fin_data_project_001/finance-data-project-1/.venv/lib/python3.10/site-packages/airflow/example_dags/example_python_operator.py
[2025-06-14T23:56:52.938-0400] {processor.py:839} INFO - DAG(s) dict_keys(['example_python_operator']) retrieved from /Users/rah/Desktop/creative_projects/rah_coding_repo/projects/fin_data_project_001/finance-data-project-1/.venv/lib/python3.10/site-packages/airflow/example_dags/example_python_operator.py
[2025-06-14T23:56:52.961-0400] {logging_mixin.py:154} INFO - [2025-06-14T23:56:52.961-0400] {dag.py:2941} INFO - Sync 1 DAGs
[2025-06-14T23:56:52.997-0400] {logging_mixin.py:154} INFO - [2025-06-14T23:56:52.997-0400] {dag.py:3722} INFO - Setting next_dagrun for example_python_operator to None, run_after=None
[2025-06-14T23:56:53.005-0400] {processor.py:179} INFO - Processing /Users/rah/Desktop/creative_projects/rah_coding_repo/projects/fin_data_project_001/finance-data-project-1/.venv/lib/python3.10/site-packages/airflow/example_dags/example_python_operator.py took 0.093 seconds
[2025-06-14T23:57:28.583-0400] {processor.py:157} INFO - Started process (PID=48627) to work on /Users/rah/Desktop/creative_projects/rah_coding_repo/projects/fin_data_project_001/finance-data-project-1/.venv/lib/python3.10/site-packages/airflow/example_dags/example_python_operator.py
[2025-06-14T23:57:28.586-0400] {processor.py:829} INFO - Processing file /Users/rah/Desktop/creative_projects/rah_coding_repo/projects/fin_data_project_001/finance-data-project-1/.venv/lib/python3.10/site-packages/airflow/example_dags/example_python_operator.py for tasks to queue
[2025-06-14T23:57:28.586-0400] {logging_mixin.py:154} INFO - [2025-06-14T23:57:28.586-0400] {dagbag.py:536} INFO - Filling up the DagBag from /Users/rah/Desktop/creative_projects/rah_coding_repo/projects/fin_data_project_001/finance-data-project-1/.venv/lib/python3.10/site-packages/airflow/example_dags/example_python_operator.py
[2025-06-14T23:57:28.610-0400] {processor.py:839} INFO - DAG(s) dict_keys(['example_python_operator']) retrieved from /Users/rah/Desktop/creative_projects/rah_coding_repo/projects/fin_data_project_001/finance-data-project-1/.venv/lib/python3.10/site-packages/airflow/example_dags/example_python_operator.py
[2025-06-14T23:57:29.054-0400] {logging_mixin.py:154} INFO - [2025-06-14T23:57:29.054-0400] {dag.py:2941} INFO - Sync 1 DAGs
[2025-06-14T23:57:29.058-0400] {logging_mixin.py:154} INFO - [2025-06-14T23:57:29.057-0400] {dag.py:3722} INFO - Setting next_dagrun for example_python_operator to None, run_after=None
[2025-06-14T23:57:29.066-0400] {processor.py:179} INFO - Processing /Users/rah/Desktop/creative_projects/rah_coding_repo/projects/fin_data_project_001/finance-data-project-1/.venv/lib/python3.10/site-packages/airflow/example_dags/example_python_operator.py took 0.483 seconds
[2025-06-14T23:57:56.478-0400] {processor.py:157} INFO - Started process (PID=48940) to work on /Users/rah/Desktop/creative_projects/rah_coding_repo/projects/fin_data_project_001/finance-data-project-1/.venv/lib/python3.10/site-packages/airflow/example_dags/example_python_operator.py
[2025-06-14T23:57:56.481-0400] {processor.py:829} INFO - Processing file /Users/rah/Desktop/creative_projects/rah_coding_repo/projects/fin_data_project_001/finance-data-project-1/.venv/lib/python3.10/site-packages/airflow/example_dags/example_python_operator.py for tasks to queue
[2025-06-14T23:57:56.481-0400] {logging_mixin.py:154} INFO - [2025-06-14T23:57:56.481-0400] {dagbag.py:536} INFO - Filling up the DagBag from /Users/rah/Desktop/creative_projects/rah_coding_repo/projects/fin_data_project_001/finance-data-project-1/.venv/lib/python3.10/site-packages/airflow/example_dags/example_python_operator.py
[2025-06-14T23:57:56.504-0400] {processor.py:839} INFO - DAG(s) dict_keys(['example_python_operator']) retrieved from /Users/rah/Desktop/creative_projects/rah_coding_repo/projects/fin_data_project_001/finance-data-project-1/.venv/lib/python3.10/site-packages/airflow/example_dags/example_python_operator.py
[2025-06-14T23:57:56.529-0400] {logging_mixin.py:154} INFO - [2025-06-14T23:57:56.529-0400] {dag.py:2941} INFO - Sync 1 DAGs
[2025-06-14T23:57:56.566-0400] {logging_mixin.py:154} INFO - [2025-06-14T23:57:56.566-0400] {dag.py:3722} INFO - Setting next_dagrun for example_python_operator to None, run_after=None
[2025-06-14T23:57:56.575-0400] {processor.py:179} INFO - Processing /Users/rah/Desktop/creative_projects/rah_coding_repo/projects/fin_data_project_001/finance-data-project-1/.venv/lib/python3.10/site-packages/airflow/example_dags/example_python_operator.py took 0.097 seconds
[2025-06-14T23:58:28.855-0400] {processor.py:157} INFO - Started process (PID=49376) to work on /Users/rah/Desktop/creative_projects/rah_coding_repo/projects/fin_data_project_001/finance-data-project-1/.venv/lib/python3.10/site-packages/airflow/example_dags/example_python_operator.py
[2025-06-14T23:58:28.858-0400] {processor.py:829} INFO - Processing file /Users/rah/Desktop/creative_projects/rah_coding_repo/projects/fin_data_project_001/finance-data-project-1/.venv/lib/python3.10/site-packages/airflow/example_dags/example_python_operator.py for tasks to queue
[2025-06-14T23:58:28.858-0400] {logging_mixin.py:154} INFO - [2025-06-14T23:58:28.858-0400] {dagbag.py:536} INFO - Filling up the DagBag from /Users/rah/Desktop/creative_projects/rah_coding_repo/projects/fin_data_project_001/finance-data-project-1/.venv/lib/python3.10/site-packages/airflow/example_dags/example_python_operator.py
[2025-06-14T23:58:28.884-0400] {processor.py:839} INFO - DAG(s) dict_keys(['example_python_operator']) retrieved from /Users/rah/Desktop/creative_projects/rah_coding_repo/projects/fin_data_project_001/finance-data-project-1/.venv/lib/python3.10/site-packages/airflow/example_dags/example_python_operator.py
[2025-06-14T23:58:29.330-0400] {logging_mixin.py:154} INFO - [2025-06-14T23:58:29.330-0400] {dag.py:2941} INFO - Sync 1 DAGs
[2025-06-14T23:58:29.333-0400] {logging_mixin.py:154} INFO - [2025-06-14T23:58:29.333-0400] {dag.py:3722} INFO - Setting next_dagrun for example_python_operator to None, run_after=None
[2025-06-14T23:58:29.341-0400] {processor.py:179} INFO - Processing /Users/rah/Desktop/creative_projects/rah_coding_repo/projects/fin_data_project_001/finance-data-project-1/.venv/lib/python3.10/site-packages/airflow/example_dags/example_python_operator.py took 0.487 seconds
[2025-06-14T23:58:45.972-0400] {processor.py:157} INFO - Started process (PID=49775) to work on /Users/rah/Desktop/creative_projects/rah_coding_repo/projects/fin_data_project_001/finance-data-project-1/.venv/lib/python3.10/site-packages/airflow/example_dags/example_python_operator.py
[2025-06-14T23:58:45.974-0400] {processor.py:829} INFO - Processing file /Users/rah/Desktop/creative_projects/rah_coding_repo/projects/fin_data_project_001/finance-data-project-1/.venv/lib/python3.10/site-packages/airflow/example_dags/example_python_operator.py for tasks to queue
[2025-06-14T23:58:45.974-0400] {logging_mixin.py:154} INFO - [2025-06-14T23:58:45.974-0400] {dagbag.py:536} INFO - Filling up the DagBag from /Users/rah/Desktop/creative_projects/rah_coding_repo/projects/fin_data_project_001/finance-data-project-1/.venv/lib/python3.10/site-packages/airflow/example_dags/example_python_operator.py
[2025-06-14T23:58:45.999-0400] {processor.py:839} INFO - DAG(s) dict_keys(['example_python_operator']) retrieved from /Users/rah/Desktop/creative_projects/rah_coding_repo/projects/fin_data_project_001/finance-data-project-1/.venv/lib/python3.10/site-packages/airflow/example_dags/example_python_operator.py
[2025-06-14T23:58:46.025-0400] {logging_mixin.py:154} INFO - [2025-06-14T23:58:46.024-0400] {dag.py:2941} INFO - Sync 1 DAGs
[2025-06-14T23:58:46.062-0400] {logging_mixin.py:154} INFO - [2025-06-14T23:58:46.062-0400] {dag.py:3722} INFO - Setting next_dagrun for example_python_operator to None, run_after=None
[2025-06-14T23:58:46.070-0400] {processor.py:179} INFO - Processing /Users/rah/Desktop/creative_projects/rah_coding_repo/projects/fin_data_project_001/finance-data-project-1/.venv/lib/python3.10/site-packages/airflow/example_dags/example_python_operator.py took 0.099 seconds
[2025-06-14T23:59:31.106-0400] {processor.py:157} INFO - Started process (PID=50717) to work on /Users/rah/Desktop/creative_projects/rah_coding_repo/projects/fin_data_project_001/finance-data-project-1/.venv/lib/python3.10/site-packages/airflow/example_dags/example_python_operator.py
[2025-06-14T23:59:31.110-0400] {processor.py:829} INFO - Processing file /Users/rah/Desktop/creative_projects/rah_coding_repo/projects/fin_data_project_001/finance-data-project-1/.venv/lib/python3.10/site-packages/airflow/example_dags/example_python_operator.py for tasks to queue
[2025-06-14T23:59:31.110-0400] {logging_mixin.py:154} INFO - [2025-06-14T23:59:31.110-0400] {dagbag.py:536} INFO - Filling up the DagBag from /Users/rah/Desktop/creative_projects/rah_coding_repo/projects/fin_data_project_001/finance-data-project-1/.venv/lib/python3.10/site-packages/airflow/example_dags/example_python_operator.py
[2025-06-14T23:59:31.137-0400] {processor.py:839} INFO - DAG(s) dict_keys(['example_python_operator']) retrieved from /Users/rah/Desktop/creative_projects/rah_coding_repo/projects/fin_data_project_001/finance-data-project-1/.venv/lib/python3.10/site-packages/airflow/example_dags/example_python_operator.py
[2025-06-14T23:59:31.593-0400] {logging_mixin.py:154} INFO - [2025-06-14T23:59:31.593-0400] {dag.py:2941} INFO - Sync 1 DAGs
[2025-06-14T23:59:31.600-0400] {logging_mixin.py:154} INFO - [2025-06-14T23:59:31.600-0400] {dag.py:3722} INFO - Setting next_dagrun for example_python_operator to None, run_after=None
[2025-06-14T23:59:31.616-0400] {processor.py:179} INFO - Processing /Users/rah/Desktop/creative_projects/rah_coding_repo/projects/fin_data_project_001/finance-data-project-1/.venv/lib/python3.10/site-packages/airflow/example_dags/example_python_operator.py took 0.510 seconds
[2025-06-14T23:59:34.116-0400] {processor.py:157} INFO - Started process (PID=50734) to work on /Users/rah/Desktop/creative_projects/rah_coding_repo/projects/fin_data_project_001/finance-data-project-1/.venv/lib/python3.10/site-packages/airflow/example_dags/example_python_operator.py
[2025-06-14T23:59:34.118-0400] {processor.py:829} INFO - Processing file /Users/rah/Desktop/creative_projects/rah_coding_repo/projects/fin_data_project_001/finance-data-project-1/.venv/lib/python3.10/site-packages/airflow/example_dags/example_python_operator.py for tasks to queue
[2025-06-14T23:59:34.119-0400] {logging_mixin.py:154} INFO - [2025-06-14T23:59:34.118-0400] {dagbag.py:536} INFO - Filling up the DagBag from /Users/rah/Desktop/creative_projects/rah_coding_repo/projects/fin_data_project_001/finance-data-project-1/.venv/lib/python3.10/site-packages/airflow/example_dags/example_python_operator.py
[2025-06-14T23:59:34.152-0400] {processor.py:839} INFO - DAG(s) dict_keys(['example_python_operator']) retrieved from /Users/rah/Desktop/creative_projects/rah_coding_repo/projects/fin_data_project_001/finance-data-project-1/.venv/lib/python3.10/site-packages/airflow/example_dags/example_python_operator.py
[2025-06-14T23:59:34.182-0400] {logging_mixin.py:154} INFO - [2025-06-14T23:59:34.182-0400] {dag.py:2941} INFO - Sync 1 DAGs
[2025-06-14T23:59:34.224-0400] {logging_mixin.py:154} INFO - [2025-06-14T23:59:34.224-0400] {dag.py:3722} INFO - Setting next_dagrun for example_python_operator to None, run_after=None
[2025-06-14T23:59:34.233-0400] {processor.py:179} INFO - Processing /Users/rah/Desktop/creative_projects/rah_coding_repo/projects/fin_data_project_001/finance-data-project-1/.venv/lib/python3.10/site-packages/airflow/example_dags/example_python_operator.py took 0.118 seconds
[2025-06-15T00:00:11.807-0400] {processor.py:157} INFO - Started process (PID=51375) to work on /Users/rah/Desktop/creative_projects/rah_coding_repo/projects/fin_data_project_001/finance-data-project-1/.venv/lib/python3.10/site-packages/airflow/example_dags/example_python_operator.py
[2025-06-15T00:00:11.810-0400] {processor.py:829} INFO - Processing file /Users/rah/Desktop/creative_projects/rah_coding_repo/projects/fin_data_project_001/finance-data-project-1/.venv/lib/python3.10/site-packages/airflow/example_dags/example_python_operator.py for tasks to queue
[2025-06-15T00:00:11.810-0400] {logging_mixin.py:154} INFO - [2025-06-15T00:00:11.810-0400] {dagbag.py:536} INFO - Filling up the DagBag from /Users/rah/Desktop/creative_projects/rah_coding_repo/projects/fin_data_project_001/finance-data-project-1/.venv/lib/python3.10/site-packages/airflow/example_dags/example_python_operator.py
[2025-06-15T00:00:11.834-0400] {processor.py:839} INFO - DAG(s) dict_keys(['example_python_operator']) retrieved from /Users/rah/Desktop/creative_projects/rah_coding_repo/projects/fin_data_project_001/finance-data-project-1/.venv/lib/python3.10/site-packages/airflow/example_dags/example_python_operator.py
[2025-06-15T00:00:12.268-0400] {logging_mixin.py:154} INFO - [2025-06-15T00:00:12.268-0400] {dag.py:2941} INFO - Sync 1 DAGs
[2025-06-15T00:00:12.272-0400] {logging_mixin.py:154} INFO - [2025-06-15T00:00:12.272-0400] {dag.py:3722} INFO - Setting next_dagrun for example_python_operator to None, run_after=None
[2025-06-15T00:00:12.280-0400] {processor.py:179} INFO - Processing /Users/rah/Desktop/creative_projects/rah_coding_repo/projects/fin_data_project_001/finance-data-project-1/.venv/lib/python3.10/site-packages/airflow/example_dags/example_python_operator.py took 0.475 seconds
[2025-06-15T00:00:26.869-0400] {processor.py:157} INFO - Started process (PID=51552) to work on /Users/rah/Desktop/creative_projects/rah_coding_repo/projects/fin_data_project_001/finance-data-project-1/.venv/lib/python3.10/site-packages/airflow/example_dags/example_python_operator.py
[2025-06-15T00:00:26.872-0400] {processor.py:829} INFO - Processing file /Users/rah/Desktop/creative_projects/rah_coding_repo/projects/fin_data_project_001/finance-data-project-1/.venv/lib/python3.10/site-packages/airflow/example_dags/example_python_operator.py for tasks to queue
[2025-06-15T00:00:26.872-0400] {logging_mixin.py:154} INFO - [2025-06-15T00:00:26.872-0400] {dagbag.py:536} INFO - Filling up the DagBag from /Users/rah/Desktop/creative_projects/rah_coding_repo/projects/fin_data_project_001/finance-data-project-1/.venv/lib/python3.10/site-packages/airflow/example_dags/example_python_operator.py
[2025-06-15T00:00:26.897-0400] {processor.py:839} INFO - DAG(s) dict_keys(['example_python_operator']) retrieved from /Users/rah/Desktop/creative_projects/rah_coding_repo/projects/fin_data_project_001/finance-data-project-1/.venv/lib/python3.10/site-packages/airflow/example_dags/example_python_operator.py
[2025-06-15T00:00:26.922-0400] {logging_mixin.py:154} INFO - [2025-06-15T00:00:26.922-0400] {dag.py:2941} INFO - Sync 1 DAGs
[2025-06-15T00:00:26.961-0400] {logging_mixin.py:154} INFO - [2025-06-15T00:00:26.961-0400] {dag.py:3722} INFO - Setting next_dagrun for example_python_operator to None, run_after=None
[2025-06-15T00:00:26.970-0400] {processor.py:179} INFO - Processing /Users/rah/Desktop/creative_projects/rah_coding_repo/projects/fin_data_project_001/finance-data-project-1/.venv/lib/python3.10/site-packages/airflow/example_dags/example_python_operator.py took 0.101 seconds
[2025-06-15T00:00:56.107-0400] {processor.py:157} INFO - Started process (PID=52011) to work on /Users/rah/Desktop/creative_projects/rah_coding_repo/projects/fin_data_project_001/finance-data-project-1/.venv/lib/python3.10/site-packages/airflow/example_dags/example_python_operator.py
[2025-06-15T00:00:56.109-0400] {processor.py:829} INFO - Processing file /Users/rah/Desktop/creative_projects/rah_coding_repo/projects/fin_data_project_001/finance-data-project-1/.venv/lib/python3.10/site-packages/airflow/example_dags/example_python_operator.py for tasks to queue
[2025-06-15T00:00:56.109-0400] {logging_mixin.py:154} INFO - [2025-06-15T00:00:56.109-0400] {dagbag.py:536} INFO - Filling up the DagBag from /Users/rah/Desktop/creative_projects/rah_coding_repo/projects/fin_data_project_001/finance-data-project-1/.venv/lib/python3.10/site-packages/airflow/example_dags/example_python_operator.py
[2025-06-15T00:00:56.134-0400] {processor.py:839} INFO - DAG(s) dict_keys(['example_python_operator']) retrieved from /Users/rah/Desktop/creative_projects/rah_coding_repo/projects/fin_data_project_001/finance-data-project-1/.venv/lib/python3.10/site-packages/airflow/example_dags/example_python_operator.py
[2025-06-15T00:00:56.595-0400] {logging_mixin.py:154} INFO - [2025-06-15T00:00:56.595-0400] {dag.py:2941} INFO - Sync 1 DAGs
[2025-06-15T00:00:56.600-0400] {logging_mixin.py:154} INFO - [2025-06-15T00:00:56.600-0400] {dag.py:3722} INFO - Setting next_dagrun for example_python_operator to None, run_after=None
[2025-06-15T00:00:56.608-0400] {processor.py:179} INFO - Processing /Users/rah/Desktop/creative_projects/rah_coding_repo/projects/fin_data_project_001/finance-data-project-1/.venv/lib/python3.10/site-packages/airflow/example_dags/example_python_operator.py took 0.503 seconds
[2025-06-15T00:00:59.687-0400] {processor.py:157} INFO - Started process (PID=52135) to work on /Users/rah/Desktop/creative_projects/rah_coding_repo/projects/fin_data_project_001/finance-data-project-1/.venv/lib/python3.10/site-packages/airflow/example_dags/example_python_operator.py
[2025-06-15T00:00:59.689-0400] {processor.py:829} INFO - Processing file /Users/rah/Desktop/creative_projects/rah_coding_repo/projects/fin_data_project_001/finance-data-project-1/.venv/lib/python3.10/site-packages/airflow/example_dags/example_python_operator.py for tasks to queue
[2025-06-15T00:00:59.689-0400] {logging_mixin.py:154} INFO - [2025-06-15T00:00:59.689-0400] {dagbag.py:536} INFO - Filling up the DagBag from /Users/rah/Desktop/creative_projects/rah_coding_repo/projects/fin_data_project_001/finance-data-project-1/.venv/lib/python3.10/site-packages/airflow/example_dags/example_python_operator.py
[2025-06-15T00:00:59.715-0400] {processor.py:839} INFO - DAG(s) dict_keys(['example_python_operator']) retrieved from /Users/rah/Desktop/creative_projects/rah_coding_repo/projects/fin_data_project_001/finance-data-project-1/.venv/lib/python3.10/site-packages/airflow/example_dags/example_python_operator.py
[2025-06-15T00:00:59.740-0400] {logging_mixin.py:154} INFO - [2025-06-15T00:00:59.739-0400] {dag.py:2941} INFO - Sync 1 DAGs
[2025-06-15T00:00:59.776-0400] {logging_mixin.py:154} INFO - [2025-06-15T00:00:59.776-0400] {dag.py:3722} INFO - Setting next_dagrun for example_python_operator to None, run_after=None
[2025-06-15T00:00:59.784-0400] {processor.py:179} INFO - Processing /Users/rah/Desktop/creative_projects/rah_coding_repo/projects/fin_data_project_001/finance-data-project-1/.venv/lib/python3.10/site-packages/airflow/example_dags/example_python_operator.py took 0.098 seconds
[2025-06-15T00:01:48.660-0400] {processor.py:157} INFO - Started process (PID=52837) to work on /Users/rah/Desktop/creative_projects/rah_coding_repo/projects/fin_data_project_001/finance-data-project-1/.venv/lib/python3.10/site-packages/airflow/example_dags/example_python_operator.py
[2025-06-15T00:01:48.663-0400] {processor.py:829} INFO - Processing file /Users/rah/Desktop/creative_projects/rah_coding_repo/projects/fin_data_project_001/finance-data-project-1/.venv/lib/python3.10/site-packages/airflow/example_dags/example_python_operator.py for tasks to queue
[2025-06-15T00:01:48.663-0400] {logging_mixin.py:154} INFO - [2025-06-15T00:01:48.663-0400] {dagbag.py:536} INFO - Filling up the DagBag from /Users/rah/Desktop/creative_projects/rah_coding_repo/projects/fin_data_project_001/finance-data-project-1/.venv/lib/python3.10/site-packages/airflow/example_dags/example_python_operator.py
[2025-06-15T00:01:48.689-0400] {processor.py:839} INFO - DAG(s) dict_keys(['example_python_operator']) retrieved from /Users/rah/Desktop/creative_projects/rah_coding_repo/projects/fin_data_project_001/finance-data-project-1/.venv/lib/python3.10/site-packages/airflow/example_dags/example_python_operator.py
[2025-06-15T00:01:49.086-0400] {logging_mixin.py:154} INFO - [2025-06-15T00:01:49.086-0400] {dag.py:2941} INFO - Sync 1 DAGs
[2025-06-15T00:01:49.090-0400] {logging_mixin.py:154} INFO - [2025-06-15T00:01:49.090-0400] {dag.py:3722} INFO - Setting next_dagrun for example_python_operator to None, run_after=None
[2025-06-15T00:01:49.100-0400] {processor.py:179} INFO - Processing /Users/rah/Desktop/creative_projects/rah_coding_repo/projects/fin_data_project_001/finance-data-project-1/.venv/lib/python3.10/site-packages/airflow/example_dags/example_python_operator.py took 0.441 seconds
[2025-06-15T00:02:00.444-0400] {processor.py:157} INFO - Started process (PID=53003) to work on /Users/rah/Desktop/creative_projects/rah_coding_repo/projects/fin_data_project_001/finance-data-project-1/.venv/lib/python3.10/site-packages/airflow/example_dags/example_python_operator.py
[2025-06-15T00:02:00.447-0400] {processor.py:829} INFO - Processing file /Users/rah/Desktop/creative_projects/rah_coding_repo/projects/fin_data_project_001/finance-data-project-1/.venv/lib/python3.10/site-packages/airflow/example_dags/example_python_operator.py for tasks to queue
[2025-06-15T00:02:00.447-0400] {logging_mixin.py:154} INFO - [2025-06-15T00:02:00.447-0400] {dagbag.py:536} INFO - Filling up the DagBag from /Users/rah/Desktop/creative_projects/rah_coding_repo/projects/fin_data_project_001/finance-data-project-1/.venv/lib/python3.10/site-packages/airflow/example_dags/example_python_operator.py
[2025-06-15T00:02:00.473-0400] {processor.py:839} INFO - DAG(s) dict_keys(['example_python_operator']) retrieved from /Users/rah/Desktop/creative_projects/rah_coding_repo/projects/fin_data_project_001/finance-data-project-1/.venv/lib/python3.10/site-packages/airflow/example_dags/example_python_operator.py
[2025-06-15T00:02:00.499-0400] {logging_mixin.py:154} INFO - [2025-06-15T00:02:00.499-0400] {dag.py:2941} INFO - Sync 1 DAGs
[2025-06-15T00:02:00.538-0400] {logging_mixin.py:154} INFO - [2025-06-15T00:02:00.538-0400] {dag.py:3722} INFO - Setting next_dagrun for example_python_operator to None, run_after=None
[2025-06-15T00:02:00.547-0400] {processor.py:179} INFO - Processing /Users/rah/Desktop/creative_projects/rah_coding_repo/projects/fin_data_project_001/finance-data-project-1/.venv/lib/python3.10/site-packages/airflow/example_dags/example_python_operator.py took 0.103 seconds
[2025-06-15T00:06:57.645-0400] {processor.py:157} INFO - Started process (PID=57242) to work on /Users/rah/.pyenv/versions/3.10.11/lib/python3.10/site-packages/airflow/example_dags/example_python_operator.py
[2025-06-15T00:06:57.649-0400] {processor.py:829} INFO - Processing file /Users/rah/.pyenv/versions/3.10.11/lib/python3.10/site-packages/airflow/example_dags/example_python_operator.py for tasks to queue
[2025-06-15T00:06:57.649-0400] {logging_mixin.py:154} INFO - [2025-06-15T00:06:57.649-0400] {dagbag.py:536} INFO - Filling up the DagBag from /Users/rah/.pyenv/versions/3.10.11/lib/python3.10/site-packages/airflow/example_dags/example_python_operator.py
[2025-06-15T00:06:57.694-0400] {processor.py:839} INFO - DAG(s) dict_keys(['example_python_operator']) retrieved from /Users/rah/.pyenv/versions/3.10.11/lib/python3.10/site-packages/airflow/example_dags/example_python_operator.py
[2025-06-15T00:06:58.048-0400] {logging_mixin.py:154} INFO - [2025-06-15T00:06:58.048-0400] {dag.py:2941} INFO - Sync 1 DAGs
[2025-06-15T00:06:58.052-0400] {logging_mixin.py:154} INFO - [2025-06-15T00:06:58.052-0400] {dag.py:3722} INFO - Setting next_dagrun for example_python_operator to None, run_after=None
[2025-06-15T00:06:58.060-0400] {processor.py:179} INFO - Processing /Users/rah/.pyenv/versions/3.10.11/lib/python3.10/site-packages/airflow/example_dags/example_python_operator.py took 0.416 seconds
[2025-06-15T00:08:25.498-0400] {processor.py:157} INFO - Started process (PID=58502) to work on /Users/rah/.pyenv/versions/3.10.11/lib/python3.10/site-packages/airflow/example_dags/example_python_operator.py
[2025-06-15T00:08:25.501-0400] {processor.py:829} INFO - Processing file /Users/rah/.pyenv/versions/3.10.11/lib/python3.10/site-packages/airflow/example_dags/example_python_operator.py for tasks to queue
[2025-06-15T00:08:25.501-0400] {logging_mixin.py:154} INFO - [2025-06-15T00:08:25.501-0400] {dagbag.py:536} INFO - Filling up the DagBag from /Users/rah/.pyenv/versions/3.10.11/lib/python3.10/site-packages/airflow/example_dags/example_python_operator.py
[2025-06-15T00:08:25.550-0400] {processor.py:839} INFO - DAG(s) dict_keys(['example_python_operator']) retrieved from /Users/rah/.pyenv/versions/3.10.11/lib/python3.10/site-packages/airflow/example_dags/example_python_operator.py
[2025-06-15T00:08:25.920-0400] {logging_mixin.py:154} INFO - [2025-06-15T00:08:25.920-0400] {dag.py:2941} INFO - Sync 1 DAGs
[2025-06-15T00:08:25.924-0400] {logging_mixin.py:154} INFO - [2025-06-15T00:08:25.924-0400] {dag.py:3722} INFO - Setting next_dagrun for example_python_operator to None, run_after=None
[2025-06-15T00:08:25.934-0400] {processor.py:179} INFO - Processing /Users/rah/.pyenv/versions/3.10.11/lib/python3.10/site-packages/airflow/example_dags/example_python_operator.py took 0.436 seconds
[2025-06-15T00:10:09.307-0400] {processor.py:157} INFO - Started process (PID=60413) to work on /Users/rah/.pyenv/versions/3.10.11/lib/python3.10/site-packages/airflow/example_dags/example_python_operator.py
[2025-06-15T00:10:09.309-0400] {processor.py:829} INFO - Processing file /Users/rah/.pyenv/versions/3.10.11/lib/python3.10/site-packages/airflow/example_dags/example_python_operator.py for tasks to queue
[2025-06-15T00:10:09.310-0400] {logging_mixin.py:154} INFO - [2025-06-15T00:10:09.310-0400] {dagbag.py:536} INFO - Filling up the DagBag from /Users/rah/.pyenv/versions/3.10.11/lib/python3.10/site-packages/airflow/example_dags/example_python_operator.py
[2025-06-15T00:10:09.354-0400] {processor.py:839} INFO - DAG(s) dict_keys(['example_python_operator']) retrieved from /Users/rah/.pyenv/versions/3.10.11/lib/python3.10/site-packages/airflow/example_dags/example_python_operator.py
[2025-06-15T00:10:09.678-0400] {logging_mixin.py:154} INFO - [2025-06-15T00:10:09.678-0400] {dag.py:2941} INFO - Sync 1 DAGs
[2025-06-15T00:10:09.682-0400] {logging_mixin.py:154} INFO - [2025-06-15T00:10:09.682-0400] {dag.py:3722} INFO - Setting next_dagrun for example_python_operator to None, run_after=None
[2025-06-15T00:10:09.691-0400] {processor.py:179} INFO - Processing /Users/rah/.pyenv/versions/3.10.11/lib/python3.10/site-packages/airflow/example_dags/example_python_operator.py took 0.385 seconds
[2025-06-15T00:11:48.233-0400] {processor.py:157} INFO - Started process (PID=61592) to work on /Users/rah/.pyenv/versions/3.10.11/lib/python3.10/site-packages/airflow/example_dags/example_python_operator.py
[2025-06-15T00:11:48.236-0400] {processor.py:829} INFO - Processing file /Users/rah/.pyenv/versions/3.10.11/lib/python3.10/site-packages/airflow/example_dags/example_python_operator.py for tasks to queue
[2025-06-15T00:11:48.236-0400] {logging_mixin.py:154} INFO - [2025-06-15T00:11:48.236-0400] {dagbag.py:536} INFO - Filling up the DagBag from /Users/rah/.pyenv/versions/3.10.11/lib/python3.10/site-packages/airflow/example_dags/example_python_operator.py
[2025-06-15T00:11:48.287-0400] {processor.py:839} INFO - DAG(s) dict_keys(['example_python_operator']) retrieved from /Users/rah/.pyenv/versions/3.10.11/lib/python3.10/site-packages/airflow/example_dags/example_python_operator.py
[2025-06-15T00:11:48.624-0400] {logging_mixin.py:154} INFO - [2025-06-15T00:11:48.624-0400] {dag.py:2941} INFO - Sync 1 DAGs
[2025-06-15T00:11:48.628-0400] {logging_mixin.py:154} INFO - [2025-06-15T00:11:48.627-0400] {dag.py:3722} INFO - Setting next_dagrun for example_python_operator to None, run_after=None
[2025-06-15T00:11:48.636-0400] {processor.py:179} INFO - Processing /Users/rah/.pyenv/versions/3.10.11/lib/python3.10/site-packages/airflow/example_dags/example_python_operator.py took 0.404 seconds
[2025-06-15T00:13:32.714-0400] {processor.py:157} INFO - Started process (PID=63441) to work on /Users/rah/.pyenv/versions/3.10.11/lib/python3.10/site-packages/airflow/example_dags/example_python_operator.py
[2025-06-15T00:13:32.716-0400] {processor.py:829} INFO - Processing file /Users/rah/.pyenv/versions/3.10.11/lib/python3.10/site-packages/airflow/example_dags/example_python_operator.py for tasks to queue
[2025-06-15T00:13:32.717-0400] {logging_mixin.py:154} INFO - [2025-06-15T00:13:32.716-0400] {dagbag.py:536} INFO - Filling up the DagBag from /Users/rah/.pyenv/versions/3.10.11/lib/python3.10/site-packages/airflow/example_dags/example_python_operator.py
[2025-06-15T00:13:32.760-0400] {processor.py:839} INFO - DAG(s) dict_keys(['example_python_operator']) retrieved from /Users/rah/.pyenv/versions/3.10.11/lib/python3.10/site-packages/airflow/example_dags/example_python_operator.py
[2025-06-15T00:13:33.098-0400] {logging_mixin.py:154} INFO - [2025-06-15T00:13:33.098-0400] {dag.py:2941} INFO - Sync 1 DAGs
[2025-06-15T00:13:33.101-0400] {logging_mixin.py:154} INFO - [2025-06-15T00:13:33.101-0400] {dag.py:3722} INFO - Setting next_dagrun for example_python_operator to None, run_after=None
[2025-06-15T00:13:33.109-0400] {processor.py:179} INFO - Processing /Users/rah/.pyenv/versions/3.10.11/lib/python3.10/site-packages/airflow/example_dags/example_python_operator.py took 0.396 seconds
[2025-06-15T00:15:12.969-0400] {processor.py:157} INFO - Started process (PID=65008) to work on /Users/rah/.pyenv/versions/3.10.11/lib/python3.10/site-packages/airflow/example_dags/example_python_operator.py
[2025-06-15T00:15:12.972-0400] {processor.py:829} INFO - Processing file /Users/rah/.pyenv/versions/3.10.11/lib/python3.10/site-packages/airflow/example_dags/example_python_operator.py for tasks to queue
[2025-06-15T00:15:12.972-0400] {logging_mixin.py:154} INFO - [2025-06-15T00:15:12.972-0400] {dagbag.py:536} INFO - Filling up the DagBag from /Users/rah/.pyenv/versions/3.10.11/lib/python3.10/site-packages/airflow/example_dags/example_python_operator.py
[2025-06-15T00:15:13.021-0400] {processor.py:839} INFO - DAG(s) dict_keys(['example_python_operator']) retrieved from /Users/rah/.pyenv/versions/3.10.11/lib/python3.10/site-packages/airflow/example_dags/example_python_operator.py
[2025-06-15T00:15:13.386-0400] {logging_mixin.py:154} INFO - [2025-06-15T00:15:13.385-0400] {dag.py:2941} INFO - Sync 1 DAGs
[2025-06-15T00:15:13.390-0400] {logging_mixin.py:154} INFO - [2025-06-15T00:15:13.390-0400] {dag.py:3722} INFO - Setting next_dagrun for example_python_operator to None, run_after=None
[2025-06-15T00:15:13.399-0400] {processor.py:179} INFO - Processing /Users/rah/.pyenv/versions/3.10.11/lib/python3.10/site-packages/airflow/example_dags/example_python_operator.py took 0.431 seconds
