[2025-06-14T23:49:21.609-0400] {processor.py:157} INFO - Started process (PID=40280) to work on /Users/rah/.pyenv/versions/3.10.11/lib/python3.10/site-packages/airflow/example_dags/example_params_ui_tutorial.py
[2025-06-14T23:49:21.612-0400] {processor.py:829} INFO - Processing file /Users/rah/.pyenv/versions/3.10.11/lib/python3.10/site-packages/airflow/example_dags/example_params_ui_tutorial.py for tasks to queue
[2025-06-14T23:49:21.612-0400] {logging_mixin.py:154} INFO - [2025-06-14T23:49:21.612-0400] {dagbag.py:536} INFO - Filling up the DagBag from /Users/rah/.pyenv/versions/3.10.11/lib/python3.10/site-packages/airflow/example_dags/example_params_ui_tutorial.py
[2025-06-14T23:49:21.697-0400] {processor.py:839} INFO - DAG(s) dict_keys(['example_params_ui_tutorial']) retrieved from /Users/rah/.pyenv/versions/3.10.11/lib/python3.10/site-packages/airflow/example_dags/example_params_ui_tutorial.py
[2025-06-14T23:49:22.006-0400] {logging_mixin.py:154} INFO - [2025-06-14T23:49:22.006-0400] {manager.py:499} INFO - Created Permission View: %s
[2025-06-14T23:49:22.010-0400] {logging_mixin.py:154} INFO - [2025-06-14T23:49:22.010-0400] {manager.py:499} INFO - Created Permission View: %s
[2025-06-14T23:49:22.012-0400] {logging_mixin.py:154} INFO - [2025-06-14T23:49:22.012-0400] {manager.py:499} INFO - Created Permission View: %s
[2025-06-14T23:49:22.012-0400] {logging_mixin.py:154} INFO - [2025-06-14T23:49:22.012-0400] {dag.py:2941} INFO - Sync 1 DAGs
[2025-06-14T23:49:22.016-0400] {logging_mixin.py:154} INFO - [2025-06-14T23:49:22.016-0400] {dag.py:2963} INFO - Creating ORM DAG for example_params_ui_tutorial
[2025-06-14T23:49:22.017-0400] {logging_mixin.py:154} INFO - [2025-06-14T23:49:22.016-0400] {dag.py:3722} INFO - Setting next_dagrun for example_params_ui_tutorial to None, run_after=None
[2025-06-14T23:49:22.023-0400] {processor.py:179} INFO - Processing /Users/rah/.pyenv/versions/3.10.11/lib/python3.10/site-packages/airflow/example_dags/example_params_ui_tutorial.py took 0.415 seconds
[2025-06-14T23:50:48.762-0400] {processor.py:157} INFO - Started process (PID=41278) to work on /Users/rah/.pyenv/versions/3.10.11/lib/python3.10/site-packages/airflow/example_dags/example_params_ui_tutorial.py
[2025-06-14T23:50:48.765-0400] {processor.py:829} INFO - Processing file /Users/rah/.pyenv/versions/3.10.11/lib/python3.10/site-packages/airflow/example_dags/example_params_ui_tutorial.py for tasks to queue
[2025-06-14T23:50:48.766-0400] {logging_mixin.py:154} INFO - [2025-06-14T23:50:48.765-0400] {dagbag.py:536} INFO - Filling up the DagBag from /Users/rah/.pyenv/versions/3.10.11/lib/python3.10/site-packages/airflow/example_dags/example_params_ui_tutorial.py
[2025-06-14T23:50:48.861-0400] {processor.py:839} INFO - DAG(s) dict_keys(['example_params_ui_tutorial']) retrieved from /Users/rah/.pyenv/versions/3.10.11/lib/python3.10/site-packages/airflow/example_dags/example_params_ui_tutorial.py
[2025-06-14T23:50:48.942-0400] {logging_mixin.py:154} INFO - [2025-06-14T23:50:48.941-0400] {dag.py:2941} INFO - Sync 1 DAGs
[2025-06-14T23:50:48.946-0400] {logging_mixin.py:154} INFO - [2025-06-14T23:50:48.946-0400] {dag.py:3722} INFO - Setting next_dagrun for example_params_ui_tutorial to None, run_after=None
[2025-06-14T23:50:48.955-0400] {processor.py:179} INFO - Processing /Users/rah/.pyenv/versions/3.10.11/lib/python3.10/site-packages/airflow/example_dags/example_params_ui_tutorial.py took 0.193 seconds
[2025-06-14T23:55:35.913-0400] {processor.py:157} INFO - Started process (PID=45993) to work on /Users/rah/Desktop/creative_projects/rah_coding_repo/projects/fin_data_project_001/finance-data-project-1/.venv/lib/python3.10/site-packages/airflow/example_dags/example_params_ui_tutorial.py
[2025-06-14T23:55:35.916-0400] {processor.py:829} INFO - Processing file /Users/rah/Desktop/creative_projects/rah_coding_repo/projects/fin_data_project_001/finance-data-project-1/.venv/lib/python3.10/site-packages/airflow/example_dags/example_params_ui_tutorial.py for tasks to queue
[2025-06-14T23:55:35.916-0400] {logging_mixin.py:154} INFO - [2025-06-14T23:55:35.916-0400] {dagbag.py:536} INFO - Filling up the DagBag from /Users/rah/Desktop/creative_projects/rah_coding_repo/projects/fin_data_project_001/finance-data-project-1/.venv/lib/python3.10/site-packages/airflow/example_dags/example_params_ui_tutorial.py
[2025-06-14T23:55:35.984-0400] {processor.py:839} INFO - DAG(s) dict_keys(['example_params_ui_tutorial']) retrieved from /Users/rah/Desktop/creative_projects/rah_coding_repo/projects/fin_data_project_001/finance-data-project-1/.venv/lib/python3.10/site-packages/airflow/example_dags/example_params_ui_tutorial.py
[2025-06-14T23:55:36.061-0400] {logging_mixin.py:154} INFO - [2025-06-14T23:55:36.061-0400] {dag.py:2941} INFO - Sync 1 DAGs
[2025-06-14T23:55:36.066-0400] {logging_mixin.py:154} INFO - [2025-06-14T23:55:36.066-0400] {dag.py:3722} INFO - Setting next_dagrun for example_params_ui_tutorial to None, run_after=None
[2025-06-14T23:55:36.075-0400] {processor.py:179} INFO - Processing /Users/rah/Desktop/creative_projects/rah_coding_repo/projects/fin_data_project_001/finance-data-project-1/.venv/lib/python3.10/site-packages/airflow/example_dags/example_params_ui_tutorial.py took 0.162 seconds
[2025-06-14T23:56:39.207-0400] {processor.py:157} INFO - Started process (PID=47498) to work on /Users/rah/Desktop/creative_projects/rah_coding_repo/projects/fin_data_project_001/finance-data-project-1/.venv/lib/python3.10/site-packages/airflow/example_dags/example_params_ui_tutorial.py
[2025-06-14T23:56:39.210-0400] {processor.py:829} INFO - Processing file /Users/rah/Desktop/creative_projects/rah_coding_repo/projects/fin_data_project_001/finance-data-project-1/.venv/lib/python3.10/site-packages/airflow/example_dags/example_params_ui_tutorial.py for tasks to queue
[2025-06-14T23:56:39.211-0400] {logging_mixin.py:154} INFO - [2025-06-14T23:56:39.210-0400] {dagbag.py:536} INFO - Filling up the DagBag from /Users/rah/Desktop/creative_projects/rah_coding_repo/projects/fin_data_project_001/finance-data-project-1/.venv/lib/python3.10/site-packages/airflow/example_dags/example_params_ui_tutorial.py
[2025-06-14T23:56:39.270-0400] {processor.py:839} INFO - DAG(s) dict_keys(['example_params_ui_tutorial']) retrieved from /Users/rah/Desktop/creative_projects/rah_coding_repo/projects/fin_data_project_001/finance-data-project-1/.venv/lib/python3.10/site-packages/airflow/example_dags/example_params_ui_tutorial.py
[2025-06-14T23:56:39.338-0400] {logging_mixin.py:154} INFO - [2025-06-14T23:56:39.338-0400] {dag.py:2941} INFO - Sync 1 DAGs
[2025-06-14T23:56:39.342-0400] {logging_mixin.py:154} INFO - [2025-06-14T23:56:39.342-0400] {dag.py:3722} INFO - Setting next_dagrun for example_params_ui_tutorial to None, run_after=None
[2025-06-14T23:56:39.349-0400] {processor.py:179} INFO - Processing /Users/rah/Desktop/creative_projects/rah_coding_repo/projects/fin_data_project_001/finance-data-project-1/.venv/lib/python3.10/site-packages/airflow/example_dags/example_params_ui_tutorial.py took 0.143 seconds
[2025-06-14T23:56:56.359-0400] {processor.py:157} INFO - Started process (PID=48172) to work on /Users/rah/Desktop/creative_projects/rah_coding_repo/projects/fin_data_project_001/finance-data-project-1/.venv/lib/python3.10/site-packages/airflow/example_dags/example_params_ui_tutorial.py
[2025-06-14T23:56:56.361-0400] {processor.py:829} INFO - Processing file /Users/rah/Desktop/creative_projects/rah_coding_repo/projects/fin_data_project_001/finance-data-project-1/.venv/lib/python3.10/site-packages/airflow/example_dags/example_params_ui_tutorial.py for tasks to queue
[2025-06-14T23:56:56.362-0400] {logging_mixin.py:154} INFO - [2025-06-14T23:56:56.361-0400] {dagbag.py:536} INFO - Filling up the DagBag from /Users/rah/Desktop/creative_projects/rah_coding_repo/projects/fin_data_project_001/finance-data-project-1/.venv/lib/python3.10/site-packages/airflow/example_dags/example_params_ui_tutorial.py
[2025-06-14T23:56:56.430-0400] {processor.py:839} INFO - DAG(s) dict_keys(['example_params_ui_tutorial']) retrieved from /Users/rah/Desktop/creative_projects/rah_coding_repo/projects/fin_data_project_001/finance-data-project-1/.venv/lib/python3.10/site-packages/airflow/example_dags/example_params_ui_tutorial.py
[2025-06-14T23:56:56.507-0400] {logging_mixin.py:154} INFO - [2025-06-14T23:56:56.507-0400] {dag.py:2941} INFO - Sync 1 DAGs
[2025-06-14T23:56:56.511-0400] {logging_mixin.py:154} INFO - [2025-06-14T23:56:56.511-0400] {dag.py:3722} INFO - Setting next_dagrun for example_params_ui_tutorial to None, run_after=None
[2025-06-14T23:56:56.519-0400] {processor.py:179} INFO - Processing /Users/rah/Desktop/creative_projects/rah_coding_repo/projects/fin_data_project_001/finance-data-project-1/.venv/lib/python3.10/site-packages/airflow/example_dags/example_params_ui_tutorial.py took 0.160 seconds
[2025-06-14T23:57:32.043-0400] {processor.py:157} INFO - Started process (PID=48639) to work on /Users/rah/Desktop/creative_projects/rah_coding_repo/projects/fin_data_project_001/finance-data-project-1/.venv/lib/python3.10/site-packages/airflow/example_dags/example_params_ui_tutorial.py
[2025-06-14T23:57:32.046-0400] {processor.py:829} INFO - Processing file /Users/rah/Desktop/creative_projects/rah_coding_repo/projects/fin_data_project_001/finance-data-project-1/.venv/lib/python3.10/site-packages/airflow/example_dags/example_params_ui_tutorial.py for tasks to queue
[2025-06-14T23:57:32.046-0400] {logging_mixin.py:154} INFO - [2025-06-14T23:57:32.046-0400] {dagbag.py:536} INFO - Filling up the DagBag from /Users/rah/Desktop/creative_projects/rah_coding_repo/projects/fin_data_project_001/finance-data-project-1/.venv/lib/python3.10/site-packages/airflow/example_dags/example_params_ui_tutorial.py
[2025-06-14T23:57:32.113-0400] {processor.py:839} INFO - DAG(s) dict_keys(['example_params_ui_tutorial']) retrieved from /Users/rah/Desktop/creative_projects/rah_coding_repo/projects/fin_data_project_001/finance-data-project-1/.venv/lib/python3.10/site-packages/airflow/example_dags/example_params_ui_tutorial.py
[2025-06-14T23:57:32.189-0400] {logging_mixin.py:154} INFO - [2025-06-14T23:57:32.189-0400] {dag.py:2941} INFO - Sync 1 DAGs
[2025-06-14T23:57:32.194-0400] {logging_mixin.py:154} INFO - [2025-06-14T23:57:32.194-0400] {dag.py:3722} INFO - Setting next_dagrun for example_params_ui_tutorial to None, run_after=None
[2025-06-14T23:57:32.203-0400] {processor.py:179} INFO - Processing /Users/rah/Desktop/creative_projects/rah_coding_repo/projects/fin_data_project_001/finance-data-project-1/.venv/lib/python3.10/site-packages/airflow/example_dags/example_params_ui_tutorial.py took 0.161 seconds
[2025-06-14T23:57:59.959-0400] {processor.py:157} INFO - Started process (PID=49060) to work on /Users/rah/Desktop/creative_projects/rah_coding_repo/projects/fin_data_project_001/finance-data-project-1/.venv/lib/python3.10/site-packages/airflow/example_dags/example_params_ui_tutorial.py
[2025-06-14T23:57:59.961-0400] {processor.py:829} INFO - Processing file /Users/rah/Desktop/creative_projects/rah_coding_repo/projects/fin_data_project_001/finance-data-project-1/.venv/lib/python3.10/site-packages/airflow/example_dags/example_params_ui_tutorial.py for tasks to queue
[2025-06-14T23:57:59.962-0400] {logging_mixin.py:154} INFO - [2025-06-14T23:57:59.962-0400] {dagbag.py:536} INFO - Filling up the DagBag from /Users/rah/Desktop/creative_projects/rah_coding_repo/projects/fin_data_project_001/finance-data-project-1/.venv/lib/python3.10/site-packages/airflow/example_dags/example_params_ui_tutorial.py
[2025-06-14T23:58:00.025-0400] {processor.py:839} INFO - DAG(s) dict_keys(['example_params_ui_tutorial']) retrieved from /Users/rah/Desktop/creative_projects/rah_coding_repo/projects/fin_data_project_001/finance-data-project-1/.venv/lib/python3.10/site-packages/airflow/example_dags/example_params_ui_tutorial.py
[2025-06-14T23:58:00.104-0400] {logging_mixin.py:154} INFO - [2025-06-14T23:58:00.104-0400] {dag.py:2941} INFO - Sync 1 DAGs
[2025-06-14T23:58:00.108-0400] {logging_mixin.py:154} INFO - [2025-06-14T23:58:00.108-0400] {dag.py:3722} INFO - Setting next_dagrun for example_params_ui_tutorial to None, run_after=None
[2025-06-14T23:58:00.116-0400] {processor.py:179} INFO - Processing /Users/rah/Desktop/creative_projects/rah_coding_repo/projects/fin_data_project_001/finance-data-project-1/.venv/lib/python3.10/site-packages/airflow/example_dags/example_params_ui_tutorial.py took 0.158 seconds
[2025-06-14T23:58:32.729-0400] {processor.py:157} INFO - Started process (PID=49501) to work on /Users/rah/Desktop/creative_projects/rah_coding_repo/projects/fin_data_project_001/finance-data-project-1/.venv/lib/python3.10/site-packages/airflow/example_dags/example_params_ui_tutorial.py
[2025-06-14T23:58:32.732-0400] {processor.py:829} INFO - Processing file /Users/rah/Desktop/creative_projects/rah_coding_repo/projects/fin_data_project_001/finance-data-project-1/.venv/lib/python3.10/site-packages/airflow/example_dags/example_params_ui_tutorial.py for tasks to queue
[2025-06-14T23:58:32.732-0400] {logging_mixin.py:154} INFO - [2025-06-14T23:58:32.732-0400] {dagbag.py:536} INFO - Filling up the DagBag from /Users/rah/Desktop/creative_projects/rah_coding_repo/projects/fin_data_project_001/finance-data-project-1/.venv/lib/python3.10/site-packages/airflow/example_dags/example_params_ui_tutorial.py
[2025-06-14T23:58:32.793-0400] {processor.py:839} INFO - DAG(s) dict_keys(['example_params_ui_tutorial']) retrieved from /Users/rah/Desktop/creative_projects/rah_coding_repo/projects/fin_data_project_001/finance-data-project-1/.venv/lib/python3.10/site-packages/airflow/example_dags/example_params_ui_tutorial.py
[2025-06-14T23:58:32.863-0400] {logging_mixin.py:154} INFO - [2025-06-14T23:58:32.862-0400] {dag.py:2941} INFO - Sync 1 DAGs
[2025-06-14T23:58:32.867-0400] {logging_mixin.py:154} INFO - [2025-06-14T23:58:32.867-0400] {dag.py:3722} INFO - Setting next_dagrun for example_params_ui_tutorial to None, run_after=None
[2025-06-14T23:58:32.874-0400] {processor.py:179} INFO - Processing /Users/rah/Desktop/creative_projects/rah_coding_repo/projects/fin_data_project_001/finance-data-project-1/.venv/lib/python3.10/site-packages/airflow/example_dags/example_params_ui_tutorial.py took 0.146 seconds
[2025-06-14T23:59:07.406-0400] {processor.py:157} INFO - Started process (PID=50384) to work on /Users/rah/Desktop/creative_projects/rah_coding_repo/projects/fin_data_project_001/finance-data-project-1/.venv/lib/python3.10/site-packages/airflow/example_dags/example_params_ui_tutorial.py
[2025-06-14T23:59:07.410-0400] {processor.py:829} INFO - Processing file /Users/rah/Desktop/creative_projects/rah_coding_repo/projects/fin_data_project_001/finance-data-project-1/.venv/lib/python3.10/site-packages/airflow/example_dags/example_params_ui_tutorial.py for tasks to queue
[2025-06-14T23:59:07.410-0400] {logging_mixin.py:154} INFO - [2025-06-14T23:59:07.410-0400] {dagbag.py:536} INFO - Filling up the DagBag from /Users/rah/Desktop/creative_projects/rah_coding_repo/projects/fin_data_project_001/finance-data-project-1/.venv/lib/python3.10/site-packages/airflow/example_dags/example_params_ui_tutorial.py
[2025-06-14T23:59:07.478-0400] {processor.py:839} INFO - DAG(s) dict_keys(['example_params_ui_tutorial']) retrieved from /Users/rah/Desktop/creative_projects/rah_coding_repo/projects/fin_data_project_001/finance-data-project-1/.venv/lib/python3.10/site-packages/airflow/example_dags/example_params_ui_tutorial.py
[2025-06-14T23:59:07.555-0400] {logging_mixin.py:154} INFO - [2025-06-14T23:59:07.555-0400] {dag.py:2941} INFO - Sync 1 DAGs
[2025-06-14T23:59:07.559-0400] {logging_mixin.py:154} INFO - [2025-06-14T23:59:07.559-0400] {dag.py:3722} INFO - Setting next_dagrun for example_params_ui_tutorial to None, run_after=None
[2025-06-14T23:59:07.569-0400] {processor.py:179} INFO - Processing /Users/rah/Desktop/creative_projects/rah_coding_repo/projects/fin_data_project_001/finance-data-project-1/.venv/lib/python3.10/site-packages/airflow/example_dags/example_params_ui_tutorial.py took 0.163 seconds
[2025-06-14T23:59:34.656-0400] {processor.py:157} INFO - Started process (PID=50837) to work on /Users/rah/Desktop/creative_projects/rah_coding_repo/projects/fin_data_project_001/finance-data-project-1/.venv/lib/python3.10/site-packages/airflow/example_dags/example_params_ui_tutorial.py
[2025-06-14T23:59:34.659-0400] {processor.py:829} INFO - Processing file /Users/rah/Desktop/creative_projects/rah_coding_repo/projects/fin_data_project_001/finance-data-project-1/.venv/lib/python3.10/site-packages/airflow/example_dags/example_params_ui_tutorial.py for tasks to queue
[2025-06-14T23:59:34.659-0400] {logging_mixin.py:154} INFO - [2025-06-14T23:59:34.659-0400] {dagbag.py:536} INFO - Filling up the DagBag from /Users/rah/Desktop/creative_projects/rah_coding_repo/projects/fin_data_project_001/finance-data-project-1/.venv/lib/python3.10/site-packages/airflow/example_dags/example_params_ui_tutorial.py
[2025-06-14T23:59:34.728-0400] {processor.py:839} INFO - DAG(s) dict_keys(['example_params_ui_tutorial']) retrieved from /Users/rah/Desktop/creative_projects/rah_coding_repo/projects/fin_data_project_001/finance-data-project-1/.venv/lib/python3.10/site-packages/airflow/example_dags/example_params_ui_tutorial.py
[2025-06-14T23:59:34.809-0400] {logging_mixin.py:154} INFO - [2025-06-14T23:59:34.808-0400] {dag.py:2941} INFO - Sync 1 DAGs
[2025-06-14T23:59:34.813-0400] {logging_mixin.py:154} INFO - [2025-06-14T23:59:34.813-0400] {dag.py:3722} INFO - Setting next_dagrun for example_params_ui_tutorial to None, run_after=None
[2025-06-14T23:59:34.822-0400] {processor.py:179} INFO - Processing /Users/rah/Desktop/creative_projects/rah_coding_repo/projects/fin_data_project_001/finance-data-project-1/.venv/lib/python3.10/site-packages/airflow/example_dags/example_params_ui_tutorial.py took 0.166 seconds
[2025-06-14T23:59:40.931-0400] {processor.py:157} INFO - Started process (PID=50868) to work on /Users/rah/Desktop/creative_projects/rah_coding_repo/projects/fin_data_project_001/finance-data-project-1/.venv/lib/python3.10/site-packages/airflow/example_dags/example_params_ui_tutorial.py
[2025-06-14T23:59:40.933-0400] {processor.py:829} INFO - Processing file /Users/rah/Desktop/creative_projects/rah_coding_repo/projects/fin_data_project_001/finance-data-project-1/.venv/lib/python3.10/site-packages/airflow/example_dags/example_params_ui_tutorial.py for tasks to queue
[2025-06-14T23:59:40.934-0400] {logging_mixin.py:154} INFO - [2025-06-14T23:59:40.934-0400] {dagbag.py:536} INFO - Filling up the DagBag from /Users/rah/Desktop/creative_projects/rah_coding_repo/projects/fin_data_project_001/finance-data-project-1/.venv/lib/python3.10/site-packages/airflow/example_dags/example_params_ui_tutorial.py
[2025-06-14T23:59:41.001-0400] {processor.py:839} INFO - DAG(s) dict_keys(['example_params_ui_tutorial']) retrieved from /Users/rah/Desktop/creative_projects/rah_coding_repo/projects/fin_data_project_001/finance-data-project-1/.venv/lib/python3.10/site-packages/airflow/example_dags/example_params_ui_tutorial.py
[2025-06-14T23:59:41.078-0400] {logging_mixin.py:154} INFO - [2025-06-14T23:59:41.078-0400] {dag.py:2941} INFO - Sync 1 DAGs
[2025-06-14T23:59:41.082-0400] {logging_mixin.py:154} INFO - [2025-06-14T23:59:41.082-0400] {dag.py:3722} INFO - Setting next_dagrun for example_params_ui_tutorial to None, run_after=None
[2025-06-14T23:59:41.092-0400] {processor.py:179} INFO - Processing /Users/rah/Desktop/creative_projects/rah_coding_repo/projects/fin_data_project_001/finance-data-project-1/.venv/lib/python3.10/site-packages/airflow/example_dags/example_params_ui_tutorial.py took 0.161 seconds
[2025-06-15T00:00:15.343-0400] {processor.py:157} INFO - Started process (PID=51391) to work on /Users/rah/Desktop/creative_projects/rah_coding_repo/projects/fin_data_project_001/finance-data-project-1/.venv/lib/python3.10/site-packages/airflow/example_dags/example_params_ui_tutorial.py
[2025-06-15T00:00:15.346-0400] {processor.py:829} INFO - Processing file /Users/rah/Desktop/creative_projects/rah_coding_repo/projects/fin_data_project_001/finance-data-project-1/.venv/lib/python3.10/site-packages/airflow/example_dags/example_params_ui_tutorial.py for tasks to queue
[2025-06-15T00:00:15.347-0400] {logging_mixin.py:154} INFO - [2025-06-15T00:00:15.347-0400] {dagbag.py:536} INFO - Filling up the DagBag from /Users/rah/Desktop/creative_projects/rah_coding_repo/projects/fin_data_project_001/finance-data-project-1/.venv/lib/python3.10/site-packages/airflow/example_dags/example_params_ui_tutorial.py
[2025-06-15T00:00:15.410-0400] {processor.py:839} INFO - DAG(s) dict_keys(['example_params_ui_tutorial']) retrieved from /Users/rah/Desktop/creative_projects/rah_coding_repo/projects/fin_data_project_001/finance-data-project-1/.venv/lib/python3.10/site-packages/airflow/example_dags/example_params_ui_tutorial.py
[2025-06-15T00:00:15.756-0400] {logging_mixin.py:154} INFO - [2025-06-15T00:00:15.756-0400] {dag.py:2941} INFO - Sync 1 DAGs
[2025-06-15T00:00:15.760-0400] {logging_mixin.py:154} INFO - [2025-06-15T00:00:15.760-0400] {dag.py:3722} INFO - Setting next_dagrun for example_params_ui_tutorial to None, run_after=None
[2025-06-15T00:00:15.769-0400] {processor.py:179} INFO - Processing /Users/rah/Desktop/creative_projects/rah_coding_repo/projects/fin_data_project_001/finance-data-project-1/.venv/lib/python3.10/site-packages/airflow/example_dags/example_params_ui_tutorial.py took 0.427 seconds
[2025-06-15T00:00:30.321-0400] {processor.py:157} INFO - Started process (PID=51674) to work on /Users/rah/Desktop/creative_projects/rah_coding_repo/projects/fin_data_project_001/finance-data-project-1/.venv/lib/python3.10/site-packages/airflow/example_dags/example_params_ui_tutorial.py
[2025-06-15T00:00:30.324-0400] {processor.py:829} INFO - Processing file /Users/rah/Desktop/creative_projects/rah_coding_repo/projects/fin_data_project_001/finance-data-project-1/.venv/lib/python3.10/site-packages/airflow/example_dags/example_params_ui_tutorial.py for tasks to queue
[2025-06-15T00:00:30.324-0400] {logging_mixin.py:154} INFO - [2025-06-15T00:00:30.324-0400] {dagbag.py:536} INFO - Filling up the DagBag from /Users/rah/Desktop/creative_projects/rah_coding_repo/projects/fin_data_project_001/finance-data-project-1/.venv/lib/python3.10/site-packages/airflow/example_dags/example_params_ui_tutorial.py
[2025-06-15T00:00:30.388-0400] {processor.py:839} INFO - DAG(s) dict_keys(['example_params_ui_tutorial']) retrieved from /Users/rah/Desktop/creative_projects/rah_coding_repo/projects/fin_data_project_001/finance-data-project-1/.venv/lib/python3.10/site-packages/airflow/example_dags/example_params_ui_tutorial.py
[2025-06-15T00:00:30.411-0400] {logging_mixin.py:154} INFO - [2025-06-15T00:00:30.410-0400] {dag.py:2941} INFO - Sync 1 DAGs
[2025-06-15T00:00:30.446-0400] {logging_mixin.py:154} INFO - [2025-06-15T00:00:30.446-0400] {dag.py:3722} INFO - Setting next_dagrun for example_params_ui_tutorial to None, run_after=None
[2025-06-15T00:00:30.455-0400] {processor.py:179} INFO - Processing /Users/rah/Desktop/creative_projects/rah_coding_repo/projects/fin_data_project_001/finance-data-project-1/.venv/lib/python3.10/site-packages/airflow/example_dags/example_params_ui_tutorial.py took 0.134 seconds
[2025-06-15T00:01:00.025-0400] {processor.py:157} INFO - Started process (PID=52137) to work on /Users/rah/Desktop/creative_projects/rah_coding_repo/projects/fin_data_project_001/finance-data-project-1/.venv/lib/python3.10/site-packages/airflow/example_dags/example_params_ui_tutorial.py
[2025-06-15T00:01:00.027-0400] {processor.py:829} INFO - Processing file /Users/rah/Desktop/creative_projects/rah_coding_repo/projects/fin_data_project_001/finance-data-project-1/.venv/lib/python3.10/site-packages/airflow/example_dags/example_params_ui_tutorial.py for tasks to queue
[2025-06-15T00:01:00.027-0400] {logging_mixin.py:154} INFO - [2025-06-15T00:01:00.027-0400] {dagbag.py:536} INFO - Filling up the DagBag from /Users/rah/Desktop/creative_projects/rah_coding_repo/projects/fin_data_project_001/finance-data-project-1/.venv/lib/python3.10/site-packages/airflow/example_dags/example_params_ui_tutorial.py
[2025-06-15T00:01:00.095-0400] {processor.py:839} INFO - DAG(s) dict_keys(['example_params_ui_tutorial']) retrieved from /Users/rah/Desktop/creative_projects/rah_coding_repo/projects/fin_data_project_001/finance-data-project-1/.venv/lib/python3.10/site-packages/airflow/example_dags/example_params_ui_tutorial.py
[2025-06-15T00:01:00.167-0400] {logging_mixin.py:154} INFO - [2025-06-15T00:01:00.167-0400] {dag.py:2941} INFO - Sync 1 DAGs
[2025-06-15T00:01:00.171-0400] {logging_mixin.py:154} INFO - [2025-06-15T00:01:00.171-0400] {dag.py:3722} INFO - Setting next_dagrun for example_params_ui_tutorial to None, run_after=None
[2025-06-15T00:01:00.180-0400] {processor.py:179} INFO - Processing /Users/rah/Desktop/creative_projects/rah_coding_repo/projects/fin_data_project_001/finance-data-project-1/.venv/lib/python3.10/site-packages/airflow/example_dags/example_params_ui_tutorial.py took 0.156 seconds
[2025-06-15T00:01:02.177-0400] {processor.py:157} INFO - Started process (PID=52150) to work on /Users/rah/Desktop/creative_projects/rah_coding_repo/projects/fin_data_project_001/finance-data-project-1/.venv/lib/python3.10/site-packages/airflow/example_dags/example_params_ui_tutorial.py
[2025-06-15T00:01:02.180-0400] {processor.py:829} INFO - Processing file /Users/rah/Desktop/creative_projects/rah_coding_repo/projects/fin_data_project_001/finance-data-project-1/.venv/lib/python3.10/site-packages/airflow/example_dags/example_params_ui_tutorial.py for tasks to queue
[2025-06-15T00:01:02.180-0400] {logging_mixin.py:154} INFO - [2025-06-15T00:01:02.180-0400] {dagbag.py:536} INFO - Filling up the DagBag from /Users/rah/Desktop/creative_projects/rah_coding_repo/projects/fin_data_project_001/finance-data-project-1/.venv/lib/python3.10/site-packages/airflow/example_dags/example_params_ui_tutorial.py
[2025-06-15T00:01:02.246-0400] {processor.py:839} INFO - DAG(s) dict_keys(['example_params_ui_tutorial']) retrieved from /Users/rah/Desktop/creative_projects/rah_coding_repo/projects/fin_data_project_001/finance-data-project-1/.venv/lib/python3.10/site-packages/airflow/example_dags/example_params_ui_tutorial.py
[2025-06-15T00:01:02.324-0400] {logging_mixin.py:154} INFO - [2025-06-15T00:01:02.324-0400] {dag.py:2941} INFO - Sync 1 DAGs
[2025-06-15T00:01:02.329-0400] {logging_mixin.py:154} INFO - [2025-06-15T00:01:02.329-0400] {dag.py:3722} INFO - Setting next_dagrun for example_params_ui_tutorial to None, run_after=None
[2025-06-15T00:01:02.338-0400] {processor.py:179} INFO - Processing /Users/rah/Desktop/creative_projects/rah_coding_repo/projects/fin_data_project_001/finance-data-project-1/.venv/lib/python3.10/site-packages/airflow/example_dags/example_params_ui_tutorial.py took 0.162 seconds
[2025-06-15T00:01:51.810-0400] {processor.py:157} INFO - Started process (PID=52958) to work on /Users/rah/Desktop/creative_projects/rah_coding_repo/projects/fin_data_project_001/finance-data-project-1/.venv/lib/python3.10/site-packages/airflow/example_dags/example_params_ui_tutorial.py
[2025-06-15T00:01:51.813-0400] {processor.py:829} INFO - Processing file /Users/rah/Desktop/creative_projects/rah_coding_repo/projects/fin_data_project_001/finance-data-project-1/.venv/lib/python3.10/site-packages/airflow/example_dags/example_params_ui_tutorial.py for tasks to queue
[2025-06-15T00:01:51.813-0400] {logging_mixin.py:154} INFO - [2025-06-15T00:01:51.813-0400] {dagbag.py:536} INFO - Filling up the DagBag from /Users/rah/Desktop/creative_projects/rah_coding_repo/projects/fin_data_project_001/finance-data-project-1/.venv/lib/python3.10/site-packages/airflow/example_dags/example_params_ui_tutorial.py
[2025-06-15T00:01:51.883-0400] {processor.py:839} INFO - DAG(s) dict_keys(['example_params_ui_tutorial']) retrieved from /Users/rah/Desktop/creative_projects/rah_coding_repo/projects/fin_data_project_001/finance-data-project-1/.venv/lib/python3.10/site-packages/airflow/example_dags/example_params_ui_tutorial.py
[2025-06-15T00:01:51.960-0400] {logging_mixin.py:154} INFO - [2025-06-15T00:01:51.960-0400] {dag.py:2941} INFO - Sync 1 DAGs
[2025-06-15T00:01:51.965-0400] {logging_mixin.py:154} INFO - [2025-06-15T00:01:51.965-0400] {dag.py:3722} INFO - Setting next_dagrun for example_params_ui_tutorial to None, run_after=None
[2025-06-15T00:01:51.975-0400] {processor.py:179} INFO - Processing /Users/rah/Desktop/creative_projects/rah_coding_repo/projects/fin_data_project_001/finance-data-project-1/.venv/lib/python3.10/site-packages/airflow/example_dags/example_params_ui_tutorial.py took 0.165 seconds
[2025-06-15T00:02:02.489-0400] {processor.py:157} INFO - Started process (PID=53123) to work on /Users/rah/Desktop/creative_projects/rah_coding_repo/projects/fin_data_project_001/finance-data-project-1/.venv/lib/python3.10/site-packages/airflow/example_dags/example_params_ui_tutorial.py
[2025-06-15T00:02:02.492-0400] {processor.py:829} INFO - Processing file /Users/rah/Desktop/creative_projects/rah_coding_repo/projects/fin_data_project_001/finance-data-project-1/.venv/lib/python3.10/site-packages/airflow/example_dags/example_params_ui_tutorial.py for tasks to queue
[2025-06-15T00:02:02.492-0400] {logging_mixin.py:154} INFO - [2025-06-15T00:02:02.492-0400] {dagbag.py:536} INFO - Filling up the DagBag from /Users/rah/Desktop/creative_projects/rah_coding_repo/projects/fin_data_project_001/finance-data-project-1/.venv/lib/python3.10/site-packages/airflow/example_dags/example_params_ui_tutorial.py
[2025-06-15T00:02:02.558-0400] {processor.py:839} INFO - DAG(s) dict_keys(['example_params_ui_tutorial']) retrieved from /Users/rah/Desktop/creative_projects/rah_coding_repo/projects/fin_data_project_001/finance-data-project-1/.venv/lib/python3.10/site-packages/airflow/example_dags/example_params_ui_tutorial.py
[2025-06-15T00:02:02.627-0400] {logging_mixin.py:154} INFO - [2025-06-15T00:02:02.627-0400] {dag.py:2941} INFO - Sync 1 DAGs
[2025-06-15T00:02:02.631-0400] {logging_mixin.py:154} INFO - [2025-06-15T00:02:02.631-0400] {dag.py:3722} INFO - Setting next_dagrun for example_params_ui_tutorial to None, run_after=None
[2025-06-15T00:02:02.638-0400] {processor.py:179} INFO - Processing /Users/rah/Desktop/creative_projects/rah_coding_repo/projects/fin_data_project_001/finance-data-project-1/.venv/lib/python3.10/site-packages/airflow/example_dags/example_params_ui_tutorial.py took 0.150 seconds
[2025-06-15T00:07:01.583-0400] {processor.py:157} INFO - Started process (PID=57246) to work on /Users/rah/.pyenv/versions/3.10.11/lib/python3.10/site-packages/airflow/example_dags/example_params_ui_tutorial.py
[2025-06-15T00:07:01.587-0400] {processor.py:829} INFO - Processing file /Users/rah/.pyenv/versions/3.10.11/lib/python3.10/site-packages/airflow/example_dags/example_params_ui_tutorial.py for tasks to queue
[2025-06-15T00:07:01.588-0400] {logging_mixin.py:154} INFO - [2025-06-15T00:07:01.588-0400] {dagbag.py:536} INFO - Filling up the DagBag from /Users/rah/.pyenv/versions/3.10.11/lib/python3.10/site-packages/airflow/example_dags/example_params_ui_tutorial.py
[2025-06-15T00:07:01.673-0400] {processor.py:839} INFO - DAG(s) dict_keys(['example_params_ui_tutorial']) retrieved from /Users/rah/.pyenv/versions/3.10.11/lib/python3.10/site-packages/airflow/example_dags/example_params_ui_tutorial.py
[2025-06-15T00:07:01.982-0400] {logging_mixin.py:154} INFO - [2025-06-15T00:07:01.982-0400] {dag.py:2941} INFO - Sync 1 DAGs
[2025-06-15T00:07:01.985-0400] {logging_mixin.py:154} INFO - [2025-06-15T00:07:01.985-0400] {dag.py:3722} INFO - Setting next_dagrun for example_params_ui_tutorial to None, run_after=None
[2025-06-15T00:07:01.994-0400] {processor.py:179} INFO - Processing /Users/rah/.pyenv/versions/3.10.11/lib/python3.10/site-packages/airflow/example_dags/example_params_ui_tutorial.py took 0.411 seconds
[2025-06-15T00:08:29.591-0400] {processor.py:157} INFO - Started process (PID=58510) to work on /Users/rah/.pyenv/versions/3.10.11/lib/python3.10/site-packages/airflow/example_dags/example_params_ui_tutorial.py
[2025-06-15T00:08:29.594-0400] {processor.py:829} INFO - Processing file /Users/rah/.pyenv/versions/3.10.11/lib/python3.10/site-packages/airflow/example_dags/example_params_ui_tutorial.py for tasks to queue
[2025-06-15T00:08:29.594-0400] {logging_mixin.py:154} INFO - [2025-06-15T00:08:29.594-0400] {dagbag.py:536} INFO - Filling up the DagBag from /Users/rah/.pyenv/versions/3.10.11/lib/python3.10/site-packages/airflow/example_dags/example_params_ui_tutorial.py
[2025-06-15T00:08:29.678-0400] {processor.py:839} INFO - DAG(s) dict_keys(['example_params_ui_tutorial']) retrieved from /Users/rah/.pyenv/versions/3.10.11/lib/python3.10/site-packages/airflow/example_dags/example_params_ui_tutorial.py
[2025-06-15T00:08:29.752-0400] {logging_mixin.py:154} INFO - [2025-06-15T00:08:29.752-0400] {dag.py:2941} INFO - Sync 1 DAGs
[2025-06-15T00:08:29.756-0400] {logging_mixin.py:154} INFO - [2025-06-15T00:08:29.756-0400] {dag.py:3722} INFO - Setting next_dagrun for example_params_ui_tutorial to None, run_after=None
[2025-06-15T00:08:29.764-0400] {processor.py:179} INFO - Processing /Users/rah/.pyenv/versions/3.10.11/lib/python3.10/site-packages/airflow/example_dags/example_params_ui_tutorial.py took 0.173 seconds
[2025-06-15T00:10:13.226-0400] {processor.py:157} INFO - Started process (PID=60417) to work on /Users/rah/.pyenv/versions/3.10.11/lib/python3.10/site-packages/airflow/example_dags/example_params_ui_tutorial.py
[2025-06-15T00:10:13.229-0400] {processor.py:829} INFO - Processing file /Users/rah/.pyenv/versions/3.10.11/lib/python3.10/site-packages/airflow/example_dags/example_params_ui_tutorial.py for tasks to queue
[2025-06-15T00:10:13.229-0400] {logging_mixin.py:154} INFO - [2025-06-15T00:10:13.229-0400] {dagbag.py:536} INFO - Filling up the DagBag from /Users/rah/.pyenv/versions/3.10.11/lib/python3.10/site-packages/airflow/example_dags/example_params_ui_tutorial.py
[2025-06-15T00:10:13.310-0400] {processor.py:839} INFO - DAG(s) dict_keys(['example_params_ui_tutorial']) retrieved from /Users/rah/.pyenv/versions/3.10.11/lib/python3.10/site-packages/airflow/example_dags/example_params_ui_tutorial.py
[2025-06-15T00:10:13.381-0400] {logging_mixin.py:154} INFO - [2025-06-15T00:10:13.381-0400] {dag.py:2941} INFO - Sync 1 DAGs
[2025-06-15T00:10:13.384-0400] {logging_mixin.py:154} INFO - [2025-06-15T00:10:13.384-0400] {dag.py:3722} INFO - Setting next_dagrun for example_params_ui_tutorial to None, run_after=None
[2025-06-15T00:10:13.392-0400] {processor.py:179} INFO - Processing /Users/rah/.pyenv/versions/3.10.11/lib/python3.10/site-packages/airflow/example_dags/example_params_ui_tutorial.py took 0.166 seconds
[2025-06-15T00:11:52.208-0400] {processor.py:157} INFO - Started process (PID=61705) to work on /Users/rah/.pyenv/versions/3.10.11/lib/python3.10/site-packages/airflow/example_dags/example_params_ui_tutorial.py
[2025-06-15T00:11:52.211-0400] {processor.py:829} INFO - Processing file /Users/rah/.pyenv/versions/3.10.11/lib/python3.10/site-packages/airflow/example_dags/example_params_ui_tutorial.py for tasks to queue
[2025-06-15T00:11:52.211-0400] {logging_mixin.py:154} INFO - [2025-06-15T00:11:52.211-0400] {dagbag.py:536} INFO - Filling up the DagBag from /Users/rah/.pyenv/versions/3.10.11/lib/python3.10/site-packages/airflow/example_dags/example_params_ui_tutorial.py
[2025-06-15T00:11:52.291-0400] {processor.py:839} INFO - DAG(s) dict_keys(['example_params_ui_tutorial']) retrieved from /Users/rah/.pyenv/versions/3.10.11/lib/python3.10/site-packages/airflow/example_dags/example_params_ui_tutorial.py
[2025-06-15T00:11:52.361-0400] {logging_mixin.py:154} INFO - [2025-06-15T00:11:52.360-0400] {dag.py:2941} INFO - Sync 1 DAGs
[2025-06-15T00:11:52.364-0400] {logging_mixin.py:154} INFO - [2025-06-15T00:11:52.364-0400] {dag.py:3722} INFO - Setting next_dagrun for example_params_ui_tutorial to None, run_after=None
[2025-06-15T00:11:52.372-0400] {processor.py:179} INFO - Processing /Users/rah/.pyenv/versions/3.10.11/lib/python3.10/site-packages/airflow/example_dags/example_params_ui_tutorial.py took 0.165 seconds
[2025-06-15T00:13:36.654-0400] {processor.py:157} INFO - Started process (PID=63554) to work on /Users/rah/.pyenv/versions/3.10.11/lib/python3.10/site-packages/airflow/example_dags/example_params_ui_tutorial.py
[2025-06-15T00:13:36.657-0400] {processor.py:829} INFO - Processing file /Users/rah/.pyenv/versions/3.10.11/lib/python3.10/site-packages/airflow/example_dags/example_params_ui_tutorial.py for tasks to queue
[2025-06-15T00:13:36.657-0400] {logging_mixin.py:154} INFO - [2025-06-15T00:13:36.657-0400] {dagbag.py:536} INFO - Filling up the DagBag from /Users/rah/.pyenv/versions/3.10.11/lib/python3.10/site-packages/airflow/example_dags/example_params_ui_tutorial.py
[2025-06-15T00:13:36.739-0400] {processor.py:839} INFO - DAG(s) dict_keys(['example_params_ui_tutorial']) retrieved from /Users/rah/.pyenv/versions/3.10.11/lib/python3.10/site-packages/airflow/example_dags/example_params_ui_tutorial.py
[2025-06-15T00:13:36.809-0400] {logging_mixin.py:154} INFO - [2025-06-15T00:13:36.808-0400] {dag.py:2941} INFO - Sync 1 DAGs
[2025-06-15T00:13:36.812-0400] {logging_mixin.py:154} INFO - [2025-06-15T00:13:36.812-0400] {dag.py:3722} INFO - Setting next_dagrun for example_params_ui_tutorial to None, run_after=None
[2025-06-15T00:13:36.820-0400] {processor.py:179} INFO - Processing /Users/rah/.pyenv/versions/3.10.11/lib/python3.10/site-packages/airflow/example_dags/example_params_ui_tutorial.py took 0.166 seconds
[2025-06-15T00:15:16.995-0400] {processor.py:157} INFO - Started process (PID=65017) to work on /Users/rah/.pyenv/versions/3.10.11/lib/python3.10/site-packages/airflow/example_dags/example_params_ui_tutorial.py
[2025-06-15T00:15:16.998-0400] {processor.py:829} INFO - Processing file /Users/rah/.pyenv/versions/3.10.11/lib/python3.10/site-packages/airflow/example_dags/example_params_ui_tutorial.py for tasks to queue
[2025-06-15T00:15:16.998-0400] {logging_mixin.py:154} INFO - [2025-06-15T00:15:16.998-0400] {dagbag.py:536} INFO - Filling up the DagBag from /Users/rah/.pyenv/versions/3.10.11/lib/python3.10/site-packages/airflow/example_dags/example_params_ui_tutorial.py
[2025-06-15T00:15:17.081-0400] {processor.py:839} INFO - DAG(s) dict_keys(['example_params_ui_tutorial']) retrieved from /Users/rah/.pyenv/versions/3.10.11/lib/python3.10/site-packages/airflow/example_dags/example_params_ui_tutorial.py
[2025-06-15T00:15:17.153-0400] {logging_mixin.py:154} INFO - [2025-06-15T00:15:17.153-0400] {dag.py:2941} INFO - Sync 1 DAGs
[2025-06-15T00:15:17.157-0400] {logging_mixin.py:154} INFO - [2025-06-15T00:15:17.157-0400] {dag.py:3722} INFO - Setting next_dagrun for example_params_ui_tutorial to None, run_after=None
[2025-06-15T00:15:17.164-0400] {processor.py:179} INFO - Processing /Users/rah/.pyenv/versions/3.10.11/lib/python3.10/site-packages/airflow/example_dags/example_params_ui_tutorial.py took 0.170 seconds
