[2025-06-14T23:49:53.718-0400] {processor.py:157} INFO - Started process (PID=40639) to work on /Users/rah/.pyenv/versions/3.10.11/lib/python3.10/site-packages/airflow/example_dags/example_branch_labels.py
[2025-06-14T23:49:53.721-0400] {processor.py:829} INFO - Processing file /Users/rah/.pyenv/versions/3.10.11/lib/python3.10/site-packages/airflow/example_dags/example_branch_labels.py for tasks to queue
[2025-06-14T23:49:53.722-0400] {logging_mixin.py:154} INFO - [2025-06-14T23:49:53.721-0400] {dagbag.py:536} INFO - Filling up the DagBag from /Users/rah/.pyenv/versions/3.10.11/lib/python3.10/site-packages/airflow/example_dags/example_branch_labels.py
[2025-06-14T23:49:53.732-0400] {processor.py:839} INFO - DAG(s) dict_keys(['example_branch_labels']) retrieved from /Users/rah/.pyenv/versions/3.10.11/lib/python3.10/site-packages/airflow/example_dags/example_branch_labels.py
[2025-06-14T23:49:54.070-0400] {logging_mixin.py:154} INFO - [2025-06-14T23:49:54.069-0400] {manager.py:499} INFO - Created Permission View: %s
[2025-06-14T23:49:54.073-0400] {logging_mixin.py:154} INFO - [2025-06-14T23:49:54.073-0400] {manager.py:499} INFO - Created Permission View: %s
[2025-06-14T23:49:54.075-0400] {logging_mixin.py:154} INFO - [2025-06-14T23:49:54.075-0400] {manager.py:499} INFO - Created Permission View: %s
[2025-06-14T23:49:54.075-0400] {logging_mixin.py:154} INFO - [2025-06-14T23:49:54.075-0400] {dag.py:2941} INFO - Sync 1 DAGs
[2025-06-14T23:49:54.079-0400] {logging_mixin.py:154} INFO - [2025-06-14T23:49:54.079-0400] {dag.py:2963} INFO - Creating ORM DAG for example_branch_labels
[2025-06-14T23:49:54.083-0400] {logging_mixin.py:154} INFO - [2025-06-14T23:49:54.082-0400] {dag.py:3722} INFO - Setting next_dagrun for example_branch_labels to 2025-06-14T00:00:00+00:00, run_after=2025-06-15T00:00:00+00:00
[2025-06-14T23:49:54.089-0400] {processor.py:179} INFO - Processing /Users/rah/.pyenv/versions/3.10.11/lib/python3.10/site-packages/airflow/example_dags/example_branch_labels.py took 0.371 seconds
[2025-06-14T23:56:03.916-0400] {processor.py:157} INFO - Started process (PID=46911) to work on /Users/rah/Desktop/creative_projects/rah_coding_repo/projects/fin_data_project_001/finance-data-project-1/.venv/lib/python3.10/site-packages/airflow/example_dags/example_branch_labels.py
[2025-06-14T23:56:03.919-0400] {processor.py:829} INFO - Processing file /Users/rah/Desktop/creative_projects/rah_coding_repo/projects/fin_data_project_001/finance-data-project-1/.venv/lib/python3.10/site-packages/airflow/example_dags/example_branch_labels.py for tasks to queue
[2025-06-14T23:56:03.920-0400] {logging_mixin.py:154} INFO - [2025-06-14T23:56:03.920-0400] {dagbag.py:536} INFO - Filling up the DagBag from /Users/rah/Desktop/creative_projects/rah_coding_repo/projects/fin_data_project_001/finance-data-project-1/.venv/lib/python3.10/site-packages/airflow/example_dags/example_branch_labels.py
[2025-06-14T23:56:03.930-0400] {processor.py:839} INFO - DAG(s) dict_keys(['example_branch_labels']) retrieved from /Users/rah/Desktop/creative_projects/rah_coding_repo/projects/fin_data_project_001/finance-data-project-1/.venv/lib/python3.10/site-packages/airflow/example_dags/example_branch_labels.py
[2025-06-14T23:56:04.027-0400] {logging_mixin.py:154} INFO - [2025-06-14T23:56:04.027-0400] {dag.py:2941} INFO - Sync 1 DAGs
[2025-06-14T23:56:04.034-0400] {logging_mixin.py:154} INFO - [2025-06-14T23:56:04.034-0400] {dag.py:3722} INFO - Setting next_dagrun for example_branch_labels to 2025-06-14T00:00:00+00:00, run_after=2025-06-15T00:00:00+00:00
[2025-06-14T23:56:04.042-0400] {processor.py:179} INFO - Processing /Users/rah/Desktop/creative_projects/rah_coding_repo/projects/fin_data_project_001/finance-data-project-1/.venv/lib/python3.10/site-packages/airflow/example_dags/example_branch_labels.py took 0.126 seconds
[2025-06-14T23:57:05.508-0400] {processor.py:157} INFO - Started process (PID=48216) to work on /Users/rah/Desktop/creative_projects/rah_coding_repo/projects/fin_data_project_001/finance-data-project-1/.venv/lib/python3.10/site-packages/airflow/example_dags/example_branch_labels.py
[2025-06-14T23:57:05.510-0400] {processor.py:829} INFO - Processing file /Users/rah/Desktop/creative_projects/rah_coding_repo/projects/fin_data_project_001/finance-data-project-1/.venv/lib/python3.10/site-packages/airflow/example_dags/example_branch_labels.py for tasks to queue
[2025-06-14T23:57:05.511-0400] {logging_mixin.py:154} INFO - [2025-06-14T23:57:05.511-0400] {dagbag.py:536} INFO - Filling up the DagBag from /Users/rah/Desktop/creative_projects/rah_coding_repo/projects/fin_data_project_001/finance-data-project-1/.venv/lib/python3.10/site-packages/airflow/example_dags/example_branch_labels.py
[2025-06-14T23:57:05.522-0400] {processor.py:839} INFO - DAG(s) dict_keys(['example_branch_labels']) retrieved from /Users/rah/Desktop/creative_projects/rah_coding_repo/projects/fin_data_project_001/finance-data-project-1/.venv/lib/python3.10/site-packages/airflow/example_dags/example_branch_labels.py
[2025-06-14T23:57:05.622-0400] {logging_mixin.py:154} INFO - [2025-06-14T23:57:05.621-0400] {dag.py:2941} INFO - Sync 1 DAGs
[2025-06-14T23:57:05.629-0400] {logging_mixin.py:154} INFO - [2025-06-14T23:57:05.629-0400] {dag.py:3722} INFO - Setting next_dagrun for example_branch_labels to 2025-06-14T00:00:00+00:00, run_after=2025-06-15T00:00:00+00:00
[2025-06-14T23:57:05.639-0400] {processor.py:179} INFO - Processing /Users/rah/Desktop/creative_projects/rah_coding_repo/projects/fin_data_project_001/finance-data-project-1/.venv/lib/python3.10/site-packages/airflow/example_dags/example_branch_labels.py took 0.132 seconds
[2025-06-14T23:57:43.149-0400] {processor.py:157} INFO - Started process (PID=48787) to work on /Users/rah/Desktop/creative_projects/rah_coding_repo/projects/fin_data_project_001/finance-data-project-1/.venv/lib/python3.10/site-packages/airflow/example_dags/example_branch_labels.py
[2025-06-14T23:57:43.152-0400] {processor.py:829} INFO - Processing file /Users/rah/Desktop/creative_projects/rah_coding_repo/projects/fin_data_project_001/finance-data-project-1/.venv/lib/python3.10/site-packages/airflow/example_dags/example_branch_labels.py for tasks to queue
[2025-06-14T23:57:43.152-0400] {logging_mixin.py:154} INFO - [2025-06-14T23:57:43.152-0400] {dagbag.py:536} INFO - Filling up the DagBag from /Users/rah/Desktop/creative_projects/rah_coding_repo/projects/fin_data_project_001/finance-data-project-1/.venv/lib/python3.10/site-packages/airflow/example_dags/example_branch_labels.py
[2025-06-14T23:57:43.162-0400] {processor.py:839} INFO - DAG(s) dict_keys(['example_branch_labels']) retrieved from /Users/rah/Desktop/creative_projects/rah_coding_repo/projects/fin_data_project_001/finance-data-project-1/.venv/lib/python3.10/site-packages/airflow/example_dags/example_branch_labels.py
[2025-06-14T23:57:43.253-0400] {logging_mixin.py:154} INFO - [2025-06-14T23:57:43.253-0400] {dag.py:2941} INFO - Sync 1 DAGs
[2025-06-14T23:57:43.260-0400] {logging_mixin.py:154} INFO - [2025-06-14T23:57:43.260-0400] {dag.py:3722} INFO - Setting next_dagrun for example_branch_labels to 2025-06-14T00:00:00+00:00, run_after=2025-06-15T00:00:00+00:00
[2025-06-14T23:57:43.267-0400] {processor.py:179} INFO - Processing /Users/rah/Desktop/creative_projects/rah_coding_repo/projects/fin_data_project_001/finance-data-project-1/.venv/lib/python3.10/site-packages/airflow/example_dags/example_branch_labels.py took 0.118 seconds
[2025-06-14T23:57:56.572-0400] {processor.py:157} INFO - Started process (PID=48942) to work on /Users/rah/Desktop/creative_projects/rah_coding_repo/projects/fin_data_project_001/finance-data-project-1/.venv/lib/python3.10/site-packages/airflow/example_dags/example_branch_labels.py
[2025-06-14T23:57:56.574-0400] {processor.py:829} INFO - Processing file /Users/rah/Desktop/creative_projects/rah_coding_repo/projects/fin_data_project_001/finance-data-project-1/.venv/lib/python3.10/site-packages/airflow/example_dags/example_branch_labels.py for tasks to queue
[2025-06-14T23:57:56.574-0400] {logging_mixin.py:154} INFO - [2025-06-14T23:57:56.574-0400] {dagbag.py:536} INFO - Filling up the DagBag from /Users/rah/Desktop/creative_projects/rah_coding_repo/projects/fin_data_project_001/finance-data-project-1/.venv/lib/python3.10/site-packages/airflow/example_dags/example_branch_labels.py
[2025-06-14T23:57:56.586-0400] {processor.py:839} INFO - DAG(s) dict_keys(['example_branch_labels']) retrieved from /Users/rah/Desktop/creative_projects/rah_coding_repo/projects/fin_data_project_001/finance-data-project-1/.venv/lib/python3.10/site-packages/airflow/example_dags/example_branch_labels.py
[2025-06-14T23:57:56.689-0400] {logging_mixin.py:154} INFO - [2025-06-14T23:57:56.689-0400] {dag.py:2941} INFO - Sync 1 DAGs
[2025-06-14T23:57:56.697-0400] {logging_mixin.py:154} INFO - [2025-06-14T23:57:56.697-0400] {dag.py:3722} INFO - Setting next_dagrun for example_branch_labels to 2025-06-14T00:00:00+00:00, run_after=2025-06-15T00:00:00+00:00
[2025-06-14T23:57:56.707-0400] {processor.py:179} INFO - Processing /Users/rah/Desktop/creative_projects/rah_coding_repo/projects/fin_data_project_001/finance-data-project-1/.venv/lib/python3.10/site-packages/airflow/example_dags/example_branch_labels.py took 0.136 seconds
[2025-06-14T23:58:44.677-0400] {processor.py:157} INFO - Started process (PID=49658) to work on /Users/rah/Desktop/creative_projects/rah_coding_repo/projects/fin_data_project_001/finance-data-project-1/.venv/lib/python3.10/site-packages/airflow/example_dags/example_branch_labels.py
[2025-06-14T23:58:44.680-0400] {processor.py:829} INFO - Processing file /Users/rah/Desktop/creative_projects/rah_coding_repo/projects/fin_data_project_001/finance-data-project-1/.venv/lib/python3.10/site-packages/airflow/example_dags/example_branch_labels.py for tasks to queue
[2025-06-14T23:58:44.682-0400] {logging_mixin.py:154} INFO - [2025-06-14T23:58:44.682-0400] {dagbag.py:536} INFO - Filling up the DagBag from /Users/rah/Desktop/creative_projects/rah_coding_repo/projects/fin_data_project_001/finance-data-project-1/.venv/lib/python3.10/site-packages/airflow/example_dags/example_branch_labels.py
[2025-06-14T23:58:44.694-0400] {processor.py:839} INFO - DAG(s) dict_keys(['example_branch_labels']) retrieved from /Users/rah/Desktop/creative_projects/rah_coding_repo/projects/fin_data_project_001/finance-data-project-1/.venv/lib/python3.10/site-packages/airflow/example_dags/example_branch_labels.py
[2025-06-14T23:58:44.793-0400] {logging_mixin.py:154} INFO - [2025-06-14T23:58:44.793-0400] {dag.py:2941} INFO - Sync 1 DAGs
[2025-06-14T23:58:44.800-0400] {logging_mixin.py:154} INFO - [2025-06-14T23:58:44.800-0400] {dag.py:3722} INFO - Setting next_dagrun for example_branch_labels to 2025-06-14T00:00:00+00:00, run_after=2025-06-15T00:00:00+00:00
[2025-06-14T23:58:44.807-0400] {processor.py:179} INFO - Processing /Users/rah/Desktop/creative_projects/rah_coding_repo/projects/fin_data_project_001/finance-data-project-1/.venv/lib/python3.10/site-packages/airflow/example_dags/example_branch_labels.py took 0.131 seconds
[2025-06-14T23:59:20.754-0400] {processor.py:157} INFO - Started process (PID=50560) to work on /Users/rah/Desktop/creative_projects/rah_coding_repo/projects/fin_data_project_001/finance-data-project-1/.venv/lib/python3.10/site-packages/airflow/example_dags/example_branch_labels.py
[2025-06-14T23:59:20.757-0400] {processor.py:829} INFO - Processing file /Users/rah/Desktop/creative_projects/rah_coding_repo/projects/fin_data_project_001/finance-data-project-1/.venv/lib/python3.10/site-packages/airflow/example_dags/example_branch_labels.py for tasks to queue
[2025-06-14T23:59:20.758-0400] {logging_mixin.py:154} INFO - [2025-06-14T23:59:20.758-0400] {dagbag.py:536} INFO - Filling up the DagBag from /Users/rah/Desktop/creative_projects/rah_coding_repo/projects/fin_data_project_001/finance-data-project-1/.venv/lib/python3.10/site-packages/airflow/example_dags/example_branch_labels.py
[2025-06-14T23:59:20.768-0400] {processor.py:839} INFO - DAG(s) dict_keys(['example_branch_labels']) retrieved from /Users/rah/Desktop/creative_projects/rah_coding_repo/projects/fin_data_project_001/finance-data-project-1/.venv/lib/python3.10/site-packages/airflow/example_dags/example_branch_labels.py
[2025-06-14T23:59:20.870-0400] {logging_mixin.py:154} INFO - [2025-06-14T23:59:20.870-0400] {dag.py:2941} INFO - Sync 1 DAGs
[2025-06-14T23:59:20.879-0400] {logging_mixin.py:154} INFO - [2025-06-14T23:59:20.879-0400] {dag.py:3722} INFO - Setting next_dagrun for example_branch_labels to 2025-06-14T00:00:00+00:00, run_after=2025-06-15T00:00:00+00:00
[2025-06-14T23:59:20.887-0400] {processor.py:179} INFO - Processing /Users/rah/Desktop/creative_projects/rah_coding_repo/projects/fin_data_project_001/finance-data-project-1/.venv/lib/python3.10/site-packages/airflow/example_dags/example_branch_labels.py took 0.134 seconds
[2025-06-14T23:59:35.484-0400] {processor.py:157} INFO - Started process (PID=50848) to work on /Users/rah/Desktop/creative_projects/rah_coding_repo/projects/fin_data_project_001/finance-data-project-1/.venv/lib/python3.10/site-packages/airflow/example_dags/example_branch_labels.py
[2025-06-14T23:59:35.486-0400] {processor.py:829} INFO - Processing file /Users/rah/Desktop/creative_projects/rah_coding_repo/projects/fin_data_project_001/finance-data-project-1/.venv/lib/python3.10/site-packages/airflow/example_dags/example_branch_labels.py for tasks to queue
[2025-06-14T23:59:35.486-0400] {logging_mixin.py:154} INFO - [2025-06-14T23:59:35.486-0400] {dagbag.py:536} INFO - Filling up the DagBag from /Users/rah/Desktop/creative_projects/rah_coding_repo/projects/fin_data_project_001/finance-data-project-1/.venv/lib/python3.10/site-packages/airflow/example_dags/example_branch_labels.py
[2025-06-14T23:59:35.496-0400] {processor.py:839} INFO - DAG(s) dict_keys(['example_branch_labels']) retrieved from /Users/rah/Desktop/creative_projects/rah_coding_repo/projects/fin_data_project_001/finance-data-project-1/.venv/lib/python3.10/site-packages/airflow/example_dags/example_branch_labels.py
[2025-06-14T23:59:35.594-0400] {logging_mixin.py:154} INFO - [2025-06-14T23:59:35.594-0400] {dag.py:2941} INFO - Sync 1 DAGs
[2025-06-14T23:59:35.602-0400] {logging_mixin.py:154} INFO - [2025-06-14T23:59:35.602-0400] {dag.py:3722} INFO - Setting next_dagrun for example_branch_labels to 2025-06-14T00:00:00+00:00, run_after=2025-06-15T00:00:00+00:00
[2025-06-14T23:59:35.611-0400] {processor.py:179} INFO - Processing /Users/rah/Desktop/creative_projects/rah_coding_repo/projects/fin_data_project_001/finance-data-project-1/.venv/lib/python3.10/site-packages/airflow/example_dags/example_branch_labels.py took 0.128 seconds
[2025-06-15T00:00:09.205-0400] {processor.py:157} INFO - Started process (PID=51362) to work on /Users/rah/Desktop/creative_projects/rah_coding_repo/projects/fin_data_project_001/finance-data-project-1/.venv/lib/python3.10/site-packages/airflow/example_dags/example_branch_labels.py
[2025-06-15T00:00:09.209-0400] {processor.py:829} INFO - Processing file /Users/rah/Desktop/creative_projects/rah_coding_repo/projects/fin_data_project_001/finance-data-project-1/.venv/lib/python3.10/site-packages/airflow/example_dags/example_branch_labels.py for tasks to queue
[2025-06-15T00:00:09.209-0400] {logging_mixin.py:154} INFO - [2025-06-15T00:00:09.209-0400] {dagbag.py:536} INFO - Filling up the DagBag from /Users/rah/Desktop/creative_projects/rah_coding_repo/projects/fin_data_project_001/finance-data-project-1/.venv/lib/python3.10/site-packages/airflow/example_dags/example_branch_labels.py
[2025-06-15T00:00:09.219-0400] {processor.py:839} INFO - DAG(s) dict_keys(['example_branch_labels']) retrieved from /Users/rah/Desktop/creative_projects/rah_coding_repo/projects/fin_data_project_001/finance-data-project-1/.venv/lib/python3.10/site-packages/airflow/example_dags/example_branch_labels.py
[2025-06-15T00:00:09.319-0400] {logging_mixin.py:154} INFO - [2025-06-15T00:00:09.318-0400] {dag.py:2941} INFO - Sync 1 DAGs
[2025-06-15T00:00:09.326-0400] {logging_mixin.py:154} INFO - [2025-06-15T00:00:09.326-0400] {dag.py:3722} INFO - Setting next_dagrun for example_branch_labels to 2025-06-14T00:00:00+00:00, run_after=2025-06-15T00:00:00+00:00
[2025-06-15T00:00:09.334-0400] {processor.py:179} INFO - Processing /Users/rah/Desktop/creative_projects/rah_coding_repo/projects/fin_data_project_001/finance-data-project-1/.venv/lib/python3.10/site-packages/airflow/example_dags/example_branch_labels.py took 0.130 seconds
[2025-06-15T00:00:17.574-0400] {processor.py:157} INFO - Started process (PID=51506) to work on /Users/rah/Desktop/creative_projects/rah_coding_repo/projects/fin_data_project_001/finance-data-project-1/.venv/lib/python3.10/site-packages/airflow/example_dags/example_branch_labels.py
[2025-06-15T00:00:17.576-0400] {processor.py:829} INFO - Processing file /Users/rah/Desktop/creative_projects/rah_coding_repo/projects/fin_data_project_001/finance-data-project-1/.venv/lib/python3.10/site-packages/airflow/example_dags/example_branch_labels.py for tasks to queue
[2025-06-15T00:00:17.577-0400] {logging_mixin.py:154} INFO - [2025-06-15T00:00:17.577-0400] {dagbag.py:536} INFO - Filling up the DagBag from /Users/rah/Desktop/creative_projects/rah_coding_repo/projects/fin_data_project_001/finance-data-project-1/.venv/lib/python3.10/site-packages/airflow/example_dags/example_branch_labels.py
[2025-06-15T00:00:17.587-0400] {processor.py:839} INFO - DAG(s) dict_keys(['example_branch_labels']) retrieved from /Users/rah/Desktop/creative_projects/rah_coding_repo/projects/fin_data_project_001/finance-data-project-1/.venv/lib/python3.10/site-packages/airflow/example_dags/example_branch_labels.py
[2025-06-15T00:00:17.688-0400] {logging_mixin.py:154} INFO - [2025-06-15T00:00:17.688-0400] {dag.py:2941} INFO - Sync 1 DAGs
[2025-06-15T00:00:17.697-0400] {logging_mixin.py:154} INFO - [2025-06-15T00:00:17.697-0400] {dag.py:3722} INFO - Setting next_dagrun for example_branch_labels to 2025-06-14T00:00:00+00:00, run_after=2025-06-15T00:00:00+00:00
[2025-06-15T00:00:17.707-0400] {processor.py:179} INFO - Processing /Users/rah/Desktop/creative_projects/rah_coding_repo/projects/fin_data_project_001/finance-data-project-1/.venv/lib/python3.10/site-packages/airflow/example_dags/example_branch_labels.py took 0.133 seconds
[2025-06-15T00:01:03.886-0400] {processor.py:157} INFO - Started process (PID=52158) to work on /Users/rah/Desktop/creative_projects/rah_coding_repo/projects/fin_data_project_001/finance-data-project-1/.venv/lib/python3.10/site-packages/airflow/example_dags/example_branch_labels.py
[2025-06-15T00:01:03.888-0400] {processor.py:829} INFO - Processing file /Users/rah/Desktop/creative_projects/rah_coding_repo/projects/fin_data_project_001/finance-data-project-1/.venv/lib/python3.10/site-packages/airflow/example_dags/example_branch_labels.py for tasks to queue
[2025-06-15T00:01:03.889-0400] {logging_mixin.py:154} INFO - [2025-06-15T00:01:03.889-0400] {dagbag.py:536} INFO - Filling up the DagBag from /Users/rah/Desktop/creative_projects/rah_coding_repo/projects/fin_data_project_001/finance-data-project-1/.venv/lib/python3.10/site-packages/airflow/example_dags/example_branch_labels.py
[2025-06-15T00:01:03.900-0400] {processor.py:839} INFO - DAG(s) dict_keys(['example_branch_labels']) retrieved from /Users/rah/Desktop/creative_projects/rah_coding_repo/projects/fin_data_project_001/finance-data-project-1/.venv/lib/python3.10/site-packages/airflow/example_dags/example_branch_labels.py
[2025-06-15T00:01:04.006-0400] {logging_mixin.py:154} INFO - [2025-06-15T00:01:04.006-0400] {dag.py:2941} INFO - Sync 1 DAGs
[2025-06-15T00:01:04.014-0400] {logging_mixin.py:154} INFO - [2025-06-15T00:01:04.014-0400] {dag.py:3722} INFO - Setting next_dagrun for example_branch_labels to 2025-06-14T00:00:00+00:00, run_after=2025-06-15T00:00:00+00:00
[2025-06-15T00:01:04.023-0400] {processor.py:179} INFO - Processing /Users/rah/Desktop/creative_projects/rah_coding_repo/projects/fin_data_project_001/finance-data-project-1/.venv/lib/python3.10/site-packages/airflow/example_dags/example_branch_labels.py took 0.139 seconds
[2025-06-15T00:01:18.595-0400] {processor.py:157} INFO - Started process (PID=52355) to work on /Users/rah/Desktop/creative_projects/rah_coding_repo/projects/fin_data_project_001/finance-data-project-1/.venv/lib/python3.10/site-packages/airflow/example_dags/example_branch_labels.py
[2025-06-15T00:01:18.598-0400] {processor.py:829} INFO - Processing file /Users/rah/Desktop/creative_projects/rah_coding_repo/projects/fin_data_project_001/finance-data-project-1/.venv/lib/python3.10/site-packages/airflow/example_dags/example_branch_labels.py for tasks to queue
[2025-06-15T00:01:18.598-0400] {logging_mixin.py:154} INFO - [2025-06-15T00:01:18.598-0400] {dagbag.py:536} INFO - Filling up the DagBag from /Users/rah/Desktop/creative_projects/rah_coding_repo/projects/fin_data_project_001/finance-data-project-1/.venv/lib/python3.10/site-packages/airflow/example_dags/example_branch_labels.py
[2025-06-15T00:01:18.607-0400] {processor.py:839} INFO - DAG(s) dict_keys(['example_branch_labels']) retrieved from /Users/rah/Desktop/creative_projects/rah_coding_repo/projects/fin_data_project_001/finance-data-project-1/.venv/lib/python3.10/site-packages/airflow/example_dags/example_branch_labels.py
[2025-06-15T00:01:18.702-0400] {logging_mixin.py:154} INFO - [2025-06-15T00:01:18.702-0400] {dag.py:2941} INFO - Sync 1 DAGs
[2025-06-15T00:01:18.710-0400] {logging_mixin.py:154} INFO - [2025-06-15T00:01:18.710-0400] {dag.py:3722} INFO - Setting next_dagrun for example_branch_labels to 2025-06-14T00:00:00+00:00, run_after=2025-06-15T00:00:00+00:00
[2025-06-15T00:01:18.717-0400] {processor.py:179} INFO - Processing /Users/rah/Desktop/creative_projects/rah_coding_repo/projects/fin_data_project_001/finance-data-project-1/.venv/lib/python3.10/site-packages/airflow/example_dags/example_branch_labels.py took 0.122 seconds
[2025-06-15T00:01:43.394-0400] {processor.py:157} INFO - Started process (PID=52808) to work on /Users/rah/Desktop/creative_projects/rah_coding_repo/projects/fin_data_project_001/finance-data-project-1/.venv/lib/python3.10/site-packages/airflow/example_dags/example_branch_labels.py
[2025-06-15T00:01:43.396-0400] {processor.py:829} INFO - Processing file /Users/rah/Desktop/creative_projects/rah_coding_repo/projects/fin_data_project_001/finance-data-project-1/.venv/lib/python3.10/site-packages/airflow/example_dags/example_branch_labels.py for tasks to queue
[2025-06-15T00:01:43.396-0400] {logging_mixin.py:154} INFO - [2025-06-15T00:01:43.396-0400] {dagbag.py:536} INFO - Filling up the DagBag from /Users/rah/Desktop/creative_projects/rah_coding_repo/projects/fin_data_project_001/finance-data-project-1/.venv/lib/python3.10/site-packages/airflow/example_dags/example_branch_labels.py
[2025-06-15T00:01:43.407-0400] {processor.py:839} INFO - DAG(s) dict_keys(['example_branch_labels']) retrieved from /Users/rah/Desktop/creative_projects/rah_coding_repo/projects/fin_data_project_001/finance-data-project-1/.venv/lib/python3.10/site-packages/airflow/example_dags/example_branch_labels.py
[2025-06-15T00:01:43.513-0400] {logging_mixin.py:154} INFO - [2025-06-15T00:01:43.513-0400] {dag.py:2941} INFO - Sync 1 DAGs
[2025-06-15T00:01:43.522-0400] {logging_mixin.py:154} INFO - [2025-06-15T00:01:43.522-0400] {dag.py:3722} INFO - Setting next_dagrun for example_branch_labels to 2025-06-14T00:00:00+00:00, run_after=2025-06-15T00:00:00+00:00
[2025-06-15T00:01:43.532-0400] {processor.py:179} INFO - Processing /Users/rah/Desktop/creative_projects/rah_coding_repo/projects/fin_data_project_001/finance-data-project-1/.venv/lib/python3.10/site-packages/airflow/example_dags/example_branch_labels.py took 0.139 seconds
[2025-06-15T00:01:47.109-0400] {processor.py:157} INFO - Started process (PID=52825) to work on /Users/rah/Desktop/creative_projects/rah_coding_repo/projects/fin_data_project_001/finance-data-project-1/.venv/lib/python3.10/site-packages/airflow/example_dags/example_branch_labels.py
[2025-06-15T00:01:47.111-0400] {processor.py:829} INFO - Processing file /Users/rah/Desktop/creative_projects/rah_coding_repo/projects/fin_data_project_001/finance-data-project-1/.venv/lib/python3.10/site-packages/airflow/example_dags/example_branch_labels.py for tasks to queue
[2025-06-15T00:01:47.111-0400] {logging_mixin.py:154} INFO - [2025-06-15T00:01:47.111-0400] {dagbag.py:536} INFO - Filling up the DagBag from /Users/rah/Desktop/creative_projects/rah_coding_repo/projects/fin_data_project_001/finance-data-project-1/.venv/lib/python3.10/site-packages/airflow/example_dags/example_branch_labels.py
[2025-06-15T00:01:47.123-0400] {processor.py:839} INFO - DAG(s) dict_keys(['example_branch_labels']) retrieved from /Users/rah/Desktop/creative_projects/rah_coding_repo/projects/fin_data_project_001/finance-data-project-1/.venv/lib/python3.10/site-packages/airflow/example_dags/example_branch_labels.py
[2025-06-15T00:01:47.238-0400] {logging_mixin.py:154} INFO - [2025-06-15T00:01:47.238-0400] {dag.py:2941} INFO - Sync 1 DAGs
[2025-06-15T00:01:47.247-0400] {logging_mixin.py:154} INFO - [2025-06-15T00:01:47.247-0400] {dag.py:3722} INFO - Setting next_dagrun for example_branch_labels to 2025-06-14T00:00:00+00:00, run_after=2025-06-15T00:00:00+00:00
[2025-06-15T00:01:47.256-0400] {processor.py:179} INFO - Processing /Users/rah/Desktop/creative_projects/rah_coding_repo/projects/fin_data_project_001/finance-data-project-1/.venv/lib/python3.10/site-packages/airflow/example_dags/example_branch_labels.py took 0.148 seconds
[2025-06-15T00:07:33.746-0400] {processor.py:157} INFO - Started process (PID=57593) to work on /Users/rah/.pyenv/versions/3.10.11/lib/python3.10/site-packages/airflow/example_dags/example_branch_labels.py
[2025-06-15T00:07:33.750-0400] {processor.py:829} INFO - Processing file /Users/rah/.pyenv/versions/3.10.11/lib/python3.10/site-packages/airflow/example_dags/example_branch_labels.py for tasks to queue
[2025-06-15T00:07:33.750-0400] {logging_mixin.py:154} INFO - [2025-06-15T00:07:33.750-0400] {dagbag.py:536} INFO - Filling up the DagBag from /Users/rah/.pyenv/versions/3.10.11/lib/python3.10/site-packages/airflow/example_dags/example_branch_labels.py
[2025-06-15T00:07:33.760-0400] {processor.py:839} INFO - DAG(s) dict_keys(['example_branch_labels']) retrieved from /Users/rah/.pyenv/versions/3.10.11/lib/python3.10/site-packages/airflow/example_dags/example_branch_labels.py
[2025-06-15T00:07:34.102-0400] {logging_mixin.py:154} INFO - [2025-06-15T00:07:34.101-0400] {dag.py:2941} INFO - Sync 1 DAGs
[2025-06-15T00:07:34.109-0400] {logging_mixin.py:154} INFO - [2025-06-15T00:07:34.109-0400] {dag.py:3722} INFO - Setting next_dagrun for example_branch_labels to 2025-06-14T00:00:00+00:00, run_after=2025-06-15T00:00:00+00:00
[2025-06-15T00:07:34.117-0400] {processor.py:179} INFO - Processing /Users/rah/.pyenv/versions/3.10.11/lib/python3.10/site-packages/airflow/example_dags/example_branch_labels.py took 0.372 seconds
[2025-06-15T00:09:24.223-0400] {processor.py:157} INFO - Started process (PID=59585) to work on /Users/rah/.pyenv/versions/3.10.11/lib/python3.10/site-packages/airflow/example_dags/example_branch_labels.py
[2025-06-15T00:09:24.226-0400] {processor.py:829} INFO - Processing file /Users/rah/.pyenv/versions/3.10.11/lib/python3.10/site-packages/airflow/example_dags/example_branch_labels.py for tasks to queue
[2025-06-15T00:09:24.226-0400] {logging_mixin.py:154} INFO - [2025-06-15T00:09:24.226-0400] {dagbag.py:536} INFO - Filling up the DagBag from /Users/rah/.pyenv/versions/3.10.11/lib/python3.10/site-packages/airflow/example_dags/example_branch_labels.py
[2025-06-15T00:09:24.236-0400] {processor.py:839} INFO - DAG(s) dict_keys(['example_branch_labels']) retrieved from /Users/rah/.pyenv/versions/3.10.11/lib/python3.10/site-packages/airflow/example_dags/example_branch_labels.py
[2025-06-15T00:09:24.350-0400] {logging_mixin.py:154} INFO - [2025-06-15T00:09:24.350-0400] {dag.py:2941} INFO - Sync 1 DAGs
[2025-06-15T00:09:24.357-0400] {logging_mixin.py:154} INFO - [2025-06-15T00:09:24.357-0400] {dag.py:3722} INFO - Setting next_dagrun for example_branch_labels to 2025-06-14T00:00:00+00:00, run_after=2025-06-15T00:00:00+00:00
[2025-06-15T00:09:24.364-0400] {processor.py:179} INFO - Processing /Users/rah/.pyenv/versions/3.10.11/lib/python3.10/site-packages/airflow/example_dags/example_branch_labels.py took 0.142 seconds
[2025-06-15T00:11:03.970-0400] {processor.py:157} INFO - Started process (PID=61082) to work on /Users/rah/.pyenv/versions/3.10.11/lib/python3.10/site-packages/airflow/example_dags/example_branch_labels.py
[2025-06-15T00:11:03.973-0400] {processor.py:829} INFO - Processing file /Users/rah/.pyenv/versions/3.10.11/lib/python3.10/site-packages/airflow/example_dags/example_branch_labels.py for tasks to queue
[2025-06-15T00:11:03.973-0400] {logging_mixin.py:154} INFO - [2025-06-15T00:11:03.973-0400] {dagbag.py:536} INFO - Filling up the DagBag from /Users/rah/.pyenv/versions/3.10.11/lib/python3.10/site-packages/airflow/example_dags/example_branch_labels.py
[2025-06-15T00:11:03.983-0400] {processor.py:839} INFO - DAG(s) dict_keys(['example_branch_labels']) retrieved from /Users/rah/.pyenv/versions/3.10.11/lib/python3.10/site-packages/airflow/example_dags/example_branch_labels.py
[2025-06-15T00:11:04.098-0400] {logging_mixin.py:154} INFO - [2025-06-15T00:11:04.097-0400] {dag.py:2941} INFO - Sync 1 DAGs
[2025-06-15T00:11:04.105-0400] {logging_mixin.py:154} INFO - [2025-06-15T00:11:04.105-0400] {dag.py:3722} INFO - Setting next_dagrun for example_branch_labels to 2025-06-14T00:00:00+00:00, run_after=2025-06-15T00:00:00+00:00
[2025-06-15T00:11:04.112-0400] {processor.py:179} INFO - Processing /Users/rah/.pyenv/versions/3.10.11/lib/python3.10/site-packages/airflow/example_dags/example_branch_labels.py took 0.143 seconds
[2025-06-15T00:12:46.972-0400] {processor.py:157} INFO - Started process (PID=62631) to work on /Users/rah/.pyenv/versions/3.10.11/lib/python3.10/site-packages/airflow/example_dags/example_branch_labels.py
[2025-06-15T00:12:46.975-0400] {processor.py:829} INFO - Processing file /Users/rah/.pyenv/versions/3.10.11/lib/python3.10/site-packages/airflow/example_dags/example_branch_labels.py for tasks to queue
[2025-06-15T00:12:46.975-0400] {logging_mixin.py:154} INFO - [2025-06-15T00:12:46.975-0400] {dagbag.py:536} INFO - Filling up the DagBag from /Users/rah/.pyenv/versions/3.10.11/lib/python3.10/site-packages/airflow/example_dags/example_branch_labels.py
[2025-06-15T00:12:46.985-0400] {processor.py:839} INFO - DAG(s) dict_keys(['example_branch_labels']) retrieved from /Users/rah/.pyenv/versions/3.10.11/lib/python3.10/site-packages/airflow/example_dags/example_branch_labels.py
[2025-06-15T00:12:47.106-0400] {logging_mixin.py:154} INFO - [2025-06-15T00:12:47.106-0400] {dag.py:2941} INFO - Sync 1 DAGs
[2025-06-15T00:12:47.114-0400] {logging_mixin.py:154} INFO - [2025-06-15T00:12:47.114-0400] {dag.py:3722} INFO - Setting next_dagrun for example_branch_labels to 2025-06-14T00:00:00+00:00, run_after=2025-06-15T00:00:00+00:00
[2025-06-15T00:12:47.123-0400] {processor.py:179} INFO - Processing /Users/rah/.pyenv/versions/3.10.11/lib/python3.10/site-packages/airflow/example_dags/example_branch_labels.py took 0.151 seconds
[2025-06-15T00:14:27.356-0400] {processor.py:157} INFO - Started process (PID=64192) to work on /Users/rah/.pyenv/versions/3.10.11/lib/python3.10/site-packages/airflow/example_dags/example_branch_labels.py
[2025-06-15T00:14:27.359-0400] {processor.py:829} INFO - Processing file /Users/rah/.pyenv/versions/3.10.11/lib/python3.10/site-packages/airflow/example_dags/example_branch_labels.py for tasks to queue
[2025-06-15T00:14:27.359-0400] {logging_mixin.py:154} INFO - [2025-06-15T00:14:27.359-0400] {dagbag.py:536} INFO - Filling up the DagBag from /Users/rah/.pyenv/versions/3.10.11/lib/python3.10/site-packages/airflow/example_dags/example_branch_labels.py
[2025-06-15T00:14:27.368-0400] {processor.py:839} INFO - DAG(s) dict_keys(['example_branch_labels']) retrieved from /Users/rah/.pyenv/versions/3.10.11/lib/python3.10/site-packages/airflow/example_dags/example_branch_labels.py
[2025-06-15T00:14:27.476-0400] {logging_mixin.py:154} INFO - [2025-06-15T00:14:27.476-0400] {dag.py:2941} INFO - Sync 1 DAGs
[2025-06-15T00:14:27.484-0400] {logging_mixin.py:154} INFO - [2025-06-15T00:14:27.484-0400] {dag.py:3722} INFO - Setting next_dagrun for example_branch_labels to 2025-06-14T00:00:00+00:00, run_after=2025-06-15T00:00:00+00:00
[2025-06-15T00:14:27.491-0400] {processor.py:179} INFO - Processing /Users/rah/.pyenv/versions/3.10.11/lib/python3.10/site-packages/airflow/example_dags/example_branch_labels.py took 0.135 seconds
[2025-06-15T00:16:11.609-0400] {processor.py:157} INFO - Started process (PID=66825) to work on /Users/rah/.pyenv/versions/3.10.11/lib/python3.10/site-packages/airflow/example_dags/example_branch_labels.py
[2025-06-15T00:16:11.612-0400] {processor.py:829} INFO - Processing file /Users/rah/.pyenv/versions/3.10.11/lib/python3.10/site-packages/airflow/example_dags/example_branch_labels.py for tasks to queue
[2025-06-15T00:16:11.612-0400] {logging_mixin.py:154} INFO - [2025-06-15T00:16:11.612-0400] {dagbag.py:536} INFO - Filling up the DagBag from /Users/rah/.pyenv/versions/3.10.11/lib/python3.10/site-packages/airflow/example_dags/example_branch_labels.py
[2025-06-15T00:16:11.623-0400] {processor.py:839} INFO - DAG(s) dict_keys(['example_branch_labels']) retrieved from /Users/rah/.pyenv/versions/3.10.11/lib/python3.10/site-packages/airflow/example_dags/example_branch_labels.py
[2025-06-15T00:16:11.746-0400] {logging_mixin.py:154} INFO - [2025-06-15T00:16:11.746-0400] {dag.py:2941} INFO - Sync 1 DAGs
[2025-06-15T00:16:11.754-0400] {logging_mixin.py:154} INFO - [2025-06-15T00:16:11.754-0400] {dag.py:3722} INFO - Setting next_dagrun for example_branch_labels to 2025-06-14T00:00:00+00:00, run_after=2025-06-15T00:00:00+00:00
[2025-06-15T00:16:11.763-0400] {processor.py:179} INFO - Processing /Users/rah/.pyenv/versions/3.10.11/lib/python3.10/site-packages/airflow/example_dags/example_branch_labels.py took 0.155 seconds
