[2025-06-14T23:48:53.162-0400] {processor.py:157} INFO - Started process (PID=39918) to work on /Users/rah/.pyenv/versions/3.10.11/lib/python3.10/site-packages/airflow/example_dags/example_time_delta_sensor_async.py
[2025-06-14T23:48:53.165-0400] {processor.py:829} INFO - Processing file /Users/rah/.pyenv/versions/3.10.11/lib/python3.10/site-packages/airflow/example_dags/example_time_delta_sensor_async.py for tasks to queue
[2025-06-14T23:48:53.165-0400] {logging_mixin.py:154} INFO - [2025-06-14T23:48:53.165-0400] {dagbag.py:536} INFO - Filling up the DagBag from /Users/rah/.pyenv/versions/3.10.11/lib/python3.10/site-packages/airflow/example_dags/example_time_delta_sensor_async.py
[2025-06-14T23:48:53.174-0400] {processor.py:839} INFO - DAG(s) dict_keys(['example_time_delta_sensor_async']) retrieved from /Users/rah/.pyenv/versions/3.10.11/lib/python3.10/site-packages/airflow/example_dags/example_time_delta_sensor_async.py
[2025-06-14T23:48:53.536-0400] {logging_mixin.py:154} INFO - [2025-06-14T23:48:53.535-0400] {manager.py:499} INFO - Created Permission View: %s
[2025-06-14T23:48:53.539-0400] {logging_mixin.py:154} INFO - [2025-06-14T23:48:53.539-0400] {manager.py:499} INFO - Created Permission View: %s
[2025-06-14T23:48:53.542-0400] {logging_mixin.py:154} INFO - [2025-06-14T23:48:53.542-0400] {manager.py:499} INFO - Created Permission View: %s
[2025-06-14T23:48:53.542-0400] {logging_mixin.py:154} INFO - [2025-06-14T23:48:53.542-0400] {dag.py:2941} INFO - Sync 1 DAGs
[2025-06-14T23:48:53.547-0400] {logging_mixin.py:154} INFO - [2025-06-14T23:48:53.547-0400] {dag.py:2963} INFO - Creating ORM DAG for example_time_delta_sensor_async
[2025-06-14T23:48:53.547-0400] {logging_mixin.py:154} INFO - [2025-06-14T23:48:53.547-0400] {dag.py:3722} INFO - Setting next_dagrun for example_time_delta_sensor_async to None, run_after=None
[2025-06-14T23:48:53.555-0400] {processor.py:179} INFO - Processing /Users/rah/.pyenv/versions/3.10.11/lib/python3.10/site-packages/airflow/example_dags/example_time_delta_sensor_async.py took 0.393 seconds
[2025-06-14T23:50:25.428-0400] {processor.py:157} INFO - Started process (PID=41014) to work on /Users/rah/.pyenv/versions/3.10.11/lib/python3.10/site-packages/airflow/example_dags/example_time_delta_sensor_async.py
[2025-06-14T23:50:25.432-0400] {processor.py:829} INFO - Processing file /Users/rah/.pyenv/versions/3.10.11/lib/python3.10/site-packages/airflow/example_dags/example_time_delta_sensor_async.py for tasks to queue
[2025-06-14T23:50:25.432-0400] {logging_mixin.py:154} INFO - [2025-06-14T23:50:25.432-0400] {dagbag.py:536} INFO - Filling up the DagBag from /Users/rah/.pyenv/versions/3.10.11/lib/python3.10/site-packages/airflow/example_dags/example_time_delta_sensor_async.py
[2025-06-14T23:50:25.442-0400] {processor.py:839} INFO - DAG(s) dict_keys(['example_time_delta_sensor_async']) retrieved from /Users/rah/.pyenv/versions/3.10.11/lib/python3.10/site-packages/airflow/example_dags/example_time_delta_sensor_async.py
[2025-06-14T23:50:25.559-0400] {logging_mixin.py:154} INFO - [2025-06-14T23:50:25.559-0400] {dag.py:2941} INFO - Sync 1 DAGs
[2025-06-14T23:50:25.563-0400] {logging_mixin.py:154} INFO - [2025-06-14T23:50:25.563-0400] {dag.py:3722} INFO - Setting next_dagrun for example_time_delta_sensor_async to None, run_after=None
[2025-06-14T23:50:25.570-0400] {processor.py:179} INFO - Processing /Users/rah/.pyenv/versions/3.10.11/lib/python3.10/site-packages/airflow/example_dags/example_time_delta_sensor_async.py took 0.142 seconds
[2025-06-14T23:55:11.531-0400] {processor.py:157} INFO - Started process (PID=45745) to work on /Users/rah/Desktop/creative_projects/rah_coding_repo/projects/fin_data_project_001/finance-data-project-1/.venv/lib/python3.10/site-packages/airflow/example_dags/example_time_delta_sensor_async.py
[2025-06-14T23:55:11.534-0400] {processor.py:829} INFO - Processing file /Users/rah/Desktop/creative_projects/rah_coding_repo/projects/fin_data_project_001/finance-data-project-1/.venv/lib/python3.10/site-packages/airflow/example_dags/example_time_delta_sensor_async.py for tasks to queue
[2025-06-14T23:55:11.535-0400] {logging_mixin.py:154} INFO - [2025-06-14T23:55:11.535-0400] {dagbag.py:536} INFO - Filling up the DagBag from /Users/rah/Desktop/creative_projects/rah_coding_repo/projects/fin_data_project_001/finance-data-project-1/.venv/lib/python3.10/site-packages/airflow/example_dags/example_time_delta_sensor_async.py
[2025-06-14T23:55:11.543-0400] {processor.py:839} INFO - DAG(s) dict_keys(['example_time_delta_sensor_async']) retrieved from /Users/rah/Desktop/creative_projects/rah_coding_repo/projects/fin_data_project_001/finance-data-project-1/.venv/lib/python3.10/site-packages/airflow/example_dags/example_time_delta_sensor_async.py
[2025-06-14T23:55:11.638-0400] {logging_mixin.py:154} INFO - [2025-06-14T23:55:11.638-0400] {dag.py:2941} INFO - Sync 1 DAGs
[2025-06-14T23:55:11.642-0400] {logging_mixin.py:154} INFO - [2025-06-14T23:55:11.642-0400] {dag.py:3722} INFO - Setting next_dagrun for example_time_delta_sensor_async to None, run_after=None
[2025-06-14T23:55:11.650-0400] {processor.py:179} INFO - Processing /Users/rah/Desktop/creative_projects/rah_coding_repo/projects/fin_data_project_001/finance-data-project-1/.venv/lib/python3.10/site-packages/airflow/example_dags/example_time_delta_sensor_async.py took 0.119 seconds
[2025-06-14T23:56:14.856-0400] {processor.py:157} INFO - Started process (PID=47065) to work on /Users/rah/Desktop/creative_projects/rah_coding_repo/projects/fin_data_project_001/finance-data-project-1/.venv/lib/python3.10/site-packages/airflow/example_dags/example_time_delta_sensor_async.py
[2025-06-14T23:56:14.859-0400] {processor.py:829} INFO - Processing file /Users/rah/Desktop/creative_projects/rah_coding_repo/projects/fin_data_project_001/finance-data-project-1/.venv/lib/python3.10/site-packages/airflow/example_dags/example_time_delta_sensor_async.py for tasks to queue
[2025-06-14T23:56:14.859-0400] {logging_mixin.py:154} INFO - [2025-06-14T23:56:14.859-0400] {dagbag.py:536} INFO - Filling up the DagBag from /Users/rah/Desktop/creative_projects/rah_coding_repo/projects/fin_data_project_001/finance-data-project-1/.venv/lib/python3.10/site-packages/airflow/example_dags/example_time_delta_sensor_async.py
[2025-06-14T23:56:14.867-0400] {processor.py:839} INFO - DAG(s) dict_keys(['example_time_delta_sensor_async']) retrieved from /Users/rah/Desktop/creative_projects/rah_coding_repo/projects/fin_data_project_001/finance-data-project-1/.venv/lib/python3.10/site-packages/airflow/example_dags/example_time_delta_sensor_async.py
[2025-06-14T23:56:14.966-0400] {logging_mixin.py:154} INFO - [2025-06-14T23:56:14.965-0400] {dag.py:2941} INFO - Sync 1 DAGs
[2025-06-14T23:56:14.970-0400] {logging_mixin.py:154} INFO - [2025-06-14T23:56:14.970-0400] {dag.py:3722} INFO - Setting next_dagrun for example_time_delta_sensor_async to None, run_after=None
[2025-06-14T23:56:14.978-0400] {processor.py:179} INFO - Processing /Users/rah/Desktop/creative_projects/rah_coding_repo/projects/fin_data_project_001/finance-data-project-1/.venv/lib/python3.10/site-packages/airflow/example_dags/example_time_delta_sensor_async.py took 0.123 seconds
[2025-06-14T23:56:33.664-0400] {processor.py:157} INFO - Started process (PID=47374) to work on /Users/rah/Desktop/creative_projects/rah_coding_repo/projects/fin_data_project_001/finance-data-project-1/.venv/lib/python3.10/site-packages/airflow/example_dags/example_time_delta_sensor_async.py
[2025-06-14T23:56:33.667-0400] {processor.py:829} INFO - Processing file /Users/rah/Desktop/creative_projects/rah_coding_repo/projects/fin_data_project_001/finance-data-project-1/.venv/lib/python3.10/site-packages/airflow/example_dags/example_time_delta_sensor_async.py for tasks to queue
[2025-06-14T23:56:33.667-0400] {logging_mixin.py:154} INFO - [2025-06-14T23:56:33.667-0400] {dagbag.py:536} INFO - Filling up the DagBag from /Users/rah/Desktop/creative_projects/rah_coding_repo/projects/fin_data_project_001/finance-data-project-1/.venv/lib/python3.10/site-packages/airflow/example_dags/example_time_delta_sensor_async.py
[2025-06-14T23:56:33.677-0400] {processor.py:839} INFO - DAG(s) dict_keys(['example_time_delta_sensor_async']) retrieved from /Users/rah/Desktop/creative_projects/rah_coding_repo/projects/fin_data_project_001/finance-data-project-1/.venv/lib/python3.10/site-packages/airflow/example_dags/example_time_delta_sensor_async.py
[2025-06-14T23:56:33.784-0400] {logging_mixin.py:154} INFO - [2025-06-14T23:56:33.784-0400] {dag.py:2941} INFO - Sync 1 DAGs
[2025-06-14T23:56:33.788-0400] {logging_mixin.py:154} INFO - [2025-06-14T23:56:33.788-0400] {dag.py:3722} INFO - Setting next_dagrun for example_time_delta_sensor_async to None, run_after=None
[2025-06-14T23:56:33.797-0400] {processor.py:179} INFO - Processing /Users/rah/Desktop/creative_projects/rah_coding_repo/projects/fin_data_project_001/finance-data-project-1/.venv/lib/python3.10/site-packages/airflow/example_dags/example_time_delta_sensor_async.py took 0.133 seconds
[2025-06-14T23:57:07.265-0400] {processor.py:157} INFO - Started process (PID=48330) to work on /Users/rah/Desktop/creative_projects/rah_coding_repo/projects/fin_data_project_001/finance-data-project-1/.venv/lib/python3.10/site-packages/airflow/example_dags/example_time_delta_sensor_async.py
[2025-06-14T23:57:07.268-0400] {processor.py:829} INFO - Processing file /Users/rah/Desktop/creative_projects/rah_coding_repo/projects/fin_data_project_001/finance-data-project-1/.venv/lib/python3.10/site-packages/airflow/example_dags/example_time_delta_sensor_async.py for tasks to queue
[2025-06-14T23:57:07.268-0400] {logging_mixin.py:154} INFO - [2025-06-14T23:57:07.268-0400] {dagbag.py:536} INFO - Filling up the DagBag from /Users/rah/Desktop/creative_projects/rah_coding_repo/projects/fin_data_project_001/finance-data-project-1/.venv/lib/python3.10/site-packages/airflow/example_dags/example_time_delta_sensor_async.py
[2025-06-14T23:57:07.279-0400] {processor.py:839} INFO - DAG(s) dict_keys(['example_time_delta_sensor_async']) retrieved from /Users/rah/Desktop/creative_projects/rah_coding_repo/projects/fin_data_project_001/finance-data-project-1/.venv/lib/python3.10/site-packages/airflow/example_dags/example_time_delta_sensor_async.py
[2025-06-14T23:57:07.387-0400] {logging_mixin.py:154} INFO - [2025-06-14T23:57:07.387-0400] {dag.py:2941} INFO - Sync 1 DAGs
[2025-06-14T23:57:07.391-0400] {logging_mixin.py:154} INFO - [2025-06-14T23:57:07.391-0400] {dag.py:3722} INFO - Setting next_dagrun for example_time_delta_sensor_async to None, run_after=None
[2025-06-14T23:57:07.401-0400] {processor.py:179} INFO - Processing /Users/rah/Desktop/creative_projects/rah_coding_repo/projects/fin_data_project_001/finance-data-project-1/.venv/lib/python3.10/site-packages/airflow/example_dags/example_time_delta_sensor_async.py took 0.136 seconds
[2025-06-14T23:57:35.575-0400] {processor.py:157} INFO - Started process (PID=48653) to work on /Users/rah/Desktop/creative_projects/rah_coding_repo/projects/fin_data_project_001/finance-data-project-1/.venv/lib/python3.10/site-packages/airflow/example_dags/example_time_delta_sensor_async.py
[2025-06-14T23:57:35.577-0400] {processor.py:829} INFO - Processing file /Users/rah/Desktop/creative_projects/rah_coding_repo/projects/fin_data_project_001/finance-data-project-1/.venv/lib/python3.10/site-packages/airflow/example_dags/example_time_delta_sensor_async.py for tasks to queue
[2025-06-14T23:57:35.577-0400] {logging_mixin.py:154} INFO - [2025-06-14T23:57:35.577-0400] {dagbag.py:536} INFO - Filling up the DagBag from /Users/rah/Desktop/creative_projects/rah_coding_repo/projects/fin_data_project_001/finance-data-project-1/.venv/lib/python3.10/site-packages/airflow/example_dags/example_time_delta_sensor_async.py
[2025-06-14T23:57:35.588-0400] {processor.py:839} INFO - DAG(s) dict_keys(['example_time_delta_sensor_async']) retrieved from /Users/rah/Desktop/creative_projects/rah_coding_repo/projects/fin_data_project_001/finance-data-project-1/.venv/lib/python3.10/site-packages/airflow/example_dags/example_time_delta_sensor_async.py
[2025-06-14T23:57:35.689-0400] {logging_mixin.py:154} INFO - [2025-06-14T23:57:35.689-0400] {dag.py:2941} INFO - Sync 1 DAGs
[2025-06-14T23:57:35.693-0400] {logging_mixin.py:154} INFO - [2025-06-14T23:57:35.693-0400] {dag.py:3722} INFO - Setting next_dagrun for example_time_delta_sensor_async to None, run_after=None
[2025-06-14T23:57:35.702-0400] {processor.py:179} INFO - Processing /Users/rah/Desktop/creative_projects/rah_coding_repo/projects/fin_data_project_001/finance-data-project-1/.venv/lib/python3.10/site-packages/airflow/example_dags/example_time_delta_sensor_async.py took 0.128 seconds
[2025-06-14T23:58:07.653-0400] {processor.py:157} INFO - Started process (PID=49087) to work on /Users/rah/Desktop/creative_projects/rah_coding_repo/projects/fin_data_project_001/finance-data-project-1/.venv/lib/python3.10/site-packages/airflow/example_dags/example_time_delta_sensor_async.py
[2025-06-14T23:58:07.656-0400] {processor.py:829} INFO - Processing file /Users/rah/Desktop/creative_projects/rah_coding_repo/projects/fin_data_project_001/finance-data-project-1/.venv/lib/python3.10/site-packages/airflow/example_dags/example_time_delta_sensor_async.py for tasks to queue
[2025-06-14T23:58:07.656-0400] {logging_mixin.py:154} INFO - [2025-06-14T23:58:07.656-0400] {dagbag.py:536} INFO - Filling up the DagBag from /Users/rah/Desktop/creative_projects/rah_coding_repo/projects/fin_data_project_001/finance-data-project-1/.venv/lib/python3.10/site-packages/airflow/example_dags/example_time_delta_sensor_async.py
[2025-06-14T23:58:07.666-0400] {processor.py:839} INFO - DAG(s) dict_keys(['example_time_delta_sensor_async']) retrieved from /Users/rah/Desktop/creative_projects/rah_coding_repo/projects/fin_data_project_001/finance-data-project-1/.venv/lib/python3.10/site-packages/airflow/example_dags/example_time_delta_sensor_async.py
[2025-06-14T23:58:07.771-0400] {logging_mixin.py:154} INFO - [2025-06-14T23:58:07.771-0400] {dag.py:2941} INFO - Sync 1 DAGs
[2025-06-14T23:58:07.775-0400] {logging_mixin.py:154} INFO - [2025-06-14T23:58:07.775-0400] {dag.py:3722} INFO - Setting next_dagrun for example_time_delta_sensor_async to None, run_after=None
[2025-06-14T23:58:07.784-0400] {processor.py:179} INFO - Processing /Users/rah/Desktop/creative_projects/rah_coding_repo/projects/fin_data_project_001/finance-data-project-1/.venv/lib/python3.10/site-packages/airflow/example_dags/example_time_delta_sensor_async.py took 0.131 seconds
[2025-06-14T23:58:25.349-0400] {processor.py:157} INFO - Started process (PID=49365) to work on /Users/rah/Desktop/creative_projects/rah_coding_repo/projects/fin_data_project_001/finance-data-project-1/.venv/lib/python3.10/site-packages/airflow/example_dags/example_time_delta_sensor_async.py
[2025-06-14T23:58:25.352-0400] {processor.py:829} INFO - Processing file /Users/rah/Desktop/creative_projects/rah_coding_repo/projects/fin_data_project_001/finance-data-project-1/.venv/lib/python3.10/site-packages/airflow/example_dags/example_time_delta_sensor_async.py for tasks to queue
[2025-06-14T23:58:25.352-0400] {logging_mixin.py:154} INFO - [2025-06-14T23:58:25.352-0400] {dagbag.py:536} INFO - Filling up the DagBag from /Users/rah/Desktop/creative_projects/rah_coding_repo/projects/fin_data_project_001/finance-data-project-1/.venv/lib/python3.10/site-packages/airflow/example_dags/example_time_delta_sensor_async.py
[2025-06-14T23:58:25.361-0400] {processor.py:839} INFO - DAG(s) dict_keys(['example_time_delta_sensor_async']) retrieved from /Users/rah/Desktop/creative_projects/rah_coding_repo/projects/fin_data_project_001/finance-data-project-1/.venv/lib/python3.10/site-packages/airflow/example_dags/example_time_delta_sensor_async.py
[2025-06-14T23:58:25.469-0400] {logging_mixin.py:154} INFO - [2025-06-14T23:58:25.469-0400] {dag.py:2941} INFO - Sync 1 DAGs
[2025-06-14T23:58:25.473-0400] {logging_mixin.py:154} INFO - [2025-06-14T23:58:25.473-0400] {dag.py:3722} INFO - Setting next_dagrun for example_time_delta_sensor_async to None, run_after=None
[2025-06-14T23:58:25.483-0400] {processor.py:179} INFO - Processing /Users/rah/Desktop/creative_projects/rah_coding_repo/projects/fin_data_project_001/finance-data-project-1/.venv/lib/python3.10/site-packages/airflow/example_dags/example_time_delta_sensor_async.py took 0.135 seconds
[2025-06-14T23:59:10.265-0400] {processor.py:157} INFO - Started process (PID=50400) to work on /Users/rah/Desktop/creative_projects/rah_coding_repo/projects/fin_data_project_001/finance-data-project-1/.venv/lib/python3.10/site-packages/airflow/example_dags/example_time_delta_sensor_async.py
[2025-06-14T23:59:10.267-0400] {processor.py:829} INFO - Processing file /Users/rah/Desktop/creative_projects/rah_coding_repo/projects/fin_data_project_001/finance-data-project-1/.venv/lib/python3.10/site-packages/airflow/example_dags/example_time_delta_sensor_async.py for tasks to queue
[2025-06-14T23:59:10.267-0400] {logging_mixin.py:154} INFO - [2025-06-14T23:59:10.267-0400] {dagbag.py:536} INFO - Filling up the DagBag from /Users/rah/Desktop/creative_projects/rah_coding_repo/projects/fin_data_project_001/finance-data-project-1/.venv/lib/python3.10/site-packages/airflow/example_dags/example_time_delta_sensor_async.py
[2025-06-14T23:59:10.276-0400] {processor.py:839} INFO - DAG(s) dict_keys(['example_time_delta_sensor_async']) retrieved from /Users/rah/Desktop/creative_projects/rah_coding_repo/projects/fin_data_project_001/finance-data-project-1/.venv/lib/python3.10/site-packages/airflow/example_dags/example_time_delta_sensor_async.py
[2025-06-14T23:59:10.376-0400] {logging_mixin.py:154} INFO - [2025-06-14T23:59:10.376-0400] {dag.py:2941} INFO - Sync 1 DAGs
[2025-06-14T23:59:10.380-0400] {logging_mixin.py:154} INFO - [2025-06-14T23:59:10.380-0400] {dag.py:3722} INFO - Setting next_dagrun for example_time_delta_sensor_async to None, run_after=None
[2025-06-14T23:59:10.390-0400] {processor.py:179} INFO - Processing /Users/rah/Desktop/creative_projects/rah_coding_repo/projects/fin_data_project_001/finance-data-project-1/.venv/lib/python3.10/site-packages/airflow/example_dags/example_time_delta_sensor_async.py took 0.126 seconds
[2025-06-14T23:59:12.989-0400] {processor.py:157} INFO - Started process (PID=50418) to work on /Users/rah/Desktop/creative_projects/rah_coding_repo/projects/fin_data_project_001/finance-data-project-1/.venv/lib/python3.10/site-packages/airflow/example_dags/example_time_delta_sensor_async.py
[2025-06-14T23:59:12.992-0400] {processor.py:829} INFO - Processing file /Users/rah/Desktop/creative_projects/rah_coding_repo/projects/fin_data_project_001/finance-data-project-1/.venv/lib/python3.10/site-packages/airflow/example_dags/example_time_delta_sensor_async.py for tasks to queue
[2025-06-14T23:59:12.992-0400] {logging_mixin.py:154} INFO - [2025-06-14T23:59:12.992-0400] {dagbag.py:536} INFO - Filling up the DagBag from /Users/rah/Desktop/creative_projects/rah_coding_repo/projects/fin_data_project_001/finance-data-project-1/.venv/lib/python3.10/site-packages/airflow/example_dags/example_time_delta_sensor_async.py
[2025-06-14T23:59:13.001-0400] {processor.py:839} INFO - DAG(s) dict_keys(['example_time_delta_sensor_async']) retrieved from /Users/rah/Desktop/creative_projects/rah_coding_repo/projects/fin_data_project_001/finance-data-project-1/.venv/lib/python3.10/site-packages/airflow/example_dags/example_time_delta_sensor_async.py
[2025-06-14T23:59:13.102-0400] {logging_mixin.py:154} INFO - [2025-06-14T23:59:13.102-0400] {dag.py:2941} INFO - Sync 1 DAGs
[2025-06-14T23:59:13.106-0400] {logging_mixin.py:154} INFO - [2025-06-14T23:59:13.106-0400] {dag.py:3722} INFO - Setting next_dagrun for example_time_delta_sensor_async to None, run_after=None
[2025-06-14T23:59:13.115-0400] {processor.py:179} INFO - Processing /Users/rah/Desktop/creative_projects/rah_coding_repo/projects/fin_data_project_001/finance-data-project-1/.venv/lib/python3.10/site-packages/airflow/example_dags/example_time_delta_sensor_async.py took 0.126 seconds
[2025-06-14T23:59:50.992-0400] {processor.py:157} INFO - Started process (PID=51033) to work on /Users/rah/Desktop/creative_projects/rah_coding_repo/projects/fin_data_project_001/finance-data-project-1/.venv/lib/python3.10/site-packages/airflow/example_dags/example_time_delta_sensor_async.py
[2025-06-14T23:59:50.995-0400] {processor.py:829} INFO - Processing file /Users/rah/Desktop/creative_projects/rah_coding_repo/projects/fin_data_project_001/finance-data-project-1/.venv/lib/python3.10/site-packages/airflow/example_dags/example_time_delta_sensor_async.py for tasks to queue
[2025-06-14T23:59:50.995-0400] {logging_mixin.py:154} INFO - [2025-06-14T23:59:50.995-0400] {dagbag.py:536} INFO - Filling up the DagBag from /Users/rah/Desktop/creative_projects/rah_coding_repo/projects/fin_data_project_001/finance-data-project-1/.venv/lib/python3.10/site-packages/airflow/example_dags/example_time_delta_sensor_async.py
[2025-06-14T23:59:51.005-0400] {processor.py:839} INFO - DAG(s) dict_keys(['example_time_delta_sensor_async']) retrieved from /Users/rah/Desktop/creative_projects/rah_coding_repo/projects/fin_data_project_001/finance-data-project-1/.venv/lib/python3.10/site-packages/airflow/example_dags/example_time_delta_sensor_async.py
[2025-06-14T23:59:51.115-0400] {logging_mixin.py:154} INFO - [2025-06-14T23:59:51.115-0400] {dag.py:2941} INFO - Sync 1 DAGs
[2025-06-14T23:59:51.119-0400] {logging_mixin.py:154} INFO - [2025-06-14T23:59:51.119-0400] {dag.py:3722} INFO - Setting next_dagrun for example_time_delta_sensor_async to None, run_after=None
[2025-06-14T23:59:51.129-0400] {processor.py:179} INFO - Processing /Users/rah/Desktop/creative_projects/rah_coding_repo/projects/fin_data_project_001/finance-data-project-1/.venv/lib/python3.10/site-packages/airflow/example_dags/example_time_delta_sensor_async.py took 0.138 seconds
[2025-06-15T00:00:05.874-0400] {processor.py:157} INFO - Started process (PID=51239) to work on /Users/rah/Desktop/creative_projects/rah_coding_repo/projects/fin_data_project_001/finance-data-project-1/.venv/lib/python3.10/site-packages/airflow/example_dags/example_time_delta_sensor_async.py
[2025-06-15T00:00:05.876-0400] {processor.py:829} INFO - Processing file /Users/rah/Desktop/creative_projects/rah_coding_repo/projects/fin_data_project_001/finance-data-project-1/.venv/lib/python3.10/site-packages/airflow/example_dags/example_time_delta_sensor_async.py for tasks to queue
[2025-06-15T00:00:05.876-0400] {logging_mixin.py:154} INFO - [2025-06-15T00:00:05.876-0400] {dagbag.py:536} INFO - Filling up the DagBag from /Users/rah/Desktop/creative_projects/rah_coding_repo/projects/fin_data_project_001/finance-data-project-1/.venv/lib/python3.10/site-packages/airflow/example_dags/example_time_delta_sensor_async.py
[2025-06-15T00:00:05.886-0400] {processor.py:839} INFO - DAG(s) dict_keys(['example_time_delta_sensor_async']) retrieved from /Users/rah/Desktop/creative_projects/rah_coding_repo/projects/fin_data_project_001/finance-data-project-1/.venv/lib/python3.10/site-packages/airflow/example_dags/example_time_delta_sensor_async.py
[2025-06-15T00:00:06.052-0400] {logging_mixin.py:154} INFO - [2025-06-15T00:00:06.051-0400] {dag.py:2941} INFO - Sync 1 DAGs
[2025-06-15T00:00:06.056-0400] {logging_mixin.py:154} INFO - [2025-06-15T00:00:06.056-0400] {dag.py:3722} INFO - Setting next_dagrun for example_time_delta_sensor_async to None, run_after=None
[2025-06-15T00:00:06.068-0400] {processor.py:179} INFO - Processing /Users/rah/Desktop/creative_projects/rah_coding_repo/projects/fin_data_project_001/finance-data-project-1/.venv/lib/python3.10/site-packages/airflow/example_dags/example_time_delta_sensor_async.py took 0.195 seconds
[2025-06-15T00:00:36.891-0400] {processor.py:157} INFO - Started process (PID=51706) to work on /Users/rah/Desktop/creative_projects/rah_coding_repo/projects/fin_data_project_001/finance-data-project-1/.venv/lib/python3.10/site-packages/airflow/example_dags/example_time_delta_sensor_async.py
[2025-06-15T00:00:36.893-0400] {processor.py:829} INFO - Processing file /Users/rah/Desktop/creative_projects/rah_coding_repo/projects/fin_data_project_001/finance-data-project-1/.venv/lib/python3.10/site-packages/airflow/example_dags/example_time_delta_sensor_async.py for tasks to queue
[2025-06-15T00:00:36.893-0400] {logging_mixin.py:154} INFO - [2025-06-15T00:00:36.893-0400] {dagbag.py:536} INFO - Filling up the DagBag from /Users/rah/Desktop/creative_projects/rah_coding_repo/projects/fin_data_project_001/finance-data-project-1/.venv/lib/python3.10/site-packages/airflow/example_dags/example_time_delta_sensor_async.py
[2025-06-15T00:00:36.903-0400] {processor.py:839} INFO - DAG(s) dict_keys(['example_time_delta_sensor_async']) retrieved from /Users/rah/Desktop/creative_projects/rah_coding_repo/projects/fin_data_project_001/finance-data-project-1/.venv/lib/python3.10/site-packages/airflow/example_dags/example_time_delta_sensor_async.py
[2025-06-15T00:00:37.004-0400] {logging_mixin.py:154} INFO - [2025-06-15T00:00:37.003-0400] {dag.py:2941} INFO - Sync 1 DAGs
[2025-06-15T00:00:37.008-0400] {logging_mixin.py:154} INFO - [2025-06-15T00:00:37.007-0400] {dag.py:3722} INFO - Setting next_dagrun for example_time_delta_sensor_async to None, run_after=None
[2025-06-15T00:00:37.016-0400] {processor.py:179} INFO - Processing /Users/rah/Desktop/creative_projects/rah_coding_repo/projects/fin_data_project_001/finance-data-project-1/.venv/lib/python3.10/site-packages/airflow/example_dags/example_time_delta_sensor_async.py took 0.126 seconds
[2025-06-15T00:00:40.678-0400] {processor.py:157} INFO - Started process (PID=51829) to work on /Users/rah/Desktop/creative_projects/rah_coding_repo/projects/fin_data_project_001/finance-data-project-1/.venv/lib/python3.10/site-packages/airflow/example_dags/example_time_delta_sensor_async.py
[2025-06-15T00:00:40.680-0400] {processor.py:829} INFO - Processing file /Users/rah/Desktop/creative_projects/rah_coding_repo/projects/fin_data_project_001/finance-data-project-1/.venv/lib/python3.10/site-packages/airflow/example_dags/example_time_delta_sensor_async.py for tasks to queue
[2025-06-15T00:00:40.681-0400] {logging_mixin.py:154} INFO - [2025-06-15T00:00:40.681-0400] {dagbag.py:536} INFO - Filling up the DagBag from /Users/rah/Desktop/creative_projects/rah_coding_repo/projects/fin_data_project_001/finance-data-project-1/.venv/lib/python3.10/site-packages/airflow/example_dags/example_time_delta_sensor_async.py
[2025-06-15T00:00:40.691-0400] {processor.py:839} INFO - DAG(s) dict_keys(['example_time_delta_sensor_async']) retrieved from /Users/rah/Desktop/creative_projects/rah_coding_repo/projects/fin_data_project_001/finance-data-project-1/.venv/lib/python3.10/site-packages/airflow/example_dags/example_time_delta_sensor_async.py
[2025-06-15T00:00:40.797-0400] {logging_mixin.py:154} INFO - [2025-06-15T00:00:40.796-0400] {dag.py:2941} INFO - Sync 1 DAGs
[2025-06-15T00:00:40.800-0400] {logging_mixin.py:154} INFO - [2025-06-15T00:00:40.800-0400] {dag.py:3722} INFO - Setting next_dagrun for example_time_delta_sensor_async to None, run_after=None
[2025-06-15T00:00:40.809-0400] {processor.py:179} INFO - Processing /Users/rah/Desktop/creative_projects/rah_coding_repo/projects/fin_data_project_001/finance-data-project-1/.venv/lib/python3.10/site-packages/airflow/example_dags/example_time_delta_sensor_async.py took 0.132 seconds
[2025-06-15T00:00:58.219-0400] {processor.py:157} INFO - Started process (PID=52022) to work on /Users/rah/Desktop/creative_projects/rah_coding_repo/projects/fin_data_project_001/finance-data-project-1/.venv/lib/python3.10/site-packages/airflow/example_dags/example_time_delta_sensor_async.py
[2025-06-15T00:00:58.221-0400] {processor.py:829} INFO - Processing file /Users/rah/Desktop/creative_projects/rah_coding_repo/projects/fin_data_project_001/finance-data-project-1/.venv/lib/python3.10/site-packages/airflow/example_dags/example_time_delta_sensor_async.py for tasks to queue
[2025-06-15T00:00:58.222-0400] {logging_mixin.py:154} INFO - [2025-06-15T00:00:58.221-0400] {dagbag.py:536} INFO - Filling up the DagBag from /Users/rah/Desktop/creative_projects/rah_coding_repo/projects/fin_data_project_001/finance-data-project-1/.venv/lib/python3.10/site-packages/airflow/example_dags/example_time_delta_sensor_async.py
[2025-06-15T00:00:58.232-0400] {processor.py:839} INFO - DAG(s) dict_keys(['example_time_delta_sensor_async']) retrieved from /Users/rah/Desktop/creative_projects/rah_coding_repo/projects/fin_data_project_001/finance-data-project-1/.venv/lib/python3.10/site-packages/airflow/example_dags/example_time_delta_sensor_async.py
[2025-06-15T00:00:58.335-0400] {logging_mixin.py:154} INFO - [2025-06-15T00:00:58.335-0400] {dag.py:2941} INFO - Sync 1 DAGs
[2025-06-15T00:00:58.339-0400] {logging_mixin.py:154} INFO - [2025-06-15T00:00:58.339-0400] {dag.py:3722} INFO - Setting next_dagrun for example_time_delta_sensor_async to None, run_after=None
[2025-06-15T00:00:58.348-0400] {processor.py:179} INFO - Processing /Users/rah/Desktop/creative_projects/rah_coding_repo/projects/fin_data_project_001/finance-data-project-1/.venv/lib/python3.10/site-packages/airflow/example_dags/example_time_delta_sensor_async.py took 0.130 seconds
[2025-06-15T00:01:27.696-0400] {processor.py:157} INFO - Started process (PID=52512) to work on /Users/rah/Desktop/creative_projects/rah_coding_repo/projects/fin_data_project_001/finance-data-project-1/.venv/lib/python3.10/site-packages/airflow/example_dags/example_time_delta_sensor_async.py
[2025-06-15T00:01:27.699-0400] {processor.py:829} INFO - Processing file /Users/rah/Desktop/creative_projects/rah_coding_repo/projects/fin_data_project_001/finance-data-project-1/.venv/lib/python3.10/site-packages/airflow/example_dags/example_time_delta_sensor_async.py for tasks to queue
[2025-06-15T00:01:27.699-0400] {logging_mixin.py:154} INFO - [2025-06-15T00:01:27.699-0400] {dagbag.py:536} INFO - Filling up the DagBag from /Users/rah/Desktop/creative_projects/rah_coding_repo/projects/fin_data_project_001/finance-data-project-1/.venv/lib/python3.10/site-packages/airflow/example_dags/example_time_delta_sensor_async.py
[2025-06-15T00:01:27.711-0400] {processor.py:839} INFO - DAG(s) dict_keys(['example_time_delta_sensor_async']) retrieved from /Users/rah/Desktop/creative_projects/rah_coding_repo/projects/fin_data_project_001/finance-data-project-1/.venv/lib/python3.10/site-packages/airflow/example_dags/example_time_delta_sensor_async.py
[2025-06-15T00:01:27.827-0400] {logging_mixin.py:154} INFO - [2025-06-15T00:01:27.826-0400] {dag.py:2941} INFO - Sync 1 DAGs
[2025-06-15T00:01:27.831-0400] {logging_mixin.py:154} INFO - [2025-06-15T00:01:27.831-0400] {dag.py:3722} INFO - Setting next_dagrun for example_time_delta_sensor_async to None, run_after=None
[2025-06-15T00:01:27.840-0400] {processor.py:179} INFO - Processing /Users/rah/Desktop/creative_projects/rah_coding_repo/projects/fin_data_project_001/finance-data-project-1/.venv/lib/python3.10/site-packages/airflow/example_dags/example_time_delta_sensor_async.py took 0.145 seconds
[2025-06-15T00:02:09.288-0400] {processor.py:157} INFO - Started process (PID=53161) to work on /Users/rah/Desktop/creative_projects/rah_coding_repo/projects/fin_data_project_001/finance-data-project-1/.venv/lib/python3.10/site-packages/airflow/example_dags/example_time_delta_sensor_async.py
[2025-06-15T00:02:09.290-0400] {processor.py:829} INFO - Processing file /Users/rah/Desktop/creative_projects/rah_coding_repo/projects/fin_data_project_001/finance-data-project-1/.venv/lib/python3.10/site-packages/airflow/example_dags/example_time_delta_sensor_async.py for tasks to queue
[2025-06-15T00:02:09.291-0400] {logging_mixin.py:154} INFO - [2025-06-15T00:02:09.290-0400] {dagbag.py:536} INFO - Filling up the DagBag from /Users/rah/Desktop/creative_projects/rah_coding_repo/projects/fin_data_project_001/finance-data-project-1/.venv/lib/python3.10/site-packages/airflow/example_dags/example_time_delta_sensor_async.py
[2025-06-15T00:02:09.301-0400] {processor.py:839} INFO - DAG(s) dict_keys(['example_time_delta_sensor_async']) retrieved from /Users/rah/Desktop/creative_projects/rah_coding_repo/projects/fin_data_project_001/finance-data-project-1/.venv/lib/python3.10/site-packages/airflow/example_dags/example_time_delta_sensor_async.py
[2025-06-15T00:02:09.417-0400] {logging_mixin.py:154} INFO - [2025-06-15T00:02:09.416-0400] {dag.py:2941} INFO - Sync 1 DAGs
[2025-06-15T00:02:09.421-0400] {logging_mixin.py:154} INFO - [2025-06-15T00:02:09.421-0400] {dag.py:3722} INFO - Setting next_dagrun for example_time_delta_sensor_async to None, run_after=None
[2025-06-15T00:02:09.431-0400] {processor.py:179} INFO - Processing /Users/rah/Desktop/creative_projects/rah_coding_repo/projects/fin_data_project_001/finance-data-project-1/.venv/lib/python3.10/site-packages/airflow/example_dags/example_time_delta_sensor_async.py took 0.143 seconds
[2025-06-15T00:02:15.364-0400] {processor.py:157} INFO - Started process (PID=53306) to work on /Users/rah/Desktop/creative_projects/rah_coding_repo/projects/fin_data_project_001/finance-data-project-1/.venv/lib/python3.10/site-packages/airflow/example_dags/example_time_delta_sensor_async.py
[2025-06-15T00:02:15.366-0400] {processor.py:829} INFO - Processing file /Users/rah/Desktop/creative_projects/rah_coding_repo/projects/fin_data_project_001/finance-data-project-1/.venv/lib/python3.10/site-packages/airflow/example_dags/example_time_delta_sensor_async.py for tasks to queue
[2025-06-15T00:02:15.367-0400] {logging_mixin.py:154} INFO - [2025-06-15T00:02:15.367-0400] {dagbag.py:536} INFO - Filling up the DagBag from /Users/rah/Desktop/creative_projects/rah_coding_repo/projects/fin_data_project_001/finance-data-project-1/.venv/lib/python3.10/site-packages/airflow/example_dags/example_time_delta_sensor_async.py
[2025-06-15T00:02:15.377-0400] {processor.py:839} INFO - DAG(s) dict_keys(['example_time_delta_sensor_async']) retrieved from /Users/rah/Desktop/creative_projects/rah_coding_repo/projects/fin_data_project_001/finance-data-project-1/.venv/lib/python3.10/site-packages/airflow/example_dags/example_time_delta_sensor_async.py
[2025-06-15T00:02:15.481-0400] {logging_mixin.py:154} INFO - [2025-06-15T00:02:15.481-0400] {dag.py:2941} INFO - Sync 1 DAGs
[2025-06-15T00:02:15.485-0400] {logging_mixin.py:154} INFO - [2025-06-15T00:02:15.485-0400] {dag.py:3722} INFO - Setting next_dagrun for example_time_delta_sensor_async to None, run_after=None
[2025-06-15T00:02:15.496-0400] {processor.py:179} INFO - Processing /Users/rah/Desktop/creative_projects/rah_coding_repo/projects/fin_data_project_001/finance-data-project-1/.venv/lib/python3.10/site-packages/airflow/example_dags/example_time_delta_sensor_async.py took 0.132 seconds
[2025-06-15T00:03:14.190-0400] {processor.py:157} INFO - Started process (PID=54176) to work on /Users/rah/.pyenv/versions/3.10.11/lib/python3.10/site-packages/airflow/example_dags/example_time_delta_sensor_async.py
[2025-06-15T00:03:14.193-0400] {processor.py:829} INFO - Processing file /Users/rah/.pyenv/versions/3.10.11/lib/python3.10/site-packages/airflow/example_dags/example_time_delta_sensor_async.py for tasks to queue
[2025-06-15T00:03:14.194-0400] {logging_mixin.py:154} INFO - [2025-06-15T00:03:14.194-0400] {dagbag.py:536} INFO - Filling up the DagBag from /Users/rah/.pyenv/versions/3.10.11/lib/python3.10/site-packages/airflow/example_dags/example_time_delta_sensor_async.py
[2025-06-15T00:03:14.204-0400] {processor.py:839} INFO - DAG(s) dict_keys(['example_time_delta_sensor_async']) retrieved from /Users/rah/.pyenv/versions/3.10.11/lib/python3.10/site-packages/airflow/example_dags/example_time_delta_sensor_async.py
[2025-06-15T00:03:14.606-0400] {logging_mixin.py:154} INFO - [2025-06-15T00:03:14.605-0400] {dag.py:2941} INFO - Sync 1 DAGs
[2025-06-15T00:03:14.609-0400] {logging_mixin.py:154} INFO - [2025-06-15T00:03:14.609-0400] {dag.py:3722} INFO - Setting next_dagrun for example_time_delta_sensor_async to None, run_after=None
[2025-06-15T00:03:14.619-0400] {processor.py:179} INFO - Processing /Users/rah/.pyenv/versions/3.10.11/lib/python3.10/site-packages/airflow/example_dags/example_time_delta_sensor_async.py took 0.429 seconds
[2025-06-15T00:06:35.965-0400] {processor.py:157} INFO - Started process (PID=57006) to work on /Users/rah/.pyenv/versions/3.10.11/lib/python3.10/site-packages/airflow/example_dags/example_time_delta_sensor_async.py
[2025-06-15T00:06:35.968-0400] {processor.py:829} INFO - Processing file /Users/rah/.pyenv/versions/3.10.11/lib/python3.10/site-packages/airflow/example_dags/example_time_delta_sensor_async.py for tasks to queue
[2025-06-15T00:06:35.969-0400] {logging_mixin.py:154} INFO - [2025-06-15T00:06:35.969-0400] {dagbag.py:536} INFO - Filling up the DagBag from /Users/rah/.pyenv/versions/3.10.11/lib/python3.10/site-packages/airflow/example_dags/example_time_delta_sensor_async.py
[2025-06-15T00:06:35.978-0400] {processor.py:839} INFO - DAG(s) dict_keys(['example_time_delta_sensor_async']) retrieved from /Users/rah/.pyenv/versions/3.10.11/lib/python3.10/site-packages/airflow/example_dags/example_time_delta_sensor_async.py
[2025-06-15T00:06:36.101-0400] {logging_mixin.py:154} INFO - [2025-06-15T00:06:36.101-0400] {dag.py:2941} INFO - Sync 1 DAGs
[2025-06-15T00:06:36.105-0400] {logging_mixin.py:154} INFO - [2025-06-15T00:06:36.105-0400] {dag.py:3722} INFO - Setting next_dagrun for example_time_delta_sensor_async to None, run_after=None
[2025-06-15T00:06:36.113-0400] {processor.py:179} INFO - Processing /Users/rah/.pyenv/versions/3.10.11/lib/python3.10/site-packages/airflow/example_dags/example_time_delta_sensor_async.py took 0.149 seconds
[2025-06-15T00:08:05.161-0400] {processor.py:157} INFO - Started process (PID=57950) to work on /Users/rah/.pyenv/versions/3.10.11/lib/python3.10/site-packages/airflow/example_dags/example_time_delta_sensor_async.py
[2025-06-15T00:08:05.164-0400] {processor.py:829} INFO - Processing file /Users/rah/.pyenv/versions/3.10.11/lib/python3.10/site-packages/airflow/example_dags/example_time_delta_sensor_async.py for tasks to queue
[2025-06-15T00:08:05.164-0400] {logging_mixin.py:154} INFO - [2025-06-15T00:08:05.164-0400] {dagbag.py:536} INFO - Filling up the DagBag from /Users/rah/.pyenv/versions/3.10.11/lib/python3.10/site-packages/airflow/example_dags/example_time_delta_sensor_async.py
[2025-06-15T00:08:05.173-0400] {processor.py:839} INFO - DAG(s) dict_keys(['example_time_delta_sensor_async']) retrieved from /Users/rah/.pyenv/versions/3.10.11/lib/python3.10/site-packages/airflow/example_dags/example_time_delta_sensor_async.py
[2025-06-15T00:08:05.299-0400] {logging_mixin.py:154} INFO - [2025-06-15T00:08:05.299-0400] {dag.py:2941} INFO - Sync 1 DAGs
[2025-06-15T00:08:05.303-0400] {logging_mixin.py:154} INFO - [2025-06-15T00:08:05.303-0400] {dag.py:3722} INFO - Setting next_dagrun for example_time_delta_sensor_async to None, run_after=None
[2025-06-15T00:08:05.312-0400] {processor.py:179} INFO - Processing /Users/rah/.pyenv/versions/3.10.11/lib/python3.10/site-packages/airflow/example_dags/example_time_delta_sensor_async.py took 0.151 seconds
[2025-06-15T00:09:01.084-0400] {processor.py:157} INFO - Started process (PID=58911) to work on /Users/rah/.pyenv/versions/3.10.11/lib/python3.10/site-packages/airflow/example_dags/example_time_delta_sensor_async.py
[2025-06-15T00:09:01.087-0400] {processor.py:829} INFO - Processing file /Users/rah/.pyenv/versions/3.10.11/lib/python3.10/site-packages/airflow/example_dags/example_time_delta_sensor_async.py for tasks to queue
[2025-06-15T00:09:01.087-0400] {logging_mixin.py:154} INFO - [2025-06-15T00:09:01.087-0400] {dagbag.py:536} INFO - Filling up the DagBag from /Users/rah/.pyenv/versions/3.10.11/lib/python3.10/site-packages/airflow/example_dags/example_time_delta_sensor_async.py
[2025-06-15T00:09:01.097-0400] {processor.py:839} INFO - DAG(s) dict_keys(['example_time_delta_sensor_async']) retrieved from /Users/rah/.pyenv/versions/3.10.11/lib/python3.10/site-packages/airflow/example_dags/example_time_delta_sensor_async.py
[2025-06-15T00:09:01.225-0400] {logging_mixin.py:154} INFO - [2025-06-15T00:09:01.225-0400] {dag.py:2941} INFO - Sync 1 DAGs
[2025-06-15T00:09:01.229-0400] {logging_mixin.py:154} INFO - [2025-06-15T00:09:01.229-0400] {dag.py:3722} INFO - Setting next_dagrun for example_time_delta_sensor_async to None, run_after=None
[2025-06-15T00:09:01.237-0400] {processor.py:179} INFO - Processing /Users/rah/.pyenv/versions/3.10.11/lib/python3.10/site-packages/airflow/example_dags/example_time_delta_sensor_async.py took 0.153 seconds
[2025-06-15T00:10:41.677-0400] {processor.py:157} INFO - Started process (PID=60821) to work on /Users/rah/.pyenv/versions/3.10.11/lib/python3.10/site-packages/airflow/example_dags/example_time_delta_sensor_async.py
[2025-06-15T00:10:41.680-0400] {processor.py:829} INFO - Processing file /Users/rah/.pyenv/versions/3.10.11/lib/python3.10/site-packages/airflow/example_dags/example_time_delta_sensor_async.py for tasks to queue
[2025-06-15T00:10:41.680-0400] {logging_mixin.py:154} INFO - [2025-06-15T00:10:41.680-0400] {dagbag.py:536} INFO - Filling up the DagBag from /Users/rah/.pyenv/versions/3.10.11/lib/python3.10/site-packages/airflow/example_dags/example_time_delta_sensor_async.py
[2025-06-15T00:10:41.689-0400] {processor.py:839} INFO - DAG(s) dict_keys(['example_time_delta_sensor_async']) retrieved from /Users/rah/.pyenv/versions/3.10.11/lib/python3.10/site-packages/airflow/example_dags/example_time_delta_sensor_async.py
[2025-06-15T00:10:41.806-0400] {logging_mixin.py:154} INFO - [2025-06-15T00:10:41.805-0400] {dag.py:2941} INFO - Sync 1 DAGs
[2025-06-15T00:10:41.809-0400] {logging_mixin.py:154} INFO - [2025-06-15T00:10:41.809-0400] {dag.py:3722} INFO - Setting next_dagrun for example_time_delta_sensor_async to None, run_after=None
[2025-06-15T00:10:41.817-0400] {processor.py:179} INFO - Processing /Users/rah/.pyenv/versions/3.10.11/lib/python3.10/site-packages/airflow/example_dags/example_time_delta_sensor_async.py took 0.140 seconds
[2025-06-15T00:12:23.470-0400] {processor.py:157} INFO - Started process (PID=62388) to work on /Users/rah/.pyenv/versions/3.10.11/lib/python3.10/site-packages/airflow/example_dags/example_time_delta_sensor_async.py
[2025-06-15T00:12:23.473-0400] {processor.py:829} INFO - Processing file /Users/rah/.pyenv/versions/3.10.11/lib/python3.10/site-packages/airflow/example_dags/example_time_delta_sensor_async.py for tasks to queue
[2025-06-15T00:12:23.473-0400] {logging_mixin.py:154} INFO - [2025-06-15T00:12:23.473-0400] {dagbag.py:536} INFO - Filling up the DagBag from /Users/rah/.pyenv/versions/3.10.11/lib/python3.10/site-packages/airflow/example_dags/example_time_delta_sensor_async.py
[2025-06-15T00:12:23.482-0400] {processor.py:839} INFO - DAG(s) dict_keys(['example_time_delta_sensor_async']) retrieved from /Users/rah/.pyenv/versions/3.10.11/lib/python3.10/site-packages/airflow/example_dags/example_time_delta_sensor_async.py
[2025-06-15T00:12:23.601-0400] {logging_mixin.py:154} INFO - [2025-06-15T00:12:23.601-0400] {dag.py:2941} INFO - Sync 1 DAGs
[2025-06-15T00:12:23.605-0400] {logging_mixin.py:154} INFO - [2025-06-15T00:12:23.605-0400] {dag.py:3722} INFO - Setting next_dagrun for example_time_delta_sensor_async to None, run_after=None
[2025-06-15T00:12:23.612-0400] {processor.py:179} INFO - Processing /Users/rah/.pyenv/versions/3.10.11/lib/python3.10/site-packages/airflow/example_dags/example_time_delta_sensor_async.py took 0.143 seconds
[2025-06-15T00:14:06.300-0400] {processor.py:157} INFO - Started process (PID=63931) to work on /Users/rah/.pyenv/versions/3.10.11/lib/python3.10/site-packages/airflow/example_dags/example_time_delta_sensor_async.py
[2025-06-15T00:14:06.303-0400] {processor.py:829} INFO - Processing file /Users/rah/.pyenv/versions/3.10.11/lib/python3.10/site-packages/airflow/example_dags/example_time_delta_sensor_async.py for tasks to queue
[2025-06-15T00:14:06.303-0400] {logging_mixin.py:154} INFO - [2025-06-15T00:14:06.303-0400] {dagbag.py:536} INFO - Filling up the DagBag from /Users/rah/.pyenv/versions/3.10.11/lib/python3.10/site-packages/airflow/example_dags/example_time_delta_sensor_async.py
[2025-06-15T00:14:06.312-0400] {processor.py:839} INFO - DAG(s) dict_keys(['example_time_delta_sensor_async']) retrieved from /Users/rah/.pyenv/versions/3.10.11/lib/python3.10/site-packages/airflow/example_dags/example_time_delta_sensor_async.py
[2025-06-15T00:14:06.429-0400] {logging_mixin.py:154} INFO - [2025-06-15T00:14:06.429-0400] {dag.py:2941} INFO - Sync 1 DAGs
[2025-06-15T00:14:06.432-0400] {logging_mixin.py:154} INFO - [2025-06-15T00:14:06.432-0400] {dag.py:3722} INFO - Setting next_dagrun for example_time_delta_sensor_async to None, run_after=None
[2025-06-15T00:14:06.440-0400] {processor.py:179} INFO - Processing /Users/rah/.pyenv/versions/3.10.11/lib/python3.10/site-packages/airflow/example_dags/example_time_delta_sensor_async.py took 0.141 seconds
[2025-06-15T00:15:48.008-0400] {processor.py:157} INFO - Started process (PID=66467) to work on /Users/rah/.pyenv/versions/3.10.11/lib/python3.10/site-packages/airflow/example_dags/example_time_delta_sensor_async.py
[2025-06-15T00:15:48.011-0400] {processor.py:829} INFO - Processing file /Users/rah/.pyenv/versions/3.10.11/lib/python3.10/site-packages/airflow/example_dags/example_time_delta_sensor_async.py for tasks to queue
[2025-06-15T00:15:48.011-0400] {logging_mixin.py:154} INFO - [2025-06-15T00:15:48.011-0400] {dagbag.py:536} INFO - Filling up the DagBag from /Users/rah/.pyenv/versions/3.10.11/lib/python3.10/site-packages/airflow/example_dags/example_time_delta_sensor_async.py
[2025-06-15T00:15:48.020-0400] {processor.py:839} INFO - DAG(s) dict_keys(['example_time_delta_sensor_async']) retrieved from /Users/rah/.pyenv/versions/3.10.11/lib/python3.10/site-packages/airflow/example_dags/example_time_delta_sensor_async.py
[2025-06-15T00:15:48.136-0400] {logging_mixin.py:154} INFO - [2025-06-15T00:15:48.136-0400] {dag.py:2941} INFO - Sync 1 DAGs
[2025-06-15T00:15:48.140-0400] {logging_mixin.py:154} INFO - [2025-06-15T00:15:48.140-0400] {dag.py:3722} INFO - Setting next_dagrun for example_time_delta_sensor_async to None, run_after=None
[2025-06-15T00:15:48.147-0400] {processor.py:179} INFO - Processing /Users/rah/.pyenv/versions/3.10.11/lib/python3.10/site-packages/airflow/example_dags/example_time_delta_sensor_async.py took 0.140 seconds
[2025-06-15T00:16:41.850-0400] {processor.py:157} INFO - Started process (PID=67472) to work on /Users/rah/.pyenv/versions/3.10.11/lib/python3.10/site-packages/airflow/example_dags/example_time_delta_sensor_async.py
[2025-06-15T00:16:41.852-0400] {processor.py:829} INFO - Processing file /Users/rah/.pyenv/versions/3.10.11/lib/python3.10/site-packages/airflow/example_dags/example_time_delta_sensor_async.py for tasks to queue
[2025-06-15T00:16:41.853-0400] {logging_mixin.py:154} INFO - [2025-06-15T00:16:41.853-0400] {dagbag.py:536} INFO - Filling up the DagBag from /Users/rah/.pyenv/versions/3.10.11/lib/python3.10/site-packages/airflow/example_dags/example_time_delta_sensor_async.py
[2025-06-15T00:16:41.861-0400] {processor.py:839} INFO - DAG(s) dict_keys(['example_time_delta_sensor_async']) retrieved from /Users/rah/.pyenv/versions/3.10.11/lib/python3.10/site-packages/airflow/example_dags/example_time_delta_sensor_async.py
[2025-06-15T00:16:41.976-0400] {logging_mixin.py:154} INFO - [2025-06-15T00:16:41.976-0400] {dag.py:2941} INFO - Sync 1 DAGs
[2025-06-15T00:16:41.980-0400] {logging_mixin.py:154} INFO - [2025-06-15T00:16:41.980-0400] {dag.py:3722} INFO - Setting next_dagrun for example_time_delta_sensor_async to None, run_after=None
[2025-06-15T00:16:41.987-0400] {processor.py:179} INFO - Processing /Users/rah/.pyenv/versions/3.10.11/lib/python3.10/site-packages/airflow/example_dags/example_time_delta_sensor_async.py took 0.138 seconds
[2025-06-15T00:17:34.892-0400] {processor.py:157} INFO - Started process (PID=72538) to work on /Users/rah/.pyenv/versions/3.10.11/lib/python3.10/site-packages/airflow/example_dags/example_time_delta_sensor_async.py
[2025-06-15T00:17:34.895-0400] {processor.py:829} INFO - Processing file /Users/rah/.pyenv/versions/3.10.11/lib/python3.10/site-packages/airflow/example_dags/example_time_delta_sensor_async.py for tasks to queue
[2025-06-15T00:17:34.895-0400] {logging_mixin.py:154} INFO - [2025-06-15T00:17:34.895-0400] {dagbag.py:536} INFO - Filling up the DagBag from /Users/rah/.pyenv/versions/3.10.11/lib/python3.10/site-packages/airflow/example_dags/example_time_delta_sensor_async.py
[2025-06-15T00:17:34.905-0400] {processor.py:839} INFO - DAG(s) dict_keys(['example_time_delta_sensor_async']) retrieved from /Users/rah/.pyenv/versions/3.10.11/lib/python3.10/site-packages/airflow/example_dags/example_time_delta_sensor_async.py
[2025-06-15T00:17:35.023-0400] {logging_mixin.py:154} INFO - [2025-06-15T00:17:35.023-0400] {dag.py:2941} INFO - Sync 1 DAGs
[2025-06-15T00:17:35.027-0400] {logging_mixin.py:154} INFO - [2025-06-15T00:17:35.027-0400] {dag.py:3722} INFO - Setting next_dagrun for example_time_delta_sensor_async to None, run_after=None
[2025-06-15T00:17:35.034-0400] {processor.py:179} INFO - Processing /Users/rah/.pyenv/versions/3.10.11/lib/python3.10/site-packages/airflow/example_dags/example_time_delta_sensor_async.py took 0.143 seconds
