[2025-06-14T23:49:55.816-0400] {processor.py:157} INFO - Started process (PID=40643) to work on /Users/rah/.pyenv/versions/3.10.11/lib/python3.10/site-packages/airflow/example_dags/example_branch_day_of_week_operator.py
[2025-06-14T23:49:55.819-0400] {processor.py:829} INFO - Processing file /Users/rah/.pyenv/versions/3.10.11/lib/python3.10/site-packages/airflow/example_dags/example_branch_day_of_week_operator.py for tasks to queue
[2025-06-14T23:49:55.820-0400] {logging_mixin.py:154} INFO - [2025-06-14T23:49:55.819-0400] {dagbag.py:536} INFO - Filling up the DagBag from /Users/rah/.pyenv/versions/3.10.11/lib/python3.10/site-packages/airflow/example_dags/example_branch_day_of_week_operator.py
[2025-06-14T23:49:55.831-0400] {processor.py:839} INFO - DAG(s) dict_keys(['example_weekday_branch_operator']) retrieved from /Users/rah/.pyenv/versions/3.10.11/lib/python3.10/site-packages/airflow/example_dags/example_branch_day_of_week_operator.py
[2025-06-14T23:49:56.176-0400] {logging_mixin.py:154} INFO - [2025-06-14T23:49:56.176-0400] {manager.py:499} INFO - Created Permission View: %s
[2025-06-14T23:49:56.179-0400] {logging_mixin.py:154} INFO - [2025-06-14T23:49:56.179-0400] {manager.py:499} INFO - Created Permission View: %s
[2025-06-14T23:49:56.182-0400] {logging_mixin.py:154} INFO - [2025-06-14T23:49:56.181-0400] {manager.py:499} INFO - Created Permission View: %s
[2025-06-14T23:49:56.182-0400] {logging_mixin.py:154} INFO - [2025-06-14T23:49:56.182-0400] {dag.py:2941} INFO - Sync 1 DAGs
[2025-06-14T23:49:56.186-0400] {logging_mixin.py:154} INFO - [2025-06-14T23:49:56.186-0400] {dag.py:2963} INFO - Creating ORM DAG for example_weekday_branch_operator
[2025-06-14T23:49:56.189-0400] {logging_mixin.py:154} INFO - [2025-06-14T23:49:56.189-0400] {dag.py:3722} INFO - Setting next_dagrun for example_weekday_branch_operator to 2025-06-14T00:00:00+00:00, run_after=2025-06-15T00:00:00+00:00
[2025-06-14T23:49:56.196-0400] {processor.py:179} INFO - Processing /Users/rah/.pyenv/versions/3.10.11/lib/python3.10/site-packages/airflow/example_dags/example_branch_day_of_week_operator.py took 0.380 seconds
[2025-06-14T23:56:05.461-0400] {processor.py:157} INFO - Started process (PID=46930) to work on /Users/rah/Desktop/creative_projects/rah_coding_repo/projects/fin_data_project_001/finance-data-project-1/.venv/lib/python3.10/site-packages/airflow/example_dags/example_branch_day_of_week_operator.py
[2025-06-14T23:56:05.464-0400] {processor.py:829} INFO - Processing file /Users/rah/Desktop/creative_projects/rah_coding_repo/projects/fin_data_project_001/finance-data-project-1/.venv/lib/python3.10/site-packages/airflow/example_dags/example_branch_day_of_week_operator.py for tasks to queue
[2025-06-14T23:56:05.465-0400] {logging_mixin.py:154} INFO - [2025-06-14T23:56:05.465-0400] {dagbag.py:536} INFO - Filling up the DagBag from /Users/rah/Desktop/creative_projects/rah_coding_repo/projects/fin_data_project_001/finance-data-project-1/.venv/lib/python3.10/site-packages/airflow/example_dags/example_branch_day_of_week_operator.py
[2025-06-14T23:56:05.476-0400] {processor.py:839} INFO - DAG(s) dict_keys(['example_weekday_branch_operator']) retrieved from /Users/rah/Desktop/creative_projects/rah_coding_repo/projects/fin_data_project_001/finance-data-project-1/.venv/lib/python3.10/site-packages/airflow/example_dags/example_branch_day_of_week_operator.py
[2025-06-14T23:56:05.575-0400] {logging_mixin.py:154} INFO - [2025-06-14T23:56:05.575-0400] {dag.py:2941} INFO - Sync 1 DAGs
[2025-06-14T23:56:05.582-0400] {logging_mixin.py:154} INFO - [2025-06-14T23:56:05.582-0400] {dag.py:3722} INFO - Setting next_dagrun for example_weekday_branch_operator to 2025-06-14T00:00:00+00:00, run_after=2025-06-15T00:00:00+00:00
[2025-06-14T23:56:05.591-0400] {processor.py:179} INFO - Processing /Users/rah/Desktop/creative_projects/rah_coding_repo/projects/fin_data_project_001/finance-data-project-1/.venv/lib/python3.10/site-packages/airflow/example_dags/example_branch_day_of_week_operator.py took 0.131 seconds
[2025-06-14T23:57:07.285-0400] {processor.py:157} INFO - Started process (PID=48331) to work on /Users/rah/Desktop/creative_projects/rah_coding_repo/projects/fin_data_project_001/finance-data-project-1/.venv/lib/python3.10/site-packages/airflow/example_dags/example_branch_day_of_week_operator.py
[2025-06-14T23:57:07.287-0400] {processor.py:829} INFO - Processing file /Users/rah/Desktop/creative_projects/rah_coding_repo/projects/fin_data_project_001/finance-data-project-1/.venv/lib/python3.10/site-packages/airflow/example_dags/example_branch_day_of_week_operator.py for tasks to queue
[2025-06-14T23:57:07.288-0400] {logging_mixin.py:154} INFO - [2025-06-14T23:57:07.287-0400] {dagbag.py:536} INFO - Filling up the DagBag from /Users/rah/Desktop/creative_projects/rah_coding_repo/projects/fin_data_project_001/finance-data-project-1/.venv/lib/python3.10/site-packages/airflow/example_dags/example_branch_day_of_week_operator.py
[2025-06-14T23:57:07.299-0400] {processor.py:839} INFO - DAG(s) dict_keys(['example_weekday_branch_operator']) retrieved from /Users/rah/Desktop/creative_projects/rah_coding_repo/projects/fin_data_project_001/finance-data-project-1/.venv/lib/python3.10/site-packages/airflow/example_dags/example_branch_day_of_week_operator.py
[2025-06-14T23:57:07.404-0400] {logging_mixin.py:154} INFO - [2025-06-14T23:57:07.403-0400] {dag.py:2941} INFO - Sync 1 DAGs
[2025-06-14T23:57:07.413-0400] {logging_mixin.py:154} INFO - [2025-06-14T23:57:07.412-0400] {dag.py:3722} INFO - Setting next_dagrun for example_weekday_branch_operator to 2025-06-14T00:00:00+00:00, run_after=2025-06-15T00:00:00+00:00
[2025-06-14T23:57:07.423-0400] {processor.py:179} INFO - Processing /Users/rah/Desktop/creative_projects/rah_coding_repo/projects/fin_data_project_001/finance-data-project-1/.venv/lib/python3.10/site-packages/airflow/example_dags/example_branch_day_of_week_operator.py took 0.139 seconds
[2025-06-14T23:57:44.893-0400] {processor.py:157} INFO - Started process (PID=48794) to work on /Users/rah/Desktop/creative_projects/rah_coding_repo/projects/fin_data_project_001/finance-data-project-1/.venv/lib/python3.10/site-packages/airflow/example_dags/example_branch_day_of_week_operator.py
[2025-06-14T23:57:44.896-0400] {processor.py:829} INFO - Processing file /Users/rah/Desktop/creative_projects/rah_coding_repo/projects/fin_data_project_001/finance-data-project-1/.venv/lib/python3.10/site-packages/airflow/example_dags/example_branch_day_of_week_operator.py for tasks to queue
[2025-06-14T23:57:44.896-0400] {logging_mixin.py:154} INFO - [2025-06-14T23:57:44.896-0400] {dagbag.py:536} INFO - Filling up the DagBag from /Users/rah/Desktop/creative_projects/rah_coding_repo/projects/fin_data_project_001/finance-data-project-1/.venv/lib/python3.10/site-packages/airflow/example_dags/example_branch_day_of_week_operator.py
[2025-06-14T23:57:44.908-0400] {processor.py:839} INFO - DAG(s) dict_keys(['example_weekday_branch_operator']) retrieved from /Users/rah/Desktop/creative_projects/rah_coding_repo/projects/fin_data_project_001/finance-data-project-1/.venv/lib/python3.10/site-packages/airflow/example_dags/example_branch_day_of_week_operator.py
[2025-06-14T23:57:45.010-0400] {logging_mixin.py:154} INFO - [2025-06-14T23:57:45.010-0400] {dag.py:2941} INFO - Sync 1 DAGs
[2025-06-14T23:57:45.018-0400] {logging_mixin.py:154} INFO - [2025-06-14T23:57:45.018-0400] {dag.py:3722} INFO - Setting next_dagrun for example_weekday_branch_operator to 2025-06-14T00:00:00+00:00, run_after=2025-06-15T00:00:00+00:00
[2025-06-14T23:57:45.027-0400] {processor.py:179} INFO - Processing /Users/rah/Desktop/creative_projects/rah_coding_repo/projects/fin_data_project_001/finance-data-project-1/.venv/lib/python3.10/site-packages/airflow/example_dags/example_branch_day_of_week_operator.py took 0.135 seconds
[2025-06-14T23:57:58.292-0400] {processor.py:157} INFO - Started process (PID=48948) to work on /Users/rah/Desktop/creative_projects/rah_coding_repo/projects/fin_data_project_001/finance-data-project-1/.venv/lib/python3.10/site-packages/airflow/example_dags/example_branch_day_of_week_operator.py
[2025-06-14T23:57:58.294-0400] {processor.py:829} INFO - Processing file /Users/rah/Desktop/creative_projects/rah_coding_repo/projects/fin_data_project_001/finance-data-project-1/.venv/lib/python3.10/site-packages/airflow/example_dags/example_branch_day_of_week_operator.py for tasks to queue
[2025-06-14T23:57:58.294-0400] {logging_mixin.py:154} INFO - [2025-06-14T23:57:58.294-0400] {dagbag.py:536} INFO - Filling up the DagBag from /Users/rah/Desktop/creative_projects/rah_coding_repo/projects/fin_data_project_001/finance-data-project-1/.venv/lib/python3.10/site-packages/airflow/example_dags/example_branch_day_of_week_operator.py
[2025-06-14T23:57:58.305-0400] {processor.py:839} INFO - DAG(s) dict_keys(['example_weekday_branch_operator']) retrieved from /Users/rah/Desktop/creative_projects/rah_coding_repo/projects/fin_data_project_001/finance-data-project-1/.venv/lib/python3.10/site-packages/airflow/example_dags/example_branch_day_of_week_operator.py
[2025-06-14T23:57:58.409-0400] {logging_mixin.py:154} INFO - [2025-06-14T23:57:58.409-0400] {dag.py:2941} INFO - Sync 1 DAGs
[2025-06-14T23:57:58.417-0400] {logging_mixin.py:154} INFO - [2025-06-14T23:57:58.417-0400] {dag.py:3722} INFO - Setting next_dagrun for example_weekday_branch_operator to 2025-06-14T00:00:00+00:00, run_after=2025-06-15T00:00:00+00:00
[2025-06-14T23:57:58.428-0400] {processor.py:179} INFO - Processing /Users/rah/Desktop/creative_projects/rah_coding_repo/projects/fin_data_project_001/finance-data-project-1/.venv/lib/python3.10/site-packages/airflow/example_dags/example_branch_day_of_week_operator.py took 0.137 seconds
[2025-06-14T23:58:46.143-0400] {processor.py:157} INFO - Started process (PID=49804) to work on /Users/rah/Desktop/creative_projects/rah_coding_repo/projects/fin_data_project_001/finance-data-project-1/.venv/lib/python3.10/site-packages/airflow/example_dags/example_branch_day_of_week_operator.py
[2025-06-14T23:58:46.146-0400] {processor.py:829} INFO - Processing file /Users/rah/Desktop/creative_projects/rah_coding_repo/projects/fin_data_project_001/finance-data-project-1/.venv/lib/python3.10/site-packages/airflow/example_dags/example_branch_day_of_week_operator.py for tasks to queue
[2025-06-14T23:58:46.146-0400] {logging_mixin.py:154} INFO - [2025-06-14T23:58:46.146-0400] {dagbag.py:536} INFO - Filling up the DagBag from /Users/rah/Desktop/creative_projects/rah_coding_repo/projects/fin_data_project_001/finance-data-project-1/.venv/lib/python3.10/site-packages/airflow/example_dags/example_branch_day_of_week_operator.py
[2025-06-14T23:58:46.159-0400] {processor.py:839} INFO - DAG(s) dict_keys(['example_weekday_branch_operator']) retrieved from /Users/rah/Desktop/creative_projects/rah_coding_repo/projects/fin_data_project_001/finance-data-project-1/.venv/lib/python3.10/site-packages/airflow/example_dags/example_branch_day_of_week_operator.py
[2025-06-14T23:58:46.259-0400] {logging_mixin.py:154} INFO - [2025-06-14T23:58:46.258-0400] {dag.py:2941} INFO - Sync 1 DAGs
[2025-06-14T23:58:46.266-0400] {logging_mixin.py:154} INFO - [2025-06-14T23:58:46.266-0400] {dag.py:3722} INFO - Setting next_dagrun for example_weekday_branch_operator to 2025-06-14T00:00:00+00:00, run_after=2025-06-15T00:00:00+00:00
[2025-06-14T23:58:46.275-0400] {processor.py:179} INFO - Processing /Users/rah/Desktop/creative_projects/rah_coding_repo/projects/fin_data_project_001/finance-data-project-1/.venv/lib/python3.10/site-packages/airflow/example_dags/example_branch_day_of_week_operator.py took 0.132 seconds
[2025-06-14T23:59:22.475-0400] {processor.py:157} INFO - Started process (PID=50568) to work on /Users/rah/Desktop/creative_projects/rah_coding_repo/projects/fin_data_project_001/finance-data-project-1/.venv/lib/python3.10/site-packages/airflow/example_dags/example_branch_day_of_week_operator.py
[2025-06-14T23:59:22.478-0400] {processor.py:829} INFO - Processing file /Users/rah/Desktop/creative_projects/rah_coding_repo/projects/fin_data_project_001/finance-data-project-1/.venv/lib/python3.10/site-packages/airflow/example_dags/example_branch_day_of_week_operator.py for tasks to queue
[2025-06-14T23:59:22.478-0400] {logging_mixin.py:154} INFO - [2025-06-14T23:59:22.478-0400] {dagbag.py:536} INFO - Filling up the DagBag from /Users/rah/Desktop/creative_projects/rah_coding_repo/projects/fin_data_project_001/finance-data-project-1/.venv/lib/python3.10/site-packages/airflow/example_dags/example_branch_day_of_week_operator.py
[2025-06-14T23:59:22.489-0400] {processor.py:839} INFO - DAG(s) dict_keys(['example_weekday_branch_operator']) retrieved from /Users/rah/Desktop/creative_projects/rah_coding_repo/projects/fin_data_project_001/finance-data-project-1/.venv/lib/python3.10/site-packages/airflow/example_dags/example_branch_day_of_week_operator.py
[2025-06-14T23:59:22.588-0400] {logging_mixin.py:154} INFO - [2025-06-14T23:59:22.587-0400] {dag.py:2941} INFO - Sync 1 DAGs
[2025-06-14T23:59:22.596-0400] {logging_mixin.py:154} INFO - [2025-06-14T23:59:22.596-0400] {dag.py:3722} INFO - Setting next_dagrun for example_weekday_branch_operator to 2025-06-14T00:00:00+00:00, run_after=2025-06-15T00:00:00+00:00
[2025-06-14T23:59:22.606-0400] {processor.py:179} INFO - Processing /Users/rah/Desktop/creative_projects/rah_coding_repo/projects/fin_data_project_001/finance-data-project-1/.venv/lib/python3.10/site-packages/airflow/example_dags/example_branch_day_of_week_operator.py took 0.132 seconds
[2025-06-14T23:59:37.225-0400] {processor.py:157} INFO - Started process (PID=50855) to work on /Users/rah/Desktop/creative_projects/rah_coding_repo/projects/fin_data_project_001/finance-data-project-1/.venv/lib/python3.10/site-packages/airflow/example_dags/example_branch_day_of_week_operator.py
[2025-06-14T23:59:37.228-0400] {processor.py:829} INFO - Processing file /Users/rah/Desktop/creative_projects/rah_coding_repo/projects/fin_data_project_001/finance-data-project-1/.venv/lib/python3.10/site-packages/airflow/example_dags/example_branch_day_of_week_operator.py for tasks to queue
[2025-06-14T23:59:37.229-0400] {logging_mixin.py:154} INFO - [2025-06-14T23:59:37.229-0400] {dagbag.py:536} INFO - Filling up the DagBag from /Users/rah/Desktop/creative_projects/rah_coding_repo/projects/fin_data_project_001/finance-data-project-1/.venv/lib/python3.10/site-packages/airflow/example_dags/example_branch_day_of_week_operator.py
[2025-06-14T23:59:37.239-0400] {processor.py:839} INFO - DAG(s) dict_keys(['example_weekday_branch_operator']) retrieved from /Users/rah/Desktop/creative_projects/rah_coding_repo/projects/fin_data_project_001/finance-data-project-1/.venv/lib/python3.10/site-packages/airflow/example_dags/example_branch_day_of_week_operator.py
[2025-06-14T23:59:37.341-0400] {logging_mixin.py:154} INFO - [2025-06-14T23:59:37.340-0400] {dag.py:2941} INFO - Sync 1 DAGs
[2025-06-14T23:59:37.348-0400] {logging_mixin.py:154} INFO - [2025-06-14T23:59:37.348-0400] {dag.py:3722} INFO - Setting next_dagrun for example_weekday_branch_operator to 2025-06-14T00:00:00+00:00, run_after=2025-06-15T00:00:00+00:00
[2025-06-14T23:59:37.357-0400] {processor.py:179} INFO - Processing /Users/rah/Desktop/creative_projects/rah_coding_repo/projects/fin_data_project_001/finance-data-project-1/.venv/lib/python3.10/site-packages/airflow/example_dags/example_branch_day_of_week_operator.py took 0.132 seconds
[2025-06-15T00:00:10.926-0400] {processor.py:157} INFO - Started process (PID=51370) to work on /Users/rah/Desktop/creative_projects/rah_coding_repo/projects/fin_data_project_001/finance-data-project-1/.venv/lib/python3.10/site-packages/airflow/example_dags/example_branch_day_of_week_operator.py
[2025-06-15T00:00:10.929-0400] {processor.py:829} INFO - Processing file /Users/rah/Desktop/creative_projects/rah_coding_repo/projects/fin_data_project_001/finance-data-project-1/.venv/lib/python3.10/site-packages/airflow/example_dags/example_branch_day_of_week_operator.py for tasks to queue
[2025-06-15T00:00:10.929-0400] {logging_mixin.py:154} INFO - [2025-06-15T00:00:10.929-0400] {dagbag.py:536} INFO - Filling up the DagBag from /Users/rah/Desktop/creative_projects/rah_coding_repo/projects/fin_data_project_001/finance-data-project-1/.venv/lib/python3.10/site-packages/airflow/example_dags/example_branch_day_of_week_operator.py
[2025-06-15T00:00:10.940-0400] {processor.py:839} INFO - DAG(s) dict_keys(['example_weekday_branch_operator']) retrieved from /Users/rah/Desktop/creative_projects/rah_coding_repo/projects/fin_data_project_001/finance-data-project-1/.venv/lib/python3.10/site-packages/airflow/example_dags/example_branch_day_of_week_operator.py
[2025-06-15T00:00:11.036-0400] {logging_mixin.py:154} INFO - [2025-06-15T00:00:11.036-0400] {dag.py:2941} INFO - Sync 1 DAGs
[2025-06-15T00:00:11.044-0400] {logging_mixin.py:154} INFO - [2025-06-15T00:00:11.044-0400] {dag.py:3722} INFO - Setting next_dagrun for example_weekday_branch_operator to 2025-06-14T00:00:00+00:00, run_after=2025-06-15T00:00:00+00:00
[2025-06-15T00:00:11.052-0400] {processor.py:179} INFO - Processing /Users/rah/Desktop/creative_projects/rah_coding_repo/projects/fin_data_project_001/finance-data-project-1/.venv/lib/python3.10/site-packages/airflow/example_dags/example_branch_day_of_week_operator.py took 0.127 seconds
[2025-06-15T00:00:19.302-0400] {processor.py:157} INFO - Started process (PID=51514) to work on /Users/rah/Desktop/creative_projects/rah_coding_repo/projects/fin_data_project_001/finance-data-project-1/.venv/lib/python3.10/site-packages/airflow/example_dags/example_branch_day_of_week_operator.py
[2025-06-15T00:00:19.304-0400] {processor.py:829} INFO - Processing file /Users/rah/Desktop/creative_projects/rah_coding_repo/projects/fin_data_project_001/finance-data-project-1/.venv/lib/python3.10/site-packages/airflow/example_dags/example_branch_day_of_week_operator.py for tasks to queue
[2025-06-15T00:00:19.304-0400] {logging_mixin.py:154} INFO - [2025-06-15T00:00:19.304-0400] {dagbag.py:536} INFO - Filling up the DagBag from /Users/rah/Desktop/creative_projects/rah_coding_repo/projects/fin_data_project_001/finance-data-project-1/.venv/lib/python3.10/site-packages/airflow/example_dags/example_branch_day_of_week_operator.py
[2025-06-15T00:00:19.315-0400] {processor.py:839} INFO - DAG(s) dict_keys(['example_weekday_branch_operator']) retrieved from /Users/rah/Desktop/creative_projects/rah_coding_repo/projects/fin_data_project_001/finance-data-project-1/.venv/lib/python3.10/site-packages/airflow/example_dags/example_branch_day_of_week_operator.py
[2025-06-15T00:00:19.410-0400] {logging_mixin.py:154} INFO - [2025-06-15T00:00:19.410-0400] {dag.py:2941} INFO - Sync 1 DAGs
[2025-06-15T00:00:19.418-0400] {logging_mixin.py:154} INFO - [2025-06-15T00:00:19.418-0400] {dag.py:3722} INFO - Setting next_dagrun for example_weekday_branch_operator to 2025-06-14T00:00:00+00:00, run_after=2025-06-15T00:00:00+00:00
[2025-06-15T00:00:19.428-0400] {processor.py:179} INFO - Processing /Users/rah/Desktop/creative_projects/rah_coding_repo/projects/fin_data_project_001/finance-data-project-1/.venv/lib/python3.10/site-packages/airflow/example_dags/example_branch_day_of_week_operator.py took 0.127 seconds
[2025-06-15T00:01:05.675-0400] {processor.py:157} INFO - Started process (PID=52170) to work on /Users/rah/Desktop/creative_projects/rah_coding_repo/projects/fin_data_project_001/finance-data-project-1/.venv/lib/python3.10/site-packages/airflow/example_dags/example_branch_day_of_week_operator.py
[2025-06-15T00:01:05.678-0400] {processor.py:829} INFO - Processing file /Users/rah/Desktop/creative_projects/rah_coding_repo/projects/fin_data_project_001/finance-data-project-1/.venv/lib/python3.10/site-packages/airflow/example_dags/example_branch_day_of_week_operator.py for tasks to queue
[2025-06-15T00:01:05.678-0400] {logging_mixin.py:154} INFO - [2025-06-15T00:01:05.678-0400] {dagbag.py:536} INFO - Filling up the DagBag from /Users/rah/Desktop/creative_projects/rah_coding_repo/projects/fin_data_project_001/finance-data-project-1/.venv/lib/python3.10/site-packages/airflow/example_dags/example_branch_day_of_week_operator.py
[2025-06-15T00:01:05.690-0400] {processor.py:839} INFO - DAG(s) dict_keys(['example_weekday_branch_operator']) retrieved from /Users/rah/Desktop/creative_projects/rah_coding_repo/projects/fin_data_project_001/finance-data-project-1/.venv/lib/python3.10/site-packages/airflow/example_dags/example_branch_day_of_week_operator.py
[2025-06-15T00:01:05.793-0400] {logging_mixin.py:154} INFO - [2025-06-15T00:01:05.793-0400] {dag.py:2941} INFO - Sync 1 DAGs
[2025-06-15T00:01:05.801-0400] {logging_mixin.py:154} INFO - [2025-06-15T00:01:05.801-0400] {dag.py:3722} INFO - Setting next_dagrun for example_weekday_branch_operator to 2025-06-14T00:00:00+00:00, run_after=2025-06-15T00:00:00+00:00
[2025-06-15T00:01:05.810-0400] {processor.py:179} INFO - Processing /Users/rah/Desktop/creative_projects/rah_coding_repo/projects/fin_data_project_001/finance-data-project-1/.venv/lib/python3.10/site-packages/airflow/example_dags/example_branch_day_of_week_operator.py took 0.136 seconds
[2025-06-15T00:01:20.094-0400] {processor.py:157} INFO - Started process (PID=52465) to work on /Users/rah/Desktop/creative_projects/rah_coding_repo/projects/fin_data_project_001/finance-data-project-1/.venv/lib/python3.10/site-packages/airflow/example_dags/example_branch_day_of_week_operator.py
[2025-06-15T00:01:20.096-0400] {processor.py:829} INFO - Processing file /Users/rah/Desktop/creative_projects/rah_coding_repo/projects/fin_data_project_001/finance-data-project-1/.venv/lib/python3.10/site-packages/airflow/example_dags/example_branch_day_of_week_operator.py for tasks to queue
[2025-06-15T00:01:20.097-0400] {logging_mixin.py:154} INFO - [2025-06-15T00:01:20.096-0400] {dagbag.py:536} INFO - Filling up the DagBag from /Users/rah/Desktop/creative_projects/rah_coding_repo/projects/fin_data_project_001/finance-data-project-1/.venv/lib/python3.10/site-packages/airflow/example_dags/example_branch_day_of_week_operator.py
[2025-06-15T00:01:20.107-0400] {processor.py:839} INFO - DAG(s) dict_keys(['example_weekday_branch_operator']) retrieved from /Users/rah/Desktop/creative_projects/rah_coding_repo/projects/fin_data_project_001/finance-data-project-1/.venv/lib/python3.10/site-packages/airflow/example_dags/example_branch_day_of_week_operator.py
[2025-06-15T00:01:20.203-0400] {logging_mixin.py:154} INFO - [2025-06-15T00:01:20.202-0400] {dag.py:2941} INFO - Sync 1 DAGs
[2025-06-15T00:01:20.210-0400] {logging_mixin.py:154} INFO - [2025-06-15T00:01:20.210-0400] {dag.py:3722} INFO - Setting next_dagrun for example_weekday_branch_operator to 2025-06-14T00:00:00+00:00, run_after=2025-06-15T00:00:00+00:00
[2025-06-15T00:01:20.219-0400] {processor.py:179} INFO - Processing /Users/rah/Desktop/creative_projects/rah_coding_repo/projects/fin_data_project_001/finance-data-project-1/.venv/lib/python3.10/site-packages/airflow/example_dags/example_branch_day_of_week_operator.py took 0.126 seconds
[2025-06-15T00:01:45.188-0400] {processor.py:157} INFO - Started process (PID=52816) to work on /Users/rah/Desktop/creative_projects/rah_coding_repo/projects/fin_data_project_001/finance-data-project-1/.venv/lib/python3.10/site-packages/airflow/example_dags/example_branch_day_of_week_operator.py
[2025-06-15T00:01:45.191-0400] {processor.py:829} INFO - Processing file /Users/rah/Desktop/creative_projects/rah_coding_repo/projects/fin_data_project_001/finance-data-project-1/.venv/lib/python3.10/site-packages/airflow/example_dags/example_branch_day_of_week_operator.py for tasks to queue
[2025-06-15T00:01:45.191-0400] {logging_mixin.py:154} INFO - [2025-06-15T00:01:45.191-0400] {dagbag.py:536} INFO - Filling up the DagBag from /Users/rah/Desktop/creative_projects/rah_coding_repo/projects/fin_data_project_001/finance-data-project-1/.venv/lib/python3.10/site-packages/airflow/example_dags/example_branch_day_of_week_operator.py
[2025-06-15T00:01:45.203-0400] {processor.py:839} INFO - DAG(s) dict_keys(['example_weekday_branch_operator']) retrieved from /Users/rah/Desktop/creative_projects/rah_coding_repo/projects/fin_data_project_001/finance-data-project-1/.venv/lib/python3.10/site-packages/airflow/example_dags/example_branch_day_of_week_operator.py
[2025-06-15T00:01:45.306-0400] {logging_mixin.py:154} INFO - [2025-06-15T00:01:45.306-0400] {dag.py:2941} INFO - Sync 1 DAGs
[2025-06-15T00:01:45.315-0400] {logging_mixin.py:154} INFO - [2025-06-15T00:01:45.315-0400] {dag.py:3722} INFO - Setting next_dagrun for example_weekday_branch_operator to 2025-06-14T00:00:00+00:00, run_after=2025-06-15T00:00:00+00:00
[2025-06-15T00:01:45.324-0400] {processor.py:179} INFO - Processing /Users/rah/Desktop/creative_projects/rah_coding_repo/projects/fin_data_project_001/finance-data-project-1/.venv/lib/python3.10/site-packages/airflow/example_dags/example_branch_day_of_week_operator.py took 0.137 seconds
[2025-06-15T00:01:48.887-0400] {processor.py:157} INFO - Started process (PID=52838) to work on /Users/rah/Desktop/creative_projects/rah_coding_repo/projects/fin_data_project_001/finance-data-project-1/.venv/lib/python3.10/site-packages/airflow/example_dags/example_branch_day_of_week_operator.py
[2025-06-15T00:01:48.889-0400] {processor.py:829} INFO - Processing file /Users/rah/Desktop/creative_projects/rah_coding_repo/projects/fin_data_project_001/finance-data-project-1/.venv/lib/python3.10/site-packages/airflow/example_dags/example_branch_day_of_week_operator.py for tasks to queue
[2025-06-15T00:01:48.889-0400] {logging_mixin.py:154} INFO - [2025-06-15T00:01:48.889-0400] {dagbag.py:536} INFO - Filling up the DagBag from /Users/rah/Desktop/creative_projects/rah_coding_repo/projects/fin_data_project_001/finance-data-project-1/.venv/lib/python3.10/site-packages/airflow/example_dags/example_branch_day_of_week_operator.py
[2025-06-15T00:01:48.900-0400] {processor.py:839} INFO - DAG(s) dict_keys(['example_weekday_branch_operator']) retrieved from /Users/rah/Desktop/creative_projects/rah_coding_repo/projects/fin_data_project_001/finance-data-project-1/.venv/lib/python3.10/site-packages/airflow/example_dags/example_branch_day_of_week_operator.py
[2025-06-15T00:01:49.010-0400] {logging_mixin.py:154} INFO - [2025-06-15T00:01:49.010-0400] {dag.py:2941} INFO - Sync 1 DAGs
[2025-06-15T00:01:49.018-0400] {logging_mixin.py:154} INFO - [2025-06-15T00:01:49.018-0400] {dag.py:3722} INFO - Setting next_dagrun for example_weekday_branch_operator to 2025-06-14T00:00:00+00:00, run_after=2025-06-15T00:00:00+00:00
[2025-06-15T00:01:49.027-0400] {processor.py:179} INFO - Processing /Users/rah/Desktop/creative_projects/rah_coding_repo/projects/fin_data_project_001/finance-data-project-1/.venv/lib/python3.10/site-packages/airflow/example_dags/example_branch_day_of_week_operator.py took 0.141 seconds
[2025-06-15T00:07:35.832-0400] {processor.py:157} INFO - Started process (PID=57595) to work on /Users/rah/.pyenv/versions/3.10.11/lib/python3.10/site-packages/airflow/example_dags/example_branch_day_of_week_operator.py
[2025-06-15T00:07:35.836-0400] {processor.py:829} INFO - Processing file /Users/rah/.pyenv/versions/3.10.11/lib/python3.10/site-packages/airflow/example_dags/example_branch_day_of_week_operator.py for tasks to queue
[2025-06-15T00:07:35.836-0400] {logging_mixin.py:154} INFO - [2025-06-15T00:07:35.836-0400] {dagbag.py:536} INFO - Filling up the DagBag from /Users/rah/.pyenv/versions/3.10.11/lib/python3.10/site-packages/airflow/example_dags/example_branch_day_of_week_operator.py
[2025-06-15T00:07:35.846-0400] {processor.py:839} INFO - DAG(s) dict_keys(['example_weekday_branch_operator']) retrieved from /Users/rah/.pyenv/versions/3.10.11/lib/python3.10/site-packages/airflow/example_dags/example_branch_day_of_week_operator.py
[2025-06-15T00:07:36.196-0400] {logging_mixin.py:154} INFO - [2025-06-15T00:07:36.196-0400] {dag.py:2941} INFO - Sync 1 DAGs
[2025-06-15T00:07:36.203-0400] {logging_mixin.py:154} INFO - [2025-06-15T00:07:36.203-0400] {dag.py:3722} INFO - Setting next_dagrun for example_weekday_branch_operator to 2025-06-14T00:00:00+00:00, run_after=2025-06-15T00:00:00+00:00
[2025-06-15T00:07:36.212-0400] {processor.py:179} INFO - Processing /Users/rah/.pyenv/versions/3.10.11/lib/python3.10/site-packages/airflow/example_dags/example_branch_day_of_week_operator.py took 0.380 seconds
[2025-06-15T00:09:26.106-0400] {processor.py:157} INFO - Started process (PID=59587) to work on /Users/rah/.pyenv/versions/3.10.11/lib/python3.10/site-packages/airflow/example_dags/example_branch_day_of_week_operator.py
[2025-06-15T00:09:26.109-0400] {processor.py:829} INFO - Processing file /Users/rah/.pyenv/versions/3.10.11/lib/python3.10/site-packages/airflow/example_dags/example_branch_day_of_week_operator.py for tasks to queue
[2025-06-15T00:09:26.109-0400] {logging_mixin.py:154} INFO - [2025-06-15T00:09:26.109-0400] {dagbag.py:536} INFO - Filling up the DagBag from /Users/rah/.pyenv/versions/3.10.11/lib/python3.10/site-packages/airflow/example_dags/example_branch_day_of_week_operator.py
[2025-06-15T00:09:26.119-0400] {processor.py:839} INFO - DAG(s) dict_keys(['example_weekday_branch_operator']) retrieved from /Users/rah/.pyenv/versions/3.10.11/lib/python3.10/site-packages/airflow/example_dags/example_branch_day_of_week_operator.py
[2025-06-15T00:09:26.233-0400] {logging_mixin.py:154} INFO - [2025-06-15T00:09:26.233-0400] {dag.py:2941} INFO - Sync 1 DAGs
[2025-06-15T00:09:26.240-0400] {logging_mixin.py:154} INFO - [2025-06-15T00:09:26.240-0400] {dag.py:3722} INFO - Setting next_dagrun for example_weekday_branch_operator to 2025-06-14T00:00:00+00:00, run_after=2025-06-15T00:00:00+00:00
[2025-06-15T00:09:26.247-0400] {processor.py:179} INFO - Processing /Users/rah/.pyenv/versions/3.10.11/lib/python3.10/site-packages/airflow/example_dags/example_branch_day_of_week_operator.py took 0.142 seconds
[2025-06-15T00:11:05.806-0400] {processor.py:157} INFO - Started process (PID=61088) to work on /Users/rah/.pyenv/versions/3.10.11/lib/python3.10/site-packages/airflow/example_dags/example_branch_day_of_week_operator.py
[2025-06-15T00:11:05.809-0400] {processor.py:829} INFO - Processing file /Users/rah/.pyenv/versions/3.10.11/lib/python3.10/site-packages/airflow/example_dags/example_branch_day_of_week_operator.py for tasks to queue
[2025-06-15T00:11:05.809-0400] {logging_mixin.py:154} INFO - [2025-06-15T00:11:05.809-0400] {dagbag.py:536} INFO - Filling up the DagBag from /Users/rah/.pyenv/versions/3.10.11/lib/python3.10/site-packages/airflow/example_dags/example_branch_day_of_week_operator.py
[2025-06-15T00:11:05.819-0400] {processor.py:839} INFO - DAG(s) dict_keys(['example_weekday_branch_operator']) retrieved from /Users/rah/.pyenv/versions/3.10.11/lib/python3.10/site-packages/airflow/example_dags/example_branch_day_of_week_operator.py
[2025-06-15T00:11:05.935-0400] {logging_mixin.py:154} INFO - [2025-06-15T00:11:05.935-0400] {dag.py:2941} INFO - Sync 1 DAGs
[2025-06-15T00:11:05.942-0400] {logging_mixin.py:154} INFO - [2025-06-15T00:11:05.942-0400] {dag.py:3722} INFO - Setting next_dagrun for example_weekday_branch_operator to 2025-06-14T00:00:00+00:00, run_after=2025-06-15T00:00:00+00:00
[2025-06-15T00:11:05.950-0400] {processor.py:179} INFO - Processing /Users/rah/.pyenv/versions/3.10.11/lib/python3.10/site-packages/airflow/example_dags/example_branch_day_of_week_operator.py took 0.145 seconds
[2025-06-15T00:12:48.815-0400] {processor.py:157} INFO - Started process (PID=62633) to work on /Users/rah/.pyenv/versions/3.10.11/lib/python3.10/site-packages/airflow/example_dags/example_branch_day_of_week_operator.py
[2025-06-15T00:12:48.818-0400] {processor.py:829} INFO - Processing file /Users/rah/.pyenv/versions/3.10.11/lib/python3.10/site-packages/airflow/example_dags/example_branch_day_of_week_operator.py for tasks to queue
[2025-06-15T00:12:48.818-0400] {logging_mixin.py:154} INFO - [2025-06-15T00:12:48.818-0400] {dagbag.py:536} INFO - Filling up the DagBag from /Users/rah/.pyenv/versions/3.10.11/lib/python3.10/site-packages/airflow/example_dags/example_branch_day_of_week_operator.py
[2025-06-15T00:12:48.828-0400] {processor.py:839} INFO - DAG(s) dict_keys(['example_weekday_branch_operator']) retrieved from /Users/rah/.pyenv/versions/3.10.11/lib/python3.10/site-packages/airflow/example_dags/example_branch_day_of_week_operator.py
[2025-06-15T00:12:48.942-0400] {logging_mixin.py:154} INFO - [2025-06-15T00:12:48.942-0400] {dag.py:2941} INFO - Sync 1 DAGs
[2025-06-15T00:12:48.949-0400] {logging_mixin.py:154} INFO - [2025-06-15T00:12:48.949-0400] {dag.py:3722} INFO - Setting next_dagrun for example_weekday_branch_operator to 2025-06-14T00:00:00+00:00, run_after=2025-06-15T00:00:00+00:00
[2025-06-15T00:12:48.957-0400] {processor.py:179} INFO - Processing /Users/rah/.pyenv/versions/3.10.11/lib/python3.10/site-packages/airflow/example_dags/example_branch_day_of_week_operator.py took 0.143 seconds
[2025-06-15T00:14:29.145-0400] {processor.py:157} INFO - Started process (PID=64194) to work on /Users/rah/.pyenv/versions/3.10.11/lib/python3.10/site-packages/airflow/example_dags/example_branch_day_of_week_operator.py
[2025-06-15T00:14:29.148-0400] {processor.py:829} INFO - Processing file /Users/rah/.pyenv/versions/3.10.11/lib/python3.10/site-packages/airflow/example_dags/example_branch_day_of_week_operator.py for tasks to queue
[2025-06-15T00:14:29.148-0400] {logging_mixin.py:154} INFO - [2025-06-15T00:14:29.148-0400] {dagbag.py:536} INFO - Filling up the DagBag from /Users/rah/.pyenv/versions/3.10.11/lib/python3.10/site-packages/airflow/example_dags/example_branch_day_of_week_operator.py
[2025-06-15T00:14:29.158-0400] {processor.py:839} INFO - DAG(s) dict_keys(['example_weekday_branch_operator']) retrieved from /Users/rah/.pyenv/versions/3.10.11/lib/python3.10/site-packages/airflow/example_dags/example_branch_day_of_week_operator.py
[2025-06-15T00:14:29.268-0400] {logging_mixin.py:154} INFO - [2025-06-15T00:14:29.268-0400] {dag.py:2941} INFO - Sync 1 DAGs
[2025-06-15T00:14:29.275-0400] {logging_mixin.py:154} INFO - [2025-06-15T00:14:29.275-0400] {dag.py:3722} INFO - Setting next_dagrun for example_weekday_branch_operator to 2025-06-14T00:00:00+00:00, run_after=2025-06-15T00:00:00+00:00
[2025-06-15T00:14:29.282-0400] {processor.py:179} INFO - Processing /Users/rah/.pyenv/versions/3.10.11/lib/python3.10/site-packages/airflow/example_dags/example_branch_day_of_week_operator.py took 0.138 seconds
[2025-06-15T00:16:13.477-0400] {processor.py:157} INFO - Started process (PID=66827) to work on /Users/rah/.pyenv/versions/3.10.11/lib/python3.10/site-packages/airflow/example_dags/example_branch_day_of_week_operator.py
[2025-06-15T00:16:13.480-0400] {processor.py:829} INFO - Processing file /Users/rah/.pyenv/versions/3.10.11/lib/python3.10/site-packages/airflow/example_dags/example_branch_day_of_week_operator.py for tasks to queue
[2025-06-15T00:16:13.480-0400] {logging_mixin.py:154} INFO - [2025-06-15T00:16:13.480-0400] {dagbag.py:536} INFO - Filling up the DagBag from /Users/rah/.pyenv/versions/3.10.11/lib/python3.10/site-packages/airflow/example_dags/example_branch_day_of_week_operator.py
[2025-06-15T00:16:13.491-0400] {processor.py:839} INFO - DAG(s) dict_keys(['example_weekday_branch_operator']) retrieved from /Users/rah/.pyenv/versions/3.10.11/lib/python3.10/site-packages/airflow/example_dags/example_branch_day_of_week_operator.py
[2025-06-15T00:16:13.613-0400] {logging_mixin.py:154} INFO - [2025-06-15T00:16:13.613-0400] {dag.py:2941} INFO - Sync 1 DAGs
[2025-06-15T00:16:13.621-0400] {logging_mixin.py:154} INFO - [2025-06-15T00:16:13.621-0400] {dag.py:3722} INFO - Setting next_dagrun for example_weekday_branch_operator to 2025-06-14T00:00:00+00:00, run_after=2025-06-15T00:00:00+00:00
[2025-06-15T00:16:13.630-0400] {processor.py:179} INFO - Processing /Users/rah/.pyenv/versions/3.10.11/lib/python3.10/site-packages/airflow/example_dags/example_branch_day_of_week_operator.py took 0.154 seconds
