[2025-06-14T23:49:23.786-0400] {processor.py:157} INFO - Started process (PID=40284) to work on /Users/rah/.pyenv/versions/3.10.11/lib/python3.10/site-packages/airflow/example_dags/example_params_trigger_ui.py
[2025-06-14T23:49:23.788-0400] {processor.py:829} INFO - Processing file /Users/rah/.pyenv/versions/3.10.11/lib/python3.10/site-packages/airflow/example_dags/example_params_trigger_ui.py for tasks to queue
[2025-06-14T23:49:23.789-0400] {logging_mixin.py:154} INFO - [2025-06-14T23:49:23.789-0400] {dagbag.py:536} INFO - Filling up the DagBag from /Users/rah/.pyenv/versions/3.10.11/lib/python3.10/site-packages/airflow/example_dags/example_params_trigger_ui.py
[2025-06-14T23:49:23.867-0400] {processor.py:839} INFO - DAG(s) dict_keys(['example_params_trigger_ui']) retrieved from /Users/rah/.pyenv/versions/3.10.11/lib/python3.10/site-packages/airflow/example_dags/example_params_trigger_ui.py
[2025-06-14T23:49:24.217-0400] {logging_mixin.py:154} INFO - [2025-06-14T23:49:24.217-0400] {manager.py:499} INFO - Created Permission View: %s
[2025-06-14T23:49:24.226-0400] {logging_mixin.py:154} INFO - [2025-06-14T23:49:24.225-0400] {manager.py:499} INFO - Created Permission View: %s
[2025-06-14T23:49:24.229-0400] {logging_mixin.py:154} INFO - [2025-06-14T23:49:24.229-0400] {manager.py:499} INFO - Created Permission View: %s
[2025-06-14T23:49:24.229-0400] {logging_mixin.py:154} INFO - [2025-06-14T23:49:24.229-0400] {dag.py:2941} INFO - Sync 1 DAGs
[2025-06-14T23:49:24.234-0400] {logging_mixin.py:154} INFO - [2025-06-14T23:49:24.234-0400] {dag.py:2963} INFO - Creating ORM DAG for example_params_trigger_ui
[2025-06-14T23:49:24.234-0400] {logging_mixin.py:154} INFO - [2025-06-14T23:49:24.234-0400] {dag.py:3722} INFO - Setting next_dagrun for example_params_trigger_ui to None, run_after=None
[2025-06-14T23:49:24.249-0400] {processor.py:179} INFO - Processing /Users/rah/.pyenv/versions/3.10.11/lib/python3.10/site-packages/airflow/example_dags/example_params_trigger_ui.py took 0.464 seconds
[2025-06-14T23:50:50.036-0400] {processor.py:157} INFO - Started process (PID=41388) to work on /Users/rah/.pyenv/versions/3.10.11/lib/python3.10/site-packages/airflow/example_dags/example_params_trigger_ui.py
[2025-06-14T23:50:50.039-0400] {processor.py:829} INFO - Processing file /Users/rah/.pyenv/versions/3.10.11/lib/python3.10/site-packages/airflow/example_dags/example_params_trigger_ui.py for tasks to queue
[2025-06-14T23:50:50.040-0400] {logging_mixin.py:154} INFO - [2025-06-14T23:50:50.039-0400] {dagbag.py:536} INFO - Filling up the DagBag from /Users/rah/.pyenv/versions/3.10.11/lib/python3.10/site-packages/airflow/example_dags/example_params_trigger_ui.py
[2025-06-14T23:50:50.123-0400] {processor.py:839} INFO - DAG(s) dict_keys(['example_params_trigger_ui']) retrieved from /Users/rah/.pyenv/versions/3.10.11/lib/python3.10/site-packages/airflow/example_dags/example_params_trigger_ui.py
[2025-06-14T23:50:50.199-0400] {logging_mixin.py:154} INFO - [2025-06-14T23:50:50.199-0400] {dag.py:2941} INFO - Sync 1 DAGs
[2025-06-14T23:50:50.203-0400] {logging_mixin.py:154} INFO - [2025-06-14T23:50:50.203-0400] {dag.py:3722} INFO - Setting next_dagrun for example_params_trigger_ui to None, run_after=None
[2025-06-14T23:50:50.211-0400] {processor.py:179} INFO - Processing /Users/rah/.pyenv/versions/3.10.11/lib/python3.10/site-packages/airflow/example_dags/example_params_trigger_ui.py took 0.175 seconds
[2025-06-14T23:55:37.685-0400] {processor.py:157} INFO - Started process (PID=45996) to work on /Users/rah/Desktop/creative_projects/rah_coding_repo/projects/fin_data_project_001/finance-data-project-1/.venv/lib/python3.10/site-packages/airflow/example_dags/example_params_trigger_ui.py
[2025-06-14T23:55:37.688-0400] {processor.py:829} INFO - Processing file /Users/rah/Desktop/creative_projects/rah_coding_repo/projects/fin_data_project_001/finance-data-project-1/.venv/lib/python3.10/site-packages/airflow/example_dags/example_params_trigger_ui.py for tasks to queue
[2025-06-14T23:55:37.688-0400] {logging_mixin.py:154} INFO - [2025-06-14T23:55:37.688-0400] {dagbag.py:536} INFO - Filling up the DagBag from /Users/rah/Desktop/creative_projects/rah_coding_repo/projects/fin_data_project_001/finance-data-project-1/.venv/lib/python3.10/site-packages/airflow/example_dags/example_params_trigger_ui.py
[2025-06-14T23:55:37.750-0400] {processor.py:839} INFO - DAG(s) dict_keys(['example_params_trigger_ui']) retrieved from /Users/rah/Desktop/creative_projects/rah_coding_repo/projects/fin_data_project_001/finance-data-project-1/.venv/lib/python3.10/site-packages/airflow/example_dags/example_params_trigger_ui.py
[2025-06-14T23:55:37.826-0400] {logging_mixin.py:154} INFO - [2025-06-14T23:55:37.826-0400] {dag.py:2941} INFO - Sync 1 DAGs
[2025-06-14T23:55:37.830-0400] {logging_mixin.py:154} INFO - [2025-06-14T23:55:37.830-0400] {dag.py:3722} INFO - Setting next_dagrun for example_params_trigger_ui to None, run_after=None
[2025-06-14T23:55:37.839-0400] {processor.py:179} INFO - Processing /Users/rah/Desktop/creative_projects/rah_coding_repo/projects/fin_data_project_001/finance-data-project-1/.venv/lib/python3.10/site-packages/airflow/example_dags/example_params_trigger_ui.py took 0.154 seconds
[2025-06-14T23:56:40.711-0400] {processor.py:157} INFO - Started process (PID=47507) to work on /Users/rah/Desktop/creative_projects/rah_coding_repo/projects/fin_data_project_001/finance-data-project-1/.venv/lib/python3.10/site-packages/airflow/example_dags/example_params_trigger_ui.py
[2025-06-14T23:56:40.714-0400] {processor.py:829} INFO - Processing file /Users/rah/Desktop/creative_projects/rah_coding_repo/projects/fin_data_project_001/finance-data-project-1/.venv/lib/python3.10/site-packages/airflow/example_dags/example_params_trigger_ui.py for tasks to queue
[2025-06-14T23:56:40.714-0400] {logging_mixin.py:154} INFO - [2025-06-14T23:56:40.714-0400] {dagbag.py:536} INFO - Filling up the DagBag from /Users/rah/Desktop/creative_projects/rah_coding_repo/projects/fin_data_project_001/finance-data-project-1/.venv/lib/python3.10/site-packages/airflow/example_dags/example_params_trigger_ui.py
[2025-06-14T23:56:40.774-0400] {processor.py:839} INFO - DAG(s) dict_keys(['example_params_trigger_ui']) retrieved from /Users/rah/Desktop/creative_projects/rah_coding_repo/projects/fin_data_project_001/finance-data-project-1/.venv/lib/python3.10/site-packages/airflow/example_dags/example_params_trigger_ui.py
[2025-06-14T23:56:40.839-0400] {logging_mixin.py:154} INFO - [2025-06-14T23:56:40.839-0400] {dag.py:2941} INFO - Sync 1 DAGs
[2025-06-14T23:56:40.843-0400] {logging_mixin.py:154} INFO - [2025-06-14T23:56:40.843-0400] {dag.py:3722} INFO - Setting next_dagrun for example_params_trigger_ui to None, run_after=None
[2025-06-14T23:56:40.850-0400] {processor.py:179} INFO - Processing /Users/rah/Desktop/creative_projects/rah_coding_repo/projects/fin_data_project_001/finance-data-project-1/.venv/lib/python3.10/site-packages/airflow/example_dags/example_params_trigger_ui.py took 0.140 seconds
[2025-06-14T23:56:58.075-0400] {processor.py:157} INFO - Started process (PID=48183) to work on /Users/rah/Desktop/creative_projects/rah_coding_repo/projects/fin_data_project_001/finance-data-project-1/.venv/lib/python3.10/site-packages/airflow/example_dags/example_params_trigger_ui.py
[2025-06-14T23:56:58.078-0400] {processor.py:829} INFO - Processing file /Users/rah/Desktop/creative_projects/rah_coding_repo/projects/fin_data_project_001/finance-data-project-1/.venv/lib/python3.10/site-packages/airflow/example_dags/example_params_trigger_ui.py for tasks to queue
[2025-06-14T23:56:58.078-0400] {logging_mixin.py:154} INFO - [2025-06-14T23:56:58.078-0400] {dagbag.py:536} INFO - Filling up the DagBag from /Users/rah/Desktop/creative_projects/rah_coding_repo/projects/fin_data_project_001/finance-data-project-1/.venv/lib/python3.10/site-packages/airflow/example_dags/example_params_trigger_ui.py
[2025-06-14T23:56:58.141-0400] {processor.py:839} INFO - DAG(s) dict_keys(['example_params_trigger_ui']) retrieved from /Users/rah/Desktop/creative_projects/rah_coding_repo/projects/fin_data_project_001/finance-data-project-1/.venv/lib/python3.10/site-packages/airflow/example_dags/example_params_trigger_ui.py
[2025-06-14T23:56:58.219-0400] {logging_mixin.py:154} INFO - [2025-06-14T23:56:58.219-0400] {dag.py:2941} INFO - Sync 1 DAGs
[2025-06-14T23:56:58.223-0400] {logging_mixin.py:154} INFO - [2025-06-14T23:56:58.223-0400] {dag.py:3722} INFO - Setting next_dagrun for example_params_trigger_ui to None, run_after=None
[2025-06-14T23:56:58.231-0400] {processor.py:179} INFO - Processing /Users/rah/Desktop/creative_projects/rah_coding_repo/projects/fin_data_project_001/finance-data-project-1/.venv/lib/python3.10/site-packages/airflow/example_dags/example_params_trigger_ui.py took 0.157 seconds
[2025-06-14T23:57:33.846-0400] {processor.py:157} INFO - Started process (PID=48645) to work on /Users/rah/Desktop/creative_projects/rah_coding_repo/projects/fin_data_project_001/finance-data-project-1/.venv/lib/python3.10/site-packages/airflow/example_dags/example_params_trigger_ui.py
[2025-06-14T23:57:33.849-0400] {processor.py:829} INFO - Processing file /Users/rah/Desktop/creative_projects/rah_coding_repo/projects/fin_data_project_001/finance-data-project-1/.venv/lib/python3.10/site-packages/airflow/example_dags/example_params_trigger_ui.py for tasks to queue
[2025-06-14T23:57:33.850-0400] {logging_mixin.py:154} INFO - [2025-06-14T23:57:33.850-0400] {dagbag.py:536} INFO - Filling up the DagBag from /Users/rah/Desktop/creative_projects/rah_coding_repo/projects/fin_data_project_001/finance-data-project-1/.venv/lib/python3.10/site-packages/airflow/example_dags/example_params_trigger_ui.py
[2025-06-14T23:57:33.911-0400] {processor.py:839} INFO - DAG(s) dict_keys(['example_params_trigger_ui']) retrieved from /Users/rah/Desktop/creative_projects/rah_coding_repo/projects/fin_data_project_001/finance-data-project-1/.venv/lib/python3.10/site-packages/airflow/example_dags/example_params_trigger_ui.py
[2025-06-14T23:57:33.987-0400] {logging_mixin.py:154} INFO - [2025-06-14T23:57:33.987-0400] {dag.py:2941} INFO - Sync 1 DAGs
[2025-06-14T23:57:33.993-0400] {logging_mixin.py:154} INFO - [2025-06-14T23:57:33.992-0400] {dag.py:3722} INFO - Setting next_dagrun for example_params_trigger_ui to None, run_after=None
[2025-06-14T23:57:34.002-0400] {processor.py:179} INFO - Processing /Users/rah/Desktop/creative_projects/rah_coding_repo/projects/fin_data_project_001/finance-data-project-1/.venv/lib/python3.10/site-packages/airflow/example_dags/example_params_trigger_ui.py took 0.156 seconds
[2025-06-14T23:58:01.707-0400] {processor.py:157} INFO - Started process (PID=49068) to work on /Users/rah/Desktop/creative_projects/rah_coding_repo/projects/fin_data_project_001/finance-data-project-1/.venv/lib/python3.10/site-packages/airflow/example_dags/example_params_trigger_ui.py
[2025-06-14T23:58:01.710-0400] {processor.py:829} INFO - Processing file /Users/rah/Desktop/creative_projects/rah_coding_repo/projects/fin_data_project_001/finance-data-project-1/.venv/lib/python3.10/site-packages/airflow/example_dags/example_params_trigger_ui.py for tasks to queue
[2025-06-14T23:58:01.710-0400] {logging_mixin.py:154} INFO - [2025-06-14T23:58:01.710-0400] {dagbag.py:536} INFO - Filling up the DagBag from /Users/rah/Desktop/creative_projects/rah_coding_repo/projects/fin_data_project_001/finance-data-project-1/.venv/lib/python3.10/site-packages/airflow/example_dags/example_params_trigger_ui.py
[2025-06-14T23:58:01.765-0400] {processor.py:839} INFO - DAG(s) dict_keys(['example_params_trigger_ui']) retrieved from /Users/rah/Desktop/creative_projects/rah_coding_repo/projects/fin_data_project_001/finance-data-project-1/.venv/lib/python3.10/site-packages/airflow/example_dags/example_params_trigger_ui.py
[2025-06-14T23:58:01.833-0400] {logging_mixin.py:154} INFO - [2025-06-14T23:58:01.833-0400] {dag.py:2941} INFO - Sync 1 DAGs
[2025-06-14T23:58:01.837-0400] {logging_mixin.py:154} INFO - [2025-06-14T23:58:01.837-0400] {dag.py:3722} INFO - Setting next_dagrun for example_params_trigger_ui to None, run_after=None
[2025-06-14T23:58:01.846-0400] {processor.py:179} INFO - Processing /Users/rah/Desktop/creative_projects/rah_coding_repo/projects/fin_data_project_001/finance-data-project-1/.venv/lib/python3.10/site-packages/airflow/example_dags/example_params_trigger_ui.py took 0.140 seconds
[2025-06-14T23:58:34.499-0400] {processor.py:157} INFO - Started process (PID=49507) to work on /Users/rah/Desktop/creative_projects/rah_coding_repo/projects/fin_data_project_001/finance-data-project-1/.venv/lib/python3.10/site-packages/airflow/example_dags/example_params_trigger_ui.py
[2025-06-14T23:58:34.502-0400] {processor.py:829} INFO - Processing file /Users/rah/Desktop/creative_projects/rah_coding_repo/projects/fin_data_project_001/finance-data-project-1/.venv/lib/python3.10/site-packages/airflow/example_dags/example_params_trigger_ui.py for tasks to queue
[2025-06-14T23:58:34.502-0400] {logging_mixin.py:154} INFO - [2025-06-14T23:58:34.502-0400] {dagbag.py:536} INFO - Filling up the DagBag from /Users/rah/Desktop/creative_projects/rah_coding_repo/projects/fin_data_project_001/finance-data-project-1/.venv/lib/python3.10/site-packages/airflow/example_dags/example_params_trigger_ui.py
[2025-06-14T23:58:34.568-0400] {processor.py:839} INFO - DAG(s) dict_keys(['example_params_trigger_ui']) retrieved from /Users/rah/Desktop/creative_projects/rah_coding_repo/projects/fin_data_project_001/finance-data-project-1/.venv/lib/python3.10/site-packages/airflow/example_dags/example_params_trigger_ui.py
[2025-06-14T23:58:34.648-0400] {logging_mixin.py:154} INFO - [2025-06-14T23:58:34.648-0400] {dag.py:2941} INFO - Sync 1 DAGs
[2025-06-14T23:58:34.653-0400] {logging_mixin.py:154} INFO - [2025-06-14T23:58:34.653-0400] {dag.py:3722} INFO - Setting next_dagrun for example_params_trigger_ui to None, run_after=None
[2025-06-14T23:58:34.661-0400] {processor.py:179} INFO - Processing /Users/rah/Desktop/creative_projects/rah_coding_repo/projects/fin_data_project_001/finance-data-project-1/.venv/lib/python3.10/site-packages/airflow/example_dags/example_params_trigger_ui.py took 0.162 seconds
[2025-06-14T23:59:09.170-0400] {processor.py:157} INFO - Started process (PID=50394) to work on /Users/rah/Desktop/creative_projects/rah_coding_repo/projects/fin_data_project_001/finance-data-project-1/.venv/lib/python3.10/site-packages/airflow/example_dags/example_params_trigger_ui.py
[2025-06-14T23:59:09.173-0400] {processor.py:829} INFO - Processing file /Users/rah/Desktop/creative_projects/rah_coding_repo/projects/fin_data_project_001/finance-data-project-1/.venv/lib/python3.10/site-packages/airflow/example_dags/example_params_trigger_ui.py for tasks to queue
[2025-06-14T23:59:09.173-0400] {logging_mixin.py:154} INFO - [2025-06-14T23:59:09.173-0400] {dagbag.py:536} INFO - Filling up the DagBag from /Users/rah/Desktop/creative_projects/rah_coding_repo/projects/fin_data_project_001/finance-data-project-1/.venv/lib/python3.10/site-packages/airflow/example_dags/example_params_trigger_ui.py
[2025-06-14T23:59:09.238-0400] {processor.py:839} INFO - DAG(s) dict_keys(['example_params_trigger_ui']) retrieved from /Users/rah/Desktop/creative_projects/rah_coding_repo/projects/fin_data_project_001/finance-data-project-1/.venv/lib/python3.10/site-packages/airflow/example_dags/example_params_trigger_ui.py
[2025-06-14T23:59:09.313-0400] {logging_mixin.py:154} INFO - [2025-06-14T23:59:09.313-0400] {dag.py:2941} INFO - Sync 1 DAGs
[2025-06-14T23:59:09.318-0400] {logging_mixin.py:154} INFO - [2025-06-14T23:59:09.318-0400] {dag.py:3722} INFO - Setting next_dagrun for example_params_trigger_ui to None, run_after=None
[2025-06-14T23:59:09.327-0400] {processor.py:179} INFO - Processing /Users/rah/Desktop/creative_projects/rah_coding_repo/projects/fin_data_project_001/finance-data-project-1/.venv/lib/python3.10/site-packages/airflow/example_dags/example_params_trigger_ui.py took 0.158 seconds
[2025-06-14T23:59:36.489-0400] {processor.py:157} INFO - Started process (PID=50851) to work on /Users/rah/Desktop/creative_projects/rah_coding_repo/projects/fin_data_project_001/finance-data-project-1/.venv/lib/python3.10/site-packages/airflow/example_dags/example_params_trigger_ui.py
[2025-06-14T23:59:36.491-0400] {processor.py:829} INFO - Processing file /Users/rah/Desktop/creative_projects/rah_coding_repo/projects/fin_data_project_001/finance-data-project-1/.venv/lib/python3.10/site-packages/airflow/example_dags/example_params_trigger_ui.py for tasks to queue
[2025-06-14T23:59:36.492-0400] {logging_mixin.py:154} INFO - [2025-06-14T23:59:36.491-0400] {dagbag.py:536} INFO - Filling up the DagBag from /Users/rah/Desktop/creative_projects/rah_coding_repo/projects/fin_data_project_001/finance-data-project-1/.venv/lib/python3.10/site-packages/airflow/example_dags/example_params_trigger_ui.py
[2025-06-14T23:59:36.559-0400] {processor.py:839} INFO - DAG(s) dict_keys(['example_params_trigger_ui']) retrieved from /Users/rah/Desktop/creative_projects/rah_coding_repo/projects/fin_data_project_001/finance-data-project-1/.venv/lib/python3.10/site-packages/airflow/example_dags/example_params_trigger_ui.py
[2025-06-14T23:59:36.645-0400] {logging_mixin.py:154} INFO - [2025-06-14T23:59:36.645-0400] {dag.py:2941} INFO - Sync 1 DAGs
[2025-06-14T23:59:36.650-0400] {logging_mixin.py:154} INFO - [2025-06-14T23:59:36.650-0400] {dag.py:3722} INFO - Setting next_dagrun for example_params_trigger_ui to None, run_after=None
[2025-06-14T23:59:36.685-0400] {processor.py:179} INFO - Processing /Users/rah/Desktop/creative_projects/rah_coding_repo/projects/fin_data_project_001/finance-data-project-1/.venv/lib/python3.10/site-packages/airflow/example_dags/example_params_trigger_ui.py took 0.197 seconds
[2025-06-14T23:59:42.741-0400] {processor.py:157} INFO - Started process (PID=50876) to work on /Users/rah/Desktop/creative_projects/rah_coding_repo/projects/fin_data_project_001/finance-data-project-1/.venv/lib/python3.10/site-packages/airflow/example_dags/example_params_trigger_ui.py
[2025-06-14T23:59:42.744-0400] {processor.py:829} INFO - Processing file /Users/rah/Desktop/creative_projects/rah_coding_repo/projects/fin_data_project_001/finance-data-project-1/.venv/lib/python3.10/site-packages/airflow/example_dags/example_params_trigger_ui.py for tasks to queue
[2025-06-14T23:59:42.744-0400] {logging_mixin.py:154} INFO - [2025-06-14T23:59:42.744-0400] {dagbag.py:536} INFO - Filling up the DagBag from /Users/rah/Desktop/creative_projects/rah_coding_repo/projects/fin_data_project_001/finance-data-project-1/.venv/lib/python3.10/site-packages/airflow/example_dags/example_params_trigger_ui.py
[2025-06-14T23:59:42.811-0400] {processor.py:839} INFO - DAG(s) dict_keys(['example_params_trigger_ui']) retrieved from /Users/rah/Desktop/creative_projects/rah_coding_repo/projects/fin_data_project_001/finance-data-project-1/.venv/lib/python3.10/site-packages/airflow/example_dags/example_params_trigger_ui.py
[2025-06-14T23:59:42.887-0400] {logging_mixin.py:154} INFO - [2025-06-14T23:59:42.887-0400] {dag.py:2941} INFO - Sync 1 DAGs
[2025-06-14T23:59:42.892-0400] {logging_mixin.py:154} INFO - [2025-06-14T23:59:42.892-0400] {dag.py:3722} INFO - Setting next_dagrun for example_params_trigger_ui to None, run_after=None
[2025-06-14T23:59:42.901-0400] {processor.py:179} INFO - Processing /Users/rah/Desktop/creative_projects/rah_coding_repo/projects/fin_data_project_001/finance-data-project-1/.venv/lib/python3.10/site-packages/airflow/example_dags/example_params_trigger_ui.py took 0.160 seconds
[2025-06-15T00:00:17.489-0400] {processor.py:157} INFO - Started process (PID=51505) to work on /Users/rah/Desktop/creative_projects/rah_coding_repo/projects/fin_data_project_001/finance-data-project-1/.venv/lib/python3.10/site-packages/airflow/example_dags/example_params_trigger_ui.py
[2025-06-15T00:00:17.492-0400] {processor.py:829} INFO - Processing file /Users/rah/Desktop/creative_projects/rah_coding_repo/projects/fin_data_project_001/finance-data-project-1/.venv/lib/python3.10/site-packages/airflow/example_dags/example_params_trigger_ui.py for tasks to queue
[2025-06-15T00:00:17.492-0400] {logging_mixin.py:154} INFO - [2025-06-15T00:00:17.492-0400] {dagbag.py:536} INFO - Filling up the DagBag from /Users/rah/Desktop/creative_projects/rah_coding_repo/projects/fin_data_project_001/finance-data-project-1/.venv/lib/python3.10/site-packages/airflow/example_dags/example_params_trigger_ui.py
[2025-06-15T00:00:17.551-0400] {processor.py:839} INFO - DAG(s) dict_keys(['example_params_trigger_ui']) retrieved from /Users/rah/Desktop/creative_projects/rah_coding_repo/projects/fin_data_project_001/finance-data-project-1/.venv/lib/python3.10/site-packages/airflow/example_dags/example_params_trigger_ui.py
[2025-06-15T00:00:17.623-0400] {logging_mixin.py:154} INFO - [2025-06-15T00:00:17.623-0400] {dag.py:2941} INFO - Sync 1 DAGs
[2025-06-15T00:00:17.628-0400] {logging_mixin.py:154} INFO - [2025-06-15T00:00:17.628-0400] {dag.py:3722} INFO - Setting next_dagrun for example_params_trigger_ui to None, run_after=None
[2025-06-15T00:00:17.636-0400] {processor.py:179} INFO - Processing /Users/rah/Desktop/creative_projects/rah_coding_repo/projects/fin_data_project_001/finance-data-project-1/.venv/lib/python3.10/site-packages/airflow/example_dags/example_params_trigger_ui.py took 0.148 seconds
[2025-06-15T00:00:32.035-0400] {processor.py:157} INFO - Started process (PID=51683) to work on /Users/rah/Desktop/creative_projects/rah_coding_repo/projects/fin_data_project_001/finance-data-project-1/.venv/lib/python3.10/site-packages/airflow/example_dags/example_params_trigger_ui.py
[2025-06-15T00:00:32.037-0400] {processor.py:829} INFO - Processing file /Users/rah/Desktop/creative_projects/rah_coding_repo/projects/fin_data_project_001/finance-data-project-1/.venv/lib/python3.10/site-packages/airflow/example_dags/example_params_trigger_ui.py for tasks to queue
[2025-06-15T00:00:32.037-0400] {logging_mixin.py:154} INFO - [2025-06-15T00:00:32.037-0400] {dagbag.py:536} INFO - Filling up the DagBag from /Users/rah/Desktop/creative_projects/rah_coding_repo/projects/fin_data_project_001/finance-data-project-1/.venv/lib/python3.10/site-packages/airflow/example_dags/example_params_trigger_ui.py
[2025-06-15T00:00:32.095-0400] {processor.py:839} INFO - DAG(s) dict_keys(['example_params_trigger_ui']) retrieved from /Users/rah/Desktop/creative_projects/rah_coding_repo/projects/fin_data_project_001/finance-data-project-1/.venv/lib/python3.10/site-packages/airflow/example_dags/example_params_trigger_ui.py
[2025-06-15T00:00:32.165-0400] {logging_mixin.py:154} INFO - [2025-06-15T00:00:32.165-0400] {dag.py:2941} INFO - Sync 1 DAGs
[2025-06-15T00:00:32.169-0400] {logging_mixin.py:154} INFO - [2025-06-15T00:00:32.169-0400] {dag.py:3722} INFO - Setting next_dagrun for example_params_trigger_ui to None, run_after=None
[2025-06-15T00:00:32.177-0400] {processor.py:179} INFO - Processing /Users/rah/Desktop/creative_projects/rah_coding_repo/projects/fin_data_project_001/finance-data-project-1/.venv/lib/python3.10/site-packages/airflow/example_dags/example_params_trigger_ui.py took 0.143 seconds
[2025-06-15T00:01:01.767-0400] {processor.py:157} INFO - Started process (PID=52147) to work on /Users/rah/Desktop/creative_projects/rah_coding_repo/projects/fin_data_project_001/finance-data-project-1/.venv/lib/python3.10/site-packages/airflow/example_dags/example_params_trigger_ui.py
[2025-06-15T00:01:01.769-0400] {processor.py:829} INFO - Processing file /Users/rah/Desktop/creative_projects/rah_coding_repo/projects/fin_data_project_001/finance-data-project-1/.venv/lib/python3.10/site-packages/airflow/example_dags/example_params_trigger_ui.py for tasks to queue
[2025-06-15T00:01:01.769-0400] {logging_mixin.py:154} INFO - [2025-06-15T00:01:01.769-0400] {dagbag.py:536} INFO - Filling up the DagBag from /Users/rah/Desktop/creative_projects/rah_coding_repo/projects/fin_data_project_001/finance-data-project-1/.venv/lib/python3.10/site-packages/airflow/example_dags/example_params_trigger_ui.py
[2025-06-15T00:01:01.829-0400] {processor.py:839} INFO - DAG(s) dict_keys(['example_params_trigger_ui']) retrieved from /Users/rah/Desktop/creative_projects/rah_coding_repo/projects/fin_data_project_001/finance-data-project-1/.venv/lib/python3.10/site-packages/airflow/example_dags/example_params_trigger_ui.py
[2025-06-15T00:01:01.904-0400] {logging_mixin.py:154} INFO - [2025-06-15T00:01:01.904-0400] {dag.py:2941} INFO - Sync 1 DAGs
[2025-06-15T00:01:01.908-0400] {logging_mixin.py:154} INFO - [2025-06-15T00:01:01.908-0400] {dag.py:3722} INFO - Setting next_dagrun for example_params_trigger_ui to None, run_after=None
[2025-06-15T00:01:01.917-0400] {processor.py:179} INFO - Processing /Users/rah/Desktop/creative_projects/rah_coding_repo/projects/fin_data_project_001/finance-data-project-1/.venv/lib/python3.10/site-packages/airflow/example_dags/example_params_trigger_ui.py took 0.150 seconds
[2025-06-15T00:01:03.699-0400] {processor.py:157} INFO - Started process (PID=52157) to work on /Users/rah/Desktop/creative_projects/rah_coding_repo/projects/fin_data_project_001/finance-data-project-1/.venv/lib/python3.10/site-packages/airflow/example_dags/example_params_trigger_ui.py
[2025-06-15T00:01:03.702-0400] {processor.py:829} INFO - Processing file /Users/rah/Desktop/creative_projects/rah_coding_repo/projects/fin_data_project_001/finance-data-project-1/.venv/lib/python3.10/site-packages/airflow/example_dags/example_params_trigger_ui.py for tasks to queue
[2025-06-15T00:01:03.702-0400] {logging_mixin.py:154} INFO - [2025-06-15T00:01:03.702-0400] {dagbag.py:536} INFO - Filling up the DagBag from /Users/rah/Desktop/creative_projects/rah_coding_repo/projects/fin_data_project_001/finance-data-project-1/.venv/lib/python3.10/site-packages/airflow/example_dags/example_params_trigger_ui.py
[2025-06-15T00:01:03.768-0400] {processor.py:839} INFO - DAG(s) dict_keys(['example_params_trigger_ui']) retrieved from /Users/rah/Desktop/creative_projects/rah_coding_repo/projects/fin_data_project_001/finance-data-project-1/.venv/lib/python3.10/site-packages/airflow/example_dags/example_params_trigger_ui.py
[2025-06-15T00:01:03.849-0400] {logging_mixin.py:154} INFO - [2025-06-15T00:01:03.849-0400] {dag.py:2941} INFO - Sync 1 DAGs
[2025-06-15T00:01:03.853-0400] {logging_mixin.py:154} INFO - [2025-06-15T00:01:03.853-0400] {dag.py:3722} INFO - Setting next_dagrun for example_params_trigger_ui to None, run_after=None
[2025-06-15T00:01:03.861-0400] {processor.py:179} INFO - Processing /Users/rah/Desktop/creative_projects/rah_coding_repo/projects/fin_data_project_001/finance-data-project-1/.venv/lib/python3.10/site-packages/airflow/example_dags/example_params_trigger_ui.py took 0.163 seconds
[2025-06-15T00:01:53.577-0400] {processor.py:157} INFO - Started process (PID=52968) to work on /Users/rah/Desktop/creative_projects/rah_coding_repo/projects/fin_data_project_001/finance-data-project-1/.venv/lib/python3.10/site-packages/airflow/example_dags/example_params_trigger_ui.py
[2025-06-15T00:01:53.580-0400] {processor.py:829} INFO - Processing file /Users/rah/Desktop/creative_projects/rah_coding_repo/projects/fin_data_project_001/finance-data-project-1/.venv/lib/python3.10/site-packages/airflow/example_dags/example_params_trigger_ui.py for tasks to queue
[2025-06-15T00:01:53.580-0400] {logging_mixin.py:154} INFO - [2025-06-15T00:01:53.580-0400] {dagbag.py:536} INFO - Filling up the DagBag from /Users/rah/Desktop/creative_projects/rah_coding_repo/projects/fin_data_project_001/finance-data-project-1/.venv/lib/python3.10/site-packages/airflow/example_dags/example_params_trigger_ui.py
[2025-06-15T00:01:53.646-0400] {processor.py:839} INFO - DAG(s) dict_keys(['example_params_trigger_ui']) retrieved from /Users/rah/Desktop/creative_projects/rah_coding_repo/projects/fin_data_project_001/finance-data-project-1/.venv/lib/python3.10/site-packages/airflow/example_dags/example_params_trigger_ui.py
[2025-06-15T00:01:53.721-0400] {logging_mixin.py:154} INFO - [2025-06-15T00:01:53.721-0400] {dag.py:2941} INFO - Sync 1 DAGs
[2025-06-15T00:01:53.726-0400] {logging_mixin.py:154} INFO - [2025-06-15T00:01:53.726-0400] {dag.py:3722} INFO - Setting next_dagrun for example_params_trigger_ui to None, run_after=None
[2025-06-15T00:01:53.735-0400] {processor.py:179} INFO - Processing /Users/rah/Desktop/creative_projects/rah_coding_repo/projects/fin_data_project_001/finance-data-project-1/.venv/lib/python3.10/site-packages/airflow/example_dags/example_params_trigger_ui.py took 0.159 seconds
[2025-06-15T00:02:04.226-0400] {processor.py:157} INFO - Started process (PID=53135) to work on /Users/rah/Desktop/creative_projects/rah_coding_repo/projects/fin_data_project_001/finance-data-project-1/.venv/lib/python3.10/site-packages/airflow/example_dags/example_params_trigger_ui.py
[2025-06-15T00:02:04.228-0400] {processor.py:829} INFO - Processing file /Users/rah/Desktop/creative_projects/rah_coding_repo/projects/fin_data_project_001/finance-data-project-1/.venv/lib/python3.10/site-packages/airflow/example_dags/example_params_trigger_ui.py for tasks to queue
[2025-06-15T00:02:04.229-0400] {logging_mixin.py:154} INFO - [2025-06-15T00:02:04.229-0400] {dagbag.py:536} INFO - Filling up the DagBag from /Users/rah/Desktop/creative_projects/rah_coding_repo/projects/fin_data_project_001/finance-data-project-1/.venv/lib/python3.10/site-packages/airflow/example_dags/example_params_trigger_ui.py
[2025-06-15T00:02:04.289-0400] {processor.py:839} INFO - DAG(s) dict_keys(['example_params_trigger_ui']) retrieved from /Users/rah/Desktop/creative_projects/rah_coding_repo/projects/fin_data_project_001/finance-data-project-1/.venv/lib/python3.10/site-packages/airflow/example_dags/example_params_trigger_ui.py
[2025-06-15T00:02:04.357-0400] {logging_mixin.py:154} INFO - [2025-06-15T00:02:04.357-0400] {dag.py:2941} INFO - Sync 1 DAGs
[2025-06-15T00:02:04.361-0400] {logging_mixin.py:154} INFO - [2025-06-15T00:02:04.361-0400] {dag.py:3722} INFO - Setting next_dagrun for example_params_trigger_ui to None, run_after=None
[2025-06-15T00:02:04.369-0400] {processor.py:179} INFO - Processing /Users/rah/Desktop/creative_projects/rah_coding_repo/projects/fin_data_project_001/finance-data-project-1/.venv/lib/python3.10/site-packages/airflow/example_dags/example_params_trigger_ui.py took 0.144 seconds
[2025-06-15T00:07:03.762-0400] {processor.py:157} INFO - Started process (PID=57248) to work on /Users/rah/.pyenv/versions/3.10.11/lib/python3.10/site-packages/airflow/example_dags/example_params_trigger_ui.py
[2025-06-15T00:07:03.765-0400] {processor.py:829} INFO - Processing file /Users/rah/.pyenv/versions/3.10.11/lib/python3.10/site-packages/airflow/example_dags/example_params_trigger_ui.py for tasks to queue
[2025-06-15T00:07:03.766-0400] {logging_mixin.py:154} INFO - [2025-06-15T00:07:03.766-0400] {dagbag.py:536} INFO - Filling up the DagBag from /Users/rah/.pyenv/versions/3.10.11/lib/python3.10/site-packages/airflow/example_dags/example_params_trigger_ui.py
[2025-06-15T00:07:03.840-0400] {processor.py:839} INFO - DAG(s) dict_keys(['example_params_trigger_ui']) retrieved from /Users/rah/.pyenv/versions/3.10.11/lib/python3.10/site-packages/airflow/example_dags/example_params_trigger_ui.py
[2025-06-15T00:07:04.155-0400] {logging_mixin.py:154} INFO - [2025-06-15T00:07:04.155-0400] {dag.py:2941} INFO - Sync 1 DAGs
[2025-06-15T00:07:04.159-0400] {logging_mixin.py:154} INFO - [2025-06-15T00:07:04.159-0400] {dag.py:3722} INFO - Setting next_dagrun for example_params_trigger_ui to None, run_after=None
[2025-06-15T00:07:04.167-0400] {processor.py:179} INFO - Processing /Users/rah/.pyenv/versions/3.10.11/lib/python3.10/site-packages/airflow/example_dags/example_params_trigger_ui.py took 0.406 seconds
[2025-06-15T00:08:31.484-0400] {processor.py:157} INFO - Started process (PID=58620) to work on /Users/rah/.pyenv/versions/3.10.11/lib/python3.10/site-packages/airflow/example_dags/example_params_trigger_ui.py
[2025-06-15T00:08:31.487-0400] {processor.py:829} INFO - Processing file /Users/rah/.pyenv/versions/3.10.11/lib/python3.10/site-packages/airflow/example_dags/example_params_trigger_ui.py for tasks to queue
[2025-06-15T00:08:31.487-0400] {logging_mixin.py:154} INFO - [2025-06-15T00:08:31.487-0400] {dagbag.py:536} INFO - Filling up the DagBag from /Users/rah/.pyenv/versions/3.10.11/lib/python3.10/site-packages/airflow/example_dags/example_params_trigger_ui.py
[2025-06-15T00:08:31.568-0400] {processor.py:839} INFO - DAG(s) dict_keys(['example_params_trigger_ui']) retrieved from /Users/rah/.pyenv/versions/3.10.11/lib/python3.10/site-packages/airflow/example_dags/example_params_trigger_ui.py
[2025-06-15T00:08:31.643-0400] {logging_mixin.py:154} INFO - [2025-06-15T00:08:31.643-0400] {dag.py:2941} INFO - Sync 1 DAGs
[2025-06-15T00:08:31.647-0400] {logging_mixin.py:154} INFO - [2025-06-15T00:08:31.647-0400] {dag.py:3722} INFO - Setting next_dagrun for example_params_trigger_ui to None, run_after=None
[2025-06-15T00:08:31.655-0400] {processor.py:179} INFO - Processing /Users/rah/.pyenv/versions/3.10.11/lib/python3.10/site-packages/airflow/example_dags/example_params_trigger_ui.py took 0.171 seconds
[2025-06-15T00:10:15.057-0400] {processor.py:157} INFO - Started process (PID=60529) to work on /Users/rah/.pyenv/versions/3.10.11/lib/python3.10/site-packages/airflow/example_dags/example_params_trigger_ui.py
[2025-06-15T00:10:15.060-0400] {processor.py:829} INFO - Processing file /Users/rah/.pyenv/versions/3.10.11/lib/python3.10/site-packages/airflow/example_dags/example_params_trigger_ui.py for tasks to queue
[2025-06-15T00:10:15.060-0400] {logging_mixin.py:154} INFO - [2025-06-15T00:10:15.060-0400] {dagbag.py:536} INFO - Filling up the DagBag from /Users/rah/.pyenv/versions/3.10.11/lib/python3.10/site-packages/airflow/example_dags/example_params_trigger_ui.py
[2025-06-15T00:10:15.134-0400] {processor.py:839} INFO - DAG(s) dict_keys(['example_params_trigger_ui']) retrieved from /Users/rah/.pyenv/versions/3.10.11/lib/python3.10/site-packages/airflow/example_dags/example_params_trigger_ui.py
[2025-06-15T00:10:15.201-0400] {logging_mixin.py:154} INFO - [2025-06-15T00:10:15.201-0400] {dag.py:2941} INFO - Sync 1 DAGs
[2025-06-15T00:10:15.205-0400] {logging_mixin.py:154} INFO - [2025-06-15T00:10:15.205-0400] {dag.py:3722} INFO - Setting next_dagrun for example_params_trigger_ui to None, run_after=None
[2025-06-15T00:10:15.212-0400] {processor.py:179} INFO - Processing /Users/rah/.pyenv/versions/3.10.11/lib/python3.10/site-packages/airflow/example_dags/example_params_trigger_ui.py took 0.156 seconds
[2025-06-15T00:11:54.045-0400] {processor.py:157} INFO - Started process (PID=61707) to work on /Users/rah/.pyenv/versions/3.10.11/lib/python3.10/site-packages/airflow/example_dags/example_params_trigger_ui.py
[2025-06-15T00:11:54.048-0400] {processor.py:829} INFO - Processing file /Users/rah/.pyenv/versions/3.10.11/lib/python3.10/site-packages/airflow/example_dags/example_params_trigger_ui.py for tasks to queue
[2025-06-15T00:11:54.049-0400] {logging_mixin.py:154} INFO - [2025-06-15T00:11:54.049-0400] {dagbag.py:536} INFO - Filling up the DagBag from /Users/rah/.pyenv/versions/3.10.11/lib/python3.10/site-packages/airflow/example_dags/example_params_trigger_ui.py
[2025-06-15T00:11:54.124-0400] {processor.py:839} INFO - DAG(s) dict_keys(['example_params_trigger_ui']) retrieved from /Users/rah/.pyenv/versions/3.10.11/lib/python3.10/site-packages/airflow/example_dags/example_params_trigger_ui.py
[2025-06-15T00:11:54.193-0400] {logging_mixin.py:154} INFO - [2025-06-15T00:11:54.193-0400] {dag.py:2941} INFO - Sync 1 DAGs
[2025-06-15T00:11:54.197-0400] {logging_mixin.py:154} INFO - [2025-06-15T00:11:54.197-0400] {dag.py:3722} INFO - Setting next_dagrun for example_params_trigger_ui to None, run_after=None
[2025-06-15T00:11:54.205-0400] {processor.py:179} INFO - Processing /Users/rah/.pyenv/versions/3.10.11/lib/python3.10/site-packages/airflow/example_dags/example_params_trigger_ui.py took 0.160 seconds
[2025-06-15T00:13:38.498-0400] {processor.py:157} INFO - Started process (PID=63556) to work on /Users/rah/.pyenv/versions/3.10.11/lib/python3.10/site-packages/airflow/example_dags/example_params_trigger_ui.py
[2025-06-15T00:13:38.501-0400] {processor.py:829} INFO - Processing file /Users/rah/.pyenv/versions/3.10.11/lib/python3.10/site-packages/airflow/example_dags/example_params_trigger_ui.py for tasks to queue
[2025-06-15T00:13:38.501-0400] {logging_mixin.py:154} INFO - [2025-06-15T00:13:38.501-0400] {dagbag.py:536} INFO - Filling up the DagBag from /Users/rah/.pyenv/versions/3.10.11/lib/python3.10/site-packages/airflow/example_dags/example_params_trigger_ui.py
[2025-06-15T00:13:38.579-0400] {processor.py:839} INFO - DAG(s) dict_keys(['example_params_trigger_ui']) retrieved from /Users/rah/.pyenv/versions/3.10.11/lib/python3.10/site-packages/airflow/example_dags/example_params_trigger_ui.py
[2025-06-15T00:13:38.647-0400] {logging_mixin.py:154} INFO - [2025-06-15T00:13:38.647-0400] {dag.py:2941} INFO - Sync 1 DAGs
[2025-06-15T00:13:38.651-0400] {logging_mixin.py:154} INFO - [2025-06-15T00:13:38.650-0400] {dag.py:3722} INFO - Setting next_dagrun for example_params_trigger_ui to None, run_after=None
[2025-06-15T00:13:38.658-0400] {processor.py:179} INFO - Processing /Users/rah/.pyenv/versions/3.10.11/lib/python3.10/site-packages/airflow/example_dags/example_params_trigger_ui.py took 0.161 seconds
[2025-06-15T00:15:18.870-0400] {processor.py:157} INFO - Started process (PID=65135) to work on /Users/rah/.pyenv/versions/3.10.11/lib/python3.10/site-packages/airflow/example_dags/example_params_trigger_ui.py
[2025-06-15T00:15:18.873-0400] {processor.py:829} INFO - Processing file /Users/rah/.pyenv/versions/3.10.11/lib/python3.10/site-packages/airflow/example_dags/example_params_trigger_ui.py for tasks to queue
[2025-06-15T00:15:18.874-0400] {logging_mixin.py:154} INFO - [2025-06-15T00:15:18.874-0400] {dagbag.py:536} INFO - Filling up the DagBag from /Users/rah/.pyenv/versions/3.10.11/lib/python3.10/site-packages/airflow/example_dags/example_params_trigger_ui.py
[2025-06-15T00:15:18.952-0400] {processor.py:839} INFO - DAG(s) dict_keys(['example_params_trigger_ui']) retrieved from /Users/rah/.pyenv/versions/3.10.11/lib/python3.10/site-packages/airflow/example_dags/example_params_trigger_ui.py
[2025-06-15T00:15:19.021-0400] {logging_mixin.py:154} INFO - [2025-06-15T00:15:19.021-0400] {dag.py:2941} INFO - Sync 1 DAGs
[2025-06-15T00:15:19.025-0400] {logging_mixin.py:154} INFO - [2025-06-15T00:15:19.025-0400] {dag.py:3722} INFO - Setting next_dagrun for example_params_trigger_ui to None, run_after=None
[2025-06-15T00:15:19.033-0400] {processor.py:179} INFO - Processing /Users/rah/.pyenv/versions/3.10.11/lib/python3.10/site-packages/airflow/example_dags/example_params_trigger_ui.py took 0.163 seconds
