[2025-06-14T23:49:03.419-0400] {processor.py:157} INFO - Started process (PID=40044) to work on /Users/rah/.pyenv/versions/3.10.11/lib/python3.10/site-packages/airflow/example_dags/example_skip_dag.py
[2025-06-14T23:49:03.422-0400] {processor.py:829} INFO - Processing file /Users/rah/.pyenv/versions/3.10.11/lib/python3.10/site-packages/airflow/example_dags/example_skip_dag.py for tasks to queue
[2025-06-14T23:49:03.422-0400] {logging_mixin.py:154} INFO - [2025-06-14T23:49:03.422-0400] {dagbag.py:536} INFO - Filling up the DagBag from /Users/rah/.pyenv/versions/3.10.11/lib/python3.10/site-packages/airflow/example_dags/example_skip_dag.py
[2025-06-14T23:49:03.434-0400] {processor.py:839} INFO - DAG(s) dict_keys(['example_skip_dag']) retrieved from /Users/rah/.pyenv/versions/3.10.11/lib/python3.10/site-packages/airflow/example_dags/example_skip_dag.py
[2025-06-14T23:49:03.803-0400] {logging_mixin.py:154} INFO - [2025-06-14T23:49:03.802-0400] {manager.py:499} INFO - Created Permission View: %s
[2025-06-14T23:49:03.806-0400] {logging_mixin.py:154} INFO - [2025-06-14T23:49:03.806-0400] {manager.py:499} INFO - Created Permission View: %s
[2025-06-14T23:49:03.808-0400] {logging_mixin.py:154} INFO - [2025-06-14T23:49:03.808-0400] {manager.py:499} INFO - Created Permission View: %s
[2025-06-14T23:49:03.808-0400] {logging_mixin.py:154} INFO - [2025-06-14T23:49:03.808-0400] {dag.py:2941} INFO - Sync 1 DAGs
[2025-06-14T23:49:03.812-0400] {logging_mixin.py:154} INFO - [2025-06-14T23:49:03.812-0400] {dag.py:2963} INFO - Creating ORM DAG for example_skip_dag
[2025-06-14T23:49:03.816-0400] {logging_mixin.py:154} INFO - [2025-06-14T23:49:03.816-0400] {dag.py:3722} INFO - Setting next_dagrun for example_skip_dag to 2025-06-14T03:49:03.816203+00:00, run_after=2025-06-15T03:49:03.816203+00:00
[2025-06-14T23:49:03.825-0400] {processor.py:179} INFO - Processing /Users/rah/.pyenv/versions/3.10.11/lib/python3.10/site-packages/airflow/example_dags/example_skip_dag.py took 0.407 seconds
[2025-06-14T23:50:33.190-0400] {processor.py:157} INFO - Started process (PID=41140) to work on /Users/rah/.pyenv/versions/3.10.11/lib/python3.10/site-packages/airflow/example_dags/example_skip_dag.py
[2025-06-14T23:50:33.194-0400] {processor.py:829} INFO - Processing file /Users/rah/.pyenv/versions/3.10.11/lib/python3.10/site-packages/airflow/example_dags/example_skip_dag.py for tasks to queue
[2025-06-14T23:50:33.194-0400] {logging_mixin.py:154} INFO - [2025-06-14T23:50:33.194-0400] {dagbag.py:536} INFO - Filling up the DagBag from /Users/rah/.pyenv/versions/3.10.11/lib/python3.10/site-packages/airflow/example_dags/example_skip_dag.py
[2025-06-14T23:50:33.204-0400] {processor.py:839} INFO - DAG(s) dict_keys(['example_skip_dag']) retrieved from /Users/rah/.pyenv/versions/3.10.11/lib/python3.10/site-packages/airflow/example_dags/example_skip_dag.py
[2025-06-14T23:50:33.329-0400] {logging_mixin.py:154} INFO - [2025-06-14T23:50:33.329-0400] {dag.py:2941} INFO - Sync 1 DAGs
[2025-06-14T23:50:33.337-0400] {logging_mixin.py:154} INFO - [2025-06-14T23:50:33.337-0400] {dag.py:3722} INFO - Setting next_dagrun for example_skip_dag to 2025-06-14T03:50:33.337836+00:00, run_after=2025-06-15T03:50:33.337836+00:00
[2025-06-14T23:50:33.346-0400] {processor.py:179} INFO - Processing /Users/rah/.pyenv/versions/3.10.11/lib/python3.10/site-packages/airflow/example_dags/example_skip_dag.py took 0.157 seconds
[2025-06-14T23:55:20.180-0400] {processor.py:157} INFO - Started process (PID=45761) to work on /Users/rah/Desktop/creative_projects/rah_coding_repo/projects/fin_data_project_001/finance-data-project-1/.venv/lib/python3.10/site-packages/airflow/example_dags/example_skip_dag.py
[2025-06-14T23:55:20.183-0400] {processor.py:829} INFO - Processing file /Users/rah/Desktop/creative_projects/rah_coding_repo/projects/fin_data_project_001/finance-data-project-1/.venv/lib/python3.10/site-packages/airflow/example_dags/example_skip_dag.py for tasks to queue
[2025-06-14T23:55:20.184-0400] {logging_mixin.py:154} INFO - [2025-06-14T23:55:20.184-0400] {dagbag.py:536} INFO - Filling up the DagBag from /Users/rah/Desktop/creative_projects/rah_coding_repo/projects/fin_data_project_001/finance-data-project-1/.venv/lib/python3.10/site-packages/airflow/example_dags/example_skip_dag.py
[2025-06-14T23:55:20.192-0400] {processor.py:839} INFO - DAG(s) dict_keys(['example_skip_dag']) retrieved from /Users/rah/Desktop/creative_projects/rah_coding_repo/projects/fin_data_project_001/finance-data-project-1/.venv/lib/python3.10/site-packages/airflow/example_dags/example_skip_dag.py
[2025-06-14T23:55:20.284-0400] {logging_mixin.py:154} INFO - [2025-06-14T23:55:20.284-0400] {dag.py:2941} INFO - Sync 1 DAGs
[2025-06-14T23:55:20.290-0400] {logging_mixin.py:154} INFO - [2025-06-14T23:55:20.290-0400] {dag.py:3722} INFO - Setting next_dagrun for example_skip_dag to 2025-06-14T03:55:20.290630+00:00, run_after=2025-06-15T03:55:20.290630+00:00
[2025-06-14T23:55:20.298-0400] {processor.py:179} INFO - Processing /Users/rah/Desktop/creative_projects/rah_coding_repo/projects/fin_data_project_001/finance-data-project-1/.venv/lib/python3.10/site-packages/airflow/example_dags/example_skip_dag.py took 0.118 seconds
[2025-06-14T23:56:23.246-0400] {processor.py:157} INFO - Started process (PID=47229) to work on /Users/rah/Desktop/creative_projects/rah_coding_repo/projects/fin_data_project_001/finance-data-project-1/.venv/lib/python3.10/site-packages/airflow/example_dags/example_skip_dag.py
[2025-06-14T23:56:23.249-0400] {processor.py:829} INFO - Processing file /Users/rah/Desktop/creative_projects/rah_coding_repo/projects/fin_data_project_001/finance-data-project-1/.venv/lib/python3.10/site-packages/airflow/example_dags/example_skip_dag.py for tasks to queue
[2025-06-14T23:56:23.249-0400] {logging_mixin.py:154} INFO - [2025-06-14T23:56:23.249-0400] {dagbag.py:536} INFO - Filling up the DagBag from /Users/rah/Desktop/creative_projects/rah_coding_repo/projects/fin_data_project_001/finance-data-project-1/.venv/lib/python3.10/site-packages/airflow/example_dags/example_skip_dag.py
[2025-06-14T23:56:23.258-0400] {processor.py:839} INFO - DAG(s) dict_keys(['example_skip_dag']) retrieved from /Users/rah/Desktop/creative_projects/rah_coding_repo/projects/fin_data_project_001/finance-data-project-1/.venv/lib/python3.10/site-packages/airflow/example_dags/example_skip_dag.py
[2025-06-14T23:56:23.355-0400] {logging_mixin.py:154} INFO - [2025-06-14T23:56:23.355-0400] {dag.py:2941} INFO - Sync 1 DAGs
[2025-06-14T23:56:23.361-0400] {logging_mixin.py:154} INFO - [2025-06-14T23:56:23.361-0400] {dag.py:3722} INFO - Setting next_dagrun for example_skip_dag to 2025-06-14T03:56:23.361693+00:00, run_after=2025-06-15T03:56:23.361693+00:00
[2025-06-14T23:56:23.369-0400] {processor.py:179} INFO - Processing /Users/rah/Desktop/creative_projects/rah_coding_repo/projects/fin_data_project_001/finance-data-project-1/.venv/lib/python3.10/site-packages/airflow/example_dags/example_skip_dag.py took 0.123 seconds
[2025-06-14T23:56:42.252-0400] {processor.py:157} INFO - Started process (PID=47510) to work on /Users/rah/Desktop/creative_projects/rah_coding_repo/projects/fin_data_project_001/finance-data-project-1/.venv/lib/python3.10/site-packages/airflow/example_dags/example_skip_dag.py
[2025-06-14T23:56:42.255-0400] {processor.py:829} INFO - Processing file /Users/rah/Desktop/creative_projects/rah_coding_repo/projects/fin_data_project_001/finance-data-project-1/.venv/lib/python3.10/site-packages/airflow/example_dags/example_skip_dag.py for tasks to queue
[2025-06-14T23:56:42.255-0400] {logging_mixin.py:154} INFO - [2025-06-14T23:56:42.255-0400] {dagbag.py:536} INFO - Filling up the DagBag from /Users/rah/Desktop/creative_projects/rah_coding_repo/projects/fin_data_project_001/finance-data-project-1/.venv/lib/python3.10/site-packages/airflow/example_dags/example_skip_dag.py
[2025-06-14T23:56:42.264-0400] {processor.py:839} INFO - DAG(s) dict_keys(['example_skip_dag']) retrieved from /Users/rah/Desktop/creative_projects/rah_coding_repo/projects/fin_data_project_001/finance-data-project-1/.venv/lib/python3.10/site-packages/airflow/example_dags/example_skip_dag.py
[2025-06-14T23:56:42.359-0400] {logging_mixin.py:154} INFO - [2025-06-14T23:56:42.359-0400] {dag.py:2941} INFO - Sync 1 DAGs
[2025-06-14T23:56:42.367-0400] {logging_mixin.py:154} INFO - [2025-06-14T23:56:42.367-0400] {dag.py:3722} INFO - Setting next_dagrun for example_skip_dag to 2025-06-14T03:56:42.367337+00:00, run_after=2025-06-15T03:56:42.367337+00:00
[2025-06-14T23:56:42.375-0400] {processor.py:179} INFO - Processing /Users/rah/Desktop/creative_projects/rah_coding_repo/projects/fin_data_project_001/finance-data-project-1/.venv/lib/python3.10/site-packages/airflow/example_dags/example_skip_dag.py took 0.123 seconds
[2025-06-14T23:57:16.263-0400] {processor.py:157} INFO - Started process (PID=48368) to work on /Users/rah/Desktop/creative_projects/rah_coding_repo/projects/fin_data_project_001/finance-data-project-1/.venv/lib/python3.10/site-packages/airflow/example_dags/example_skip_dag.py
[2025-06-14T23:57:16.267-0400] {processor.py:829} INFO - Processing file /Users/rah/Desktop/creative_projects/rah_coding_repo/projects/fin_data_project_001/finance-data-project-1/.venv/lib/python3.10/site-packages/airflow/example_dags/example_skip_dag.py for tasks to queue
[2025-06-14T23:57:16.267-0400] {logging_mixin.py:154} INFO - [2025-06-14T23:57:16.267-0400] {dagbag.py:536} INFO - Filling up the DagBag from /Users/rah/Desktop/creative_projects/rah_coding_repo/projects/fin_data_project_001/finance-data-project-1/.venv/lib/python3.10/site-packages/airflow/example_dags/example_skip_dag.py
[2025-06-14T23:57:16.277-0400] {processor.py:839} INFO - DAG(s) dict_keys(['example_skip_dag']) retrieved from /Users/rah/Desktop/creative_projects/rah_coding_repo/projects/fin_data_project_001/finance-data-project-1/.venv/lib/python3.10/site-packages/airflow/example_dags/example_skip_dag.py
[2025-06-14T23:57:16.378-0400] {logging_mixin.py:154} INFO - [2025-06-14T23:57:16.378-0400] {dag.py:2941} INFO - Sync 1 DAGs
[2025-06-14T23:57:16.386-0400] {logging_mixin.py:154} INFO - [2025-06-14T23:57:16.385-0400] {dag.py:3722} INFO - Setting next_dagrun for example_skip_dag to 2025-06-14T03:57:16.385845+00:00, run_after=2025-06-15T03:57:16.385845+00:00
[2025-06-14T23:57:16.398-0400] {processor.py:179} INFO - Processing /Users/rah/Desktop/creative_projects/rah_coding_repo/projects/fin_data_project_001/finance-data-project-1/.venv/lib/python3.10/site-packages/airflow/example_dags/example_skip_dag.py took 0.136 seconds
[2025-06-14T23:57:44.212-0400] {processor.py:157} INFO - Started process (PID=48790) to work on /Users/rah/Desktop/creative_projects/rah_coding_repo/projects/fin_data_project_001/finance-data-project-1/.venv/lib/python3.10/site-packages/airflow/example_dags/example_skip_dag.py
[2025-06-14T23:57:44.215-0400] {processor.py:829} INFO - Processing file /Users/rah/Desktop/creative_projects/rah_coding_repo/projects/fin_data_project_001/finance-data-project-1/.venv/lib/python3.10/site-packages/airflow/example_dags/example_skip_dag.py for tasks to queue
[2025-06-14T23:57:44.216-0400] {logging_mixin.py:154} INFO - [2025-06-14T23:57:44.215-0400] {dagbag.py:536} INFO - Filling up the DagBag from /Users/rah/Desktop/creative_projects/rah_coding_repo/projects/fin_data_project_001/finance-data-project-1/.venv/lib/python3.10/site-packages/airflow/example_dags/example_skip_dag.py
[2025-06-14T23:57:44.225-0400] {processor.py:839} INFO - DAG(s) dict_keys(['example_skip_dag']) retrieved from /Users/rah/Desktop/creative_projects/rah_coding_repo/projects/fin_data_project_001/finance-data-project-1/.venv/lib/python3.10/site-packages/airflow/example_dags/example_skip_dag.py
[2025-06-14T23:57:44.325-0400] {logging_mixin.py:154} INFO - [2025-06-14T23:57:44.325-0400] {dag.py:2941} INFO - Sync 1 DAGs
[2025-06-14T23:57:44.333-0400] {logging_mixin.py:154} INFO - [2025-06-14T23:57:44.333-0400] {dag.py:3722} INFO - Setting next_dagrun for example_skip_dag to 2025-06-14T03:57:44.333469+00:00, run_after=2025-06-15T03:57:44.333469+00:00
[2025-06-14T23:57:44.342-0400] {processor.py:179} INFO - Processing /Users/rah/Desktop/creative_projects/rah_coding_repo/projects/fin_data_project_001/finance-data-project-1/.venv/lib/python3.10/site-packages/airflow/example_dags/example_skip_dag.py took 0.131 seconds
[2025-06-14T23:58:16.519-0400] {processor.py:157} INFO - Started process (PID=49224) to work on /Users/rah/Desktop/creative_projects/rah_coding_repo/projects/fin_data_project_001/finance-data-project-1/.venv/lib/python3.10/site-packages/airflow/example_dags/example_skip_dag.py
[2025-06-14T23:58:16.522-0400] {processor.py:829} INFO - Processing file /Users/rah/Desktop/creative_projects/rah_coding_repo/projects/fin_data_project_001/finance-data-project-1/.venv/lib/python3.10/site-packages/airflow/example_dags/example_skip_dag.py for tasks to queue
[2025-06-14T23:58:16.522-0400] {logging_mixin.py:154} INFO - [2025-06-14T23:58:16.522-0400] {dagbag.py:536} INFO - Filling up the DagBag from /Users/rah/Desktop/creative_projects/rah_coding_repo/projects/fin_data_project_001/finance-data-project-1/.venv/lib/python3.10/site-packages/airflow/example_dags/example_skip_dag.py
[2025-06-14T23:58:16.532-0400] {processor.py:839} INFO - DAG(s) dict_keys(['example_skip_dag']) retrieved from /Users/rah/Desktop/creative_projects/rah_coding_repo/projects/fin_data_project_001/finance-data-project-1/.venv/lib/python3.10/site-packages/airflow/example_dags/example_skip_dag.py
[2025-06-14T23:58:16.631-0400] {logging_mixin.py:154} INFO - [2025-06-14T23:58:16.631-0400] {dag.py:2941} INFO - Sync 1 DAGs
[2025-06-14T23:58:16.637-0400] {logging_mixin.py:154} INFO - [2025-06-14T23:58:16.637-0400] {dag.py:3722} INFO - Setting next_dagrun for example_skip_dag to 2025-06-14T03:58:16.637847+00:00, run_after=2025-06-15T03:58:16.637847+00:00
[2025-06-14T23:58:16.645-0400] {processor.py:179} INFO - Processing /Users/rah/Desktop/creative_projects/rah_coding_repo/projects/fin_data_project_001/finance-data-project-1/.venv/lib/python3.10/site-packages/airflow/example_dags/example_skip_dag.py took 0.127 seconds
[2025-06-14T23:58:34.068-0400] {processor.py:157} INFO - Started process (PID=49505) to work on /Users/rah/Desktop/creative_projects/rah_coding_repo/projects/fin_data_project_001/finance-data-project-1/.venv/lib/python3.10/site-packages/airflow/example_dags/example_skip_dag.py
[2025-06-14T23:58:34.071-0400] {processor.py:829} INFO - Processing file /Users/rah/Desktop/creative_projects/rah_coding_repo/projects/fin_data_project_001/finance-data-project-1/.venv/lib/python3.10/site-packages/airflow/example_dags/example_skip_dag.py for tasks to queue
[2025-06-14T23:58:34.071-0400] {logging_mixin.py:154} INFO - [2025-06-14T23:58:34.071-0400] {dagbag.py:536} INFO - Filling up the DagBag from /Users/rah/Desktop/creative_projects/rah_coding_repo/projects/fin_data_project_001/finance-data-project-1/.venv/lib/python3.10/site-packages/airflow/example_dags/example_skip_dag.py
[2025-06-14T23:58:34.081-0400] {processor.py:839} INFO - DAG(s) dict_keys(['example_skip_dag']) retrieved from /Users/rah/Desktop/creative_projects/rah_coding_repo/projects/fin_data_project_001/finance-data-project-1/.venv/lib/python3.10/site-packages/airflow/example_dags/example_skip_dag.py
[2025-06-14T23:58:34.188-0400] {logging_mixin.py:154} INFO - [2025-06-14T23:58:34.188-0400] {dag.py:2941} INFO - Sync 1 DAGs
[2025-06-14T23:58:34.196-0400] {logging_mixin.py:154} INFO - [2025-06-14T23:58:34.196-0400] {dag.py:3722} INFO - Setting next_dagrun for example_skip_dag to 2025-06-14T03:58:34.196234+00:00, run_after=2025-06-15T03:58:34.196234+00:00
[2025-06-14T23:58:34.206-0400] {processor.py:179} INFO - Processing /Users/rah/Desktop/creative_projects/rah_coding_repo/projects/fin_data_project_001/finance-data-project-1/.venv/lib/python3.10/site-packages/airflow/example_dags/example_skip_dag.py took 0.138 seconds
[2025-06-14T23:59:18.871-0400] {processor.py:157} INFO - Started process (PID=50549) to work on /Users/rah/Desktop/creative_projects/rah_coding_repo/projects/fin_data_project_001/finance-data-project-1/.venv/lib/python3.10/site-packages/airflow/example_dags/example_skip_dag.py
[2025-06-14T23:59:18.873-0400] {processor.py:829} INFO - Processing file /Users/rah/Desktop/creative_projects/rah_coding_repo/projects/fin_data_project_001/finance-data-project-1/.venv/lib/python3.10/site-packages/airflow/example_dags/example_skip_dag.py for tasks to queue
[2025-06-14T23:59:18.874-0400] {logging_mixin.py:154} INFO - [2025-06-14T23:59:18.874-0400] {dagbag.py:536} INFO - Filling up the DagBag from /Users/rah/Desktop/creative_projects/rah_coding_repo/projects/fin_data_project_001/finance-data-project-1/.venv/lib/python3.10/site-packages/airflow/example_dags/example_skip_dag.py
[2025-06-14T23:59:18.883-0400] {processor.py:839} INFO - DAG(s) dict_keys(['example_skip_dag']) retrieved from /Users/rah/Desktop/creative_projects/rah_coding_repo/projects/fin_data_project_001/finance-data-project-1/.venv/lib/python3.10/site-packages/airflow/example_dags/example_skip_dag.py
[2025-06-14T23:59:18.984-0400] {logging_mixin.py:154} INFO - [2025-06-14T23:59:18.984-0400] {dag.py:2941} INFO - Sync 1 DAGs
[2025-06-14T23:59:18.991-0400] {logging_mixin.py:154} INFO - [2025-06-14T23:59:18.991-0400] {dag.py:3722} INFO - Setting next_dagrun for example_skip_dag to 2025-06-14T03:59:18.991090+00:00, run_after=2025-06-15T03:59:18.991090+00:00
[2025-06-14T23:59:18.998-0400] {processor.py:179} INFO - Processing /Users/rah/Desktop/creative_projects/rah_coding_repo/projects/fin_data_project_001/finance-data-project-1/.venv/lib/python3.10/site-packages/airflow/example_dags/example_skip_dag.py took 0.128 seconds
[2025-06-14T23:59:21.794-0400] {processor.py:157} INFO - Started process (PID=50564) to work on /Users/rah/Desktop/creative_projects/rah_coding_repo/projects/fin_data_project_001/finance-data-project-1/.venv/lib/python3.10/site-packages/airflow/example_dags/example_skip_dag.py
[2025-06-14T23:59:21.797-0400] {processor.py:829} INFO - Processing file /Users/rah/Desktop/creative_projects/rah_coding_repo/projects/fin_data_project_001/finance-data-project-1/.venv/lib/python3.10/site-packages/airflow/example_dags/example_skip_dag.py for tasks to queue
[2025-06-14T23:59:21.797-0400] {logging_mixin.py:154} INFO - [2025-06-14T23:59:21.797-0400] {dagbag.py:536} INFO - Filling up the DagBag from /Users/rah/Desktop/creative_projects/rah_coding_repo/projects/fin_data_project_001/finance-data-project-1/.venv/lib/python3.10/site-packages/airflow/example_dags/example_skip_dag.py
[2025-06-14T23:59:21.806-0400] {processor.py:839} INFO - DAG(s) dict_keys(['example_skip_dag']) retrieved from /Users/rah/Desktop/creative_projects/rah_coding_repo/projects/fin_data_project_001/finance-data-project-1/.venv/lib/python3.10/site-packages/airflow/example_dags/example_skip_dag.py
[2025-06-14T23:59:21.900-0400] {logging_mixin.py:154} INFO - [2025-06-14T23:59:21.899-0400] {dag.py:2941} INFO - Sync 1 DAGs
[2025-06-14T23:59:21.906-0400] {logging_mixin.py:154} INFO - [2025-06-14T23:59:21.906-0400] {dag.py:3722} INFO - Setting next_dagrun for example_skip_dag to 2025-06-14T03:59:21.906203+00:00, run_after=2025-06-15T03:59:21.906203+00:00
[2025-06-14T23:59:21.913-0400] {processor.py:179} INFO - Processing /Users/rah/Desktop/creative_projects/rah_coding_repo/projects/fin_data_project_001/finance-data-project-1/.venv/lib/python3.10/site-packages/airflow/example_dags/example_skip_dag.py took 0.119 seconds
[2025-06-14T23:59:59.655-0400] {processor.py:157} INFO - Started process (PID=51187) to work on /Users/rah/Desktop/creative_projects/rah_coding_repo/projects/fin_data_project_001/finance-data-project-1/.venv/lib/python3.10/site-packages/airflow/example_dags/example_skip_dag.py
[2025-06-14T23:59:59.658-0400] {processor.py:829} INFO - Processing file /Users/rah/Desktop/creative_projects/rah_coding_repo/projects/fin_data_project_001/finance-data-project-1/.venv/lib/python3.10/site-packages/airflow/example_dags/example_skip_dag.py for tasks to queue
[2025-06-14T23:59:59.658-0400] {logging_mixin.py:154} INFO - [2025-06-14T23:59:59.658-0400] {dagbag.py:536} INFO - Filling up the DagBag from /Users/rah/Desktop/creative_projects/rah_coding_repo/projects/fin_data_project_001/finance-data-project-1/.venv/lib/python3.10/site-packages/airflow/example_dags/example_skip_dag.py
[2025-06-14T23:59:59.668-0400] {processor.py:839} INFO - DAG(s) dict_keys(['example_skip_dag']) retrieved from /Users/rah/Desktop/creative_projects/rah_coding_repo/projects/fin_data_project_001/finance-data-project-1/.venv/lib/python3.10/site-packages/airflow/example_dags/example_skip_dag.py
[2025-06-14T23:59:59.766-0400] {logging_mixin.py:154} INFO - [2025-06-14T23:59:59.766-0400] {dag.py:2941} INFO - Sync 1 DAGs
[2025-06-14T23:59:59.773-0400] {logging_mixin.py:154} INFO - [2025-06-14T23:59:59.773-0400] {dag.py:3722} INFO - Setting next_dagrun for example_skip_dag to 2025-06-14T03:59:59.773324+00:00, run_after=2025-06-15T03:59:59.773324+00:00
[2025-06-14T23:59:59.781-0400] {processor.py:179} INFO - Processing /Users/rah/Desktop/creative_projects/rah_coding_repo/projects/fin_data_project_001/finance-data-project-1/.venv/lib/python3.10/site-packages/airflow/example_dags/example_skip_dag.py took 0.127 seconds
[2025-06-15T00:00:14.644-0400] {processor.py:157} INFO - Started process (PID=51388) to work on /Users/rah/Desktop/creative_projects/rah_coding_repo/projects/fin_data_project_001/finance-data-project-1/.venv/lib/python3.10/site-packages/airflow/example_dags/example_skip_dag.py
[2025-06-15T00:00:14.647-0400] {processor.py:829} INFO - Processing file /Users/rah/Desktop/creative_projects/rah_coding_repo/projects/fin_data_project_001/finance-data-project-1/.venv/lib/python3.10/site-packages/airflow/example_dags/example_skip_dag.py for tasks to queue
[2025-06-15T00:00:14.647-0400] {logging_mixin.py:154} INFO - [2025-06-15T00:00:14.647-0400] {dagbag.py:536} INFO - Filling up the DagBag from /Users/rah/Desktop/creative_projects/rah_coding_repo/projects/fin_data_project_001/finance-data-project-1/.venv/lib/python3.10/site-packages/airflow/example_dags/example_skip_dag.py
[2025-06-15T00:00:14.656-0400] {processor.py:839} INFO - DAG(s) dict_keys(['example_skip_dag']) retrieved from /Users/rah/Desktop/creative_projects/rah_coding_repo/projects/fin_data_project_001/finance-data-project-1/.venv/lib/python3.10/site-packages/airflow/example_dags/example_skip_dag.py
[2025-06-15T00:00:14.749-0400] {logging_mixin.py:154} INFO - [2025-06-15T00:00:14.748-0400] {dag.py:2941} INFO - Sync 1 DAGs
[2025-06-15T00:00:14.755-0400] {logging_mixin.py:154} INFO - [2025-06-15T00:00:14.755-0400] {dag.py:3722} INFO - Setting next_dagrun for example_skip_dag to 2025-06-14T04:00:14.755215+00:00, run_after=2025-06-15T04:00:14.755215+00:00
[2025-06-15T00:00:14.762-0400] {processor.py:179} INFO - Processing /Users/rah/Desktop/creative_projects/rah_coding_repo/projects/fin_data_project_001/finance-data-project-1/.venv/lib/python3.10/site-packages/airflow/example_dags/example_skip_dag.py took 0.118 seconds
[2025-06-15T00:00:45.545-0400] {processor.py:157} INFO - Started process (PID=51854) to work on /Users/rah/Desktop/creative_projects/rah_coding_repo/projects/fin_data_project_001/finance-data-project-1/.venv/lib/python3.10/site-packages/airflow/example_dags/example_skip_dag.py
[2025-06-15T00:00:45.548-0400] {processor.py:829} INFO - Processing file /Users/rah/Desktop/creative_projects/rah_coding_repo/projects/fin_data_project_001/finance-data-project-1/.venv/lib/python3.10/site-packages/airflow/example_dags/example_skip_dag.py for tasks to queue
[2025-06-15T00:00:45.549-0400] {logging_mixin.py:154} INFO - [2025-06-15T00:00:45.549-0400] {dagbag.py:536} INFO - Filling up the DagBag from /Users/rah/Desktop/creative_projects/rah_coding_repo/projects/fin_data_project_001/finance-data-project-1/.venv/lib/python3.10/site-packages/airflow/example_dags/example_skip_dag.py
[2025-06-15T00:00:45.557-0400] {processor.py:839} INFO - DAG(s) dict_keys(['example_skip_dag']) retrieved from /Users/rah/Desktop/creative_projects/rah_coding_repo/projects/fin_data_project_001/finance-data-project-1/.venv/lib/python3.10/site-packages/airflow/example_dags/example_skip_dag.py
[2025-06-15T00:00:45.648-0400] {logging_mixin.py:154} INFO - [2025-06-15T00:00:45.647-0400] {dag.py:2941} INFO - Sync 1 DAGs
[2025-06-15T00:00:45.654-0400] {logging_mixin.py:154} INFO - [2025-06-15T00:00:45.654-0400] {dag.py:3722} INFO - Setting next_dagrun for example_skip_dag to 2025-06-14T04:00:45.654210+00:00, run_after=2025-06-15T04:00:45.654210+00:00
[2025-06-15T00:00:45.661-0400] {processor.py:179} INFO - Processing /Users/rah/Desktop/creative_projects/rah_coding_repo/projects/fin_data_project_001/finance-data-project-1/.venv/lib/python3.10/site-packages/airflow/example_dags/example_skip_dag.py took 0.116 seconds
[2025-06-15T00:00:48.639-0400] {processor.py:157} INFO - Started process (PID=51970) to work on /Users/rah/Desktop/creative_projects/rah_coding_repo/projects/fin_data_project_001/finance-data-project-1/.venv/lib/python3.10/site-packages/airflow/example_dags/example_skip_dag.py
[2025-06-15T00:00:48.641-0400] {processor.py:829} INFO - Processing file /Users/rah/Desktop/creative_projects/rah_coding_repo/projects/fin_data_project_001/finance-data-project-1/.venv/lib/python3.10/site-packages/airflow/example_dags/example_skip_dag.py for tasks to queue
[2025-06-15T00:00:48.641-0400] {logging_mixin.py:154} INFO - [2025-06-15T00:00:48.641-0400] {dagbag.py:536} INFO - Filling up the DagBag from /Users/rah/Desktop/creative_projects/rah_coding_repo/projects/fin_data_project_001/finance-data-project-1/.venv/lib/python3.10/site-packages/airflow/example_dags/example_skip_dag.py
[2025-06-15T00:00:48.650-0400] {processor.py:839} INFO - DAG(s) dict_keys(['example_skip_dag']) retrieved from /Users/rah/Desktop/creative_projects/rah_coding_repo/projects/fin_data_project_001/finance-data-project-1/.venv/lib/python3.10/site-packages/airflow/example_dags/example_skip_dag.py
[2025-06-15T00:00:48.745-0400] {logging_mixin.py:154} INFO - [2025-06-15T00:00:48.745-0400] {dag.py:2941} INFO - Sync 1 DAGs
[2025-06-15T00:00:48.753-0400] {logging_mixin.py:154} INFO - [2025-06-15T00:00:48.752-0400] {dag.py:3722} INFO - Setting next_dagrun for example_skip_dag to 2025-06-14T04:00:48.752911+00:00, run_after=2025-06-15T04:00:48.752911+00:00
[2025-06-15T00:00:48.762-0400] {processor.py:179} INFO - Processing /Users/rah/Desktop/creative_projects/rah_coding_repo/projects/fin_data_project_001/finance-data-project-1/.venv/lib/python3.10/site-packages/airflow/example_dags/example_skip_dag.py took 0.124 seconds
[2025-06-15T00:01:36.359-0400] {processor.py:157} INFO - Started process (PID=52666) to work on /Users/rah/Desktop/creative_projects/rah_coding_repo/projects/fin_data_project_001/finance-data-project-1/.venv/lib/python3.10/site-packages/airflow/example_dags/example_skip_dag.py
[2025-06-15T00:01:36.362-0400] {processor.py:829} INFO - Processing file /Users/rah/Desktop/creative_projects/rah_coding_repo/projects/fin_data_project_001/finance-data-project-1/.venv/lib/python3.10/site-packages/airflow/example_dags/example_skip_dag.py for tasks to queue
[2025-06-15T00:01:36.363-0400] {logging_mixin.py:154} INFO - [2025-06-15T00:01:36.363-0400] {dagbag.py:536} INFO - Filling up the DagBag from /Users/rah/Desktop/creative_projects/rah_coding_repo/projects/fin_data_project_001/finance-data-project-1/.venv/lib/python3.10/site-packages/airflow/example_dags/example_skip_dag.py
[2025-06-15T00:01:36.372-0400] {processor.py:839} INFO - DAG(s) dict_keys(['example_skip_dag']) retrieved from /Users/rah/Desktop/creative_projects/rah_coding_repo/projects/fin_data_project_001/finance-data-project-1/.venv/lib/python3.10/site-packages/airflow/example_dags/example_skip_dag.py
[2025-06-15T00:01:36.468-0400] {logging_mixin.py:154} INFO - [2025-06-15T00:01:36.468-0400] {dag.py:2941} INFO - Sync 1 DAGs
[2025-06-15T00:01:36.475-0400] {logging_mixin.py:154} INFO - [2025-06-15T00:01:36.475-0400] {dag.py:3722} INFO - Setting next_dagrun for example_skip_dag to 2025-06-14T04:01:36.475176+00:00, run_after=2025-06-15T04:01:36.475176+00:00
[2025-06-15T00:01:36.483-0400] {processor.py:179} INFO - Processing /Users/rah/Desktop/creative_projects/rah_coding_repo/projects/fin_data_project_001/finance-data-project-1/.venv/lib/python3.10/site-packages/airflow/example_dags/example_skip_dag.py took 0.124 seconds
[2025-06-15T00:01:49.122-0400] {processor.py:157} INFO - Started process (PID=52839) to work on /Users/rah/Desktop/creative_projects/rah_coding_repo/projects/fin_data_project_001/finance-data-project-1/.venv/lib/python3.10/site-packages/airflow/example_dags/example_skip_dag.py
[2025-06-15T00:01:49.125-0400] {processor.py:829} INFO - Processing file /Users/rah/Desktop/creative_projects/rah_coding_repo/projects/fin_data_project_001/finance-data-project-1/.venv/lib/python3.10/site-packages/airflow/example_dags/example_skip_dag.py for tasks to queue
[2025-06-15T00:01:49.125-0400] {logging_mixin.py:154} INFO - [2025-06-15T00:01:49.125-0400] {dagbag.py:536} INFO - Filling up the DagBag from /Users/rah/Desktop/creative_projects/rah_coding_repo/projects/fin_data_project_001/finance-data-project-1/.venv/lib/python3.10/site-packages/airflow/example_dags/example_skip_dag.py
[2025-06-15T00:01:49.137-0400] {processor.py:839} INFO - DAG(s) dict_keys(['example_skip_dag']) retrieved from /Users/rah/Desktop/creative_projects/rah_coding_repo/projects/fin_data_project_001/finance-data-project-1/.venv/lib/python3.10/site-packages/airflow/example_dags/example_skip_dag.py
[2025-06-15T00:01:49.248-0400] {logging_mixin.py:154} INFO - [2025-06-15T00:01:49.248-0400] {dag.py:2941} INFO - Sync 1 DAGs
[2025-06-15T00:01:49.256-0400] {logging_mixin.py:154} INFO - [2025-06-15T00:01:49.256-0400] {dag.py:3722} INFO - Setting next_dagrun for example_skip_dag to 2025-06-14T04:01:49.256097+00:00, run_after=2025-06-15T04:01:49.256097+00:00
[2025-06-15T00:01:49.264-0400] {processor.py:179} INFO - Processing /Users/rah/Desktop/creative_projects/rah_coding_repo/projects/fin_data_project_001/finance-data-project-1/.venv/lib/python3.10/site-packages/airflow/example_dags/example_skip_dag.py took 0.143 seconds
[2025-06-15T00:02:17.943-0400] {processor.py:157} INFO - Started process (PID=53320) to work on /Users/rah/Desktop/creative_projects/rah_coding_repo/projects/fin_data_project_001/finance-data-project-1/.venv/lib/python3.10/site-packages/airflow/example_dags/example_skip_dag.py
[2025-06-15T00:02:17.945-0400] {processor.py:829} INFO - Processing file /Users/rah/Desktop/creative_projects/rah_coding_repo/projects/fin_data_project_001/finance-data-project-1/.venv/lib/python3.10/site-packages/airflow/example_dags/example_skip_dag.py for tasks to queue
[2025-06-15T00:02:17.945-0400] {logging_mixin.py:154} INFO - [2025-06-15T00:02:17.945-0400] {dagbag.py:536} INFO - Filling up the DagBag from /Users/rah/Desktop/creative_projects/rah_coding_repo/projects/fin_data_project_001/finance-data-project-1/.venv/lib/python3.10/site-packages/airflow/example_dags/example_skip_dag.py
[2025-06-15T00:02:17.955-0400] {processor.py:839} INFO - DAG(s) dict_keys(['example_skip_dag']) retrieved from /Users/rah/Desktop/creative_projects/rah_coding_repo/projects/fin_data_project_001/finance-data-project-1/.venv/lib/python3.10/site-packages/airflow/example_dags/example_skip_dag.py
[2025-06-15T00:02:18.053-0400] {logging_mixin.py:154} INFO - [2025-06-15T00:02:18.053-0400] {dag.py:2941} INFO - Sync 1 DAGs
[2025-06-15T00:02:18.060-0400] {logging_mixin.py:154} INFO - [2025-06-15T00:02:18.060-0400] {dag.py:3722} INFO - Setting next_dagrun for example_skip_dag to 2025-06-14T04:02:18.060466+00:00, run_after=2025-06-15T04:02:18.060466+00:00
[2025-06-15T00:02:18.069-0400] {processor.py:179} INFO - Processing /Users/rah/Desktop/creative_projects/rah_coding_repo/projects/fin_data_project_001/finance-data-project-1/.venv/lib/python3.10/site-packages/airflow/example_dags/example_skip_dag.py took 0.127 seconds
[2025-06-15T00:02:23.983-0400] {processor.py:157} INFO - Started process (PID=53465) to work on /Users/rah/Desktop/creative_projects/rah_coding_repo/projects/fin_data_project_001/finance-data-project-1/.venv/lib/python3.10/site-packages/airflow/example_dags/example_skip_dag.py
[2025-06-15T00:02:23.986-0400] {processor.py:829} INFO - Processing file /Users/rah/Desktop/creative_projects/rah_coding_repo/projects/fin_data_project_001/finance-data-project-1/.venv/lib/python3.10/site-packages/airflow/example_dags/example_skip_dag.py for tasks to queue
[2025-06-15T00:02:23.986-0400] {logging_mixin.py:154} INFO - [2025-06-15T00:02:23.986-0400] {dagbag.py:536} INFO - Filling up the DagBag from /Users/rah/Desktop/creative_projects/rah_coding_repo/projects/fin_data_project_001/finance-data-project-1/.venv/lib/python3.10/site-packages/airflow/example_dags/example_skip_dag.py
[2025-06-15T00:02:23.996-0400] {processor.py:839} INFO - DAG(s) dict_keys(['example_skip_dag']) retrieved from /Users/rah/Desktop/creative_projects/rah_coding_repo/projects/fin_data_project_001/finance-data-project-1/.venv/lib/python3.10/site-packages/airflow/example_dags/example_skip_dag.py
[2025-06-15T00:02:24.096-0400] {logging_mixin.py:154} INFO - [2025-06-15T00:02:24.096-0400] {dag.py:2941} INFO - Sync 1 DAGs
[2025-06-15T00:02:24.103-0400] {logging_mixin.py:154} INFO - [2025-06-15T00:02:24.103-0400] {dag.py:3722} INFO - Setting next_dagrun for example_skip_dag to 2025-06-14T04:02:24.103557+00:00, run_after=2025-06-15T04:02:24.103557+00:00
[2025-06-15T00:02:24.111-0400] {processor.py:179} INFO - Processing /Users/rah/Desktop/creative_projects/rah_coding_repo/projects/fin_data_project_001/finance-data-project-1/.venv/lib/python3.10/site-packages/airflow/example_dags/example_skip_dag.py took 0.128 seconds
[2025-06-15T00:03:23.411-0400] {processor.py:157} INFO - Started process (PID=54316) to work on /Users/rah/.pyenv/versions/3.10.11/lib/python3.10/site-packages/airflow/example_dags/example_skip_dag.py
[2025-06-15T00:03:23.414-0400] {processor.py:829} INFO - Processing file /Users/rah/.pyenv/versions/3.10.11/lib/python3.10/site-packages/airflow/example_dags/example_skip_dag.py for tasks to queue
[2025-06-15T00:03:23.414-0400] {logging_mixin.py:154} INFO - [2025-06-15T00:03:23.414-0400] {dagbag.py:536} INFO - Filling up the DagBag from /Users/rah/.pyenv/versions/3.10.11/lib/python3.10/site-packages/airflow/example_dags/example_skip_dag.py
[2025-06-15T00:03:23.423-0400] {processor.py:839} INFO - DAG(s) dict_keys(['example_skip_dag']) retrieved from /Users/rah/.pyenv/versions/3.10.11/lib/python3.10/site-packages/airflow/example_dags/example_skip_dag.py
[2025-06-15T00:03:23.766-0400] {logging_mixin.py:154} INFO - [2025-06-15T00:03:23.765-0400] {dag.py:2941} INFO - Sync 1 DAGs
[2025-06-15T00:03:23.772-0400] {logging_mixin.py:154} INFO - [2025-06-15T00:03:23.772-0400] {dag.py:3722} INFO - Setting next_dagrun for example_skip_dag to 2025-06-14T04:03:23.772310+00:00, run_after=2025-06-15T04:03:23.772310+00:00
[2025-06-15T00:03:23.780-0400] {processor.py:179} INFO - Processing /Users/rah/.pyenv/versions/3.10.11/lib/python3.10/site-packages/airflow/example_dags/example_skip_dag.py took 0.370 seconds
[2025-06-15T00:06:44.949-0400] {processor.py:157} INFO - Started process (PID=57102) to work on /Users/rah/.pyenv/versions/3.10.11/lib/python3.10/site-packages/airflow/example_dags/example_skip_dag.py
[2025-06-15T00:06:44.951-0400] {processor.py:829} INFO - Processing file /Users/rah/.pyenv/versions/3.10.11/lib/python3.10/site-packages/airflow/example_dags/example_skip_dag.py for tasks to queue
[2025-06-15T00:06:44.952-0400] {logging_mixin.py:154} INFO - [2025-06-15T00:06:44.952-0400] {dagbag.py:536} INFO - Filling up the DagBag from /Users/rah/.pyenv/versions/3.10.11/lib/python3.10/site-packages/airflow/example_dags/example_skip_dag.py
[2025-06-15T00:06:44.961-0400] {processor.py:839} INFO - DAG(s) dict_keys(['example_skip_dag']) retrieved from /Users/rah/.pyenv/versions/3.10.11/lib/python3.10/site-packages/airflow/example_dags/example_skip_dag.py
[2025-06-15T00:06:45.073-0400] {logging_mixin.py:154} INFO - [2025-06-15T00:06:45.073-0400] {dag.py:2941} INFO - Sync 1 DAGs
[2025-06-15T00:06:45.081-0400] {logging_mixin.py:154} INFO - [2025-06-15T00:06:45.081-0400] {dag.py:3722} INFO - Setting next_dagrun for example_skip_dag to 2025-06-14T04:06:45.081286+00:00, run_after=2025-06-15T04:06:45.081286+00:00
[2025-06-15T00:06:45.089-0400] {processor.py:179} INFO - Processing /Users/rah/.pyenv/versions/3.10.11/lib/python3.10/site-packages/airflow/example_dags/example_skip_dag.py took 0.140 seconds
[2025-06-15T00:08:14.248-0400] {processor.py:157} INFO - Started process (PID=58080) to work on /Users/rah/.pyenv/versions/3.10.11/lib/python3.10/site-packages/airflow/example_dags/example_skip_dag.py
[2025-06-15T00:08:14.251-0400] {processor.py:829} INFO - Processing file /Users/rah/.pyenv/versions/3.10.11/lib/python3.10/site-packages/airflow/example_dags/example_skip_dag.py for tasks to queue
[2025-06-15T00:08:14.251-0400] {logging_mixin.py:154} INFO - [2025-06-15T00:08:14.251-0400] {dagbag.py:536} INFO - Filling up the DagBag from /Users/rah/.pyenv/versions/3.10.11/lib/python3.10/site-packages/airflow/example_dags/example_skip_dag.py
[2025-06-15T00:08:14.261-0400] {processor.py:839} INFO - DAG(s) dict_keys(['example_skip_dag']) retrieved from /Users/rah/.pyenv/versions/3.10.11/lib/python3.10/site-packages/airflow/example_dags/example_skip_dag.py
[2025-06-15T00:08:14.378-0400] {logging_mixin.py:154} INFO - [2025-06-15T00:08:14.378-0400] {dag.py:2941} INFO - Sync 1 DAGs
[2025-06-15T00:08:14.385-0400] {logging_mixin.py:154} INFO - [2025-06-15T00:08:14.385-0400] {dag.py:3722} INFO - Setting next_dagrun for example_skip_dag to 2025-06-14T04:08:14.385091+00:00, run_after=2025-06-15T04:08:14.385091+00:00
[2025-06-15T00:08:14.393-0400] {processor.py:179} INFO - Processing /Users/rah/.pyenv/versions/3.10.11/lib/python3.10/site-packages/airflow/example_dags/example_skip_dag.py took 0.145 seconds
[2025-06-15T00:09:56.673-0400] {processor.py:157} INFO - Started process (PID=60280) to work on /Users/rah/.pyenv/versions/3.10.11/lib/python3.10/site-packages/airflow/example_dags/example_skip_dag.py
[2025-06-15T00:09:56.676-0400] {processor.py:829} INFO - Processing file /Users/rah/.pyenv/versions/3.10.11/lib/python3.10/site-packages/airflow/example_dags/example_skip_dag.py for tasks to queue
[2025-06-15T00:09:56.676-0400] {logging_mixin.py:154} INFO - [2025-06-15T00:09:56.676-0400] {dagbag.py:536} INFO - Filling up the DagBag from /Users/rah/.pyenv/versions/3.10.11/lib/python3.10/site-packages/airflow/example_dags/example_skip_dag.py
[2025-06-15T00:09:56.685-0400] {processor.py:839} INFO - DAG(s) dict_keys(['example_skip_dag']) retrieved from /Users/rah/.pyenv/versions/3.10.11/lib/python3.10/site-packages/airflow/example_dags/example_skip_dag.py
[2025-06-15T00:09:56.794-0400] {logging_mixin.py:154} INFO - [2025-06-15T00:09:56.794-0400] {dag.py:2941} INFO - Sync 1 DAGs
[2025-06-15T00:09:56.801-0400] {logging_mixin.py:154} INFO - [2025-06-15T00:09:56.801-0400] {dag.py:3722} INFO - Setting next_dagrun for example_skip_dag to 2025-06-14T04:09:56.801157+00:00, run_after=2025-06-15T04:09:56.801157+00:00
[2025-06-15T00:09:56.808-0400] {processor.py:179} INFO - Processing /Users/rah/.pyenv/versions/3.10.11/lib/python3.10/site-packages/airflow/example_dags/example_skip_dag.py took 0.136 seconds
[2025-06-15T00:11:36.856-0400] {processor.py:157} INFO - Started process (PID=61465) to work on /Users/rah/.pyenv/versions/3.10.11/lib/python3.10/site-packages/airflow/example_dags/example_skip_dag.py
[2025-06-15T00:11:36.859-0400] {processor.py:829} INFO - Processing file /Users/rah/.pyenv/versions/3.10.11/lib/python3.10/site-packages/airflow/example_dags/example_skip_dag.py for tasks to queue
[2025-06-15T00:11:36.859-0400] {logging_mixin.py:154} INFO - [2025-06-15T00:11:36.859-0400] {dagbag.py:536} INFO - Filling up the DagBag from /Users/rah/.pyenv/versions/3.10.11/lib/python3.10/site-packages/airflow/example_dags/example_skip_dag.py
[2025-06-15T00:11:36.868-0400] {processor.py:839} INFO - DAG(s) dict_keys(['example_skip_dag']) retrieved from /Users/rah/.pyenv/versions/3.10.11/lib/python3.10/site-packages/airflow/example_dags/example_skip_dag.py
[2025-06-15T00:11:36.980-0400] {logging_mixin.py:154} INFO - [2025-06-15T00:11:36.980-0400] {dag.py:2941} INFO - Sync 1 DAGs
[2025-06-15T00:11:36.987-0400] {logging_mixin.py:154} INFO - [2025-06-15T00:11:36.987-0400] {dag.py:3722} INFO - Setting next_dagrun for example_skip_dag to 2025-06-14T04:11:36.987648+00:00, run_after=2025-06-15T04:11:36.987648+00:00
[2025-06-15T00:11:36.995-0400] {processor.py:179} INFO - Processing /Users/rah/.pyenv/versions/3.10.11/lib/python3.10/site-packages/airflow/example_dags/example_skip_dag.py took 0.139 seconds
[2025-06-15T00:13:20.990-0400] {processor.py:157} INFO - Started process (PID=63310) to work on /Users/rah/.pyenv/versions/3.10.11/lib/python3.10/site-packages/airflow/example_dags/example_skip_dag.py
[2025-06-15T00:13:20.993-0400] {processor.py:829} INFO - Processing file /Users/rah/.pyenv/versions/3.10.11/lib/python3.10/site-packages/airflow/example_dags/example_skip_dag.py for tasks to queue
[2025-06-15T00:13:20.994-0400] {logging_mixin.py:154} INFO - [2025-06-15T00:13:20.993-0400] {dagbag.py:536} INFO - Filling up the DagBag from /Users/rah/.pyenv/versions/3.10.11/lib/python3.10/site-packages/airflow/example_dags/example_skip_dag.py
[2025-06-15T00:13:21.003-0400] {processor.py:839} INFO - DAG(s) dict_keys(['example_skip_dag']) retrieved from /Users/rah/.pyenv/versions/3.10.11/lib/python3.10/site-packages/airflow/example_dags/example_skip_dag.py
[2025-06-15T00:13:21.127-0400] {logging_mixin.py:154} INFO - [2025-06-15T00:13:21.127-0400] {dag.py:2941} INFO - Sync 1 DAGs
[2025-06-15T00:13:21.135-0400] {logging_mixin.py:154} INFO - [2025-06-15T00:13:21.135-0400] {dag.py:3722} INFO - Setting next_dagrun for example_skip_dag to 2025-06-14T04:13:21.134958+00:00, run_after=2025-06-15T04:13:21.134958+00:00
[2025-06-15T00:13:21.143-0400] {processor.py:179} INFO - Processing /Users/rah/.pyenv/versions/3.10.11/lib/python3.10/site-packages/airflow/example_dags/example_skip_dag.py took 0.153 seconds
[2025-06-15T00:15:01.653-0400] {processor.py:157} INFO - Started process (PID=64876) to work on /Users/rah/.pyenv/versions/3.10.11/lib/python3.10/site-packages/airflow/example_dags/example_skip_dag.py
[2025-06-15T00:15:01.656-0400] {processor.py:829} INFO - Processing file /Users/rah/.pyenv/versions/3.10.11/lib/python3.10/site-packages/airflow/example_dags/example_skip_dag.py for tasks to queue
[2025-06-15T00:15:01.656-0400] {logging_mixin.py:154} INFO - [2025-06-15T00:15:01.656-0400] {dagbag.py:536} INFO - Filling up the DagBag from /Users/rah/.pyenv/versions/3.10.11/lib/python3.10/site-packages/airflow/example_dags/example_skip_dag.py
[2025-06-15T00:15:01.665-0400] {processor.py:839} INFO - DAG(s) dict_keys(['example_skip_dag']) retrieved from /Users/rah/.pyenv/versions/3.10.11/lib/python3.10/site-packages/airflow/example_dags/example_skip_dag.py
[2025-06-15T00:15:01.773-0400] {logging_mixin.py:154} INFO - [2025-06-15T00:15:01.773-0400] {dag.py:2941} INFO - Sync 1 DAGs
[2025-06-15T00:15:01.780-0400] {logging_mixin.py:154} INFO - [2025-06-15T00:15:01.780-0400] {dag.py:3722} INFO - Setting next_dagrun for example_skip_dag to 2025-06-14T04:15:01.780274+00:00, run_after=2025-06-15T04:15:01.780274+00:00
[2025-06-15T00:15:01.787-0400] {processor.py:179} INFO - Processing /Users/rah/.pyenv/versions/3.10.11/lib/python3.10/site-packages/airflow/example_dags/example_skip_dag.py took 0.135 seconds
