[2025-06-14T23:49:41.441-0400] {processor.py:157} INFO - Started process (PID=40518) to work on /Users/rah/.pyenv/versions/3.10.11/lib/python3.10/site-packages/airflow/example_dags/example_datasets.py
[2025-06-14T23:49:41.443-0400] {processor.py:829} INFO - Processing file /Users/rah/.pyenv/versions/3.10.11/lib/python3.10/site-packages/airflow/example_dags/example_datasets.py for tasks to queue
[2025-06-14T23:49:41.444-0400] {logging_mixin.py:154} INFO - [2025-06-14T23:49:41.444-0400] {dagbag.py:536} INFO - Filling up the DagBag from /Users/rah/.pyenv/versions/3.10.11/lib/python3.10/site-packages/airflow/example_dags/example_datasets.py
[2025-06-14T23:49:41.455-0400] {processor.py:839} INFO - DAG(s) dict_keys(['dataset_consumes_1_and_2', 'dataset_consumes_1_never_scheduled', 'dataset_produces_1', 'dataset_consumes_1', 'dataset_produces_2', 'dataset_consumes_unknown_never_scheduled']) retrieved from /Users/rah/.pyenv/versions/3.10.11/lib/python3.10/site-packages/airflow/example_dags/example_datasets.py
[2025-06-14T23:49:41.798-0400] {logging_mixin.py:154} INFO - [2025-06-14T23:49:41.798-0400] {manager.py:499} INFO - Created Permission View: %s
[2025-06-14T23:49:41.801-0400] {logging_mixin.py:154} INFO - [2025-06-14T23:49:41.801-0400] {manager.py:499} INFO - Created Permission View: %s
[2025-06-14T23:49:41.803-0400] {logging_mixin.py:154} INFO - [2025-06-14T23:49:41.803-0400] {manager.py:499} INFO - Created Permission View: %s
[2025-06-14T23:49:41.808-0400] {logging_mixin.py:154} INFO - [2025-06-14T23:49:41.807-0400] {manager.py:499} INFO - Created Permission View: %s
[2025-06-14T23:49:41.810-0400] {logging_mixin.py:154} INFO - [2025-06-14T23:49:41.809-0400] {manager.py:499} INFO - Created Permission View: %s
[2025-06-14T23:49:41.811-0400] {logging_mixin.py:154} INFO - [2025-06-14T23:49:41.811-0400] {manager.py:499} INFO - Created Permission View: %s
[2025-06-14T23:49:41.816-0400] {logging_mixin.py:154} INFO - [2025-06-14T23:49:41.815-0400] {manager.py:499} INFO - Created Permission View: %s
[2025-06-14T23:49:41.818-0400] {logging_mixin.py:154} INFO - [2025-06-14T23:49:41.817-0400] {manager.py:499} INFO - Created Permission View: %s
[2025-06-14T23:49:41.820-0400] {logging_mixin.py:154} INFO - [2025-06-14T23:49:41.820-0400] {manager.py:499} INFO - Created Permission View: %s
[2025-06-14T23:49:41.824-0400] {logging_mixin.py:154} INFO - [2025-06-14T23:49:41.824-0400] {manager.py:499} INFO - Created Permission View: %s
[2025-06-14T23:49:41.826-0400] {logging_mixin.py:154} INFO - [2025-06-14T23:49:41.826-0400] {manager.py:499} INFO - Created Permission View: %s
[2025-06-14T23:49:41.828-0400] {logging_mixin.py:154} INFO - [2025-06-14T23:49:41.828-0400] {manager.py:499} INFO - Created Permission View: %s
[2025-06-14T23:49:41.832-0400] {logging_mixin.py:154} INFO - [2025-06-14T23:49:41.832-0400] {manager.py:499} INFO - Created Permission View: %s
[2025-06-14T23:49:41.834-0400] {logging_mixin.py:154} INFO - [2025-06-14T23:49:41.834-0400] {manager.py:499} INFO - Created Permission View: %s
[2025-06-14T23:49:41.836-0400] {logging_mixin.py:154} INFO - [2025-06-14T23:49:41.836-0400] {manager.py:499} INFO - Created Permission View: %s
[2025-06-14T23:49:41.840-0400] {logging_mixin.py:154} INFO - [2025-06-14T23:49:41.840-0400] {manager.py:499} INFO - Created Permission View: %s
[2025-06-14T23:49:41.842-0400] {logging_mixin.py:154} INFO - [2025-06-14T23:49:41.842-0400] {manager.py:499} INFO - Created Permission View: %s
[2025-06-14T23:49:41.844-0400] {logging_mixin.py:154} INFO - [2025-06-14T23:49:41.844-0400] {manager.py:499} INFO - Created Permission View: %s
[2025-06-14T23:49:41.844-0400] {logging_mixin.py:154} INFO - [2025-06-14T23:49:41.844-0400] {dag.py:2941} INFO - Sync 6 DAGs
[2025-06-14T23:49:41.848-0400] {logging_mixin.py:154} INFO - [2025-06-14T23:49:41.848-0400] {dag.py:2963} INFO - Creating ORM DAG for dataset_consumes_unknown_never_scheduled
[2025-06-14T23:49:41.848-0400] {logging_mixin.py:154} INFO - [2025-06-14T23:49:41.848-0400] {dag.py:2963} INFO - Creating ORM DAG for dataset_produces_1
[2025-06-14T23:49:41.849-0400] {logging_mixin.py:154} INFO - [2025-06-14T23:49:41.849-0400] {dag.py:2963} INFO - Creating ORM DAG for dataset_consumes_1_and_2
[2025-06-14T23:49:41.849-0400] {logging_mixin.py:154} INFO - [2025-06-14T23:49:41.849-0400] {dag.py:2963} INFO - Creating ORM DAG for dataset_produces_2
[2025-06-14T23:49:41.849-0400] {logging_mixin.py:154} INFO - [2025-06-14T23:49:41.849-0400] {dag.py:2963} INFO - Creating ORM DAG for dataset_consumes_1
[2025-06-14T23:49:41.849-0400] {logging_mixin.py:154} INFO - [2025-06-14T23:49:41.849-0400] {dag.py:2963} INFO - Creating ORM DAG for dataset_consumes_1_never_scheduled
[2025-06-14T23:49:41.853-0400] {logging_mixin.py:154} INFO - [2025-06-14T23:49:41.853-0400] {dag.py:3722} INFO - Setting next_dagrun for dataset_consumes_1 to None, run_after=None
[2025-06-14T23:49:41.853-0400] {logging_mixin.py:154} INFO - [2025-06-14T23:49:41.853-0400] {dag.py:3722} INFO - Setting next_dagrun for dataset_consumes_1_and_2 to None, run_after=None
[2025-06-14T23:49:41.853-0400] {logging_mixin.py:154} INFO - [2025-06-14T23:49:41.853-0400] {dag.py:3722} INFO - Setting next_dagrun for dataset_consumes_1_never_scheduled to None, run_after=None
[2025-06-14T23:49:41.853-0400] {logging_mixin.py:154} INFO - [2025-06-14T23:49:41.853-0400] {dag.py:3722} INFO - Setting next_dagrun for dataset_consumes_unknown_never_scheduled to None, run_after=None
[2025-06-14T23:49:41.854-0400] {logging_mixin.py:154} INFO - [2025-06-14T23:49:41.854-0400] {dag.py:3722} INFO - Setting next_dagrun for dataset_produces_1 to 2025-06-14T00:00:00+00:00, run_after=2025-06-15T00:00:00+00:00
[2025-06-14T23:49:41.854-0400] {logging_mixin.py:154} INFO - [2025-06-14T23:49:41.854-0400] {dag.py:3722} INFO - Setting next_dagrun for dataset_produces_2 to None, run_after=None
[2025-06-14T23:49:41.866-0400] {processor.py:179} INFO - Processing /Users/rah/.pyenv/versions/3.10.11/lib/python3.10/site-packages/airflow/example_dags/example_datasets.py took 0.426 seconds
[2025-06-14T23:55:53.167-0400] {processor.py:157} INFO - Started process (PID=46304) to work on /Users/rah/Desktop/creative_projects/rah_coding_repo/projects/fin_data_project_001/finance-data-project-1/.venv/lib/python3.10/site-packages/airflow/example_dags/example_datasets.py
[2025-06-14T23:55:53.169-0400] {processor.py:829} INFO - Processing file /Users/rah/Desktop/creative_projects/rah_coding_repo/projects/fin_data_project_001/finance-data-project-1/.venv/lib/python3.10/site-packages/airflow/example_dags/example_datasets.py for tasks to queue
[2025-06-14T23:55:53.170-0400] {logging_mixin.py:154} INFO - [2025-06-14T23:55:53.170-0400] {dagbag.py:536} INFO - Filling up the DagBag from /Users/rah/Desktop/creative_projects/rah_coding_repo/projects/fin_data_project_001/finance-data-project-1/.venv/lib/python3.10/site-packages/airflow/example_dags/example_datasets.py
[2025-06-14T23:55:53.183-0400] {processor.py:839} INFO - DAG(s) dict_keys(['dataset_consumes_unknown_never_scheduled', 'dataset_consumes_1', 'dataset_produces_2', 'dataset_produces_1', 'dataset_consumes_1_and_2', 'dataset_consumes_1_never_scheduled']) retrieved from /Users/rah/Desktop/creative_projects/rah_coding_repo/projects/fin_data_project_001/finance-data-project-1/.venv/lib/python3.10/site-packages/airflow/example_dags/example_datasets.py
[2025-06-14T23:55:53.294-0400] {logging_mixin.py:154} INFO - [2025-06-14T23:55:53.294-0400] {dag.py:2941} INFO - Sync 6 DAGs
[2025-06-14T23:55:53.301-0400] {logging_mixin.py:154} INFO - [2025-06-14T23:55:53.301-0400] {dag.py:3722} INFO - Setting next_dagrun for dataset_consumes_1 to None, run_after=None
[2025-06-14T23:55:53.302-0400] {logging_mixin.py:154} INFO - [2025-06-14T23:55:53.302-0400] {dag.py:3722} INFO - Setting next_dagrun for dataset_consumes_1_and_2 to None, run_after=None
[2025-06-14T23:55:53.303-0400] {logging_mixin.py:154} INFO - [2025-06-14T23:55:53.303-0400] {dag.py:3722} INFO - Setting next_dagrun for dataset_consumes_1_never_scheduled to None, run_after=None
[2025-06-14T23:55:53.303-0400] {logging_mixin.py:154} INFO - [2025-06-14T23:55:53.303-0400] {dag.py:3722} INFO - Setting next_dagrun for dataset_consumes_unknown_never_scheduled to None, run_after=None
[2025-06-14T23:55:53.304-0400] {logging_mixin.py:154} INFO - [2025-06-14T23:55:53.304-0400] {dag.py:3722} INFO - Setting next_dagrun for dataset_produces_1 to 2025-06-14T00:00:00+00:00, run_after=2025-06-15T00:00:00+00:00
[2025-06-14T23:55:53.304-0400] {logging_mixin.py:154} INFO - [2025-06-14T23:55:53.304-0400] {dag.py:3722} INFO - Setting next_dagrun for dataset_produces_2 to None, run_after=None
[2025-06-14T23:55:53.316-0400] {processor.py:179} INFO - Processing /Users/rah/Desktop/creative_projects/rah_coding_repo/projects/fin_data_project_001/finance-data-project-1/.venv/lib/python3.10/site-packages/airflow/example_dags/example_datasets.py took 0.150 seconds
[2025-06-14T23:56:54.665-0400] {processor.py:157} INFO - Started process (PID=48062) to work on /Users/rah/Desktop/creative_projects/rah_coding_repo/projects/fin_data_project_001/finance-data-project-1/.venv/lib/python3.10/site-packages/airflow/example_dags/example_datasets.py
[2025-06-14T23:56:54.668-0400] {processor.py:829} INFO - Processing file /Users/rah/Desktop/creative_projects/rah_coding_repo/projects/fin_data_project_001/finance-data-project-1/.venv/lib/python3.10/site-packages/airflow/example_dags/example_datasets.py for tasks to queue
[2025-06-14T23:56:54.669-0400] {logging_mixin.py:154} INFO - [2025-06-14T23:56:54.668-0400] {dagbag.py:536} INFO - Filling up the DagBag from /Users/rah/Desktop/creative_projects/rah_coding_repo/projects/fin_data_project_001/finance-data-project-1/.venv/lib/python3.10/site-packages/airflow/example_dags/example_datasets.py
[2025-06-14T23:56:54.680-0400] {processor.py:839} INFO - DAG(s) dict_keys(['dataset_produces_2', 'dataset_consumes_1_never_scheduled', 'dataset_consumes_1_and_2', 'dataset_consumes_1', 'dataset_consumes_unknown_never_scheduled', 'dataset_produces_1']) retrieved from /Users/rah/Desktop/creative_projects/rah_coding_repo/projects/fin_data_project_001/finance-data-project-1/.venv/lib/python3.10/site-packages/airflow/example_dags/example_datasets.py
[2025-06-14T23:56:54.789-0400] {logging_mixin.py:154} INFO - [2025-06-14T23:56:54.788-0400] {dag.py:2941} INFO - Sync 6 DAGs
[2025-06-14T23:56:54.797-0400] {logging_mixin.py:154} INFO - [2025-06-14T23:56:54.797-0400] {dag.py:3722} INFO - Setting next_dagrun for dataset_consumes_1 to None, run_after=None
[2025-06-14T23:56:54.799-0400] {logging_mixin.py:154} INFO - [2025-06-14T23:56:54.799-0400] {dag.py:3722} INFO - Setting next_dagrun for dataset_consumes_1_and_2 to None, run_after=None
[2025-06-14T23:56:54.799-0400] {logging_mixin.py:154} INFO - [2025-06-14T23:56:54.799-0400] {dag.py:3722} INFO - Setting next_dagrun for dataset_consumes_1_never_scheduled to None, run_after=None
[2025-06-14T23:56:54.799-0400] {logging_mixin.py:154} INFO - [2025-06-14T23:56:54.799-0400] {dag.py:3722} INFO - Setting next_dagrun for dataset_consumes_unknown_never_scheduled to None, run_after=None
[2025-06-14T23:56:54.800-0400] {logging_mixin.py:154} INFO - [2025-06-14T23:56:54.800-0400] {dag.py:3722} INFO - Setting next_dagrun for dataset_produces_1 to 2025-06-14T00:00:00+00:00, run_after=2025-06-15T00:00:00+00:00
[2025-06-14T23:56:54.801-0400] {logging_mixin.py:154} INFO - [2025-06-14T23:56:54.801-0400] {dag.py:3722} INFO - Setting next_dagrun for dataset_produces_2 to None, run_after=None
[2025-06-14T23:56:54.814-0400] {processor.py:179} INFO - Processing /Users/rah/Desktop/creative_projects/rah_coding_repo/projects/fin_data_project_001/finance-data-project-1/.venv/lib/python3.10/site-packages/airflow/example_dags/example_datasets.py took 0.149 seconds
[2025-06-14T23:57:34.205-0400] {processor.py:157} INFO - Started process (PID=48646) to work on /Users/rah/Desktop/creative_projects/rah_coding_repo/projects/fin_data_project_001/finance-data-project-1/.venv/lib/python3.10/site-packages/airflow/example_dags/example_datasets.py
[2025-06-14T23:57:34.208-0400] {processor.py:829} INFO - Processing file /Users/rah/Desktop/creative_projects/rah_coding_repo/projects/fin_data_project_001/finance-data-project-1/.venv/lib/python3.10/site-packages/airflow/example_dags/example_datasets.py for tasks to queue
[2025-06-14T23:57:34.208-0400] {logging_mixin.py:154} INFO - [2025-06-14T23:57:34.208-0400] {dagbag.py:536} INFO - Filling up the DagBag from /Users/rah/Desktop/creative_projects/rah_coding_repo/projects/fin_data_project_001/finance-data-project-1/.venv/lib/python3.10/site-packages/airflow/example_dags/example_datasets.py
[2025-06-14T23:57:34.219-0400] {processor.py:839} INFO - DAG(s) dict_keys(['dataset_produces_1', 'dataset_consumes_1_and_2', 'dataset_consumes_1', 'dataset_consumes_1_never_scheduled', 'dataset_produces_2', 'dataset_consumes_unknown_never_scheduled']) retrieved from /Users/rah/Desktop/creative_projects/rah_coding_repo/projects/fin_data_project_001/finance-data-project-1/.venv/lib/python3.10/site-packages/airflow/example_dags/example_datasets.py
[2025-06-14T23:57:34.320-0400] {logging_mixin.py:154} INFO - [2025-06-14T23:57:34.320-0400] {dag.py:2941} INFO - Sync 6 DAGs
[2025-06-14T23:57:34.328-0400] {logging_mixin.py:154} INFO - [2025-06-14T23:57:34.328-0400] {dag.py:3722} INFO - Setting next_dagrun for dataset_consumes_1 to None, run_after=None
[2025-06-14T23:57:34.329-0400] {logging_mixin.py:154} INFO - [2025-06-14T23:57:34.329-0400] {dag.py:3722} INFO - Setting next_dagrun for dataset_consumes_1_and_2 to None, run_after=None
[2025-06-14T23:57:34.329-0400] {logging_mixin.py:154} INFO - [2025-06-14T23:57:34.329-0400] {dag.py:3722} INFO - Setting next_dagrun for dataset_consumes_1_never_scheduled to None, run_after=None
[2025-06-14T23:57:34.330-0400] {logging_mixin.py:154} INFO - [2025-06-14T23:57:34.330-0400] {dag.py:3722} INFO - Setting next_dagrun for dataset_consumes_unknown_never_scheduled to None, run_after=None
[2025-06-14T23:57:34.331-0400] {logging_mixin.py:154} INFO - [2025-06-14T23:57:34.331-0400] {dag.py:3722} INFO - Setting next_dagrun for dataset_produces_1 to 2025-06-14T00:00:00+00:00, run_after=2025-06-15T00:00:00+00:00
[2025-06-14T23:57:34.331-0400] {logging_mixin.py:154} INFO - [2025-06-14T23:57:34.331-0400] {dag.py:3722} INFO - Setting next_dagrun for dataset_produces_2 to None, run_after=None
[2025-06-14T23:57:34.343-0400] {processor.py:179} INFO - Processing /Users/rah/Desktop/creative_projects/rah_coding_repo/projects/fin_data_project_001/finance-data-project-1/.venv/lib/python3.10/site-packages/airflow/example_dags/example_datasets.py took 0.139 seconds
[2025-06-14T23:57:47.253-0400] {processor.py:157} INFO - Started process (PID=48802) to work on /Users/rah/Desktop/creative_projects/rah_coding_repo/projects/fin_data_project_001/finance-data-project-1/.venv/lib/python3.10/site-packages/airflow/example_dags/example_datasets.py
[2025-06-14T23:57:47.255-0400] {processor.py:829} INFO - Processing file /Users/rah/Desktop/creative_projects/rah_coding_repo/projects/fin_data_project_001/finance-data-project-1/.venv/lib/python3.10/site-packages/airflow/example_dags/example_datasets.py for tasks to queue
[2025-06-14T23:57:47.255-0400] {logging_mixin.py:154} INFO - [2025-06-14T23:57:47.255-0400] {dagbag.py:536} INFO - Filling up the DagBag from /Users/rah/Desktop/creative_projects/rah_coding_repo/projects/fin_data_project_001/finance-data-project-1/.venv/lib/python3.10/site-packages/airflow/example_dags/example_datasets.py
[2025-06-14T23:57:47.267-0400] {processor.py:839} INFO - DAG(s) dict_keys(['dataset_consumes_1_never_scheduled', 'dataset_consumes_unknown_never_scheduled', 'dataset_produces_2', 'dataset_produces_1', 'dataset_consumes_1', 'dataset_consumes_1_and_2']) retrieved from /Users/rah/Desktop/creative_projects/rah_coding_repo/projects/fin_data_project_001/finance-data-project-1/.venv/lib/python3.10/site-packages/airflow/example_dags/example_datasets.py
[2025-06-14T23:57:47.369-0400] {logging_mixin.py:154} INFO - [2025-06-14T23:57:47.369-0400] {dag.py:2941} INFO - Sync 6 DAGs
[2025-06-14T23:57:47.376-0400] {logging_mixin.py:154} INFO - [2025-06-14T23:57:47.376-0400] {dag.py:3722} INFO - Setting next_dagrun for dataset_consumes_1 to None, run_after=None
[2025-06-14T23:57:47.378-0400] {logging_mixin.py:154} INFO - [2025-06-14T23:57:47.378-0400] {dag.py:3722} INFO - Setting next_dagrun for dataset_consumes_1_and_2 to None, run_after=None
[2025-06-14T23:57:47.378-0400] {logging_mixin.py:154} INFO - [2025-06-14T23:57:47.378-0400] {dag.py:3722} INFO - Setting next_dagrun for dataset_consumes_1_never_scheduled to None, run_after=None
[2025-06-14T23:57:47.379-0400] {logging_mixin.py:154} INFO - [2025-06-14T23:57:47.379-0400] {dag.py:3722} INFO - Setting next_dagrun for dataset_consumes_unknown_never_scheduled to None, run_after=None
[2025-06-14T23:57:47.380-0400] {logging_mixin.py:154} INFO - [2025-06-14T23:57:47.380-0400] {dag.py:3722} INFO - Setting next_dagrun for dataset_produces_1 to 2025-06-14T00:00:00+00:00, run_after=2025-06-15T00:00:00+00:00
[2025-06-14T23:57:47.380-0400] {logging_mixin.py:154} INFO - [2025-06-14T23:57:47.380-0400] {dag.py:3722} INFO - Setting next_dagrun for dataset_produces_2 to None, run_after=None
[2025-06-14T23:57:47.393-0400] {processor.py:179} INFO - Processing /Users/rah/Desktop/creative_projects/rah_coding_repo/projects/fin_data_project_001/finance-data-project-1/.venv/lib/python3.10/site-packages/airflow/example_dags/example_datasets.py took 0.141 seconds
[2025-06-14T23:58:34.798-0400] {processor.py:157} INFO - Started process (PID=49509) to work on /Users/rah/Desktop/creative_projects/rah_coding_repo/projects/fin_data_project_001/finance-data-project-1/.venv/lib/python3.10/site-packages/airflow/example_dags/example_datasets.py
[2025-06-14T23:58:34.801-0400] {processor.py:829} INFO - Processing file /Users/rah/Desktop/creative_projects/rah_coding_repo/projects/fin_data_project_001/finance-data-project-1/.venv/lib/python3.10/site-packages/airflow/example_dags/example_datasets.py for tasks to queue
[2025-06-14T23:58:34.801-0400] {logging_mixin.py:154} INFO - [2025-06-14T23:58:34.801-0400] {dagbag.py:536} INFO - Filling up the DagBag from /Users/rah/Desktop/creative_projects/rah_coding_repo/projects/fin_data_project_001/finance-data-project-1/.venv/lib/python3.10/site-packages/airflow/example_dags/example_datasets.py
[2025-06-14T23:58:34.813-0400] {processor.py:839} INFO - DAG(s) dict_keys(['dataset_produces_1', 'dataset_produces_2', 'dataset_consumes_1_never_scheduled', 'dataset_consumes_1_and_2', 'dataset_consumes_1', 'dataset_consumes_unknown_never_scheduled']) retrieved from /Users/rah/Desktop/creative_projects/rah_coding_repo/projects/fin_data_project_001/finance-data-project-1/.venv/lib/python3.10/site-packages/airflow/example_dags/example_datasets.py
[2025-06-14T23:58:34.920-0400] {logging_mixin.py:154} INFO - [2025-06-14T23:58:34.920-0400] {dag.py:2941} INFO - Sync 6 DAGs
[2025-06-14T23:58:34.927-0400] {logging_mixin.py:154} INFO - [2025-06-14T23:58:34.927-0400] {dag.py:3722} INFO - Setting next_dagrun for dataset_consumes_1 to None, run_after=None
[2025-06-14T23:58:34.929-0400] {logging_mixin.py:154} INFO - [2025-06-14T23:58:34.928-0400] {dag.py:3722} INFO - Setting next_dagrun for dataset_consumes_1_and_2 to None, run_after=None
[2025-06-14T23:58:34.929-0400] {logging_mixin.py:154} INFO - [2025-06-14T23:58:34.929-0400] {dag.py:3722} INFO - Setting next_dagrun for dataset_consumes_1_never_scheduled to None, run_after=None
[2025-06-14T23:58:34.929-0400] {logging_mixin.py:154} INFO - [2025-06-14T23:58:34.929-0400] {dag.py:3722} INFO - Setting next_dagrun for dataset_consumes_unknown_never_scheduled to None, run_after=None
[2025-06-14T23:58:34.930-0400] {logging_mixin.py:154} INFO - [2025-06-14T23:58:34.930-0400] {dag.py:3722} INFO - Setting next_dagrun for dataset_produces_1 to 2025-06-14T00:00:00+00:00, run_after=2025-06-15T00:00:00+00:00
[2025-06-14T23:58:34.930-0400] {logging_mixin.py:154} INFO - [2025-06-14T23:58:34.930-0400] {dag.py:3722} INFO - Setting next_dagrun for dataset_produces_2 to None, run_after=None
[2025-06-14T23:58:34.943-0400] {processor.py:179} INFO - Processing /Users/rah/Desktop/creative_projects/rah_coding_repo/projects/fin_data_project_001/finance-data-project-1/.venv/lib/python3.10/site-packages/airflow/example_dags/example_datasets.py took 0.146 seconds
[2025-06-14T23:59:09.622-0400] {processor.py:157} INFO - Started process (PID=50396) to work on /Users/rah/Desktop/creative_projects/rah_coding_repo/projects/fin_data_project_001/finance-data-project-1/.venv/lib/python3.10/site-packages/airflow/example_dags/example_datasets.py
[2025-06-14T23:59:09.625-0400] {processor.py:829} INFO - Processing file /Users/rah/Desktop/creative_projects/rah_coding_repo/projects/fin_data_project_001/finance-data-project-1/.venv/lib/python3.10/site-packages/airflow/example_dags/example_datasets.py for tasks to queue
[2025-06-14T23:59:09.625-0400] {logging_mixin.py:154} INFO - [2025-06-14T23:59:09.625-0400] {dagbag.py:536} INFO - Filling up the DagBag from /Users/rah/Desktop/creative_projects/rah_coding_repo/projects/fin_data_project_001/finance-data-project-1/.venv/lib/python3.10/site-packages/airflow/example_dags/example_datasets.py
[2025-06-14T23:59:09.637-0400] {processor.py:839} INFO - DAG(s) dict_keys(['dataset_produces_1', 'dataset_consumes_1', 'dataset_consumes_unknown_never_scheduled', 'dataset_consumes_1_never_scheduled', 'dataset_consumes_1_and_2', 'dataset_produces_2']) retrieved from /Users/rah/Desktop/creative_projects/rah_coding_repo/projects/fin_data_project_001/finance-data-project-1/.venv/lib/python3.10/site-packages/airflow/example_dags/example_datasets.py
[2025-06-14T23:59:09.745-0400] {logging_mixin.py:154} INFO - [2025-06-14T23:59:09.745-0400] {dag.py:2941} INFO - Sync 6 DAGs
[2025-06-14T23:59:09.754-0400] {logging_mixin.py:154} INFO - [2025-06-14T23:59:09.753-0400] {dag.py:3722} INFO - Setting next_dagrun for dataset_consumes_1 to None, run_after=None
[2025-06-14T23:59:09.755-0400] {logging_mixin.py:154} INFO - [2025-06-14T23:59:09.755-0400] {dag.py:3722} INFO - Setting next_dagrun for dataset_consumes_1_and_2 to None, run_after=None
[2025-06-14T23:59:09.755-0400] {logging_mixin.py:154} INFO - [2025-06-14T23:59:09.755-0400] {dag.py:3722} INFO - Setting next_dagrun for dataset_consumes_1_never_scheduled to None, run_after=None
[2025-06-14T23:59:09.756-0400] {logging_mixin.py:154} INFO - [2025-06-14T23:59:09.756-0400] {dag.py:3722} INFO - Setting next_dagrun for dataset_consumes_unknown_never_scheduled to None, run_after=None
[2025-06-14T23:59:09.757-0400] {logging_mixin.py:154} INFO - [2025-06-14T23:59:09.757-0400] {dag.py:3722} INFO - Setting next_dagrun for dataset_produces_1 to 2025-06-14T00:00:00+00:00, run_after=2025-06-15T00:00:00+00:00
[2025-06-14T23:59:09.758-0400] {logging_mixin.py:154} INFO - [2025-06-14T23:59:09.757-0400] {dag.py:3722} INFO - Setting next_dagrun for dataset_produces_2 to None, run_after=None
[2025-06-14T23:59:09.770-0400] {processor.py:179} INFO - Processing /Users/rah/Desktop/creative_projects/rah_coding_repo/projects/fin_data_project_001/finance-data-project-1/.venv/lib/python3.10/site-packages/airflow/example_dags/example_datasets.py took 0.148 seconds
[2025-06-14T23:59:24.841-0400] {processor.py:157} INFO - Started process (PID=50684) to work on /Users/rah/Desktop/creative_projects/rah_coding_repo/projects/fin_data_project_001/finance-data-project-1/.venv/lib/python3.10/site-packages/airflow/example_dags/example_datasets.py
[2025-06-14T23:59:24.844-0400] {processor.py:829} INFO - Processing file /Users/rah/Desktop/creative_projects/rah_coding_repo/projects/fin_data_project_001/finance-data-project-1/.venv/lib/python3.10/site-packages/airflow/example_dags/example_datasets.py for tasks to queue
[2025-06-14T23:59:24.844-0400] {logging_mixin.py:154} INFO - [2025-06-14T23:59:24.844-0400] {dagbag.py:536} INFO - Filling up the DagBag from /Users/rah/Desktop/creative_projects/rah_coding_repo/projects/fin_data_project_001/finance-data-project-1/.venv/lib/python3.10/site-packages/airflow/example_dags/example_datasets.py
[2025-06-14T23:59:24.856-0400] {processor.py:839} INFO - DAG(s) dict_keys(['dataset_produces_1', 'dataset_consumes_1_and_2', 'dataset_consumes_unknown_never_scheduled', 'dataset_consumes_1_never_scheduled', 'dataset_produces_2', 'dataset_consumes_1']) retrieved from /Users/rah/Desktop/creative_projects/rah_coding_repo/projects/fin_data_project_001/finance-data-project-1/.venv/lib/python3.10/site-packages/airflow/example_dags/example_datasets.py
[2025-06-14T23:59:24.960-0400] {logging_mixin.py:154} INFO - [2025-06-14T23:59:24.960-0400] {dag.py:2941} INFO - Sync 6 DAGs
[2025-06-14T23:59:24.968-0400] {logging_mixin.py:154} INFO - [2025-06-14T23:59:24.968-0400] {dag.py:3722} INFO - Setting next_dagrun for dataset_consumes_1 to None, run_after=None
[2025-06-14T23:59:24.969-0400] {logging_mixin.py:154} INFO - [2025-06-14T23:59:24.969-0400] {dag.py:3722} INFO - Setting next_dagrun for dataset_consumes_1_and_2 to None, run_after=None
[2025-06-14T23:59:24.970-0400] {logging_mixin.py:154} INFO - [2025-06-14T23:59:24.970-0400] {dag.py:3722} INFO - Setting next_dagrun for dataset_consumes_1_never_scheduled to None, run_after=None
[2025-06-14T23:59:24.970-0400] {logging_mixin.py:154} INFO - [2025-06-14T23:59:24.970-0400] {dag.py:3722} INFO - Setting next_dagrun for dataset_consumes_unknown_never_scheduled to None, run_after=None
[2025-06-14T23:59:24.971-0400] {logging_mixin.py:154} INFO - [2025-06-14T23:59:24.971-0400] {dag.py:3722} INFO - Setting next_dagrun for dataset_produces_1 to 2025-06-14T00:00:00+00:00, run_after=2025-06-15T00:00:00+00:00
[2025-06-14T23:59:24.971-0400] {logging_mixin.py:154} INFO - [2025-06-14T23:59:24.971-0400] {dag.py:3722} INFO - Setting next_dagrun for dataset_produces_2 to None, run_after=None
[2025-06-14T23:59:24.983-0400] {processor.py:179} INFO - Processing /Users/rah/Desktop/creative_projects/rah_coding_repo/projects/fin_data_project_001/finance-data-project-1/.venv/lib/python3.10/site-packages/airflow/example_dags/example_datasets.py took 0.143 seconds
[2025-06-14T23:59:56.828-0400] {processor.py:157} INFO - Started process (PID=51173) to work on /Users/rah/Desktop/creative_projects/rah_coding_repo/projects/fin_data_project_001/finance-data-project-1/.venv/lib/python3.10/site-packages/airflow/example_dags/example_datasets.py
[2025-06-14T23:59:56.831-0400] {processor.py:829} INFO - Processing file /Users/rah/Desktop/creative_projects/rah_coding_repo/projects/fin_data_project_001/finance-data-project-1/.venv/lib/python3.10/site-packages/airflow/example_dags/example_datasets.py for tasks to queue
[2025-06-14T23:59:56.831-0400] {logging_mixin.py:154} INFO - [2025-06-14T23:59:56.831-0400] {dagbag.py:536} INFO - Filling up the DagBag from /Users/rah/Desktop/creative_projects/rah_coding_repo/projects/fin_data_project_001/finance-data-project-1/.venv/lib/python3.10/site-packages/airflow/example_dags/example_datasets.py
[2025-06-14T23:59:56.842-0400] {processor.py:839} INFO - DAG(s) dict_keys(['dataset_produces_2', 'dataset_produces_1', 'dataset_consumes_1_never_scheduled', 'dataset_consumes_unknown_never_scheduled', 'dataset_consumes_1', 'dataset_consumes_1_and_2']) retrieved from /Users/rah/Desktop/creative_projects/rah_coding_repo/projects/fin_data_project_001/finance-data-project-1/.venv/lib/python3.10/site-packages/airflow/example_dags/example_datasets.py
[2025-06-14T23:59:56.945-0400] {logging_mixin.py:154} INFO - [2025-06-14T23:59:56.945-0400] {dag.py:2941} INFO - Sync 6 DAGs
[2025-06-14T23:59:56.954-0400] {logging_mixin.py:154} INFO - [2025-06-14T23:59:56.954-0400] {dag.py:3722} INFO - Setting next_dagrun for dataset_consumes_1 to None, run_after=None
[2025-06-14T23:59:56.955-0400] {logging_mixin.py:154} INFO - [2025-06-14T23:59:56.955-0400] {dag.py:3722} INFO - Setting next_dagrun for dataset_consumes_1_and_2 to None, run_after=None
[2025-06-14T23:59:56.956-0400] {logging_mixin.py:154} INFO - [2025-06-14T23:59:56.956-0400] {dag.py:3722} INFO - Setting next_dagrun for dataset_consumes_1_never_scheduled to None, run_after=None
[2025-06-14T23:59:56.956-0400] {logging_mixin.py:154} INFO - [2025-06-14T23:59:56.956-0400] {dag.py:3722} INFO - Setting next_dagrun for dataset_consumes_unknown_never_scheduled to None, run_after=None
[2025-06-14T23:59:56.957-0400] {logging_mixin.py:154} INFO - [2025-06-14T23:59:56.957-0400] {dag.py:3722} INFO - Setting next_dagrun for dataset_produces_1 to 2025-06-14T00:00:00+00:00, run_after=2025-06-15T00:00:00+00:00
[2025-06-14T23:59:56.958-0400] {logging_mixin.py:154} INFO - [2025-06-14T23:59:56.958-0400] {dag.py:3722} INFO - Setting next_dagrun for dataset_produces_2 to None, run_after=None
[2025-06-14T23:59:56.970-0400] {processor.py:179} INFO - Processing /Users/rah/Desktop/creative_projects/rah_coding_repo/projects/fin_data_project_001/finance-data-project-1/.venv/lib/python3.10/site-packages/airflow/example_dags/example_datasets.py took 0.142 seconds
[2025-06-15T00:00:07.937-0400] {processor.py:157} INFO - Started process (PID=51354) to work on /Users/rah/Desktop/creative_projects/rah_coding_repo/projects/fin_data_project_001/finance-data-project-1/.venv/lib/python3.10/site-packages/airflow/example_dags/example_datasets.py
[2025-06-15T00:00:07.940-0400] {processor.py:829} INFO - Processing file /Users/rah/Desktop/creative_projects/rah_coding_repo/projects/fin_data_project_001/finance-data-project-1/.venv/lib/python3.10/site-packages/airflow/example_dags/example_datasets.py for tasks to queue
[2025-06-15T00:00:07.940-0400] {logging_mixin.py:154} INFO - [2025-06-15T00:00:07.940-0400] {dagbag.py:536} INFO - Filling up the DagBag from /Users/rah/Desktop/creative_projects/rah_coding_repo/projects/fin_data_project_001/finance-data-project-1/.venv/lib/python3.10/site-packages/airflow/example_dags/example_datasets.py
[2025-06-15T00:00:07.952-0400] {processor.py:839} INFO - DAG(s) dict_keys(['dataset_consumes_1', 'dataset_produces_1', 'dataset_consumes_1_never_scheduled', 'dataset_produces_2', 'dataset_consumes_unknown_never_scheduled', 'dataset_consumes_1_and_2']) retrieved from /Users/rah/Desktop/creative_projects/rah_coding_repo/projects/fin_data_project_001/finance-data-project-1/.venv/lib/python3.10/site-packages/airflow/example_dags/example_datasets.py
[2025-06-15T00:00:08.062-0400] {logging_mixin.py:154} INFO - [2025-06-15T00:00:08.062-0400] {dag.py:2941} INFO - Sync 6 DAGs
[2025-06-15T00:00:08.070-0400] {logging_mixin.py:154} INFO - [2025-06-15T00:00:08.069-0400] {dag.py:3722} INFO - Setting next_dagrun for dataset_consumes_1 to None, run_after=None
[2025-06-15T00:00:08.071-0400] {logging_mixin.py:154} INFO - [2025-06-15T00:00:08.071-0400] {dag.py:3722} INFO - Setting next_dagrun for dataset_consumes_1_and_2 to None, run_after=None
[2025-06-15T00:00:08.071-0400] {logging_mixin.py:154} INFO - [2025-06-15T00:00:08.071-0400] {dag.py:3722} INFO - Setting next_dagrun for dataset_consumes_1_never_scheduled to None, run_after=None
[2025-06-15T00:00:08.071-0400] {logging_mixin.py:154} INFO - [2025-06-15T00:00:08.071-0400] {dag.py:3722} INFO - Setting next_dagrun for dataset_consumes_unknown_never_scheduled to None, run_after=None
[2025-06-15T00:00:08.072-0400] {logging_mixin.py:154} INFO - [2025-06-15T00:00:08.072-0400] {dag.py:3722} INFO - Setting next_dagrun for dataset_produces_1 to 2025-06-14T00:00:00+00:00, run_after=2025-06-15T00:00:00+00:00
[2025-06-15T00:00:08.073-0400] {logging_mixin.py:154} INFO - [2025-06-15T00:00:08.073-0400] {dag.py:3722} INFO - Setting next_dagrun for dataset_produces_2 to None, run_after=None
[2025-06-15T00:00:08.085-0400] {processor.py:179} INFO - Processing /Users/rah/Desktop/creative_projects/rah_coding_repo/projects/fin_data_project_001/finance-data-project-1/.venv/lib/python3.10/site-packages/airflow/example_dags/example_datasets.py took 0.149 seconds
[2025-06-15T00:00:54.604-0400] {processor.py:157} INFO - Started process (PID=52004) to work on /Users/rah/Desktop/creative_projects/rah_coding_repo/projects/fin_data_project_001/finance-data-project-1/.venv/lib/python3.10/site-packages/airflow/example_dags/example_datasets.py
[2025-06-15T00:00:54.607-0400] {processor.py:829} INFO - Processing file /Users/rah/Desktop/creative_projects/rah_coding_repo/projects/fin_data_project_001/finance-data-project-1/.venv/lib/python3.10/site-packages/airflow/example_dags/example_datasets.py for tasks to queue
[2025-06-15T00:00:54.607-0400] {logging_mixin.py:154} INFO - [2025-06-15T00:00:54.607-0400] {dagbag.py:536} INFO - Filling up the DagBag from /Users/rah/Desktop/creative_projects/rah_coding_repo/projects/fin_data_project_001/finance-data-project-1/.venv/lib/python3.10/site-packages/airflow/example_dags/example_datasets.py
[2025-06-15T00:00:54.619-0400] {processor.py:839} INFO - DAG(s) dict_keys(['dataset_consumes_unknown_never_scheduled', 'dataset_produces_2', 'dataset_consumes_1_and_2', 'dataset_consumes_1_never_scheduled', 'dataset_consumes_1', 'dataset_produces_1']) retrieved from /Users/rah/Desktop/creative_projects/rah_coding_repo/projects/fin_data_project_001/finance-data-project-1/.venv/lib/python3.10/site-packages/airflow/example_dags/example_datasets.py
[2025-06-15T00:00:54.730-0400] {logging_mixin.py:154} INFO - [2025-06-15T00:00:54.729-0400] {dag.py:2941} INFO - Sync 6 DAGs
[2025-06-15T00:00:54.737-0400] {logging_mixin.py:154} INFO - [2025-06-15T00:00:54.737-0400] {dag.py:3722} INFO - Setting next_dagrun for dataset_consumes_1 to None, run_after=None
[2025-06-15T00:00:54.738-0400] {logging_mixin.py:154} INFO - [2025-06-15T00:00:54.738-0400] {dag.py:3722} INFO - Setting next_dagrun for dataset_consumes_1_and_2 to None, run_after=None
[2025-06-15T00:00:54.739-0400] {logging_mixin.py:154} INFO - [2025-06-15T00:00:54.738-0400] {dag.py:3722} INFO - Setting next_dagrun for dataset_consumes_1_never_scheduled to None, run_after=None
[2025-06-15T00:00:54.739-0400] {logging_mixin.py:154} INFO - [2025-06-15T00:00:54.739-0400] {dag.py:3722} INFO - Setting next_dagrun for dataset_consumes_unknown_never_scheduled to None, run_after=None
[2025-06-15T00:00:54.740-0400] {logging_mixin.py:154} INFO - [2025-06-15T00:00:54.740-0400] {dag.py:3722} INFO - Setting next_dagrun for dataset_produces_1 to 2025-06-14T00:00:00+00:00, run_after=2025-06-15T00:00:00+00:00
[2025-06-15T00:00:54.740-0400] {logging_mixin.py:154} INFO - [2025-06-15T00:00:54.740-0400] {dag.py:3722} INFO - Setting next_dagrun for dataset_produces_2 to None, run_after=None
[2025-06-15T00:00:54.756-0400] {processor.py:179} INFO - Processing /Users/rah/Desktop/creative_projects/rah_coding_repo/projects/fin_data_project_001/finance-data-project-1/.venv/lib/python3.10/site-packages/airflow/example_dags/example_datasets.py took 0.152 seconds
[2025-06-15T00:01:09.380-0400] {processor.py:157} INFO - Started process (PID=52262) to work on /Users/rah/Desktop/creative_projects/rah_coding_repo/projects/fin_data_project_001/finance-data-project-1/.venv/lib/python3.10/site-packages/airflow/example_dags/example_datasets.py
[2025-06-15T00:01:09.382-0400] {processor.py:829} INFO - Processing file /Users/rah/Desktop/creative_projects/rah_coding_repo/projects/fin_data_project_001/finance-data-project-1/.venv/lib/python3.10/site-packages/airflow/example_dags/example_datasets.py for tasks to queue
[2025-06-15T00:01:09.383-0400] {logging_mixin.py:154} INFO - [2025-06-15T00:01:09.383-0400] {dagbag.py:536} INFO - Filling up the DagBag from /Users/rah/Desktop/creative_projects/rah_coding_repo/projects/fin_data_project_001/finance-data-project-1/.venv/lib/python3.10/site-packages/airflow/example_dags/example_datasets.py
[2025-06-15T00:01:09.394-0400] {processor.py:839} INFO - DAG(s) dict_keys(['dataset_consumes_1', 'dataset_consumes_1_never_scheduled', 'dataset_consumes_unknown_never_scheduled', 'dataset_produces_1', 'dataset_produces_2', 'dataset_consumes_1_and_2']) retrieved from /Users/rah/Desktop/creative_projects/rah_coding_repo/projects/fin_data_project_001/finance-data-project-1/.venv/lib/python3.10/site-packages/airflow/example_dags/example_datasets.py
[2025-06-15T00:01:09.496-0400] {logging_mixin.py:154} INFO - [2025-06-15T00:01:09.496-0400] {dag.py:2941} INFO - Sync 6 DAGs
[2025-06-15T00:01:09.505-0400] {logging_mixin.py:154} INFO - [2025-06-15T00:01:09.504-0400] {dag.py:3722} INFO - Setting next_dagrun for dataset_consumes_1 to None, run_after=None
[2025-06-15T00:01:09.506-0400] {logging_mixin.py:154} INFO - [2025-06-15T00:01:09.506-0400] {dag.py:3722} INFO - Setting next_dagrun for dataset_consumes_1_and_2 to None, run_after=None
[2025-06-15T00:01:09.506-0400] {logging_mixin.py:154} INFO - [2025-06-15T00:01:09.506-0400] {dag.py:3722} INFO - Setting next_dagrun for dataset_consumes_1_never_scheduled to None, run_after=None
[2025-06-15T00:01:09.506-0400] {logging_mixin.py:154} INFO - [2025-06-15T00:01:09.506-0400] {dag.py:3722} INFO - Setting next_dagrun for dataset_consumes_unknown_never_scheduled to None, run_after=None
[2025-06-15T00:01:09.507-0400] {logging_mixin.py:154} INFO - [2025-06-15T00:01:09.507-0400] {dag.py:3722} INFO - Setting next_dagrun for dataset_produces_1 to 2025-06-14T00:00:00+00:00, run_after=2025-06-15T00:00:00+00:00
[2025-06-15T00:01:09.508-0400] {logging_mixin.py:154} INFO - [2025-06-15T00:01:09.508-0400] {dag.py:3722} INFO - Setting next_dagrun for dataset_produces_2 to None, run_after=None
[2025-06-15T00:01:09.519-0400] {processor.py:179} INFO - Processing /Users/rah/Desktop/creative_projects/rah_coding_repo/projects/fin_data_project_001/finance-data-project-1/.venv/lib/python3.10/site-packages/airflow/example_dags/example_datasets.py took 0.140 seconds
[2025-06-15T00:01:33.367-0400] {processor.py:157} INFO - Started process (PID=52653) to work on /Users/rah/Desktop/creative_projects/rah_coding_repo/projects/fin_data_project_001/finance-data-project-1/.venv/lib/python3.10/site-packages/airflow/example_dags/example_datasets.py
[2025-06-15T00:01:33.369-0400] {processor.py:829} INFO - Processing file /Users/rah/Desktop/creative_projects/rah_coding_repo/projects/fin_data_project_001/finance-data-project-1/.venv/lib/python3.10/site-packages/airflow/example_dags/example_datasets.py for tasks to queue
[2025-06-15T00:01:33.370-0400] {logging_mixin.py:154} INFO - [2025-06-15T00:01:33.369-0400] {dagbag.py:536} INFO - Filling up the DagBag from /Users/rah/Desktop/creative_projects/rah_coding_repo/projects/fin_data_project_001/finance-data-project-1/.venv/lib/python3.10/site-packages/airflow/example_dags/example_datasets.py
[2025-06-15T00:01:33.381-0400] {processor.py:839} INFO - DAG(s) dict_keys(['dataset_consumes_unknown_never_scheduled', 'dataset_consumes_1_and_2', 'dataset_consumes_1_never_scheduled', 'dataset_produces_2', 'dataset_consumes_1', 'dataset_produces_1']) retrieved from /Users/rah/Desktop/creative_projects/rah_coding_repo/projects/fin_data_project_001/finance-data-project-1/.venv/lib/python3.10/site-packages/airflow/example_dags/example_datasets.py
[2025-06-15T00:01:33.479-0400] {logging_mixin.py:154} INFO - [2025-06-15T00:01:33.479-0400] {dag.py:2941} INFO - Sync 6 DAGs
[2025-06-15T00:01:33.485-0400] {logging_mixin.py:154} INFO - [2025-06-15T00:01:33.485-0400] {dag.py:3722} INFO - Setting next_dagrun for dataset_consumes_1 to None, run_after=None
[2025-06-15T00:01:33.486-0400] {logging_mixin.py:154} INFO - [2025-06-15T00:01:33.486-0400] {dag.py:3722} INFO - Setting next_dagrun for dataset_consumes_1_and_2 to None, run_after=None
[2025-06-15T00:01:33.487-0400] {logging_mixin.py:154} INFO - [2025-06-15T00:01:33.487-0400] {dag.py:3722} INFO - Setting next_dagrun for dataset_consumes_1_never_scheduled to None, run_after=None
[2025-06-15T00:01:33.487-0400] {logging_mixin.py:154} INFO - [2025-06-15T00:01:33.487-0400] {dag.py:3722} INFO - Setting next_dagrun for dataset_consumes_unknown_never_scheduled to None, run_after=None
[2025-06-15T00:01:33.488-0400] {logging_mixin.py:154} INFO - [2025-06-15T00:01:33.488-0400] {dag.py:3722} INFO - Setting next_dagrun for dataset_produces_1 to 2025-06-14T00:00:00+00:00, run_after=2025-06-15T00:00:00+00:00
[2025-06-15T00:01:33.488-0400] {logging_mixin.py:154} INFO - [2025-06-15T00:01:33.488-0400] {dag.py:3722} INFO - Setting next_dagrun for dataset_produces_2 to None, run_after=None
[2025-06-15T00:01:33.499-0400] {processor.py:179} INFO - Processing /Users/rah/Desktop/creative_projects/rah_coding_repo/projects/fin_data_project_001/finance-data-project-1/.venv/lib/python3.10/site-packages/airflow/example_dags/example_datasets.py took 0.133 seconds
[2025-06-15T00:01:36.595-0400] {processor.py:157} INFO - Started process (PID=52667) to work on /Users/rah/Desktop/creative_projects/rah_coding_repo/projects/fin_data_project_001/finance-data-project-1/.venv/lib/python3.10/site-packages/airflow/example_dags/example_datasets.py
[2025-06-15T00:01:36.597-0400] {processor.py:829} INFO - Processing file /Users/rah/Desktop/creative_projects/rah_coding_repo/projects/fin_data_project_001/finance-data-project-1/.venv/lib/python3.10/site-packages/airflow/example_dags/example_datasets.py for tasks to queue
[2025-06-15T00:01:36.598-0400] {logging_mixin.py:154} INFO - [2025-06-15T00:01:36.598-0400] {dagbag.py:536} INFO - Filling up the DagBag from /Users/rah/Desktop/creative_projects/rah_coding_repo/projects/fin_data_project_001/finance-data-project-1/.venv/lib/python3.10/site-packages/airflow/example_dags/example_datasets.py
[2025-06-15T00:01:36.608-0400] {processor.py:839} INFO - DAG(s) dict_keys(['dataset_consumes_1_never_scheduled', 'dataset_produces_2', 'dataset_consumes_1_and_2', 'dataset_produces_1', 'dataset_consumes_1', 'dataset_consumes_unknown_never_scheduled']) retrieved from /Users/rah/Desktop/creative_projects/rah_coding_repo/projects/fin_data_project_001/finance-data-project-1/.venv/lib/python3.10/site-packages/airflow/example_dags/example_datasets.py
[2025-06-15T00:01:36.706-0400] {logging_mixin.py:154} INFO - [2025-06-15T00:01:36.706-0400] {dag.py:2941} INFO - Sync 6 DAGs
[2025-06-15T00:01:36.714-0400] {logging_mixin.py:154} INFO - [2025-06-15T00:01:36.714-0400] {dag.py:3722} INFO - Setting next_dagrun for dataset_consumes_1 to None, run_after=None
[2025-06-15T00:01:36.715-0400] {logging_mixin.py:154} INFO - [2025-06-15T00:01:36.715-0400] {dag.py:3722} INFO - Setting next_dagrun for dataset_consumes_1_and_2 to None, run_after=None
[2025-06-15T00:01:36.715-0400] {logging_mixin.py:154} INFO - [2025-06-15T00:01:36.715-0400] {dag.py:3722} INFO - Setting next_dagrun for dataset_consumes_1_never_scheduled to None, run_after=None
[2025-06-15T00:01:36.716-0400] {logging_mixin.py:154} INFO - [2025-06-15T00:01:36.716-0400] {dag.py:3722} INFO - Setting next_dagrun for dataset_consumes_unknown_never_scheduled to None, run_after=None
[2025-06-15T00:01:36.717-0400] {logging_mixin.py:154} INFO - [2025-06-15T00:01:36.717-0400] {dag.py:3722} INFO - Setting next_dagrun for dataset_produces_1 to 2025-06-14T00:00:00+00:00, run_after=2025-06-15T00:00:00+00:00
[2025-06-15T00:01:36.717-0400] {logging_mixin.py:154} INFO - [2025-06-15T00:01:36.717-0400] {dag.py:3722} INFO - Setting next_dagrun for dataset_produces_2 to None, run_after=None
[2025-06-15T00:01:36.729-0400] {processor.py:179} INFO - Processing /Users/rah/Desktop/creative_projects/rah_coding_repo/projects/fin_data_project_001/finance-data-project-1/.venv/lib/python3.10/site-packages/airflow/example_dags/example_datasets.py took 0.134 seconds
[2025-06-15T00:02:28.662-0400] {processor.py:157} INFO - Started process (PID=53487) to work on /Users/rah/Desktop/creative_projects/rah_coding_repo/projects/fin_data_project_001/finance-data-project-1/.venv/lib/python3.10/site-packages/airflow/example_dags/example_datasets.py
[2025-06-15T00:02:28.664-0400] {processor.py:829} INFO - Processing file /Users/rah/Desktop/creative_projects/rah_coding_repo/projects/fin_data_project_001/finance-data-project-1/.venv/lib/python3.10/site-packages/airflow/example_dags/example_datasets.py for tasks to queue
[2025-06-15T00:02:28.664-0400] {logging_mixin.py:154} INFO - [2025-06-15T00:02:28.664-0400] {dagbag.py:536} INFO - Filling up the DagBag from /Users/rah/Desktop/creative_projects/rah_coding_repo/projects/fin_data_project_001/finance-data-project-1/.venv/lib/python3.10/site-packages/airflow/example_dags/example_datasets.py
[2025-06-15T00:02:28.676-0400] {processor.py:839} INFO - DAG(s) dict_keys(['dataset_consumes_1_and_2', 'dataset_consumes_unknown_never_scheduled', 'dataset_consumes_1_never_scheduled', 'dataset_produces_1', 'dataset_produces_2', 'dataset_consumes_1']) retrieved from /Users/rah/Desktop/creative_projects/rah_coding_repo/projects/fin_data_project_001/finance-data-project-1/.venv/lib/python3.10/site-packages/airflow/example_dags/example_datasets.py
[2025-06-15T00:02:28.777-0400] {logging_mixin.py:154} INFO - [2025-06-15T00:02:28.777-0400] {dag.py:2941} INFO - Sync 6 DAGs
[2025-06-15T00:02:28.784-0400] {logging_mixin.py:154} INFO - [2025-06-15T00:02:28.784-0400] {dag.py:3722} INFO - Setting next_dagrun for dataset_consumes_1 to None, run_after=None
[2025-06-15T00:02:28.786-0400] {logging_mixin.py:154} INFO - [2025-06-15T00:02:28.786-0400] {dag.py:3722} INFO - Setting next_dagrun for dataset_consumes_1_and_2 to None, run_after=None
[2025-06-15T00:02:28.786-0400] {logging_mixin.py:154} INFO - [2025-06-15T00:02:28.786-0400] {dag.py:3722} INFO - Setting next_dagrun for dataset_consumes_1_never_scheduled to None, run_after=None
[2025-06-15T00:02:28.787-0400] {logging_mixin.py:154} INFO - [2025-06-15T00:02:28.786-0400] {dag.py:3722} INFO - Setting next_dagrun for dataset_consumes_unknown_never_scheduled to None, run_after=None
[2025-06-15T00:02:28.788-0400] {logging_mixin.py:154} INFO - [2025-06-15T00:02:28.787-0400] {dag.py:3722} INFO - Setting next_dagrun for dataset_produces_1 to 2025-06-14T00:00:00+00:00, run_after=2025-06-15T00:00:00+00:00
[2025-06-15T00:02:28.788-0400] {logging_mixin.py:154} INFO - [2025-06-15T00:02:28.788-0400] {dag.py:3722} INFO - Setting next_dagrun for dataset_produces_2 to None, run_after=None
[2025-06-15T00:02:28.800-0400] {processor.py:179} INFO - Processing /Users/rah/Desktop/creative_projects/rah_coding_repo/projects/fin_data_project_001/finance-data-project-1/.venv/lib/python3.10/site-packages/airflow/example_dags/example_datasets.py took 0.138 seconds
[2025-06-15T00:07:21.391-0400] {processor.py:157} INFO - Started process (PID=57476) to work on /Users/rah/.pyenv/versions/3.10.11/lib/python3.10/site-packages/airflow/example_dags/example_datasets.py
[2025-06-15T00:07:21.395-0400] {processor.py:829} INFO - Processing file /Users/rah/.pyenv/versions/3.10.11/lib/python3.10/site-packages/airflow/example_dags/example_datasets.py for tasks to queue
[2025-06-15T00:07:21.395-0400] {logging_mixin.py:154} INFO - [2025-06-15T00:07:21.395-0400] {dagbag.py:536} INFO - Filling up the DagBag from /Users/rah/.pyenv/versions/3.10.11/lib/python3.10/site-packages/airflow/example_dags/example_datasets.py
[2025-06-15T00:07:21.405-0400] {processor.py:839} INFO - DAG(s) dict_keys(['dataset_produces_1', 'dataset_consumes_unknown_never_scheduled', 'dataset_consumes_1', 'dataset_consumes_1_and_2', 'dataset_consumes_1_never_scheduled', 'dataset_produces_2']) retrieved from /Users/rah/.pyenv/versions/3.10.11/lib/python3.10/site-packages/airflow/example_dags/example_datasets.py
[2025-06-15T00:07:21.757-0400] {logging_mixin.py:154} INFO - [2025-06-15T00:07:21.756-0400] {dag.py:2941} INFO - Sync 6 DAGs
[2025-06-15T00:07:21.763-0400] {logging_mixin.py:154} INFO - [2025-06-15T00:07:21.763-0400] {dag.py:3722} INFO - Setting next_dagrun for dataset_consumes_1 to None, run_after=None
[2025-06-15T00:07:21.764-0400] {logging_mixin.py:154} INFO - [2025-06-15T00:07:21.764-0400] {dag.py:3722} INFO - Setting next_dagrun for dataset_consumes_1_and_2 to None, run_after=None
[2025-06-15T00:07:21.765-0400] {logging_mixin.py:154} INFO - [2025-06-15T00:07:21.765-0400] {dag.py:3722} INFO - Setting next_dagrun for dataset_consumes_1_never_scheduled to None, run_after=None
[2025-06-15T00:07:21.765-0400] {logging_mixin.py:154} INFO - [2025-06-15T00:07:21.765-0400] {dag.py:3722} INFO - Setting next_dagrun for dataset_consumes_unknown_never_scheduled to None, run_after=None
[2025-06-15T00:07:21.766-0400] {logging_mixin.py:154} INFO - [2025-06-15T00:07:21.766-0400] {dag.py:3722} INFO - Setting next_dagrun for dataset_produces_1 to 2025-06-14T00:00:00+00:00, run_after=2025-06-15T00:00:00+00:00
[2025-06-15T00:07:21.766-0400] {logging_mixin.py:154} INFO - [2025-06-15T00:07:21.766-0400] {dag.py:3722} INFO - Setting next_dagrun for dataset_produces_2 to None, run_after=None
[2025-06-15T00:07:21.777-0400] {processor.py:179} INFO - Processing /Users/rah/.pyenv/versions/3.10.11/lib/python3.10/site-packages/airflow/example_dags/example_datasets.py took 0.387 seconds
[2025-06-15T00:09:13.756-0400] {processor.py:157} INFO - Started process (PID=59459) to work on /Users/rah/.pyenv/versions/3.10.11/lib/python3.10/site-packages/airflow/example_dags/example_datasets.py
[2025-06-15T00:09:13.759-0400] {processor.py:829} INFO - Processing file /Users/rah/.pyenv/versions/3.10.11/lib/python3.10/site-packages/airflow/example_dags/example_datasets.py for tasks to queue
[2025-06-15T00:09:13.759-0400] {logging_mixin.py:154} INFO - [2025-06-15T00:09:13.759-0400] {dagbag.py:536} INFO - Filling up the DagBag from /Users/rah/.pyenv/versions/3.10.11/lib/python3.10/site-packages/airflow/example_dags/example_datasets.py
[2025-06-15T00:09:13.769-0400] {processor.py:839} INFO - DAG(s) dict_keys(['dataset_produces_1', 'dataset_consumes_1_and_2', 'dataset_consumes_unknown_never_scheduled', 'dataset_produces_2', 'dataset_consumes_1_never_scheduled', 'dataset_consumes_1']) retrieved from /Users/rah/.pyenv/versions/3.10.11/lib/python3.10/site-packages/airflow/example_dags/example_datasets.py
[2025-06-15T00:09:13.889-0400] {logging_mixin.py:154} INFO - [2025-06-15T00:09:13.889-0400] {dag.py:2941} INFO - Sync 6 DAGs
[2025-06-15T00:09:13.897-0400] {logging_mixin.py:154} INFO - [2025-06-15T00:09:13.897-0400] {dag.py:3722} INFO - Setting next_dagrun for dataset_consumes_1 to None, run_after=None
[2025-06-15T00:09:13.898-0400] {logging_mixin.py:154} INFO - [2025-06-15T00:09:13.898-0400] {dag.py:3722} INFO - Setting next_dagrun for dataset_consumes_1_and_2 to None, run_after=None
[2025-06-15T00:09:13.899-0400] {logging_mixin.py:154} INFO - [2025-06-15T00:09:13.899-0400] {dag.py:3722} INFO - Setting next_dagrun for dataset_consumes_1_never_scheduled to None, run_after=None
[2025-06-15T00:09:13.899-0400] {logging_mixin.py:154} INFO - [2025-06-15T00:09:13.899-0400] {dag.py:3722} INFO - Setting next_dagrun for dataset_consumes_unknown_never_scheduled to None, run_after=None
[2025-06-15T00:09:13.900-0400] {logging_mixin.py:154} INFO - [2025-06-15T00:09:13.900-0400] {dag.py:3722} INFO - Setting next_dagrun for dataset_produces_1 to 2025-06-14T00:00:00+00:00, run_after=2025-06-15T00:00:00+00:00
[2025-06-15T00:09:13.900-0400] {logging_mixin.py:154} INFO - [2025-06-15T00:09:13.900-0400] {dag.py:3722} INFO - Setting next_dagrun for dataset_produces_2 to None, run_after=None
[2025-06-15T00:09:13.911-0400] {processor.py:179} INFO - Processing /Users/rah/.pyenv/versions/3.10.11/lib/python3.10/site-packages/airflow/example_dags/example_datasets.py took 0.156 seconds
[2025-06-15T00:10:53.147-0400] {processor.py:157} INFO - Started process (PID=60954) to work on /Users/rah/.pyenv/versions/3.10.11/lib/python3.10/site-packages/airflow/example_dags/example_datasets.py
[2025-06-15T00:10:53.150-0400] {processor.py:829} INFO - Processing file /Users/rah/.pyenv/versions/3.10.11/lib/python3.10/site-packages/airflow/example_dags/example_datasets.py for tasks to queue
[2025-06-15T00:10:53.151-0400] {logging_mixin.py:154} INFO - [2025-06-15T00:10:53.151-0400] {dagbag.py:536} INFO - Filling up the DagBag from /Users/rah/.pyenv/versions/3.10.11/lib/python3.10/site-packages/airflow/example_dags/example_datasets.py
[2025-06-15T00:10:53.161-0400] {processor.py:839} INFO - DAG(s) dict_keys(['dataset_consumes_1_and_2', 'dataset_consumes_1', 'dataset_produces_1', 'dataset_consumes_unknown_never_scheduled', 'dataset_produces_2', 'dataset_consumes_1_never_scheduled']) retrieved from /Users/rah/.pyenv/versions/3.10.11/lib/python3.10/site-packages/airflow/example_dags/example_datasets.py
[2025-06-15T00:10:53.281-0400] {logging_mixin.py:154} INFO - [2025-06-15T00:10:53.280-0400] {dag.py:2941} INFO - Sync 6 DAGs
[2025-06-15T00:10:53.288-0400] {logging_mixin.py:154} INFO - [2025-06-15T00:10:53.287-0400] {dag.py:3722} INFO - Setting next_dagrun for dataset_consumes_1 to None, run_after=None
[2025-06-15T00:10:53.289-0400] {logging_mixin.py:154} INFO - [2025-06-15T00:10:53.289-0400] {dag.py:3722} INFO - Setting next_dagrun for dataset_consumes_1_and_2 to None, run_after=None
[2025-06-15T00:10:53.289-0400] {logging_mixin.py:154} INFO - [2025-06-15T00:10:53.289-0400] {dag.py:3722} INFO - Setting next_dagrun for dataset_consumes_1_never_scheduled to None, run_after=None
[2025-06-15T00:10:53.289-0400] {logging_mixin.py:154} INFO - [2025-06-15T00:10:53.289-0400] {dag.py:3722} INFO - Setting next_dagrun for dataset_consumes_unknown_never_scheduled to None, run_after=None
[2025-06-15T00:10:53.290-0400] {logging_mixin.py:154} INFO - [2025-06-15T00:10:53.290-0400] {dag.py:3722} INFO - Setting next_dagrun for dataset_produces_1 to 2025-06-14T00:00:00+00:00, run_after=2025-06-15T00:00:00+00:00
[2025-06-15T00:10:53.291-0400] {logging_mixin.py:154} INFO - [2025-06-15T00:10:53.291-0400] {dag.py:3722} INFO - Setting next_dagrun for dataset_produces_2 to None, run_after=None
[2025-06-15T00:10:53.302-0400] {processor.py:179} INFO - Processing /Users/rah/.pyenv/versions/3.10.11/lib/python3.10/site-packages/airflow/example_dags/example_datasets.py took 0.155 seconds
[2025-06-15T00:12:36.122-0400] {processor.py:157} INFO - Started process (PID=62514) to work on /Users/rah/.pyenv/versions/3.10.11/lib/python3.10/site-packages/airflow/example_dags/example_datasets.py
[2025-06-15T00:12:36.125-0400] {processor.py:829} INFO - Processing file /Users/rah/.pyenv/versions/3.10.11/lib/python3.10/site-packages/airflow/example_dags/example_datasets.py for tasks to queue
[2025-06-15T00:12:36.126-0400] {logging_mixin.py:154} INFO - [2025-06-15T00:12:36.126-0400] {dagbag.py:536} INFO - Filling up the DagBag from /Users/rah/.pyenv/versions/3.10.11/lib/python3.10/site-packages/airflow/example_dags/example_datasets.py
[2025-06-15T00:12:36.138-0400] {processor.py:839} INFO - DAG(s) dict_keys(['dataset_consumes_unknown_never_scheduled', 'dataset_consumes_1', 'dataset_consumes_1_and_2', 'dataset_produces_1', 'dataset_produces_2', 'dataset_consumes_1_never_scheduled']) retrieved from /Users/rah/.pyenv/versions/3.10.11/lib/python3.10/site-packages/airflow/example_dags/example_datasets.py
[2025-06-15T00:12:36.261-0400] {logging_mixin.py:154} INFO - [2025-06-15T00:12:36.260-0400] {dag.py:2941} INFO - Sync 6 DAGs
[2025-06-15T00:12:36.267-0400] {logging_mixin.py:154} INFO - [2025-06-15T00:12:36.267-0400] {dag.py:3722} INFO - Setting next_dagrun for dataset_consumes_1 to None, run_after=None
[2025-06-15T00:12:36.269-0400] {logging_mixin.py:154} INFO - [2025-06-15T00:12:36.269-0400] {dag.py:3722} INFO - Setting next_dagrun for dataset_consumes_1_and_2 to None, run_after=None
[2025-06-15T00:12:36.269-0400] {logging_mixin.py:154} INFO - [2025-06-15T00:12:36.269-0400] {dag.py:3722} INFO - Setting next_dagrun for dataset_consumes_1_never_scheduled to None, run_after=None
[2025-06-15T00:12:36.269-0400] {logging_mixin.py:154} INFO - [2025-06-15T00:12:36.269-0400] {dag.py:3722} INFO - Setting next_dagrun for dataset_consumes_unknown_never_scheduled to None, run_after=None
[2025-06-15T00:12:36.270-0400] {logging_mixin.py:154} INFO - [2025-06-15T00:12:36.270-0400] {dag.py:3722} INFO - Setting next_dagrun for dataset_produces_1 to 2025-06-14T00:00:00+00:00, run_after=2025-06-15T00:00:00+00:00
[2025-06-15T00:12:36.270-0400] {logging_mixin.py:154} INFO - [2025-06-15T00:12:36.270-0400] {dag.py:3722} INFO - Setting next_dagrun for dataset_produces_2 to None, run_after=None
[2025-06-15T00:12:36.282-0400] {processor.py:179} INFO - Processing /Users/rah/.pyenv/versions/3.10.11/lib/python3.10/site-packages/airflow/example_dags/example_datasets.py took 0.160 seconds
[2025-06-15T00:14:18.412-0400] {processor.py:157} INFO - Started process (PID=64059) to work on /Users/rah/.pyenv/versions/3.10.11/lib/python3.10/site-packages/airflow/example_dags/example_datasets.py
[2025-06-15T00:14:18.415-0400] {processor.py:829} INFO - Processing file /Users/rah/.pyenv/versions/3.10.11/lib/python3.10/site-packages/airflow/example_dags/example_datasets.py for tasks to queue
[2025-06-15T00:14:18.415-0400] {logging_mixin.py:154} INFO - [2025-06-15T00:14:18.415-0400] {dagbag.py:536} INFO - Filling up the DagBag from /Users/rah/.pyenv/versions/3.10.11/lib/python3.10/site-packages/airflow/example_dags/example_datasets.py
[2025-06-15T00:14:18.426-0400] {processor.py:839} INFO - DAG(s) dict_keys(['dataset_consumes_1_never_scheduled', 'dataset_produces_2', 'dataset_produces_1', 'dataset_consumes_unknown_never_scheduled', 'dataset_consumes_1_and_2', 'dataset_consumes_1']) retrieved from /Users/rah/.pyenv/versions/3.10.11/lib/python3.10/site-packages/airflow/example_dags/example_datasets.py
[2025-06-15T00:14:18.551-0400] {logging_mixin.py:154} INFO - [2025-06-15T00:14:18.551-0400] {dag.py:2941} INFO - Sync 6 DAGs
[2025-06-15T00:14:18.558-0400] {logging_mixin.py:154} INFO - [2025-06-15T00:14:18.558-0400] {dag.py:3722} INFO - Setting next_dagrun for dataset_consumes_1 to None, run_after=None
[2025-06-15T00:14:18.560-0400] {logging_mixin.py:154} INFO - [2025-06-15T00:14:18.559-0400] {dag.py:3722} INFO - Setting next_dagrun for dataset_consumes_1_and_2 to None, run_after=None
[2025-06-15T00:14:18.560-0400] {logging_mixin.py:154} INFO - [2025-06-15T00:14:18.560-0400] {dag.py:3722} INFO - Setting next_dagrun for dataset_consumes_1_never_scheduled to None, run_after=None
[2025-06-15T00:14:18.561-0400] {logging_mixin.py:154} INFO - [2025-06-15T00:14:18.561-0400] {dag.py:3722} INFO - Setting next_dagrun for dataset_consumes_unknown_never_scheduled to None, run_after=None
[2025-06-15T00:14:18.562-0400] {logging_mixin.py:154} INFO - [2025-06-15T00:14:18.562-0400] {dag.py:3722} INFO - Setting next_dagrun for dataset_produces_1 to 2025-06-14T00:00:00+00:00, run_after=2025-06-15T00:00:00+00:00
[2025-06-15T00:14:18.562-0400] {logging_mixin.py:154} INFO - [2025-06-15T00:14:18.562-0400] {dag.py:3722} INFO - Setting next_dagrun for dataset_produces_2 to None, run_after=None
[2025-06-15T00:14:18.575-0400] {processor.py:179} INFO - Processing /Users/rah/.pyenv/versions/3.10.11/lib/python3.10/site-packages/airflow/example_dags/example_datasets.py took 0.164 seconds
[2025-06-15T00:16:00.677-0400] {processor.py:157} INFO - Started process (PID=66703) to work on /Users/rah/.pyenv/versions/3.10.11/lib/python3.10/site-packages/airflow/example_dags/example_datasets.py
[2025-06-15T00:16:00.680-0400] {processor.py:829} INFO - Processing file /Users/rah/.pyenv/versions/3.10.11/lib/python3.10/site-packages/airflow/example_dags/example_datasets.py for tasks to queue
[2025-06-15T00:16:00.680-0400] {logging_mixin.py:154} INFO - [2025-06-15T00:16:00.680-0400] {dagbag.py:536} INFO - Filling up the DagBag from /Users/rah/.pyenv/versions/3.10.11/lib/python3.10/site-packages/airflow/example_dags/example_datasets.py
[2025-06-15T00:16:00.690-0400] {processor.py:839} INFO - DAG(s) dict_keys(['dataset_consumes_1_and_2', 'dataset_produces_1', 'dataset_consumes_unknown_never_scheduled', 'dataset_consumes_1', 'dataset_consumes_1_never_scheduled', 'dataset_produces_2']) retrieved from /Users/rah/.pyenv/versions/3.10.11/lib/python3.10/site-packages/airflow/example_dags/example_datasets.py
[2025-06-15T00:16:00.808-0400] {logging_mixin.py:154} INFO - [2025-06-15T00:16:00.808-0400] {dag.py:2941} INFO - Sync 6 DAGs
[2025-06-15T00:16:00.815-0400] {logging_mixin.py:154} INFO - [2025-06-15T00:16:00.815-0400] {dag.py:3722} INFO - Setting next_dagrun for dataset_consumes_1 to None, run_after=None
[2025-06-15T00:16:00.817-0400] {logging_mixin.py:154} INFO - [2025-06-15T00:16:00.817-0400] {dag.py:3722} INFO - Setting next_dagrun for dataset_consumes_1_and_2 to None, run_after=None
[2025-06-15T00:16:00.817-0400] {logging_mixin.py:154} INFO - [2025-06-15T00:16:00.817-0400] {dag.py:3722} INFO - Setting next_dagrun for dataset_consumes_1_never_scheduled to None, run_after=None
[2025-06-15T00:16:00.817-0400] {logging_mixin.py:154} INFO - [2025-06-15T00:16:00.817-0400] {dag.py:3722} INFO - Setting next_dagrun for dataset_consumes_unknown_never_scheduled to None, run_after=None
[2025-06-15T00:16:00.818-0400] {logging_mixin.py:154} INFO - [2025-06-15T00:16:00.818-0400] {dag.py:3722} INFO - Setting next_dagrun for dataset_produces_1 to 2025-06-14T00:00:00+00:00, run_after=2025-06-15T00:00:00+00:00
[2025-06-15T00:16:00.819-0400] {logging_mixin.py:154} INFO - [2025-06-15T00:16:00.819-0400] {dag.py:3722} INFO - Setting next_dagrun for dataset_produces_2 to None, run_after=None
[2025-06-15T00:16:00.829-0400] {processor.py:179} INFO - Processing /Users/rah/.pyenv/versions/3.10.11/lib/python3.10/site-packages/airflow/example_dags/example_datasets.py took 0.153 seconds
