[2025-06-14T23:49:31.003-0400] {processor.py:157} INFO - Started process (PID=40401) to work on /Users/rah/.pyenv/versions/3.10.11/lib/python3.10/site-packages/airflow/example_dags/example_latest_only.py
[2025-06-14T23:49:31.005-0400] {processor.py:829} INFO - Processing file /Users/rah/.pyenv/versions/3.10.11/lib/python3.10/site-packages/airflow/example_dags/example_latest_only.py for tasks to queue
[2025-06-14T23:49:31.006-0400] {logging_mixin.py:154} INFO - [2025-06-14T23:49:31.006-0400] {dagbag.py:536} INFO - Filling up the DagBag from /Users/rah/.pyenv/versions/3.10.11/lib/python3.10/site-packages/airflow/example_dags/example_latest_only.py
[2025-06-14T23:49:31.015-0400] {processor.py:839} INFO - DAG(s) dict_keys(['latest_only']) retrieved from /Users/rah/.pyenv/versions/3.10.11/lib/python3.10/site-packages/airflow/example_dags/example_latest_only.py
[2025-06-14T23:49:31.351-0400] {logging_mixin.py:154} INFO - [2025-06-14T23:49:31.351-0400] {manager.py:499} INFO - Created Permission View: %s
[2025-06-14T23:49:31.354-0400] {logging_mixin.py:154} INFO - [2025-06-14T23:49:31.354-0400] {manager.py:499} INFO - Created Permission View: %s
[2025-06-14T23:49:31.357-0400] {logging_mixin.py:154} INFO - [2025-06-14T23:49:31.357-0400] {manager.py:499} INFO - Created Permission View: %s
[2025-06-14T23:49:31.357-0400] {logging_mixin.py:154} INFO - [2025-06-14T23:49:31.357-0400] {dag.py:2941} INFO - Sync 1 DAGs
[2025-06-14T23:49:31.361-0400] {logging_mixin.py:154} INFO - [2025-06-14T23:49:31.360-0400] {dag.py:2963} INFO - Creating ORM DAG for latest_only
[2025-06-14T23:49:31.363-0400] {logging_mixin.py:154} INFO - [2025-06-14T23:49:31.363-0400] {dag.py:3722} INFO - Setting next_dagrun for latest_only to 2025-06-14T23:49:31.363868+00:00, run_after=2025-06-15T03:49:31.363868+00:00
[2025-06-14T23:49:31.371-0400] {processor.py:179} INFO - Processing /Users/rah/.pyenv/versions/3.10.11/lib/python3.10/site-packages/airflow/example_dags/example_latest_only.py took 0.368 seconds
[2025-06-14T23:55:44.627-0400] {processor.py:157} INFO - Started process (PID=46118) to work on /Users/rah/Desktop/creative_projects/rah_coding_repo/projects/fin_data_project_001/finance-data-project-1/.venv/lib/python3.10/site-packages/airflow/example_dags/example_latest_only.py
[2025-06-14T23:55:44.630-0400] {processor.py:829} INFO - Processing file /Users/rah/Desktop/creative_projects/rah_coding_repo/projects/fin_data_project_001/finance-data-project-1/.venv/lib/python3.10/site-packages/airflow/example_dags/example_latest_only.py for tasks to queue
[2025-06-14T23:55:44.630-0400] {logging_mixin.py:154} INFO - [2025-06-14T23:55:44.630-0400] {dagbag.py:536} INFO - Filling up the DagBag from /Users/rah/Desktop/creative_projects/rah_coding_repo/projects/fin_data_project_001/finance-data-project-1/.venv/lib/python3.10/site-packages/airflow/example_dags/example_latest_only.py
[2025-06-14T23:55:44.640-0400] {processor.py:839} INFO - DAG(s) dict_keys(['latest_only']) retrieved from /Users/rah/Desktop/creative_projects/rah_coding_repo/projects/fin_data_project_001/finance-data-project-1/.venv/lib/python3.10/site-packages/airflow/example_dags/example_latest_only.py
[2025-06-14T23:55:44.739-0400] {logging_mixin.py:154} INFO - [2025-06-14T23:55:44.739-0400] {dag.py:2941} INFO - Sync 1 DAGs
[2025-06-14T23:55:44.746-0400] {logging_mixin.py:154} INFO - [2025-06-14T23:55:44.746-0400] {dag.py:3722} INFO - Setting next_dagrun for latest_only to 2025-06-14T23:55:44.745932+00:00, run_after=2025-06-15T03:55:44.745932+00:00
[2025-06-14T23:55:44.754-0400] {processor.py:179} INFO - Processing /Users/rah/Desktop/creative_projects/rah_coding_repo/projects/fin_data_project_001/finance-data-project-1/.venv/lib/python3.10/site-packages/airflow/example_dags/example_latest_only.py took 0.127 seconds
[2025-06-14T23:56:46.545-0400] {processor.py:157} INFO - Started process (PID=48026) to work on /Users/rah/Desktop/creative_projects/rah_coding_repo/projects/fin_data_project_001/finance-data-project-1/.venv/lib/python3.10/site-packages/airflow/example_dags/example_latest_only.py
[2025-06-14T23:56:46.547-0400] {processor.py:829} INFO - Processing file /Users/rah/Desktop/creative_projects/rah_coding_repo/projects/fin_data_project_001/finance-data-project-1/.venv/lib/python3.10/site-packages/airflow/example_dags/example_latest_only.py for tasks to queue
[2025-06-14T23:56:46.548-0400] {logging_mixin.py:154} INFO - [2025-06-14T23:56:46.547-0400] {dagbag.py:536} INFO - Filling up the DagBag from /Users/rah/Desktop/creative_projects/rah_coding_repo/projects/fin_data_project_001/finance-data-project-1/.venv/lib/python3.10/site-packages/airflow/example_dags/example_latest_only.py
[2025-06-14T23:56:46.557-0400] {processor.py:839} INFO - DAG(s) dict_keys(['latest_only']) retrieved from /Users/rah/Desktop/creative_projects/rah_coding_repo/projects/fin_data_project_001/finance-data-project-1/.venv/lib/python3.10/site-packages/airflow/example_dags/example_latest_only.py
[2025-06-14T23:56:46.652-0400] {logging_mixin.py:154} INFO - [2025-06-14T23:56:46.652-0400] {dag.py:2941} INFO - Sync 1 DAGs
[2025-06-14T23:56:46.659-0400] {logging_mixin.py:154} INFO - [2025-06-14T23:56:46.659-0400] {dag.py:3722} INFO - Setting next_dagrun for latest_only to 2025-06-14T23:56:46.659281+00:00, run_after=2025-06-15T03:56:46.659281+00:00
[2025-06-14T23:56:46.666-0400] {processor.py:179} INFO - Processing /Users/rah/Desktop/creative_projects/rah_coding_repo/projects/fin_data_project_001/finance-data-project-1/.venv/lib/python3.10/site-packages/airflow/example_dags/example_latest_only.py took 0.122 seconds
[2025-06-14T23:57:25.604-0400] {processor.py:157} INFO - Started process (PID=48512) to work on /Users/rah/Desktop/creative_projects/rah_coding_repo/projects/fin_data_project_001/finance-data-project-1/.venv/lib/python3.10/site-packages/airflow/example_dags/example_latest_only.py
[2025-06-14T23:57:25.607-0400] {processor.py:829} INFO - Processing file /Users/rah/Desktop/creative_projects/rah_coding_repo/projects/fin_data_project_001/finance-data-project-1/.venv/lib/python3.10/site-packages/airflow/example_dags/example_latest_only.py for tasks to queue
[2025-06-14T23:57:25.608-0400] {logging_mixin.py:154} INFO - [2025-06-14T23:57:25.607-0400] {dagbag.py:536} INFO - Filling up the DagBag from /Users/rah/Desktop/creative_projects/rah_coding_repo/projects/fin_data_project_001/finance-data-project-1/.venv/lib/python3.10/site-packages/airflow/example_dags/example_latest_only.py
[2025-06-14T23:57:25.618-0400] {processor.py:839} INFO - DAG(s) dict_keys(['latest_only']) retrieved from /Users/rah/Desktop/creative_projects/rah_coding_repo/projects/fin_data_project_001/finance-data-project-1/.venv/lib/python3.10/site-packages/airflow/example_dags/example_latest_only.py
[2025-06-14T23:57:25.710-0400] {logging_mixin.py:154} INFO - [2025-06-14T23:57:25.710-0400] {dag.py:2941} INFO - Sync 1 DAGs
[2025-06-14T23:57:25.716-0400] {logging_mixin.py:154} INFO - [2025-06-14T23:57:25.716-0400] {dag.py:3722} INFO - Setting next_dagrun for latest_only to 2025-06-14T23:57:25.716741+00:00, run_after=2025-06-15T03:57:25.716741+00:00
[2025-06-14T23:57:25.724-0400] {processor.py:179} INFO - Processing /Users/rah/Desktop/creative_projects/rah_coding_repo/projects/fin_data_project_001/finance-data-project-1/.venv/lib/python3.10/site-packages/airflow/example_dags/example_latest_only.py took 0.120 seconds
[2025-06-14T23:57:39.354-0400] {processor.py:157} INFO - Started process (PID=48772) to work on /Users/rah/Desktop/creative_projects/rah_coding_repo/projects/fin_data_project_001/finance-data-project-1/.venv/lib/python3.10/site-packages/airflow/example_dags/example_latest_only.py
[2025-06-14T23:57:39.356-0400] {processor.py:829} INFO - Processing file /Users/rah/Desktop/creative_projects/rah_coding_repo/projects/fin_data_project_001/finance-data-project-1/.venv/lib/python3.10/site-packages/airflow/example_dags/example_latest_only.py for tasks to queue
[2025-06-14T23:57:39.356-0400] {logging_mixin.py:154} INFO - [2025-06-14T23:57:39.356-0400] {dagbag.py:536} INFO - Filling up the DagBag from /Users/rah/Desktop/creative_projects/rah_coding_repo/projects/fin_data_project_001/finance-data-project-1/.venv/lib/python3.10/site-packages/airflow/example_dags/example_latest_only.py
[2025-06-14T23:57:39.366-0400] {processor.py:839} INFO - DAG(s) dict_keys(['latest_only']) retrieved from /Users/rah/Desktop/creative_projects/rah_coding_repo/projects/fin_data_project_001/finance-data-project-1/.venv/lib/python3.10/site-packages/airflow/example_dags/example_latest_only.py
[2025-06-14T23:57:39.466-0400] {logging_mixin.py:154} INFO - [2025-06-14T23:57:39.466-0400] {dag.py:2941} INFO - Sync 1 DAGs
[2025-06-14T23:57:39.473-0400] {logging_mixin.py:154} INFO - [2025-06-14T23:57:39.473-0400] {dag.py:3722} INFO - Setting next_dagrun for latest_only to 2025-06-14T23:57:39.473007+00:00, run_after=2025-06-15T03:57:39.473007+00:00
[2025-06-14T23:57:39.481-0400] {processor.py:179} INFO - Processing /Users/rah/Desktop/creative_projects/rah_coding_repo/projects/fin_data_project_001/finance-data-project-1/.venv/lib/python3.10/site-packages/airflow/example_dags/example_latest_only.py took 0.127 seconds
[2025-06-14T23:58:27.359-0400] {processor.py:157} INFO - Started process (PID=49372) to work on /Users/rah/Desktop/creative_projects/rah_coding_repo/projects/fin_data_project_001/finance-data-project-1/.venv/lib/python3.10/site-packages/airflow/example_dags/example_latest_only.py
[2025-06-14T23:58:27.363-0400] {processor.py:829} INFO - Processing file /Users/rah/Desktop/creative_projects/rah_coding_repo/projects/fin_data_project_001/finance-data-project-1/.venv/lib/python3.10/site-packages/airflow/example_dags/example_latest_only.py for tasks to queue
[2025-06-14T23:58:27.363-0400] {logging_mixin.py:154} INFO - [2025-06-14T23:58:27.363-0400] {dagbag.py:536} INFO - Filling up the DagBag from /Users/rah/Desktop/creative_projects/rah_coding_repo/projects/fin_data_project_001/finance-data-project-1/.venv/lib/python3.10/site-packages/airflow/example_dags/example_latest_only.py
[2025-06-14T23:58:27.373-0400] {processor.py:839} INFO - DAG(s) dict_keys(['latest_only']) retrieved from /Users/rah/Desktop/creative_projects/rah_coding_repo/projects/fin_data_project_001/finance-data-project-1/.venv/lib/python3.10/site-packages/airflow/example_dags/example_latest_only.py
[2025-06-14T23:58:27.465-0400] {logging_mixin.py:154} INFO - [2025-06-14T23:58:27.465-0400] {dag.py:2941} INFO - Sync 1 DAGs
[2025-06-14T23:58:27.472-0400] {logging_mixin.py:154} INFO - [2025-06-14T23:58:27.472-0400] {dag.py:3722} INFO - Setting next_dagrun for latest_only to 2025-06-14T23:58:27.472086+00:00, run_after=2025-06-15T03:58:27.472086+00:00
[2025-06-14T23:58:27.479-0400] {processor.py:179} INFO - Processing /Users/rah/Desktop/creative_projects/rah_coding_repo/projects/fin_data_project_001/finance-data-project-1/.venv/lib/python3.10/site-packages/airflow/example_dags/example_latest_only.py took 0.120 seconds
[2025-06-14T23:59:01.346-0400] {processor.py:157} INFO - Started process (PID=50249) to work on /Users/rah/Desktop/creative_projects/rah_coding_repo/projects/fin_data_project_001/finance-data-project-1/.venv/lib/python3.10/site-packages/airflow/example_dags/example_latest_only.py
[2025-06-14T23:59:01.349-0400] {processor.py:829} INFO - Processing file /Users/rah/Desktop/creative_projects/rah_coding_repo/projects/fin_data_project_001/finance-data-project-1/.venv/lib/python3.10/site-packages/airflow/example_dags/example_latest_only.py for tasks to queue
[2025-06-14T23:59:01.349-0400] {logging_mixin.py:154} INFO - [2025-06-14T23:59:01.349-0400] {dagbag.py:536} INFO - Filling up the DagBag from /Users/rah/Desktop/creative_projects/rah_coding_repo/projects/fin_data_project_001/finance-data-project-1/.venv/lib/python3.10/site-packages/airflow/example_dags/example_latest_only.py
[2025-06-14T23:59:01.358-0400] {processor.py:839} INFO - DAG(s) dict_keys(['latest_only']) retrieved from /Users/rah/Desktop/creative_projects/rah_coding_repo/projects/fin_data_project_001/finance-data-project-1/.venv/lib/python3.10/site-packages/airflow/example_dags/example_latest_only.py
[2025-06-14T23:59:01.457-0400] {logging_mixin.py:154} INFO - [2025-06-14T23:59:01.457-0400] {dag.py:2941} INFO - Sync 1 DAGs
[2025-06-14T23:59:01.464-0400] {logging_mixin.py:154} INFO - [2025-06-14T23:59:01.464-0400] {dag.py:3722} INFO - Setting next_dagrun for latest_only to 2025-06-14T23:59:01.464065+00:00, run_after=2025-06-15T03:59:01.464065+00:00
[2025-06-14T23:59:01.472-0400] {processor.py:179} INFO - Processing /Users/rah/Desktop/creative_projects/rah_coding_repo/projects/fin_data_project_001/finance-data-project-1/.venv/lib/python3.10/site-packages/airflow/example_dags/example_latest_only.py took 0.126 seconds
[2025-06-14T23:59:16.017-0400] {processor.py:157} INFO - Started process (PID=50535) to work on /Users/rah/Desktop/creative_projects/rah_coding_repo/projects/fin_data_project_001/finance-data-project-1/.venv/lib/python3.10/site-packages/airflow/example_dags/example_latest_only.py
[2025-06-14T23:59:16.020-0400] {processor.py:829} INFO - Processing file /Users/rah/Desktop/creative_projects/rah_coding_repo/projects/fin_data_project_001/finance-data-project-1/.venv/lib/python3.10/site-packages/airflow/example_dags/example_latest_only.py for tasks to queue
[2025-06-14T23:59:16.020-0400] {logging_mixin.py:154} INFO - [2025-06-14T23:59:16.020-0400] {dagbag.py:536} INFO - Filling up the DagBag from /Users/rah/Desktop/creative_projects/rah_coding_repo/projects/fin_data_project_001/finance-data-project-1/.venv/lib/python3.10/site-packages/airflow/example_dags/example_latest_only.py
[2025-06-14T23:59:16.029-0400] {processor.py:839} INFO - DAG(s) dict_keys(['latest_only']) retrieved from /Users/rah/Desktop/creative_projects/rah_coding_repo/projects/fin_data_project_001/finance-data-project-1/.venv/lib/python3.10/site-packages/airflow/example_dags/example_latest_only.py
[2025-06-14T23:59:16.139-0400] {logging_mixin.py:154} INFO - [2025-06-14T23:59:16.139-0400] {dag.py:2941} INFO - Sync 1 DAGs
[2025-06-14T23:59:16.147-0400] {logging_mixin.py:154} INFO - [2025-06-14T23:59:16.147-0400] {dag.py:3722} INFO - Setting next_dagrun for latest_only to 2025-06-14T23:59:16.147785+00:00, run_after=2025-06-15T03:59:16.147785+00:00
[2025-06-14T23:59:16.156-0400] {processor.py:179} INFO - Processing /Users/rah/Desktop/creative_projects/rah_coding_repo/projects/fin_data_project_001/finance-data-project-1/.venv/lib/python3.10/site-packages/airflow/example_dags/example_latest_only.py took 0.140 seconds
[2025-06-14T23:59:49.227-0400] {processor.py:157} INFO - Started process (PID=51025) to work on /Users/rah/Desktop/creative_projects/rah_coding_repo/projects/fin_data_project_001/finance-data-project-1/.venv/lib/python3.10/site-packages/airflow/example_dags/example_latest_only.py
[2025-06-14T23:59:49.230-0400] {processor.py:829} INFO - Processing file /Users/rah/Desktop/creative_projects/rah_coding_repo/projects/fin_data_project_001/finance-data-project-1/.venv/lib/python3.10/site-packages/airflow/example_dags/example_latest_only.py for tasks to queue
[2025-06-14T23:59:49.231-0400] {logging_mixin.py:154} INFO - [2025-06-14T23:59:49.231-0400] {dagbag.py:536} INFO - Filling up the DagBag from /Users/rah/Desktop/creative_projects/rah_coding_repo/projects/fin_data_project_001/finance-data-project-1/.venv/lib/python3.10/site-packages/airflow/example_dags/example_latest_only.py
[2025-06-14T23:59:49.240-0400] {processor.py:839} INFO - DAG(s) dict_keys(['latest_only']) retrieved from /Users/rah/Desktop/creative_projects/rah_coding_repo/projects/fin_data_project_001/finance-data-project-1/.venv/lib/python3.10/site-packages/airflow/example_dags/example_latest_only.py
[2025-06-14T23:59:49.340-0400] {logging_mixin.py:154} INFO - [2025-06-14T23:59:49.340-0400] {dag.py:2941} INFO - Sync 1 DAGs
[2025-06-14T23:59:49.347-0400] {logging_mixin.py:154} INFO - [2025-06-14T23:59:49.347-0400] {dag.py:3722} INFO - Setting next_dagrun for latest_only to 2025-06-14T23:59:49.347136+00:00, run_after=2025-06-15T03:59:49.347136+00:00
[2025-06-14T23:59:49.358-0400] {processor.py:179} INFO - Processing /Users/rah/Desktop/creative_projects/rah_coding_repo/projects/fin_data_project_001/finance-data-project-1/.venv/lib/python3.10/site-packages/airflow/example_dags/example_latest_only.py took 0.132 seconds
[2025-06-14T23:59:59.902-0400] {processor.py:157} INFO - Started process (PID=51188) to work on /Users/rah/Desktop/creative_projects/rah_coding_repo/projects/fin_data_project_001/finance-data-project-1/.venv/lib/python3.10/site-packages/airflow/example_dags/example_latest_only.py
[2025-06-14T23:59:59.904-0400] {processor.py:829} INFO - Processing file /Users/rah/Desktop/creative_projects/rah_coding_repo/projects/fin_data_project_001/finance-data-project-1/.venv/lib/python3.10/site-packages/airflow/example_dags/example_latest_only.py for tasks to queue
[2025-06-14T23:59:59.905-0400] {logging_mixin.py:154} INFO - [2025-06-14T23:59:59.905-0400] {dagbag.py:536} INFO - Filling up the DagBag from /Users/rah/Desktop/creative_projects/rah_coding_repo/projects/fin_data_project_001/finance-data-project-1/.venv/lib/python3.10/site-packages/airflow/example_dags/example_latest_only.py
[2025-06-14T23:59:59.914-0400] {processor.py:839} INFO - DAG(s) dict_keys(['latest_only']) retrieved from /Users/rah/Desktop/creative_projects/rah_coding_repo/projects/fin_data_project_001/finance-data-project-1/.venv/lib/python3.10/site-packages/airflow/example_dags/example_latest_only.py
[2025-06-15T00:00:00.010-0400] {logging_mixin.py:154} INFO - [2025-06-15T00:00:00.010-0400] {dag.py:2941} INFO - Sync 1 DAGs
[2025-06-15T00:00:00.018-0400] {logging_mixin.py:154} INFO - [2025-06-15T00:00:00.018-0400] {dag.py:3722} INFO - Setting next_dagrun for latest_only to 2025-06-15T00:00:00.018458+00:00, run_after=2025-06-15T04:00:00.018458+00:00
[2025-06-15T00:00:00.030-0400] {processor.py:179} INFO - Processing /Users/rah/Desktop/creative_projects/rah_coding_repo/projects/fin_data_project_001/finance-data-project-1/.venv/lib/python3.10/site-packages/airflow/example_dags/example_latest_only.py took 0.129 seconds
[2025-06-15T00:00:46.997-0400] {processor.py:157} INFO - Started process (PID=51862) to work on /Users/rah/Desktop/creative_projects/rah_coding_repo/projects/fin_data_project_001/finance-data-project-1/.venv/lib/python3.10/site-packages/airflow/example_dags/example_latest_only.py
[2025-06-15T00:00:47.000-0400] {processor.py:829} INFO - Processing file /Users/rah/Desktop/creative_projects/rah_coding_repo/projects/fin_data_project_001/finance-data-project-1/.venv/lib/python3.10/site-packages/airflow/example_dags/example_latest_only.py for tasks to queue
[2025-06-15T00:00:47.001-0400] {logging_mixin.py:154} INFO - [2025-06-15T00:00:47.001-0400] {dagbag.py:536} INFO - Filling up the DagBag from /Users/rah/Desktop/creative_projects/rah_coding_repo/projects/fin_data_project_001/finance-data-project-1/.venv/lib/python3.10/site-packages/airflow/example_dags/example_latest_only.py
[2025-06-15T00:00:47.011-0400] {processor.py:839} INFO - DAG(s) dict_keys(['latest_only']) retrieved from /Users/rah/Desktop/creative_projects/rah_coding_repo/projects/fin_data_project_001/finance-data-project-1/.venv/lib/python3.10/site-packages/airflow/example_dags/example_latest_only.py
[2025-06-15T00:00:47.114-0400] {logging_mixin.py:154} INFO - [2025-06-15T00:00:47.113-0400] {dag.py:2941} INFO - Sync 1 DAGs
[2025-06-15T00:00:47.121-0400] {logging_mixin.py:154} INFO - [2025-06-15T00:00:47.121-0400] {dag.py:3722} INFO - Setting next_dagrun for latest_only to 2025-06-15T00:00:47.121574+00:00, run_after=2025-06-15T04:00:47.121574+00:00
[2025-06-15T00:00:47.130-0400] {processor.py:179} INFO - Processing /Users/rah/Desktop/creative_projects/rah_coding_repo/projects/fin_data_project_001/finance-data-project-1/.venv/lib/python3.10/site-packages/airflow/example_dags/example_latest_only.py took 0.133 seconds
[2025-06-15T00:01:00.657-0400] {processor.py:157} INFO - Started process (PID=52141) to work on /Users/rah/Desktop/creative_projects/rah_coding_repo/projects/fin_data_project_001/finance-data-project-1/.venv/lib/python3.10/site-packages/airflow/example_dags/example_latest_only.py
[2025-06-15T00:01:00.660-0400] {processor.py:829} INFO - Processing file /Users/rah/Desktop/creative_projects/rah_coding_repo/projects/fin_data_project_001/finance-data-project-1/.venv/lib/python3.10/site-packages/airflow/example_dags/example_latest_only.py for tasks to queue
[2025-06-15T00:01:00.660-0400] {logging_mixin.py:154} INFO - [2025-06-15T00:01:00.660-0400] {dagbag.py:536} INFO - Filling up the DagBag from /Users/rah/Desktop/creative_projects/rah_coding_repo/projects/fin_data_project_001/finance-data-project-1/.venv/lib/python3.10/site-packages/airflow/example_dags/example_latest_only.py
[2025-06-15T00:01:00.670-0400] {processor.py:839} INFO - DAG(s) dict_keys(['latest_only']) retrieved from /Users/rah/Desktop/creative_projects/rah_coding_repo/projects/fin_data_project_001/finance-data-project-1/.venv/lib/python3.10/site-packages/airflow/example_dags/example_latest_only.py
[2025-06-15T00:01:00.763-0400] {logging_mixin.py:154} INFO - [2025-06-15T00:01:00.763-0400] {dag.py:2941} INFO - Sync 1 DAGs
[2025-06-15T00:01:00.770-0400] {logging_mixin.py:154} INFO - [2025-06-15T00:01:00.770-0400] {dag.py:3722} INFO - Setting next_dagrun for latest_only to 2025-06-15T00:01:00.770291+00:00, run_after=2025-06-15T04:01:00.770291+00:00
[2025-06-15T00:01:00.777-0400] {processor.py:179} INFO - Processing /Users/rah/Desktop/creative_projects/rah_coding_repo/projects/fin_data_project_001/finance-data-project-1/.venv/lib/python3.10/site-packages/airflow/example_dags/example_latest_only.py took 0.121 seconds
[2025-06-15T00:01:25.884-0400] {processor.py:157} INFO - Started process (PID=52502) to work on /Users/rah/Desktop/creative_projects/rah_coding_repo/projects/fin_data_project_001/finance-data-project-1/.venv/lib/python3.10/site-packages/airflow/example_dags/example_latest_only.py
[2025-06-15T00:01:25.887-0400] {processor.py:829} INFO - Processing file /Users/rah/Desktop/creative_projects/rah_coding_repo/projects/fin_data_project_001/finance-data-project-1/.venv/lib/python3.10/site-packages/airflow/example_dags/example_latest_only.py for tasks to queue
[2025-06-15T00:01:25.887-0400] {logging_mixin.py:154} INFO - [2025-06-15T00:01:25.887-0400] {dagbag.py:536} INFO - Filling up the DagBag from /Users/rah/Desktop/creative_projects/rah_coding_repo/projects/fin_data_project_001/finance-data-project-1/.venv/lib/python3.10/site-packages/airflow/example_dags/example_latest_only.py
[2025-06-15T00:01:25.897-0400] {processor.py:839} INFO - DAG(s) dict_keys(['latest_only']) retrieved from /Users/rah/Desktop/creative_projects/rah_coding_repo/projects/fin_data_project_001/finance-data-project-1/.venv/lib/python3.10/site-packages/airflow/example_dags/example_latest_only.py
[2025-06-15T00:01:25.998-0400] {logging_mixin.py:154} INFO - [2025-06-15T00:01:25.997-0400] {dag.py:2941} INFO - Sync 1 DAGs
[2025-06-15T00:01:26.005-0400] {logging_mixin.py:154} INFO - [2025-06-15T00:01:26.005-0400] {dag.py:3722} INFO - Setting next_dagrun for latest_only to 2025-06-15T00:01:26.005223+00:00, run_after=2025-06-15T04:01:26.005223+00:00
[2025-06-15T00:01:26.014-0400] {processor.py:179} INFO - Processing /Users/rah/Desktop/creative_projects/rah_coding_repo/projects/fin_data_project_001/finance-data-project-1/.venv/lib/python3.10/site-packages/airflow/example_dags/example_latest_only.py took 0.130 seconds
[2025-06-15T00:01:28.003-0400] {processor.py:157} INFO - Started process (PID=52513) to work on /Users/rah/Desktop/creative_projects/rah_coding_repo/projects/fin_data_project_001/finance-data-project-1/.venv/lib/python3.10/site-packages/airflow/example_dags/example_latest_only.py
[2025-06-15T00:01:28.005-0400] {processor.py:829} INFO - Processing file /Users/rah/Desktop/creative_projects/rah_coding_repo/projects/fin_data_project_001/finance-data-project-1/.venv/lib/python3.10/site-packages/airflow/example_dags/example_latest_only.py for tasks to queue
[2025-06-15T00:01:28.006-0400] {logging_mixin.py:154} INFO - [2025-06-15T00:01:28.005-0400] {dagbag.py:536} INFO - Filling up the DagBag from /Users/rah/Desktop/creative_projects/rah_coding_repo/projects/fin_data_project_001/finance-data-project-1/.venv/lib/python3.10/site-packages/airflow/example_dags/example_latest_only.py
[2025-06-15T00:01:28.015-0400] {processor.py:839} INFO - DAG(s) dict_keys(['latest_only']) retrieved from /Users/rah/Desktop/creative_projects/rah_coding_repo/projects/fin_data_project_001/finance-data-project-1/.venv/lib/python3.10/site-packages/airflow/example_dags/example_latest_only.py
[2025-06-15T00:01:28.114-0400] {logging_mixin.py:154} INFO - [2025-06-15T00:01:28.113-0400] {dag.py:2941} INFO - Sync 1 DAGs
[2025-06-15T00:01:28.121-0400] {logging_mixin.py:154} INFO - [2025-06-15T00:01:28.121-0400] {dag.py:3722} INFO - Setting next_dagrun for latest_only to 2025-06-15T00:01:28.120961+00:00, run_after=2025-06-15T04:01:28.120961+00:00
[2025-06-15T00:01:28.129-0400] {processor.py:179} INFO - Processing /Users/rah/Desktop/creative_projects/rah_coding_repo/projects/fin_data_project_001/finance-data-project-1/.venv/lib/python3.10/site-packages/airflow/example_dags/example_latest_only.py took 0.126 seconds
[2025-06-15T00:02:20.048-0400] {processor.py:157} INFO - Started process (PID=53330) to work on /Users/rah/Desktop/creative_projects/rah_coding_repo/projects/fin_data_project_001/finance-data-project-1/.venv/lib/python3.10/site-packages/airflow/example_dags/example_latest_only.py
[2025-06-15T00:02:20.050-0400] {processor.py:829} INFO - Processing file /Users/rah/Desktop/creative_projects/rah_coding_repo/projects/fin_data_project_001/finance-data-project-1/.venv/lib/python3.10/site-packages/airflow/example_dags/example_latest_only.py for tasks to queue
[2025-06-15T00:02:20.050-0400] {logging_mixin.py:154} INFO - [2025-06-15T00:02:20.050-0400] {dagbag.py:536} INFO - Filling up the DagBag from /Users/rah/Desktop/creative_projects/rah_coding_repo/projects/fin_data_project_001/finance-data-project-1/.venv/lib/python3.10/site-packages/airflow/example_dags/example_latest_only.py
[2025-06-15T00:02:20.059-0400] {processor.py:839} INFO - DAG(s) dict_keys(['latest_only']) retrieved from /Users/rah/Desktop/creative_projects/rah_coding_repo/projects/fin_data_project_001/finance-data-project-1/.venv/lib/python3.10/site-packages/airflow/example_dags/example_latest_only.py
[2025-06-15T00:02:20.158-0400] {logging_mixin.py:154} INFO - [2025-06-15T00:02:20.158-0400] {dag.py:2941} INFO - Sync 1 DAGs
[2025-06-15T00:02:20.166-0400] {logging_mixin.py:154} INFO - [2025-06-15T00:02:20.165-0400] {dag.py:3722} INFO - Setting next_dagrun for latest_only to 2025-06-15T00:02:20.165862+00:00, run_after=2025-06-15T04:02:20.165862+00:00
[2025-06-15T00:02:20.174-0400] {processor.py:179} INFO - Processing /Users/rah/Desktop/creative_projects/rah_coding_repo/projects/fin_data_project_001/finance-data-project-1/.venv/lib/python3.10/site-packages/airflow/example_dags/example_latest_only.py took 0.127 seconds
[2025-06-15T00:07:11.980-0400] {processor.py:157} INFO - Started process (PID=57361) to work on /Users/rah/.pyenv/versions/3.10.11/lib/python3.10/site-packages/airflow/example_dags/example_latest_only.py
[2025-06-15T00:07:11.984-0400] {processor.py:829} INFO - Processing file /Users/rah/.pyenv/versions/3.10.11/lib/python3.10/site-packages/airflow/example_dags/example_latest_only.py for tasks to queue
[2025-06-15T00:07:11.984-0400] {logging_mixin.py:154} INFO - [2025-06-15T00:07:11.984-0400] {dagbag.py:536} INFO - Filling up the DagBag from /Users/rah/.pyenv/versions/3.10.11/lib/python3.10/site-packages/airflow/example_dags/example_latest_only.py
[2025-06-15T00:07:11.993-0400] {processor.py:839} INFO - DAG(s) dict_keys(['latest_only']) retrieved from /Users/rah/.pyenv/versions/3.10.11/lib/python3.10/site-packages/airflow/example_dags/example_latest_only.py
[2025-06-15T00:07:12.338-0400] {logging_mixin.py:154} INFO - [2025-06-15T00:07:12.338-0400] {dag.py:2941} INFO - Sync 1 DAGs
[2025-06-15T00:07:12.345-0400] {logging_mixin.py:154} INFO - [2025-06-15T00:07:12.345-0400] {dag.py:3722} INFO - Setting next_dagrun for latest_only to 2025-06-15T00:07:12.344969+00:00, run_after=2025-06-15T04:07:12.344969+00:00
[2025-06-15T00:07:12.353-0400] {processor.py:179} INFO - Processing /Users/rah/.pyenv/versions/3.10.11/lib/python3.10/site-packages/airflow/example_dags/example_latest_only.py took 0.373 seconds
[2025-06-15T00:09:04.756-0400] {processor.py:157} INFO - Started process (PID=59166) to work on /Users/rah/.pyenv/versions/3.10.11/lib/python3.10/site-packages/airflow/example_dags/example_latest_only.py
[2025-06-15T00:09:04.759-0400] {processor.py:829} INFO - Processing file /Users/rah/.pyenv/versions/3.10.11/lib/python3.10/site-packages/airflow/example_dags/example_latest_only.py for tasks to queue
[2025-06-15T00:09:04.759-0400] {logging_mixin.py:154} INFO - [2025-06-15T00:09:04.759-0400] {dagbag.py:536} INFO - Filling up the DagBag from /Users/rah/.pyenv/versions/3.10.11/lib/python3.10/site-packages/airflow/example_dags/example_latest_only.py
[2025-06-15T00:09:04.768-0400] {processor.py:839} INFO - DAG(s) dict_keys(['latest_only']) retrieved from /Users/rah/.pyenv/versions/3.10.11/lib/python3.10/site-packages/airflow/example_dags/example_latest_only.py
[2025-06-15T00:09:04.885-0400] {logging_mixin.py:154} INFO - [2025-06-15T00:09:04.885-0400] {dag.py:2941} INFO - Sync 1 DAGs
[2025-06-15T00:09:04.892-0400] {logging_mixin.py:154} INFO - [2025-06-15T00:09:04.892-0400] {dag.py:3722} INFO - Setting next_dagrun for latest_only to 2025-06-15T00:09:04.892171+00:00, run_after=2025-06-15T04:09:04.892171+00:00
[2025-06-15T00:09:04.899-0400] {processor.py:179} INFO - Processing /Users/rah/.pyenv/versions/3.10.11/lib/python3.10/site-packages/airflow/example_dags/example_latest_only.py took 0.144 seconds
[2025-06-15T00:10:45.400-0400] {processor.py:157} INFO - Started process (PID=60829) to work on /Users/rah/.pyenv/versions/3.10.11/lib/python3.10/site-packages/airflow/example_dags/example_latest_only.py
[2025-06-15T00:10:45.403-0400] {processor.py:829} INFO - Processing file /Users/rah/.pyenv/versions/3.10.11/lib/python3.10/site-packages/airflow/example_dags/example_latest_only.py for tasks to queue
[2025-06-15T00:10:45.403-0400] {logging_mixin.py:154} INFO - [2025-06-15T00:10:45.403-0400] {dagbag.py:536} INFO - Filling up the DagBag from /Users/rah/.pyenv/versions/3.10.11/lib/python3.10/site-packages/airflow/example_dags/example_latest_only.py
[2025-06-15T00:10:45.412-0400] {processor.py:839} INFO - DAG(s) dict_keys(['latest_only']) retrieved from /Users/rah/.pyenv/versions/3.10.11/lib/python3.10/site-packages/airflow/example_dags/example_latest_only.py
[2025-06-15T00:10:45.534-0400] {logging_mixin.py:154} INFO - [2025-06-15T00:10:45.533-0400] {dag.py:2941} INFO - Sync 1 DAGs
[2025-06-15T00:10:45.541-0400] {logging_mixin.py:154} INFO - [2025-06-15T00:10:45.541-0400] {dag.py:3722} INFO - Setting next_dagrun for latest_only to 2025-06-15T00:10:45.541590+00:00, run_after=2025-06-15T04:10:45.541590+00:00
[2025-06-15T00:10:45.549-0400] {processor.py:179} INFO - Processing /Users/rah/.pyenv/versions/3.10.11/lib/python3.10/site-packages/airflow/example_dags/example_latest_only.py took 0.150 seconds
[2025-06-15T00:12:27.115-0400] {processor.py:157} INFO - Started process (PID=62393) to work on /Users/rah/.pyenv/versions/3.10.11/lib/python3.10/site-packages/airflow/example_dags/example_latest_only.py
[2025-06-15T00:12:27.118-0400] {processor.py:829} INFO - Processing file /Users/rah/.pyenv/versions/3.10.11/lib/python3.10/site-packages/airflow/example_dags/example_latest_only.py for tasks to queue
[2025-06-15T00:12:27.118-0400] {logging_mixin.py:154} INFO - [2025-06-15T00:12:27.118-0400] {dagbag.py:536} INFO - Filling up the DagBag from /Users/rah/.pyenv/versions/3.10.11/lib/python3.10/site-packages/airflow/example_dags/example_latest_only.py
[2025-06-15T00:12:27.129-0400] {processor.py:839} INFO - DAG(s) dict_keys(['latest_only']) retrieved from /Users/rah/.pyenv/versions/3.10.11/lib/python3.10/site-packages/airflow/example_dags/example_latest_only.py
[2025-06-15T00:12:27.255-0400] {logging_mixin.py:154} INFO - [2025-06-15T00:12:27.255-0400] {dag.py:2941} INFO - Sync 1 DAGs
[2025-06-15T00:12:27.262-0400] {logging_mixin.py:154} INFO - [2025-06-15T00:12:27.262-0400] {dag.py:3722} INFO - Setting next_dagrun for latest_only to 2025-06-15T00:12:27.262384+00:00, run_after=2025-06-15T04:12:27.262384+00:00
[2025-06-15T00:12:27.270-0400] {processor.py:179} INFO - Processing /Users/rah/.pyenv/versions/3.10.11/lib/python3.10/site-packages/airflow/example_dags/example_latest_only.py took 0.155 seconds
[2025-06-15T00:14:09.979-0400] {processor.py:157} INFO - Started process (PID=63939) to work on /Users/rah/.pyenv/versions/3.10.11/lib/python3.10/site-packages/airflow/example_dags/example_latest_only.py
[2025-06-15T00:14:09.982-0400] {processor.py:829} INFO - Processing file /Users/rah/.pyenv/versions/3.10.11/lib/python3.10/site-packages/airflow/example_dags/example_latest_only.py for tasks to queue
[2025-06-15T00:14:09.983-0400] {logging_mixin.py:154} INFO - [2025-06-15T00:14:09.983-0400] {dagbag.py:536} INFO - Filling up the DagBag from /Users/rah/.pyenv/versions/3.10.11/lib/python3.10/site-packages/airflow/example_dags/example_latest_only.py
[2025-06-15T00:14:09.992-0400] {processor.py:839} INFO - DAG(s) dict_keys(['latest_only']) retrieved from /Users/rah/.pyenv/versions/3.10.11/lib/python3.10/site-packages/airflow/example_dags/example_latest_only.py
[2025-06-15T00:14:10.109-0400] {logging_mixin.py:154} INFO - [2025-06-15T00:14:10.109-0400] {dag.py:2941} INFO - Sync 1 DAGs
[2025-06-15T00:14:10.116-0400] {logging_mixin.py:154} INFO - [2025-06-15T00:14:10.116-0400] {dag.py:3722} INFO - Setting next_dagrun for latest_only to 2025-06-15T00:14:10.116293+00:00, run_after=2025-06-15T04:14:10.116293+00:00
[2025-06-15T00:14:10.123-0400] {processor.py:179} INFO - Processing /Users/rah/.pyenv/versions/3.10.11/lib/python3.10/site-packages/airflow/example_dags/example_latest_only.py took 0.145 seconds
[2025-06-15T00:15:51.641-0400] {processor.py:157} INFO - Started process (PID=66584) to work on /Users/rah/.pyenv/versions/3.10.11/lib/python3.10/site-packages/airflow/example_dags/example_latest_only.py
[2025-06-15T00:15:51.644-0400] {processor.py:829} INFO - Processing file /Users/rah/.pyenv/versions/3.10.11/lib/python3.10/site-packages/airflow/example_dags/example_latest_only.py for tasks to queue
[2025-06-15T00:15:51.644-0400] {logging_mixin.py:154} INFO - [2025-06-15T00:15:51.644-0400] {dagbag.py:536} INFO - Filling up the DagBag from /Users/rah/.pyenv/versions/3.10.11/lib/python3.10/site-packages/airflow/example_dags/example_latest_only.py
[2025-06-15T00:15:51.654-0400] {processor.py:839} INFO - DAG(s) dict_keys(['latest_only']) retrieved from /Users/rah/.pyenv/versions/3.10.11/lib/python3.10/site-packages/airflow/example_dags/example_latest_only.py
[2025-06-15T00:15:51.767-0400] {logging_mixin.py:154} INFO - [2025-06-15T00:15:51.767-0400] {dag.py:2941} INFO - Sync 1 DAGs
[2025-06-15T00:15:51.774-0400] {logging_mixin.py:154} INFO - [2025-06-15T00:15:51.774-0400] {dag.py:3722} INFO - Setting next_dagrun for latest_only to 2025-06-15T00:15:51.774574+00:00, run_after=2025-06-15T04:15:51.774574+00:00
[2025-06-15T00:15:51.782-0400] {processor.py:179} INFO - Processing /Users/rah/.pyenv/versions/3.10.11/lib/python3.10/site-packages/airflow/example_dags/example_latest_only.py took 0.142 seconds
