[2025-06-14T23:48:50.931-0400] {processor.py:157} INFO - Started process (PID=39913) to work on /Users/rah/.pyenv/versions/3.10.11/lib/python3.10/site-packages/airflow/example_dags/example_trigger_controller_dag.py
[2025-06-14T23:48:50.934-0400] {processor.py:829} INFO - Processing file /Users/rah/.pyenv/versions/3.10.11/lib/python3.10/site-packages/airflow/example_dags/example_trigger_controller_dag.py for tasks to queue
[2025-06-14T23:48:50.934-0400] {logging_mixin.py:154} INFO - [2025-06-14T23:48:50.934-0400] {dagbag.py:536} INFO - Filling up the DagBag from /Users/rah/.pyenv/versions/3.10.11/lib/python3.10/site-packages/airflow/example_dags/example_trigger_controller_dag.py
[2025-06-14T23:48:50.945-0400] {processor.py:839} INFO - DAG(s) dict_keys(['example_trigger_controller_dag']) retrieved from /Users/rah/.pyenv/versions/3.10.11/lib/python3.10/site-packages/airflow/example_dags/example_trigger_controller_dag.py
[2025-06-14T23:48:51.350-0400] {logging_mixin.py:154} INFO - [2025-06-14T23:48:51.350-0400] {manager.py:499} INFO - Created Permission View: %s
[2025-06-14T23:48:51.356-0400] {logging_mixin.py:154} INFO - [2025-06-14T23:48:51.356-0400] {manager.py:499} INFO - Created Permission View: %s
[2025-06-14T23:48:51.361-0400] {logging_mixin.py:154} INFO - [2025-06-14T23:48:51.361-0400] {manager.py:499} INFO - Created Permission View: %s
[2025-06-14T23:48:51.361-0400] {logging_mixin.py:154} INFO - [2025-06-14T23:48:51.361-0400] {dag.py:2941} INFO - Sync 1 DAGs
[2025-06-14T23:48:51.367-0400] {logging_mixin.py:154} INFO - [2025-06-14T23:48:51.367-0400] {dag.py:2963} INFO - Creating ORM DAG for example_trigger_controller_dag
[2025-06-14T23:48:51.371-0400] {logging_mixin.py:154} INFO - [2025-06-14T23:48:51.371-0400] {dag.py:3722} INFO - Setting next_dagrun for example_trigger_controller_dag to 2021-01-01T00:00:00+00:00, run_after=2021-01-01T00:00:00+00:00
[2025-06-14T23:48:51.380-0400] {processor.py:179} INFO - Processing /Users/rah/.pyenv/versions/3.10.11/lib/python3.10/site-packages/airflow/example_dags/example_trigger_controller_dag.py took 0.450 seconds
[2025-06-14T23:50:23.619-0400] {processor.py:157} INFO - Started process (PID=41012) to work on /Users/rah/.pyenv/versions/3.10.11/lib/python3.10/site-packages/airflow/example_dags/example_trigger_controller_dag.py
[2025-06-14T23:50:23.622-0400] {processor.py:829} INFO - Processing file /Users/rah/.pyenv/versions/3.10.11/lib/python3.10/site-packages/airflow/example_dags/example_trigger_controller_dag.py for tasks to queue
[2025-06-14T23:50:23.623-0400] {logging_mixin.py:154} INFO - [2025-06-14T23:50:23.623-0400] {dagbag.py:536} INFO - Filling up the DagBag from /Users/rah/.pyenv/versions/3.10.11/lib/python3.10/site-packages/airflow/example_dags/example_trigger_controller_dag.py
[2025-06-14T23:50:23.632-0400] {processor.py:839} INFO - DAG(s) dict_keys(['example_trigger_controller_dag']) retrieved from /Users/rah/.pyenv/versions/3.10.11/lib/python3.10/site-packages/airflow/example_dags/example_trigger_controller_dag.py
[2025-06-14T23:50:23.742-0400] {logging_mixin.py:154} INFO - [2025-06-14T23:50:23.742-0400] {dag.py:2941} INFO - Sync 1 DAGs
[2025-06-14T23:50:23.750-0400] {logging_mixin.py:154} INFO - [2025-06-14T23:50:23.750-0400] {dag.py:3722} INFO - Setting next_dagrun for example_trigger_controller_dag to 2021-01-01T00:00:00+00:00, run_after=2021-01-01T00:00:00+00:00
[2025-06-14T23:50:23.757-0400] {processor.py:179} INFO - Processing /Users/rah/.pyenv/versions/3.10.11/lib/python3.10/site-packages/airflow/example_dags/example_trigger_controller_dag.py took 0.139 seconds
[2025-06-14T23:55:09.850-0400] {processor.py:157} INFO - Started process (PID=45642) to work on /Users/rah/Desktop/creative_projects/rah_coding_repo/projects/fin_data_project_001/finance-data-project-1/.venv/lib/python3.10/site-packages/airflow/example_dags/example_trigger_controller_dag.py
[2025-06-14T23:55:09.853-0400] {processor.py:829} INFO - Processing file /Users/rah/Desktop/creative_projects/rah_coding_repo/projects/fin_data_project_001/finance-data-project-1/.venv/lib/python3.10/site-packages/airflow/example_dags/example_trigger_controller_dag.py for tasks to queue
[2025-06-14T23:55:09.853-0400] {logging_mixin.py:154} INFO - [2025-06-14T23:55:09.853-0400] {dagbag.py:536} INFO - Filling up the DagBag from /Users/rah/Desktop/creative_projects/rah_coding_repo/projects/fin_data_project_001/finance-data-project-1/.venv/lib/python3.10/site-packages/airflow/example_dags/example_trigger_controller_dag.py
[2025-06-14T23:55:09.863-0400] {processor.py:839} INFO - DAG(s) dict_keys(['example_trigger_controller_dag']) retrieved from /Users/rah/Desktop/creative_projects/rah_coding_repo/projects/fin_data_project_001/finance-data-project-1/.venv/lib/python3.10/site-packages/airflow/example_dags/example_trigger_controller_dag.py
[2025-06-14T23:55:09.960-0400] {logging_mixin.py:154} INFO - [2025-06-14T23:55:09.960-0400] {dag.py:2941} INFO - Sync 1 DAGs
[2025-06-14T23:55:09.966-0400] {logging_mixin.py:154} INFO - [2025-06-14T23:55:09.966-0400] {dag.py:3722} INFO - Setting next_dagrun for example_trigger_controller_dag to 2021-01-01T00:00:00+00:00, run_after=2021-01-01T00:00:00+00:00
[2025-06-14T23:55:09.974-0400] {processor.py:179} INFO - Processing /Users/rah/Desktop/creative_projects/rah_coding_repo/projects/fin_data_project_001/finance-data-project-1/.venv/lib/python3.10/site-packages/airflow/example_dags/example_trigger_controller_dag.py took 0.125 seconds
[2025-06-14T23:56:14.136-0400] {processor.py:157} INFO - Started process (PID=46956) to work on /Users/rah/Desktop/creative_projects/rah_coding_repo/projects/fin_data_project_001/finance-data-project-1/.venv/lib/python3.10/site-packages/airflow/example_dags/example_trigger_controller_dag.py
[2025-06-14T23:56:14.139-0400] {processor.py:829} INFO - Processing file /Users/rah/Desktop/creative_projects/rah_coding_repo/projects/fin_data_project_001/finance-data-project-1/.venv/lib/python3.10/site-packages/airflow/example_dags/example_trigger_controller_dag.py for tasks to queue
[2025-06-14T23:56:14.139-0400] {logging_mixin.py:154} INFO - [2025-06-14T23:56:14.139-0400] {dagbag.py:536} INFO - Filling up the DagBag from /Users/rah/Desktop/creative_projects/rah_coding_repo/projects/fin_data_project_001/finance-data-project-1/.venv/lib/python3.10/site-packages/airflow/example_dags/example_trigger_controller_dag.py
[2025-06-14T23:56:14.150-0400] {processor.py:839} INFO - DAG(s) dict_keys(['example_trigger_controller_dag']) retrieved from /Users/rah/Desktop/creative_projects/rah_coding_repo/projects/fin_data_project_001/finance-data-project-1/.venv/lib/python3.10/site-packages/airflow/example_dags/example_trigger_controller_dag.py
[2025-06-14T23:56:14.249-0400] {logging_mixin.py:154} INFO - [2025-06-14T23:56:14.249-0400] {dag.py:2941} INFO - Sync 1 DAGs
[2025-06-14T23:56:14.256-0400] {logging_mixin.py:154} INFO - [2025-06-14T23:56:14.256-0400] {dag.py:3722} INFO - Setting next_dagrun for example_trigger_controller_dag to 2021-01-01T00:00:00+00:00, run_after=2021-01-01T00:00:00+00:00
[2025-06-14T23:56:14.265-0400] {processor.py:179} INFO - Processing /Users/rah/Desktop/creative_projects/rah_coding_repo/projects/fin_data_project_001/finance-data-project-1/.venv/lib/python3.10/site-packages/airflow/example_dags/example_trigger_controller_dag.py took 0.129 seconds
[2025-06-14T23:56:31.893-0400] {processor.py:157} INFO - Started process (PID=47370) to work on /Users/rah/Desktop/creative_projects/rah_coding_repo/projects/fin_data_project_001/finance-data-project-1/.venv/lib/python3.10/site-packages/airflow/example_dags/example_trigger_controller_dag.py
[2025-06-14T23:56:31.896-0400] {processor.py:829} INFO - Processing file /Users/rah/Desktop/creative_projects/rah_coding_repo/projects/fin_data_project_001/finance-data-project-1/.venv/lib/python3.10/site-packages/airflow/example_dags/example_trigger_controller_dag.py for tasks to queue
[2025-06-14T23:56:31.896-0400] {logging_mixin.py:154} INFO - [2025-06-14T23:56:31.896-0400] {dagbag.py:536} INFO - Filling up the DagBag from /Users/rah/Desktop/creative_projects/rah_coding_repo/projects/fin_data_project_001/finance-data-project-1/.venv/lib/python3.10/site-packages/airflow/example_dags/example_trigger_controller_dag.py
[2025-06-14T23:56:31.907-0400] {processor.py:839} INFO - DAG(s) dict_keys(['example_trigger_controller_dag']) retrieved from /Users/rah/Desktop/creative_projects/rah_coding_repo/projects/fin_data_project_001/finance-data-project-1/.venv/lib/python3.10/site-packages/airflow/example_dags/example_trigger_controller_dag.py
[2025-06-14T23:56:32.007-0400] {logging_mixin.py:154} INFO - [2025-06-14T23:56:32.007-0400] {dag.py:2941} INFO - Sync 1 DAGs
[2025-06-14T23:56:32.014-0400] {logging_mixin.py:154} INFO - [2025-06-14T23:56:32.014-0400] {dag.py:3722} INFO - Setting next_dagrun for example_trigger_controller_dag to 2021-01-01T00:00:00+00:00, run_after=2021-01-01T00:00:00+00:00
[2025-06-14T23:56:32.022-0400] {processor.py:179} INFO - Processing /Users/rah/Desktop/creative_projects/rah_coding_repo/projects/fin_data_project_001/finance-data-project-1/.venv/lib/python3.10/site-packages/airflow/example_dags/example_trigger_controller_dag.py took 0.129 seconds
[2025-06-14T23:57:05.475-0400] {processor.py:157} INFO - Started process (PID=48215) to work on /Users/rah/Desktop/creative_projects/rah_coding_repo/projects/fin_data_project_001/finance-data-project-1/.venv/lib/python3.10/site-packages/airflow/example_dags/example_trigger_controller_dag.py
[2025-06-14T23:57:05.478-0400] {processor.py:829} INFO - Processing file /Users/rah/Desktop/creative_projects/rah_coding_repo/projects/fin_data_project_001/finance-data-project-1/.venv/lib/python3.10/site-packages/airflow/example_dags/example_trigger_controller_dag.py for tasks to queue
[2025-06-14T23:57:05.478-0400] {logging_mixin.py:154} INFO - [2025-06-14T23:57:05.478-0400] {dagbag.py:536} INFO - Filling up the DagBag from /Users/rah/Desktop/creative_projects/rah_coding_repo/projects/fin_data_project_001/finance-data-project-1/.venv/lib/python3.10/site-packages/airflow/example_dags/example_trigger_controller_dag.py
[2025-06-14T23:57:05.489-0400] {processor.py:839} INFO - DAG(s) dict_keys(['example_trigger_controller_dag']) retrieved from /Users/rah/Desktop/creative_projects/rah_coding_repo/projects/fin_data_project_001/finance-data-project-1/.venv/lib/python3.10/site-packages/airflow/example_dags/example_trigger_controller_dag.py
[2025-06-14T23:57:05.588-0400] {logging_mixin.py:154} INFO - [2025-06-14T23:57:05.588-0400] {dag.py:2941} INFO - Sync 1 DAGs
[2025-06-14T23:57:05.596-0400] {logging_mixin.py:154} INFO - [2025-06-14T23:57:05.596-0400] {dag.py:3722} INFO - Setting next_dagrun for example_trigger_controller_dag to 2021-01-01T00:00:00+00:00, run_after=2021-01-01T00:00:00+00:00
[2025-06-14T23:57:05.604-0400] {processor.py:179} INFO - Processing /Users/rah/Desktop/creative_projects/rah_coding_repo/projects/fin_data_project_001/finance-data-project-1/.venv/lib/python3.10/site-packages/airflow/example_dags/example_trigger_controller_dag.py took 0.130 seconds
[2025-06-14T23:57:33.846-0400] {processor.py:157} INFO - Started process (PID=48644) to work on /Users/rah/Desktop/creative_projects/rah_coding_repo/projects/fin_data_project_001/finance-data-project-1/.venv/lib/python3.10/site-packages/airflow/example_dags/example_trigger_controller_dag.py
[2025-06-14T23:57:33.849-0400] {processor.py:829} INFO - Processing file /Users/rah/Desktop/creative_projects/rah_coding_repo/projects/fin_data_project_001/finance-data-project-1/.venv/lib/python3.10/site-packages/airflow/example_dags/example_trigger_controller_dag.py for tasks to queue
[2025-06-14T23:57:33.850-0400] {logging_mixin.py:154} INFO - [2025-06-14T23:57:33.849-0400] {dagbag.py:536} INFO - Filling up the DagBag from /Users/rah/Desktop/creative_projects/rah_coding_repo/projects/fin_data_project_001/finance-data-project-1/.venv/lib/python3.10/site-packages/airflow/example_dags/example_trigger_controller_dag.py
[2025-06-14T23:57:33.860-0400] {processor.py:839} INFO - DAG(s) dict_keys(['example_trigger_controller_dag']) retrieved from /Users/rah/Desktop/creative_projects/rah_coding_repo/projects/fin_data_project_001/finance-data-project-1/.venv/lib/python3.10/site-packages/airflow/example_dags/example_trigger_controller_dag.py
[2025-06-14T23:57:33.959-0400] {logging_mixin.py:154} INFO - [2025-06-14T23:57:33.959-0400] {dag.py:2941} INFO - Sync 1 DAGs
[2025-06-14T23:57:33.966-0400] {logging_mixin.py:154} INFO - [2025-06-14T23:57:33.966-0400] {dag.py:3722} INFO - Setting next_dagrun for example_trigger_controller_dag to 2021-01-01T00:00:00+00:00, run_after=2021-01-01T00:00:00+00:00
[2025-06-14T23:57:33.974-0400] {processor.py:179} INFO - Processing /Users/rah/Desktop/creative_projects/rah_coding_repo/projects/fin_data_project_001/finance-data-project-1/.venv/lib/python3.10/site-packages/airflow/example_dags/example_trigger_controller_dag.py took 0.129 seconds
[2025-06-14T23:58:05.868-0400] {processor.py:157} INFO - Started process (PID=49081) to work on /Users/rah/Desktop/creative_projects/rah_coding_repo/projects/fin_data_project_001/finance-data-project-1/.venv/lib/python3.10/site-packages/airflow/example_dags/example_trigger_controller_dag.py
[2025-06-14T23:58:05.871-0400] {processor.py:829} INFO - Processing file /Users/rah/Desktop/creative_projects/rah_coding_repo/projects/fin_data_project_001/finance-data-project-1/.venv/lib/python3.10/site-packages/airflow/example_dags/example_trigger_controller_dag.py for tasks to queue
[2025-06-14T23:58:05.871-0400] {logging_mixin.py:154} INFO - [2025-06-14T23:58:05.871-0400] {dagbag.py:536} INFO - Filling up the DagBag from /Users/rah/Desktop/creative_projects/rah_coding_repo/projects/fin_data_project_001/finance-data-project-1/.venv/lib/python3.10/site-packages/airflow/example_dags/example_trigger_controller_dag.py
[2025-06-14T23:58:05.882-0400] {processor.py:839} INFO - DAG(s) dict_keys(['example_trigger_controller_dag']) retrieved from /Users/rah/Desktop/creative_projects/rah_coding_repo/projects/fin_data_project_001/finance-data-project-1/.venv/lib/python3.10/site-packages/airflow/example_dags/example_trigger_controller_dag.py
[2025-06-14T23:58:05.980-0400] {logging_mixin.py:154} INFO - [2025-06-14T23:58:05.980-0400] {dag.py:2941} INFO - Sync 1 DAGs
[2025-06-14T23:58:05.987-0400] {logging_mixin.py:154} INFO - [2025-06-14T23:58:05.987-0400] {dag.py:3722} INFO - Setting next_dagrun for example_trigger_controller_dag to 2021-01-01T00:00:00+00:00, run_after=2021-01-01T00:00:00+00:00
[2025-06-14T23:58:05.995-0400] {processor.py:179} INFO - Processing /Users/rah/Desktop/creative_projects/rah_coding_repo/projects/fin_data_project_001/finance-data-project-1/.venv/lib/python3.10/site-packages/airflow/example_dags/example_trigger_controller_dag.py took 0.128 seconds
[2025-06-14T23:58:23.599-0400] {processor.py:157} INFO - Started process (PID=49358) to work on /Users/rah/Desktop/creative_projects/rah_coding_repo/projects/fin_data_project_001/finance-data-project-1/.venv/lib/python3.10/site-packages/airflow/example_dags/example_trigger_controller_dag.py
[2025-06-14T23:58:23.601-0400] {processor.py:829} INFO - Processing file /Users/rah/Desktop/creative_projects/rah_coding_repo/projects/fin_data_project_001/finance-data-project-1/.venv/lib/python3.10/site-packages/airflow/example_dags/example_trigger_controller_dag.py for tasks to queue
[2025-06-14T23:58:23.602-0400] {logging_mixin.py:154} INFO - [2025-06-14T23:58:23.601-0400] {dagbag.py:536} INFO - Filling up the DagBag from /Users/rah/Desktop/creative_projects/rah_coding_repo/projects/fin_data_project_001/finance-data-project-1/.venv/lib/python3.10/site-packages/airflow/example_dags/example_trigger_controller_dag.py
[2025-06-14T23:58:23.612-0400] {processor.py:839} INFO - DAG(s) dict_keys(['example_trigger_controller_dag']) retrieved from /Users/rah/Desktop/creative_projects/rah_coding_repo/projects/fin_data_project_001/finance-data-project-1/.venv/lib/python3.10/site-packages/airflow/example_dags/example_trigger_controller_dag.py
[2025-06-14T23:58:23.712-0400] {logging_mixin.py:154} INFO - [2025-06-14T23:58:23.711-0400] {dag.py:2941} INFO - Sync 1 DAGs
[2025-06-14T23:58:23.719-0400] {logging_mixin.py:154} INFO - [2025-06-14T23:58:23.719-0400] {dag.py:3722} INFO - Setting next_dagrun for example_trigger_controller_dag to 2021-01-01T00:00:00+00:00, run_after=2021-01-01T00:00:00+00:00
[2025-06-14T23:58:23.728-0400] {processor.py:179} INFO - Processing /Users/rah/Desktop/creative_projects/rah_coding_repo/projects/fin_data_project_001/finance-data-project-1/.venv/lib/python3.10/site-packages/airflow/example_dags/example_trigger_controller_dag.py took 0.130 seconds
[2025-06-14T23:58:56.796-0400] {processor.py:157} INFO - Started process (PID=50223) to work on /Users/rah/Desktop/creative_projects/rah_coding_repo/projects/fin_data_project_001/finance-data-project-1/.venv/lib/python3.10/site-packages/airflow/example_dags/example_trigger_controller_dag.py
[2025-06-14T23:58:56.799-0400] {processor.py:829} INFO - Processing file /Users/rah/Desktop/creative_projects/rah_coding_repo/projects/fin_data_project_001/finance-data-project-1/.venv/lib/python3.10/site-packages/airflow/example_dags/example_trigger_controller_dag.py for tasks to queue
[2025-06-14T23:58:56.799-0400] {logging_mixin.py:154} INFO - [2025-06-14T23:58:56.799-0400] {dagbag.py:536} INFO - Filling up the DagBag from /Users/rah/Desktop/creative_projects/rah_coding_repo/projects/fin_data_project_001/finance-data-project-1/.venv/lib/python3.10/site-packages/airflow/example_dags/example_trigger_controller_dag.py
[2025-06-14T23:58:56.810-0400] {processor.py:839} INFO - DAG(s) dict_keys(['example_trigger_controller_dag']) retrieved from /Users/rah/Desktop/creative_projects/rah_coding_repo/projects/fin_data_project_001/finance-data-project-1/.venv/lib/python3.10/site-packages/airflow/example_dags/example_trigger_controller_dag.py
[2025-06-14T23:58:56.911-0400] {logging_mixin.py:154} INFO - [2025-06-14T23:58:56.910-0400] {dag.py:2941} INFO - Sync 1 DAGs
[2025-06-14T23:58:56.918-0400] {logging_mixin.py:154} INFO - [2025-06-14T23:58:56.918-0400] {dag.py:3722} INFO - Setting next_dagrun for example_trigger_controller_dag to 2021-01-01T00:00:00+00:00, run_after=2021-01-01T00:00:00+00:00
[2025-06-14T23:58:56.927-0400] {processor.py:179} INFO - Processing /Users/rah/Desktop/creative_projects/rah_coding_repo/projects/fin_data_project_001/finance-data-project-1/.venv/lib/python3.10/site-packages/airflow/example_dags/example_trigger_controller_dag.py took 0.131 seconds
[2025-06-14T23:59:08.563-0400] {processor.py:157} INFO - Started process (PID=50392) to work on /Users/rah/Desktop/creative_projects/rah_coding_repo/projects/fin_data_project_001/finance-data-project-1/.venv/lib/python3.10/site-packages/airflow/example_dags/example_trigger_controller_dag.py
[2025-06-14T23:59:08.565-0400] {processor.py:829} INFO - Processing file /Users/rah/Desktop/creative_projects/rah_coding_repo/projects/fin_data_project_001/finance-data-project-1/.venv/lib/python3.10/site-packages/airflow/example_dags/example_trigger_controller_dag.py for tasks to queue
[2025-06-14T23:59:08.565-0400] {logging_mixin.py:154} INFO - [2025-06-14T23:59:08.565-0400] {dagbag.py:536} INFO - Filling up the DagBag from /Users/rah/Desktop/creative_projects/rah_coding_repo/projects/fin_data_project_001/finance-data-project-1/.venv/lib/python3.10/site-packages/airflow/example_dags/example_trigger_controller_dag.py
[2025-06-14T23:59:08.575-0400] {processor.py:839} INFO - DAG(s) dict_keys(['example_trigger_controller_dag']) retrieved from /Users/rah/Desktop/creative_projects/rah_coding_repo/projects/fin_data_project_001/finance-data-project-1/.venv/lib/python3.10/site-packages/airflow/example_dags/example_trigger_controller_dag.py
[2025-06-14T23:59:08.673-0400] {logging_mixin.py:154} INFO - [2025-06-14T23:59:08.673-0400] {dag.py:2941} INFO - Sync 1 DAGs
[2025-06-14T23:59:08.679-0400] {logging_mixin.py:154} INFO - [2025-06-14T23:59:08.679-0400] {dag.py:3722} INFO - Setting next_dagrun for example_trigger_controller_dag to 2021-01-01T00:00:00+00:00, run_after=2021-01-01T00:00:00+00:00
[2025-06-14T23:59:08.687-0400] {processor.py:179} INFO - Processing /Users/rah/Desktop/creative_projects/rah_coding_repo/projects/fin_data_project_001/finance-data-project-1/.venv/lib/python3.10/site-packages/airflow/example_dags/example_trigger_controller_dag.py took 0.125 seconds
[2025-06-14T23:59:11.275-0400] {processor.py:157} INFO - Started process (PID=50403) to work on /Users/rah/Desktop/creative_projects/rah_coding_repo/projects/fin_data_project_001/finance-data-project-1/.venv/lib/python3.10/site-packages/airflow/example_dags/example_trigger_controller_dag.py
[2025-06-14T23:59:11.277-0400] {processor.py:829} INFO - Processing file /Users/rah/Desktop/creative_projects/rah_coding_repo/projects/fin_data_project_001/finance-data-project-1/.venv/lib/python3.10/site-packages/airflow/example_dags/example_trigger_controller_dag.py for tasks to queue
[2025-06-14T23:59:11.278-0400] {logging_mixin.py:154} INFO - [2025-06-14T23:59:11.278-0400] {dagbag.py:536} INFO - Filling up the DagBag from /Users/rah/Desktop/creative_projects/rah_coding_repo/projects/fin_data_project_001/finance-data-project-1/.venv/lib/python3.10/site-packages/airflow/example_dags/example_trigger_controller_dag.py
[2025-06-14T23:59:11.288-0400] {processor.py:839} INFO - DAG(s) dict_keys(['example_trigger_controller_dag']) retrieved from /Users/rah/Desktop/creative_projects/rah_coding_repo/projects/fin_data_project_001/finance-data-project-1/.venv/lib/python3.10/site-packages/airflow/example_dags/example_trigger_controller_dag.py
[2025-06-14T23:59:11.387-0400] {logging_mixin.py:154} INFO - [2025-06-14T23:59:11.387-0400] {dag.py:2941} INFO - Sync 1 DAGs
[2025-06-14T23:59:11.394-0400] {logging_mixin.py:154} INFO - [2025-06-14T23:59:11.394-0400] {dag.py:3722} INFO - Setting next_dagrun for example_trigger_controller_dag to 2021-01-01T00:00:00+00:00, run_after=2021-01-01T00:00:00+00:00
[2025-06-14T23:59:11.402-0400] {processor.py:179} INFO - Processing /Users/rah/Desktop/creative_projects/rah_coding_repo/projects/fin_data_project_001/finance-data-project-1/.venv/lib/python3.10/site-packages/airflow/example_dags/example_trigger_controller_dag.py took 0.127 seconds
[2025-06-14T23:59:49.228-0400] {processor.py:157} INFO - Started process (PID=51026) to work on /Users/rah/Desktop/creative_projects/rah_coding_repo/projects/fin_data_project_001/finance-data-project-1/.venv/lib/python3.10/site-packages/airflow/example_dags/example_trigger_controller_dag.py
[2025-06-14T23:59:49.230-0400] {processor.py:829} INFO - Processing file /Users/rah/Desktop/creative_projects/rah_coding_repo/projects/fin_data_project_001/finance-data-project-1/.venv/lib/python3.10/site-packages/airflow/example_dags/example_trigger_controller_dag.py for tasks to queue
[2025-06-14T23:59:49.231-0400] {logging_mixin.py:154} INFO - [2025-06-14T23:59:49.231-0400] {dagbag.py:536} INFO - Filling up the DagBag from /Users/rah/Desktop/creative_projects/rah_coding_repo/projects/fin_data_project_001/finance-data-project-1/.venv/lib/python3.10/site-packages/airflow/example_dags/example_trigger_controller_dag.py
[2025-06-14T23:59:49.241-0400] {processor.py:839} INFO - DAG(s) dict_keys(['example_trigger_controller_dag']) retrieved from /Users/rah/Desktop/creative_projects/rah_coding_repo/projects/fin_data_project_001/finance-data-project-1/.venv/lib/python3.10/site-packages/airflow/example_dags/example_trigger_controller_dag.py
[2025-06-14T23:59:49.339-0400] {logging_mixin.py:154} INFO - [2025-06-14T23:59:49.339-0400] {dag.py:2941} INFO - Sync 1 DAGs
[2025-06-14T23:59:49.346-0400] {logging_mixin.py:154} INFO - [2025-06-14T23:59:49.346-0400] {dag.py:3722} INFO - Setting next_dagrun for example_trigger_controller_dag to 2021-01-01T00:00:00+00:00, run_after=2021-01-01T00:00:00+00:00
[2025-06-14T23:59:49.359-0400] {processor.py:179} INFO - Processing /Users/rah/Desktop/creative_projects/rah_coding_repo/projects/fin_data_project_001/finance-data-project-1/.venv/lib/python3.10/site-packages/airflow/example_dags/example_trigger_controller_dag.py took 0.132 seconds
[2025-06-15T00:00:04.106-0400] {processor.py:157} INFO - Started process (PID=51226) to work on /Users/rah/Desktop/creative_projects/rah_coding_repo/projects/fin_data_project_001/finance-data-project-1/.venv/lib/python3.10/site-packages/airflow/example_dags/example_trigger_controller_dag.py
[2025-06-15T00:00:04.109-0400] {processor.py:829} INFO - Processing file /Users/rah/Desktop/creative_projects/rah_coding_repo/projects/fin_data_project_001/finance-data-project-1/.venv/lib/python3.10/site-packages/airflow/example_dags/example_trigger_controller_dag.py for tasks to queue
[2025-06-15T00:00:04.110-0400] {logging_mixin.py:154} INFO - [2025-06-15T00:00:04.110-0400] {dagbag.py:536} INFO - Filling up the DagBag from /Users/rah/Desktop/creative_projects/rah_coding_repo/projects/fin_data_project_001/finance-data-project-1/.venv/lib/python3.10/site-packages/airflow/example_dags/example_trigger_controller_dag.py
[2025-06-15T00:00:04.121-0400] {processor.py:839} INFO - DAG(s) dict_keys(['example_trigger_controller_dag']) retrieved from /Users/rah/Desktop/creative_projects/rah_coding_repo/projects/fin_data_project_001/finance-data-project-1/.venv/lib/python3.10/site-packages/airflow/example_dags/example_trigger_controller_dag.py
[2025-06-15T00:00:04.219-0400] {logging_mixin.py:154} INFO - [2025-06-15T00:00:04.218-0400] {dag.py:2941} INFO - Sync 1 DAGs
[2025-06-15T00:00:04.226-0400] {logging_mixin.py:154} INFO - [2025-06-15T00:00:04.226-0400] {dag.py:3722} INFO - Setting next_dagrun for example_trigger_controller_dag to 2021-01-01T00:00:00+00:00, run_after=2021-01-01T00:00:00+00:00
[2025-06-15T00:00:04.234-0400] {processor.py:179} INFO - Processing /Users/rah/Desktop/creative_projects/rah_coding_repo/projects/fin_data_project_001/finance-data-project-1/.venv/lib/python3.10/site-packages/airflow/example_dags/example_trigger_controller_dag.py took 0.129 seconds
[2025-06-15T00:00:35.707-0400] {processor.py:157} INFO - Started process (PID=51700) to work on /Users/rah/Desktop/creative_projects/rah_coding_repo/projects/fin_data_project_001/finance-data-project-1/.venv/lib/python3.10/site-packages/airflow/example_dags/example_trigger_controller_dag.py
[2025-06-15T00:00:35.709-0400] {processor.py:829} INFO - Processing file /Users/rah/Desktop/creative_projects/rah_coding_repo/projects/fin_data_project_001/finance-data-project-1/.venv/lib/python3.10/site-packages/airflow/example_dags/example_trigger_controller_dag.py for tasks to queue
[2025-06-15T00:00:35.709-0400] {logging_mixin.py:154} INFO - [2025-06-15T00:00:35.709-0400] {dagbag.py:536} INFO - Filling up the DagBag from /Users/rah/Desktop/creative_projects/rah_coding_repo/projects/fin_data_project_001/finance-data-project-1/.venv/lib/python3.10/site-packages/airflow/example_dags/example_trigger_controller_dag.py
[2025-06-15T00:00:35.719-0400] {processor.py:839} INFO - DAG(s) dict_keys(['example_trigger_controller_dag']) retrieved from /Users/rah/Desktop/creative_projects/rah_coding_repo/projects/fin_data_project_001/finance-data-project-1/.venv/lib/python3.10/site-packages/airflow/example_dags/example_trigger_controller_dag.py
[2025-06-15T00:00:35.811-0400] {logging_mixin.py:154} INFO - [2025-06-15T00:00:35.811-0400] {dag.py:2941} INFO - Sync 1 DAGs
[2025-06-15T00:00:35.818-0400] {logging_mixin.py:154} INFO - [2025-06-15T00:00:35.818-0400] {dag.py:3722} INFO - Setting next_dagrun for example_trigger_controller_dag to 2021-01-01T00:00:00+00:00, run_after=2021-01-01T00:00:00+00:00
[2025-06-15T00:00:35.826-0400] {processor.py:179} INFO - Processing /Users/rah/Desktop/creative_projects/rah_coding_repo/projects/fin_data_project_001/finance-data-project-1/.venv/lib/python3.10/site-packages/airflow/example_dags/example_trigger_controller_dag.py took 0.120 seconds
[2025-06-15T00:00:39.420-0400] {processor.py:157} INFO - Started process (PID=51823) to work on /Users/rah/Desktop/creative_projects/rah_coding_repo/projects/fin_data_project_001/finance-data-project-1/.venv/lib/python3.10/site-packages/airflow/example_dags/example_trigger_controller_dag.py
[2025-06-15T00:00:39.423-0400] {processor.py:829} INFO - Processing file /Users/rah/Desktop/creative_projects/rah_coding_repo/projects/fin_data_project_001/finance-data-project-1/.venv/lib/python3.10/site-packages/airflow/example_dags/example_trigger_controller_dag.py for tasks to queue
[2025-06-15T00:00:39.423-0400] {logging_mixin.py:154} INFO - [2025-06-15T00:00:39.423-0400] {dagbag.py:536} INFO - Filling up the DagBag from /Users/rah/Desktop/creative_projects/rah_coding_repo/projects/fin_data_project_001/finance-data-project-1/.venv/lib/python3.10/site-packages/airflow/example_dags/example_trigger_controller_dag.py
[2025-06-15T00:00:39.434-0400] {processor.py:839} INFO - DAG(s) dict_keys(['example_trigger_controller_dag']) retrieved from /Users/rah/Desktop/creative_projects/rah_coding_repo/projects/fin_data_project_001/finance-data-project-1/.venv/lib/python3.10/site-packages/airflow/example_dags/example_trigger_controller_dag.py
[2025-06-15T00:00:39.529-0400] {logging_mixin.py:154} INFO - [2025-06-15T00:00:39.529-0400] {dag.py:2941} INFO - Sync 1 DAGs
[2025-06-15T00:00:39.535-0400] {logging_mixin.py:154} INFO - [2025-06-15T00:00:39.535-0400] {dag.py:3722} INFO - Setting next_dagrun for example_trigger_controller_dag to 2021-01-01T00:00:00+00:00, run_after=2021-01-01T00:00:00+00:00
[2025-06-15T00:00:39.543-0400] {processor.py:179} INFO - Processing /Users/rah/Desktop/creative_projects/rah_coding_repo/projects/fin_data_project_001/finance-data-project-1/.venv/lib/python3.10/site-packages/airflow/example_dags/example_trigger_controller_dag.py took 0.123 seconds
[2025-06-15T00:00:41.841-0400] {processor.py:157} INFO - Started process (PID=51835) to work on /Users/rah/Desktop/creative_projects/rah_coding_repo/projects/fin_data_project_001/finance-data-project-1/.venv/lib/python3.10/site-packages/airflow/example_dags/example_trigger_controller_dag.py
[2025-06-15T00:00:41.843-0400] {processor.py:829} INFO - Processing file /Users/rah/Desktop/creative_projects/rah_coding_repo/projects/fin_data_project_001/finance-data-project-1/.venv/lib/python3.10/site-packages/airflow/example_dags/example_trigger_controller_dag.py for tasks to queue
[2025-06-15T00:00:41.843-0400] {logging_mixin.py:154} INFO - [2025-06-15T00:00:41.843-0400] {dagbag.py:536} INFO - Filling up the DagBag from /Users/rah/Desktop/creative_projects/rah_coding_repo/projects/fin_data_project_001/finance-data-project-1/.venv/lib/python3.10/site-packages/airflow/example_dags/example_trigger_controller_dag.py
[2025-06-15T00:00:41.854-0400] {processor.py:839} INFO - DAG(s) dict_keys(['example_trigger_controller_dag']) retrieved from /Users/rah/Desktop/creative_projects/rah_coding_repo/projects/fin_data_project_001/finance-data-project-1/.venv/lib/python3.10/site-packages/airflow/example_dags/example_trigger_controller_dag.py
[2025-06-15T00:00:41.953-0400] {logging_mixin.py:154} INFO - [2025-06-15T00:00:41.953-0400] {dag.py:2941} INFO - Sync 1 DAGs
[2025-06-15T00:00:41.960-0400] {logging_mixin.py:154} INFO - [2025-06-15T00:00:41.960-0400] {dag.py:3722} INFO - Setting next_dagrun for example_trigger_controller_dag to 2021-01-01T00:00:00+00:00, run_after=2021-01-01T00:00:00+00:00
[2025-06-15T00:00:41.968-0400] {processor.py:179} INFO - Processing /Users/rah/Desktop/creative_projects/rah_coding_repo/projects/fin_data_project_001/finance-data-project-1/.venv/lib/python3.10/site-packages/airflow/example_dags/example_trigger_controller_dag.py took 0.129 seconds
[2025-06-15T00:00:56.811-0400] {processor.py:157} INFO - Started process (PID=52016) to work on /Users/rah/Desktop/creative_projects/rah_coding_repo/projects/fin_data_project_001/finance-data-project-1/.venv/lib/python3.10/site-packages/airflow/example_dags/example_trigger_controller_dag.py
[2025-06-15T00:00:56.813-0400] {processor.py:829} INFO - Processing file /Users/rah/Desktop/creative_projects/rah_coding_repo/projects/fin_data_project_001/finance-data-project-1/.venv/lib/python3.10/site-packages/airflow/example_dags/example_trigger_controller_dag.py for tasks to queue
[2025-06-15T00:00:56.813-0400] {logging_mixin.py:154} INFO - [2025-06-15T00:00:56.813-0400] {dagbag.py:536} INFO - Filling up the DagBag from /Users/rah/Desktop/creative_projects/rah_coding_repo/projects/fin_data_project_001/finance-data-project-1/.venv/lib/python3.10/site-packages/airflow/example_dags/example_trigger_controller_dag.py
[2025-06-15T00:00:56.823-0400] {processor.py:839} INFO - DAG(s) dict_keys(['example_trigger_controller_dag']) retrieved from /Users/rah/Desktop/creative_projects/rah_coding_repo/projects/fin_data_project_001/finance-data-project-1/.venv/lib/python3.10/site-packages/airflow/example_dags/example_trigger_controller_dag.py
[2025-06-15T00:00:56.921-0400] {logging_mixin.py:154} INFO - [2025-06-15T00:00:56.921-0400] {dag.py:2941} INFO - Sync 1 DAGs
[2025-06-15T00:00:56.928-0400] {logging_mixin.py:154} INFO - [2025-06-15T00:00:56.928-0400] {dag.py:3722} INFO - Setting next_dagrun for example_trigger_controller_dag to 2021-01-01T00:00:00+00:00, run_after=2021-01-01T00:00:00+00:00
[2025-06-15T00:00:56.937-0400] {processor.py:179} INFO - Processing /Users/rah/Desktop/creative_projects/rah_coding_repo/projects/fin_data_project_001/finance-data-project-1/.venv/lib/python3.10/site-packages/airflow/example_dags/example_trigger_controller_dag.py took 0.127 seconds
[2025-06-15T00:02:07.509-0400] {processor.py:157} INFO - Started process (PID=53152) to work on /Users/rah/Desktop/creative_projects/rah_coding_repo/projects/fin_data_project_001/finance-data-project-1/.venv/lib/python3.10/site-packages/airflow/example_dags/example_trigger_controller_dag.py
[2025-06-15T00:02:07.511-0400] {processor.py:829} INFO - Processing file /Users/rah/Desktop/creative_projects/rah_coding_repo/projects/fin_data_project_001/finance-data-project-1/.venv/lib/python3.10/site-packages/airflow/example_dags/example_trigger_controller_dag.py for tasks to queue
[2025-06-15T00:02:07.512-0400] {logging_mixin.py:154} INFO - [2025-06-15T00:02:07.511-0400] {dagbag.py:536} INFO - Filling up the DagBag from /Users/rah/Desktop/creative_projects/rah_coding_repo/projects/fin_data_project_001/finance-data-project-1/.venv/lib/python3.10/site-packages/airflow/example_dags/example_trigger_controller_dag.py
[2025-06-15T00:02:07.522-0400] {processor.py:839} INFO - DAG(s) dict_keys(['example_trigger_controller_dag']) retrieved from /Users/rah/Desktop/creative_projects/rah_coding_repo/projects/fin_data_project_001/finance-data-project-1/.venv/lib/python3.10/site-packages/airflow/example_dags/example_trigger_controller_dag.py
[2025-06-15T00:02:07.619-0400] {logging_mixin.py:154} INFO - [2025-06-15T00:02:07.619-0400] {dag.py:2941} INFO - Sync 1 DAGs
[2025-06-15T00:02:07.626-0400] {logging_mixin.py:154} INFO - [2025-06-15T00:02:07.626-0400] {dag.py:3722} INFO - Setting next_dagrun for example_trigger_controller_dag to 2021-01-01T00:00:00+00:00, run_after=2021-01-01T00:00:00+00:00
[2025-06-15T00:02:07.634-0400] {processor.py:179} INFO - Processing /Users/rah/Desktop/creative_projects/rah_coding_repo/projects/fin_data_project_001/finance-data-project-1/.venv/lib/python3.10/site-packages/airflow/example_dags/example_trigger_controller_dag.py took 0.126 seconds
[2025-06-15T00:02:13.635-0400] {processor.py:157} INFO - Started process (PID=53296) to work on /Users/rah/Desktop/creative_projects/rah_coding_repo/projects/fin_data_project_001/finance-data-project-1/.venv/lib/python3.10/site-packages/airflow/example_dags/example_trigger_controller_dag.py
[2025-06-15T00:02:13.637-0400] {processor.py:829} INFO - Processing file /Users/rah/Desktop/creative_projects/rah_coding_repo/projects/fin_data_project_001/finance-data-project-1/.venv/lib/python3.10/site-packages/airflow/example_dags/example_trigger_controller_dag.py for tasks to queue
[2025-06-15T00:02:13.638-0400] {logging_mixin.py:154} INFO - [2025-06-15T00:02:13.638-0400] {dagbag.py:536} INFO - Filling up the DagBag from /Users/rah/Desktop/creative_projects/rah_coding_repo/projects/fin_data_project_001/finance-data-project-1/.venv/lib/python3.10/site-packages/airflow/example_dags/example_trigger_controller_dag.py
[2025-06-15T00:02:13.649-0400] {processor.py:839} INFO - DAG(s) dict_keys(['example_trigger_controller_dag']) retrieved from /Users/rah/Desktop/creative_projects/rah_coding_repo/projects/fin_data_project_001/finance-data-project-1/.venv/lib/python3.10/site-packages/airflow/example_dags/example_trigger_controller_dag.py
[2025-06-15T00:02:13.745-0400] {logging_mixin.py:154} INFO - [2025-06-15T00:02:13.745-0400] {dag.py:2941} INFO - Sync 1 DAGs
[2025-06-15T00:02:13.752-0400] {logging_mixin.py:154} INFO - [2025-06-15T00:02:13.752-0400] {dag.py:3722} INFO - Setting next_dagrun for example_trigger_controller_dag to 2021-01-01T00:00:00+00:00, run_after=2021-01-01T00:00:00+00:00
[2025-06-15T00:02:13.759-0400] {processor.py:179} INFO - Processing /Users/rah/Desktop/creative_projects/rah_coding_repo/projects/fin_data_project_001/finance-data-project-1/.venv/lib/python3.10/site-packages/airflow/example_dags/example_trigger_controller_dag.py took 0.124 seconds
[2025-06-15T00:02:14.912-0400] {processor.py:157} INFO - Started process (PID=53303) to work on /Users/rah/Desktop/creative_projects/rah_coding_repo/projects/fin_data_project_001/finance-data-project-1/.venv/lib/python3.10/site-packages/airflow/example_dags/example_trigger_controller_dag.py
[2025-06-15T00:02:14.915-0400] {processor.py:829} INFO - Processing file /Users/rah/Desktop/creative_projects/rah_coding_repo/projects/fin_data_project_001/finance-data-project-1/.venv/lib/python3.10/site-packages/airflow/example_dags/example_trigger_controller_dag.py for tasks to queue
[2025-06-15T00:02:14.915-0400] {logging_mixin.py:154} INFO - [2025-06-15T00:02:14.915-0400] {dagbag.py:536} INFO - Filling up the DagBag from /Users/rah/Desktop/creative_projects/rah_coding_repo/projects/fin_data_project_001/finance-data-project-1/.venv/lib/python3.10/site-packages/airflow/example_dags/example_trigger_controller_dag.py
[2025-06-15T00:02:14.926-0400] {processor.py:839} INFO - DAG(s) dict_keys(['example_trigger_controller_dag']) retrieved from /Users/rah/Desktop/creative_projects/rah_coding_repo/projects/fin_data_project_001/finance-data-project-1/.venv/lib/python3.10/site-packages/airflow/example_dags/example_trigger_controller_dag.py
[2025-06-15T00:02:15.027-0400] {logging_mixin.py:154} INFO - [2025-06-15T00:02:15.027-0400] {dag.py:2941} INFO - Sync 1 DAGs
[2025-06-15T00:02:15.034-0400] {logging_mixin.py:154} INFO - [2025-06-15T00:02:15.034-0400] {dag.py:3722} INFO - Setting next_dagrun for example_trigger_controller_dag to 2021-01-01T00:00:00+00:00, run_after=2021-01-01T00:00:00+00:00
[2025-06-15T00:02:15.043-0400] {processor.py:179} INFO - Processing /Users/rah/Desktop/creative_projects/rah_coding_repo/projects/fin_data_project_001/finance-data-project-1/.venv/lib/python3.10/site-packages/airflow/example_dags/example_trigger_controller_dag.py took 0.131 seconds
[2025-06-15T00:03:12.079-0400] {processor.py:157} INFO - Started process (PID=54162) to work on /Users/rah/.pyenv/versions/3.10.11/lib/python3.10/site-packages/airflow/example_dags/example_trigger_controller_dag.py
[2025-06-15T00:03:12.082-0400] {processor.py:829} INFO - Processing file /Users/rah/.pyenv/versions/3.10.11/lib/python3.10/site-packages/airflow/example_dags/example_trigger_controller_dag.py for tasks to queue
[2025-06-15T00:03:12.082-0400] {logging_mixin.py:154} INFO - [2025-06-15T00:03:12.082-0400] {dagbag.py:536} INFO - Filling up the DagBag from /Users/rah/.pyenv/versions/3.10.11/lib/python3.10/site-packages/airflow/example_dags/example_trigger_controller_dag.py
[2025-06-15T00:03:12.091-0400] {processor.py:839} INFO - DAG(s) dict_keys(['example_trigger_controller_dag']) retrieved from /Users/rah/.pyenv/versions/3.10.11/lib/python3.10/site-packages/airflow/example_dags/example_trigger_controller_dag.py
[2025-06-15T00:03:12.427-0400] {logging_mixin.py:154} INFO - [2025-06-15T00:03:12.427-0400] {dag.py:2941} INFO - Sync 1 DAGs
[2025-06-15T00:03:12.433-0400] {logging_mixin.py:154} INFO - [2025-06-15T00:03:12.433-0400] {dag.py:3722} INFO - Setting next_dagrun for example_trigger_controller_dag to 2021-01-01T00:00:00+00:00, run_after=2021-01-01T00:00:00+00:00
[2025-06-15T00:03:12.441-0400] {processor.py:179} INFO - Processing /Users/rah/.pyenv/versions/3.10.11/lib/python3.10/site-packages/airflow/example_dags/example_trigger_controller_dag.py took 0.363 seconds
[2025-06-15T00:06:34.109-0400] {processor.py:157} INFO - Started process (PID=56899) to work on /Users/rah/.pyenv/versions/3.10.11/lib/python3.10/site-packages/airflow/example_dags/example_trigger_controller_dag.py
[2025-06-15T00:06:34.113-0400] {processor.py:829} INFO - Processing file /Users/rah/.pyenv/versions/3.10.11/lib/python3.10/site-packages/airflow/example_dags/example_trigger_controller_dag.py for tasks to queue
[2025-06-15T00:06:34.113-0400] {logging_mixin.py:154} INFO - [2025-06-15T00:06:34.113-0400] {dagbag.py:536} INFO - Filling up the DagBag from /Users/rah/.pyenv/versions/3.10.11/lib/python3.10/site-packages/airflow/example_dags/example_trigger_controller_dag.py
[2025-06-15T00:06:34.123-0400] {processor.py:839} INFO - DAG(s) dict_keys(['example_trigger_controller_dag']) retrieved from /Users/rah/.pyenv/versions/3.10.11/lib/python3.10/site-packages/airflow/example_dags/example_trigger_controller_dag.py
[2025-06-15T00:06:34.244-0400] {logging_mixin.py:154} INFO - [2025-06-15T00:06:34.244-0400] {dag.py:2941} INFO - Sync 1 DAGs
[2025-06-15T00:06:34.252-0400] {logging_mixin.py:154} INFO - [2025-06-15T00:06:34.251-0400] {dag.py:3722} INFO - Setting next_dagrun for example_trigger_controller_dag to 2021-01-01T00:00:00+00:00, run_after=2021-01-01T00:00:00+00:00
[2025-06-15T00:06:34.260-0400] {processor.py:179} INFO - Processing /Users/rah/.pyenv/versions/3.10.11/lib/python3.10/site-packages/airflow/example_dags/example_trigger_controller_dag.py took 0.151 seconds
[2025-06-15T00:08:03.311-0400] {processor.py:157} INFO - Started process (PID=57948) to work on /Users/rah/.pyenv/versions/3.10.11/lib/python3.10/site-packages/airflow/example_dags/example_trigger_controller_dag.py
[2025-06-15T00:08:03.314-0400] {processor.py:829} INFO - Processing file /Users/rah/.pyenv/versions/3.10.11/lib/python3.10/site-packages/airflow/example_dags/example_trigger_controller_dag.py for tasks to queue
[2025-06-15T00:08:03.315-0400] {logging_mixin.py:154} INFO - [2025-06-15T00:08:03.315-0400] {dagbag.py:536} INFO - Filling up the DagBag from /Users/rah/.pyenv/versions/3.10.11/lib/python3.10/site-packages/airflow/example_dags/example_trigger_controller_dag.py
[2025-06-15T00:08:03.324-0400] {processor.py:839} INFO - DAG(s) dict_keys(['example_trigger_controller_dag']) retrieved from /Users/rah/.pyenv/versions/3.10.11/lib/python3.10/site-packages/airflow/example_dags/example_trigger_controller_dag.py
[2025-06-15T00:08:03.438-0400] {logging_mixin.py:154} INFO - [2025-06-15T00:08:03.438-0400] {dag.py:2941} INFO - Sync 1 DAGs
[2025-06-15T00:08:03.445-0400] {logging_mixin.py:154} INFO - [2025-06-15T00:08:03.445-0400] {dag.py:3722} INFO - Setting next_dagrun for example_trigger_controller_dag to 2021-01-01T00:00:00+00:00, run_after=2021-01-01T00:00:00+00:00
[2025-06-15T00:08:03.452-0400] {processor.py:179} INFO - Processing /Users/rah/.pyenv/versions/3.10.11/lib/python3.10/site-packages/airflow/example_dags/example_trigger_controller_dag.py took 0.141 seconds
[2025-06-15T00:08:59.223-0400] {processor.py:157} INFO - Started process (PID=58905) to work on /Users/rah/.pyenv/versions/3.10.11/lib/python3.10/site-packages/airflow/example_dags/example_trigger_controller_dag.py
[2025-06-15T00:08:59.226-0400] {processor.py:829} INFO - Processing file /Users/rah/.pyenv/versions/3.10.11/lib/python3.10/site-packages/airflow/example_dags/example_trigger_controller_dag.py for tasks to queue
[2025-06-15T00:08:59.227-0400] {logging_mixin.py:154} INFO - [2025-06-15T00:08:59.227-0400] {dagbag.py:536} INFO - Filling up the DagBag from /Users/rah/.pyenv/versions/3.10.11/lib/python3.10/site-packages/airflow/example_dags/example_trigger_controller_dag.py
[2025-06-15T00:08:59.236-0400] {processor.py:839} INFO - DAG(s) dict_keys(['example_trigger_controller_dag']) retrieved from /Users/rah/.pyenv/versions/3.10.11/lib/python3.10/site-packages/airflow/example_dags/example_trigger_controller_dag.py
[2025-06-15T00:08:59.347-0400] {logging_mixin.py:154} INFO - [2025-06-15T00:08:59.347-0400] {dag.py:2941} INFO - Sync 1 DAGs
[2025-06-15T00:08:59.353-0400] {logging_mixin.py:154} INFO - [2025-06-15T00:08:59.353-0400] {dag.py:3722} INFO - Setting next_dagrun for example_trigger_controller_dag to 2021-01-01T00:00:00+00:00, run_after=2021-01-01T00:00:00+00:00
[2025-06-15T00:08:59.361-0400] {processor.py:179} INFO - Processing /Users/rah/.pyenv/versions/3.10.11/lib/python3.10/site-packages/airflow/example_dags/example_trigger_controller_dag.py took 0.138 seconds
[2025-06-15T00:09:50.888-0400] {processor.py:157} INFO - Started process (PID=59863) to work on /Users/rah/.pyenv/versions/3.10.11/lib/python3.10/site-packages/airflow/example_dags/example_trigger_controller_dag.py
[2025-06-15T00:09:50.891-0400] {processor.py:829} INFO - Processing file /Users/rah/.pyenv/versions/3.10.11/lib/python3.10/site-packages/airflow/example_dags/example_trigger_controller_dag.py for tasks to queue
[2025-06-15T00:09:50.892-0400] {logging_mixin.py:154} INFO - [2025-06-15T00:09:50.892-0400] {dagbag.py:536} INFO - Filling up the DagBag from /Users/rah/.pyenv/versions/3.10.11/lib/python3.10/site-packages/airflow/example_dags/example_trigger_controller_dag.py
[2025-06-15T00:09:50.901-0400] {processor.py:839} INFO - DAG(s) dict_keys(['example_trigger_controller_dag']) retrieved from /Users/rah/.pyenv/versions/3.10.11/lib/python3.10/site-packages/airflow/example_dags/example_trigger_controller_dag.py
[2025-06-15T00:09:51.013-0400] {logging_mixin.py:154} INFO - [2025-06-15T00:09:51.013-0400] {dag.py:2941} INFO - Sync 1 DAGs
[2025-06-15T00:09:51.021-0400] {logging_mixin.py:154} INFO - [2025-06-15T00:09:51.020-0400] {dag.py:3722} INFO - Setting next_dagrun for example_trigger_controller_dag to 2021-01-01T00:00:00+00:00, run_after=2021-01-01T00:00:00+00:00
[2025-06-15T00:09:51.029-0400] {processor.py:179} INFO - Processing /Users/rah/.pyenv/versions/3.10.11/lib/python3.10/site-packages/airflow/example_dags/example_trigger_controller_dag.py took 0.141 seconds
[2025-06-15T00:11:29.527-0400] {processor.py:157} INFO - Started process (PID=61452) to work on /Users/rah/.pyenv/versions/3.10.11/lib/python3.10/site-packages/airflow/example_dags/example_trigger_controller_dag.py
[2025-06-15T00:11:29.530-0400] {processor.py:829} INFO - Processing file /Users/rah/.pyenv/versions/3.10.11/lib/python3.10/site-packages/airflow/example_dags/example_trigger_controller_dag.py for tasks to queue
[2025-06-15T00:11:29.531-0400] {logging_mixin.py:154} INFO - [2025-06-15T00:11:29.530-0400] {dagbag.py:536} INFO - Filling up the DagBag from /Users/rah/.pyenv/versions/3.10.11/lib/python3.10/site-packages/airflow/example_dags/example_trigger_controller_dag.py
[2025-06-15T00:11:29.540-0400] {processor.py:839} INFO - DAG(s) dict_keys(['example_trigger_controller_dag']) retrieved from /Users/rah/.pyenv/versions/3.10.11/lib/python3.10/site-packages/airflow/example_dags/example_trigger_controller_dag.py
[2025-06-15T00:11:29.648-0400] {logging_mixin.py:154} INFO - [2025-06-15T00:11:29.648-0400] {dag.py:2941} INFO - Sync 1 DAGs
[2025-06-15T00:11:29.655-0400] {logging_mixin.py:154} INFO - [2025-06-15T00:11:29.655-0400] {dag.py:3722} INFO - Setting next_dagrun for example_trigger_controller_dag to 2021-01-01T00:00:00+00:00, run_after=2021-01-01T00:00:00+00:00
[2025-06-15T00:11:29.663-0400] {processor.py:179} INFO - Processing /Users/rah/.pyenv/versions/3.10.11/lib/python3.10/site-packages/airflow/example_dags/example_trigger_controller_dag.py took 0.136 seconds
[2025-06-15T00:12:21.637-0400] {processor.py:157} INFO - Started process (PID=62382) to work on /Users/rah/.pyenv/versions/3.10.11/lib/python3.10/site-packages/airflow/example_dags/example_trigger_controller_dag.py
[2025-06-15T00:12:21.640-0400] {processor.py:829} INFO - Processing file /Users/rah/.pyenv/versions/3.10.11/lib/python3.10/site-packages/airflow/example_dags/example_trigger_controller_dag.py for tasks to queue
[2025-06-15T00:12:21.640-0400] {logging_mixin.py:154} INFO - [2025-06-15T00:12:21.640-0400] {dagbag.py:536} INFO - Filling up the DagBag from /Users/rah/.pyenv/versions/3.10.11/lib/python3.10/site-packages/airflow/example_dags/example_trigger_controller_dag.py
[2025-06-15T00:12:21.650-0400] {processor.py:839} INFO - DAG(s) dict_keys(['example_trigger_controller_dag']) retrieved from /Users/rah/.pyenv/versions/3.10.11/lib/python3.10/site-packages/airflow/example_dags/example_trigger_controller_dag.py
[2025-06-15T00:12:21.769-0400] {logging_mixin.py:154} INFO - [2025-06-15T00:12:21.769-0400] {dag.py:2941} INFO - Sync 1 DAGs
[2025-06-15T00:12:21.777-0400] {logging_mixin.py:154} INFO - [2025-06-15T00:12:21.777-0400] {dag.py:3722} INFO - Setting next_dagrun for example_trigger_controller_dag to 2021-01-01T00:00:00+00:00, run_after=2021-01-01T00:00:00+00:00
[2025-06-15T00:12:21.785-0400] {processor.py:179} INFO - Processing /Users/rah/.pyenv/versions/3.10.11/lib/python3.10/site-packages/airflow/example_dags/example_trigger_controller_dag.py took 0.149 seconds
[2025-06-15T00:13:15.671-0400] {processor.py:157} INFO - Started process (PID=63296) to work on /Users/rah/.pyenv/versions/3.10.11/lib/python3.10/site-packages/airflow/example_dags/example_trigger_controller_dag.py
[2025-06-15T00:13:15.673-0400] {processor.py:829} INFO - Processing file /Users/rah/.pyenv/versions/3.10.11/lib/python3.10/site-packages/airflow/example_dags/example_trigger_controller_dag.py for tasks to queue
[2025-06-15T00:13:15.674-0400] {logging_mixin.py:154} INFO - [2025-06-15T00:13:15.673-0400] {dagbag.py:536} INFO - Filling up the DagBag from /Users/rah/.pyenv/versions/3.10.11/lib/python3.10/site-packages/airflow/example_dags/example_trigger_controller_dag.py
[2025-06-15T00:13:15.683-0400] {processor.py:839} INFO - DAG(s) dict_keys(['example_trigger_controller_dag']) retrieved from /Users/rah/.pyenv/versions/3.10.11/lib/python3.10/site-packages/airflow/example_dags/example_trigger_controller_dag.py
[2025-06-15T00:13:15.790-0400] {logging_mixin.py:154} INFO - [2025-06-15T00:13:15.789-0400] {dag.py:2941} INFO - Sync 1 DAGs
[2025-06-15T00:13:15.796-0400] {logging_mixin.py:154} INFO - [2025-06-15T00:13:15.796-0400] {dag.py:3722} INFO - Setting next_dagrun for example_trigger_controller_dag to 2021-01-01T00:00:00+00:00, run_after=2021-01-01T00:00:00+00:00
[2025-06-15T00:13:15.803-0400] {processor.py:179} INFO - Processing /Users/rah/.pyenv/versions/3.10.11/lib/python3.10/site-packages/airflow/example_dags/example_trigger_controller_dag.py took 0.133 seconds
[2025-06-15T00:14:54.305-0400] {processor.py:157} INFO - Started process (PID=64748) to work on /Users/rah/.pyenv/versions/3.10.11/lib/python3.10/site-packages/airflow/example_dags/example_trigger_controller_dag.py
[2025-06-15T00:14:54.307-0400] {processor.py:829} INFO - Processing file /Users/rah/.pyenv/versions/3.10.11/lib/python3.10/site-packages/airflow/example_dags/example_trigger_controller_dag.py for tasks to queue
[2025-06-15T00:14:54.308-0400] {logging_mixin.py:154} INFO - [2025-06-15T00:14:54.308-0400] {dagbag.py:536} INFO - Filling up the DagBag from /Users/rah/.pyenv/versions/3.10.11/lib/python3.10/site-packages/airflow/example_dags/example_trigger_controller_dag.py
[2025-06-15T00:14:54.317-0400] {processor.py:839} INFO - DAG(s) dict_keys(['example_trigger_controller_dag']) retrieved from /Users/rah/.pyenv/versions/3.10.11/lib/python3.10/site-packages/airflow/example_dags/example_trigger_controller_dag.py
[2025-06-15T00:14:54.424-0400] {logging_mixin.py:154} INFO - [2025-06-15T00:14:54.424-0400] {dag.py:2941} INFO - Sync 1 DAGs
[2025-06-15T00:14:54.430-0400] {logging_mixin.py:154} INFO - [2025-06-15T00:14:54.430-0400] {dag.py:3722} INFO - Setting next_dagrun for example_trigger_controller_dag to 2021-01-01T00:00:00+00:00, run_after=2021-01-01T00:00:00+00:00
[2025-06-15T00:14:54.438-0400] {processor.py:179} INFO - Processing /Users/rah/.pyenv/versions/3.10.11/lib/python3.10/site-packages/airflow/example_dags/example_trigger_controller_dag.py took 0.133 seconds
