[2025-06-14T23:48:59.097-0400] {processor.py:157} INFO - Started process (PID=40035) to work on /Users/rah/.pyenv/versions/3.10.11/lib/python3.10/site-packages/airflow/example_dags/example_subdag_operator.py
[2025-06-14T23:48:59.100-0400] {processor.py:829} INFO - Processing file /Users/rah/.pyenv/versions/3.10.11/lib/python3.10/site-packages/airflow/example_dags/example_subdag_operator.py for tasks to queue
[2025-06-14T23:48:59.101-0400] {logging_mixin.py:154} INFO - [2025-06-14T23:48:59.100-0400] {dagbag.py:536} INFO - Filling up the DagBag from /Users/rah/.pyenv/versions/3.10.11/lib/python3.10/site-packages/airflow/example_dags/example_subdag_operator.py
[2025-06-14T23:48:59.188-0400] {processor.py:839} INFO - DAG(s) dict_keys(['example_subdag_operator.section-1', 'example_subdag_operator.section-2', 'example_subdag_operator']) retrieved from /Users/rah/.pyenv/versions/3.10.11/lib/python3.10/site-packages/airflow/example_dags/example_subdag_operator.py
[2025-06-14T23:48:59.500-0400] {logging_mixin.py:154} INFO - [2025-06-14T23:48:59.500-0400] {manager.py:499} INFO - Created Permission View: %s
[2025-06-14T23:48:59.504-0400] {logging_mixin.py:154} INFO - [2025-06-14T23:48:59.504-0400] {manager.py:499} INFO - Created Permission View: %s
[2025-06-14T23:48:59.507-0400] {logging_mixin.py:154} INFO - [2025-06-14T23:48:59.507-0400] {manager.py:499} INFO - Created Permission View: %s
[2025-06-14T23:48:59.507-0400] {logging_mixin.py:154} INFO - [2025-06-14T23:48:59.507-0400] {dag.py:2941} INFO - Sync 3 DAGs
[2025-06-14T23:48:59.512-0400] {logging_mixin.py:154} INFO - [2025-06-14T23:48:59.512-0400] {dag.py:2963} INFO - Creating ORM DAG for example_subdag_operator.section-2
[2025-06-14T23:48:59.512-0400] {logging_mixin.py:154} INFO - [2025-06-14T23:48:59.512-0400] {dag.py:2963} INFO - Creating ORM DAG for example_subdag_operator
[2025-06-14T23:48:59.512-0400] {logging_mixin.py:154} INFO - [2025-06-14T23:48:59.512-0400] {dag.py:2963} INFO - Creating ORM DAG for example_subdag_operator.section-1
[2025-06-14T23:48:59.515-0400] {logging_mixin.py:154} INFO - [2025-06-14T23:48:59.515-0400] {dag.py:3722} INFO - Setting next_dagrun for example_subdag_operator to 2022-01-01T00:00:00+00:00, run_after=2022-01-01T00:00:00+00:00
[2025-06-14T23:48:59.516-0400] {logging_mixin.py:154} INFO - [2025-06-14T23:48:59.516-0400] {dag.py:3722} INFO - Setting next_dagrun for example_subdag_operator.section-1 to None, run_after=None
[2025-06-14T23:48:59.516-0400] {logging_mixin.py:154} INFO - [2025-06-14T23:48:59.516-0400] {dag.py:3722} INFO - Setting next_dagrun for example_subdag_operator.section-2 to None, run_after=None
[2025-06-14T23:48:59.518-0400] {logging_mixin.py:154} INFO - [2025-06-14T23:48:59.518-0400] {dag.py:2941} INFO - Sync 2 DAGs
[2025-06-14T23:48:59.520-0400] {logging_mixin.py:154} INFO - [2025-06-14T23:48:59.520-0400] {dag.py:3722} INFO - Setting next_dagrun for example_subdag_operator.section-1 to None, run_after=None
[2025-06-14T23:48:59.521-0400] {logging_mixin.py:154} INFO - [2025-06-14T23:48:59.521-0400] {dag.py:3722} INFO - Setting next_dagrun for example_subdag_operator.section-2 to None, run_after=None
[2025-06-14T23:48:59.527-0400] {processor.py:179} INFO - Processing /Users/rah/.pyenv/versions/3.10.11/lib/python3.10/site-packages/airflow/example_dags/example_subdag_operator.py took 0.430 seconds
[2025-06-14T23:50:30.053-0400] {processor.py:157} INFO - Started process (PID=41131) to work on /Users/rah/.pyenv/versions/3.10.11/lib/python3.10/site-packages/airflow/example_dags/example_subdag_operator.py
[2025-06-14T23:50:30.057-0400] {processor.py:829} INFO - Processing file /Users/rah/.pyenv/versions/3.10.11/lib/python3.10/site-packages/airflow/example_dags/example_subdag_operator.py for tasks to queue
[2025-06-14T23:50:30.057-0400] {logging_mixin.py:154} INFO - [2025-06-14T23:50:30.057-0400] {dagbag.py:536} INFO - Filling up the DagBag from /Users/rah/.pyenv/versions/3.10.11/lib/python3.10/site-packages/airflow/example_dags/example_subdag_operator.py
[2025-06-14T23:50:30.138-0400] {processor.py:839} INFO - DAG(s) dict_keys(['example_subdag_operator.section-1', 'example_subdag_operator.section-2', 'example_subdag_operator']) retrieved from /Users/rah/.pyenv/versions/3.10.11/lib/python3.10/site-packages/airflow/example_dags/example_subdag_operator.py
[2025-06-14T23:50:30.191-0400] {logging_mixin.py:154} INFO - [2025-06-14T23:50:30.190-0400] {dag.py:2941} INFO - Sync 3 DAGs
[2025-06-14T23:50:30.197-0400] {logging_mixin.py:154} INFO - [2025-06-14T23:50:30.197-0400] {dag.py:3722} INFO - Setting next_dagrun for example_subdag_operator to 2022-01-01T00:00:00+00:00, run_after=2022-01-01T00:00:00+00:00
[2025-06-14T23:50:30.198-0400] {logging_mixin.py:154} INFO - [2025-06-14T23:50:30.198-0400] {dag.py:3722} INFO - Setting next_dagrun for example_subdag_operator.section-1 to None, run_after=None
[2025-06-14T23:50:30.199-0400] {logging_mixin.py:154} INFO - [2025-06-14T23:50:30.199-0400] {dag.py:3722} INFO - Setting next_dagrun for example_subdag_operator.section-2 to None, run_after=None
[2025-06-14T23:50:30.201-0400] {logging_mixin.py:154} INFO - [2025-06-14T23:50:30.201-0400] {dag.py:2941} INFO - Sync 2 DAGs
[2025-06-14T23:50:30.202-0400] {logging_mixin.py:154} INFO - [2025-06-14T23:50:30.202-0400] {dag.py:3722} INFO - Setting next_dagrun for example_subdag_operator.section-1 to None, run_after=None
[2025-06-14T23:50:30.202-0400] {logging_mixin.py:154} INFO - [2025-06-14T23:50:30.202-0400] {dag.py:3722} INFO - Setting next_dagrun for example_subdag_operator.section-2 to None, run_after=None
[2025-06-14T23:50:30.208-0400] {processor.py:179} INFO - Processing /Users/rah/.pyenv/versions/3.10.11/lib/python3.10/site-packages/airflow/example_dags/example_subdag_operator.py took 0.155 seconds
[2025-06-14T23:55:16.739-0400] {processor.py:157} INFO - Started process (PID=45756) to work on /Users/rah/Desktop/creative_projects/rah_coding_repo/projects/fin_data_project_001/finance-data-project-1/.venv/lib/python3.10/site-packages/airflow/example_dags/example_subdag_operator.py
[2025-06-14T23:55:16.742-0400] {processor.py:829} INFO - Processing file /Users/rah/Desktop/creative_projects/rah_coding_repo/projects/fin_data_project_001/finance-data-project-1/.venv/lib/python3.10/site-packages/airflow/example_dags/example_subdag_operator.py for tasks to queue
[2025-06-14T23:55:16.742-0400] {logging_mixin.py:154} INFO - [2025-06-14T23:55:16.742-0400] {dagbag.py:536} INFO - Filling up the DagBag from /Users/rah/Desktop/creative_projects/rah_coding_repo/projects/fin_data_project_001/finance-data-project-1/.venv/lib/python3.10/site-packages/airflow/example_dags/example_subdag_operator.py
[2025-06-14T23:55:16.810-0400] {processor.py:839} INFO - DAG(s) dict_keys(['example_subdag_operator.section-1', 'example_subdag_operator.section-2', 'example_subdag_operator']) retrieved from /Users/rah/Desktop/creative_projects/rah_coding_repo/projects/fin_data_project_001/finance-data-project-1/.venv/lib/python3.10/site-packages/airflow/example_dags/example_subdag_operator.py
[2025-06-14T23:55:16.866-0400] {logging_mixin.py:154} INFO - [2025-06-14T23:55:16.866-0400] {dag.py:2941} INFO - Sync 3 DAGs
[2025-06-14T23:55:16.873-0400] {logging_mixin.py:154} INFO - [2025-06-14T23:55:16.873-0400] {dag.py:3722} INFO - Setting next_dagrun for example_subdag_operator to 2022-01-01T00:00:00+00:00, run_after=2022-01-01T00:00:00+00:00
[2025-06-14T23:55:16.875-0400] {logging_mixin.py:154} INFO - [2025-06-14T23:55:16.875-0400] {dag.py:3722} INFO - Setting next_dagrun for example_subdag_operator.section-1 to None, run_after=None
[2025-06-14T23:55:16.875-0400] {logging_mixin.py:154} INFO - [2025-06-14T23:55:16.875-0400] {dag.py:3722} INFO - Setting next_dagrun for example_subdag_operator.section-2 to None, run_after=None
[2025-06-14T23:55:16.877-0400] {logging_mixin.py:154} INFO - [2025-06-14T23:55:16.877-0400] {dag.py:2941} INFO - Sync 2 DAGs
[2025-06-14T23:55:16.879-0400] {logging_mixin.py:154} INFO - [2025-06-14T23:55:16.878-0400] {dag.py:3722} INFO - Setting next_dagrun for example_subdag_operator.section-1 to None, run_after=None
[2025-06-14T23:55:16.879-0400] {logging_mixin.py:154} INFO - [2025-06-14T23:55:16.879-0400] {dag.py:3722} INFO - Setting next_dagrun for example_subdag_operator.section-2 to None, run_after=None
[2025-06-14T23:55:16.884-0400] {processor.py:179} INFO - Processing /Users/rah/Desktop/creative_projects/rah_coding_repo/projects/fin_data_project_001/finance-data-project-1/.venv/lib/python3.10/site-packages/airflow/example_dags/example_subdag_operator.py took 0.145 seconds
[2025-06-14T23:56:19.759-0400] {processor.py:157} INFO - Started process (PID=47215) to work on /Users/rah/Desktop/creative_projects/rah_coding_repo/projects/fin_data_project_001/finance-data-project-1/.venv/lib/python3.10/site-packages/airflow/example_dags/example_subdag_operator.py
[2025-06-14T23:56:19.762-0400] {processor.py:829} INFO - Processing file /Users/rah/Desktop/creative_projects/rah_coding_repo/projects/fin_data_project_001/finance-data-project-1/.venv/lib/python3.10/site-packages/airflow/example_dags/example_subdag_operator.py for tasks to queue
[2025-06-14T23:56:19.763-0400] {logging_mixin.py:154} INFO - [2025-06-14T23:56:19.762-0400] {dagbag.py:536} INFO - Filling up the DagBag from /Users/rah/Desktop/creative_projects/rah_coding_repo/projects/fin_data_project_001/finance-data-project-1/.venv/lib/python3.10/site-packages/airflow/example_dags/example_subdag_operator.py
[2025-06-14T23:56:19.823-0400] {processor.py:839} INFO - DAG(s) dict_keys(['example_subdag_operator.section-1', 'example_subdag_operator.section-2', 'example_subdag_operator']) retrieved from /Users/rah/Desktop/creative_projects/rah_coding_repo/projects/fin_data_project_001/finance-data-project-1/.venv/lib/python3.10/site-packages/airflow/example_dags/example_subdag_operator.py
[2025-06-14T23:56:19.876-0400] {logging_mixin.py:154} INFO - [2025-06-14T23:56:19.876-0400] {dag.py:2941} INFO - Sync 3 DAGs
[2025-06-14T23:56:19.883-0400] {logging_mixin.py:154} INFO - [2025-06-14T23:56:19.883-0400] {dag.py:3722} INFO - Setting next_dagrun for example_subdag_operator to 2022-01-01T00:00:00+00:00, run_after=2022-01-01T00:00:00+00:00
[2025-06-14T23:56:19.884-0400] {logging_mixin.py:154} INFO - [2025-06-14T23:56:19.884-0400] {dag.py:3722} INFO - Setting next_dagrun for example_subdag_operator.section-1 to None, run_after=None
[2025-06-14T23:56:19.885-0400] {logging_mixin.py:154} INFO - [2025-06-14T23:56:19.884-0400] {dag.py:3722} INFO - Setting next_dagrun for example_subdag_operator.section-2 to None, run_after=None
[2025-06-14T23:56:19.887-0400] {logging_mixin.py:154} INFO - [2025-06-14T23:56:19.887-0400] {dag.py:2941} INFO - Sync 2 DAGs
[2025-06-14T23:56:19.888-0400] {logging_mixin.py:154} INFO - [2025-06-14T23:56:19.888-0400] {dag.py:3722} INFO - Setting next_dagrun for example_subdag_operator.section-1 to None, run_after=None
[2025-06-14T23:56:19.888-0400] {logging_mixin.py:154} INFO - [2025-06-14T23:56:19.888-0400] {dag.py:3722} INFO - Setting next_dagrun for example_subdag_operator.section-2 to None, run_after=None
[2025-06-14T23:56:19.893-0400] {processor.py:179} INFO - Processing /Users/rah/Desktop/creative_projects/rah_coding_repo/projects/fin_data_project_001/finance-data-project-1/.venv/lib/python3.10/site-packages/airflow/example_dags/example_subdag_operator.py took 0.134 seconds
[2025-06-14T23:56:38.636-0400] {processor.py:157} INFO - Started process (PID=47496) to work on /Users/rah/Desktop/creative_projects/rah_coding_repo/projects/fin_data_project_001/finance-data-project-1/.venv/lib/python3.10/site-packages/airflow/example_dags/example_subdag_operator.py
[2025-06-14T23:56:38.638-0400] {processor.py:829} INFO - Processing file /Users/rah/Desktop/creative_projects/rah_coding_repo/projects/fin_data_project_001/finance-data-project-1/.venv/lib/python3.10/site-packages/airflow/example_dags/example_subdag_operator.py for tasks to queue
[2025-06-14T23:56:38.639-0400] {logging_mixin.py:154} INFO - [2025-06-14T23:56:38.639-0400] {dagbag.py:536} INFO - Filling up the DagBag from /Users/rah/Desktop/creative_projects/rah_coding_repo/projects/fin_data_project_001/finance-data-project-1/.venv/lib/python3.10/site-packages/airflow/example_dags/example_subdag_operator.py
[2025-06-14T23:56:38.697-0400] {processor.py:839} INFO - DAG(s) dict_keys(['example_subdag_operator.section-1', 'example_subdag_operator.section-2', 'example_subdag_operator']) retrieved from /Users/rah/Desktop/creative_projects/rah_coding_repo/projects/fin_data_project_001/finance-data-project-1/.venv/lib/python3.10/site-packages/airflow/example_dags/example_subdag_operator.py
[2025-06-14T23:56:38.747-0400] {logging_mixin.py:154} INFO - [2025-06-14T23:56:38.747-0400] {dag.py:2941} INFO - Sync 3 DAGs
[2025-06-14T23:56:38.754-0400] {logging_mixin.py:154} INFO - [2025-06-14T23:56:38.754-0400] {dag.py:3722} INFO - Setting next_dagrun for example_subdag_operator to 2022-01-01T00:00:00+00:00, run_after=2022-01-01T00:00:00+00:00
[2025-06-14T23:56:38.755-0400] {logging_mixin.py:154} INFO - [2025-06-14T23:56:38.755-0400] {dag.py:3722} INFO - Setting next_dagrun for example_subdag_operator.section-1 to None, run_after=None
[2025-06-14T23:56:38.755-0400] {logging_mixin.py:154} INFO - [2025-06-14T23:56:38.755-0400] {dag.py:3722} INFO - Setting next_dagrun for example_subdag_operator.section-2 to None, run_after=None
[2025-06-14T23:56:38.757-0400] {logging_mixin.py:154} INFO - [2025-06-14T23:56:38.757-0400] {dag.py:2941} INFO - Sync 2 DAGs
[2025-06-14T23:56:38.759-0400] {logging_mixin.py:154} INFO - [2025-06-14T23:56:38.758-0400] {dag.py:3722} INFO - Setting next_dagrun for example_subdag_operator.section-1 to None, run_after=None
[2025-06-14T23:56:38.759-0400] {logging_mixin.py:154} INFO - [2025-06-14T23:56:38.759-0400] {dag.py:3722} INFO - Setting next_dagrun for example_subdag_operator.section-2 to None, run_after=None
[2025-06-14T23:56:38.763-0400] {processor.py:179} INFO - Processing /Users/rah/Desktop/creative_projects/rah_coding_repo/projects/fin_data_project_001/finance-data-project-1/.venv/lib/python3.10/site-packages/airflow/example_dags/example_subdag_operator.py took 0.128 seconds
[2025-06-14T23:57:12.621-0400] {processor.py:157} INFO - Started process (PID=48355) to work on /Users/rah/Desktop/creative_projects/rah_coding_repo/projects/fin_data_project_001/finance-data-project-1/.venv/lib/python3.10/site-packages/airflow/example_dags/example_subdag_operator.py
[2025-06-14T23:57:12.623-0400] {processor.py:829} INFO - Processing file /Users/rah/Desktop/creative_projects/rah_coding_repo/projects/fin_data_project_001/finance-data-project-1/.venv/lib/python3.10/site-packages/airflow/example_dags/example_subdag_operator.py for tasks to queue
[2025-06-14T23:57:12.624-0400] {logging_mixin.py:154} INFO - [2025-06-14T23:57:12.624-0400] {dagbag.py:536} INFO - Filling up the DagBag from /Users/rah/Desktop/creative_projects/rah_coding_repo/projects/fin_data_project_001/finance-data-project-1/.venv/lib/python3.10/site-packages/airflow/example_dags/example_subdag_operator.py
[2025-06-14T23:57:12.691-0400] {processor.py:839} INFO - DAG(s) dict_keys(['example_subdag_operator.section-1', 'example_subdag_operator.section-2', 'example_subdag_operator']) retrieved from /Users/rah/Desktop/creative_projects/rah_coding_repo/projects/fin_data_project_001/finance-data-project-1/.venv/lib/python3.10/site-packages/airflow/example_dags/example_subdag_operator.py
[2025-06-14T23:57:12.751-0400] {logging_mixin.py:154} INFO - [2025-06-14T23:57:12.751-0400] {dag.py:2941} INFO - Sync 3 DAGs
[2025-06-14T23:57:12.760-0400] {logging_mixin.py:154} INFO - [2025-06-14T23:57:12.760-0400] {dag.py:3722} INFO - Setting next_dagrun for example_subdag_operator to 2022-01-01T00:00:00+00:00, run_after=2022-01-01T00:00:00+00:00
[2025-06-14T23:57:12.761-0400] {logging_mixin.py:154} INFO - [2025-06-14T23:57:12.761-0400] {dag.py:3722} INFO - Setting next_dagrun for example_subdag_operator.section-1 to None, run_after=None
[2025-06-14T23:57:12.761-0400] {logging_mixin.py:154} INFO - [2025-06-14T23:57:12.761-0400] {dag.py:3722} INFO - Setting next_dagrun for example_subdag_operator.section-2 to None, run_after=None
[2025-06-14T23:57:12.764-0400] {logging_mixin.py:154} INFO - [2025-06-14T23:57:12.764-0400] {dag.py:2941} INFO - Sync 2 DAGs
[2025-06-14T23:57:12.766-0400] {logging_mixin.py:154} INFO - [2025-06-14T23:57:12.766-0400] {dag.py:3722} INFO - Setting next_dagrun for example_subdag_operator.section-1 to None, run_after=None
[2025-06-14T23:57:12.766-0400] {logging_mixin.py:154} INFO - [2025-06-14T23:57:12.766-0400] {dag.py:3722} INFO - Setting next_dagrun for example_subdag_operator.section-2 to None, run_after=None
[2025-06-14T23:57:12.772-0400] {processor.py:179} INFO - Processing /Users/rah/Desktop/creative_projects/rah_coding_repo/projects/fin_data_project_001/finance-data-project-1/.venv/lib/python3.10/site-packages/airflow/example_dags/example_subdag_operator.py took 0.152 seconds
[2025-06-14T23:57:40.787-0400] {processor.py:157} INFO - Started process (PID=48777) to work on /Users/rah/Desktop/creative_projects/rah_coding_repo/projects/fin_data_project_001/finance-data-project-1/.venv/lib/python3.10/site-packages/airflow/example_dags/example_subdag_operator.py
[2025-06-14T23:57:40.790-0400] {processor.py:829} INFO - Processing file /Users/rah/Desktop/creative_projects/rah_coding_repo/projects/fin_data_project_001/finance-data-project-1/.venv/lib/python3.10/site-packages/airflow/example_dags/example_subdag_operator.py for tasks to queue
[2025-06-14T23:57:40.791-0400] {logging_mixin.py:154} INFO - [2025-06-14T23:57:40.790-0400] {dagbag.py:536} INFO - Filling up the DagBag from /Users/rah/Desktop/creative_projects/rah_coding_repo/projects/fin_data_project_001/finance-data-project-1/.venv/lib/python3.10/site-packages/airflow/example_dags/example_subdag_operator.py
[2025-06-14T23:57:40.853-0400] {processor.py:839} INFO - DAG(s) dict_keys(['example_subdag_operator.section-1', 'example_subdag_operator.section-2', 'example_subdag_operator']) retrieved from /Users/rah/Desktop/creative_projects/rah_coding_repo/projects/fin_data_project_001/finance-data-project-1/.venv/lib/python3.10/site-packages/airflow/example_dags/example_subdag_operator.py
[2025-06-14T23:57:40.904-0400] {logging_mixin.py:154} INFO - [2025-06-14T23:57:40.904-0400] {dag.py:2941} INFO - Sync 3 DAGs
[2025-06-14T23:57:40.912-0400] {logging_mixin.py:154} INFO - [2025-06-14T23:57:40.912-0400] {dag.py:3722} INFO - Setting next_dagrun for example_subdag_operator to 2022-01-01T00:00:00+00:00, run_after=2022-01-01T00:00:00+00:00
[2025-06-14T23:57:40.913-0400] {logging_mixin.py:154} INFO - [2025-06-14T23:57:40.913-0400] {dag.py:3722} INFO - Setting next_dagrun for example_subdag_operator.section-1 to None, run_after=None
[2025-06-14T23:57:40.914-0400] {logging_mixin.py:154} INFO - [2025-06-14T23:57:40.913-0400] {dag.py:3722} INFO - Setting next_dagrun for example_subdag_operator.section-2 to None, run_after=None
[2025-06-14T23:57:40.916-0400] {logging_mixin.py:154} INFO - [2025-06-14T23:57:40.916-0400] {dag.py:2941} INFO - Sync 2 DAGs
[2025-06-14T23:57:40.917-0400] {logging_mixin.py:154} INFO - [2025-06-14T23:57:40.917-0400] {dag.py:3722} INFO - Setting next_dagrun for example_subdag_operator.section-1 to None, run_after=None
[2025-06-14T23:57:40.918-0400] {logging_mixin.py:154} INFO - [2025-06-14T23:57:40.918-0400] {dag.py:3722} INFO - Setting next_dagrun for example_subdag_operator.section-2 to None, run_after=None
[2025-06-14T23:57:40.924-0400] {processor.py:179} INFO - Processing /Users/rah/Desktop/creative_projects/rah_coding_repo/projects/fin_data_project_001/finance-data-project-1/.venv/lib/python3.10/site-packages/airflow/example_dags/example_subdag_operator.py took 0.137 seconds
[2025-06-14T23:58:12.972-0400] {processor.py:157} INFO - Started process (PID=49211) to work on /Users/rah/Desktop/creative_projects/rah_coding_repo/projects/fin_data_project_001/finance-data-project-1/.venv/lib/python3.10/site-packages/airflow/example_dags/example_subdag_operator.py
[2025-06-14T23:58:12.975-0400] {processor.py:829} INFO - Processing file /Users/rah/Desktop/creative_projects/rah_coding_repo/projects/fin_data_project_001/finance-data-project-1/.venv/lib/python3.10/site-packages/airflow/example_dags/example_subdag_operator.py for tasks to queue
[2025-06-14T23:58:12.975-0400] {logging_mixin.py:154} INFO - [2025-06-14T23:58:12.975-0400] {dagbag.py:536} INFO - Filling up the DagBag from /Users/rah/Desktop/creative_projects/rah_coding_repo/projects/fin_data_project_001/finance-data-project-1/.venv/lib/python3.10/site-packages/airflow/example_dags/example_subdag_operator.py
[2025-06-14T23:58:13.045-0400] {processor.py:839} INFO - DAG(s) dict_keys(['example_subdag_operator.section-1', 'example_subdag_operator.section-2', 'example_subdag_operator']) retrieved from /Users/rah/Desktop/creative_projects/rah_coding_repo/projects/fin_data_project_001/finance-data-project-1/.venv/lib/python3.10/site-packages/airflow/example_dags/example_subdag_operator.py
[2025-06-14T23:58:13.104-0400] {logging_mixin.py:154} INFO - [2025-06-14T23:58:13.104-0400] {dag.py:2941} INFO - Sync 3 DAGs
[2025-06-14T23:58:13.112-0400] {logging_mixin.py:154} INFO - [2025-06-14T23:58:13.112-0400] {dag.py:3722} INFO - Setting next_dagrun for example_subdag_operator to 2022-01-01T00:00:00+00:00, run_after=2022-01-01T00:00:00+00:00
[2025-06-14T23:58:13.113-0400] {logging_mixin.py:154} INFO - [2025-06-14T23:58:13.113-0400] {dag.py:3722} INFO - Setting next_dagrun for example_subdag_operator.section-1 to None, run_after=None
[2025-06-14T23:58:13.114-0400] {logging_mixin.py:154} INFO - [2025-06-14T23:58:13.114-0400] {dag.py:3722} INFO - Setting next_dagrun for example_subdag_operator.section-2 to None, run_after=None
[2025-06-14T23:58:13.116-0400] {logging_mixin.py:154} INFO - [2025-06-14T23:58:13.116-0400] {dag.py:2941} INFO - Sync 2 DAGs
[2025-06-14T23:58:13.117-0400] {logging_mixin.py:154} INFO - [2025-06-14T23:58:13.117-0400] {dag.py:3722} INFO - Setting next_dagrun for example_subdag_operator.section-1 to None, run_after=None
[2025-06-14T23:58:13.117-0400] {logging_mixin.py:154} INFO - [2025-06-14T23:58:13.117-0400] {dag.py:3722} INFO - Setting next_dagrun for example_subdag_operator.section-2 to None, run_after=None
[2025-06-14T23:58:13.122-0400] {processor.py:179} INFO - Processing /Users/rah/Desktop/creative_projects/rah_coding_repo/projects/fin_data_project_001/finance-data-project-1/.venv/lib/python3.10/site-packages/airflow/example_dags/example_subdag_operator.py took 0.151 seconds
[2025-06-14T23:58:30.622-0400] {processor.py:157} INFO - Started process (PID=49384) to work on /Users/rah/Desktop/creative_projects/rah_coding_repo/projects/fin_data_project_001/finance-data-project-1/.venv/lib/python3.10/site-packages/airflow/example_dags/example_subdag_operator.py
[2025-06-14T23:58:30.624-0400] {processor.py:829} INFO - Processing file /Users/rah/Desktop/creative_projects/rah_coding_repo/projects/fin_data_project_001/finance-data-project-1/.venv/lib/python3.10/site-packages/airflow/example_dags/example_subdag_operator.py for tasks to queue
[2025-06-14T23:58:30.624-0400] {logging_mixin.py:154} INFO - [2025-06-14T23:58:30.624-0400] {dagbag.py:536} INFO - Filling up the DagBag from /Users/rah/Desktop/creative_projects/rah_coding_repo/projects/fin_data_project_001/finance-data-project-1/.venv/lib/python3.10/site-packages/airflow/example_dags/example_subdag_operator.py
[2025-06-14T23:58:30.690-0400] {processor.py:839} INFO - DAG(s) dict_keys(['example_subdag_operator.section-1', 'example_subdag_operator.section-2', 'example_subdag_operator']) retrieved from /Users/rah/Desktop/creative_projects/rah_coding_repo/projects/fin_data_project_001/finance-data-project-1/.venv/lib/python3.10/site-packages/airflow/example_dags/example_subdag_operator.py
[2025-06-14T23:58:30.750-0400] {logging_mixin.py:154} INFO - [2025-06-14T23:58:30.750-0400] {dag.py:2941} INFO - Sync 3 DAGs
[2025-06-14T23:58:30.758-0400] {logging_mixin.py:154} INFO - [2025-06-14T23:58:30.758-0400] {dag.py:3722} INFO - Setting next_dagrun for example_subdag_operator to 2022-01-01T00:00:00+00:00, run_after=2022-01-01T00:00:00+00:00
[2025-06-14T23:58:30.759-0400] {logging_mixin.py:154} INFO - [2025-06-14T23:58:30.759-0400] {dag.py:3722} INFO - Setting next_dagrun for example_subdag_operator.section-1 to None, run_after=None
[2025-06-14T23:58:30.760-0400] {logging_mixin.py:154} INFO - [2025-06-14T23:58:30.760-0400] {dag.py:3722} INFO - Setting next_dagrun for example_subdag_operator.section-2 to None, run_after=None
[2025-06-14T23:58:30.762-0400] {logging_mixin.py:154} INFO - [2025-06-14T23:58:30.762-0400] {dag.py:2941} INFO - Sync 2 DAGs
[2025-06-14T23:58:30.764-0400] {logging_mixin.py:154} INFO - [2025-06-14T23:58:30.764-0400] {dag.py:3722} INFO - Setting next_dagrun for example_subdag_operator.section-1 to None, run_after=None
[2025-06-14T23:58:30.764-0400] {logging_mixin.py:154} INFO - [2025-06-14T23:58:30.764-0400] {dag.py:3722} INFO - Setting next_dagrun for example_subdag_operator.section-2 to None, run_after=None
[2025-06-14T23:58:30.770-0400] {processor.py:179} INFO - Processing /Users/rah/Desktop/creative_projects/rah_coding_repo/projects/fin_data_project_001/finance-data-project-1/.venv/lib/python3.10/site-packages/airflow/example_dags/example_subdag_operator.py took 0.149 seconds
[2025-06-14T23:59:15.148-0400] {processor.py:157} INFO - Started process (PID=50527) to work on /Users/rah/Desktop/creative_projects/rah_coding_repo/projects/fin_data_project_001/finance-data-project-1/.venv/lib/python3.10/site-packages/airflow/example_dags/example_subdag_operator.py
[2025-06-14T23:59:15.151-0400] {processor.py:829} INFO - Processing file /Users/rah/Desktop/creative_projects/rah_coding_repo/projects/fin_data_project_001/finance-data-project-1/.venv/lib/python3.10/site-packages/airflow/example_dags/example_subdag_operator.py for tasks to queue
[2025-06-14T23:59:15.151-0400] {logging_mixin.py:154} INFO - [2025-06-14T23:59:15.151-0400] {dagbag.py:536} INFO - Filling up the DagBag from /Users/rah/Desktop/creative_projects/rah_coding_repo/projects/fin_data_project_001/finance-data-project-1/.venv/lib/python3.10/site-packages/airflow/example_dags/example_subdag_operator.py
[2025-06-14T23:59:15.218-0400] {processor.py:839} INFO - DAG(s) dict_keys(['example_subdag_operator.section-1', 'example_subdag_operator.section-2', 'example_subdag_operator']) retrieved from /Users/rah/Desktop/creative_projects/rah_coding_repo/projects/fin_data_project_001/finance-data-project-1/.venv/lib/python3.10/site-packages/airflow/example_dags/example_subdag_operator.py
[2025-06-14T23:59:15.275-0400] {logging_mixin.py:154} INFO - [2025-06-14T23:59:15.274-0400] {dag.py:2941} INFO - Sync 3 DAGs
[2025-06-14T23:59:15.283-0400] {logging_mixin.py:154} INFO - [2025-06-14T23:59:15.282-0400] {dag.py:3722} INFO - Setting next_dagrun for example_subdag_operator to 2022-01-01T00:00:00+00:00, run_after=2022-01-01T00:00:00+00:00
[2025-06-14T23:59:15.284-0400] {logging_mixin.py:154} INFO - [2025-06-14T23:59:15.284-0400] {dag.py:3722} INFO - Setting next_dagrun for example_subdag_operator.section-1 to None, run_after=None
[2025-06-14T23:59:15.284-0400] {logging_mixin.py:154} INFO - [2025-06-14T23:59:15.284-0400] {dag.py:3722} INFO - Setting next_dagrun for example_subdag_operator.section-2 to None, run_after=None
[2025-06-14T23:59:15.287-0400] {logging_mixin.py:154} INFO - [2025-06-14T23:59:15.287-0400] {dag.py:2941} INFO - Sync 2 DAGs
[2025-06-14T23:59:15.289-0400] {logging_mixin.py:154} INFO - [2025-06-14T23:59:15.289-0400] {dag.py:3722} INFO - Setting next_dagrun for example_subdag_operator.section-1 to None, run_after=None
[2025-06-14T23:59:15.289-0400] {logging_mixin.py:154} INFO - [2025-06-14T23:59:15.289-0400] {dag.py:3722} INFO - Setting next_dagrun for example_subdag_operator.section-2 to None, run_after=None
[2025-06-14T23:59:15.296-0400] {processor.py:179} INFO - Processing /Users/rah/Desktop/creative_projects/rah_coding_repo/projects/fin_data_project_001/finance-data-project-1/.venv/lib/python3.10/site-packages/airflow/example_dags/example_subdag_operator.py took 0.148 seconds
[2025-06-14T23:59:18.439-0400] {processor.py:157} INFO - Started process (PID=50547) to work on /Users/rah/Desktop/creative_projects/rah_coding_repo/projects/fin_data_project_001/finance-data-project-1/.venv/lib/python3.10/site-packages/airflow/example_dags/example_subdag_operator.py
[2025-06-14T23:59:18.441-0400] {processor.py:829} INFO - Processing file /Users/rah/Desktop/creative_projects/rah_coding_repo/projects/fin_data_project_001/finance-data-project-1/.venv/lib/python3.10/site-packages/airflow/example_dags/example_subdag_operator.py for tasks to queue
[2025-06-14T23:59:18.442-0400] {logging_mixin.py:154} INFO - [2025-06-14T23:59:18.442-0400] {dagbag.py:536} INFO - Filling up the DagBag from /Users/rah/Desktop/creative_projects/rah_coding_repo/projects/fin_data_project_001/finance-data-project-1/.venv/lib/python3.10/site-packages/airflow/example_dags/example_subdag_operator.py
[2025-06-14T23:59:18.511-0400] {processor.py:839} INFO - DAG(s) dict_keys(['example_subdag_operator.section-1', 'example_subdag_operator.section-2', 'example_subdag_operator']) retrieved from /Users/rah/Desktop/creative_projects/rah_coding_repo/projects/fin_data_project_001/finance-data-project-1/.venv/lib/python3.10/site-packages/airflow/example_dags/example_subdag_operator.py
[2025-06-14T23:59:18.569-0400] {logging_mixin.py:154} INFO - [2025-06-14T23:59:18.569-0400] {dag.py:2941} INFO - Sync 3 DAGs
[2025-06-14T23:59:18.577-0400] {logging_mixin.py:154} INFO - [2025-06-14T23:59:18.577-0400] {dag.py:3722} INFO - Setting next_dagrun for example_subdag_operator to 2022-01-01T00:00:00+00:00, run_after=2022-01-01T00:00:00+00:00
[2025-06-14T23:59:18.580-0400] {logging_mixin.py:154} INFO - [2025-06-14T23:59:18.580-0400] {dag.py:3722} INFO - Setting next_dagrun for example_subdag_operator.section-1 to None, run_after=None
[2025-06-14T23:59:18.581-0400] {logging_mixin.py:154} INFO - [2025-06-14T23:59:18.581-0400] {dag.py:3722} INFO - Setting next_dagrun for example_subdag_operator.section-2 to None, run_after=None
[2025-06-14T23:59:18.584-0400] {logging_mixin.py:154} INFO - [2025-06-14T23:59:18.584-0400] {dag.py:2941} INFO - Sync 2 DAGs
[2025-06-14T23:59:18.586-0400] {logging_mixin.py:154} INFO - [2025-06-14T23:59:18.586-0400] {dag.py:3722} INFO - Setting next_dagrun for example_subdag_operator.section-1 to None, run_after=None
[2025-06-14T23:59:18.586-0400] {logging_mixin.py:154} INFO - [2025-06-14T23:59:18.586-0400] {dag.py:3722} INFO - Setting next_dagrun for example_subdag_operator.section-2 to None, run_after=None
[2025-06-14T23:59:18.593-0400] {processor.py:179} INFO - Processing /Users/rah/Desktop/creative_projects/rah_coding_repo/projects/fin_data_project_001/finance-data-project-1/.venv/lib/python3.10/site-packages/airflow/example_dags/example_subdag_operator.py took 0.154 seconds
[2025-06-14T23:59:56.316-0400] {processor.py:157} INFO - Started process (PID=51170) to work on /Users/rah/Desktop/creative_projects/rah_coding_repo/projects/fin_data_project_001/finance-data-project-1/.venv/lib/python3.10/site-packages/airflow/example_dags/example_subdag_operator.py
[2025-06-14T23:59:56.319-0400] {processor.py:829} INFO - Processing file /Users/rah/Desktop/creative_projects/rah_coding_repo/projects/fin_data_project_001/finance-data-project-1/.venv/lib/python3.10/site-packages/airflow/example_dags/example_subdag_operator.py for tasks to queue
[2025-06-14T23:59:56.319-0400] {logging_mixin.py:154} INFO - [2025-06-14T23:59:56.319-0400] {dagbag.py:536} INFO - Filling up the DagBag from /Users/rah/Desktop/creative_projects/rah_coding_repo/projects/fin_data_project_001/finance-data-project-1/.venv/lib/python3.10/site-packages/airflow/example_dags/example_subdag_operator.py
[2025-06-14T23:59:56.393-0400] {processor.py:839} INFO - DAG(s) dict_keys(['example_subdag_operator.section-1', 'example_subdag_operator.section-2', 'example_subdag_operator']) retrieved from /Users/rah/Desktop/creative_projects/rah_coding_repo/projects/fin_data_project_001/finance-data-project-1/.venv/lib/python3.10/site-packages/airflow/example_dags/example_subdag_operator.py
[2025-06-14T23:59:56.453-0400] {logging_mixin.py:154} INFO - [2025-06-14T23:59:56.452-0400] {dag.py:2941} INFO - Sync 3 DAGs
[2025-06-14T23:59:56.460-0400] {logging_mixin.py:154} INFO - [2025-06-14T23:59:56.460-0400] {dag.py:3722} INFO - Setting next_dagrun for example_subdag_operator to 2022-01-01T00:00:00+00:00, run_after=2022-01-01T00:00:00+00:00
[2025-06-14T23:59:56.462-0400] {logging_mixin.py:154} INFO - [2025-06-14T23:59:56.462-0400] {dag.py:3722} INFO - Setting next_dagrun for example_subdag_operator.section-1 to None, run_after=None
[2025-06-14T23:59:56.462-0400] {logging_mixin.py:154} INFO - [2025-06-14T23:59:56.462-0400] {dag.py:3722} INFO - Setting next_dagrun for example_subdag_operator.section-2 to None, run_after=None
[2025-06-14T23:59:56.465-0400] {logging_mixin.py:154} INFO - [2025-06-14T23:59:56.464-0400] {dag.py:2941} INFO - Sync 2 DAGs
[2025-06-14T23:59:56.466-0400] {logging_mixin.py:154} INFO - [2025-06-14T23:59:56.466-0400] {dag.py:3722} INFO - Setting next_dagrun for example_subdag_operator.section-1 to None, run_after=None
[2025-06-14T23:59:56.466-0400] {logging_mixin.py:154} INFO - [2025-06-14T23:59:56.466-0400] {dag.py:3722} INFO - Setting next_dagrun for example_subdag_operator.section-2 to None, run_after=None
[2025-06-14T23:59:56.472-0400] {processor.py:179} INFO - Processing /Users/rah/Desktop/creative_projects/rah_coding_repo/projects/fin_data_project_001/finance-data-project-1/.venv/lib/python3.10/site-packages/airflow/example_dags/example_subdag_operator.py took 0.156 seconds
[2025-06-15T00:00:11.181-0400] {processor.py:157} INFO - Started process (PID=51372) to work on /Users/rah/Desktop/creative_projects/rah_coding_repo/projects/fin_data_project_001/finance-data-project-1/.venv/lib/python3.10/site-packages/airflow/example_dags/example_subdag_operator.py
[2025-06-15T00:00:11.183-0400] {processor.py:829} INFO - Processing file /Users/rah/Desktop/creative_projects/rah_coding_repo/projects/fin_data_project_001/finance-data-project-1/.venv/lib/python3.10/site-packages/airflow/example_dags/example_subdag_operator.py for tasks to queue
[2025-06-15T00:00:11.183-0400] {logging_mixin.py:154} INFO - [2025-06-15T00:00:11.183-0400] {dagbag.py:536} INFO - Filling up the DagBag from /Users/rah/Desktop/creative_projects/rah_coding_repo/projects/fin_data_project_001/finance-data-project-1/.venv/lib/python3.10/site-packages/airflow/example_dags/example_subdag_operator.py
[2025-06-15T00:00:11.241-0400] {processor.py:839} INFO - DAG(s) dict_keys(['example_subdag_operator.section-1', 'example_subdag_operator.section-2', 'example_subdag_operator']) retrieved from /Users/rah/Desktop/creative_projects/rah_coding_repo/projects/fin_data_project_001/finance-data-project-1/.venv/lib/python3.10/site-packages/airflow/example_dags/example_subdag_operator.py
[2025-06-15T00:00:11.293-0400] {logging_mixin.py:154} INFO - [2025-06-15T00:00:11.293-0400] {dag.py:2941} INFO - Sync 3 DAGs
[2025-06-15T00:00:11.300-0400] {logging_mixin.py:154} INFO - [2025-06-15T00:00:11.300-0400] {dag.py:3722} INFO - Setting next_dagrun for example_subdag_operator to 2022-01-01T00:00:00+00:00, run_after=2022-01-01T00:00:00+00:00
[2025-06-15T00:00:11.301-0400] {logging_mixin.py:154} INFO - [2025-06-15T00:00:11.301-0400] {dag.py:3722} INFO - Setting next_dagrun for example_subdag_operator.section-1 to None, run_after=None
[2025-06-15T00:00:11.301-0400] {logging_mixin.py:154} INFO - [2025-06-15T00:00:11.301-0400] {dag.py:3722} INFO - Setting next_dagrun for example_subdag_operator.section-2 to None, run_after=None
[2025-06-15T00:00:11.303-0400] {logging_mixin.py:154} INFO - [2025-06-15T00:00:11.303-0400] {dag.py:2941} INFO - Sync 2 DAGs
[2025-06-15T00:00:11.305-0400] {logging_mixin.py:154} INFO - [2025-06-15T00:00:11.305-0400] {dag.py:3722} INFO - Setting next_dagrun for example_subdag_operator.section-1 to None, run_after=None
[2025-06-15T00:00:11.305-0400] {logging_mixin.py:154} INFO - [2025-06-15T00:00:11.305-0400] {dag.py:3722} INFO - Setting next_dagrun for example_subdag_operator.section-2 to None, run_after=None
[2025-06-15T00:00:11.310-0400] {processor.py:179} INFO - Processing /Users/rah/Desktop/creative_projects/rah_coding_repo/projects/fin_data_project_001/finance-data-project-1/.venv/lib/python3.10/site-packages/airflow/example_dags/example_subdag_operator.py took 0.130 seconds
[2025-06-15T00:00:42.077-0400] {processor.py:157} INFO - Started process (PID=51836) to work on /Users/rah/Desktop/creative_projects/rah_coding_repo/projects/fin_data_project_001/finance-data-project-1/.venv/lib/python3.10/site-packages/airflow/example_dags/example_subdag_operator.py
[2025-06-15T00:00:42.080-0400] {processor.py:829} INFO - Processing file /Users/rah/Desktop/creative_projects/rah_coding_repo/projects/fin_data_project_001/finance-data-project-1/.venv/lib/python3.10/site-packages/airflow/example_dags/example_subdag_operator.py for tasks to queue
[2025-06-15T00:00:42.080-0400] {logging_mixin.py:154} INFO - [2025-06-15T00:00:42.080-0400] {dagbag.py:536} INFO - Filling up the DagBag from /Users/rah/Desktop/creative_projects/rah_coding_repo/projects/fin_data_project_001/finance-data-project-1/.venv/lib/python3.10/site-packages/airflow/example_dags/example_subdag_operator.py
[2025-06-15T00:00:42.142-0400] {processor.py:839} INFO - DAG(s) dict_keys(['example_subdag_operator.section-1', 'example_subdag_operator.section-2', 'example_subdag_operator']) retrieved from /Users/rah/Desktop/creative_projects/rah_coding_repo/projects/fin_data_project_001/finance-data-project-1/.venv/lib/python3.10/site-packages/airflow/example_dags/example_subdag_operator.py
[2025-06-15T00:00:42.196-0400] {logging_mixin.py:154} INFO - [2025-06-15T00:00:42.196-0400] {dag.py:2941} INFO - Sync 3 DAGs
[2025-06-15T00:00:42.204-0400] {logging_mixin.py:154} INFO - [2025-06-15T00:00:42.204-0400] {dag.py:3722} INFO - Setting next_dagrun for example_subdag_operator to 2022-01-01T00:00:00+00:00, run_after=2022-01-01T00:00:00+00:00
[2025-06-15T00:00:42.205-0400] {logging_mixin.py:154} INFO - [2025-06-15T00:00:42.205-0400] {dag.py:3722} INFO - Setting next_dagrun for example_subdag_operator.section-1 to None, run_after=None
[2025-06-15T00:00:42.205-0400] {logging_mixin.py:154} INFO - [2025-06-15T00:00:42.205-0400] {dag.py:3722} INFO - Setting next_dagrun for example_subdag_operator.section-2 to None, run_after=None
[2025-06-15T00:00:42.208-0400] {logging_mixin.py:154} INFO - [2025-06-15T00:00:42.208-0400] {dag.py:2941} INFO - Sync 2 DAGs
[2025-06-15T00:00:42.209-0400] {logging_mixin.py:154} INFO - [2025-06-15T00:00:42.209-0400] {dag.py:3722} INFO - Setting next_dagrun for example_subdag_operator.section-1 to None, run_after=None
[2025-06-15T00:00:42.209-0400] {logging_mixin.py:154} INFO - [2025-06-15T00:00:42.209-0400] {dag.py:3722} INFO - Setting next_dagrun for example_subdag_operator.section-2 to None, run_after=None
[2025-06-15T00:00:42.215-0400] {processor.py:179} INFO - Processing /Users/rah/Desktop/creative_projects/rah_coding_repo/projects/fin_data_project_001/finance-data-project-1/.venv/lib/python3.10/site-packages/airflow/example_dags/example_subdag_operator.py took 0.139 seconds
[2025-06-15T00:00:45.133-0400] {processor.py:157} INFO - Started process (PID=51851) to work on /Users/rah/Desktop/creative_projects/rah_coding_repo/projects/fin_data_project_001/finance-data-project-1/.venv/lib/python3.10/site-packages/airflow/example_dags/example_subdag_operator.py
[2025-06-15T00:00:45.135-0400] {processor.py:829} INFO - Processing file /Users/rah/Desktop/creative_projects/rah_coding_repo/projects/fin_data_project_001/finance-data-project-1/.venv/lib/python3.10/site-packages/airflow/example_dags/example_subdag_operator.py for tasks to queue
[2025-06-15T00:00:45.136-0400] {logging_mixin.py:154} INFO - [2025-06-15T00:00:45.136-0400] {dagbag.py:536} INFO - Filling up the DagBag from /Users/rah/Desktop/creative_projects/rah_coding_repo/projects/fin_data_project_001/finance-data-project-1/.venv/lib/python3.10/site-packages/airflow/example_dags/example_subdag_operator.py
[2025-06-15T00:00:45.202-0400] {processor.py:839} INFO - DAG(s) dict_keys(['example_subdag_operator.section-1', 'example_subdag_operator.section-2', 'example_subdag_operator']) retrieved from /Users/rah/Desktop/creative_projects/rah_coding_repo/projects/fin_data_project_001/finance-data-project-1/.venv/lib/python3.10/site-packages/airflow/example_dags/example_subdag_operator.py
[2025-06-15T00:00:45.259-0400] {logging_mixin.py:154} INFO - [2025-06-15T00:00:45.259-0400] {dag.py:2941} INFO - Sync 3 DAGs
[2025-06-15T00:00:45.267-0400] {logging_mixin.py:154} INFO - [2025-06-15T00:00:45.267-0400] {dag.py:3722} INFO - Setting next_dagrun for example_subdag_operator to 2022-01-01T00:00:00+00:00, run_after=2022-01-01T00:00:00+00:00
[2025-06-15T00:00:45.268-0400] {logging_mixin.py:154} INFO - [2025-06-15T00:00:45.268-0400] {dag.py:3722} INFO - Setting next_dagrun for example_subdag_operator.section-1 to None, run_after=None
[2025-06-15T00:00:45.268-0400] {logging_mixin.py:154} INFO - [2025-06-15T00:00:45.268-0400] {dag.py:3722} INFO - Setting next_dagrun for example_subdag_operator.section-2 to None, run_after=None
[2025-06-15T00:00:45.271-0400] {logging_mixin.py:154} INFO - [2025-06-15T00:00:45.271-0400] {dag.py:2941} INFO - Sync 2 DAGs
[2025-06-15T00:00:45.272-0400] {logging_mixin.py:154} INFO - [2025-06-15T00:00:45.272-0400] {dag.py:3722} INFO - Setting next_dagrun for example_subdag_operator.section-1 to None, run_after=None
[2025-06-15T00:00:45.272-0400] {logging_mixin.py:154} INFO - [2025-06-15T00:00:45.272-0400] {dag.py:3722} INFO - Setting next_dagrun for example_subdag_operator.section-2 to None, run_after=None
[2025-06-15T00:00:45.277-0400] {processor.py:179} INFO - Processing /Users/rah/Desktop/creative_projects/rah_coding_repo/projects/fin_data_project_001/finance-data-project-1/.venv/lib/python3.10/site-packages/airflow/example_dags/example_subdag_operator.py took 0.145 seconds
[2025-06-15T00:01:32.901-0400] {processor.py:157} INFO - Started process (PID=52650) to work on /Users/rah/Desktop/creative_projects/rah_coding_repo/projects/fin_data_project_001/finance-data-project-1/.venv/lib/python3.10/site-packages/airflow/example_dags/example_subdag_operator.py
[2025-06-15T00:01:32.905-0400] {processor.py:829} INFO - Processing file /Users/rah/Desktop/creative_projects/rah_coding_repo/projects/fin_data_project_001/finance-data-project-1/.venv/lib/python3.10/site-packages/airflow/example_dags/example_subdag_operator.py for tasks to queue
[2025-06-15T00:01:32.905-0400] {logging_mixin.py:154} INFO - [2025-06-15T00:01:32.905-0400] {dagbag.py:536} INFO - Filling up the DagBag from /Users/rah/Desktop/creative_projects/rah_coding_repo/projects/fin_data_project_001/finance-data-project-1/.venv/lib/python3.10/site-packages/airflow/example_dags/example_subdag_operator.py
[2025-06-15T00:01:32.970-0400] {processor.py:839} INFO - DAG(s) dict_keys(['example_subdag_operator.section-1', 'example_subdag_operator.section-2', 'example_subdag_operator']) retrieved from /Users/rah/Desktop/creative_projects/rah_coding_repo/projects/fin_data_project_001/finance-data-project-1/.venv/lib/python3.10/site-packages/airflow/example_dags/example_subdag_operator.py
[2025-06-15T00:01:33.026-0400] {logging_mixin.py:154} INFO - [2025-06-15T00:01:33.026-0400] {dag.py:2941} INFO - Sync 3 DAGs
[2025-06-15T00:01:33.034-0400] {logging_mixin.py:154} INFO - [2025-06-15T00:01:33.034-0400] {dag.py:3722} INFO - Setting next_dagrun for example_subdag_operator to 2022-01-01T00:00:00+00:00, run_after=2022-01-01T00:00:00+00:00
[2025-06-15T00:01:33.035-0400] {logging_mixin.py:154} INFO - [2025-06-15T00:01:33.035-0400] {dag.py:3722} INFO - Setting next_dagrun for example_subdag_operator.section-1 to None, run_after=None
[2025-06-15T00:01:33.036-0400] {logging_mixin.py:154} INFO - [2025-06-15T00:01:33.036-0400] {dag.py:3722} INFO - Setting next_dagrun for example_subdag_operator.section-2 to None, run_after=None
[2025-06-15T00:01:33.038-0400] {logging_mixin.py:154} INFO - [2025-06-15T00:01:33.038-0400] {dag.py:2941} INFO - Sync 2 DAGs
[2025-06-15T00:01:33.040-0400] {logging_mixin.py:154} INFO - [2025-06-15T00:01:33.040-0400] {dag.py:3722} INFO - Setting next_dagrun for example_subdag_operator.section-1 to None, run_after=None
[2025-06-15T00:01:33.040-0400] {logging_mixin.py:154} INFO - [2025-06-15T00:01:33.040-0400] {dag.py:3722} INFO - Setting next_dagrun for example_subdag_operator.section-2 to None, run_after=None
[2025-06-15T00:01:33.045-0400] {processor.py:179} INFO - Processing /Users/rah/Desktop/creative_projects/rah_coding_repo/projects/fin_data_project_001/finance-data-project-1/.venv/lib/python3.10/site-packages/airflow/example_dags/example_subdag_operator.py took 0.144 seconds
[2025-06-15T00:01:45.461-0400] {processor.py:157} INFO - Started process (PID=52818) to work on /Users/rah/Desktop/creative_projects/rah_coding_repo/projects/fin_data_project_001/finance-data-project-1/.venv/lib/python3.10/site-packages/airflow/example_dags/example_subdag_operator.py
[2025-06-15T00:01:45.463-0400] {processor.py:829} INFO - Processing file /Users/rah/Desktop/creative_projects/rah_coding_repo/projects/fin_data_project_001/finance-data-project-1/.venv/lib/python3.10/site-packages/airflow/example_dags/example_subdag_operator.py for tasks to queue
[2025-06-15T00:01:45.464-0400] {logging_mixin.py:154} INFO - [2025-06-15T00:01:45.463-0400] {dagbag.py:536} INFO - Filling up the DagBag from /Users/rah/Desktop/creative_projects/rah_coding_repo/projects/fin_data_project_001/finance-data-project-1/.venv/lib/python3.10/site-packages/airflow/example_dags/example_subdag_operator.py
[2025-06-15T00:01:45.532-0400] {processor.py:839} INFO - DAG(s) dict_keys(['example_subdag_operator.section-1', 'example_subdag_operator.section-2', 'example_subdag_operator']) retrieved from /Users/rah/Desktop/creative_projects/rah_coding_repo/projects/fin_data_project_001/finance-data-project-1/.venv/lib/python3.10/site-packages/airflow/example_dags/example_subdag_operator.py
[2025-06-15T00:01:45.586-0400] {logging_mixin.py:154} INFO - [2025-06-15T00:01:45.586-0400] {dag.py:2941} INFO - Sync 3 DAGs
[2025-06-15T00:01:45.593-0400] {logging_mixin.py:154} INFO - [2025-06-15T00:01:45.593-0400] {dag.py:3722} INFO - Setting next_dagrun for example_subdag_operator to 2022-01-01T00:00:00+00:00, run_after=2022-01-01T00:00:00+00:00
[2025-06-15T00:01:45.594-0400] {logging_mixin.py:154} INFO - [2025-06-15T00:01:45.594-0400] {dag.py:3722} INFO - Setting next_dagrun for example_subdag_operator.section-1 to None, run_after=None
[2025-06-15T00:01:45.595-0400] {logging_mixin.py:154} INFO - [2025-06-15T00:01:45.595-0400] {dag.py:3722} INFO - Setting next_dagrun for example_subdag_operator.section-2 to None, run_after=None
[2025-06-15T00:01:45.597-0400] {logging_mixin.py:154} INFO - [2025-06-15T00:01:45.597-0400] {dag.py:2941} INFO - Sync 2 DAGs
[2025-06-15T00:01:45.598-0400] {logging_mixin.py:154} INFO - [2025-06-15T00:01:45.598-0400] {dag.py:3722} INFO - Setting next_dagrun for example_subdag_operator.section-1 to None, run_after=None
[2025-06-15T00:01:45.599-0400] {logging_mixin.py:154} INFO - [2025-06-15T00:01:45.599-0400] {dag.py:3722} INFO - Setting next_dagrun for example_subdag_operator.section-2 to None, run_after=None
[2025-06-15T00:01:45.603-0400] {processor.py:179} INFO - Processing /Users/rah/Desktop/creative_projects/rah_coding_repo/projects/fin_data_project_001/finance-data-project-1/.venv/lib/python3.10/site-packages/airflow/example_dags/example_subdag_operator.py took 0.143 seconds
[2025-06-15T00:02:14.485-0400] {processor.py:157} INFO - Started process (PID=53302) to work on /Users/rah/Desktop/creative_projects/rah_coding_repo/projects/fin_data_project_001/finance-data-project-1/.venv/lib/python3.10/site-packages/airflow/example_dags/example_subdag_operator.py
[2025-06-15T00:02:14.487-0400] {processor.py:829} INFO - Processing file /Users/rah/Desktop/creative_projects/rah_coding_repo/projects/fin_data_project_001/finance-data-project-1/.venv/lib/python3.10/site-packages/airflow/example_dags/example_subdag_operator.py for tasks to queue
[2025-06-15T00:02:14.487-0400] {logging_mixin.py:154} INFO - [2025-06-15T00:02:14.487-0400] {dagbag.py:536} INFO - Filling up the DagBag from /Users/rah/Desktop/creative_projects/rah_coding_repo/projects/fin_data_project_001/finance-data-project-1/.venv/lib/python3.10/site-packages/airflow/example_dags/example_subdag_operator.py
[2025-06-15T00:02:14.549-0400] {processor.py:839} INFO - DAG(s) dict_keys(['example_subdag_operator.section-1', 'example_subdag_operator.section-2', 'example_subdag_operator']) retrieved from /Users/rah/Desktop/creative_projects/rah_coding_repo/projects/fin_data_project_001/finance-data-project-1/.venv/lib/python3.10/site-packages/airflow/example_dags/example_subdag_operator.py
[2025-06-15T00:02:14.604-0400] {logging_mixin.py:154} INFO - [2025-06-15T00:02:14.604-0400] {dag.py:2941} INFO - Sync 3 DAGs
[2025-06-15T00:02:14.612-0400] {logging_mixin.py:154} INFO - [2025-06-15T00:02:14.612-0400] {dag.py:3722} INFO - Setting next_dagrun for example_subdag_operator to 2022-01-01T00:00:00+00:00, run_after=2022-01-01T00:00:00+00:00
[2025-06-15T00:02:14.613-0400] {logging_mixin.py:154} INFO - [2025-06-15T00:02:14.613-0400] {dag.py:3722} INFO - Setting next_dagrun for example_subdag_operator.section-1 to None, run_after=None
[2025-06-15T00:02:14.613-0400] {logging_mixin.py:154} INFO - [2025-06-15T00:02:14.613-0400] {dag.py:3722} INFO - Setting next_dagrun for example_subdag_operator.section-2 to None, run_after=None
[2025-06-15T00:02:14.615-0400] {logging_mixin.py:154} INFO - [2025-06-15T00:02:14.615-0400] {dag.py:2941} INFO - Sync 2 DAGs
[2025-06-15T00:02:14.617-0400] {logging_mixin.py:154} INFO - [2025-06-15T00:02:14.617-0400] {dag.py:3722} INFO - Setting next_dagrun for example_subdag_operator.section-1 to None, run_after=None
[2025-06-15T00:02:14.617-0400] {logging_mixin.py:154} INFO - [2025-06-15T00:02:14.617-0400] {dag.py:3722} INFO - Setting next_dagrun for example_subdag_operator.section-2 to None, run_after=None
[2025-06-15T00:02:14.622-0400] {processor.py:179} INFO - Processing /Users/rah/Desktop/creative_projects/rah_coding_repo/projects/fin_data_project_001/finance-data-project-1/.venv/lib/python3.10/site-packages/airflow/example_dags/example_subdag_operator.py took 0.138 seconds
[2025-06-15T00:02:20.532-0400] {processor.py:157} INFO - Started process (PID=53334) to work on /Users/rah/Desktop/creative_projects/rah_coding_repo/projects/fin_data_project_001/finance-data-project-1/.venv/lib/python3.10/site-packages/airflow/example_dags/example_subdag_operator.py
[2025-06-15T00:02:20.534-0400] {processor.py:829} INFO - Processing file /Users/rah/Desktop/creative_projects/rah_coding_repo/projects/fin_data_project_001/finance-data-project-1/.venv/lib/python3.10/site-packages/airflow/example_dags/example_subdag_operator.py for tasks to queue
[2025-06-15T00:02:20.535-0400] {logging_mixin.py:154} INFO - [2025-06-15T00:02:20.534-0400] {dagbag.py:536} INFO - Filling up the DagBag from /Users/rah/Desktop/creative_projects/rah_coding_repo/projects/fin_data_project_001/finance-data-project-1/.venv/lib/python3.10/site-packages/airflow/example_dags/example_subdag_operator.py
[2025-06-15T00:02:20.599-0400] {processor.py:839} INFO - DAG(s) dict_keys(['example_subdag_operator.section-1', 'example_subdag_operator.section-2', 'example_subdag_operator']) retrieved from /Users/rah/Desktop/creative_projects/rah_coding_repo/projects/fin_data_project_001/finance-data-project-1/.venv/lib/python3.10/site-packages/airflow/example_dags/example_subdag_operator.py
[2025-06-15T00:02:20.655-0400] {logging_mixin.py:154} INFO - [2025-06-15T00:02:20.655-0400] {dag.py:2941} INFO - Sync 3 DAGs
[2025-06-15T00:02:20.662-0400] {logging_mixin.py:154} INFO - [2025-06-15T00:02:20.662-0400] {dag.py:3722} INFO - Setting next_dagrun for example_subdag_operator to 2022-01-01T00:00:00+00:00, run_after=2022-01-01T00:00:00+00:00
[2025-06-15T00:02:20.664-0400] {logging_mixin.py:154} INFO - [2025-06-15T00:02:20.663-0400] {dag.py:3722} INFO - Setting next_dagrun for example_subdag_operator.section-1 to None, run_after=None
[2025-06-15T00:02:20.664-0400] {logging_mixin.py:154} INFO - [2025-06-15T00:02:20.664-0400] {dag.py:3722} INFO - Setting next_dagrun for example_subdag_operator.section-2 to None, run_after=None
[2025-06-15T00:02:20.666-0400] {logging_mixin.py:154} INFO - [2025-06-15T00:02:20.666-0400] {dag.py:2941} INFO - Sync 2 DAGs
[2025-06-15T00:02:20.667-0400] {logging_mixin.py:154} INFO - [2025-06-15T00:02:20.667-0400] {dag.py:3722} INFO - Setting next_dagrun for example_subdag_operator.section-1 to None, run_after=None
[2025-06-15T00:02:20.668-0400] {logging_mixin.py:154} INFO - [2025-06-15T00:02:20.667-0400] {dag.py:3722} INFO - Setting next_dagrun for example_subdag_operator.section-2 to None, run_after=None
[2025-06-15T00:02:20.673-0400] {processor.py:179} INFO - Processing /Users/rah/Desktop/creative_projects/rah_coding_repo/projects/fin_data_project_001/finance-data-project-1/.venv/lib/python3.10/site-packages/airflow/example_dags/example_subdag_operator.py took 0.142 seconds
[2025-06-15T00:03:19.201-0400] {processor.py:157} INFO - Started process (PID=54308) to work on /Users/rah/.pyenv/versions/3.10.11/lib/python3.10/site-packages/airflow/example_dags/example_subdag_operator.py
[2025-06-15T00:03:19.203-0400] {processor.py:829} INFO - Processing file /Users/rah/.pyenv/versions/3.10.11/lib/python3.10/site-packages/airflow/example_dags/example_subdag_operator.py for tasks to queue
[2025-06-15T00:03:19.204-0400] {logging_mixin.py:154} INFO - [2025-06-15T00:03:19.203-0400] {dagbag.py:536} INFO - Filling up the DagBag from /Users/rah/.pyenv/versions/3.10.11/lib/python3.10/site-packages/airflow/example_dags/example_subdag_operator.py
[2025-06-15T00:03:19.284-0400] {processor.py:839} INFO - DAG(s) dict_keys(['example_subdag_operator.section-1', 'example_subdag_operator.section-2', 'example_subdag_operator']) retrieved from /Users/rah/.pyenv/versions/3.10.11/lib/python3.10/site-packages/airflow/example_dags/example_subdag_operator.py
[2025-06-15T00:03:19.562-0400] {logging_mixin.py:154} INFO - [2025-06-15T00:03:19.562-0400] {dag.py:2941} INFO - Sync 3 DAGs
[2025-06-15T00:03:19.569-0400] {logging_mixin.py:154} INFO - [2025-06-15T00:03:19.569-0400] {dag.py:3722} INFO - Setting next_dagrun for example_subdag_operator to 2022-01-01T00:00:00+00:00, run_after=2022-01-01T00:00:00+00:00
[2025-06-15T00:03:19.570-0400] {logging_mixin.py:154} INFO - [2025-06-15T00:03:19.570-0400] {dag.py:3722} INFO - Setting next_dagrun for example_subdag_operator.section-1 to None, run_after=None
[2025-06-15T00:03:19.571-0400] {logging_mixin.py:154} INFO - [2025-06-15T00:03:19.571-0400] {dag.py:3722} INFO - Setting next_dagrun for example_subdag_operator.section-2 to None, run_after=None
[2025-06-15T00:03:19.573-0400] {logging_mixin.py:154} INFO - [2025-06-15T00:03:19.573-0400] {dag.py:2941} INFO - Sync 2 DAGs
[2025-06-15T00:03:19.575-0400] {logging_mixin.py:154} INFO - [2025-06-15T00:03:19.575-0400] {dag.py:3722} INFO - Setting next_dagrun for example_subdag_operator.section-1 to None, run_after=None
[2025-06-15T00:03:19.575-0400] {logging_mixin.py:154} INFO - [2025-06-15T00:03:19.575-0400] {dag.py:3722} INFO - Setting next_dagrun for example_subdag_operator.section-2 to None, run_after=None
[2025-06-15T00:03:19.580-0400] {processor.py:179} INFO - Processing /Users/rah/.pyenv/versions/3.10.11/lib/python3.10/site-packages/airflow/example_dags/example_subdag_operator.py took 0.380 seconds
[2025-06-15T00:06:41.685-0400] {processor.py:157} INFO - Started process (PID=57014) to work on /Users/rah/.pyenv/versions/3.10.11/lib/python3.10/site-packages/airflow/example_dags/example_subdag_operator.py
[2025-06-15T00:06:41.689-0400] {processor.py:829} INFO - Processing file /Users/rah/.pyenv/versions/3.10.11/lib/python3.10/site-packages/airflow/example_dags/example_subdag_operator.py for tasks to queue
[2025-06-15T00:06:41.689-0400] {logging_mixin.py:154} INFO - [2025-06-15T00:06:41.689-0400] {dagbag.py:536} INFO - Filling up the DagBag from /Users/rah/.pyenv/versions/3.10.11/lib/python3.10/site-packages/airflow/example_dags/example_subdag_operator.py
[2025-06-15T00:06:41.790-0400] {processor.py:839} INFO - DAG(s) dict_keys(['example_subdag_operator.section-1', 'example_subdag_operator.section-2', 'example_subdag_operator']) retrieved from /Users/rah/.pyenv/versions/3.10.11/lib/python3.10/site-packages/airflow/example_dags/example_subdag_operator.py
[2025-06-15T00:06:41.852-0400] {logging_mixin.py:154} INFO - [2025-06-15T00:06:41.852-0400] {dag.py:2941} INFO - Sync 3 DAGs
[2025-06-15T00:06:41.860-0400] {logging_mixin.py:154} INFO - [2025-06-15T00:06:41.860-0400] {dag.py:3722} INFO - Setting next_dagrun for example_subdag_operator to 2022-01-01T00:00:00+00:00, run_after=2022-01-01T00:00:00+00:00
[2025-06-15T00:06:41.861-0400] {logging_mixin.py:154} INFO - [2025-06-15T00:06:41.861-0400] {dag.py:3722} INFO - Setting next_dagrun for example_subdag_operator.section-1 to None, run_after=None
[2025-06-15T00:06:41.862-0400] {logging_mixin.py:154} INFO - [2025-06-15T00:06:41.862-0400] {dag.py:3722} INFO - Setting next_dagrun for example_subdag_operator.section-2 to None, run_after=None
[2025-06-15T00:06:41.864-0400] {logging_mixin.py:154} INFO - [2025-06-15T00:06:41.864-0400] {dag.py:2941} INFO - Sync 2 DAGs
[2025-06-15T00:06:41.866-0400] {logging_mixin.py:154} INFO - [2025-06-15T00:06:41.866-0400] {dag.py:3722} INFO - Setting next_dagrun for example_subdag_operator.section-1 to None, run_after=None
[2025-06-15T00:06:41.866-0400] {logging_mixin.py:154} INFO - [2025-06-15T00:06:41.866-0400] {dag.py:3722} INFO - Setting next_dagrun for example_subdag_operator.section-2 to None, run_after=None
[2025-06-15T00:06:41.872-0400] {processor.py:179} INFO - Processing /Users/rah/.pyenv/versions/3.10.11/lib/python3.10/site-packages/airflow/example_dags/example_subdag_operator.py took 0.188 seconds
[2025-06-15T00:08:10.459-0400] {processor.py:157} INFO - Started process (PID=58072) to work on /Users/rah/.pyenv/versions/3.10.11/lib/python3.10/site-packages/airflow/example_dags/example_subdag_operator.py
[2025-06-15T00:08:10.462-0400] {processor.py:829} INFO - Processing file /Users/rah/.pyenv/versions/3.10.11/lib/python3.10/site-packages/airflow/example_dags/example_subdag_operator.py for tasks to queue
[2025-06-15T00:08:10.463-0400] {logging_mixin.py:154} INFO - [2025-06-15T00:08:10.463-0400] {dagbag.py:536} INFO - Filling up the DagBag from /Users/rah/.pyenv/versions/3.10.11/lib/python3.10/site-packages/airflow/example_dags/example_subdag_operator.py
[2025-06-15T00:08:10.547-0400] {processor.py:839} INFO - DAG(s) dict_keys(['example_subdag_operator.section-1', 'example_subdag_operator.section-2', 'example_subdag_operator']) retrieved from /Users/rah/.pyenv/versions/3.10.11/lib/python3.10/site-packages/airflow/example_dags/example_subdag_operator.py
[2025-06-15T00:08:10.601-0400] {logging_mixin.py:154} INFO - [2025-06-15T00:08:10.601-0400] {dag.py:2941} INFO - Sync 3 DAGs
[2025-06-15T00:08:10.607-0400] {logging_mixin.py:154} INFO - [2025-06-15T00:08:10.607-0400] {dag.py:3722} INFO - Setting next_dagrun for example_subdag_operator to 2022-01-01T00:00:00+00:00, run_after=2022-01-01T00:00:00+00:00
[2025-06-15T00:08:10.608-0400] {logging_mixin.py:154} INFO - [2025-06-15T00:08:10.608-0400] {dag.py:3722} INFO - Setting next_dagrun for example_subdag_operator.section-1 to None, run_after=None
[2025-06-15T00:08:10.609-0400] {logging_mixin.py:154} INFO - [2025-06-15T00:08:10.609-0400] {dag.py:3722} INFO - Setting next_dagrun for example_subdag_operator.section-2 to None, run_after=None
[2025-06-15T00:08:10.611-0400] {logging_mixin.py:154} INFO - [2025-06-15T00:08:10.611-0400] {dag.py:2941} INFO - Sync 2 DAGs
[2025-06-15T00:08:10.612-0400] {logging_mixin.py:154} INFO - [2025-06-15T00:08:10.612-0400] {dag.py:3722} INFO - Setting next_dagrun for example_subdag_operator.section-1 to None, run_after=None
[2025-06-15T00:08:10.612-0400] {logging_mixin.py:154} INFO - [2025-06-15T00:08:10.612-0400] {dag.py:3722} INFO - Setting next_dagrun for example_subdag_operator.section-2 to None, run_after=None
[2025-06-15T00:08:10.617-0400] {processor.py:179} INFO - Processing /Users/rah/.pyenv/versions/3.10.11/lib/python3.10/site-packages/airflow/example_dags/example_subdag_operator.py took 0.158 seconds
[2025-06-15T00:09:54.054-0400] {processor.py:157} INFO - Started process (PID=60274) to work on /Users/rah/.pyenv/versions/3.10.11/lib/python3.10/site-packages/airflow/example_dags/example_subdag_operator.py
[2025-06-15T00:09:54.056-0400] {processor.py:829} INFO - Processing file /Users/rah/.pyenv/versions/3.10.11/lib/python3.10/site-packages/airflow/example_dags/example_subdag_operator.py for tasks to queue
[2025-06-15T00:09:54.057-0400] {logging_mixin.py:154} INFO - [2025-06-15T00:09:54.057-0400] {dagbag.py:536} INFO - Filling up the DagBag from /Users/rah/.pyenv/versions/3.10.11/lib/python3.10/site-packages/airflow/example_dags/example_subdag_operator.py
[2025-06-15T00:09:54.135-0400] {processor.py:839} INFO - DAG(s) dict_keys(['example_subdag_operator.section-1', 'example_subdag_operator.section-2', 'example_subdag_operator']) retrieved from /Users/rah/.pyenv/versions/3.10.11/lib/python3.10/site-packages/airflow/example_dags/example_subdag_operator.py
[2025-06-15T00:09:54.185-0400] {logging_mixin.py:154} INFO - [2025-06-15T00:09:54.185-0400] {dag.py:2941} INFO - Sync 3 DAGs
[2025-06-15T00:09:54.191-0400] {logging_mixin.py:154} INFO - [2025-06-15T00:09:54.191-0400] {dag.py:3722} INFO - Setting next_dagrun for example_subdag_operator to 2022-01-01T00:00:00+00:00, run_after=2022-01-01T00:00:00+00:00
[2025-06-15T00:09:54.192-0400] {logging_mixin.py:154} INFO - [2025-06-15T00:09:54.192-0400] {dag.py:3722} INFO - Setting next_dagrun for example_subdag_operator.section-1 to None, run_after=None
[2025-06-15T00:09:54.193-0400] {logging_mixin.py:154} INFO - [2025-06-15T00:09:54.193-0400] {dag.py:3722} INFO - Setting next_dagrun for example_subdag_operator.section-2 to None, run_after=None
[2025-06-15T00:09:54.195-0400] {logging_mixin.py:154} INFO - [2025-06-15T00:09:54.195-0400] {dag.py:2941} INFO - Sync 2 DAGs
[2025-06-15T00:09:54.196-0400] {logging_mixin.py:154} INFO - [2025-06-15T00:09:54.196-0400] {dag.py:3722} INFO - Setting next_dagrun for example_subdag_operator.section-1 to None, run_after=None
[2025-06-15T00:09:54.196-0400] {logging_mixin.py:154} INFO - [2025-06-15T00:09:54.196-0400] {dag.py:3722} INFO - Setting next_dagrun for example_subdag_operator.section-2 to None, run_after=None
[2025-06-15T00:09:54.201-0400] {processor.py:179} INFO - Processing /Users/rah/.pyenv/versions/3.10.11/lib/python3.10/site-packages/airflow/example_dags/example_subdag_operator.py took 0.148 seconds
[2025-06-15T00:11:33.139-0400] {processor.py:157} INFO - Started process (PID=61457) to work on /Users/rah/.pyenv/versions/3.10.11/lib/python3.10/site-packages/airflow/example_dags/example_subdag_operator.py
[2025-06-15T00:11:33.142-0400] {processor.py:829} INFO - Processing file /Users/rah/.pyenv/versions/3.10.11/lib/python3.10/site-packages/airflow/example_dags/example_subdag_operator.py for tasks to queue
[2025-06-15T00:11:33.143-0400] {logging_mixin.py:154} INFO - [2025-06-15T00:11:33.143-0400] {dagbag.py:536} INFO - Filling up the DagBag from /Users/rah/.pyenv/versions/3.10.11/lib/python3.10/site-packages/airflow/example_dags/example_subdag_operator.py
[2025-06-15T00:11:33.229-0400] {processor.py:839} INFO - DAG(s) dict_keys(['example_subdag_operator.section-1', 'example_subdag_operator.section-2', 'example_subdag_operator']) retrieved from /Users/rah/.pyenv/versions/3.10.11/lib/python3.10/site-packages/airflow/example_dags/example_subdag_operator.py
[2025-06-15T00:11:33.283-0400] {logging_mixin.py:154} INFO - [2025-06-15T00:11:33.283-0400] {dag.py:2941} INFO - Sync 3 DAGs
[2025-06-15T00:11:33.290-0400] {logging_mixin.py:154} INFO - [2025-06-15T00:11:33.290-0400] {dag.py:3722} INFO - Setting next_dagrun for example_subdag_operator to 2022-01-01T00:00:00+00:00, run_after=2022-01-01T00:00:00+00:00
[2025-06-15T00:11:33.291-0400] {logging_mixin.py:154} INFO - [2025-06-15T00:11:33.291-0400] {dag.py:3722} INFO - Setting next_dagrun for example_subdag_operator.section-1 to None, run_after=None
[2025-06-15T00:11:33.291-0400] {logging_mixin.py:154} INFO - [2025-06-15T00:11:33.291-0400] {dag.py:3722} INFO - Setting next_dagrun for example_subdag_operator.section-2 to None, run_after=None
[2025-06-15T00:11:33.294-0400] {logging_mixin.py:154} INFO - [2025-06-15T00:11:33.294-0400] {dag.py:2941} INFO - Sync 2 DAGs
[2025-06-15T00:11:33.295-0400] {logging_mixin.py:154} INFO - [2025-06-15T00:11:33.295-0400] {dag.py:3722} INFO - Setting next_dagrun for example_subdag_operator.section-1 to None, run_after=None
[2025-06-15T00:11:33.296-0400] {logging_mixin.py:154} INFO - [2025-06-15T00:11:33.296-0400] {dag.py:3722} INFO - Setting next_dagrun for example_subdag_operator.section-2 to None, run_after=None
[2025-06-15T00:11:33.301-0400] {processor.py:179} INFO - Processing /Users/rah/.pyenv/versions/3.10.11/lib/python3.10/site-packages/airflow/example_dags/example_subdag_operator.py took 0.162 seconds
[2025-06-15T00:13:17.873-0400] {processor.py:157} INFO - Started process (PID=63302) to work on /Users/rah/.pyenv/versions/3.10.11/lib/python3.10/site-packages/airflow/example_dags/example_subdag_operator.py
[2025-06-15T00:13:17.876-0400] {processor.py:829} INFO - Processing file /Users/rah/.pyenv/versions/3.10.11/lib/python3.10/site-packages/airflow/example_dags/example_subdag_operator.py for tasks to queue
[2025-06-15T00:13:17.876-0400] {logging_mixin.py:154} INFO - [2025-06-15T00:13:17.876-0400] {dagbag.py:536} INFO - Filling up the DagBag from /Users/rah/.pyenv/versions/3.10.11/lib/python3.10/site-packages/airflow/example_dags/example_subdag_operator.py
[2025-06-15T00:13:17.955-0400] {processor.py:839} INFO - DAG(s) dict_keys(['example_subdag_operator.section-1', 'example_subdag_operator.section-2', 'example_subdag_operator']) retrieved from /Users/rah/.pyenv/versions/3.10.11/lib/python3.10/site-packages/airflow/example_dags/example_subdag_operator.py
[2025-06-15T00:13:18.004-0400] {logging_mixin.py:154} INFO - [2025-06-15T00:13:18.004-0400] {dag.py:2941} INFO - Sync 3 DAGs
[2025-06-15T00:13:18.010-0400] {logging_mixin.py:154} INFO - [2025-06-15T00:13:18.010-0400] {dag.py:3722} INFO - Setting next_dagrun for example_subdag_operator to 2022-01-01T00:00:00+00:00, run_after=2022-01-01T00:00:00+00:00
[2025-06-15T00:13:18.011-0400] {logging_mixin.py:154} INFO - [2025-06-15T00:13:18.011-0400] {dag.py:3722} INFO - Setting next_dagrun for example_subdag_operator.section-1 to None, run_after=None
[2025-06-15T00:13:18.012-0400] {logging_mixin.py:154} INFO - [2025-06-15T00:13:18.012-0400] {dag.py:3722} INFO - Setting next_dagrun for example_subdag_operator.section-2 to None, run_after=None
[2025-06-15T00:13:18.014-0400] {logging_mixin.py:154} INFO - [2025-06-15T00:13:18.014-0400] {dag.py:2941} INFO - Sync 2 DAGs
[2025-06-15T00:13:18.015-0400] {logging_mixin.py:154} INFO - [2025-06-15T00:13:18.015-0400] {dag.py:3722} INFO - Setting next_dagrun for example_subdag_operator.section-1 to None, run_after=None
[2025-06-15T00:13:18.015-0400] {logging_mixin.py:154} INFO - [2025-06-15T00:13:18.015-0400] {dag.py:3722} INFO - Setting next_dagrun for example_subdag_operator.section-2 to None, run_after=None
[2025-06-15T00:13:18.020-0400] {processor.py:179} INFO - Processing /Users/rah/.pyenv/versions/3.10.11/lib/python3.10/site-packages/airflow/example_dags/example_subdag_operator.py took 0.148 seconds
[2025-06-15T00:14:57.960-0400] {processor.py:157} INFO - Started process (PID=64864) to work on /Users/rah/.pyenv/versions/3.10.11/lib/python3.10/site-packages/airflow/example_dags/example_subdag_operator.py
[2025-06-15T00:14:57.963-0400] {processor.py:829} INFO - Processing file /Users/rah/.pyenv/versions/3.10.11/lib/python3.10/site-packages/airflow/example_dags/example_subdag_operator.py for tasks to queue
[2025-06-15T00:14:57.963-0400] {logging_mixin.py:154} INFO - [2025-06-15T00:14:57.963-0400] {dagbag.py:536} INFO - Filling up the DagBag from /Users/rah/.pyenv/versions/3.10.11/lib/python3.10/site-packages/airflow/example_dags/example_subdag_operator.py
[2025-06-15T00:14:58.046-0400] {processor.py:839} INFO - DAG(s) dict_keys(['example_subdag_operator.section-1', 'example_subdag_operator.section-2', 'example_subdag_operator']) retrieved from /Users/rah/.pyenv/versions/3.10.11/lib/python3.10/site-packages/airflow/example_dags/example_subdag_operator.py
[2025-06-15T00:14:58.098-0400] {logging_mixin.py:154} INFO - [2025-06-15T00:14:58.098-0400] {dag.py:2941} INFO - Sync 3 DAGs
[2025-06-15T00:14:58.105-0400] {logging_mixin.py:154} INFO - [2025-06-15T00:14:58.105-0400] {dag.py:3722} INFO - Setting next_dagrun for example_subdag_operator to 2022-01-01T00:00:00+00:00, run_after=2022-01-01T00:00:00+00:00
[2025-06-15T00:14:58.107-0400] {logging_mixin.py:154} INFO - [2025-06-15T00:14:58.106-0400] {dag.py:3722} INFO - Setting next_dagrun for example_subdag_operator.section-1 to None, run_after=None
[2025-06-15T00:14:58.107-0400] {logging_mixin.py:154} INFO - [2025-06-15T00:14:58.107-0400] {dag.py:3722} INFO - Setting next_dagrun for example_subdag_operator.section-2 to None, run_after=None
[2025-06-15T00:14:58.109-0400] {logging_mixin.py:154} INFO - [2025-06-15T00:14:58.109-0400] {dag.py:2941} INFO - Sync 2 DAGs
[2025-06-15T00:14:58.111-0400] {logging_mixin.py:154} INFO - [2025-06-15T00:14:58.110-0400] {dag.py:3722} INFO - Setting next_dagrun for example_subdag_operator.section-1 to None, run_after=None
[2025-06-15T00:14:58.111-0400] {logging_mixin.py:154} INFO - [2025-06-15T00:14:58.111-0400] {dag.py:3722} INFO - Setting next_dagrun for example_subdag_operator.section-2 to None, run_after=None
[2025-06-15T00:14:58.116-0400] {processor.py:179} INFO - Processing /Users/rah/.pyenv/versions/3.10.11/lib/python3.10/site-packages/airflow/example_dags/example_subdag_operator.py took 0.157 seconds
[2025-06-15T00:16:44.502-0400] {processor.py:157} INFO - Started process (PID=67487) to work on /Users/rah/.pyenv/versions/3.10.11/lib/python3.10/site-packages/airflow/example_dags/example_subdag_operator.py
[2025-06-15T00:16:44.505-0400] {processor.py:829} INFO - Processing file /Users/rah/.pyenv/versions/3.10.11/lib/python3.10/site-packages/airflow/example_dags/example_subdag_operator.py for tasks to queue
[2025-06-15T00:16:44.505-0400] {logging_mixin.py:154} INFO - [2025-06-15T00:16:44.505-0400] {dagbag.py:536} INFO - Filling up the DagBag from /Users/rah/.pyenv/versions/3.10.11/lib/python3.10/site-packages/airflow/example_dags/example_subdag_operator.py
[2025-06-15T00:16:44.585-0400] {processor.py:839} INFO - DAG(s) dict_keys(['example_subdag_operator.section-1', 'example_subdag_operator.section-2', 'example_subdag_operator']) retrieved from /Users/rah/.pyenv/versions/3.10.11/lib/python3.10/site-packages/airflow/example_dags/example_subdag_operator.py
[2025-06-15T00:16:44.641-0400] {logging_mixin.py:154} INFO - [2025-06-15T00:16:44.641-0400] {dag.py:2941} INFO - Sync 3 DAGs
[2025-06-15T00:16:44.648-0400] {logging_mixin.py:154} INFO - [2025-06-15T00:16:44.648-0400] {dag.py:3722} INFO - Setting next_dagrun for example_subdag_operator to 2022-01-01T00:00:00+00:00, run_after=2022-01-01T00:00:00+00:00
[2025-06-15T00:16:44.649-0400] {logging_mixin.py:154} INFO - [2025-06-15T00:16:44.649-0400] {dag.py:3722} INFO - Setting next_dagrun for example_subdag_operator.section-1 to None, run_after=None
[2025-06-15T00:16:44.649-0400] {logging_mixin.py:154} INFO - [2025-06-15T00:16:44.649-0400] {dag.py:3722} INFO - Setting next_dagrun for example_subdag_operator.section-2 to None, run_after=None
[2025-06-15T00:16:44.651-0400] {logging_mixin.py:154} INFO - [2025-06-15T00:16:44.651-0400] {dag.py:2941} INFO - Sync 2 DAGs
[2025-06-15T00:16:44.653-0400] {logging_mixin.py:154} INFO - [2025-06-15T00:16:44.653-0400] {dag.py:3722} INFO - Setting next_dagrun for example_subdag_operator.section-1 to None, run_after=None
[2025-06-15T00:16:44.653-0400] {logging_mixin.py:154} INFO - [2025-06-15T00:16:44.653-0400] {dag.py:3722} INFO - Setting next_dagrun for example_subdag_operator.section-2 to None, run_after=None
[2025-06-15T00:16:44.657-0400] {processor.py:179} INFO - Processing /Users/rah/.pyenv/versions/3.10.11/lib/python3.10/site-packages/airflow/example_dags/example_subdag_operator.py took 0.156 seconds
