[2025-06-14T23:49:49.459-0400] {processor.py:157} INFO - Started process (PID=40634) to work on /Users/rah/.pyenv/versions/3.10.11/lib/python3.10/site-packages/airflow/example_dags/example_branch_operator_decorator.py
[2025-06-14T23:49:49.462-0400] {processor.py:829} INFO - Processing file /Users/rah/.pyenv/versions/3.10.11/lib/python3.10/site-packages/airflow/example_dags/example_branch_operator_decorator.py for tasks to queue
[2025-06-14T23:49:49.462-0400] {logging_mixin.py:154} INFO - [2025-06-14T23:49:49.462-0400] {dagbag.py:536} INFO - Filling up the DagBag from /Users/rah/.pyenv/versions/3.10.11/lib/python3.10/site-packages/airflow/example_dags/example_branch_operator_decorator.py
[2025-06-14T23:49:49.515-0400] {processor.py:839} INFO - DAG(s) dict_keys(['example_branch_python_operator_decorator']) retrieved from /Users/rah/.pyenv/versions/3.10.11/lib/python3.10/site-packages/airflow/example_dags/example_branch_operator_decorator.py
[2025-06-14T23:49:49.884-0400] {logging_mixin.py:154} INFO - [2025-06-14T23:49:49.884-0400] {manager.py:499} INFO - Created Permission View: %s
[2025-06-14T23:49:49.890-0400] {logging_mixin.py:154} INFO - [2025-06-14T23:49:49.890-0400] {manager.py:499} INFO - Created Permission View: %s
[2025-06-14T23:49:49.892-0400] {logging_mixin.py:154} INFO - [2025-06-14T23:49:49.892-0400] {manager.py:499} INFO - Created Permission View: %s
[2025-06-14T23:49:49.893-0400] {logging_mixin.py:154} INFO - [2025-06-14T23:49:49.893-0400] {dag.py:2941} INFO - Sync 1 DAGs
[2025-06-14T23:49:49.897-0400] {logging_mixin.py:154} INFO - [2025-06-14T23:49:49.897-0400] {dag.py:2963} INFO - Creating ORM DAG for example_branch_python_operator_decorator
[2025-06-14T23:49:49.901-0400] {logging_mixin.py:154} INFO - [2025-06-14T23:49:49.901-0400] {dag.py:3722} INFO - Setting next_dagrun for example_branch_python_operator_decorator to 2025-06-14T00:00:00+00:00, run_after=2025-06-15T00:00:00+00:00
[2025-06-14T23:49:49.910-0400] {processor.py:179} INFO - Processing /Users/rah/.pyenv/versions/3.10.11/lib/python3.10/site-packages/airflow/example_dags/example_branch_operator_decorator.py took 0.451 seconds
[2025-06-14T23:56:00.423-0400] {processor.py:157} INFO - Started process (PID=46805) to work on /Users/rah/Desktop/creative_projects/rah_coding_repo/projects/fin_data_project_001/finance-data-project-1/.venv/lib/python3.10/site-packages/airflow/example_dags/example_branch_operator_decorator.py
[2025-06-14T23:56:00.426-0400] {processor.py:829} INFO - Processing file /Users/rah/Desktop/creative_projects/rah_coding_repo/projects/fin_data_project_001/finance-data-project-1/.venv/lib/python3.10/site-packages/airflow/example_dags/example_branch_operator_decorator.py for tasks to queue
[2025-06-14T23:56:00.426-0400] {logging_mixin.py:154} INFO - [2025-06-14T23:56:00.426-0400] {dagbag.py:536} INFO - Filling up the DagBag from /Users/rah/Desktop/creative_projects/rah_coding_repo/projects/fin_data_project_001/finance-data-project-1/.venv/lib/python3.10/site-packages/airflow/example_dags/example_branch_operator_decorator.py
[2025-06-14T23:56:00.450-0400] {processor.py:839} INFO - DAG(s) dict_keys(['example_branch_python_operator_decorator']) retrieved from /Users/rah/Desktop/creative_projects/rah_coding_repo/projects/fin_data_project_001/finance-data-project-1/.venv/lib/python3.10/site-packages/airflow/example_dags/example_branch_operator_decorator.py
[2025-06-14T23:56:00.545-0400] {logging_mixin.py:154} INFO - [2025-06-14T23:56:00.544-0400] {dag.py:2941} INFO - Sync 1 DAGs
[2025-06-14T23:56:00.553-0400] {logging_mixin.py:154} INFO - [2025-06-14T23:56:00.553-0400] {dag.py:3722} INFO - Setting next_dagrun for example_branch_python_operator_decorator to 2025-06-14T00:00:00+00:00, run_after=2025-06-15T00:00:00+00:00
[2025-06-14T23:56:00.560-0400] {processor.py:179} INFO - Processing /Users/rah/Desktop/creative_projects/rah_coding_repo/projects/fin_data_project_001/finance-data-project-1/.venv/lib/python3.10/site-packages/airflow/example_dags/example_branch_operator_decorator.py took 0.138 seconds
[2025-06-14T23:57:02.011-0400] {processor.py:157} INFO - Started process (PID=48204) to work on /Users/rah/Desktop/creative_projects/rah_coding_repo/projects/fin_data_project_001/finance-data-project-1/.venv/lib/python3.10/site-packages/airflow/example_dags/example_branch_operator_decorator.py
[2025-06-14T23:57:02.014-0400] {processor.py:829} INFO - Processing file /Users/rah/Desktop/creative_projects/rah_coding_repo/projects/fin_data_project_001/finance-data-project-1/.venv/lib/python3.10/site-packages/airflow/example_dags/example_branch_operator_decorator.py for tasks to queue
[2025-06-14T23:57:02.014-0400] {logging_mixin.py:154} INFO - [2025-06-14T23:57:02.014-0400] {dagbag.py:536} INFO - Filling up the DagBag from /Users/rah/Desktop/creative_projects/rah_coding_repo/projects/fin_data_project_001/finance-data-project-1/.venv/lib/python3.10/site-packages/airflow/example_dags/example_branch_operator_decorator.py
[2025-06-14T23:57:02.039-0400] {processor.py:839} INFO - DAG(s) dict_keys(['example_branch_python_operator_decorator']) retrieved from /Users/rah/Desktop/creative_projects/rah_coding_repo/projects/fin_data_project_001/finance-data-project-1/.venv/lib/python3.10/site-packages/airflow/example_dags/example_branch_operator_decorator.py
[2025-06-14T23:57:02.145-0400] {logging_mixin.py:154} INFO - [2025-06-14T23:57:02.145-0400] {dag.py:2941} INFO - Sync 1 DAGs
[2025-06-14T23:57:02.155-0400] {logging_mixin.py:154} INFO - [2025-06-14T23:57:02.155-0400] {dag.py:3722} INFO - Setting next_dagrun for example_branch_python_operator_decorator to 2025-06-14T00:00:00+00:00, run_after=2025-06-15T00:00:00+00:00
[2025-06-14T23:57:02.164-0400] {processor.py:179} INFO - Processing /Users/rah/Desktop/creative_projects/rah_coding_repo/projects/fin_data_project_001/finance-data-project-1/.venv/lib/python3.10/site-packages/airflow/example_dags/example_branch_operator_decorator.py took 0.153 seconds
[2025-06-14T23:57:40.417-0400] {processor.py:157} INFO - Started process (PID=48775) to work on /Users/rah/Desktop/creative_projects/rah_coding_repo/projects/fin_data_project_001/finance-data-project-1/.venv/lib/python3.10/site-packages/airflow/example_dags/example_branch_operator_decorator.py
[2025-06-14T23:57:40.420-0400] {processor.py:829} INFO - Processing file /Users/rah/Desktop/creative_projects/rah_coding_repo/projects/fin_data_project_001/finance-data-project-1/.venv/lib/python3.10/site-packages/airflow/example_dags/example_branch_operator_decorator.py for tasks to queue
[2025-06-14T23:57:40.420-0400] {logging_mixin.py:154} INFO - [2025-06-14T23:57:40.420-0400] {dagbag.py:536} INFO - Filling up the DagBag from /Users/rah/Desktop/creative_projects/rah_coding_repo/projects/fin_data_project_001/finance-data-project-1/.venv/lib/python3.10/site-packages/airflow/example_dags/example_branch_operator_decorator.py
[2025-06-14T23:57:40.445-0400] {processor.py:839} INFO - DAG(s) dict_keys(['example_branch_python_operator_decorator']) retrieved from /Users/rah/Desktop/creative_projects/rah_coding_repo/projects/fin_data_project_001/finance-data-project-1/.venv/lib/python3.10/site-packages/airflow/example_dags/example_branch_operator_decorator.py
[2025-06-14T23:57:40.544-0400] {logging_mixin.py:154} INFO - [2025-06-14T23:57:40.544-0400] {dag.py:2941} INFO - Sync 1 DAGs
[2025-06-14T23:57:40.553-0400] {logging_mixin.py:154} INFO - [2025-06-14T23:57:40.553-0400] {dag.py:3722} INFO - Setting next_dagrun for example_branch_python_operator_decorator to 2025-06-14T00:00:00+00:00, run_after=2025-06-15T00:00:00+00:00
[2025-06-14T23:57:40.561-0400] {processor.py:179} INFO - Processing /Users/rah/Desktop/creative_projects/rah_coding_repo/projects/fin_data_project_001/finance-data-project-1/.venv/lib/python3.10/site-packages/airflow/example_dags/example_branch_operator_decorator.py took 0.145 seconds
[2025-06-14T23:57:53.040-0400] {processor.py:157} INFO - Started process (PID=48928) to work on /Users/rah/Desktop/creative_projects/rah_coding_repo/projects/fin_data_project_001/finance-data-project-1/.venv/lib/python3.10/site-packages/airflow/example_dags/example_branch_operator_decorator.py
[2025-06-14T23:57:53.043-0400] {processor.py:829} INFO - Processing file /Users/rah/Desktop/creative_projects/rah_coding_repo/projects/fin_data_project_001/finance-data-project-1/.venv/lib/python3.10/site-packages/airflow/example_dags/example_branch_operator_decorator.py for tasks to queue
[2025-06-14T23:57:53.043-0400] {logging_mixin.py:154} INFO - [2025-06-14T23:57:53.043-0400] {dagbag.py:536} INFO - Filling up the DagBag from /Users/rah/Desktop/creative_projects/rah_coding_repo/projects/fin_data_project_001/finance-data-project-1/.venv/lib/python3.10/site-packages/airflow/example_dags/example_branch_operator_decorator.py
[2025-06-14T23:57:53.068-0400] {processor.py:839} INFO - DAG(s) dict_keys(['example_branch_python_operator_decorator']) retrieved from /Users/rah/Desktop/creative_projects/rah_coding_repo/projects/fin_data_project_001/finance-data-project-1/.venv/lib/python3.10/site-packages/airflow/example_dags/example_branch_operator_decorator.py
[2025-06-14T23:57:53.166-0400] {logging_mixin.py:154} INFO - [2025-06-14T23:57:53.166-0400] {dag.py:2941} INFO - Sync 1 DAGs
[2025-06-14T23:57:53.176-0400] {logging_mixin.py:154} INFO - [2025-06-14T23:57:53.176-0400] {dag.py:3722} INFO - Setting next_dagrun for example_branch_python_operator_decorator to 2025-06-14T00:00:00+00:00, run_after=2025-06-15T00:00:00+00:00
[2025-06-14T23:57:53.185-0400] {processor.py:179} INFO - Processing /Users/rah/Desktop/creative_projects/rah_coding_repo/projects/fin_data_project_001/finance-data-project-1/.venv/lib/python3.10/site-packages/airflow/example_dags/example_branch_operator_decorator.py took 0.145 seconds
[2025-06-14T23:58:42.137-0400] {processor.py:157} INFO - Started process (PID=49647) to work on /Users/rah/Desktop/creative_projects/rah_coding_repo/projects/fin_data_project_001/finance-data-project-1/.venv/lib/python3.10/site-packages/airflow/example_dags/example_branch_operator_decorator.py
[2025-06-14T23:58:42.139-0400] {processor.py:829} INFO - Processing file /Users/rah/Desktop/creative_projects/rah_coding_repo/projects/fin_data_project_001/finance-data-project-1/.venv/lib/python3.10/site-packages/airflow/example_dags/example_branch_operator_decorator.py for tasks to queue
[2025-06-14T23:58:42.139-0400] {logging_mixin.py:154} INFO - [2025-06-14T23:58:42.139-0400] {dagbag.py:536} INFO - Filling up the DagBag from /Users/rah/Desktop/creative_projects/rah_coding_repo/projects/fin_data_project_001/finance-data-project-1/.venv/lib/python3.10/site-packages/airflow/example_dags/example_branch_operator_decorator.py
[2025-06-14T23:58:42.161-0400] {processor.py:839} INFO - DAG(s) dict_keys(['example_branch_python_operator_decorator']) retrieved from /Users/rah/Desktop/creative_projects/rah_coding_repo/projects/fin_data_project_001/finance-data-project-1/.venv/lib/python3.10/site-packages/airflow/example_dags/example_branch_operator_decorator.py
[2025-06-14T23:58:42.250-0400] {logging_mixin.py:154} INFO - [2025-06-14T23:58:42.250-0400] {dag.py:2941} INFO - Sync 1 DAGs
[2025-06-14T23:58:42.258-0400] {logging_mixin.py:154} INFO - [2025-06-14T23:58:42.258-0400] {dag.py:3722} INFO - Setting next_dagrun for example_branch_python_operator_decorator to 2025-06-14T00:00:00+00:00, run_after=2025-06-15T00:00:00+00:00
[2025-06-14T23:58:42.266-0400] {processor.py:179} INFO - Processing /Users/rah/Desktop/creative_projects/rah_coding_repo/projects/fin_data_project_001/finance-data-project-1/.venv/lib/python3.10/site-packages/airflow/example_dags/example_branch_operator_decorator.py took 0.129 seconds
[2025-06-14T23:59:17.167-0400] {processor.py:157} INFO - Started process (PID=50543) to work on /Users/rah/Desktop/creative_projects/rah_coding_repo/projects/fin_data_project_001/finance-data-project-1/.venv/lib/python3.10/site-packages/airflow/example_dags/example_branch_operator_decorator.py
[2025-06-14T23:59:17.170-0400] {processor.py:829} INFO - Processing file /Users/rah/Desktop/creative_projects/rah_coding_repo/projects/fin_data_project_001/finance-data-project-1/.venv/lib/python3.10/site-packages/airflow/example_dags/example_branch_operator_decorator.py for tasks to queue
[2025-06-14T23:59:17.170-0400] {logging_mixin.py:154} INFO - [2025-06-14T23:59:17.170-0400] {dagbag.py:536} INFO - Filling up the DagBag from /Users/rah/Desktop/creative_projects/rah_coding_repo/projects/fin_data_project_001/finance-data-project-1/.venv/lib/python3.10/site-packages/airflow/example_dags/example_branch_operator_decorator.py
[2025-06-14T23:59:17.197-0400] {processor.py:839} INFO - DAG(s) dict_keys(['example_branch_python_operator_decorator']) retrieved from /Users/rah/Desktop/creative_projects/rah_coding_repo/projects/fin_data_project_001/finance-data-project-1/.venv/lib/python3.10/site-packages/airflow/example_dags/example_branch_operator_decorator.py
[2025-06-14T23:59:17.305-0400] {logging_mixin.py:154} INFO - [2025-06-14T23:59:17.304-0400] {dag.py:2941} INFO - Sync 1 DAGs
[2025-06-14T23:59:17.314-0400] {logging_mixin.py:154} INFO - [2025-06-14T23:59:17.314-0400] {dag.py:3722} INFO - Setting next_dagrun for example_branch_python_operator_decorator to 2025-06-14T00:00:00+00:00, run_after=2025-06-15T00:00:00+00:00
[2025-06-14T23:59:17.324-0400] {processor.py:179} INFO - Processing /Users/rah/Desktop/creative_projects/rah_coding_repo/projects/fin_data_project_001/finance-data-project-1/.venv/lib/python3.10/site-packages/airflow/example_dags/example_branch_operator_decorator.py took 0.157 seconds
[2025-06-14T23:59:31.917-0400] {processor.py:157} INFO - Started process (PID=50720) to work on /Users/rah/Desktop/creative_projects/rah_coding_repo/projects/fin_data_project_001/finance-data-project-1/.venv/lib/python3.10/site-packages/airflow/example_dags/example_branch_operator_decorator.py
[2025-06-14T23:59:31.919-0400] {processor.py:829} INFO - Processing file /Users/rah/Desktop/creative_projects/rah_coding_repo/projects/fin_data_project_001/finance-data-project-1/.venv/lib/python3.10/site-packages/airflow/example_dags/example_branch_operator_decorator.py for tasks to queue
[2025-06-14T23:59:31.920-0400] {logging_mixin.py:154} INFO - [2025-06-14T23:59:31.920-0400] {dagbag.py:536} INFO - Filling up the DagBag from /Users/rah/Desktop/creative_projects/rah_coding_repo/projects/fin_data_project_001/finance-data-project-1/.venv/lib/python3.10/site-packages/airflow/example_dags/example_branch_operator_decorator.py
[2025-06-14T23:59:31.946-0400] {processor.py:839} INFO - DAG(s) dict_keys(['example_branch_python_operator_decorator']) retrieved from /Users/rah/Desktop/creative_projects/rah_coding_repo/projects/fin_data_project_001/finance-data-project-1/.venv/lib/python3.10/site-packages/airflow/example_dags/example_branch_operator_decorator.py
[2025-06-14T23:59:32.048-0400] {logging_mixin.py:154} INFO - [2025-06-14T23:59:32.048-0400] {dag.py:2941} INFO - Sync 1 DAGs
[2025-06-14T23:59:32.056-0400] {logging_mixin.py:154} INFO - [2025-06-14T23:59:32.056-0400] {dag.py:3722} INFO - Setting next_dagrun for example_branch_python_operator_decorator to 2025-06-14T00:00:00+00:00, run_after=2025-06-15T00:00:00+00:00
[2025-06-14T23:59:32.065-0400] {processor.py:179} INFO - Processing /Users/rah/Desktop/creative_projects/rah_coding_repo/projects/fin_data_project_001/finance-data-project-1/.venv/lib/python3.10/site-packages/airflow/example_dags/example_branch_operator_decorator.py took 0.149 seconds
[2025-06-15T00:00:06.451-0400] {processor.py:157} INFO - Started process (PID=51343) to work on /Users/rah/Desktop/creative_projects/rah_coding_repo/projects/fin_data_project_001/finance-data-project-1/.venv/lib/python3.10/site-packages/airflow/example_dags/example_branch_operator_decorator.py
[2025-06-15T00:00:06.454-0400] {processor.py:829} INFO - Processing file /Users/rah/Desktop/creative_projects/rah_coding_repo/projects/fin_data_project_001/finance-data-project-1/.venv/lib/python3.10/site-packages/airflow/example_dags/example_branch_operator_decorator.py for tasks to queue
[2025-06-15T00:00:06.454-0400] {logging_mixin.py:154} INFO - [2025-06-15T00:00:06.454-0400] {dagbag.py:536} INFO - Filling up the DagBag from /Users/rah/Desktop/creative_projects/rah_coding_repo/projects/fin_data_project_001/finance-data-project-1/.venv/lib/python3.10/site-packages/airflow/example_dags/example_branch_operator_decorator.py
[2025-06-15T00:00:06.478-0400] {processor.py:839} INFO - DAG(s) dict_keys(['example_branch_python_operator_decorator']) retrieved from /Users/rah/Desktop/creative_projects/rah_coding_repo/projects/fin_data_project_001/finance-data-project-1/.venv/lib/python3.10/site-packages/airflow/example_dags/example_branch_operator_decorator.py
[2025-06-15T00:00:06.573-0400] {logging_mixin.py:154} INFO - [2025-06-15T00:00:06.573-0400] {dag.py:2941} INFO - Sync 1 DAGs
[2025-06-15T00:00:06.581-0400] {logging_mixin.py:154} INFO - [2025-06-15T00:00:06.581-0400] {dag.py:3722} INFO - Setting next_dagrun for example_branch_python_operator_decorator to 2025-06-14T00:00:00+00:00, run_after=2025-06-15T00:00:00+00:00
[2025-06-15T00:00:06.588-0400] {processor.py:179} INFO - Processing /Users/rah/Desktop/creative_projects/rah_coding_repo/projects/fin_data_project_001/finance-data-project-1/.venv/lib/python3.10/site-packages/airflow/example_dags/example_branch_operator_decorator.py took 0.138 seconds
[2025-06-15T00:00:14.058-0400] {processor.py:157} INFO - Started process (PID=51384) to work on /Users/rah/Desktop/creative_projects/rah_coding_repo/projects/fin_data_project_001/finance-data-project-1/.venv/lib/python3.10/site-packages/airflow/example_dags/example_branch_operator_decorator.py
[2025-06-15T00:00:14.060-0400] {processor.py:829} INFO - Processing file /Users/rah/Desktop/creative_projects/rah_coding_repo/projects/fin_data_project_001/finance-data-project-1/.venv/lib/python3.10/site-packages/airflow/example_dags/example_branch_operator_decorator.py for tasks to queue
[2025-06-15T00:00:14.060-0400] {logging_mixin.py:154} INFO - [2025-06-15T00:00:14.060-0400] {dagbag.py:536} INFO - Filling up the DagBag from /Users/rah/Desktop/creative_projects/rah_coding_repo/projects/fin_data_project_001/finance-data-project-1/.venv/lib/python3.10/site-packages/airflow/example_dags/example_branch_operator_decorator.py
[2025-06-15T00:00:14.084-0400] {processor.py:839} INFO - DAG(s) dict_keys(['example_branch_python_operator_decorator']) retrieved from /Users/rah/Desktop/creative_projects/rah_coding_repo/projects/fin_data_project_001/finance-data-project-1/.venv/lib/python3.10/site-packages/airflow/example_dags/example_branch_operator_decorator.py
[2025-06-15T00:00:14.187-0400] {logging_mixin.py:154} INFO - [2025-06-15T00:00:14.187-0400] {dag.py:2941} INFO - Sync 1 DAGs
[2025-06-15T00:00:14.196-0400] {logging_mixin.py:154} INFO - [2025-06-15T00:00:14.196-0400] {dag.py:3722} INFO - Setting next_dagrun for example_branch_python_operator_decorator to 2025-06-14T00:00:00+00:00, run_after=2025-06-15T00:00:00+00:00
[2025-06-15T00:00:14.206-0400] {processor.py:179} INFO - Processing /Users/rah/Desktop/creative_projects/rah_coding_repo/projects/fin_data_project_001/finance-data-project-1/.venv/lib/python3.10/site-packages/airflow/example_dags/example_branch_operator_decorator.py took 0.149 seconds
[2025-06-15T00:01:00.384-0400] {processor.py:157} INFO - Started process (PID=52139) to work on /Users/rah/Desktop/creative_projects/rah_coding_repo/projects/fin_data_project_001/finance-data-project-1/.venv/lib/python3.10/site-packages/airflow/example_dags/example_branch_operator_decorator.py
[2025-06-15T00:01:00.386-0400] {processor.py:829} INFO - Processing file /Users/rah/Desktop/creative_projects/rah_coding_repo/projects/fin_data_project_001/finance-data-project-1/.venv/lib/python3.10/site-packages/airflow/example_dags/example_branch_operator_decorator.py for tasks to queue
[2025-06-15T00:01:00.386-0400] {logging_mixin.py:154} INFO - [2025-06-15T00:01:00.386-0400] {dagbag.py:536} INFO - Filling up the DagBag from /Users/rah/Desktop/creative_projects/rah_coding_repo/projects/fin_data_project_001/finance-data-project-1/.venv/lib/python3.10/site-packages/airflow/example_dags/example_branch_operator_decorator.py
[2025-06-15T00:01:00.411-0400] {processor.py:839} INFO - DAG(s) dict_keys(['example_branch_python_operator_decorator']) retrieved from /Users/rah/Desktop/creative_projects/rah_coding_repo/projects/fin_data_project_001/finance-data-project-1/.venv/lib/python3.10/site-packages/airflow/example_dags/example_branch_operator_decorator.py
[2025-06-15T00:01:00.506-0400] {logging_mixin.py:154} INFO - [2025-06-15T00:01:00.506-0400] {dag.py:2941} INFO - Sync 1 DAGs
[2025-06-15T00:01:00.514-0400] {logging_mixin.py:154} INFO - [2025-06-15T00:01:00.514-0400] {dag.py:3722} INFO - Setting next_dagrun for example_branch_python_operator_decorator to 2025-06-14T00:00:00+00:00, run_after=2025-06-15T00:00:00+00:00
[2025-06-15T00:01:00.522-0400] {processor.py:179} INFO - Processing /Users/rah/Desktop/creative_projects/rah_coding_repo/projects/fin_data_project_001/finance-data-project-1/.venv/lib/python3.10/site-packages/airflow/example_dags/example_branch_operator_decorator.py took 0.139 seconds
[2025-06-15T00:01:15.767-0400] {processor.py:157} INFO - Started process (PID=52339) to work on /Users/rah/Desktop/creative_projects/rah_coding_repo/projects/fin_data_project_001/finance-data-project-1/.venv/lib/python3.10/site-packages/airflow/example_dags/example_branch_operator_decorator.py
[2025-06-15T00:01:15.769-0400] {processor.py:829} INFO - Processing file /Users/rah/Desktop/creative_projects/rah_coding_repo/projects/fin_data_project_001/finance-data-project-1/.venv/lib/python3.10/site-packages/airflow/example_dags/example_branch_operator_decorator.py for tasks to queue
[2025-06-15T00:01:15.769-0400] {logging_mixin.py:154} INFO - [2025-06-15T00:01:15.769-0400] {dagbag.py:536} INFO - Filling up the DagBag from /Users/rah/Desktop/creative_projects/rah_coding_repo/projects/fin_data_project_001/finance-data-project-1/.venv/lib/python3.10/site-packages/airflow/example_dags/example_branch_operator_decorator.py
[2025-06-15T00:01:15.794-0400] {processor.py:839} INFO - DAG(s) dict_keys(['example_branch_python_operator_decorator']) retrieved from /Users/rah/Desktop/creative_projects/rah_coding_repo/projects/fin_data_project_001/finance-data-project-1/.venv/lib/python3.10/site-packages/airflow/example_dags/example_branch_operator_decorator.py
[2025-06-15T00:01:15.889-0400] {logging_mixin.py:154} INFO - [2025-06-15T00:01:15.889-0400] {dag.py:2941} INFO - Sync 1 DAGs
[2025-06-15T00:01:15.897-0400] {logging_mixin.py:154} INFO - [2025-06-15T00:01:15.897-0400] {dag.py:3722} INFO - Setting next_dagrun for example_branch_python_operator_decorator to 2025-06-14T00:00:00+00:00, run_after=2025-06-15T00:00:00+00:00
[2025-06-15T00:01:15.905-0400] {processor.py:179} INFO - Processing /Users/rah/Desktop/creative_projects/rah_coding_repo/projects/fin_data_project_001/finance-data-project-1/.venv/lib/python3.10/site-packages/airflow/example_dags/example_branch_operator_decorator.py took 0.139 seconds
[2025-06-15T00:01:40.676-0400] {processor.py:157} INFO - Started process (PID=52686) to work on /Users/rah/Desktop/creative_projects/rah_coding_repo/projects/fin_data_project_001/finance-data-project-1/.venv/lib/python3.10/site-packages/airflow/example_dags/example_branch_operator_decorator.py
[2025-06-15T00:01:40.679-0400] {processor.py:829} INFO - Processing file /Users/rah/Desktop/creative_projects/rah_coding_repo/projects/fin_data_project_001/finance-data-project-1/.venv/lib/python3.10/site-packages/airflow/example_dags/example_branch_operator_decorator.py for tasks to queue
[2025-06-15T00:01:40.679-0400] {logging_mixin.py:154} INFO - [2025-06-15T00:01:40.679-0400] {dagbag.py:536} INFO - Filling up the DagBag from /Users/rah/Desktop/creative_projects/rah_coding_repo/projects/fin_data_project_001/finance-data-project-1/.venv/lib/python3.10/site-packages/airflow/example_dags/example_branch_operator_decorator.py
[2025-06-15T00:01:40.704-0400] {processor.py:839} INFO - DAG(s) dict_keys(['example_branch_python_operator_decorator']) retrieved from /Users/rah/Desktop/creative_projects/rah_coding_repo/projects/fin_data_project_001/finance-data-project-1/.venv/lib/python3.10/site-packages/airflow/example_dags/example_branch_operator_decorator.py
[2025-06-15T00:01:40.803-0400] {logging_mixin.py:154} INFO - [2025-06-15T00:01:40.803-0400] {dag.py:2941} INFO - Sync 1 DAGs
[2025-06-15T00:01:40.811-0400] {logging_mixin.py:154} INFO - [2025-06-15T00:01:40.811-0400] {dag.py:3722} INFO - Setting next_dagrun for example_branch_python_operator_decorator to 2025-06-14T00:00:00+00:00, run_after=2025-06-15T00:00:00+00:00
[2025-06-15T00:01:40.820-0400] {processor.py:179} INFO - Processing /Users/rah/Desktop/creative_projects/rah_coding_repo/projects/fin_data_project_001/finance-data-project-1/.venv/lib/python3.10/site-packages/airflow/example_dags/example_branch_operator_decorator.py took 0.144 seconds
[2025-06-15T00:01:43.534-0400] {processor.py:157} INFO - Started process (PID=52809) to work on /Users/rah/Desktop/creative_projects/rah_coding_repo/projects/fin_data_project_001/finance-data-project-1/.venv/lib/python3.10/site-packages/airflow/example_dags/example_branch_operator_decorator.py
[2025-06-15T00:01:43.537-0400] {processor.py:829} INFO - Processing file /Users/rah/Desktop/creative_projects/rah_coding_repo/projects/fin_data_project_001/finance-data-project-1/.venv/lib/python3.10/site-packages/airflow/example_dags/example_branch_operator_decorator.py for tasks to queue
[2025-06-15T00:01:43.537-0400] {logging_mixin.py:154} INFO - [2025-06-15T00:01:43.537-0400] {dagbag.py:536} INFO - Filling up the DagBag from /Users/rah/Desktop/creative_projects/rah_coding_repo/projects/fin_data_project_001/finance-data-project-1/.venv/lib/python3.10/site-packages/airflow/example_dags/example_branch_operator_decorator.py
[2025-06-15T00:01:43.562-0400] {processor.py:839} INFO - DAG(s) dict_keys(['example_branch_python_operator_decorator']) retrieved from /Users/rah/Desktop/creative_projects/rah_coding_repo/projects/fin_data_project_001/finance-data-project-1/.venv/lib/python3.10/site-packages/airflow/example_dags/example_branch_operator_decorator.py
[2025-06-15T00:01:43.661-0400] {logging_mixin.py:154} INFO - [2025-06-15T00:01:43.661-0400] {dag.py:2941} INFO - Sync 1 DAGs
[2025-06-15T00:01:43.669-0400] {logging_mixin.py:154} INFO - [2025-06-15T00:01:43.669-0400] {dag.py:3722} INFO - Setting next_dagrun for example_branch_python_operator_decorator to 2025-06-14T00:00:00+00:00, run_after=2025-06-15T00:00:00+00:00
[2025-06-15T00:01:43.677-0400] {processor.py:179} INFO - Processing /Users/rah/Desktop/creative_projects/rah_coding_repo/projects/fin_data_project_001/finance-data-project-1/.venv/lib/python3.10/site-packages/airflow/example_dags/example_branch_operator_decorator.py took 0.143 seconds
[2025-06-15T00:07:29.583-0400] {processor.py:157} INFO - Started process (PID=57589) to work on /Users/rah/.pyenv/versions/3.10.11/lib/python3.10/site-packages/airflow/example_dags/example_branch_operator_decorator.py
[2025-06-15T00:07:29.587-0400] {processor.py:829} INFO - Processing file /Users/rah/.pyenv/versions/3.10.11/lib/python3.10/site-packages/airflow/example_dags/example_branch_operator_decorator.py for tasks to queue
[2025-06-15T00:07:29.587-0400] {logging_mixin.py:154} INFO - [2025-06-15T00:07:29.587-0400] {dagbag.py:536} INFO - Filling up the DagBag from /Users/rah/.pyenv/versions/3.10.11/lib/python3.10/site-packages/airflow/example_dags/example_branch_operator_decorator.py
[2025-06-15T00:07:29.630-0400] {processor.py:839} INFO - DAG(s) dict_keys(['example_branch_python_operator_decorator']) retrieved from /Users/rah/.pyenv/versions/3.10.11/lib/python3.10/site-packages/airflow/example_dags/example_branch_operator_decorator.py
[2025-06-15T00:07:29.992-0400] {logging_mixin.py:154} INFO - [2025-06-15T00:07:29.991-0400] {dag.py:2941} INFO - Sync 1 DAGs
[2025-06-15T00:07:30.001-0400] {logging_mixin.py:154} INFO - [2025-06-15T00:07:30.001-0400] {dag.py:3722} INFO - Setting next_dagrun for example_branch_python_operator_decorator to 2025-06-14T00:00:00+00:00, run_after=2025-06-15T00:00:00+00:00
[2025-06-15T00:07:30.011-0400] {processor.py:179} INFO - Processing /Users/rah/.pyenv/versions/3.10.11/lib/python3.10/site-packages/airflow/example_dags/example_branch_operator_decorator.py took 0.428 seconds
[2025-06-15T00:09:20.960-0400] {processor.py:157} INFO - Started process (PID=59472) to work on /Users/rah/.pyenv/versions/3.10.11/lib/python3.10/site-packages/airflow/example_dags/example_branch_operator_decorator.py
[2025-06-15T00:09:20.962-0400] {processor.py:829} INFO - Processing file /Users/rah/.pyenv/versions/3.10.11/lib/python3.10/site-packages/airflow/example_dags/example_branch_operator_decorator.py for tasks to queue
[2025-06-15T00:09:20.963-0400] {logging_mixin.py:154} INFO - [2025-06-15T00:09:20.963-0400] {dagbag.py:536} INFO - Filling up the DagBag from /Users/rah/.pyenv/versions/3.10.11/lib/python3.10/site-packages/airflow/example_dags/example_branch_operator_decorator.py
[2025-06-15T00:09:21.005-0400] {processor.py:839} INFO - DAG(s) dict_keys(['example_branch_python_operator_decorator']) retrieved from /Users/rah/.pyenv/versions/3.10.11/lib/python3.10/site-packages/airflow/example_dags/example_branch_operator_decorator.py
[2025-06-15T00:09:21.097-0400] {logging_mixin.py:154} INFO - [2025-06-15T00:09:21.096-0400] {dag.py:2941} INFO - Sync 1 DAGs
[2025-06-15T00:09:21.104-0400] {logging_mixin.py:154} INFO - [2025-06-15T00:09:21.104-0400] {dag.py:3722} INFO - Setting next_dagrun for example_branch_python_operator_decorator to 2025-06-14T00:00:00+00:00, run_after=2025-06-15T00:00:00+00:00
[2025-06-15T00:09:21.112-0400] {processor.py:179} INFO - Processing /Users/rah/.pyenv/versions/3.10.11/lib/python3.10/site-packages/airflow/example_dags/example_branch_operator_decorator.py took 0.153 seconds
[2025-06-15T00:11:00.288-0400] {processor.py:157} INFO - Started process (PID=61077) to work on /Users/rah/.pyenv/versions/3.10.11/lib/python3.10/site-packages/airflow/example_dags/example_branch_operator_decorator.py
[2025-06-15T00:11:00.290-0400] {processor.py:829} INFO - Processing file /Users/rah/.pyenv/versions/3.10.11/lib/python3.10/site-packages/airflow/example_dags/example_branch_operator_decorator.py for tasks to queue
[2025-06-15T00:11:00.291-0400] {logging_mixin.py:154} INFO - [2025-06-15T00:11:00.291-0400] {dagbag.py:536} INFO - Filling up the DagBag from /Users/rah/.pyenv/versions/3.10.11/lib/python3.10/site-packages/airflow/example_dags/example_branch_operator_decorator.py
[2025-06-15T00:11:00.337-0400] {processor.py:839} INFO - DAG(s) dict_keys(['example_branch_python_operator_decorator']) retrieved from /Users/rah/.pyenv/versions/3.10.11/lib/python3.10/site-packages/airflow/example_dags/example_branch_operator_decorator.py
[2025-06-15T00:11:00.428-0400] {logging_mixin.py:154} INFO - [2025-06-15T00:11:00.428-0400] {dag.py:2941} INFO - Sync 1 DAGs
[2025-06-15T00:11:00.435-0400] {logging_mixin.py:154} INFO - [2025-06-15T00:11:00.435-0400] {dag.py:3722} INFO - Setting next_dagrun for example_branch_python_operator_decorator to 2025-06-14T00:00:00+00:00, run_after=2025-06-15T00:00:00+00:00
[2025-06-15T00:11:00.443-0400] {processor.py:179} INFO - Processing /Users/rah/.pyenv/versions/3.10.11/lib/python3.10/site-packages/airflow/example_dags/example_branch_operator_decorator.py took 0.156 seconds
[2025-06-15T00:12:43.971-0400] {processor.py:157} INFO - Started process (PID=62627) to work on /Users/rah/.pyenv/versions/3.10.11/lib/python3.10/site-packages/airflow/example_dags/example_branch_operator_decorator.py
[2025-06-15T00:12:43.974-0400] {processor.py:829} INFO - Processing file /Users/rah/.pyenv/versions/3.10.11/lib/python3.10/site-packages/airflow/example_dags/example_branch_operator_decorator.py for tasks to queue
[2025-06-15T00:12:43.974-0400] {logging_mixin.py:154} INFO - [2025-06-15T00:12:43.974-0400] {dagbag.py:536} INFO - Filling up the DagBag from /Users/rah/.pyenv/versions/3.10.11/lib/python3.10/site-packages/airflow/example_dags/example_branch_operator_decorator.py
[2025-06-15T00:12:44.019-0400] {processor.py:839} INFO - DAG(s) dict_keys(['example_branch_python_operator_decorator']) retrieved from /Users/rah/.pyenv/versions/3.10.11/lib/python3.10/site-packages/airflow/example_dags/example_branch_operator_decorator.py
[2025-06-15T00:12:44.113-0400] {logging_mixin.py:154} INFO - [2025-06-15T00:12:44.113-0400] {dag.py:2941} INFO - Sync 1 DAGs
[2025-06-15T00:12:44.121-0400] {logging_mixin.py:154} INFO - [2025-06-15T00:12:44.121-0400] {dag.py:3722} INFO - Setting next_dagrun for example_branch_python_operator_decorator to 2025-06-14T00:00:00+00:00, run_after=2025-06-15T00:00:00+00:00
[2025-06-15T00:12:44.130-0400] {processor.py:179} INFO - Processing /Users/rah/.pyenv/versions/3.10.11/lib/python3.10/site-packages/airflow/example_dags/example_branch_operator_decorator.py took 0.159 seconds
[2025-06-15T00:14:24.350-0400] {processor.py:157} INFO - Started process (PID=64079) to work on /Users/rah/.pyenv/versions/3.10.11/lib/python3.10/site-packages/airflow/example_dags/example_branch_operator_decorator.py
[2025-06-15T00:14:24.353-0400] {processor.py:829} INFO - Processing file /Users/rah/.pyenv/versions/3.10.11/lib/python3.10/site-packages/airflow/example_dags/example_branch_operator_decorator.py for tasks to queue
[2025-06-15T00:14:24.353-0400] {logging_mixin.py:154} INFO - [2025-06-15T00:14:24.353-0400] {dagbag.py:536} INFO - Filling up the DagBag from /Users/rah/.pyenv/versions/3.10.11/lib/python3.10/site-packages/airflow/example_dags/example_branch_operator_decorator.py
[2025-06-15T00:14:24.395-0400] {processor.py:839} INFO - DAG(s) dict_keys(['example_branch_python_operator_decorator']) retrieved from /Users/rah/.pyenv/versions/3.10.11/lib/python3.10/site-packages/airflow/example_dags/example_branch_operator_decorator.py
[2025-06-15T00:14:24.481-0400] {logging_mixin.py:154} INFO - [2025-06-15T00:14:24.481-0400] {dag.py:2941} INFO - Sync 1 DAGs
[2025-06-15T00:14:24.488-0400] {logging_mixin.py:154} INFO - [2025-06-15T00:14:24.488-0400] {dag.py:3722} INFO - Setting next_dagrun for example_branch_python_operator_decorator to 2025-06-14T00:00:00+00:00, run_after=2025-06-15T00:00:00+00:00
[2025-06-15T00:14:24.495-0400] {processor.py:179} INFO - Processing /Users/rah/.pyenv/versions/3.10.11/lib/python3.10/site-packages/airflow/example_dags/example_branch_operator_decorator.py took 0.146 seconds
[2025-06-15T00:16:08.471-0400] {processor.py:157} INFO - Started process (PID=66715) to work on /Users/rah/.pyenv/versions/3.10.11/lib/python3.10/site-packages/airflow/example_dags/example_branch_operator_decorator.py
[2025-06-15T00:16:08.474-0400] {processor.py:829} INFO - Processing file /Users/rah/.pyenv/versions/3.10.11/lib/python3.10/site-packages/airflow/example_dags/example_branch_operator_decorator.py for tasks to queue
[2025-06-15T00:16:08.475-0400] {logging_mixin.py:154} INFO - [2025-06-15T00:16:08.474-0400] {dagbag.py:536} INFO - Filling up the DagBag from /Users/rah/.pyenv/versions/3.10.11/lib/python3.10/site-packages/airflow/example_dags/example_branch_operator_decorator.py
[2025-06-15T00:16:08.519-0400] {processor.py:839} INFO - DAG(s) dict_keys(['example_branch_python_operator_decorator']) retrieved from /Users/rah/.pyenv/versions/3.10.11/lib/python3.10/site-packages/airflow/example_dags/example_branch_operator_decorator.py
[2025-06-15T00:16:08.610-0400] {logging_mixin.py:154} INFO - [2025-06-15T00:16:08.610-0400] {dag.py:2941} INFO - Sync 1 DAGs
[2025-06-15T00:16:08.618-0400] {logging_mixin.py:154} INFO - [2025-06-15T00:16:08.618-0400] {dag.py:3722} INFO - Setting next_dagrun for example_branch_python_operator_decorator to 2025-06-14T00:00:00+00:00, run_after=2025-06-15T00:00:00+00:00
[2025-06-15T00:16:08.626-0400] {processor.py:179} INFO - Processing /Users/rah/.pyenv/versions/3.10.11/lib/python3.10/site-packages/airflow/example_dags/example_branch_operator_decorator.py took 0.155 seconds
