[2025-06-14T23:48:57.199-0400] {processor.py:157} INFO - Started process (PID=40027) to work on /Users/rah/.pyenv/versions/3.10.11/lib/python3.10/site-packages/airflow/example_dags/example_task_group.py
[2025-06-14T23:48:57.202-0400] {processor.py:829} INFO - Processing file /Users/rah/.pyenv/versions/3.10.11/lib/python3.10/site-packages/airflow/example_dags/example_task_group.py for tasks to queue
[2025-06-14T23:48:57.202-0400] {logging_mixin.py:154} INFO - [2025-06-14T23:48:57.202-0400] {dagbag.py:536} INFO - Filling up the DagBag from /Users/rah/.pyenv/versions/3.10.11/lib/python3.10/site-packages/airflow/example_dags/example_task_group.py
[2025-06-14T23:48:57.214-0400] {processor.py:839} INFO - DAG(s) dict_keys(['example_task_group']) retrieved from /Users/rah/.pyenv/versions/3.10.11/lib/python3.10/site-packages/airflow/example_dags/example_task_group.py
[2025-06-14T23:48:57.581-0400] {logging_mixin.py:154} INFO - [2025-06-14T23:48:57.581-0400] {manager.py:499} INFO - Created Permission View: %s
[2025-06-14T23:48:57.585-0400] {logging_mixin.py:154} INFO - [2025-06-14T23:48:57.585-0400] {manager.py:499} INFO - Created Permission View: %s
[2025-06-14T23:48:57.588-0400] {logging_mixin.py:154} INFO - [2025-06-14T23:48:57.588-0400] {manager.py:499} INFO - Created Permission View: %s
[2025-06-14T23:48:57.588-0400] {logging_mixin.py:154} INFO - [2025-06-14T23:48:57.588-0400] {dag.py:2941} INFO - Sync 1 DAGs
[2025-06-14T23:48:57.592-0400] {logging_mixin.py:154} INFO - [2025-06-14T23:48:57.592-0400] {dag.py:2963} INFO - Creating ORM DAG for example_task_group
[2025-06-14T23:48:57.596-0400] {logging_mixin.py:154} INFO - [2025-06-14T23:48:57.596-0400] {dag.py:3722} INFO - Setting next_dagrun for example_task_group to 2025-06-14T03:48:57.596056+00:00, run_after=2025-06-15T03:48:57.596056+00:00
[2025-06-14T23:48:57.604-0400] {processor.py:179} INFO - Processing /Users/rah/.pyenv/versions/3.10.11/lib/python3.10/site-packages/airflow/example_dags/example_task_group.py took 0.406 seconds
[2025-06-14T23:50:28.203-0400] {processor.py:157} INFO - Started process (PID=41022) to work on /Users/rah/.pyenv/versions/3.10.11/lib/python3.10/site-packages/airflow/example_dags/example_task_group.py
[2025-06-14T23:50:28.206-0400] {processor.py:829} INFO - Processing file /Users/rah/.pyenv/versions/3.10.11/lib/python3.10/site-packages/airflow/example_dags/example_task_group.py for tasks to queue
[2025-06-14T23:50:28.206-0400] {logging_mixin.py:154} INFO - [2025-06-14T23:50:28.206-0400] {dagbag.py:536} INFO - Filling up the DagBag from /Users/rah/.pyenv/versions/3.10.11/lib/python3.10/site-packages/airflow/example_dags/example_task_group.py
[2025-06-14T23:50:28.216-0400] {processor.py:839} INFO - DAG(s) dict_keys(['example_task_group']) retrieved from /Users/rah/.pyenv/versions/3.10.11/lib/python3.10/site-packages/airflow/example_dags/example_task_group.py
[2025-06-14T23:50:28.331-0400] {logging_mixin.py:154} INFO - [2025-06-14T23:50:28.331-0400] {dag.py:2941} INFO - Sync 1 DAGs
[2025-06-14T23:50:28.337-0400] {logging_mixin.py:154} INFO - [2025-06-14T23:50:28.337-0400] {dag.py:3722} INFO - Setting next_dagrun for example_task_group to 2025-06-14T03:50:28.337718+00:00, run_after=2025-06-15T03:50:28.337718+00:00
[2025-06-14T23:50:28.345-0400] {processor.py:179} INFO - Processing /Users/rah/.pyenv/versions/3.10.11/lib/python3.10/site-packages/airflow/example_dags/example_task_group.py took 0.143 seconds
[2025-06-14T23:55:15.040-0400] {processor.py:157} INFO - Started process (PID=45754) to work on /Users/rah/Desktop/creative_projects/rah_coding_repo/projects/fin_data_project_001/finance-data-project-1/.venv/lib/python3.10/site-packages/airflow/example_dags/example_task_group.py
[2025-06-14T23:55:15.043-0400] {processor.py:829} INFO - Processing file /Users/rah/Desktop/creative_projects/rah_coding_repo/projects/fin_data_project_001/finance-data-project-1/.venv/lib/python3.10/site-packages/airflow/example_dags/example_task_group.py for tasks to queue
[2025-06-14T23:55:15.044-0400] {logging_mixin.py:154} INFO - [2025-06-14T23:55:15.043-0400] {dagbag.py:536} INFO - Filling up the DagBag from /Users/rah/Desktop/creative_projects/rah_coding_repo/projects/fin_data_project_001/finance-data-project-1/.venv/lib/python3.10/site-packages/airflow/example_dags/example_task_group.py
[2025-06-14T23:55:15.054-0400] {processor.py:839} INFO - DAG(s) dict_keys(['example_task_group']) retrieved from /Users/rah/Desktop/creative_projects/rah_coding_repo/projects/fin_data_project_001/finance-data-project-1/.venv/lib/python3.10/site-packages/airflow/example_dags/example_task_group.py
[2025-06-14T23:55:15.144-0400] {logging_mixin.py:154} INFO - [2025-06-14T23:55:15.144-0400] {dag.py:2941} INFO - Sync 1 DAGs
[2025-06-14T23:55:15.151-0400] {logging_mixin.py:154} INFO - [2025-06-14T23:55:15.151-0400] {dag.py:3722} INFO - Setting next_dagrun for example_task_group to 2025-06-14T03:55:15.151113+00:00, run_after=2025-06-15T03:55:15.151113+00:00
[2025-06-14T23:55:15.159-0400] {processor.py:179} INFO - Processing /Users/rah/Desktop/creative_projects/rah_coding_repo/projects/fin_data_project_001/finance-data-project-1/.venv/lib/python3.10/site-packages/airflow/example_dags/example_task_group.py took 0.119 seconds
[2025-06-14T23:56:18.068-0400] {processor.py:157} INFO - Started process (PID=47211) to work on /Users/rah/Desktop/creative_projects/rah_coding_repo/projects/fin_data_project_001/finance-data-project-1/.venv/lib/python3.10/site-packages/airflow/example_dags/example_task_group.py
[2025-06-14T23:56:18.071-0400] {processor.py:829} INFO - Processing file /Users/rah/Desktop/creative_projects/rah_coding_repo/projects/fin_data_project_001/finance-data-project-1/.venv/lib/python3.10/site-packages/airflow/example_dags/example_task_group.py for tasks to queue
[2025-06-14T23:56:18.071-0400] {logging_mixin.py:154} INFO - [2025-06-14T23:56:18.071-0400] {dagbag.py:536} INFO - Filling up the DagBag from /Users/rah/Desktop/creative_projects/rah_coding_repo/projects/fin_data_project_001/finance-data-project-1/.venv/lib/python3.10/site-packages/airflow/example_dags/example_task_group.py
[2025-06-14T23:56:18.080-0400] {processor.py:839} INFO - DAG(s) dict_keys(['example_task_group']) retrieved from /Users/rah/Desktop/creative_projects/rah_coding_repo/projects/fin_data_project_001/finance-data-project-1/.venv/lib/python3.10/site-packages/airflow/example_dags/example_task_group.py
[2025-06-14T23:56:18.171-0400] {logging_mixin.py:154} INFO - [2025-06-14T23:56:18.171-0400] {dag.py:2941} INFO - Sync 1 DAGs
[2025-06-14T23:56:18.177-0400] {logging_mixin.py:154} INFO - [2025-06-14T23:56:18.177-0400] {dag.py:3722} INFO - Setting next_dagrun for example_task_group to 2025-06-14T03:56:18.177600+00:00, run_after=2025-06-15T03:56:18.177600+00:00
[2025-06-14T23:56:18.185-0400] {processor.py:179} INFO - Processing /Users/rah/Desktop/creative_projects/rah_coding_repo/projects/fin_data_project_001/finance-data-project-1/.venv/lib/python3.10/site-packages/airflow/example_dags/example_task_group.py took 0.117 seconds
[2025-06-14T23:56:36.936-0400] {processor.py:157} INFO - Started process (PID=47492) to work on /Users/rah/Desktop/creative_projects/rah_coding_repo/projects/fin_data_project_001/finance-data-project-1/.venv/lib/python3.10/site-packages/airflow/example_dags/example_task_group.py
[2025-06-14T23:56:36.939-0400] {processor.py:829} INFO - Processing file /Users/rah/Desktop/creative_projects/rah_coding_repo/projects/fin_data_project_001/finance-data-project-1/.venv/lib/python3.10/site-packages/airflow/example_dags/example_task_group.py for tasks to queue
[2025-06-14T23:56:36.939-0400] {logging_mixin.py:154} INFO - [2025-06-14T23:56:36.939-0400] {dagbag.py:536} INFO - Filling up the DagBag from /Users/rah/Desktop/creative_projects/rah_coding_repo/projects/fin_data_project_001/finance-data-project-1/.venv/lib/python3.10/site-packages/airflow/example_dags/example_task_group.py
[2025-06-14T23:56:36.948-0400] {processor.py:839} INFO - DAG(s) dict_keys(['example_task_group']) retrieved from /Users/rah/Desktop/creative_projects/rah_coding_repo/projects/fin_data_project_001/finance-data-project-1/.venv/lib/python3.10/site-packages/airflow/example_dags/example_task_group.py
[2025-06-14T23:56:37.038-0400] {logging_mixin.py:154} INFO - [2025-06-14T23:56:37.037-0400] {dag.py:2941} INFO - Sync 1 DAGs
[2025-06-14T23:56:37.044-0400] {logging_mixin.py:154} INFO - [2025-06-14T23:56:37.044-0400] {dag.py:3722} INFO - Setting next_dagrun for example_task_group to 2025-06-14T03:56:37.044185+00:00, run_after=2025-06-15T03:56:37.044185+00:00
[2025-06-14T23:56:37.052-0400] {processor.py:179} INFO - Processing /Users/rah/Desktop/creative_projects/rah_coding_repo/projects/fin_data_project_001/finance-data-project-1/.venv/lib/python3.10/site-packages/airflow/example_dags/example_task_group.py took 0.116 seconds
[2025-06-14T23:57:10.792-0400] {processor.py:157} INFO - Started process (PID=48343) to work on /Users/rah/Desktop/creative_projects/rah_coding_repo/projects/fin_data_project_001/finance-data-project-1/.venv/lib/python3.10/site-packages/airflow/example_dags/example_task_group.py
[2025-06-14T23:57:10.796-0400] {processor.py:829} INFO - Processing file /Users/rah/Desktop/creative_projects/rah_coding_repo/projects/fin_data_project_001/finance-data-project-1/.venv/lib/python3.10/site-packages/airflow/example_dags/example_task_group.py for tasks to queue
[2025-06-14T23:57:10.796-0400] {logging_mixin.py:154} INFO - [2025-06-14T23:57:10.796-0400] {dagbag.py:536} INFO - Filling up the DagBag from /Users/rah/Desktop/creative_projects/rah_coding_repo/projects/fin_data_project_001/finance-data-project-1/.venv/lib/python3.10/site-packages/airflow/example_dags/example_task_group.py
[2025-06-14T23:57:10.807-0400] {processor.py:839} INFO - DAG(s) dict_keys(['example_task_group']) retrieved from /Users/rah/Desktop/creative_projects/rah_coding_repo/projects/fin_data_project_001/finance-data-project-1/.venv/lib/python3.10/site-packages/airflow/example_dags/example_task_group.py
[2025-06-14T23:57:10.914-0400] {logging_mixin.py:154} INFO - [2025-06-14T23:57:10.913-0400] {dag.py:2941} INFO - Sync 1 DAGs
[2025-06-14T23:57:10.922-0400] {logging_mixin.py:154} INFO - [2025-06-14T23:57:10.922-0400] {dag.py:3722} INFO - Setting next_dagrun for example_task_group to 2025-06-14T03:57:10.922067+00:00, run_after=2025-06-15T03:57:10.922067+00:00
[2025-06-14T23:57:10.932-0400] {processor.py:179} INFO - Processing /Users/rah/Desktop/creative_projects/rah_coding_repo/projects/fin_data_project_001/finance-data-project-1/.venv/lib/python3.10/site-packages/airflow/example_dags/example_task_group.py took 0.140 seconds
[2025-06-14T23:57:39.063-0400] {processor.py:157} INFO - Started process (PID=48770) to work on /Users/rah/Desktop/creative_projects/rah_coding_repo/projects/fin_data_project_001/finance-data-project-1/.venv/lib/python3.10/site-packages/airflow/example_dags/example_task_group.py
[2025-06-14T23:57:39.067-0400] {processor.py:829} INFO - Processing file /Users/rah/Desktop/creative_projects/rah_coding_repo/projects/fin_data_project_001/finance-data-project-1/.venv/lib/python3.10/site-packages/airflow/example_dags/example_task_group.py for tasks to queue
[2025-06-14T23:57:39.067-0400] {logging_mixin.py:154} INFO - [2025-06-14T23:57:39.067-0400] {dagbag.py:536} INFO - Filling up the DagBag from /Users/rah/Desktop/creative_projects/rah_coding_repo/projects/fin_data_project_001/finance-data-project-1/.venv/lib/python3.10/site-packages/airflow/example_dags/example_task_group.py
[2025-06-14T23:57:39.078-0400] {processor.py:839} INFO - DAG(s) dict_keys(['example_task_group']) retrieved from /Users/rah/Desktop/creative_projects/rah_coding_repo/projects/fin_data_project_001/finance-data-project-1/.venv/lib/python3.10/site-packages/airflow/example_dags/example_task_group.py
[2025-06-14T23:57:39.175-0400] {logging_mixin.py:154} INFO - [2025-06-14T23:57:39.175-0400] {dag.py:2941} INFO - Sync 1 DAGs
[2025-06-14T23:57:39.182-0400] {logging_mixin.py:154} INFO - [2025-06-14T23:57:39.182-0400] {dag.py:3722} INFO - Setting next_dagrun for example_task_group to 2025-06-14T03:57:39.182027+00:00, run_after=2025-06-15T03:57:39.182027+00:00
[2025-06-14T23:57:39.190-0400] {processor.py:179} INFO - Processing /Users/rah/Desktop/creative_projects/rah_coding_repo/projects/fin_data_project_001/finance-data-project-1/.venv/lib/python3.10/site-packages/airflow/example_dags/example_task_group.py took 0.128 seconds
[2025-06-14T23:58:11.234-0400] {processor.py:157} INFO - Started process (PID=49205) to work on /Users/rah/Desktop/creative_projects/rah_coding_repo/projects/fin_data_project_001/finance-data-project-1/.venv/lib/python3.10/site-packages/airflow/example_dags/example_task_group.py
[2025-06-14T23:58:11.237-0400] {processor.py:829} INFO - Processing file /Users/rah/Desktop/creative_projects/rah_coding_repo/projects/fin_data_project_001/finance-data-project-1/.venv/lib/python3.10/site-packages/airflow/example_dags/example_task_group.py for tasks to queue
[2025-06-14T23:58:11.237-0400] {logging_mixin.py:154} INFO - [2025-06-14T23:58:11.237-0400] {dagbag.py:536} INFO - Filling up the DagBag from /Users/rah/Desktop/creative_projects/rah_coding_repo/projects/fin_data_project_001/finance-data-project-1/.venv/lib/python3.10/site-packages/airflow/example_dags/example_task_group.py
[2025-06-14T23:58:11.248-0400] {processor.py:839} INFO - DAG(s) dict_keys(['example_task_group']) retrieved from /Users/rah/Desktop/creative_projects/rah_coding_repo/projects/fin_data_project_001/finance-data-project-1/.venv/lib/python3.10/site-packages/airflow/example_dags/example_task_group.py
[2025-06-14T23:58:11.349-0400] {logging_mixin.py:154} INFO - [2025-06-14T23:58:11.349-0400] {dag.py:2941} INFO - Sync 1 DAGs
[2025-06-14T23:58:11.356-0400] {logging_mixin.py:154} INFO - [2025-06-14T23:58:11.356-0400] {dag.py:3722} INFO - Setting next_dagrun for example_task_group to 2025-06-14T03:58:11.356579+00:00, run_after=2025-06-15T03:58:11.356579+00:00
[2025-06-14T23:58:11.365-0400] {processor.py:179} INFO - Processing /Users/rah/Desktop/creative_projects/rah_coding_repo/projects/fin_data_project_001/finance-data-project-1/.venv/lib/python3.10/site-packages/airflow/example_dags/example_task_group.py took 0.133 seconds
[2025-06-14T23:58:28.855-0400] {processor.py:157} INFO - Started process (PID=49377) to work on /Users/rah/Desktop/creative_projects/rah_coding_repo/projects/fin_data_project_001/finance-data-project-1/.venv/lib/python3.10/site-packages/airflow/example_dags/example_task_group.py
[2025-06-14T23:58:28.857-0400] {processor.py:829} INFO - Processing file /Users/rah/Desktop/creative_projects/rah_coding_repo/projects/fin_data_project_001/finance-data-project-1/.venv/lib/python3.10/site-packages/airflow/example_dags/example_task_group.py for tasks to queue
[2025-06-14T23:58:28.857-0400] {logging_mixin.py:154} INFO - [2025-06-14T23:58:28.857-0400] {dagbag.py:536} INFO - Filling up the DagBag from /Users/rah/Desktop/creative_projects/rah_coding_repo/projects/fin_data_project_001/finance-data-project-1/.venv/lib/python3.10/site-packages/airflow/example_dags/example_task_group.py
[2025-06-14T23:58:28.869-0400] {processor.py:839} INFO - DAG(s) dict_keys(['example_task_group']) retrieved from /Users/rah/Desktop/creative_projects/rah_coding_repo/projects/fin_data_project_001/finance-data-project-1/.venv/lib/python3.10/site-packages/airflow/example_dags/example_task_group.py
[2025-06-14T23:58:28.972-0400] {logging_mixin.py:154} INFO - [2025-06-14T23:58:28.972-0400] {dag.py:2941} INFO - Sync 1 DAGs
[2025-06-14T23:58:28.979-0400] {logging_mixin.py:154} INFO - [2025-06-14T23:58:28.979-0400] {dag.py:3722} INFO - Setting next_dagrun for example_task_group to 2025-06-14T03:58:28.979571+00:00, run_after=2025-06-15T03:58:28.979571+00:00
[2025-06-14T23:58:28.988-0400] {processor.py:179} INFO - Processing /Users/rah/Desktop/creative_projects/rah_coding_repo/projects/fin_data_project_001/finance-data-project-1/.venv/lib/python3.10/site-packages/airflow/example_dags/example_task_group.py took 0.134 seconds
[2025-06-14T23:59:13.717-0400] {processor.py:157} INFO - Started process (PID=50520) to work on /Users/rah/Desktop/creative_projects/rah_coding_repo/projects/fin_data_project_001/finance-data-project-1/.venv/lib/python3.10/site-packages/airflow/example_dags/example_task_group.py
[2025-06-14T23:59:13.720-0400] {processor.py:829} INFO - Processing file /Users/rah/Desktop/creative_projects/rah_coding_repo/projects/fin_data_project_001/finance-data-project-1/.venv/lib/python3.10/site-packages/airflow/example_dags/example_task_group.py for tasks to queue
[2025-06-14T23:59:13.720-0400] {logging_mixin.py:154} INFO - [2025-06-14T23:59:13.720-0400] {dagbag.py:536} INFO - Filling up the DagBag from /Users/rah/Desktop/creative_projects/rah_coding_repo/projects/fin_data_project_001/finance-data-project-1/.venv/lib/python3.10/site-packages/airflow/example_dags/example_task_group.py
[2025-06-14T23:59:13.731-0400] {processor.py:839} INFO - DAG(s) dict_keys(['example_task_group']) retrieved from /Users/rah/Desktop/creative_projects/rah_coding_repo/projects/fin_data_project_001/finance-data-project-1/.venv/lib/python3.10/site-packages/airflow/example_dags/example_task_group.py
[2025-06-14T23:59:13.836-0400] {logging_mixin.py:154} INFO - [2025-06-14T23:59:13.836-0400] {dag.py:2941} INFO - Sync 1 DAGs
[2025-06-14T23:59:13.843-0400] {logging_mixin.py:154} INFO - [2025-06-14T23:59:13.843-0400] {dag.py:3722} INFO - Setting next_dagrun for example_task_group to 2025-06-14T03:59:13.843185+00:00, run_after=2025-06-15T03:59:13.843185+00:00
[2025-06-14T23:59:13.852-0400] {processor.py:179} INFO - Processing /Users/rah/Desktop/creative_projects/rah_coding_repo/projects/fin_data_project_001/finance-data-project-1/.venv/lib/python3.10/site-packages/airflow/example_dags/example_task_group.py took 0.135 seconds
[2025-06-14T23:59:16.617-0400] {processor.py:157} INFO - Started process (PID=50537) to work on /Users/rah/Desktop/creative_projects/rah_coding_repo/projects/fin_data_project_001/finance-data-project-1/.venv/lib/python3.10/site-packages/airflow/example_dags/example_task_group.py
[2025-06-14T23:59:16.620-0400] {processor.py:829} INFO - Processing file /Users/rah/Desktop/creative_projects/rah_coding_repo/projects/fin_data_project_001/finance-data-project-1/.venv/lib/python3.10/site-packages/airflow/example_dags/example_task_group.py for tasks to queue
[2025-06-14T23:59:16.620-0400] {logging_mixin.py:154} INFO - [2025-06-14T23:59:16.620-0400] {dagbag.py:536} INFO - Filling up the DagBag from /Users/rah/Desktop/creative_projects/rah_coding_repo/projects/fin_data_project_001/finance-data-project-1/.venv/lib/python3.10/site-packages/airflow/example_dags/example_task_group.py
[2025-06-14T23:59:16.633-0400] {processor.py:839} INFO - DAG(s) dict_keys(['example_task_group']) retrieved from /Users/rah/Desktop/creative_projects/rah_coding_repo/projects/fin_data_project_001/finance-data-project-1/.venv/lib/python3.10/site-packages/airflow/example_dags/example_task_group.py
[2025-06-14T23:59:16.753-0400] {logging_mixin.py:154} INFO - [2025-06-14T23:59:16.753-0400] {dag.py:2941} INFO - Sync 1 DAGs
[2025-06-14T23:59:16.761-0400] {logging_mixin.py:154} INFO - [2025-06-14T23:59:16.761-0400] {dag.py:3722} INFO - Setting next_dagrun for example_task_group to 2025-06-14T03:59:16.760965+00:00, run_after=2025-06-15T03:59:16.760965+00:00
[2025-06-14T23:59:16.770-0400] {processor.py:179} INFO - Processing /Users/rah/Desktop/creative_projects/rah_coding_repo/projects/fin_data_project_001/finance-data-project-1/.venv/lib/python3.10/site-packages/airflow/example_dags/example_task_group.py took 0.154 seconds
[2025-06-14T23:59:54.565-0400] {processor.py:157} INFO - Started process (PID=51054) to work on /Users/rah/Desktop/creative_projects/rah_coding_repo/projects/fin_data_project_001/finance-data-project-1/.venv/lib/python3.10/site-packages/airflow/example_dags/example_task_group.py
[2025-06-14T23:59:54.568-0400] {processor.py:829} INFO - Processing file /Users/rah/Desktop/creative_projects/rah_coding_repo/projects/fin_data_project_001/finance-data-project-1/.venv/lib/python3.10/site-packages/airflow/example_dags/example_task_group.py for tasks to queue
[2025-06-14T23:59:54.568-0400] {logging_mixin.py:154} INFO - [2025-06-14T23:59:54.568-0400] {dagbag.py:536} INFO - Filling up the DagBag from /Users/rah/Desktop/creative_projects/rah_coding_repo/projects/fin_data_project_001/finance-data-project-1/.venv/lib/python3.10/site-packages/airflow/example_dags/example_task_group.py
[2025-06-14T23:59:54.579-0400] {processor.py:839} INFO - DAG(s) dict_keys(['example_task_group']) retrieved from /Users/rah/Desktop/creative_projects/rah_coding_repo/projects/fin_data_project_001/finance-data-project-1/.venv/lib/python3.10/site-packages/airflow/example_dags/example_task_group.py
[2025-06-14T23:59:54.686-0400] {logging_mixin.py:154} INFO - [2025-06-14T23:59:54.686-0400] {dag.py:2941} INFO - Sync 1 DAGs
[2025-06-14T23:59:54.694-0400] {logging_mixin.py:154} INFO - [2025-06-14T23:59:54.694-0400] {dag.py:3722} INFO - Setting next_dagrun for example_task_group to 2025-06-14T03:59:54.693988+00:00, run_after=2025-06-15T03:59:54.693988+00:00
[2025-06-14T23:59:54.703-0400] {processor.py:179} INFO - Processing /Users/rah/Desktop/creative_projects/rah_coding_repo/projects/fin_data_project_001/finance-data-project-1/.venv/lib/python3.10/site-packages/airflow/example_dags/example_task_group.py took 0.139 seconds
[2025-06-15T00:00:09.468-0400] {processor.py:157} INFO - Started process (PID=51364) to work on /Users/rah/Desktop/creative_projects/rah_coding_repo/projects/fin_data_project_001/finance-data-project-1/.venv/lib/python3.10/site-packages/airflow/example_dags/example_task_group.py
[2025-06-15T00:00:09.470-0400] {processor.py:829} INFO - Processing file /Users/rah/Desktop/creative_projects/rah_coding_repo/projects/fin_data_project_001/finance-data-project-1/.venv/lib/python3.10/site-packages/airflow/example_dags/example_task_group.py for tasks to queue
[2025-06-15T00:00:09.471-0400] {logging_mixin.py:154} INFO - [2025-06-15T00:00:09.471-0400] {dagbag.py:536} INFO - Filling up the DagBag from /Users/rah/Desktop/creative_projects/rah_coding_repo/projects/fin_data_project_001/finance-data-project-1/.venv/lib/python3.10/site-packages/airflow/example_dags/example_task_group.py
[2025-06-15T00:00:09.481-0400] {processor.py:839} INFO - DAG(s) dict_keys(['example_task_group']) retrieved from /Users/rah/Desktop/creative_projects/rah_coding_repo/projects/fin_data_project_001/finance-data-project-1/.venv/lib/python3.10/site-packages/airflow/example_dags/example_task_group.py
[2025-06-15T00:00:09.579-0400] {logging_mixin.py:154} INFO - [2025-06-15T00:00:09.579-0400] {dag.py:2941} INFO - Sync 1 DAGs
[2025-06-15T00:00:09.586-0400] {logging_mixin.py:154} INFO - [2025-06-15T00:00:09.585-0400] {dag.py:3722} INFO - Setting next_dagrun for example_task_group to 2025-06-14T04:00:09.585927+00:00, run_after=2025-06-15T04:00:09.585927+00:00
[2025-06-15T00:00:09.594-0400] {processor.py:179} INFO - Processing /Users/rah/Desktop/creative_projects/rah_coding_repo/projects/fin_data_project_001/finance-data-project-1/.venv/lib/python3.10/site-packages/airflow/example_dags/example_task_group.py took 0.127 seconds
[2025-06-15T00:00:40.349-0400] {processor.py:157} INFO - Started process (PID=51827) to work on /Users/rah/Desktop/creative_projects/rah_coding_repo/projects/fin_data_project_001/finance-data-project-1/.venv/lib/python3.10/site-packages/airflow/example_dags/example_task_group.py
[2025-06-15T00:00:40.352-0400] {processor.py:829} INFO - Processing file /Users/rah/Desktop/creative_projects/rah_coding_repo/projects/fin_data_project_001/finance-data-project-1/.venv/lib/python3.10/site-packages/airflow/example_dags/example_task_group.py for tasks to queue
[2025-06-15T00:00:40.353-0400] {logging_mixin.py:154} INFO - [2025-06-15T00:00:40.353-0400] {dagbag.py:536} INFO - Filling up the DagBag from /Users/rah/Desktop/creative_projects/rah_coding_repo/projects/fin_data_project_001/finance-data-project-1/.venv/lib/python3.10/site-packages/airflow/example_dags/example_task_group.py
[2025-06-15T00:00:40.363-0400] {processor.py:839} INFO - DAG(s) dict_keys(['example_task_group']) retrieved from /Users/rah/Desktop/creative_projects/rah_coding_repo/projects/fin_data_project_001/finance-data-project-1/.venv/lib/python3.10/site-packages/airflow/example_dags/example_task_group.py
[2025-06-15T00:00:40.461-0400] {logging_mixin.py:154} INFO - [2025-06-15T00:00:40.461-0400] {dag.py:2941} INFO - Sync 1 DAGs
[2025-06-15T00:00:40.468-0400] {logging_mixin.py:154} INFO - [2025-06-15T00:00:40.468-0400] {dag.py:3722} INFO - Setting next_dagrun for example_task_group to 2025-06-14T04:00:40.468440+00:00, run_after=2025-06-15T04:00:40.468440+00:00
[2025-06-15T00:00:40.477-0400] {processor.py:179} INFO - Processing /Users/rah/Desktop/creative_projects/rah_coding_repo/projects/fin_data_project_001/finance-data-project-1/.venv/lib/python3.10/site-packages/airflow/example_dags/example_task_group.py took 0.129 seconds
[2025-06-15T00:00:43.393-0400] {processor.py:157} INFO - Started process (PID=51842) to work on /Users/rah/Desktop/creative_projects/rah_coding_repo/projects/fin_data_project_001/finance-data-project-1/.venv/lib/python3.10/site-packages/airflow/example_dags/example_task_group.py
[2025-06-15T00:00:43.396-0400] {processor.py:829} INFO - Processing file /Users/rah/Desktop/creative_projects/rah_coding_repo/projects/fin_data_project_001/finance-data-project-1/.venv/lib/python3.10/site-packages/airflow/example_dags/example_task_group.py for tasks to queue
[2025-06-15T00:00:43.396-0400] {logging_mixin.py:154} INFO - [2025-06-15T00:00:43.396-0400] {dagbag.py:536} INFO - Filling up the DagBag from /Users/rah/Desktop/creative_projects/rah_coding_repo/projects/fin_data_project_001/finance-data-project-1/.venv/lib/python3.10/site-packages/airflow/example_dags/example_task_group.py
[2025-06-15T00:00:43.406-0400] {processor.py:839} INFO - DAG(s) dict_keys(['example_task_group']) retrieved from /Users/rah/Desktop/creative_projects/rah_coding_repo/projects/fin_data_project_001/finance-data-project-1/.venv/lib/python3.10/site-packages/airflow/example_dags/example_task_group.py
[2025-06-15T00:00:43.506-0400] {logging_mixin.py:154} INFO - [2025-06-15T00:00:43.506-0400] {dag.py:2941} INFO - Sync 1 DAGs
[2025-06-15T00:00:43.514-0400] {logging_mixin.py:154} INFO - [2025-06-15T00:00:43.514-0400] {dag.py:3722} INFO - Setting next_dagrun for example_task_group to 2025-06-14T04:00:43.513950+00:00, run_after=2025-06-15T04:00:43.513950+00:00
[2025-06-15T00:00:43.523-0400] {processor.py:179} INFO - Processing /Users/rah/Desktop/creative_projects/rah_coding_repo/projects/fin_data_project_001/finance-data-project-1/.venv/lib/python3.10/site-packages/airflow/example_dags/example_task_group.py took 0.130 seconds
[2025-06-15T00:01:31.183-0400] {processor.py:157} INFO - Started process (PID=52641) to work on /Users/rah/Desktop/creative_projects/rah_coding_repo/projects/fin_data_project_001/finance-data-project-1/.venv/lib/python3.10/site-packages/airflow/example_dags/example_task_group.py
[2025-06-15T00:01:31.186-0400] {processor.py:829} INFO - Processing file /Users/rah/Desktop/creative_projects/rah_coding_repo/projects/fin_data_project_001/finance-data-project-1/.venv/lib/python3.10/site-packages/airflow/example_dags/example_task_group.py for tasks to queue
[2025-06-15T00:01:31.186-0400] {logging_mixin.py:154} INFO - [2025-06-15T00:01:31.186-0400] {dagbag.py:536} INFO - Filling up the DagBag from /Users/rah/Desktop/creative_projects/rah_coding_repo/projects/fin_data_project_001/finance-data-project-1/.venv/lib/python3.10/site-packages/airflow/example_dags/example_task_group.py
[2025-06-15T00:01:31.197-0400] {processor.py:839} INFO - DAG(s) dict_keys(['example_task_group']) retrieved from /Users/rah/Desktop/creative_projects/rah_coding_repo/projects/fin_data_project_001/finance-data-project-1/.venv/lib/python3.10/site-packages/airflow/example_dags/example_task_group.py
[2025-06-15T00:01:31.296-0400] {logging_mixin.py:154} INFO - [2025-06-15T00:01:31.296-0400] {dag.py:2941} INFO - Sync 1 DAGs
[2025-06-15T00:01:31.303-0400] {logging_mixin.py:154} INFO - [2025-06-15T00:01:31.303-0400] {dag.py:3722} INFO - Setting next_dagrun for example_task_group to 2025-06-14T04:01:31.303684+00:00, run_after=2025-06-15T04:01:31.303684+00:00
[2025-06-15T00:01:31.313-0400] {processor.py:179} INFO - Processing /Users/rah/Desktop/creative_projects/rah_coding_repo/projects/fin_data_project_001/finance-data-project-1/.venv/lib/python3.10/site-packages/airflow/example_dags/example_task_group.py took 0.131 seconds
[2025-06-15T00:01:44.283-0400] {processor.py:157} INFO - Started process (PID=52813) to work on /Users/rah/Desktop/creative_projects/rah_coding_repo/projects/fin_data_project_001/finance-data-project-1/.venv/lib/python3.10/site-packages/airflow/example_dags/example_task_group.py
[2025-06-15T00:01:44.285-0400] {processor.py:829} INFO - Processing file /Users/rah/Desktop/creative_projects/rah_coding_repo/projects/fin_data_project_001/finance-data-project-1/.venv/lib/python3.10/site-packages/airflow/example_dags/example_task_group.py for tasks to queue
[2025-06-15T00:01:44.285-0400] {logging_mixin.py:154} INFO - [2025-06-15T00:01:44.285-0400] {dagbag.py:536} INFO - Filling up the DagBag from /Users/rah/Desktop/creative_projects/rah_coding_repo/projects/fin_data_project_001/finance-data-project-1/.venv/lib/python3.10/site-packages/airflow/example_dags/example_task_group.py
[2025-06-15T00:01:44.295-0400] {processor.py:839} INFO - DAG(s) dict_keys(['example_task_group']) retrieved from /Users/rah/Desktop/creative_projects/rah_coding_repo/projects/fin_data_project_001/finance-data-project-1/.venv/lib/python3.10/site-packages/airflow/example_dags/example_task_group.py
[2025-06-15T00:01:44.391-0400] {logging_mixin.py:154} INFO - [2025-06-15T00:01:44.391-0400] {dag.py:2941} INFO - Sync 1 DAGs
[2025-06-15T00:01:44.397-0400] {logging_mixin.py:154} INFO - [2025-06-15T00:01:44.397-0400] {dag.py:3722} INFO - Setting next_dagrun for example_task_group to 2025-06-14T04:01:44.397578+00:00, run_after=2025-06-15T04:01:44.397578+00:00
[2025-06-15T00:01:44.405-0400] {processor.py:179} INFO - Processing /Users/rah/Desktop/creative_projects/rah_coding_repo/projects/fin_data_project_001/finance-data-project-1/.venv/lib/python3.10/site-packages/airflow/example_dags/example_task_group.py took 0.123 seconds
[2025-06-15T00:02:12.916-0400] {processor.py:157} INFO - Started process (PID=53288) to work on /Users/rah/Desktop/creative_projects/rah_coding_repo/projects/fin_data_project_001/finance-data-project-1/.venv/lib/python3.10/site-packages/airflow/example_dags/example_task_group.py
[2025-06-15T00:02:12.919-0400] {processor.py:829} INFO - Processing file /Users/rah/Desktop/creative_projects/rah_coding_repo/projects/fin_data_project_001/finance-data-project-1/.venv/lib/python3.10/site-packages/airflow/example_dags/example_task_group.py for tasks to queue
[2025-06-15T00:02:12.919-0400] {logging_mixin.py:154} INFO - [2025-06-15T00:02:12.919-0400] {dagbag.py:536} INFO - Filling up the DagBag from /Users/rah/Desktop/creative_projects/rah_coding_repo/projects/fin_data_project_001/finance-data-project-1/.venv/lib/python3.10/site-packages/airflow/example_dags/example_task_group.py
[2025-06-15T00:02:12.930-0400] {processor.py:839} INFO - DAG(s) dict_keys(['example_task_group']) retrieved from /Users/rah/Desktop/creative_projects/rah_coding_repo/projects/fin_data_project_001/finance-data-project-1/.venv/lib/python3.10/site-packages/airflow/example_dags/example_task_group.py
[2025-06-15T00:02:13.036-0400] {logging_mixin.py:154} INFO - [2025-06-15T00:02:13.036-0400] {dag.py:2941} INFO - Sync 1 DAGs
[2025-06-15T00:02:13.044-0400] {logging_mixin.py:154} INFO - [2025-06-15T00:02:13.044-0400] {dag.py:3722} INFO - Setting next_dagrun for example_task_group to 2025-06-14T04:02:13.044144+00:00, run_after=2025-06-15T04:02:13.044144+00:00
[2025-06-15T00:02:13.053-0400] {processor.py:179} INFO - Processing /Users/rah/Desktop/creative_projects/rah_coding_repo/projects/fin_data_project_001/finance-data-project-1/.venv/lib/python3.10/site-packages/airflow/example_dags/example_task_group.py took 0.138 seconds
[2025-06-15T00:02:18.836-0400] {processor.py:157} INFO - Started process (PID=53325) to work on /Users/rah/Desktop/creative_projects/rah_coding_repo/projects/fin_data_project_001/finance-data-project-1/.venv/lib/python3.10/site-packages/airflow/example_dags/example_task_group.py
[2025-06-15T00:02:18.838-0400] {processor.py:829} INFO - Processing file /Users/rah/Desktop/creative_projects/rah_coding_repo/projects/fin_data_project_001/finance-data-project-1/.venv/lib/python3.10/site-packages/airflow/example_dags/example_task_group.py for tasks to queue
[2025-06-15T00:02:18.838-0400] {logging_mixin.py:154} INFO - [2025-06-15T00:02:18.838-0400] {dagbag.py:536} INFO - Filling up the DagBag from /Users/rah/Desktop/creative_projects/rah_coding_repo/projects/fin_data_project_001/finance-data-project-1/.venv/lib/python3.10/site-packages/airflow/example_dags/example_task_group.py
[2025-06-15T00:02:18.848-0400] {processor.py:839} INFO - DAG(s) dict_keys(['example_task_group']) retrieved from /Users/rah/Desktop/creative_projects/rah_coding_repo/projects/fin_data_project_001/finance-data-project-1/.venv/lib/python3.10/site-packages/airflow/example_dags/example_task_group.py
[2025-06-15T00:02:18.939-0400] {logging_mixin.py:154} INFO - [2025-06-15T00:02:18.939-0400] {dag.py:2941} INFO - Sync 1 DAGs
[2025-06-15T00:02:18.945-0400] {logging_mixin.py:154} INFO - [2025-06-15T00:02:18.945-0400] {dag.py:3722} INFO - Setting next_dagrun for example_task_group to 2025-06-14T04:02:18.945232+00:00, run_after=2025-06-15T04:02:18.945232+00:00
[2025-06-15T00:02:18.953-0400] {processor.py:179} INFO - Processing /Users/rah/Desktop/creative_projects/rah_coding_repo/projects/fin_data_project_001/finance-data-project-1/.venv/lib/python3.10/site-packages/airflow/example_dags/example_task_group.py took 0.118 seconds
[2025-06-15T00:03:17.945-0400] {processor.py:157} INFO - Started process (PID=54306) to work on /Users/rah/.pyenv/versions/3.10.11/lib/python3.10/site-packages/airflow/example_dags/example_task_group.py
[2025-06-15T00:03:17.948-0400] {processor.py:829} INFO - Processing file /Users/rah/.pyenv/versions/3.10.11/lib/python3.10/site-packages/airflow/example_dags/example_task_group.py for tasks to queue
[2025-06-15T00:03:17.948-0400] {logging_mixin.py:154} INFO - [2025-06-15T00:03:17.948-0400] {dagbag.py:536} INFO - Filling up the DagBag from /Users/rah/.pyenv/versions/3.10.11/lib/python3.10/site-packages/airflow/example_dags/example_task_group.py
[2025-06-15T00:03:17.959-0400] {processor.py:839} INFO - DAG(s) dict_keys(['example_task_group']) retrieved from /Users/rah/.pyenv/versions/3.10.11/lib/python3.10/site-packages/airflow/example_dags/example_task_group.py
[2025-06-15T00:03:18.341-0400] {logging_mixin.py:154} INFO - [2025-06-15T00:03:18.340-0400] {dag.py:2941} INFO - Sync 1 DAGs
[2025-06-15T00:03:18.347-0400] {logging_mixin.py:154} INFO - [2025-06-15T00:03:18.347-0400] {dag.py:3722} INFO - Setting next_dagrun for example_task_group to 2025-06-14T04:03:18.347570+00:00, run_after=2025-06-15T04:03:18.347570+00:00
[2025-06-15T00:03:18.356-0400] {processor.py:179} INFO - Processing /Users/rah/.pyenv/versions/3.10.11/lib/python3.10/site-packages/airflow/example_dags/example_task_group.py took 0.412 seconds
[2025-06-15T00:06:39.818-0400] {processor.py:157} INFO - Started process (PID=57011) to work on /Users/rah/.pyenv/versions/3.10.11/lib/python3.10/site-packages/airflow/example_dags/example_task_group.py
[2025-06-15T00:06:39.822-0400] {processor.py:829} INFO - Processing file /Users/rah/.pyenv/versions/3.10.11/lib/python3.10/site-packages/airflow/example_dags/example_task_group.py for tasks to queue
[2025-06-15T00:06:39.823-0400] {logging_mixin.py:154} INFO - [2025-06-15T00:06:39.823-0400] {dagbag.py:536} INFO - Filling up the DagBag from /Users/rah/.pyenv/versions/3.10.11/lib/python3.10/site-packages/airflow/example_dags/example_task_group.py
[2025-06-15T00:06:39.834-0400] {processor.py:839} INFO - DAG(s) dict_keys(['example_task_group']) retrieved from /Users/rah/.pyenv/versions/3.10.11/lib/python3.10/site-packages/airflow/example_dags/example_task_group.py
[2025-06-15T00:06:39.968-0400] {logging_mixin.py:154} INFO - [2025-06-15T00:06:39.968-0400] {dag.py:2941} INFO - Sync 1 DAGs
[2025-06-15T00:06:39.974-0400] {logging_mixin.py:154} INFO - [2025-06-15T00:06:39.974-0400] {dag.py:3722} INFO - Setting next_dagrun for example_task_group to 2025-06-14T04:06:39.974551+00:00, run_after=2025-06-15T04:06:39.974551+00:00
[2025-06-15T00:06:39.982-0400] {processor.py:179} INFO - Processing /Users/rah/.pyenv/versions/3.10.11/lib/python3.10/site-packages/airflow/example_dags/example_task_group.py took 0.164 seconds
[2025-06-15T00:08:08.870-0400] {processor.py:157} INFO - Started process (PID=58032) to work on /Users/rah/.pyenv/versions/3.10.11/lib/python3.10/site-packages/airflow/example_dags/example_task_group.py
[2025-06-15T00:08:08.873-0400] {processor.py:829} INFO - Processing file /Users/rah/.pyenv/versions/3.10.11/lib/python3.10/site-packages/airflow/example_dags/example_task_group.py for tasks to queue
[2025-06-15T00:08:08.873-0400] {logging_mixin.py:154} INFO - [2025-06-15T00:08:08.873-0400] {dagbag.py:536} INFO - Filling up the DagBag from /Users/rah/.pyenv/versions/3.10.11/lib/python3.10/site-packages/airflow/example_dags/example_task_group.py
[2025-06-15T00:08:08.884-0400] {processor.py:839} INFO - DAG(s) dict_keys(['example_task_group']) retrieved from /Users/rah/.pyenv/versions/3.10.11/lib/python3.10/site-packages/airflow/example_dags/example_task_group.py
[2025-06-15T00:08:09.001-0400] {logging_mixin.py:154} INFO - [2025-06-15T00:08:09.001-0400] {dag.py:2941} INFO - Sync 1 DAGs
[2025-06-15T00:08:09.007-0400] {logging_mixin.py:154} INFO - [2025-06-15T00:08:09.007-0400] {dag.py:3722} INFO - Setting next_dagrun for example_task_group to 2025-06-14T04:08:09.007802+00:00, run_after=2025-06-15T04:08:09.007802+00:00
[2025-06-15T00:08:09.015-0400] {processor.py:179} INFO - Processing /Users/rah/.pyenv/versions/3.10.11/lib/python3.10/site-packages/airflow/example_dags/example_task_group.py took 0.145 seconds
[2025-06-15T00:09:52.741-0400] {processor.py:157} INFO - Started process (PID=60008) to work on /Users/rah/.pyenv/versions/3.10.11/lib/python3.10/site-packages/airflow/example_dags/example_task_group.py
[2025-06-15T00:09:52.744-0400] {processor.py:829} INFO - Processing file /Users/rah/.pyenv/versions/3.10.11/lib/python3.10/site-packages/airflow/example_dags/example_task_group.py for tasks to queue
[2025-06-15T00:09:52.744-0400] {logging_mixin.py:154} INFO - [2025-06-15T00:09:52.744-0400] {dagbag.py:536} INFO - Filling up the DagBag from /Users/rah/.pyenv/versions/3.10.11/lib/python3.10/site-packages/airflow/example_dags/example_task_group.py
[2025-06-15T00:09:52.754-0400] {processor.py:839} INFO - DAG(s) dict_keys(['example_task_group']) retrieved from /Users/rah/.pyenv/versions/3.10.11/lib/python3.10/site-packages/airflow/example_dags/example_task_group.py
[2025-06-15T00:09:52.864-0400] {logging_mixin.py:154} INFO - [2025-06-15T00:09:52.864-0400] {dag.py:2941} INFO - Sync 1 DAGs
[2025-06-15T00:09:52.871-0400] {logging_mixin.py:154} INFO - [2025-06-15T00:09:52.871-0400] {dag.py:3722} INFO - Setting next_dagrun for example_task_group to 2025-06-14T04:09:52.871385+00:00, run_after=2025-06-15T04:09:52.871385+00:00
[2025-06-15T00:09:52.880-0400] {processor.py:179} INFO - Processing /Users/rah/.pyenv/versions/3.10.11/lib/python3.10/site-packages/airflow/example_dags/example_task_group.py took 0.139 seconds
[2025-06-15T00:11:31.368-0400] {processor.py:157} INFO - Started process (PID=61454) to work on /Users/rah/.pyenv/versions/3.10.11/lib/python3.10/site-packages/airflow/example_dags/example_task_group.py
[2025-06-15T00:11:31.371-0400] {processor.py:829} INFO - Processing file /Users/rah/.pyenv/versions/3.10.11/lib/python3.10/site-packages/airflow/example_dags/example_task_group.py for tasks to queue
[2025-06-15T00:11:31.371-0400] {logging_mixin.py:154} INFO - [2025-06-15T00:11:31.371-0400] {dagbag.py:536} INFO - Filling up the DagBag from /Users/rah/.pyenv/versions/3.10.11/lib/python3.10/site-packages/airflow/example_dags/example_task_group.py
[2025-06-15T00:11:31.382-0400] {processor.py:839} INFO - DAG(s) dict_keys(['example_task_group']) retrieved from /Users/rah/.pyenv/versions/3.10.11/lib/python3.10/site-packages/airflow/example_dags/example_task_group.py
[2025-06-15T00:11:31.503-0400] {logging_mixin.py:154} INFO - [2025-06-15T00:11:31.502-0400] {dag.py:2941} INFO - Sync 1 DAGs
[2025-06-15T00:11:31.510-0400] {logging_mixin.py:154} INFO - [2025-06-15T00:11:31.509-0400] {dag.py:3722} INFO - Setting next_dagrun for example_task_group to 2025-06-14T04:11:31.509880+00:00, run_after=2025-06-15T04:11:31.509880+00:00
[2025-06-15T00:11:31.518-0400] {processor.py:179} INFO - Processing /Users/rah/.pyenv/versions/3.10.11/lib/python3.10/site-packages/airflow/example_dags/example_task_group.py took 0.150 seconds
[2025-06-15T00:13:16.905-0400] {processor.py:157} INFO - Started process (PID=63300) to work on /Users/rah/.pyenv/versions/3.10.11/lib/python3.10/site-packages/airflow/example_dags/example_task_group.py
[2025-06-15T00:13:16.907-0400] {processor.py:829} INFO - Processing file /Users/rah/.pyenv/versions/3.10.11/lib/python3.10/site-packages/airflow/example_dags/example_task_group.py for tasks to queue
[2025-06-15T00:13:16.908-0400] {logging_mixin.py:154} INFO - [2025-06-15T00:13:16.908-0400] {dagbag.py:536} INFO - Filling up the DagBag from /Users/rah/.pyenv/versions/3.10.11/lib/python3.10/site-packages/airflow/example_dags/example_task_group.py
[2025-06-15T00:13:16.917-0400] {processor.py:839} INFO - DAG(s) dict_keys(['example_task_group']) retrieved from /Users/rah/.pyenv/versions/3.10.11/lib/python3.10/site-packages/airflow/example_dags/example_task_group.py
[2025-06-15T00:13:17.025-0400] {logging_mixin.py:154} INFO - [2025-06-15T00:13:17.025-0400] {dag.py:2941} INFO - Sync 1 DAGs
[2025-06-15T00:13:17.032-0400] {logging_mixin.py:154} INFO - [2025-06-15T00:13:17.032-0400] {dag.py:3722} INFO - Setting next_dagrun for example_task_group to 2025-06-14T04:13:17.032001+00:00, run_after=2025-06-15T04:13:17.032001+00:00
[2025-06-15T00:13:17.039-0400] {processor.py:179} INFO - Processing /Users/rah/.pyenv/versions/3.10.11/lib/python3.10/site-packages/airflow/example_dags/example_task_group.py took 0.135 seconds
[2025-06-15T00:14:56.099-0400] {processor.py:157} INFO - Started process (PID=64754) to work on /Users/rah/.pyenv/versions/3.10.11/lib/python3.10/site-packages/airflow/example_dags/example_task_group.py
[2025-06-15T00:14:56.102-0400] {processor.py:829} INFO - Processing file /Users/rah/.pyenv/versions/3.10.11/lib/python3.10/site-packages/airflow/example_dags/example_task_group.py for tasks to queue
[2025-06-15T00:14:56.103-0400] {logging_mixin.py:154} INFO - [2025-06-15T00:14:56.102-0400] {dagbag.py:536} INFO - Filling up the DagBag from /Users/rah/.pyenv/versions/3.10.11/lib/python3.10/site-packages/airflow/example_dags/example_task_group.py
[2025-06-15T00:14:56.112-0400] {processor.py:839} INFO - DAG(s) dict_keys(['example_task_group']) retrieved from /Users/rah/.pyenv/versions/3.10.11/lib/python3.10/site-packages/airflow/example_dags/example_task_group.py
[2025-06-15T00:14:56.222-0400] {logging_mixin.py:154} INFO - [2025-06-15T00:14:56.222-0400] {dag.py:2941} INFO - Sync 1 DAGs
[2025-06-15T00:14:56.229-0400] {logging_mixin.py:154} INFO - [2025-06-15T00:14:56.229-0400] {dag.py:3722} INFO - Setting next_dagrun for example_task_group to 2025-06-14T04:14:56.229469+00:00, run_after=2025-06-15T04:14:56.229469+00:00
[2025-06-15T00:14:56.237-0400] {processor.py:179} INFO - Processing /Users/rah/.pyenv/versions/3.10.11/lib/python3.10/site-packages/airflow/example_dags/example_task_group.py took 0.138 seconds
[2025-06-15T00:16:42.684-0400] {processor.py:157} INFO - Started process (PID=67479) to work on /Users/rah/.pyenv/versions/3.10.11/lib/python3.10/site-packages/airflow/example_dags/example_task_group.py
[2025-06-15T00:16:42.687-0400] {processor.py:829} INFO - Processing file /Users/rah/.pyenv/versions/3.10.11/lib/python3.10/site-packages/airflow/example_dags/example_task_group.py for tasks to queue
[2025-06-15T00:16:42.688-0400] {logging_mixin.py:154} INFO - [2025-06-15T00:16:42.688-0400] {dagbag.py:536} INFO - Filling up the DagBag from /Users/rah/.pyenv/versions/3.10.11/lib/python3.10/site-packages/airflow/example_dags/example_task_group.py
[2025-06-15T00:16:42.698-0400] {processor.py:839} INFO - DAG(s) dict_keys(['example_task_group']) retrieved from /Users/rah/.pyenv/versions/3.10.11/lib/python3.10/site-packages/airflow/example_dags/example_task_group.py
[2025-06-15T00:16:42.811-0400] {logging_mixin.py:154} INFO - [2025-06-15T00:16:42.811-0400] {dag.py:2941} INFO - Sync 1 DAGs
[2025-06-15T00:16:42.818-0400] {logging_mixin.py:154} INFO - [2025-06-15T00:16:42.818-0400] {dag.py:3722} INFO - Setting next_dagrun for example_task_group to 2025-06-14T04:16:42.818242+00:00, run_after=2025-06-15T04:16:42.818242+00:00
[2025-06-15T00:16:42.826-0400] {processor.py:179} INFO - Processing /Users/rah/.pyenv/versions/3.10.11/lib/python3.10/site-packages/airflow/example_dags/example_task_group.py took 0.142 seconds
[2025-06-15T00:18:26.129-0400] {processor.py:157} INFO - Started process (PID=73364) to work on /Users/rah/.pyenv/versions/3.10.11/lib/python3.10/site-packages/airflow/example_dags/example_task_group.py
[2025-06-15T00:18:26.132-0400] {processor.py:829} INFO - Processing file /Users/rah/.pyenv/versions/3.10.11/lib/python3.10/site-packages/airflow/example_dags/example_task_group.py for tasks to queue
[2025-06-15T00:18:26.132-0400] {logging_mixin.py:154} INFO - [2025-06-15T00:18:26.132-0400] {dagbag.py:536} INFO - Filling up the DagBag from /Users/rah/.pyenv/versions/3.10.11/lib/python3.10/site-packages/airflow/example_dags/example_task_group.py
[2025-06-15T00:18:26.142-0400] {processor.py:839} INFO - DAG(s) dict_keys(['example_task_group']) retrieved from /Users/rah/.pyenv/versions/3.10.11/lib/python3.10/site-packages/airflow/example_dags/example_task_group.py
[2025-06-15T00:18:26.256-0400] {logging_mixin.py:154} INFO - [2025-06-15T00:18:26.255-0400] {dag.py:2941} INFO - Sync 1 DAGs
[2025-06-15T00:18:26.262-0400] {logging_mixin.py:154} INFO - [2025-06-15T00:18:26.262-0400] {dag.py:3722} INFO - Setting next_dagrun for example_task_group to 2025-06-14T04:18:26.262548+00:00, run_after=2025-06-15T04:18:26.262548+00:00
[2025-06-15T00:18:26.270-0400] {processor.py:179} INFO - Processing /Users/rah/.pyenv/versions/3.10.11/lib/python3.10/site-packages/airflow/example_dags/example_task_group.py took 0.141 seconds
