[2025-06-14T23:49:35.234-0400] {processor.py:157} INFO - Started process (PID=40405) to work on /Users/rah/.pyenv/versions/3.10.11/lib/python3.10/site-packages/airflow/example_dags/example_external_task_marker_dag.py
[2025-06-14T23:49:35.237-0400] {processor.py:829} INFO - Processing file /Users/rah/.pyenv/versions/3.10.11/lib/python3.10/site-packages/airflow/example_dags/example_external_task_marker_dag.py for tasks to queue
[2025-06-14T23:49:35.237-0400] {logging_mixin.py:154} INFO - [2025-06-14T23:49:35.237-0400] {dagbag.py:536} INFO - Filling up the DagBag from /Users/rah/.pyenv/versions/3.10.11/lib/python3.10/site-packages/airflow/example_dags/example_external_task_marker_dag.py
[2025-06-14T23:49:35.248-0400] {processor.py:839} INFO - DAG(s) dict_keys(['example_external_task_marker_child', 'example_external_task_marker_parent']) retrieved from /Users/rah/.pyenv/versions/3.10.11/lib/python3.10/site-packages/airflow/example_dags/example_external_task_marker_dag.py
[2025-06-14T23:49:35.600-0400] {logging_mixin.py:154} INFO - [2025-06-14T23:49:35.600-0400] {manager.py:499} INFO - Created Permission View: %s
[2025-06-14T23:49:35.604-0400] {logging_mixin.py:154} INFO - [2025-06-14T23:49:35.604-0400] {manager.py:499} INFO - Created Permission View: %s
[2025-06-14T23:49:35.606-0400] {logging_mixin.py:154} INFO - [2025-06-14T23:49:35.606-0400] {manager.py:499} INFO - Created Permission View: %s
[2025-06-14T23:49:35.611-0400] {logging_mixin.py:154} INFO - [2025-06-14T23:49:35.611-0400] {manager.py:499} INFO - Created Permission View: %s
[2025-06-14T23:49:35.614-0400] {logging_mixin.py:154} INFO - [2025-06-14T23:49:35.614-0400] {manager.py:499} INFO - Created Permission View: %s
[2025-06-14T23:49:35.616-0400] {logging_mixin.py:154} INFO - [2025-06-14T23:49:35.616-0400] {manager.py:499} INFO - Created Permission View: %s
[2025-06-14T23:49:35.616-0400] {logging_mixin.py:154} INFO - [2025-06-14T23:49:35.616-0400] {dag.py:2941} INFO - Sync 2 DAGs
[2025-06-14T23:49:35.621-0400] {logging_mixin.py:154} INFO - [2025-06-14T23:49:35.620-0400] {dag.py:2963} INFO - Creating ORM DAG for example_external_task_marker_parent
[2025-06-14T23:49:35.621-0400] {logging_mixin.py:154} INFO - [2025-06-14T23:49:35.621-0400] {dag.py:2963} INFO - Creating ORM DAG for example_external_task_marker_child
[2025-06-14T23:49:35.621-0400] {logging_mixin.py:154} INFO - [2025-06-14T23:49:35.621-0400] {dag.py:3722} INFO - Setting next_dagrun for example_external_task_marker_child to None, run_after=None
[2025-06-14T23:49:35.621-0400] {logging_mixin.py:154} INFO - [2025-06-14T23:49:35.621-0400] {dag.py:3722} INFO - Setting next_dagrun for example_external_task_marker_parent to None, run_after=None
[2025-06-14T23:49:35.629-0400] {processor.py:179} INFO - Processing /Users/rah/.pyenv/versions/3.10.11/lib/python3.10/site-packages/airflow/example_dags/example_external_task_marker_dag.py took 0.395 seconds
[2025-06-14T23:55:48.004-0400] {processor.py:157} INFO - Started process (PID=46128) to work on /Users/rah/Desktop/creative_projects/rah_coding_repo/projects/fin_data_project_001/finance-data-project-1/.venv/lib/python3.10/site-packages/airflow/example_dags/example_external_task_marker_dag.py
[2025-06-14T23:55:48.007-0400] {processor.py:829} INFO - Processing file /Users/rah/Desktop/creative_projects/rah_coding_repo/projects/fin_data_project_001/finance-data-project-1/.venv/lib/python3.10/site-packages/airflow/example_dags/example_external_task_marker_dag.py for tasks to queue
[2025-06-14T23:55:48.008-0400] {logging_mixin.py:154} INFO - [2025-06-14T23:55:48.007-0400] {dagbag.py:536} INFO - Filling up the DagBag from /Users/rah/Desktop/creative_projects/rah_coding_repo/projects/fin_data_project_001/finance-data-project-1/.venv/lib/python3.10/site-packages/airflow/example_dags/example_external_task_marker_dag.py
[2025-06-14T23:55:48.018-0400] {processor.py:839} INFO - DAG(s) dict_keys(['example_external_task_marker_child', 'example_external_task_marker_parent']) retrieved from /Users/rah/Desktop/creative_projects/rah_coding_repo/projects/fin_data_project_001/finance-data-project-1/.venv/lib/python3.10/site-packages/airflow/example_dags/example_external_task_marker_dag.py
[2025-06-14T23:55:48.116-0400] {logging_mixin.py:154} INFO - [2025-06-14T23:55:48.115-0400] {dag.py:2941} INFO - Sync 2 DAGs
[2025-06-14T23:55:48.119-0400] {logging_mixin.py:154} INFO - [2025-06-14T23:55:48.119-0400] {dag.py:3722} INFO - Setting next_dagrun for example_external_task_marker_child to None, run_after=None
[2025-06-14T23:55:48.120-0400] {logging_mixin.py:154} INFO - [2025-06-14T23:55:48.120-0400] {dag.py:3722} INFO - Setting next_dagrun for example_external_task_marker_parent to None, run_after=None
[2025-06-14T23:55:48.128-0400] {processor.py:179} INFO - Processing /Users/rah/Desktop/creative_projects/rah_coding_repo/projects/fin_data_project_001/finance-data-project-1/.venv/lib/python3.10/site-packages/airflow/example_dags/example_external_task_marker_dag.py took 0.124 seconds
[2025-06-14T23:56:49.941-0400] {processor.py:157} INFO - Started process (PID=48039) to work on /Users/rah/Desktop/creative_projects/rah_coding_repo/projects/fin_data_project_001/finance-data-project-1/.venv/lib/python3.10/site-packages/airflow/example_dags/example_external_task_marker_dag.py
[2025-06-14T23:56:49.945-0400] {processor.py:829} INFO - Processing file /Users/rah/Desktop/creative_projects/rah_coding_repo/projects/fin_data_project_001/finance-data-project-1/.venv/lib/python3.10/site-packages/airflow/example_dags/example_external_task_marker_dag.py for tasks to queue
[2025-06-14T23:56:49.945-0400] {logging_mixin.py:154} INFO - [2025-06-14T23:56:49.945-0400] {dagbag.py:536} INFO - Filling up the DagBag from /Users/rah/Desktop/creative_projects/rah_coding_repo/projects/fin_data_project_001/finance-data-project-1/.venv/lib/python3.10/site-packages/airflow/example_dags/example_external_task_marker_dag.py
[2025-06-14T23:56:49.956-0400] {processor.py:839} INFO - DAG(s) dict_keys(['example_external_task_marker_child', 'example_external_task_marker_parent']) retrieved from /Users/rah/Desktop/creative_projects/rah_coding_repo/projects/fin_data_project_001/finance-data-project-1/.venv/lib/python3.10/site-packages/airflow/example_dags/example_external_task_marker_dag.py
[2025-06-14T23:56:50.060-0400] {logging_mixin.py:154} INFO - [2025-06-14T23:56:50.060-0400] {dag.py:2941} INFO - Sync 2 DAGs
[2025-06-14T23:56:50.064-0400] {logging_mixin.py:154} INFO - [2025-06-14T23:56:50.064-0400] {dag.py:3722} INFO - Setting next_dagrun for example_external_task_marker_child to None, run_after=None
[2025-06-14T23:56:50.066-0400] {logging_mixin.py:154} INFO - [2025-06-14T23:56:50.066-0400] {dag.py:3722} INFO - Setting next_dagrun for example_external_task_marker_parent to None, run_after=None
[2025-06-14T23:56:50.074-0400] {processor.py:179} INFO - Processing /Users/rah/Desktop/creative_projects/rah_coding_repo/projects/fin_data_project_001/finance-data-project-1/.venv/lib/python3.10/site-packages/airflow/example_dags/example_external_task_marker_dag.py took 0.133 seconds
[2025-06-14T23:57:28.964-0400] {processor.py:157} INFO - Started process (PID=48629) to work on /Users/rah/Desktop/creative_projects/rah_coding_repo/projects/fin_data_project_001/finance-data-project-1/.venv/lib/python3.10/site-packages/airflow/example_dags/example_external_task_marker_dag.py
[2025-06-14T23:57:28.967-0400] {processor.py:829} INFO - Processing file /Users/rah/Desktop/creative_projects/rah_coding_repo/projects/fin_data_project_001/finance-data-project-1/.venv/lib/python3.10/site-packages/airflow/example_dags/example_external_task_marker_dag.py for tasks to queue
[2025-06-14T23:57:28.967-0400] {logging_mixin.py:154} INFO - [2025-06-14T23:57:28.967-0400] {dagbag.py:536} INFO - Filling up the DagBag from /Users/rah/Desktop/creative_projects/rah_coding_repo/projects/fin_data_project_001/finance-data-project-1/.venv/lib/python3.10/site-packages/airflow/example_dags/example_external_task_marker_dag.py
[2025-06-14T23:57:28.979-0400] {processor.py:839} INFO - DAG(s) dict_keys(['example_external_task_marker_parent', 'example_external_task_marker_child']) retrieved from /Users/rah/Desktop/creative_projects/rah_coding_repo/projects/fin_data_project_001/finance-data-project-1/.venv/lib/python3.10/site-packages/airflow/example_dags/example_external_task_marker_dag.py
[2025-06-14T23:57:29.084-0400] {logging_mixin.py:154} INFO - [2025-06-14T23:57:29.084-0400] {dag.py:2941} INFO - Sync 2 DAGs
[2025-06-14T23:57:29.088-0400] {logging_mixin.py:154} INFO - [2025-06-14T23:57:29.088-0400] {dag.py:3722} INFO - Setting next_dagrun for example_external_task_marker_child to None, run_after=None
[2025-06-14T23:57:29.089-0400] {logging_mixin.py:154} INFO - [2025-06-14T23:57:29.089-0400] {dag.py:3722} INFO - Setting next_dagrun for example_external_task_marker_parent to None, run_after=None
[2025-06-14T23:57:29.098-0400] {processor.py:179} INFO - Processing /Users/rah/Desktop/creative_projects/rah_coding_repo/projects/fin_data_project_001/finance-data-project-1/.venv/lib/python3.10/site-packages/airflow/example_dags/example_external_task_marker_dag.py took 0.134 seconds
[2025-06-14T23:57:42.114-0400] {processor.py:157} INFO - Started process (PID=48783) to work on /Users/rah/Desktop/creative_projects/rah_coding_repo/projects/fin_data_project_001/finance-data-project-1/.venv/lib/python3.10/site-packages/airflow/example_dags/example_external_task_marker_dag.py
[2025-06-14T23:57:42.116-0400] {processor.py:829} INFO - Processing file /Users/rah/Desktop/creative_projects/rah_coding_repo/projects/fin_data_project_001/finance-data-project-1/.venv/lib/python3.10/site-packages/airflow/example_dags/example_external_task_marker_dag.py for tasks to queue
[2025-06-14T23:57:42.117-0400] {logging_mixin.py:154} INFO - [2025-06-14T23:57:42.117-0400] {dagbag.py:536} INFO - Filling up the DagBag from /Users/rah/Desktop/creative_projects/rah_coding_repo/projects/fin_data_project_001/finance-data-project-1/.venv/lib/python3.10/site-packages/airflow/example_dags/example_external_task_marker_dag.py
[2025-06-14T23:57:42.129-0400] {processor.py:839} INFO - DAG(s) dict_keys(['example_external_task_marker_parent', 'example_external_task_marker_child']) retrieved from /Users/rah/Desktop/creative_projects/rah_coding_repo/projects/fin_data_project_001/finance-data-project-1/.venv/lib/python3.10/site-packages/airflow/example_dags/example_external_task_marker_dag.py
[2025-06-14T23:57:42.230-0400] {logging_mixin.py:154} INFO - [2025-06-14T23:57:42.230-0400] {dag.py:2941} INFO - Sync 2 DAGs
[2025-06-14T23:57:42.234-0400] {logging_mixin.py:154} INFO - [2025-06-14T23:57:42.234-0400] {dag.py:3722} INFO - Setting next_dagrun for example_external_task_marker_child to None, run_after=None
[2025-06-14T23:57:42.235-0400] {logging_mixin.py:154} INFO - [2025-06-14T23:57:42.235-0400] {dag.py:3722} INFO - Setting next_dagrun for example_external_task_marker_parent to None, run_after=None
[2025-06-14T23:57:42.243-0400] {processor.py:179} INFO - Processing /Users/rah/Desktop/creative_projects/rah_coding_repo/projects/fin_data_project_001/finance-data-project-1/.venv/lib/python3.10/site-packages/airflow/example_dags/example_external_task_marker_dag.py took 0.130 seconds
[2025-06-14T23:58:30.748-0400] {processor.py:157} INFO - Started process (PID=49385) to work on /Users/rah/Desktop/creative_projects/rah_coding_repo/projects/fin_data_project_001/finance-data-project-1/.venv/lib/python3.10/site-packages/airflow/example_dags/example_external_task_marker_dag.py
[2025-06-14T23:58:30.750-0400] {processor.py:829} INFO - Processing file /Users/rah/Desktop/creative_projects/rah_coding_repo/projects/fin_data_project_001/finance-data-project-1/.venv/lib/python3.10/site-packages/airflow/example_dags/example_external_task_marker_dag.py for tasks to queue
[2025-06-14T23:58:30.751-0400] {logging_mixin.py:154} INFO - [2025-06-14T23:58:30.751-0400] {dagbag.py:536} INFO - Filling up the DagBag from /Users/rah/Desktop/creative_projects/rah_coding_repo/projects/fin_data_project_001/finance-data-project-1/.venv/lib/python3.10/site-packages/airflow/example_dags/example_external_task_marker_dag.py
[2025-06-14T23:58:30.763-0400] {processor.py:839} INFO - DAG(s) dict_keys(['example_external_task_marker_parent', 'example_external_task_marker_child']) retrieved from /Users/rah/Desktop/creative_projects/rah_coding_repo/projects/fin_data_project_001/finance-data-project-1/.venv/lib/python3.10/site-packages/airflow/example_dags/example_external_task_marker_dag.py
[2025-06-14T23:58:30.880-0400] {logging_mixin.py:154} INFO - [2025-06-14T23:58:30.880-0400] {dag.py:2941} INFO - Sync 2 DAGs
[2025-06-14T23:58:30.885-0400] {logging_mixin.py:154} INFO - [2025-06-14T23:58:30.885-0400] {dag.py:3722} INFO - Setting next_dagrun for example_external_task_marker_child to None, run_after=None
[2025-06-14T23:58:30.886-0400] {logging_mixin.py:154} INFO - [2025-06-14T23:58:30.886-0400] {dag.py:3722} INFO - Setting next_dagrun for example_external_task_marker_parent to None, run_after=None
[2025-06-14T23:58:30.896-0400] {processor.py:179} INFO - Processing /Users/rah/Desktop/creative_projects/rah_coding_repo/projects/fin_data_project_001/finance-data-project-1/.venv/lib/python3.10/site-packages/airflow/example_dags/example_external_task_marker_dag.py took 0.148 seconds
[2025-06-14T23:59:04.321-0400] {processor.py:157} INFO - Started process (PID=50371) to work on /Users/rah/Desktop/creative_projects/rah_coding_repo/projects/fin_data_project_001/finance-data-project-1/.venv/lib/python3.10/site-packages/airflow/example_dags/example_external_task_marker_dag.py
[2025-06-14T23:59:04.324-0400] {processor.py:829} INFO - Processing file /Users/rah/Desktop/creative_projects/rah_coding_repo/projects/fin_data_project_001/finance-data-project-1/.venv/lib/python3.10/site-packages/airflow/example_dags/example_external_task_marker_dag.py for tasks to queue
[2025-06-14T23:59:04.325-0400] {logging_mixin.py:154} INFO - [2025-06-14T23:59:04.325-0400] {dagbag.py:536} INFO - Filling up the DagBag from /Users/rah/Desktop/creative_projects/rah_coding_repo/projects/fin_data_project_001/finance-data-project-1/.venv/lib/python3.10/site-packages/airflow/example_dags/example_external_task_marker_dag.py
[2025-06-14T23:59:04.336-0400] {processor.py:839} INFO - DAG(s) dict_keys(['example_external_task_marker_parent', 'example_external_task_marker_child']) retrieved from /Users/rah/Desktop/creative_projects/rah_coding_repo/projects/fin_data_project_001/finance-data-project-1/.venv/lib/python3.10/site-packages/airflow/example_dags/example_external_task_marker_dag.py
[2025-06-14T23:59:04.449-0400] {logging_mixin.py:154} INFO - [2025-06-14T23:59:04.448-0400] {dag.py:2941} INFO - Sync 2 DAGs
[2025-06-14T23:59:04.453-0400] {logging_mixin.py:154} INFO - [2025-06-14T23:59:04.453-0400] {dag.py:3722} INFO - Setting next_dagrun for example_external_task_marker_child to None, run_after=None
[2025-06-14T23:59:04.455-0400] {logging_mixin.py:154} INFO - [2025-06-14T23:59:04.455-0400] {dag.py:3722} INFO - Setting next_dagrun for example_external_task_marker_parent to None, run_after=None
[2025-06-14T23:59:04.464-0400] {processor.py:179} INFO - Processing /Users/rah/Desktop/creative_projects/rah_coding_repo/projects/fin_data_project_001/finance-data-project-1/.venv/lib/python3.10/site-packages/airflow/example_dags/example_external_task_marker_dag.py took 0.143 seconds
[2025-06-14T23:59:19.707-0400] {processor.py:157} INFO - Started process (PID=50554) to work on /Users/rah/Desktop/creative_projects/rah_coding_repo/projects/fin_data_project_001/finance-data-project-1/.venv/lib/python3.10/site-packages/airflow/example_dags/example_external_task_marker_dag.py
[2025-06-14T23:59:19.709-0400] {processor.py:829} INFO - Processing file /Users/rah/Desktop/creative_projects/rah_coding_repo/projects/fin_data_project_001/finance-data-project-1/.venv/lib/python3.10/site-packages/airflow/example_dags/example_external_task_marker_dag.py for tasks to queue
[2025-06-14T23:59:19.710-0400] {logging_mixin.py:154} INFO - [2025-06-14T23:59:19.710-0400] {dagbag.py:536} INFO - Filling up the DagBag from /Users/rah/Desktop/creative_projects/rah_coding_repo/projects/fin_data_project_001/finance-data-project-1/.venv/lib/python3.10/site-packages/airflow/example_dags/example_external_task_marker_dag.py
[2025-06-14T23:59:19.722-0400] {processor.py:839} INFO - DAG(s) dict_keys(['example_external_task_marker_parent', 'example_external_task_marker_child']) retrieved from /Users/rah/Desktop/creative_projects/rah_coding_repo/projects/fin_data_project_001/finance-data-project-1/.venv/lib/python3.10/site-packages/airflow/example_dags/example_external_task_marker_dag.py
[2025-06-14T23:59:19.845-0400] {logging_mixin.py:154} INFO - [2025-06-14T23:59:19.845-0400] {dag.py:2941} INFO - Sync 2 DAGs
[2025-06-14T23:59:19.850-0400] {logging_mixin.py:154} INFO - [2025-06-14T23:59:19.850-0400] {dag.py:3722} INFO - Setting next_dagrun for example_external_task_marker_child to None, run_after=None
[2025-06-14T23:59:19.851-0400] {logging_mixin.py:154} INFO - [2025-06-14T23:59:19.851-0400] {dag.py:3722} INFO - Setting next_dagrun for example_external_task_marker_parent to None, run_after=None
[2025-06-14T23:59:19.865-0400] {processor.py:179} INFO - Processing /Users/rah/Desktop/creative_projects/rah_coding_repo/projects/fin_data_project_001/finance-data-project-1/.venv/lib/python3.10/site-packages/airflow/example_dags/example_external_task_marker_dag.py took 0.159 seconds
[2025-06-14T23:59:51.695-0400] {processor.py:157} INFO - Started process (PID=51039) to work on /Users/rah/Desktop/creative_projects/rah_coding_repo/projects/fin_data_project_001/finance-data-project-1/.venv/lib/python3.10/site-packages/airflow/example_dags/example_external_task_marker_dag.py
[2025-06-14T23:59:51.698-0400] {processor.py:829} INFO - Processing file /Users/rah/Desktop/creative_projects/rah_coding_repo/projects/fin_data_project_001/finance-data-project-1/.venv/lib/python3.10/site-packages/airflow/example_dags/example_external_task_marker_dag.py for tasks to queue
[2025-06-14T23:59:51.698-0400] {logging_mixin.py:154} INFO - [2025-06-14T23:59:51.698-0400] {dagbag.py:536} INFO - Filling up the DagBag from /Users/rah/Desktop/creative_projects/rah_coding_repo/projects/fin_data_project_001/finance-data-project-1/.venv/lib/python3.10/site-packages/airflow/example_dags/example_external_task_marker_dag.py
[2025-06-14T23:59:51.710-0400] {processor.py:839} INFO - DAG(s) dict_keys(['example_external_task_marker_parent', 'example_external_task_marker_child']) retrieved from /Users/rah/Desktop/creative_projects/rah_coding_repo/projects/fin_data_project_001/finance-data-project-1/.venv/lib/python3.10/site-packages/airflow/example_dags/example_external_task_marker_dag.py
[2025-06-14T23:59:51.811-0400] {logging_mixin.py:154} INFO - [2025-06-14T23:59:51.811-0400] {dag.py:2941} INFO - Sync 2 DAGs
[2025-06-14T23:59:51.815-0400] {logging_mixin.py:154} INFO - [2025-06-14T23:59:51.815-0400] {dag.py:3722} INFO - Setting next_dagrun for example_external_task_marker_child to None, run_after=None
[2025-06-14T23:59:51.817-0400] {logging_mixin.py:154} INFO - [2025-06-14T23:59:51.817-0400] {dag.py:3722} INFO - Setting next_dagrun for example_external_task_marker_parent to None, run_after=None
[2025-06-14T23:59:51.825-0400] {processor.py:179} INFO - Processing /Users/rah/Desktop/creative_projects/rah_coding_repo/projects/fin_data_project_001/finance-data-project-1/.venv/lib/python3.10/site-packages/airflow/example_dags/example_external_task_marker_dag.py took 0.131 seconds
[2025-06-15T00:00:03.104-0400] {processor.py:157} INFO - Started process (PID=51222) to work on /Users/rah/Desktop/creative_projects/rah_coding_repo/projects/fin_data_project_001/finance-data-project-1/.venv/lib/python3.10/site-packages/airflow/example_dags/example_external_task_marker_dag.py
[2025-06-15T00:00:03.106-0400] {processor.py:829} INFO - Processing file /Users/rah/Desktop/creative_projects/rah_coding_repo/projects/fin_data_project_001/finance-data-project-1/.venv/lib/python3.10/site-packages/airflow/example_dags/example_external_task_marker_dag.py for tasks to queue
[2025-06-15T00:00:03.107-0400] {logging_mixin.py:154} INFO - [2025-06-15T00:00:03.107-0400] {dagbag.py:536} INFO - Filling up the DagBag from /Users/rah/Desktop/creative_projects/rah_coding_repo/projects/fin_data_project_001/finance-data-project-1/.venv/lib/python3.10/site-packages/airflow/example_dags/example_external_task_marker_dag.py
[2025-06-15T00:00:03.118-0400] {processor.py:839} INFO - DAG(s) dict_keys(['example_external_task_marker_child', 'example_external_task_marker_parent']) retrieved from /Users/rah/Desktop/creative_projects/rah_coding_repo/projects/fin_data_project_001/finance-data-project-1/.venv/lib/python3.10/site-packages/airflow/example_dags/example_external_task_marker_dag.py
[2025-06-15T00:00:03.231-0400] {logging_mixin.py:154} INFO - [2025-06-15T00:00:03.230-0400] {dag.py:2941} INFO - Sync 2 DAGs
[2025-06-15T00:00:03.235-0400] {logging_mixin.py:154} INFO - [2025-06-15T00:00:03.235-0400] {dag.py:3722} INFO - Setting next_dagrun for example_external_task_marker_child to None, run_after=None
[2025-06-15T00:00:03.236-0400] {logging_mixin.py:154} INFO - [2025-06-15T00:00:03.236-0400] {dag.py:3722} INFO - Setting next_dagrun for example_external_task_marker_parent to None, run_after=None
[2025-06-15T00:00:03.246-0400] {processor.py:179} INFO - Processing /Users/rah/Desktop/creative_projects/rah_coding_repo/projects/fin_data_project_001/finance-data-project-1/.venv/lib/python3.10/site-packages/airflow/example_dags/example_external_task_marker_dag.py took 0.143 seconds
[2025-06-15T00:00:49.214-0400] {processor.py:157} INFO - Started process (PID=51980) to work on /Users/rah/Desktop/creative_projects/rah_coding_repo/projects/fin_data_project_001/finance-data-project-1/.venv/lib/python3.10/site-packages/airflow/example_dags/example_external_task_marker_dag.py
[2025-06-15T00:00:49.216-0400] {processor.py:829} INFO - Processing file /Users/rah/Desktop/creative_projects/rah_coding_repo/projects/fin_data_project_001/finance-data-project-1/.venv/lib/python3.10/site-packages/airflow/example_dags/example_external_task_marker_dag.py for tasks to queue
[2025-06-15T00:00:49.217-0400] {logging_mixin.py:154} INFO - [2025-06-15T00:00:49.217-0400] {dagbag.py:536} INFO - Filling up the DagBag from /Users/rah/Desktop/creative_projects/rah_coding_repo/projects/fin_data_project_001/finance-data-project-1/.venv/lib/python3.10/site-packages/airflow/example_dags/example_external_task_marker_dag.py
[2025-06-15T00:00:49.228-0400] {processor.py:839} INFO - DAG(s) dict_keys(['example_external_task_marker_child', 'example_external_task_marker_parent']) retrieved from /Users/rah/Desktop/creative_projects/rah_coding_repo/projects/fin_data_project_001/finance-data-project-1/.venv/lib/python3.10/site-packages/airflow/example_dags/example_external_task_marker_dag.py
[2025-06-15T00:00:49.346-0400] {logging_mixin.py:154} INFO - [2025-06-15T00:00:49.345-0400] {dag.py:2941} INFO - Sync 2 DAGs
[2025-06-15T00:00:49.350-0400] {logging_mixin.py:154} INFO - [2025-06-15T00:00:49.350-0400] {dag.py:3722} INFO - Setting next_dagrun for example_external_task_marker_child to None, run_after=None
[2025-06-15T00:00:49.351-0400] {logging_mixin.py:154} INFO - [2025-06-15T00:00:49.351-0400] {dag.py:3722} INFO - Setting next_dagrun for example_external_task_marker_parent to None, run_after=None
[2025-06-15T00:00:49.361-0400] {processor.py:179} INFO - Processing /Users/rah/Desktop/creative_projects/rah_coding_repo/projects/fin_data_project_001/finance-data-project-1/.venv/lib/python3.10/site-packages/airflow/example_dags/example_external_task_marker_dag.py took 0.147 seconds
[2025-06-15T00:01:04.073-0400] {processor.py:157} INFO - Started process (PID=52160) to work on /Users/rah/Desktop/creative_projects/rah_coding_repo/projects/fin_data_project_001/finance-data-project-1/.venv/lib/python3.10/site-packages/airflow/example_dags/example_external_task_marker_dag.py
[2025-06-15T00:01:04.076-0400] {processor.py:829} INFO - Processing file /Users/rah/Desktop/creative_projects/rah_coding_repo/projects/fin_data_project_001/finance-data-project-1/.venv/lib/python3.10/site-packages/airflow/example_dags/example_external_task_marker_dag.py for tasks to queue
[2025-06-15T00:01:04.076-0400] {logging_mixin.py:154} INFO - [2025-06-15T00:01:04.076-0400] {dagbag.py:536} INFO - Filling up the DagBag from /Users/rah/Desktop/creative_projects/rah_coding_repo/projects/fin_data_project_001/finance-data-project-1/.venv/lib/python3.10/site-packages/airflow/example_dags/example_external_task_marker_dag.py
[2025-06-15T00:01:04.090-0400] {processor.py:839} INFO - DAG(s) dict_keys(['example_external_task_marker_parent', 'example_external_task_marker_child']) retrieved from /Users/rah/Desktop/creative_projects/rah_coding_repo/projects/fin_data_project_001/finance-data-project-1/.venv/lib/python3.10/site-packages/airflow/example_dags/example_external_task_marker_dag.py
[2025-06-15T00:01:04.204-0400] {logging_mixin.py:154} INFO - [2025-06-15T00:01:04.204-0400] {dag.py:2941} INFO - Sync 2 DAGs
[2025-06-15T00:01:04.208-0400] {logging_mixin.py:154} INFO - [2025-06-15T00:01:04.208-0400] {dag.py:3722} INFO - Setting next_dagrun for example_external_task_marker_child to None, run_after=None
[2025-06-15T00:01:04.209-0400] {logging_mixin.py:154} INFO - [2025-06-15T00:01:04.209-0400] {dag.py:3722} INFO - Setting next_dagrun for example_external_task_marker_parent to None, run_after=None
[2025-06-15T00:01:04.217-0400] {processor.py:179} INFO - Processing /Users/rah/Desktop/creative_projects/rah_coding_repo/projects/fin_data_project_001/finance-data-project-1/.venv/lib/python3.10/site-packages/airflow/example_dags/example_external_task_marker_dag.py took 0.145 seconds
[2025-06-15T00:01:28.662-0400] {processor.py:157} INFO - Started process (PID=52520) to work on /Users/rah/Desktop/creative_projects/rah_coding_repo/projects/fin_data_project_001/finance-data-project-1/.venv/lib/python3.10/site-packages/airflow/example_dags/example_external_task_marker_dag.py
[2025-06-15T00:01:28.664-0400] {processor.py:829} INFO - Processing file /Users/rah/Desktop/creative_projects/rah_coding_repo/projects/fin_data_project_001/finance-data-project-1/.venv/lib/python3.10/site-packages/airflow/example_dags/example_external_task_marker_dag.py for tasks to queue
[2025-06-15T00:01:28.664-0400] {logging_mixin.py:154} INFO - [2025-06-15T00:01:28.664-0400] {dagbag.py:536} INFO - Filling up the DagBag from /Users/rah/Desktop/creative_projects/rah_coding_repo/projects/fin_data_project_001/finance-data-project-1/.venv/lib/python3.10/site-packages/airflow/example_dags/example_external_task_marker_dag.py
[2025-06-15T00:01:28.675-0400] {processor.py:839} INFO - DAG(s) dict_keys(['example_external_task_marker_child', 'example_external_task_marker_parent']) retrieved from /Users/rah/Desktop/creative_projects/rah_coding_repo/projects/fin_data_project_001/finance-data-project-1/.venv/lib/python3.10/site-packages/airflow/example_dags/example_external_task_marker_dag.py
[2025-06-15T00:01:28.772-0400] {logging_mixin.py:154} INFO - [2025-06-15T00:01:28.772-0400] {dag.py:2941} INFO - Sync 2 DAGs
[2025-06-15T00:01:28.776-0400] {logging_mixin.py:154} INFO - [2025-06-15T00:01:28.776-0400] {dag.py:3722} INFO - Setting next_dagrun for example_external_task_marker_child to None, run_after=None
[2025-06-15T00:01:28.777-0400] {logging_mixin.py:154} INFO - [2025-06-15T00:01:28.777-0400] {dag.py:3722} INFO - Setting next_dagrun for example_external_task_marker_parent to None, run_after=None
[2025-06-15T00:01:28.785-0400] {processor.py:179} INFO - Processing /Users/rah/Desktop/creative_projects/rah_coding_repo/projects/fin_data_project_001/finance-data-project-1/.venv/lib/python3.10/site-packages/airflow/example_dags/example_external_task_marker_dag.py took 0.123 seconds
[2025-06-15T00:01:31.426-0400] {processor.py:157} INFO - Started process (PID=52643) to work on /Users/rah/Desktop/creative_projects/rah_coding_repo/projects/fin_data_project_001/finance-data-project-1/.venv/lib/python3.10/site-packages/airflow/example_dags/example_external_task_marker_dag.py
[2025-06-15T00:01:31.428-0400] {processor.py:829} INFO - Processing file /Users/rah/Desktop/creative_projects/rah_coding_repo/projects/fin_data_project_001/finance-data-project-1/.venv/lib/python3.10/site-packages/airflow/example_dags/example_external_task_marker_dag.py for tasks to queue
[2025-06-15T00:01:31.428-0400] {logging_mixin.py:154} INFO - [2025-06-15T00:01:31.428-0400] {dagbag.py:536} INFO - Filling up the DagBag from /Users/rah/Desktop/creative_projects/rah_coding_repo/projects/fin_data_project_001/finance-data-project-1/.venv/lib/python3.10/site-packages/airflow/example_dags/example_external_task_marker_dag.py
[2025-06-15T00:01:31.440-0400] {processor.py:839} INFO - DAG(s) dict_keys(['example_external_task_marker_parent', 'example_external_task_marker_child']) retrieved from /Users/rah/Desktop/creative_projects/rah_coding_repo/projects/fin_data_project_001/finance-data-project-1/.venv/lib/python3.10/site-packages/airflow/example_dags/example_external_task_marker_dag.py
[2025-06-15T00:01:31.538-0400] {logging_mixin.py:154} INFO - [2025-06-15T00:01:31.538-0400] {dag.py:2941} INFO - Sync 2 DAGs
[2025-06-15T00:01:31.542-0400] {logging_mixin.py:154} INFO - [2025-06-15T00:01:31.542-0400] {dag.py:3722} INFO - Setting next_dagrun for example_external_task_marker_child to None, run_after=None
[2025-06-15T00:01:31.543-0400] {logging_mixin.py:154} INFO - [2025-06-15T00:01:31.543-0400] {dag.py:3722} INFO - Setting next_dagrun for example_external_task_marker_parent to None, run_after=None
[2025-06-15T00:01:31.551-0400] {processor.py:179} INFO - Processing /Users/rah/Desktop/creative_projects/rah_coding_repo/projects/fin_data_project_001/finance-data-project-1/.venv/lib/python3.10/site-packages/airflow/example_dags/example_external_task_marker_dag.py took 0.126 seconds
[2025-06-15T00:02:23.461-0400] {processor.py:157} INFO - Started process (PID=53462) to work on /Users/rah/Desktop/creative_projects/rah_coding_repo/projects/fin_data_project_001/finance-data-project-1/.venv/lib/python3.10/site-packages/airflow/example_dags/example_external_task_marker_dag.py
[2025-06-15T00:02:23.464-0400] {processor.py:829} INFO - Processing file /Users/rah/Desktop/creative_projects/rah_coding_repo/projects/fin_data_project_001/finance-data-project-1/.venv/lib/python3.10/site-packages/airflow/example_dags/example_external_task_marker_dag.py for tasks to queue
[2025-06-15T00:02:23.464-0400] {logging_mixin.py:154} INFO - [2025-06-15T00:02:23.464-0400] {dagbag.py:536} INFO - Filling up the DagBag from /Users/rah/Desktop/creative_projects/rah_coding_repo/projects/fin_data_project_001/finance-data-project-1/.venv/lib/python3.10/site-packages/airflow/example_dags/example_external_task_marker_dag.py
[2025-06-15T00:02:23.475-0400] {processor.py:839} INFO - DAG(s) dict_keys(['example_external_task_marker_child', 'example_external_task_marker_parent']) retrieved from /Users/rah/Desktop/creative_projects/rah_coding_repo/projects/fin_data_project_001/finance-data-project-1/.venv/lib/python3.10/site-packages/airflow/example_dags/example_external_task_marker_dag.py
[2025-06-15T00:02:23.576-0400] {logging_mixin.py:154} INFO - [2025-06-15T00:02:23.576-0400] {dag.py:2941} INFO - Sync 2 DAGs
[2025-06-15T00:02:23.580-0400] {logging_mixin.py:154} INFO - [2025-06-15T00:02:23.580-0400] {dag.py:3722} INFO - Setting next_dagrun for example_external_task_marker_child to None, run_after=None
[2025-06-15T00:02:23.582-0400] {logging_mixin.py:154} INFO - [2025-06-15T00:02:23.582-0400] {dag.py:3722} INFO - Setting next_dagrun for example_external_task_marker_parent to None, run_after=None
[2025-06-15T00:02:23.590-0400] {processor.py:179} INFO - Processing /Users/rah/Desktop/creative_projects/rah_coding_repo/projects/fin_data_project_001/finance-data-project-1/.venv/lib/python3.10/site-packages/airflow/example_dags/example_external_task_marker_dag.py took 0.129 seconds
[2025-06-15T00:07:15.329-0400] {processor.py:157} INFO - Started process (PID=57365) to work on /Users/rah/.pyenv/versions/3.10.11/lib/python3.10/site-packages/airflow/example_dags/example_external_task_marker_dag.py
[2025-06-15T00:07:15.333-0400] {processor.py:829} INFO - Processing file /Users/rah/.pyenv/versions/3.10.11/lib/python3.10/site-packages/airflow/example_dags/example_external_task_marker_dag.py for tasks to queue
[2025-06-15T00:07:15.333-0400] {logging_mixin.py:154} INFO - [2025-06-15T00:07:15.333-0400] {dagbag.py:536} INFO - Filling up the DagBag from /Users/rah/.pyenv/versions/3.10.11/lib/python3.10/site-packages/airflow/example_dags/example_external_task_marker_dag.py
[2025-06-15T00:07:15.344-0400] {processor.py:839} INFO - DAG(s) dict_keys(['example_external_task_marker_child', 'example_external_task_marker_parent']) retrieved from /Users/rah/.pyenv/versions/3.10.11/lib/python3.10/site-packages/airflow/example_dags/example_external_task_marker_dag.py
[2025-06-15T00:07:15.703-0400] {logging_mixin.py:154} INFO - [2025-06-15T00:07:15.703-0400] {dag.py:2941} INFO - Sync 2 DAGs
[2025-06-15T00:07:15.707-0400] {logging_mixin.py:154} INFO - [2025-06-15T00:07:15.707-0400] {dag.py:3722} INFO - Setting next_dagrun for example_external_task_marker_child to None, run_after=None
[2025-06-15T00:07:15.708-0400] {logging_mixin.py:154} INFO - [2025-06-15T00:07:15.708-0400] {dag.py:3722} INFO - Setting next_dagrun for example_external_task_marker_parent to None, run_after=None
[2025-06-15T00:07:15.717-0400] {processor.py:179} INFO - Processing /Users/rah/.pyenv/versions/3.10.11/lib/python3.10/site-packages/airflow/example_dags/example_external_task_marker_dag.py took 0.389 seconds
[2025-06-15T00:09:08.396-0400] {processor.py:157} INFO - Started process (PID=59342) to work on /Users/rah/.pyenv/versions/3.10.11/lib/python3.10/site-packages/airflow/example_dags/example_external_task_marker_dag.py
[2025-06-15T00:09:08.398-0400] {processor.py:829} INFO - Processing file /Users/rah/.pyenv/versions/3.10.11/lib/python3.10/site-packages/airflow/example_dags/example_external_task_marker_dag.py for tasks to queue
[2025-06-15T00:09:08.399-0400] {logging_mixin.py:154} INFO - [2025-06-15T00:09:08.399-0400] {dagbag.py:536} INFO - Filling up the DagBag from /Users/rah/.pyenv/versions/3.10.11/lib/python3.10/site-packages/airflow/example_dags/example_external_task_marker_dag.py
[2025-06-15T00:09:08.409-0400] {processor.py:839} INFO - DAG(s) dict_keys(['example_external_task_marker_parent', 'example_external_task_marker_child']) retrieved from /Users/rah/.pyenv/versions/3.10.11/lib/python3.10/site-packages/airflow/example_dags/example_external_task_marker_dag.py
[2025-06-15T00:09:08.524-0400] {logging_mixin.py:154} INFO - [2025-06-15T00:09:08.524-0400] {dag.py:2941} INFO - Sync 2 DAGs
[2025-06-15T00:09:08.528-0400] {logging_mixin.py:154} INFO - [2025-06-15T00:09:08.528-0400] {dag.py:3722} INFO - Setting next_dagrun for example_external_task_marker_child to None, run_after=None
[2025-06-15T00:09:08.529-0400] {logging_mixin.py:154} INFO - [2025-06-15T00:09:08.529-0400] {dag.py:3722} INFO - Setting next_dagrun for example_external_task_marker_parent to None, run_after=None
[2025-06-15T00:09:08.536-0400] {processor.py:179} INFO - Processing /Users/rah/.pyenv/versions/3.10.11/lib/python3.10/site-packages/airflow/example_dags/example_external_task_marker_dag.py took 0.141 seconds
[2025-06-15T00:10:49.122-0400] {processor.py:157} INFO - Started process (PID=60942) to work on /Users/rah/.pyenv/versions/3.10.11/lib/python3.10/site-packages/airflow/example_dags/example_external_task_marker_dag.py
[2025-06-15T00:10:49.125-0400] {processor.py:829} INFO - Processing file /Users/rah/.pyenv/versions/3.10.11/lib/python3.10/site-packages/airflow/example_dags/example_external_task_marker_dag.py for tasks to queue
[2025-06-15T00:10:49.125-0400] {logging_mixin.py:154} INFO - [2025-06-15T00:10:49.125-0400] {dagbag.py:536} INFO - Filling up the DagBag from /Users/rah/.pyenv/versions/3.10.11/lib/python3.10/site-packages/airflow/example_dags/example_external_task_marker_dag.py
[2025-06-15T00:10:49.136-0400] {processor.py:839} INFO - DAG(s) dict_keys(['example_external_task_marker_parent', 'example_external_task_marker_child']) retrieved from /Users/rah/.pyenv/versions/3.10.11/lib/python3.10/site-packages/airflow/example_dags/example_external_task_marker_dag.py
[2025-06-15T00:10:49.259-0400] {logging_mixin.py:154} INFO - [2025-06-15T00:10:49.259-0400] {dag.py:2941} INFO - Sync 2 DAGs
[2025-06-15T00:10:49.263-0400] {logging_mixin.py:154} INFO - [2025-06-15T00:10:49.263-0400] {dag.py:3722} INFO - Setting next_dagrun for example_external_task_marker_child to None, run_after=None
[2025-06-15T00:10:49.264-0400] {logging_mixin.py:154} INFO - [2025-06-15T00:10:49.264-0400] {dag.py:3722} INFO - Setting next_dagrun for example_external_task_marker_parent to None, run_after=None
[2025-06-15T00:10:49.271-0400] {processor.py:179} INFO - Processing /Users/rah/.pyenv/versions/3.10.11/lib/python3.10/site-packages/airflow/example_dags/example_external_task_marker_dag.py took 0.150 seconds
[2025-06-15T00:12:30.760-0400] {processor.py:157} INFO - Started process (PID=62506) to work on /Users/rah/.pyenv/versions/3.10.11/lib/python3.10/site-packages/airflow/example_dags/example_external_task_marker_dag.py
[2025-06-15T00:12:30.763-0400] {processor.py:829} INFO - Processing file /Users/rah/.pyenv/versions/3.10.11/lib/python3.10/site-packages/airflow/example_dags/example_external_task_marker_dag.py for tasks to queue
[2025-06-15T00:12:30.763-0400] {logging_mixin.py:154} INFO - [2025-06-15T00:12:30.763-0400] {dagbag.py:536} INFO - Filling up the DagBag from /Users/rah/.pyenv/versions/3.10.11/lib/python3.10/site-packages/airflow/example_dags/example_external_task_marker_dag.py
[2025-06-15T00:12:30.773-0400] {processor.py:839} INFO - DAG(s) dict_keys(['example_external_task_marker_child', 'example_external_task_marker_parent']) retrieved from /Users/rah/.pyenv/versions/3.10.11/lib/python3.10/site-packages/airflow/example_dags/example_external_task_marker_dag.py
[2025-06-15T00:12:30.893-0400] {logging_mixin.py:154} INFO - [2025-06-15T00:12:30.893-0400] {dag.py:2941} INFO - Sync 2 DAGs
[2025-06-15T00:12:30.897-0400] {logging_mixin.py:154} INFO - [2025-06-15T00:12:30.897-0400] {dag.py:3722} INFO - Setting next_dagrun for example_external_task_marker_child to None, run_after=None
[2025-06-15T00:12:30.898-0400] {logging_mixin.py:154} INFO - [2025-06-15T00:12:30.898-0400] {dag.py:3722} INFO - Setting next_dagrun for example_external_task_marker_parent to None, run_after=None
[2025-06-15T00:12:30.905-0400] {processor.py:179} INFO - Processing /Users/rah/.pyenv/versions/3.10.11/lib/python3.10/site-packages/airflow/example_dags/example_external_task_marker_dag.py took 0.145 seconds
[2025-06-15T00:14:13.544-0400] {processor.py:157} INFO - Started process (PID=63944) to work on /Users/rah/.pyenv/versions/3.10.11/lib/python3.10/site-packages/airflow/example_dags/example_external_task_marker_dag.py
[2025-06-15T00:14:13.547-0400] {processor.py:829} INFO - Processing file /Users/rah/.pyenv/versions/3.10.11/lib/python3.10/site-packages/airflow/example_dags/example_external_task_marker_dag.py for tasks to queue
[2025-06-15T00:14:13.548-0400] {logging_mixin.py:154} INFO - [2025-06-15T00:14:13.547-0400] {dagbag.py:536} INFO - Filling up the DagBag from /Users/rah/.pyenv/versions/3.10.11/lib/python3.10/site-packages/airflow/example_dags/example_external_task_marker_dag.py
[2025-06-15T00:14:13.558-0400] {processor.py:839} INFO - DAG(s) dict_keys(['example_external_task_marker_child', 'example_external_task_marker_parent']) retrieved from /Users/rah/.pyenv/versions/3.10.11/lib/python3.10/site-packages/airflow/example_dags/example_external_task_marker_dag.py
[2025-06-15T00:14:13.671-0400] {logging_mixin.py:154} INFO - [2025-06-15T00:14:13.671-0400] {dag.py:2941} INFO - Sync 2 DAGs
[2025-06-15T00:14:13.675-0400] {logging_mixin.py:154} INFO - [2025-06-15T00:14:13.675-0400] {dag.py:3722} INFO - Setting next_dagrun for example_external_task_marker_child to None, run_after=None
[2025-06-15T00:14:13.676-0400] {logging_mixin.py:154} INFO - [2025-06-15T00:14:13.676-0400] {dag.py:3722} INFO - Setting next_dagrun for example_external_task_marker_parent to None, run_after=None
[2025-06-15T00:14:13.683-0400] {processor.py:179} INFO - Processing /Users/rah/.pyenv/versions/3.10.11/lib/python3.10/site-packages/airflow/example_dags/example_external_task_marker_dag.py took 0.139 seconds
