[2025-06-14T23:49:13.798-0400] {processor.py:157} INFO - Started process (PID=40164) to work on /Users/rah/.pyenv/versions/3.10.11/lib/python3.10/site-packages/airflow/example_dags/example_sensors.py
[2025-06-14T23:49:13.801-0400] {processor.py:829} INFO - Processing file /Users/rah/.pyenv/versions/3.10.11/lib/python3.10/site-packages/airflow/example_dags/example_sensors.py for tasks to queue
[2025-06-14T23:49:13.802-0400] {logging_mixin.py:154} INFO - [2025-06-14T23:49:13.802-0400] {dagbag.py:536} INFO - Filling up the DagBag from /Users/rah/.pyenv/versions/3.10.11/lib/python3.10/site-packages/airflow/example_dags/example_sensors.py
[2025-06-14T23:49:13.817-0400] {processor.py:839} INFO - DAG(s) dict_keys(['example_sensors']) retrieved from /Users/rah/.pyenv/versions/3.10.11/lib/python3.10/site-packages/airflow/example_dags/example_sensors.py
[2025-06-14T23:49:14.236-0400] {logging_mixin.py:154} INFO - [2025-06-14T23:49:14.236-0400] {manager.py:499} INFO - Created Permission View: %s
[2025-06-14T23:49:14.241-0400] {logging_mixin.py:154} INFO - [2025-06-14T23:49:14.241-0400] {manager.py:499} INFO - Created Permission View: %s
[2025-06-14T23:49:14.244-0400] {logging_mixin.py:154} INFO - [2025-06-14T23:49:14.244-0400] {manager.py:499} INFO - Created Permission View: %s
[2025-06-14T23:49:14.245-0400] {logging_mixin.py:154} INFO - [2025-06-14T23:49:14.245-0400] {dag.py:2941} INFO - Sync 1 DAGs
[2025-06-14T23:49:14.251-0400] {logging_mixin.py:154} INFO - [2025-06-14T23:49:14.251-0400] {dag.py:2963} INFO - Creating ORM DAG for example_sensors
[2025-06-14T23:49:14.251-0400] {logging_mixin.py:154} INFO - [2025-06-14T23:49:14.251-0400] {dag.py:3722} INFO - Setting next_dagrun for example_sensors to None, run_after=None
[2025-06-14T23:49:14.263-0400] {processor.py:179} INFO - Processing /Users/rah/.pyenv/versions/3.10.11/lib/python3.10/site-packages/airflow/example_dags/example_sensors.py took 0.465 seconds
[2025-06-14T23:50:40.962-0400] {processor.py:157} INFO - Started process (PID=41266) to work on /Users/rah/.pyenv/versions/3.10.11/lib/python3.10/site-packages/airflow/example_dags/example_sensors.py
[2025-06-14T23:50:40.967-0400] {processor.py:829} INFO - Processing file /Users/rah/.pyenv/versions/3.10.11/lib/python3.10/site-packages/airflow/example_dags/example_sensors.py for tasks to queue
[2025-06-14T23:50:40.967-0400] {logging_mixin.py:154} INFO - [2025-06-14T23:50:40.967-0400] {dagbag.py:536} INFO - Filling up the DagBag from /Users/rah/.pyenv/versions/3.10.11/lib/python3.10/site-packages/airflow/example_dags/example_sensors.py
[2025-06-14T23:50:40.982-0400] {processor.py:839} INFO - DAG(s) dict_keys(['example_sensors']) retrieved from /Users/rah/.pyenv/versions/3.10.11/lib/python3.10/site-packages/airflow/example_dags/example_sensors.py
[2025-06-14T23:50:41.119-0400] {logging_mixin.py:154} INFO - [2025-06-14T23:50:41.119-0400] {dag.py:2941} INFO - Sync 1 DAGs
[2025-06-14T23:50:41.123-0400] {logging_mixin.py:154} INFO - [2025-06-14T23:50:41.123-0400] {dag.py:3722} INFO - Setting next_dagrun for example_sensors to None, run_after=None
[2025-06-14T23:50:41.131-0400] {processor.py:179} INFO - Processing /Users/rah/.pyenv/versions/3.10.11/lib/python3.10/site-packages/airflow/example_dags/example_sensors.py took 0.169 seconds
[2025-06-14T23:55:28.804-0400] {processor.py:157} INFO - Started process (PID=45877) to work on /Users/rah/Desktop/creative_projects/rah_coding_repo/projects/fin_data_project_001/finance-data-project-1/.venv/lib/python3.10/site-packages/airflow/example_dags/example_sensors.py
[2025-06-14T23:55:28.807-0400] {processor.py:829} INFO - Processing file /Users/rah/Desktop/creative_projects/rah_coding_repo/projects/fin_data_project_001/finance-data-project-1/.venv/lib/python3.10/site-packages/airflow/example_dags/example_sensors.py for tasks to queue
[2025-06-14T23:55:28.808-0400] {logging_mixin.py:154} INFO - [2025-06-14T23:55:28.808-0400] {dagbag.py:536} INFO - Filling up the DagBag from /Users/rah/Desktop/creative_projects/rah_coding_repo/projects/fin_data_project_001/finance-data-project-1/.venv/lib/python3.10/site-packages/airflow/example_dags/example_sensors.py
[2025-06-14T23:55:28.819-0400] {processor.py:839} INFO - DAG(s) dict_keys(['example_sensors']) retrieved from /Users/rah/Desktop/creative_projects/rah_coding_repo/projects/fin_data_project_001/finance-data-project-1/.venv/lib/python3.10/site-packages/airflow/example_dags/example_sensors.py
[2025-06-14T23:55:28.915-0400] {logging_mixin.py:154} INFO - [2025-06-14T23:55:28.915-0400] {dag.py:2941} INFO - Sync 1 DAGs
[2025-06-14T23:55:28.918-0400] {logging_mixin.py:154} INFO - [2025-06-14T23:55:28.918-0400] {dag.py:3722} INFO - Setting next_dagrun for example_sensors to None, run_after=None
[2025-06-14T23:55:28.927-0400] {processor.py:179} INFO - Processing /Users/rah/Desktop/creative_projects/rah_coding_repo/projects/fin_data_project_001/finance-data-project-1/.venv/lib/python3.10/site-packages/airflow/example_dags/example_sensors.py took 0.123 seconds
[2025-06-14T23:56:31.989-0400] {processor.py:157} INFO - Started process (PID=47371) to work on /Users/rah/Desktop/creative_projects/rah_coding_repo/projects/fin_data_project_001/finance-data-project-1/.venv/lib/python3.10/site-packages/airflow/example_dags/example_sensors.py
[2025-06-14T23:56:31.992-0400] {processor.py:829} INFO - Processing file /Users/rah/Desktop/creative_projects/rah_coding_repo/projects/fin_data_project_001/finance-data-project-1/.venv/lib/python3.10/site-packages/airflow/example_dags/example_sensors.py for tasks to queue
[2025-06-14T23:56:31.992-0400] {logging_mixin.py:154} INFO - [2025-06-14T23:56:31.992-0400] {dagbag.py:536} INFO - Filling up the DagBag from /Users/rah/Desktop/creative_projects/rah_coding_repo/projects/fin_data_project_001/finance-data-project-1/.venv/lib/python3.10/site-packages/airflow/example_dags/example_sensors.py
[2025-06-14T23:56:32.006-0400] {processor.py:839} INFO - DAG(s) dict_keys(['example_sensors']) retrieved from /Users/rah/Desktop/creative_projects/rah_coding_repo/projects/fin_data_project_001/finance-data-project-1/.venv/lib/python3.10/site-packages/airflow/example_dags/example_sensors.py
[2025-06-14T23:56:32.119-0400] {logging_mixin.py:154} INFO - [2025-06-14T23:56:32.119-0400] {dag.py:2941} INFO - Sync 1 DAGs
[2025-06-14T23:56:32.123-0400] {logging_mixin.py:154} INFO - [2025-06-14T23:56:32.123-0400] {dag.py:3722} INFO - Setting next_dagrun for example_sensors to None, run_after=None
[2025-06-14T23:56:32.133-0400] {processor.py:179} INFO - Processing /Users/rah/Desktop/creative_projects/rah_coding_repo/projects/fin_data_project_001/finance-data-project-1/.venv/lib/python3.10/site-packages/airflow/example_dags/example_sensors.py took 0.144 seconds
[2025-06-14T23:56:50.409-0400] {processor.py:157} INFO - Started process (PID=48042) to work on /Users/rah/Desktop/creative_projects/rah_coding_repo/projects/fin_data_project_001/finance-data-project-1/.venv/lib/python3.10/site-packages/airflow/example_dags/example_sensors.py
[2025-06-14T23:56:50.412-0400] {processor.py:829} INFO - Processing file /Users/rah/Desktop/creative_projects/rah_coding_repo/projects/fin_data_project_001/finance-data-project-1/.venv/lib/python3.10/site-packages/airflow/example_dags/example_sensors.py for tasks to queue
[2025-06-14T23:56:50.412-0400] {logging_mixin.py:154} INFO - [2025-06-14T23:56:50.412-0400] {dagbag.py:536} INFO - Filling up the DagBag from /Users/rah/Desktop/creative_projects/rah_coding_repo/projects/fin_data_project_001/finance-data-project-1/.venv/lib/python3.10/site-packages/airflow/example_dags/example_sensors.py
[2025-06-14T23:56:50.426-0400] {processor.py:839} INFO - DAG(s) dict_keys(['example_sensors']) retrieved from /Users/rah/Desktop/creative_projects/rah_coding_repo/projects/fin_data_project_001/finance-data-project-1/.venv/lib/python3.10/site-packages/airflow/example_dags/example_sensors.py
[2025-06-14T23:56:50.528-0400] {logging_mixin.py:154} INFO - [2025-06-14T23:56:50.528-0400] {dag.py:2941} INFO - Sync 1 DAGs
[2025-06-14T23:56:50.532-0400] {logging_mixin.py:154} INFO - [2025-06-14T23:56:50.532-0400] {dag.py:3722} INFO - Setting next_dagrun for example_sensors to None, run_after=None
[2025-06-14T23:56:50.543-0400] {processor.py:179} INFO - Processing /Users/rah/Desktop/creative_projects/rah_coding_repo/projects/fin_data_project_001/finance-data-project-1/.venv/lib/python3.10/site-packages/airflow/example_dags/example_sensors.py took 0.135 seconds
[2025-06-14T23:57:25.102-0400] {processor.py:157} INFO - Started process (PID=48509) to work on /Users/rah/Desktop/creative_projects/rah_coding_repo/projects/fin_data_project_001/finance-data-project-1/.venv/lib/python3.10/site-packages/airflow/example_dags/example_sensors.py
[2025-06-14T23:57:25.105-0400] {processor.py:829} INFO - Processing file /Users/rah/Desktop/creative_projects/rah_coding_repo/projects/fin_data_project_001/finance-data-project-1/.venv/lib/python3.10/site-packages/airflow/example_dags/example_sensors.py for tasks to queue
[2025-06-14T23:57:25.105-0400] {logging_mixin.py:154} INFO - [2025-06-14T23:57:25.105-0400] {dagbag.py:536} INFO - Filling up the DagBag from /Users/rah/Desktop/creative_projects/rah_coding_repo/projects/fin_data_project_001/finance-data-project-1/.venv/lib/python3.10/site-packages/airflow/example_dags/example_sensors.py
[2025-06-14T23:57:25.120-0400] {processor.py:839} INFO - DAG(s) dict_keys(['example_sensors']) retrieved from /Users/rah/Desktop/creative_projects/rah_coding_repo/projects/fin_data_project_001/finance-data-project-1/.venv/lib/python3.10/site-packages/airflow/example_dags/example_sensors.py
[2025-06-14T23:57:25.227-0400] {logging_mixin.py:154} INFO - [2025-06-14T23:57:25.227-0400] {dag.py:2941} INFO - Sync 1 DAGs
[2025-06-14T23:57:25.230-0400] {logging_mixin.py:154} INFO - [2025-06-14T23:57:25.230-0400] {dag.py:3722} INFO - Setting next_dagrun for example_sensors to None, run_after=None
[2025-06-14T23:57:25.239-0400] {processor.py:179} INFO - Processing /Users/rah/Desktop/creative_projects/rah_coding_repo/projects/fin_data_project_001/finance-data-project-1/.venv/lib/python3.10/site-packages/airflow/example_dags/example_sensors.py took 0.137 seconds
[2025-06-14T23:57:53.012-0400] {processor.py:157} INFO - Started process (PID=48927) to work on /Users/rah/Desktop/creative_projects/rah_coding_repo/projects/fin_data_project_001/finance-data-project-1/.venv/lib/python3.10/site-packages/airflow/example_dags/example_sensors.py
[2025-06-14T23:57:53.015-0400] {processor.py:829} INFO - Processing file /Users/rah/Desktop/creative_projects/rah_coding_repo/projects/fin_data_project_001/finance-data-project-1/.venv/lib/python3.10/site-packages/airflow/example_dags/example_sensors.py for tasks to queue
[2025-06-14T23:57:53.015-0400] {logging_mixin.py:154} INFO - [2025-06-14T23:57:53.015-0400] {dagbag.py:536} INFO - Filling up the DagBag from /Users/rah/Desktop/creative_projects/rah_coding_repo/projects/fin_data_project_001/finance-data-project-1/.venv/lib/python3.10/site-packages/airflow/example_dags/example_sensors.py
[2025-06-14T23:57:53.030-0400] {processor.py:839} INFO - DAG(s) dict_keys(['example_sensors']) retrieved from /Users/rah/Desktop/creative_projects/rah_coding_repo/projects/fin_data_project_001/finance-data-project-1/.venv/lib/python3.10/site-packages/airflow/example_dags/example_sensors.py
[2025-06-14T23:57:53.136-0400] {logging_mixin.py:154} INFO - [2025-06-14T23:57:53.136-0400] {dag.py:2941} INFO - Sync 1 DAGs
[2025-06-14T23:57:53.140-0400] {logging_mixin.py:154} INFO - [2025-06-14T23:57:53.140-0400] {dag.py:3722} INFO - Setting next_dagrun for example_sensors to None, run_after=None
[2025-06-14T23:57:53.149-0400] {processor.py:179} INFO - Processing /Users/rah/Desktop/creative_projects/rah_coding_repo/projects/fin_data_project_001/finance-data-project-1/.venv/lib/python3.10/site-packages/airflow/example_dags/example_sensors.py took 0.138 seconds
[2025-06-14T23:58:25.261-0400] {processor.py:157} INFO - Started process (PID=49364) to work on /Users/rah/Desktop/creative_projects/rah_coding_repo/projects/fin_data_project_001/finance-data-project-1/.venv/lib/python3.10/site-packages/airflow/example_dags/example_sensors.py
[2025-06-14T23:58:25.263-0400] {processor.py:829} INFO - Processing file /Users/rah/Desktop/creative_projects/rah_coding_repo/projects/fin_data_project_001/finance-data-project-1/.venv/lib/python3.10/site-packages/airflow/example_dags/example_sensors.py for tasks to queue
[2025-06-14T23:58:25.264-0400] {logging_mixin.py:154} INFO - [2025-06-14T23:58:25.263-0400] {dagbag.py:536} INFO - Filling up the DagBag from /Users/rah/Desktop/creative_projects/rah_coding_repo/projects/fin_data_project_001/finance-data-project-1/.venv/lib/python3.10/site-packages/airflow/example_dags/example_sensors.py
[2025-06-14T23:58:25.277-0400] {processor.py:839} INFO - DAG(s) dict_keys(['example_sensors']) retrieved from /Users/rah/Desktop/creative_projects/rah_coding_repo/projects/fin_data_project_001/finance-data-project-1/.venv/lib/python3.10/site-packages/airflow/example_dags/example_sensors.py
[2025-06-14T23:58:25.386-0400] {logging_mixin.py:154} INFO - [2025-06-14T23:58:25.386-0400] {dag.py:2941} INFO - Sync 1 DAGs
[2025-06-14T23:58:25.390-0400] {logging_mixin.py:154} INFO - [2025-06-14T23:58:25.390-0400] {dag.py:3722} INFO - Setting next_dagrun for example_sensors to None, run_after=None
[2025-06-14T23:58:25.398-0400] {processor.py:179} INFO - Processing /Users/rah/Desktop/creative_projects/rah_coding_repo/projects/fin_data_project_001/finance-data-project-1/.venv/lib/python3.10/site-packages/airflow/example_dags/example_sensors.py took 0.138 seconds
[2025-06-14T23:58:42.682-0400] {processor.py:157} INFO - Started process (PID=49649) to work on /Users/rah/Desktop/creative_projects/rah_coding_repo/projects/fin_data_project_001/finance-data-project-1/.venv/lib/python3.10/site-packages/airflow/example_dags/example_sensors.py
[2025-06-14T23:58:42.684-0400] {processor.py:829} INFO - Processing file /Users/rah/Desktop/creative_projects/rah_coding_repo/projects/fin_data_project_001/finance-data-project-1/.venv/lib/python3.10/site-packages/airflow/example_dags/example_sensors.py for tasks to queue
[2025-06-14T23:58:42.685-0400] {logging_mixin.py:154} INFO - [2025-06-14T23:58:42.685-0400] {dagbag.py:536} INFO - Filling up the DagBag from /Users/rah/Desktop/creative_projects/rah_coding_repo/projects/fin_data_project_001/finance-data-project-1/.venv/lib/python3.10/site-packages/airflow/example_dags/example_sensors.py
[2025-06-14T23:58:42.700-0400] {processor.py:839} INFO - DAG(s) dict_keys(['example_sensors']) retrieved from /Users/rah/Desktop/creative_projects/rah_coding_repo/projects/fin_data_project_001/finance-data-project-1/.venv/lib/python3.10/site-packages/airflow/example_dags/example_sensors.py
[2025-06-14T23:58:42.807-0400] {logging_mixin.py:154} INFO - [2025-06-14T23:58:42.807-0400] {dag.py:2941} INFO - Sync 1 DAGs
[2025-06-14T23:58:42.812-0400] {logging_mixin.py:154} INFO - [2025-06-14T23:58:42.811-0400] {dag.py:3722} INFO - Setting next_dagrun for example_sensors to None, run_after=None
[2025-06-14T23:58:42.820-0400] {processor.py:179} INFO - Processing /Users/rah/Desktop/creative_projects/rah_coding_repo/projects/fin_data_project_001/finance-data-project-1/.venv/lib/python3.10/site-packages/airflow/example_dags/example_sensors.py took 0.138 seconds
[2025-06-14T23:59:27.640-0400] {processor.py:157} INFO - Started process (PID=50701) to work on /Users/rah/Desktop/creative_projects/rah_coding_repo/projects/fin_data_project_001/finance-data-project-1/.venv/lib/python3.10/site-packages/airflow/example_dags/example_sensors.py
[2025-06-14T23:59:27.643-0400] {processor.py:829} INFO - Processing file /Users/rah/Desktop/creative_projects/rah_coding_repo/projects/fin_data_project_001/finance-data-project-1/.venv/lib/python3.10/site-packages/airflow/example_dags/example_sensors.py for tasks to queue
[2025-06-14T23:59:27.643-0400] {logging_mixin.py:154} INFO - [2025-06-14T23:59:27.643-0400] {dagbag.py:536} INFO - Filling up the DagBag from /Users/rah/Desktop/creative_projects/rah_coding_repo/projects/fin_data_project_001/finance-data-project-1/.venv/lib/python3.10/site-packages/airflow/example_dags/example_sensors.py
[2025-06-14T23:59:27.657-0400] {processor.py:839} INFO - DAG(s) dict_keys(['example_sensors']) retrieved from /Users/rah/Desktop/creative_projects/rah_coding_repo/projects/fin_data_project_001/finance-data-project-1/.venv/lib/python3.10/site-packages/airflow/example_dags/example_sensors.py
[2025-06-14T23:59:27.765-0400] {logging_mixin.py:154} INFO - [2025-06-14T23:59:27.765-0400] {dag.py:2941} INFO - Sync 1 DAGs
[2025-06-14T23:59:27.769-0400] {logging_mixin.py:154} INFO - [2025-06-14T23:59:27.769-0400] {dag.py:3722} INFO - Setting next_dagrun for example_sensors to None, run_after=None
[2025-06-14T23:59:27.777-0400] {processor.py:179} INFO - Processing /Users/rah/Desktop/creative_projects/rah_coding_repo/projects/fin_data_project_001/finance-data-project-1/.venv/lib/python3.10/site-packages/airflow/example_dags/example_sensors.py took 0.138 seconds
[2025-06-14T23:59:30.483-0400] {processor.py:157} INFO - Started process (PID=50714) to work on /Users/rah/Desktop/creative_projects/rah_coding_repo/projects/fin_data_project_001/finance-data-project-1/.venv/lib/python3.10/site-packages/airflow/example_dags/example_sensors.py
[2025-06-14T23:59:30.485-0400] {processor.py:829} INFO - Processing file /Users/rah/Desktop/creative_projects/rah_coding_repo/projects/fin_data_project_001/finance-data-project-1/.venv/lib/python3.10/site-packages/airflow/example_dags/example_sensors.py for tasks to queue
[2025-06-14T23:59:30.486-0400] {logging_mixin.py:154} INFO - [2025-06-14T23:59:30.486-0400] {dagbag.py:536} INFO - Filling up the DagBag from /Users/rah/Desktop/creative_projects/rah_coding_repo/projects/fin_data_project_001/finance-data-project-1/.venv/lib/python3.10/site-packages/airflow/example_dags/example_sensors.py
[2025-06-14T23:59:30.498-0400] {processor.py:839} INFO - DAG(s) dict_keys(['example_sensors']) retrieved from /Users/rah/Desktop/creative_projects/rah_coding_repo/projects/fin_data_project_001/finance-data-project-1/.venv/lib/python3.10/site-packages/airflow/example_dags/example_sensors.py
[2025-06-14T23:59:30.596-0400] {logging_mixin.py:154} INFO - [2025-06-14T23:59:30.596-0400] {dag.py:2941} INFO - Sync 1 DAGs
[2025-06-14T23:59:30.601-0400] {logging_mixin.py:154} INFO - [2025-06-14T23:59:30.601-0400] {dag.py:3722} INFO - Setting next_dagrun for example_sensors to None, run_after=None
[2025-06-14T23:59:30.609-0400] {processor.py:179} INFO - Processing /Users/rah/Desktop/creative_projects/rah_coding_repo/projects/fin_data_project_001/finance-data-project-1/.venv/lib/python3.10/site-packages/airflow/example_dags/example_sensors.py took 0.126 seconds
[2025-06-15T00:00:08.403-0400] {processor.py:157} INFO - Started process (PID=51358) to work on /Users/rah/Desktop/creative_projects/rah_coding_repo/projects/fin_data_project_001/finance-data-project-1/.venv/lib/python3.10/site-packages/airflow/example_dags/example_sensors.py
[2025-06-15T00:00:08.407-0400] {processor.py:829} INFO - Processing file /Users/rah/Desktop/creative_projects/rah_coding_repo/projects/fin_data_project_001/finance-data-project-1/.venv/lib/python3.10/site-packages/airflow/example_dags/example_sensors.py for tasks to queue
[2025-06-15T00:00:08.407-0400] {logging_mixin.py:154} INFO - [2025-06-15T00:00:08.407-0400] {dagbag.py:536} INFO - Filling up the DagBag from /Users/rah/Desktop/creative_projects/rah_coding_repo/projects/fin_data_project_001/finance-data-project-1/.venv/lib/python3.10/site-packages/airflow/example_dags/example_sensors.py
[2025-06-15T00:00:08.421-0400] {processor.py:839} INFO - DAG(s) dict_keys(['example_sensors']) retrieved from /Users/rah/Desktop/creative_projects/rah_coding_repo/projects/fin_data_project_001/finance-data-project-1/.venv/lib/python3.10/site-packages/airflow/example_dags/example_sensors.py
[2025-06-15T00:00:08.529-0400] {logging_mixin.py:154} INFO - [2025-06-15T00:00:08.529-0400] {dag.py:2941} INFO - Sync 1 DAGs
[2025-06-15T00:00:08.533-0400] {logging_mixin.py:154} INFO - [2025-06-15T00:00:08.533-0400] {dag.py:3722} INFO - Setting next_dagrun for example_sensors to None, run_after=None
[2025-06-15T00:00:08.542-0400] {processor.py:179} INFO - Processing /Users/rah/Desktop/creative_projects/rah_coding_repo/projects/fin_data_project_001/finance-data-project-1/.venv/lib/python3.10/site-packages/airflow/example_dags/example_sensors.py took 0.139 seconds
[2025-06-15T00:00:23.478-0400] {processor.py:157} INFO - Started process (PID=51533) to work on /Users/rah/Desktop/creative_projects/rah_coding_repo/projects/fin_data_project_001/finance-data-project-1/.venv/lib/python3.10/site-packages/airflow/example_dags/example_sensors.py
[2025-06-15T00:00:23.481-0400] {processor.py:829} INFO - Processing file /Users/rah/Desktop/creative_projects/rah_coding_repo/projects/fin_data_project_001/finance-data-project-1/.venv/lib/python3.10/site-packages/airflow/example_dags/example_sensors.py for tasks to queue
[2025-06-15T00:00:23.481-0400] {logging_mixin.py:154} INFO - [2025-06-15T00:00:23.481-0400] {dagbag.py:536} INFO - Filling up the DagBag from /Users/rah/Desktop/creative_projects/rah_coding_repo/projects/fin_data_project_001/finance-data-project-1/.venv/lib/python3.10/site-packages/airflow/example_dags/example_sensors.py
[2025-06-15T00:00:23.494-0400] {processor.py:839} INFO - DAG(s) dict_keys(['example_sensors']) retrieved from /Users/rah/Desktop/creative_projects/rah_coding_repo/projects/fin_data_project_001/finance-data-project-1/.venv/lib/python3.10/site-packages/airflow/example_dags/example_sensors.py
[2025-06-15T00:00:23.599-0400] {logging_mixin.py:154} INFO - [2025-06-15T00:00:23.599-0400] {dag.py:2941} INFO - Sync 1 DAGs
[2025-06-15T00:00:23.603-0400] {logging_mixin.py:154} INFO - [2025-06-15T00:00:23.603-0400] {dag.py:3722} INFO - Setting next_dagrun for example_sensors to None, run_after=None
[2025-06-15T00:00:23.612-0400] {processor.py:179} INFO - Processing /Users/rah/Desktop/creative_projects/rah_coding_repo/projects/fin_data_project_001/finance-data-project-1/.venv/lib/python3.10/site-packages/airflow/example_dags/example_sensors.py took 0.134 seconds
[2025-06-15T00:00:52.825-0400] {processor.py:157} INFO - Started process (PID=51996) to work on /Users/rah/Desktop/creative_projects/rah_coding_repo/projects/fin_data_project_001/finance-data-project-1/.venv/lib/python3.10/site-packages/airflow/example_dags/example_sensors.py
[2025-06-15T00:00:52.828-0400] {processor.py:829} INFO - Processing file /Users/rah/Desktop/creative_projects/rah_coding_repo/projects/fin_data_project_001/finance-data-project-1/.venv/lib/python3.10/site-packages/airflow/example_dags/example_sensors.py for tasks to queue
[2025-06-15T00:00:52.828-0400] {logging_mixin.py:154} INFO - [2025-06-15T00:00:52.828-0400] {dagbag.py:536} INFO - Filling up the DagBag from /Users/rah/Desktop/creative_projects/rah_coding_repo/projects/fin_data_project_001/finance-data-project-1/.venv/lib/python3.10/site-packages/airflow/example_dags/example_sensors.py
[2025-06-15T00:00:52.844-0400] {processor.py:839} INFO - DAG(s) dict_keys(['example_sensors']) retrieved from /Users/rah/Desktop/creative_projects/rah_coding_repo/projects/fin_data_project_001/finance-data-project-1/.venv/lib/python3.10/site-packages/airflow/example_dags/example_sensors.py
[2025-06-15T00:00:52.955-0400] {logging_mixin.py:154} INFO - [2025-06-15T00:00:52.955-0400] {dag.py:2941} INFO - Sync 1 DAGs
[2025-06-15T00:00:52.960-0400] {logging_mixin.py:154} INFO - [2025-06-15T00:00:52.960-0400] {dag.py:3722} INFO - Setting next_dagrun for example_sensors to None, run_after=None
[2025-06-15T00:00:52.969-0400] {processor.py:179} INFO - Processing /Users/rah/Desktop/creative_projects/rah_coding_repo/projects/fin_data_project_001/finance-data-project-1/.venv/lib/python3.10/site-packages/airflow/example_dags/example_sensors.py took 0.145 seconds
[2025-06-15T00:00:56.204-0400] {processor.py:157} INFO - Started process (PID=52012) to work on /Users/rah/Desktop/creative_projects/rah_coding_repo/projects/fin_data_project_001/finance-data-project-1/.venv/lib/python3.10/site-packages/airflow/example_dags/example_sensors.py
[2025-06-15T00:00:56.206-0400] {processor.py:829} INFO - Processing file /Users/rah/Desktop/creative_projects/rah_coding_repo/projects/fin_data_project_001/finance-data-project-1/.venv/lib/python3.10/site-packages/airflow/example_dags/example_sensors.py for tasks to queue
[2025-06-15T00:00:56.206-0400] {logging_mixin.py:154} INFO - [2025-06-15T00:00:56.206-0400] {dagbag.py:536} INFO - Filling up the DagBag from /Users/rah/Desktop/creative_projects/rah_coding_repo/projects/fin_data_project_001/finance-data-project-1/.venv/lib/python3.10/site-packages/airflow/example_dags/example_sensors.py
[2025-06-15T00:00:56.219-0400] {processor.py:839} INFO - DAG(s) dict_keys(['example_sensors']) retrieved from /Users/rah/Desktop/creative_projects/rah_coding_repo/projects/fin_data_project_001/finance-data-project-1/.venv/lib/python3.10/site-packages/airflow/example_dags/example_sensors.py
[2025-06-15T00:00:56.328-0400] {logging_mixin.py:154} INFO - [2025-06-15T00:00:56.327-0400] {dag.py:2941} INFO - Sync 1 DAGs
[2025-06-15T00:00:56.332-0400] {logging_mixin.py:154} INFO - [2025-06-15T00:00:56.332-0400] {dag.py:3722} INFO - Setting next_dagrun for example_sensors to None, run_after=None
[2025-06-15T00:00:56.341-0400] {processor.py:179} INFO - Processing /Users/rah/Desktop/creative_projects/rah_coding_repo/projects/fin_data_project_001/finance-data-project-1/.venv/lib/python3.10/site-packages/airflow/example_dags/example_sensors.py took 0.138 seconds
[2025-06-15T00:01:45.133-0400] {processor.py:157} INFO - Started process (PID=52815) to work on /Users/rah/Desktop/creative_projects/rah_coding_repo/projects/fin_data_project_001/finance-data-project-1/.venv/lib/python3.10/site-packages/airflow/example_dags/example_sensors.py
[2025-06-15T00:01:45.137-0400] {processor.py:829} INFO - Processing file /Users/rah/Desktop/creative_projects/rah_coding_repo/projects/fin_data_project_001/finance-data-project-1/.venv/lib/python3.10/site-packages/airflow/example_dags/example_sensors.py for tasks to queue
[2025-06-15T00:01:45.137-0400] {logging_mixin.py:154} INFO - [2025-06-15T00:01:45.137-0400] {dagbag.py:536} INFO - Filling up the DagBag from /Users/rah/Desktop/creative_projects/rah_coding_repo/projects/fin_data_project_001/finance-data-project-1/.venv/lib/python3.10/site-packages/airflow/example_dags/example_sensors.py
[2025-06-15T00:01:45.152-0400] {processor.py:839} INFO - DAG(s) dict_keys(['example_sensors']) retrieved from /Users/rah/Desktop/creative_projects/rah_coding_repo/projects/fin_data_project_001/finance-data-project-1/.venv/lib/python3.10/site-packages/airflow/example_dags/example_sensors.py
[2025-06-15T00:01:45.264-0400] {logging_mixin.py:154} INFO - [2025-06-15T00:01:45.264-0400] {dag.py:2941} INFO - Sync 1 DAGs
[2025-06-15T00:01:45.268-0400] {logging_mixin.py:154} INFO - [2025-06-15T00:01:45.268-0400] {dag.py:3722} INFO - Setting next_dagrun for example_sensors to None, run_after=None
[2025-06-15T00:01:45.277-0400] {processor.py:179} INFO - Processing /Users/rah/Desktop/creative_projects/rah_coding_repo/projects/fin_data_project_001/finance-data-project-1/.venv/lib/python3.10/site-packages/airflow/example_dags/example_sensors.py took 0.145 seconds
[2025-06-15T00:01:56.882-0400] {processor.py:157} INFO - Started process (PID=52983) to work on /Users/rah/Desktop/creative_projects/rah_coding_repo/projects/fin_data_project_001/finance-data-project-1/.venv/lib/python3.10/site-packages/airflow/example_dags/example_sensors.py
[2025-06-15T00:01:56.884-0400] {processor.py:829} INFO - Processing file /Users/rah/Desktop/creative_projects/rah_coding_repo/projects/fin_data_project_001/finance-data-project-1/.venv/lib/python3.10/site-packages/airflow/example_dags/example_sensors.py for tasks to queue
[2025-06-15T00:01:56.884-0400] {logging_mixin.py:154} INFO - [2025-06-15T00:01:56.884-0400] {dagbag.py:536} INFO - Filling up the DagBag from /Users/rah/Desktop/creative_projects/rah_coding_repo/projects/fin_data_project_001/finance-data-project-1/.venv/lib/python3.10/site-packages/airflow/example_dags/example_sensors.py
[2025-06-15T00:01:56.899-0400] {processor.py:839} INFO - DAG(s) dict_keys(['example_sensors']) retrieved from /Users/rah/Desktop/creative_projects/rah_coding_repo/projects/fin_data_project_001/finance-data-project-1/.venv/lib/python3.10/site-packages/airflow/example_dags/example_sensors.py
[2025-06-15T00:01:57.013-0400] {logging_mixin.py:154} INFO - [2025-06-15T00:01:57.012-0400] {dag.py:2941} INFO - Sync 1 DAGs
[2025-06-15T00:01:57.018-0400] {logging_mixin.py:154} INFO - [2025-06-15T00:01:57.018-0400] {dag.py:3722} INFO - Setting next_dagrun for example_sensors to None, run_after=None
[2025-06-15T00:01:57.027-0400] {processor.py:179} INFO - Processing /Users/rah/Desktop/creative_projects/rah_coding_repo/projects/fin_data_project_001/finance-data-project-1/.venv/lib/python3.10/site-packages/airflow/example_dags/example_sensors.py took 0.146 seconds
[2025-06-15T00:02:32.561-0400] {processor.py:157} INFO - Started process (PID=53501) to work on /Users/rah/Desktop/creative_projects/rah_coding_repo/projects/fin_data_project_001/finance-data-project-1/.venv/lib/python3.10/site-packages/airflow/example_dags/example_sensors.py
[2025-06-15T00:02:32.563-0400] {processor.py:829} INFO - Processing file /Users/rah/Desktop/creative_projects/rah_coding_repo/projects/fin_data_project_001/finance-data-project-1/.venv/lib/python3.10/site-packages/airflow/example_dags/example_sensors.py for tasks to queue
[2025-06-15T00:02:32.563-0400] {logging_mixin.py:154} INFO - [2025-06-15T00:02:32.563-0400] {dagbag.py:536} INFO - Filling up the DagBag from /Users/rah/Desktop/creative_projects/rah_coding_repo/projects/fin_data_project_001/finance-data-project-1/.venv/lib/python3.10/site-packages/airflow/example_dags/example_sensors.py
[2025-06-15T00:02:32.575-0400] {processor.py:839} INFO - DAG(s) dict_keys(['example_sensors']) retrieved from /Users/rah/Desktop/creative_projects/rah_coding_repo/projects/fin_data_project_001/finance-data-project-1/.venv/lib/python3.10/site-packages/airflow/example_dags/example_sensors.py
[2025-06-15T00:02:32.679-0400] {logging_mixin.py:154} INFO - [2025-06-15T00:02:32.678-0400] {dag.py:2941} INFO - Sync 1 DAGs
[2025-06-15T00:02:32.683-0400] {logging_mixin.py:154} INFO - [2025-06-15T00:02:32.682-0400] {dag.py:3722} INFO - Setting next_dagrun for example_sensors to None, run_after=None
[2025-06-15T00:02:32.692-0400] {processor.py:179} INFO - Processing /Users/rah/Desktop/creative_projects/rah_coding_repo/projects/fin_data_project_001/finance-data-project-1/.venv/lib/python3.10/site-packages/airflow/example_dags/example_sensors.py took 0.132 seconds
[2025-06-15T00:03:33.525-0400] {processor.py:157} INFO - Started process (PID=54443) to work on /Users/rah/.pyenv/versions/3.10.11/lib/python3.10/site-packages/airflow/example_dags/example_sensors.py
[2025-06-15T00:03:33.528-0400] {processor.py:829} INFO - Processing file /Users/rah/.pyenv/versions/3.10.11/lib/python3.10/site-packages/airflow/example_dags/example_sensors.py for tasks to queue
[2025-06-15T00:03:33.528-0400] {logging_mixin.py:154} INFO - [2025-06-15T00:03:33.528-0400] {dagbag.py:536} INFO - Filling up the DagBag from /Users/rah/.pyenv/versions/3.10.11/lib/python3.10/site-packages/airflow/example_dags/example_sensors.py
[2025-06-15T00:03:33.540-0400] {processor.py:839} INFO - DAG(s) dict_keys(['example_sensors']) retrieved from /Users/rah/.pyenv/versions/3.10.11/lib/python3.10/site-packages/airflow/example_dags/example_sensors.py
[2025-06-15T00:03:33.892-0400] {logging_mixin.py:154} INFO - [2025-06-15T00:03:33.892-0400] {dag.py:2941} INFO - Sync 1 DAGs
[2025-06-15T00:03:33.896-0400] {logging_mixin.py:154} INFO - [2025-06-15T00:03:33.896-0400] {dag.py:3722} INFO - Setting next_dagrun for example_sensors to None, run_after=None
[2025-06-15T00:03:33.905-0400] {processor.py:179} INFO - Processing /Users/rah/.pyenv/versions/3.10.11/lib/python3.10/site-packages/airflow/example_dags/example_sensors.py took 0.381 seconds
[2025-06-15T00:06:54.031-0400] {processor.py:157} INFO - Started process (PID=57133) to work on /Users/rah/.pyenv/versions/3.10.11/lib/python3.10/site-packages/airflow/example_dags/example_sensors.py
[2025-06-15T00:06:54.034-0400] {processor.py:829} INFO - Processing file /Users/rah/.pyenv/versions/3.10.11/lib/python3.10/site-packages/airflow/example_dags/example_sensors.py for tasks to queue
[2025-06-15T00:06:54.034-0400] {logging_mixin.py:154} INFO - [2025-06-15T00:06:54.034-0400] {dagbag.py:536} INFO - Filling up the DagBag from /Users/rah/.pyenv/versions/3.10.11/lib/python3.10/site-packages/airflow/example_dags/example_sensors.py
[2025-06-15T00:06:54.045-0400] {processor.py:839} INFO - DAG(s) dict_keys(['example_sensors']) retrieved from /Users/rah/.pyenv/versions/3.10.11/lib/python3.10/site-packages/airflow/example_dags/example_sensors.py
[2025-06-15T00:06:54.163-0400] {logging_mixin.py:154} INFO - [2025-06-15T00:06:54.163-0400] {dag.py:2941} INFO - Sync 1 DAGs
[2025-06-15T00:06:54.166-0400] {logging_mixin.py:154} INFO - [2025-06-15T00:06:54.166-0400] {dag.py:3722} INFO - Setting next_dagrun for example_sensors to None, run_after=None
[2025-06-15T00:06:54.174-0400] {processor.py:179} INFO - Processing /Users/rah/.pyenv/versions/3.10.11/lib/python3.10/site-packages/airflow/example_dags/example_sensors.py took 0.143 seconds
[2025-06-15T00:08:21.875-0400] {processor.py:157} INFO - Started process (PID=58491) to work on /Users/rah/.pyenv/versions/3.10.11/lib/python3.10/site-packages/airflow/example_dags/example_sensors.py
[2025-06-15T00:08:21.877-0400] {processor.py:829} INFO - Processing file /Users/rah/.pyenv/versions/3.10.11/lib/python3.10/site-packages/airflow/example_dags/example_sensors.py for tasks to queue
[2025-06-15T00:08:21.878-0400] {logging_mixin.py:154} INFO - [2025-06-15T00:08:21.878-0400] {dagbag.py:536} INFO - Filling up the DagBag from /Users/rah/.pyenv/versions/3.10.11/lib/python3.10/site-packages/airflow/example_dags/example_sensors.py
[2025-06-15T00:08:21.889-0400] {processor.py:839} INFO - DAG(s) dict_keys(['example_sensors']) retrieved from /Users/rah/.pyenv/versions/3.10.11/lib/python3.10/site-packages/airflow/example_dags/example_sensors.py
[2025-06-15T00:08:22.004-0400] {logging_mixin.py:154} INFO - [2025-06-15T00:08:22.004-0400] {dag.py:2941} INFO - Sync 1 DAGs
[2025-06-15T00:08:22.007-0400] {logging_mixin.py:154} INFO - [2025-06-15T00:08:22.007-0400] {dag.py:3722} INFO - Setting next_dagrun for example_sensors to None, run_after=None
[2025-06-15T00:08:22.015-0400] {processor.py:179} INFO - Processing /Users/rah/.pyenv/versions/3.10.11/lib/python3.10/site-packages/airflow/example_dags/example_sensors.py took 0.141 seconds
[2025-06-15T00:10:05.806-0400] {processor.py:157} INFO - Started process (PID=60405) to work on /Users/rah/.pyenv/versions/3.10.11/lib/python3.10/site-packages/airflow/example_dags/example_sensors.py
[2025-06-15T00:10:05.809-0400] {processor.py:829} INFO - Processing file /Users/rah/.pyenv/versions/3.10.11/lib/python3.10/site-packages/airflow/example_dags/example_sensors.py for tasks to queue
[2025-06-15T00:10:05.809-0400] {logging_mixin.py:154} INFO - [2025-06-15T00:10:05.809-0400] {dagbag.py:536} INFO - Filling up the DagBag from /Users/rah/.pyenv/versions/3.10.11/lib/python3.10/site-packages/airflow/example_dags/example_sensors.py
[2025-06-15T00:10:05.820-0400] {processor.py:839} INFO - DAG(s) dict_keys(['example_sensors']) retrieved from /Users/rah/.pyenv/versions/3.10.11/lib/python3.10/site-packages/airflow/example_dags/example_sensors.py
[2025-06-15T00:10:05.938-0400] {logging_mixin.py:154} INFO - [2025-06-15T00:10:05.938-0400] {dag.py:2941} INFO - Sync 1 DAGs
[2025-06-15T00:10:05.941-0400] {logging_mixin.py:154} INFO - [2025-06-15T00:10:05.941-0400] {dag.py:3722} INFO - Setting next_dagrun for example_sensors to None, run_after=None
[2025-06-15T00:10:05.949-0400] {processor.py:179} INFO - Processing /Users/rah/.pyenv/versions/3.10.11/lib/python3.10/site-packages/airflow/example_dags/example_sensors.py took 0.144 seconds
[2025-06-15T00:11:45.364-0400] {processor.py:157} INFO - Started process (PID=61588) to work on /Users/rah/.pyenv/versions/3.10.11/lib/python3.10/site-packages/airflow/example_dags/example_sensors.py
[2025-06-15T00:11:45.367-0400] {processor.py:829} INFO - Processing file /Users/rah/.pyenv/versions/3.10.11/lib/python3.10/site-packages/airflow/example_dags/example_sensors.py for tasks to queue
[2025-06-15T00:11:45.367-0400] {logging_mixin.py:154} INFO - [2025-06-15T00:11:45.367-0400] {dagbag.py:536} INFO - Filling up the DagBag from /Users/rah/.pyenv/versions/3.10.11/lib/python3.10/site-packages/airflow/example_dags/example_sensors.py
[2025-06-15T00:11:45.379-0400] {processor.py:839} INFO - DAG(s) dict_keys(['example_sensors']) retrieved from /Users/rah/.pyenv/versions/3.10.11/lib/python3.10/site-packages/airflow/example_dags/example_sensors.py
[2025-06-15T00:11:45.498-0400] {logging_mixin.py:154} INFO - [2025-06-15T00:11:45.498-0400] {dag.py:2941} INFO - Sync 1 DAGs
[2025-06-15T00:11:45.502-0400] {logging_mixin.py:154} INFO - [2025-06-15T00:11:45.502-0400] {dag.py:3722} INFO - Setting next_dagrun for example_sensors to None, run_after=None
[2025-06-15T00:11:45.509-0400] {processor.py:179} INFO - Processing /Users/rah/.pyenv/versions/3.10.11/lib/python3.10/site-packages/airflow/example_dags/example_sensors.py took 0.146 seconds
[2025-06-15T00:13:29.162-0400] {processor.py:157} INFO - Started process (PID=63433) to work on /Users/rah/.pyenv/versions/3.10.11/lib/python3.10/site-packages/airflow/example_dags/example_sensors.py
[2025-06-15T00:13:29.165-0400] {processor.py:829} INFO - Processing file /Users/rah/.pyenv/versions/3.10.11/lib/python3.10/site-packages/airflow/example_dags/example_sensors.py for tasks to queue
[2025-06-15T00:13:29.166-0400] {logging_mixin.py:154} INFO - [2025-06-15T00:13:29.166-0400] {dagbag.py:536} INFO - Filling up the DagBag from /Users/rah/.pyenv/versions/3.10.11/lib/python3.10/site-packages/airflow/example_dags/example_sensors.py
[2025-06-15T00:13:29.178-0400] {processor.py:839} INFO - DAG(s) dict_keys(['example_sensors']) retrieved from /Users/rah/.pyenv/versions/3.10.11/lib/python3.10/site-packages/airflow/example_dags/example_sensors.py
[2025-06-15T00:13:29.297-0400] {logging_mixin.py:154} INFO - [2025-06-15T00:13:29.297-0400] {dag.py:2941} INFO - Sync 1 DAGs
[2025-06-15T00:13:29.300-0400] {logging_mixin.py:154} INFO - [2025-06-15T00:13:29.300-0400] {dag.py:3722} INFO - Setting next_dagrun for example_sensors to None, run_after=None
[2025-06-15T00:13:29.309-0400] {processor.py:179} INFO - Processing /Users/rah/.pyenv/versions/3.10.11/lib/python3.10/site-packages/airflow/example_dags/example_sensors.py took 0.147 seconds
[2025-06-15T00:15:09.287-0400] {processor.py:157} INFO - Started process (PID=65000) to work on /Users/rah/.pyenv/versions/3.10.11/lib/python3.10/site-packages/airflow/example_dags/example_sensors.py
[2025-06-15T00:15:09.290-0400] {processor.py:829} INFO - Processing file /Users/rah/.pyenv/versions/3.10.11/lib/python3.10/site-packages/airflow/example_dags/example_sensors.py for tasks to queue
[2025-06-15T00:15:09.291-0400] {logging_mixin.py:154} INFO - [2025-06-15T00:15:09.291-0400] {dagbag.py:536} INFO - Filling up the DagBag from /Users/rah/.pyenv/versions/3.10.11/lib/python3.10/site-packages/airflow/example_dags/example_sensors.py
[2025-06-15T00:15:09.303-0400] {processor.py:839} INFO - DAG(s) dict_keys(['example_sensors']) retrieved from /Users/rah/.pyenv/versions/3.10.11/lib/python3.10/site-packages/airflow/example_dags/example_sensors.py
[2025-06-15T00:15:09.428-0400] {logging_mixin.py:154} INFO - [2025-06-15T00:15:09.428-0400] {dag.py:2941} INFO - Sync 1 DAGs
[2025-06-15T00:15:09.432-0400] {logging_mixin.py:154} INFO - [2025-06-15T00:15:09.432-0400] {dag.py:3722} INFO - Setting next_dagrun for example_sensors to None, run_after=None
[2025-06-15T00:15:09.440-0400] {processor.py:179} INFO - Processing /Users/rah/.pyenv/versions/3.10.11/lib/python3.10/site-packages/airflow/example_dags/example_sensors.py took 0.154 seconds
[2025-06-15T00:16:57.322-0400] {processor.py:157} INFO - Started process (PID=68188) to work on /Users/rah/.pyenv/versions/3.10.11/lib/python3.10/site-packages/airflow/example_dags/example_sensors.py
[2025-06-15T00:16:57.325-0400] {processor.py:829} INFO - Processing file /Users/rah/.pyenv/versions/3.10.11/lib/python3.10/site-packages/airflow/example_dags/example_sensors.py for tasks to queue
[2025-06-15T00:16:57.326-0400] {logging_mixin.py:154} INFO - [2025-06-15T00:16:57.325-0400] {dagbag.py:536} INFO - Filling up the DagBag from /Users/rah/.pyenv/versions/3.10.11/lib/python3.10/site-packages/airflow/example_dags/example_sensors.py
[2025-06-15T00:16:57.339-0400] {processor.py:839} INFO - DAG(s) dict_keys(['example_sensors']) retrieved from /Users/rah/.pyenv/versions/3.10.11/lib/python3.10/site-packages/airflow/example_dags/example_sensors.py
[2025-06-15T00:16:57.466-0400] {logging_mixin.py:154} INFO - [2025-06-15T00:16:57.466-0400] {dag.py:2941} INFO - Sync 1 DAGs
[2025-06-15T00:16:57.470-0400] {logging_mixin.py:154} INFO - [2025-06-15T00:16:57.470-0400] {dag.py:3722} INFO - Setting next_dagrun for example_sensors to None, run_after=None
[2025-06-15T00:16:57.478-0400] {processor.py:179} INFO - Processing /Users/rah/.pyenv/versions/3.10.11/lib/python3.10/site-packages/airflow/example_dags/example_sensors.py took 0.156 seconds
[2025-06-15T00:18:40.591-0400] {processor.py:157} INFO - Started process (PID=73603) to work on /Users/rah/.pyenv/versions/3.10.11/lib/python3.10/site-packages/airflow/example_dags/example_sensors.py
[2025-06-15T00:18:40.593-0400] {processor.py:829} INFO - Processing file /Users/rah/.pyenv/versions/3.10.11/lib/python3.10/site-packages/airflow/example_dags/example_sensors.py for tasks to queue
[2025-06-15T00:18:40.594-0400] {logging_mixin.py:154} INFO - [2025-06-15T00:18:40.594-0400] {dagbag.py:536} INFO - Filling up the DagBag from /Users/rah/.pyenv/versions/3.10.11/lib/python3.10/site-packages/airflow/example_dags/example_sensors.py
[2025-06-15T00:18:40.606-0400] {processor.py:839} INFO - DAG(s) dict_keys(['example_sensors']) retrieved from /Users/rah/.pyenv/versions/3.10.11/lib/python3.10/site-packages/airflow/example_dags/example_sensors.py
[2025-06-15T00:18:40.731-0400] {logging_mixin.py:154} INFO - [2025-06-15T00:18:40.731-0400] {dag.py:2941} INFO - Sync 1 DAGs
[2025-06-15T00:18:40.735-0400] {logging_mixin.py:154} INFO - [2025-06-15T00:18:40.735-0400] {dag.py:3722} INFO - Setting next_dagrun for example_sensors to None, run_after=None
[2025-06-15T00:18:40.744-0400] {processor.py:179} INFO - Processing /Users/rah/.pyenv/versions/3.10.11/lib/python3.10/site-packages/airflow/example_dags/example_sensors.py took 0.154 seconds
