[2025-06-14T23:49:15.336-0400] {processor.py:157} INFO - Started process (PID=40266) to work on /Users/rah/.pyenv/versions/3.10.11/lib/python3.10/site-packages/airflow/example_dags/example_sensor_decorator.py
[2025-06-14T23:49:15.339-0400] {processor.py:829} INFO - Processing file /Users/rah/.pyenv/versions/3.10.11/lib/python3.10/site-packages/airflow/example_dags/example_sensor_decorator.py for tasks to queue
[2025-06-14T23:49:15.340-0400] {logging_mixin.py:154} INFO - [2025-06-14T23:49:15.339-0400] {dagbag.py:536} INFO - Filling up the DagBag from /Users/rah/.pyenv/versions/3.10.11/lib/python3.10/site-packages/airflow/example_dags/example_sensor_decorator.py
[2025-06-14T23:49:15.385-0400] {processor.py:839} INFO - DAG(s) dict_keys(['example_sensor_decorator']) retrieved from /Users/rah/.pyenv/versions/3.10.11/lib/python3.10/site-packages/airflow/example_dags/example_sensor_decorator.py
[2025-06-14T23:49:15.734-0400] {logging_mixin.py:154} INFO - [2025-06-14T23:49:15.734-0400] {manager.py:499} INFO - Created Permission View: %s
[2025-06-14T23:49:15.739-0400] {logging_mixin.py:154} INFO - [2025-06-14T23:49:15.738-0400] {manager.py:499} INFO - Created Permission View: %s
[2025-06-14T23:49:15.743-0400] {logging_mixin.py:154} INFO - [2025-06-14T23:49:15.743-0400] {manager.py:499} INFO - Created Permission View: %s
[2025-06-14T23:49:15.743-0400] {logging_mixin.py:154} INFO - [2025-06-14T23:49:15.743-0400] {dag.py:2941} INFO - Sync 1 DAGs
[2025-06-14T23:49:15.748-0400] {logging_mixin.py:154} INFO - [2025-06-14T23:49:15.748-0400] {dag.py:2963} INFO - Creating ORM DAG for example_sensor_decorator
[2025-06-14T23:49:15.748-0400] {logging_mixin.py:154} INFO - [2025-06-14T23:49:15.748-0400] {dag.py:3722} INFO - Setting next_dagrun for example_sensor_decorator to None, run_after=None
[2025-06-14T23:49:15.756-0400] {processor.py:179} INFO - Processing /Users/rah/.pyenv/versions/3.10.11/lib/python3.10/site-packages/airflow/example_dags/example_sensor_decorator.py took 0.420 seconds
[2025-06-14T23:50:42.856-0400] {processor.py:157} INFO - Started process (PID=41268) to work on /Users/rah/.pyenv/versions/3.10.11/lib/python3.10/site-packages/airflow/example_dags/example_sensor_decorator.py
[2025-06-14T23:50:42.860-0400] {processor.py:829} INFO - Processing file /Users/rah/.pyenv/versions/3.10.11/lib/python3.10/site-packages/airflow/example_dags/example_sensor_decorator.py for tasks to queue
[2025-06-14T23:50:42.860-0400] {logging_mixin.py:154} INFO - [2025-06-14T23:50:42.860-0400] {dagbag.py:536} INFO - Filling up the DagBag from /Users/rah/.pyenv/versions/3.10.11/lib/python3.10/site-packages/airflow/example_dags/example_sensor_decorator.py
[2025-06-14T23:50:42.908-0400] {processor.py:839} INFO - DAG(s) dict_keys(['example_sensor_decorator']) retrieved from /Users/rah/.pyenv/versions/3.10.11/lib/python3.10/site-packages/airflow/example_dags/example_sensor_decorator.py
[2025-06-14T23:50:43.009-0400] {logging_mixin.py:154} INFO - [2025-06-14T23:50:43.009-0400] {dag.py:2941} INFO - Sync 1 DAGs
[2025-06-14T23:50:43.013-0400] {logging_mixin.py:154} INFO - [2025-06-14T23:50:43.013-0400] {dag.py:3722} INFO - Setting next_dagrun for example_sensor_decorator to None, run_after=None
[2025-06-14T23:50:43.021-0400] {processor.py:179} INFO - Processing /Users/rah/.pyenv/versions/3.10.11/lib/python3.10/site-packages/airflow/example_dags/example_sensor_decorator.py took 0.166 seconds
[2025-06-14T23:55:30.535-0400] {processor.py:157} INFO - Started process (PID=45879) to work on /Users/rah/Desktop/creative_projects/rah_coding_repo/projects/fin_data_project_001/finance-data-project-1/.venv/lib/python3.10/site-packages/airflow/example_dags/example_sensor_decorator.py
[2025-06-14T23:55:30.537-0400] {processor.py:829} INFO - Processing file /Users/rah/Desktop/creative_projects/rah_coding_repo/projects/fin_data_project_001/finance-data-project-1/.venv/lib/python3.10/site-packages/airflow/example_dags/example_sensor_decorator.py for tasks to queue
[2025-06-14T23:55:30.538-0400] {logging_mixin.py:154} INFO - [2025-06-14T23:55:30.538-0400] {dagbag.py:536} INFO - Filling up the DagBag from /Users/rah/Desktop/creative_projects/rah_coding_repo/projects/fin_data_project_001/finance-data-project-1/.venv/lib/python3.10/site-packages/airflow/example_dags/example_sensor_decorator.py
[2025-06-14T23:55:30.559-0400] {processor.py:839} INFO - DAG(s) dict_keys(['example_sensor_decorator']) retrieved from /Users/rah/Desktop/creative_projects/rah_coding_repo/projects/fin_data_project_001/finance-data-project-1/.venv/lib/python3.10/site-packages/airflow/example_dags/example_sensor_decorator.py
[2025-06-14T23:55:30.657-0400] {logging_mixin.py:154} INFO - [2025-06-14T23:55:30.657-0400] {dag.py:2941} INFO - Sync 1 DAGs
[2025-06-14T23:55:30.661-0400] {logging_mixin.py:154} INFO - [2025-06-14T23:55:30.661-0400] {dag.py:3722} INFO - Setting next_dagrun for example_sensor_decorator to None, run_after=None
[2025-06-14T23:55:30.669-0400] {processor.py:179} INFO - Processing /Users/rah/Desktop/creative_projects/rah_coding_repo/projects/fin_data_project_001/finance-data-project-1/.venv/lib/python3.10/site-packages/airflow/example_dags/example_sensor_decorator.py took 0.134 seconds
[2025-06-14T23:56:33.723-0400] {processor.py:157} INFO - Started process (PID=47375) to work on /Users/rah/Desktop/creative_projects/rah_coding_repo/projects/fin_data_project_001/finance-data-project-1/.venv/lib/python3.10/site-packages/airflow/example_dags/example_sensor_decorator.py
[2025-06-14T23:56:33.726-0400] {processor.py:829} INFO - Processing file /Users/rah/Desktop/creative_projects/rah_coding_repo/projects/fin_data_project_001/finance-data-project-1/.venv/lib/python3.10/site-packages/airflow/example_dags/example_sensor_decorator.py for tasks to queue
[2025-06-14T23:56:33.726-0400] {logging_mixin.py:154} INFO - [2025-06-14T23:56:33.726-0400] {dagbag.py:536} INFO - Filling up the DagBag from /Users/rah/Desktop/creative_projects/rah_coding_repo/projects/fin_data_project_001/finance-data-project-1/.venv/lib/python3.10/site-packages/airflow/example_dags/example_sensor_decorator.py
[2025-06-14T23:56:33.750-0400] {processor.py:839} INFO - DAG(s) dict_keys(['example_sensor_decorator']) retrieved from /Users/rah/Desktop/creative_projects/rah_coding_repo/projects/fin_data_project_001/finance-data-project-1/.venv/lib/python3.10/site-packages/airflow/example_dags/example_sensor_decorator.py
[2025-06-14T23:56:33.855-0400] {logging_mixin.py:154} INFO - [2025-06-14T23:56:33.854-0400] {dag.py:2941} INFO - Sync 1 DAGs
[2025-06-14T23:56:33.859-0400] {logging_mixin.py:154} INFO - [2025-06-14T23:56:33.859-0400] {dag.py:3722} INFO - Setting next_dagrun for example_sensor_decorator to None, run_after=None
[2025-06-14T23:56:33.868-0400] {processor.py:179} INFO - Processing /Users/rah/Desktop/creative_projects/rah_coding_repo/projects/fin_data_project_001/finance-data-project-1/.venv/lib/python3.10/site-packages/airflow/example_dags/example_sensor_decorator.py took 0.145 seconds
[2025-06-14T23:56:52.156-0400] {processor.py:157} INFO - Started process (PID=48051) to work on /Users/rah/Desktop/creative_projects/rah_coding_repo/projects/fin_data_project_001/finance-data-project-1/.venv/lib/python3.10/site-packages/airflow/example_dags/example_sensor_decorator.py
[2025-06-14T23:56:52.159-0400] {processor.py:829} INFO - Processing file /Users/rah/Desktop/creative_projects/rah_coding_repo/projects/fin_data_project_001/finance-data-project-1/.venv/lib/python3.10/site-packages/airflow/example_dags/example_sensor_decorator.py for tasks to queue
[2025-06-14T23:56:52.160-0400] {logging_mixin.py:154} INFO - [2025-06-14T23:56:52.160-0400] {dagbag.py:536} INFO - Filling up the DagBag from /Users/rah/Desktop/creative_projects/rah_coding_repo/projects/fin_data_project_001/finance-data-project-1/.venv/lib/python3.10/site-packages/airflow/example_dags/example_sensor_decorator.py
[2025-06-14T23:56:52.184-0400] {processor.py:839} INFO - DAG(s) dict_keys(['example_sensor_decorator']) retrieved from /Users/rah/Desktop/creative_projects/rah_coding_repo/projects/fin_data_project_001/finance-data-project-1/.venv/lib/python3.10/site-packages/airflow/example_dags/example_sensor_decorator.py
[2025-06-14T23:56:52.285-0400] {logging_mixin.py:154} INFO - [2025-06-14T23:56:52.285-0400] {dag.py:2941} INFO - Sync 1 DAGs
[2025-06-14T23:56:52.290-0400] {logging_mixin.py:154} INFO - [2025-06-14T23:56:52.289-0400] {dag.py:3722} INFO - Setting next_dagrun for example_sensor_decorator to None, run_after=None
[2025-06-14T23:56:52.298-0400] {processor.py:179} INFO - Processing /Users/rah/Desktop/creative_projects/rah_coding_repo/projects/fin_data_project_001/finance-data-project-1/.venv/lib/python3.10/site-packages/airflow/example_dags/example_sensor_decorator.py took 0.143 seconds
[2025-06-14T23:57:26.857-0400] {processor.py:157} INFO - Started process (PID=48515) to work on /Users/rah/Desktop/creative_projects/rah_coding_repo/projects/fin_data_project_001/finance-data-project-1/.venv/lib/python3.10/site-packages/airflow/example_dags/example_sensor_decorator.py
[2025-06-14T23:57:26.859-0400] {processor.py:829} INFO - Processing file /Users/rah/Desktop/creative_projects/rah_coding_repo/projects/fin_data_project_001/finance-data-project-1/.venv/lib/python3.10/site-packages/airflow/example_dags/example_sensor_decorator.py for tasks to queue
[2025-06-14T23:57:26.860-0400] {logging_mixin.py:154} INFO - [2025-06-14T23:57:26.860-0400] {dagbag.py:536} INFO - Filling up the DagBag from /Users/rah/Desktop/creative_projects/rah_coding_repo/projects/fin_data_project_001/finance-data-project-1/.venv/lib/python3.10/site-packages/airflow/example_dags/example_sensor_decorator.py
[2025-06-14T23:57:26.885-0400] {processor.py:839} INFO - DAG(s) dict_keys(['example_sensor_decorator']) retrieved from /Users/rah/Desktop/creative_projects/rah_coding_repo/projects/fin_data_project_001/finance-data-project-1/.venv/lib/python3.10/site-packages/airflow/example_dags/example_sensor_decorator.py
[2025-06-14T23:57:26.995-0400] {logging_mixin.py:154} INFO - [2025-06-14T23:57:26.995-0400] {dag.py:2941} INFO - Sync 1 DAGs
[2025-06-14T23:57:26.999-0400] {logging_mixin.py:154} INFO - [2025-06-14T23:57:26.999-0400] {dag.py:3722} INFO - Setting next_dagrun for example_sensor_decorator to None, run_after=None
[2025-06-14T23:57:27.007-0400] {processor.py:179} INFO - Processing /Users/rah/Desktop/creative_projects/rah_coding_repo/projects/fin_data_project_001/finance-data-project-1/.venv/lib/python3.10/site-packages/airflow/example_dags/example_sensor_decorator.py took 0.150 seconds
[2025-06-14T23:57:54.744-0400] {processor.py:157} INFO - Started process (PID=48934) to work on /Users/rah/Desktop/creative_projects/rah_coding_repo/projects/fin_data_project_001/finance-data-project-1/.venv/lib/python3.10/site-packages/airflow/example_dags/example_sensor_decorator.py
[2025-06-14T23:57:54.748-0400] {processor.py:829} INFO - Processing file /Users/rah/Desktop/creative_projects/rah_coding_repo/projects/fin_data_project_001/finance-data-project-1/.venv/lib/python3.10/site-packages/airflow/example_dags/example_sensor_decorator.py for tasks to queue
[2025-06-14T23:57:54.748-0400] {logging_mixin.py:154} INFO - [2025-06-14T23:57:54.748-0400] {dagbag.py:536} INFO - Filling up the DagBag from /Users/rah/Desktop/creative_projects/rah_coding_repo/projects/fin_data_project_001/finance-data-project-1/.venv/lib/python3.10/site-packages/airflow/example_dags/example_sensor_decorator.py
[2025-06-14T23:57:54.770-0400] {processor.py:839} INFO - DAG(s) dict_keys(['example_sensor_decorator']) retrieved from /Users/rah/Desktop/creative_projects/rah_coding_repo/projects/fin_data_project_001/finance-data-project-1/.venv/lib/python3.10/site-packages/airflow/example_dags/example_sensor_decorator.py
[2025-06-14T23:57:54.873-0400] {logging_mixin.py:154} INFO - [2025-06-14T23:57:54.873-0400] {dag.py:2941} INFO - Sync 1 DAGs
[2025-06-14T23:57:54.877-0400] {logging_mixin.py:154} INFO - [2025-06-14T23:57:54.877-0400] {dag.py:3722} INFO - Setting next_dagrun for example_sensor_decorator to None, run_after=None
[2025-06-14T23:57:54.885-0400] {processor.py:179} INFO - Processing /Users/rah/Desktop/creative_projects/rah_coding_repo/projects/fin_data_project_001/finance-data-project-1/.venv/lib/python3.10/site-packages/airflow/example_dags/example_sensor_decorator.py took 0.141 seconds
[2025-06-14T23:58:27.029-0400] {processor.py:157} INFO - Started process (PID=49370) to work on /Users/rah/Desktop/creative_projects/rah_coding_repo/projects/fin_data_project_001/finance-data-project-1/.venv/lib/python3.10/site-packages/airflow/example_dags/example_sensor_decorator.py
[2025-06-14T23:58:27.032-0400] {processor.py:829} INFO - Processing file /Users/rah/Desktop/creative_projects/rah_coding_repo/projects/fin_data_project_001/finance-data-project-1/.venv/lib/python3.10/site-packages/airflow/example_dags/example_sensor_decorator.py for tasks to queue
[2025-06-14T23:58:27.033-0400] {logging_mixin.py:154} INFO - [2025-06-14T23:58:27.033-0400] {dagbag.py:536} INFO - Filling up the DagBag from /Users/rah/Desktop/creative_projects/rah_coding_repo/projects/fin_data_project_001/finance-data-project-1/.venv/lib/python3.10/site-packages/airflow/example_dags/example_sensor_decorator.py
[2025-06-14T23:58:27.056-0400] {processor.py:839} INFO - DAG(s) dict_keys(['example_sensor_decorator']) retrieved from /Users/rah/Desktop/creative_projects/rah_coding_repo/projects/fin_data_project_001/finance-data-project-1/.venv/lib/python3.10/site-packages/airflow/example_dags/example_sensor_decorator.py
[2025-06-14T23:58:27.157-0400] {logging_mixin.py:154} INFO - [2025-06-14T23:58:27.157-0400] {dag.py:2941} INFO - Sync 1 DAGs
[2025-06-14T23:58:27.161-0400] {logging_mixin.py:154} INFO - [2025-06-14T23:58:27.161-0400] {dag.py:3722} INFO - Setting next_dagrun for example_sensor_decorator to None, run_after=None
[2025-06-14T23:58:27.170-0400] {processor.py:179} INFO - Processing /Users/rah/Desktop/creative_projects/rah_coding_repo/projects/fin_data_project_001/finance-data-project-1/.venv/lib/python3.10/site-packages/airflow/example_dags/example_sensor_decorator.py took 0.141 seconds
[2025-06-14T23:58:44.458-0400] {processor.py:157} INFO - Started process (PID=49655) to work on /Users/rah/Desktop/creative_projects/rah_coding_repo/projects/fin_data_project_001/finance-data-project-1/.venv/lib/python3.10/site-packages/airflow/example_dags/example_sensor_decorator.py
[2025-06-14T23:58:44.460-0400] {processor.py:829} INFO - Processing file /Users/rah/Desktop/creative_projects/rah_coding_repo/projects/fin_data_project_001/finance-data-project-1/.venv/lib/python3.10/site-packages/airflow/example_dags/example_sensor_decorator.py for tasks to queue
[2025-06-14T23:58:44.461-0400] {logging_mixin.py:154} INFO - [2025-06-14T23:58:44.460-0400] {dagbag.py:536} INFO - Filling up the DagBag from /Users/rah/Desktop/creative_projects/rah_coding_repo/projects/fin_data_project_001/finance-data-project-1/.venv/lib/python3.10/site-packages/airflow/example_dags/example_sensor_decorator.py
[2025-06-14T23:58:44.484-0400] {processor.py:839} INFO - DAG(s) dict_keys(['example_sensor_decorator']) retrieved from /Users/rah/Desktop/creative_projects/rah_coding_repo/projects/fin_data_project_001/finance-data-project-1/.venv/lib/python3.10/site-packages/airflow/example_dags/example_sensor_decorator.py
[2025-06-14T23:58:44.589-0400] {logging_mixin.py:154} INFO - [2025-06-14T23:58:44.589-0400] {dag.py:2941} INFO - Sync 1 DAGs
[2025-06-14T23:58:44.593-0400] {logging_mixin.py:154} INFO - [2025-06-14T23:58:44.593-0400] {dag.py:3722} INFO - Setting next_dagrun for example_sensor_decorator to None, run_after=None
[2025-06-14T23:58:44.601-0400] {processor.py:179} INFO - Processing /Users/rah/Desktop/creative_projects/rah_coding_repo/projects/fin_data_project_001/finance-data-project-1/.venv/lib/python3.10/site-packages/airflow/example_dags/example_sensor_decorator.py took 0.144 seconds
[2025-06-14T23:59:29.354-0400] {processor.py:157} INFO - Started process (PID=50709) to work on /Users/rah/Desktop/creative_projects/rah_coding_repo/projects/fin_data_project_001/finance-data-project-1/.venv/lib/python3.10/site-packages/airflow/example_dags/example_sensor_decorator.py
[2025-06-14T23:59:29.356-0400] {processor.py:829} INFO - Processing file /Users/rah/Desktop/creative_projects/rah_coding_repo/projects/fin_data_project_001/finance-data-project-1/.venv/lib/python3.10/site-packages/airflow/example_dags/example_sensor_decorator.py for tasks to queue
[2025-06-14T23:59:29.357-0400] {logging_mixin.py:154} INFO - [2025-06-14T23:59:29.357-0400] {dagbag.py:536} INFO - Filling up the DagBag from /Users/rah/Desktop/creative_projects/rah_coding_repo/projects/fin_data_project_001/finance-data-project-1/.venv/lib/python3.10/site-packages/airflow/example_dags/example_sensor_decorator.py
[2025-06-14T23:59:29.380-0400] {processor.py:839} INFO - DAG(s) dict_keys(['example_sensor_decorator']) retrieved from /Users/rah/Desktop/creative_projects/rah_coding_repo/projects/fin_data_project_001/finance-data-project-1/.venv/lib/python3.10/site-packages/airflow/example_dags/example_sensor_decorator.py
[2025-06-14T23:59:29.483-0400] {logging_mixin.py:154} INFO - [2025-06-14T23:59:29.483-0400] {dag.py:2941} INFO - Sync 1 DAGs
[2025-06-14T23:59:29.487-0400] {logging_mixin.py:154} INFO - [2025-06-14T23:59:29.487-0400] {dag.py:3722} INFO - Setting next_dagrun for example_sensor_decorator to None, run_after=None
[2025-06-14T23:59:29.496-0400] {processor.py:179} INFO - Processing /Users/rah/Desktop/creative_projects/rah_coding_repo/projects/fin_data_project_001/finance-data-project-1/.venv/lib/python3.10/site-packages/airflow/example_dags/example_sensor_decorator.py took 0.142 seconds
[2025-06-14T23:59:32.257-0400] {processor.py:157} INFO - Started process (PID=50722) to work on /Users/rah/Desktop/creative_projects/rah_coding_repo/projects/fin_data_project_001/finance-data-project-1/.venv/lib/python3.10/site-packages/airflow/example_dags/example_sensor_decorator.py
[2025-06-14T23:59:32.259-0400] {processor.py:829} INFO - Processing file /Users/rah/Desktop/creative_projects/rah_coding_repo/projects/fin_data_project_001/finance-data-project-1/.venv/lib/python3.10/site-packages/airflow/example_dags/example_sensor_decorator.py for tasks to queue
[2025-06-14T23:59:32.259-0400] {logging_mixin.py:154} INFO - [2025-06-14T23:59:32.259-0400] {dagbag.py:536} INFO - Filling up the DagBag from /Users/rah/Desktop/creative_projects/rah_coding_repo/projects/fin_data_project_001/finance-data-project-1/.venv/lib/python3.10/site-packages/airflow/example_dags/example_sensor_decorator.py
[2025-06-14T23:59:32.286-0400] {processor.py:839} INFO - DAG(s) dict_keys(['example_sensor_decorator']) retrieved from /Users/rah/Desktop/creative_projects/rah_coding_repo/projects/fin_data_project_001/finance-data-project-1/.venv/lib/python3.10/site-packages/airflow/example_dags/example_sensor_decorator.py
[2025-06-14T23:59:32.395-0400] {logging_mixin.py:154} INFO - [2025-06-14T23:59:32.394-0400] {dag.py:2941} INFO - Sync 1 DAGs
[2025-06-14T23:59:32.399-0400] {logging_mixin.py:154} INFO - [2025-06-14T23:59:32.399-0400] {dag.py:3722} INFO - Setting next_dagrun for example_sensor_decorator to None, run_after=None
[2025-06-14T23:59:32.408-0400] {processor.py:179} INFO - Processing /Users/rah/Desktop/creative_projects/rah_coding_repo/projects/fin_data_project_001/finance-data-project-1/.venv/lib/python3.10/site-packages/airflow/example_dags/example_sensor_decorator.py took 0.154 seconds
[2025-06-15T00:00:10.117-0400] {processor.py:157} INFO - Started process (PID=51367) to work on /Users/rah/Desktop/creative_projects/rah_coding_repo/projects/fin_data_project_001/finance-data-project-1/.venv/lib/python3.10/site-packages/airflow/example_dags/example_sensor_decorator.py
[2025-06-15T00:00:10.120-0400] {processor.py:829} INFO - Processing file /Users/rah/Desktop/creative_projects/rah_coding_repo/projects/fin_data_project_001/finance-data-project-1/.venv/lib/python3.10/site-packages/airflow/example_dags/example_sensor_decorator.py for tasks to queue
[2025-06-15T00:00:10.121-0400] {logging_mixin.py:154} INFO - [2025-06-15T00:00:10.121-0400] {dagbag.py:536} INFO - Filling up the DagBag from /Users/rah/Desktop/creative_projects/rah_coding_repo/projects/fin_data_project_001/finance-data-project-1/.venv/lib/python3.10/site-packages/airflow/example_dags/example_sensor_decorator.py
[2025-06-15T00:00:10.143-0400] {processor.py:839} INFO - DAG(s) dict_keys(['example_sensor_decorator']) retrieved from /Users/rah/Desktop/creative_projects/rah_coding_repo/projects/fin_data_project_001/finance-data-project-1/.venv/lib/python3.10/site-packages/airflow/example_dags/example_sensor_decorator.py
[2025-06-15T00:00:10.243-0400] {logging_mixin.py:154} INFO - [2025-06-15T00:00:10.243-0400] {dag.py:2941} INFO - Sync 1 DAGs
[2025-06-15T00:00:10.247-0400] {logging_mixin.py:154} INFO - [2025-06-15T00:00:10.247-0400] {dag.py:3722} INFO - Setting next_dagrun for example_sensor_decorator to None, run_after=None
[2025-06-15T00:00:10.256-0400] {processor.py:179} INFO - Processing /Users/rah/Desktop/creative_projects/rah_coding_repo/projects/fin_data_project_001/finance-data-project-1/.venv/lib/python3.10/site-packages/airflow/example_dags/example_sensor_decorator.py took 0.140 seconds
[2025-06-15T00:00:25.259-0400] {processor.py:157} INFO - Started process (PID=51544) to work on /Users/rah/Desktop/creative_projects/rah_coding_repo/projects/fin_data_project_001/finance-data-project-1/.venv/lib/python3.10/site-packages/airflow/example_dags/example_sensor_decorator.py
[2025-06-15T00:00:25.261-0400] {processor.py:829} INFO - Processing file /Users/rah/Desktop/creative_projects/rah_coding_repo/projects/fin_data_project_001/finance-data-project-1/.venv/lib/python3.10/site-packages/airflow/example_dags/example_sensor_decorator.py for tasks to queue
[2025-06-15T00:00:25.261-0400] {logging_mixin.py:154} INFO - [2025-06-15T00:00:25.261-0400] {dagbag.py:536} INFO - Filling up the DagBag from /Users/rah/Desktop/creative_projects/rah_coding_repo/projects/fin_data_project_001/finance-data-project-1/.venv/lib/python3.10/site-packages/airflow/example_dags/example_sensor_decorator.py
[2025-06-15T00:00:25.284-0400] {processor.py:839} INFO - DAG(s) dict_keys(['example_sensor_decorator']) retrieved from /Users/rah/Desktop/creative_projects/rah_coding_repo/projects/fin_data_project_001/finance-data-project-1/.venv/lib/python3.10/site-packages/airflow/example_dags/example_sensor_decorator.py
[2025-06-15T00:00:25.382-0400] {logging_mixin.py:154} INFO - [2025-06-15T00:00:25.382-0400] {dag.py:2941} INFO - Sync 1 DAGs
[2025-06-15T00:00:25.386-0400] {logging_mixin.py:154} INFO - [2025-06-15T00:00:25.386-0400] {dag.py:3722} INFO - Setting next_dagrun for example_sensor_decorator to None, run_after=None
[2025-06-15T00:00:25.394-0400] {processor.py:179} INFO - Processing /Users/rah/Desktop/creative_projects/rah_coding_repo/projects/fin_data_project_001/finance-data-project-1/.venv/lib/python3.10/site-packages/airflow/example_dags/example_sensor_decorator.py took 0.136 seconds
[2025-06-15T00:00:54.604-0400] {processor.py:157} INFO - Started process (PID=52005) to work on /Users/rah/Desktop/creative_projects/rah_coding_repo/projects/fin_data_project_001/finance-data-project-1/.venv/lib/python3.10/site-packages/airflow/example_dags/example_sensor_decorator.py
[2025-06-15T00:00:54.607-0400] {processor.py:829} INFO - Processing file /Users/rah/Desktop/creative_projects/rah_coding_repo/projects/fin_data_project_001/finance-data-project-1/.venv/lib/python3.10/site-packages/airflow/example_dags/example_sensor_decorator.py for tasks to queue
[2025-06-15T00:00:54.607-0400] {logging_mixin.py:154} INFO - [2025-06-15T00:00:54.607-0400] {dagbag.py:536} INFO - Filling up the DagBag from /Users/rah/Desktop/creative_projects/rah_coding_repo/projects/fin_data_project_001/finance-data-project-1/.venv/lib/python3.10/site-packages/airflow/example_dags/example_sensor_decorator.py
[2025-06-15T00:00:54.633-0400] {processor.py:839} INFO - DAG(s) dict_keys(['example_sensor_decorator']) retrieved from /Users/rah/Desktop/creative_projects/rah_coding_repo/projects/fin_data_project_001/finance-data-project-1/.venv/lib/python3.10/site-packages/airflow/example_dags/example_sensor_decorator.py
[2025-06-15T00:00:54.739-0400] {logging_mixin.py:154} INFO - [2025-06-15T00:00:54.739-0400] {dag.py:2941} INFO - Sync 1 DAGs
[2025-06-15T00:00:54.743-0400] {logging_mixin.py:154} INFO - [2025-06-15T00:00:54.743-0400] {dag.py:3722} INFO - Setting next_dagrun for example_sensor_decorator to None, run_after=None
[2025-06-15T00:00:54.756-0400] {processor.py:179} INFO - Processing /Users/rah/Desktop/creative_projects/rah_coding_repo/projects/fin_data_project_001/finance-data-project-1/.venv/lib/python3.10/site-packages/airflow/example_dags/example_sensor_decorator.py took 0.153 seconds
[2025-06-15T00:00:57.945-0400] {processor.py:157} INFO - Started process (PID=52020) to work on /Users/rah/Desktop/creative_projects/rah_coding_repo/projects/fin_data_project_001/finance-data-project-1/.venv/lib/python3.10/site-packages/airflow/example_dags/example_sensor_decorator.py
[2025-06-15T00:00:57.947-0400] {processor.py:829} INFO - Processing file /Users/rah/Desktop/creative_projects/rah_coding_repo/projects/fin_data_project_001/finance-data-project-1/.venv/lib/python3.10/site-packages/airflow/example_dags/example_sensor_decorator.py for tasks to queue
[2025-06-15T00:00:57.947-0400] {logging_mixin.py:154} INFO - [2025-06-15T00:00:57.947-0400] {dagbag.py:536} INFO - Filling up the DagBag from /Users/rah/Desktop/creative_projects/rah_coding_repo/projects/fin_data_project_001/finance-data-project-1/.venv/lib/python3.10/site-packages/airflow/example_dags/example_sensor_decorator.py
[2025-06-15T00:00:57.973-0400] {processor.py:839} INFO - DAG(s) dict_keys(['example_sensor_decorator']) retrieved from /Users/rah/Desktop/creative_projects/rah_coding_repo/projects/fin_data_project_001/finance-data-project-1/.venv/lib/python3.10/site-packages/airflow/example_dags/example_sensor_decorator.py
[2025-06-15T00:00:58.076-0400] {logging_mixin.py:154} INFO - [2025-06-15T00:00:58.076-0400] {dag.py:2941} INFO - Sync 1 DAGs
[2025-06-15T00:00:58.080-0400] {logging_mixin.py:154} INFO - [2025-06-15T00:00:58.080-0400] {dag.py:3722} INFO - Setting next_dagrun for example_sensor_decorator to None, run_after=None
[2025-06-15T00:00:58.088-0400] {processor.py:179} INFO - Processing /Users/rah/Desktop/creative_projects/rah_coding_repo/projects/fin_data_project_001/finance-data-project-1/.venv/lib/python3.10/site-packages/airflow/example_dags/example_sensor_decorator.py took 0.144 seconds
[2025-06-15T00:01:46.936-0400] {processor.py:157} INFO - Started process (PID=52823) to work on /Users/rah/Desktop/creative_projects/rah_coding_repo/projects/fin_data_project_001/finance-data-project-1/.venv/lib/python3.10/site-packages/airflow/example_dags/example_sensor_decorator.py
[2025-06-15T00:01:46.941-0400] {processor.py:829} INFO - Processing file /Users/rah/Desktop/creative_projects/rah_coding_repo/projects/fin_data_project_001/finance-data-project-1/.venv/lib/python3.10/site-packages/airflow/example_dags/example_sensor_decorator.py for tasks to queue
[2025-06-15T00:01:46.941-0400] {logging_mixin.py:154} INFO - [2025-06-15T00:01:46.941-0400] {dagbag.py:536} INFO - Filling up the DagBag from /Users/rah/Desktop/creative_projects/rah_coding_repo/projects/fin_data_project_001/finance-data-project-1/.venv/lib/python3.10/site-packages/airflow/example_dags/example_sensor_decorator.py
[2025-06-15T00:01:46.968-0400] {processor.py:839} INFO - DAG(s) dict_keys(['example_sensor_decorator']) retrieved from /Users/rah/Desktop/creative_projects/rah_coding_repo/projects/fin_data_project_001/finance-data-project-1/.venv/lib/python3.10/site-packages/airflow/example_dags/example_sensor_decorator.py
[2025-06-15T00:01:47.081-0400] {logging_mixin.py:154} INFO - [2025-06-15T00:01:47.081-0400] {dag.py:2941} INFO - Sync 1 DAGs
[2025-06-15T00:01:47.085-0400] {logging_mixin.py:154} INFO - [2025-06-15T00:01:47.085-0400] {dag.py:3722} INFO - Setting next_dagrun for example_sensor_decorator to None, run_after=None
[2025-06-15T00:01:47.094-0400] {processor.py:179} INFO - Processing /Users/rah/Desktop/creative_projects/rah_coding_repo/projects/fin_data_project_001/finance-data-project-1/.venv/lib/python3.10/site-packages/airflow/example_dags/example_sensor_decorator.py took 0.159 seconds
[2025-06-15T00:01:58.651-0400] {processor.py:157} INFO - Started process (PID=52991) to work on /Users/rah/Desktop/creative_projects/rah_coding_repo/projects/fin_data_project_001/finance-data-project-1/.venv/lib/python3.10/site-packages/airflow/example_dags/example_sensor_decorator.py
[2025-06-15T00:01:58.654-0400] {processor.py:829} INFO - Processing file /Users/rah/Desktop/creative_projects/rah_coding_repo/projects/fin_data_project_001/finance-data-project-1/.venv/lib/python3.10/site-packages/airflow/example_dags/example_sensor_decorator.py for tasks to queue
[2025-06-15T00:01:58.654-0400] {logging_mixin.py:154} INFO - [2025-06-15T00:01:58.654-0400] {dagbag.py:536} INFO - Filling up the DagBag from /Users/rah/Desktop/creative_projects/rah_coding_repo/projects/fin_data_project_001/finance-data-project-1/.venv/lib/python3.10/site-packages/airflow/example_dags/example_sensor_decorator.py
[2025-06-15T00:01:58.676-0400] {processor.py:839} INFO - DAG(s) dict_keys(['example_sensor_decorator']) retrieved from /Users/rah/Desktop/creative_projects/rah_coding_repo/projects/fin_data_project_001/finance-data-project-1/.venv/lib/python3.10/site-packages/airflow/example_dags/example_sensor_decorator.py
[2025-06-15T00:01:58.785-0400] {logging_mixin.py:154} INFO - [2025-06-15T00:01:58.785-0400] {dag.py:2941} INFO - Sync 1 DAGs
[2025-06-15T00:01:58.790-0400] {logging_mixin.py:154} INFO - [2025-06-15T00:01:58.790-0400] {dag.py:3722} INFO - Setting next_dagrun for example_sensor_decorator to None, run_after=None
[2025-06-15T00:01:58.798-0400] {processor.py:179} INFO - Processing /Users/rah/Desktop/creative_projects/rah_coding_repo/projects/fin_data_project_001/finance-data-project-1/.venv/lib/python3.10/site-packages/airflow/example_dags/example_sensor_decorator.py took 0.147 seconds
[2025-06-15T00:03:35.618-0400] {processor.py:157} INFO - Started process (PID=54446) to work on /Users/rah/.pyenv/versions/3.10.11/lib/python3.10/site-packages/airflow/example_dags/example_sensor_decorator.py
[2025-06-15T00:03:35.621-0400] {processor.py:829} INFO - Processing file /Users/rah/.pyenv/versions/3.10.11/lib/python3.10/site-packages/airflow/example_dags/example_sensor_decorator.py for tasks to queue
[2025-06-15T00:03:35.621-0400] {logging_mixin.py:154} INFO - [2025-06-15T00:03:35.621-0400] {dagbag.py:536} INFO - Filling up the DagBag from /Users/rah/.pyenv/versions/3.10.11/lib/python3.10/site-packages/airflow/example_dags/example_sensor_decorator.py
[2025-06-15T00:03:35.664-0400] {processor.py:839} INFO - DAG(s) dict_keys(['example_sensor_decorator']) retrieved from /Users/rah/.pyenv/versions/3.10.11/lib/python3.10/site-packages/airflow/example_dags/example_sensor_decorator.py
[2025-06-15T00:03:36.007-0400] {logging_mixin.py:154} INFO - [2025-06-15T00:03:36.007-0400] {dag.py:2941} INFO - Sync 1 DAGs
[2025-06-15T00:03:36.011-0400] {logging_mixin.py:154} INFO - [2025-06-15T00:03:36.011-0400] {dag.py:3722} INFO - Setting next_dagrun for example_sensor_decorator to None, run_after=None
[2025-06-15T00:03:36.021-0400] {processor.py:179} INFO - Processing /Users/rah/.pyenv/versions/3.10.11/lib/python3.10/site-packages/airflow/example_dags/example_sensor_decorator.py took 0.403 seconds
[2025-06-15T00:06:55.791-0400] {processor.py:157} INFO - Started process (PID=57240) to work on /Users/rah/.pyenv/versions/3.10.11/lib/python3.10/site-packages/airflow/example_dags/example_sensor_decorator.py
[2025-06-15T00:06:55.793-0400] {processor.py:829} INFO - Processing file /Users/rah/.pyenv/versions/3.10.11/lib/python3.10/site-packages/airflow/example_dags/example_sensor_decorator.py for tasks to queue
[2025-06-15T00:06:55.794-0400] {logging_mixin.py:154} INFO - [2025-06-15T00:06:55.794-0400] {dagbag.py:536} INFO - Filling up the DagBag from /Users/rah/.pyenv/versions/3.10.11/lib/python3.10/site-packages/airflow/example_dags/example_sensor_decorator.py
[2025-06-15T00:06:55.836-0400] {processor.py:839} INFO - DAG(s) dict_keys(['example_sensor_decorator']) retrieved from /Users/rah/.pyenv/versions/3.10.11/lib/python3.10/site-packages/airflow/example_dags/example_sensor_decorator.py
[2025-06-15T00:06:55.929-0400] {logging_mixin.py:154} INFO - [2025-06-15T00:06:55.929-0400] {dag.py:2941} INFO - Sync 1 DAGs
[2025-06-15T00:06:55.933-0400] {logging_mixin.py:154} INFO - [2025-06-15T00:06:55.933-0400] {dag.py:3722} INFO - Setting next_dagrun for example_sensor_decorator to None, run_after=None
[2025-06-15T00:06:55.941-0400] {processor.py:179} INFO - Processing /Users/rah/.pyenv/versions/3.10.11/lib/python3.10/site-packages/airflow/example_dags/example_sensor_decorator.py took 0.151 seconds
[2025-06-15T00:08:23.677-0400] {processor.py:157} INFO - Started process (PID=58499) to work on /Users/rah/.pyenv/versions/3.10.11/lib/python3.10/site-packages/airflow/example_dags/example_sensor_decorator.py
[2025-06-15T00:08:23.680-0400] {processor.py:829} INFO - Processing file /Users/rah/.pyenv/versions/3.10.11/lib/python3.10/site-packages/airflow/example_dags/example_sensor_decorator.py for tasks to queue
[2025-06-15T00:08:23.680-0400] {logging_mixin.py:154} INFO - [2025-06-15T00:08:23.680-0400] {dagbag.py:536} INFO - Filling up the DagBag from /Users/rah/.pyenv/versions/3.10.11/lib/python3.10/site-packages/airflow/example_dags/example_sensor_decorator.py
[2025-06-15T00:08:23.722-0400] {processor.py:839} INFO - DAG(s) dict_keys(['example_sensor_decorator']) retrieved from /Users/rah/.pyenv/versions/3.10.11/lib/python3.10/site-packages/airflow/example_dags/example_sensor_decorator.py
[2025-06-15T00:08:23.812-0400] {logging_mixin.py:154} INFO - [2025-06-15T00:08:23.812-0400] {dag.py:2941} INFO - Sync 1 DAGs
[2025-06-15T00:08:23.816-0400] {logging_mixin.py:154} INFO - [2025-06-15T00:08:23.816-0400] {dag.py:3722} INFO - Setting next_dagrun for example_sensor_decorator to None, run_after=None
[2025-06-15T00:08:23.824-0400] {processor.py:179} INFO - Processing /Users/rah/.pyenv/versions/3.10.11/lib/python3.10/site-packages/airflow/example_dags/example_sensor_decorator.py took 0.147 seconds
[2025-06-15T00:10:07.475-0400] {processor.py:157} INFO - Started process (PID=60407) to work on /Users/rah/.pyenv/versions/3.10.11/lib/python3.10/site-packages/airflow/example_dags/example_sensor_decorator.py
[2025-06-15T00:10:07.477-0400] {processor.py:829} INFO - Processing file /Users/rah/.pyenv/versions/3.10.11/lib/python3.10/site-packages/airflow/example_dags/example_sensor_decorator.py for tasks to queue
[2025-06-15T00:10:07.478-0400] {logging_mixin.py:154} INFO - [2025-06-15T00:10:07.478-0400] {dagbag.py:536} INFO - Filling up the DagBag from /Users/rah/.pyenv/versions/3.10.11/lib/python3.10/site-packages/airflow/example_dags/example_sensor_decorator.py
[2025-06-15T00:10:07.520-0400] {processor.py:839} INFO - DAG(s) dict_keys(['example_sensor_decorator']) retrieved from /Users/rah/.pyenv/versions/3.10.11/lib/python3.10/site-packages/airflow/example_dags/example_sensor_decorator.py
[2025-06-15T00:10:07.610-0400] {logging_mixin.py:154} INFO - [2025-06-15T00:10:07.610-0400] {dag.py:2941} INFO - Sync 1 DAGs
[2025-06-15T00:10:07.614-0400] {logging_mixin.py:154} INFO - [2025-06-15T00:10:07.614-0400] {dag.py:3722} INFO - Setting next_dagrun for example_sensor_decorator to None, run_after=None
[2025-06-15T00:10:07.623-0400] {processor.py:179} INFO - Processing /Users/rah/.pyenv/versions/3.10.11/lib/python3.10/site-packages/airflow/example_dags/example_sensor_decorator.py took 0.149 seconds
[2025-06-15T00:11:47.184-0400] {processor.py:157} INFO - Started process (PID=61590) to work on /Users/rah/.pyenv/versions/3.10.11/lib/python3.10/site-packages/airflow/example_dags/example_sensor_decorator.py
[2025-06-15T00:11:47.187-0400] {processor.py:829} INFO - Processing file /Users/rah/.pyenv/versions/3.10.11/lib/python3.10/site-packages/airflow/example_dags/example_sensor_decorator.py for tasks to queue
[2025-06-15T00:11:47.188-0400] {logging_mixin.py:154} INFO - [2025-06-15T00:11:47.188-0400] {dagbag.py:536} INFO - Filling up the DagBag from /Users/rah/.pyenv/versions/3.10.11/lib/python3.10/site-packages/airflow/example_dags/example_sensor_decorator.py
[2025-06-15T00:11:47.231-0400] {processor.py:839} INFO - DAG(s) dict_keys(['example_sensor_decorator']) retrieved from /Users/rah/.pyenv/versions/3.10.11/lib/python3.10/site-packages/airflow/example_dags/example_sensor_decorator.py
[2025-06-15T00:11:47.323-0400] {logging_mixin.py:154} INFO - [2025-06-15T00:11:47.323-0400] {dag.py:2941} INFO - Sync 1 DAGs
[2025-06-15T00:11:47.326-0400] {logging_mixin.py:154} INFO - [2025-06-15T00:11:47.326-0400] {dag.py:3722} INFO - Setting next_dagrun for example_sensor_decorator to None, run_after=None
[2025-06-15T00:11:47.334-0400] {processor.py:179} INFO - Processing /Users/rah/.pyenv/versions/3.10.11/lib/python3.10/site-packages/airflow/example_dags/example_sensor_decorator.py took 0.150 seconds
[2025-06-15T00:13:30.974-0400] {processor.py:157} INFO - Started process (PID=63439) to work on /Users/rah/.pyenv/versions/3.10.11/lib/python3.10/site-packages/airflow/example_dags/example_sensor_decorator.py
[2025-06-15T00:13:30.977-0400] {processor.py:829} INFO - Processing file /Users/rah/.pyenv/versions/3.10.11/lib/python3.10/site-packages/airflow/example_dags/example_sensor_decorator.py for tasks to queue
[2025-06-15T00:13:30.977-0400] {logging_mixin.py:154} INFO - [2025-06-15T00:13:30.977-0400] {dagbag.py:536} INFO - Filling up the DagBag from /Users/rah/.pyenv/versions/3.10.11/lib/python3.10/site-packages/airflow/example_dags/example_sensor_decorator.py
[2025-06-15T00:13:31.019-0400] {processor.py:839} INFO - DAG(s) dict_keys(['example_sensor_decorator']) retrieved from /Users/rah/.pyenv/versions/3.10.11/lib/python3.10/site-packages/airflow/example_dags/example_sensor_decorator.py
[2025-06-15T00:13:31.114-0400] {logging_mixin.py:154} INFO - [2025-06-15T00:13:31.114-0400] {dag.py:2941} INFO - Sync 1 DAGs
[2025-06-15T00:13:31.118-0400] {logging_mixin.py:154} INFO - [2025-06-15T00:13:31.118-0400] {dag.py:3722} INFO - Setting next_dagrun for example_sensor_decorator to None, run_after=None
[2025-06-15T00:13:31.128-0400] {processor.py:179} INFO - Processing /Users/rah/.pyenv/versions/3.10.11/lib/python3.10/site-packages/airflow/example_dags/example_sensor_decorator.py took 0.154 seconds
[2025-06-15T00:15:11.123-0400] {processor.py:157} INFO - Started process (PID=65006) to work on /Users/rah/.pyenv/versions/3.10.11/lib/python3.10/site-packages/airflow/example_dags/example_sensor_decorator.py
[2025-06-15T00:15:11.126-0400] {processor.py:829} INFO - Processing file /Users/rah/.pyenv/versions/3.10.11/lib/python3.10/site-packages/airflow/example_dags/example_sensor_decorator.py for tasks to queue
[2025-06-15T00:15:11.127-0400] {logging_mixin.py:154} INFO - [2025-06-15T00:15:11.126-0400] {dagbag.py:536} INFO - Filling up the DagBag from /Users/rah/.pyenv/versions/3.10.11/lib/python3.10/site-packages/airflow/example_dags/example_sensor_decorator.py
[2025-06-15T00:15:11.172-0400] {processor.py:839} INFO - DAG(s) dict_keys(['example_sensor_decorator']) retrieved from /Users/rah/.pyenv/versions/3.10.11/lib/python3.10/site-packages/airflow/example_dags/example_sensor_decorator.py
[2025-06-15T00:15:11.263-0400] {logging_mixin.py:154} INFO - [2025-06-15T00:15:11.263-0400] {dag.py:2941} INFO - Sync 1 DAGs
[2025-06-15T00:15:11.267-0400] {logging_mixin.py:154} INFO - [2025-06-15T00:15:11.267-0400] {dag.py:3722} INFO - Setting next_dagrun for example_sensor_decorator to None, run_after=None
[2025-06-15T00:15:11.275-0400] {processor.py:179} INFO - Processing /Users/rah/.pyenv/versions/3.10.11/lib/python3.10/site-packages/airflow/example_dags/example_sensor_decorator.py took 0.152 seconds
[2025-06-15T00:16:59.135-0400] {processor.py:157} INFO - Started process (PID=68340) to work on /Users/rah/.pyenv/versions/3.10.11/lib/python3.10/site-packages/airflow/example_dags/example_sensor_decorator.py
[2025-06-15T00:16:59.138-0400] {processor.py:829} INFO - Processing file /Users/rah/.pyenv/versions/3.10.11/lib/python3.10/site-packages/airflow/example_dags/example_sensor_decorator.py for tasks to queue
[2025-06-15T00:16:59.138-0400] {logging_mixin.py:154} INFO - [2025-06-15T00:16:59.138-0400] {dagbag.py:536} INFO - Filling up the DagBag from /Users/rah/.pyenv/versions/3.10.11/lib/python3.10/site-packages/airflow/example_dags/example_sensor_decorator.py
[2025-06-15T00:16:59.179-0400] {processor.py:839} INFO - DAG(s) dict_keys(['example_sensor_decorator']) retrieved from /Users/rah/.pyenv/versions/3.10.11/lib/python3.10/site-packages/airflow/example_dags/example_sensor_decorator.py
[2025-06-15T00:16:59.271-0400] {logging_mixin.py:154} INFO - [2025-06-15T00:16:59.271-0400] {dag.py:2941} INFO - Sync 1 DAGs
[2025-06-15T00:16:59.275-0400] {logging_mixin.py:154} INFO - [2025-06-15T00:16:59.275-0400] {dag.py:3722} INFO - Setting next_dagrun for example_sensor_decorator to None, run_after=None
[2025-06-15T00:16:59.283-0400] {processor.py:179} INFO - Processing /Users/rah/.pyenv/versions/3.10.11/lib/python3.10/site-packages/airflow/example_dags/example_sensor_decorator.py took 0.149 seconds
[2025-06-15T00:18:42.433-0400] {processor.py:157} INFO - Started process (PID=73609) to work on /Users/rah/.pyenv/versions/3.10.11/lib/python3.10/site-packages/airflow/example_dags/example_sensor_decorator.py
[2025-06-15T00:18:42.436-0400] {processor.py:829} INFO - Processing file /Users/rah/.pyenv/versions/3.10.11/lib/python3.10/site-packages/airflow/example_dags/example_sensor_decorator.py for tasks to queue
[2025-06-15T00:18:42.436-0400] {logging_mixin.py:154} INFO - [2025-06-15T00:18:42.436-0400] {dagbag.py:536} INFO - Filling up the DagBag from /Users/rah/.pyenv/versions/3.10.11/lib/python3.10/site-packages/airflow/example_dags/example_sensor_decorator.py
[2025-06-15T00:18:42.482-0400] {processor.py:839} INFO - DAG(s) dict_keys(['example_sensor_decorator']) retrieved from /Users/rah/.pyenv/versions/3.10.11/lib/python3.10/site-packages/airflow/example_dags/example_sensor_decorator.py
[2025-06-15T00:18:42.578-0400] {logging_mixin.py:154} INFO - [2025-06-15T00:18:42.578-0400] {dag.py:2941} INFO - Sync 1 DAGs
[2025-06-15T00:18:42.581-0400] {logging_mixin.py:154} INFO - [2025-06-15T00:18:42.581-0400] {dag.py:3722} INFO - Setting next_dagrun for example_sensor_decorator to None, run_after=None
[2025-06-15T00:18:42.590-0400] {processor.py:179} INFO - Processing /Users/rah/.pyenv/versions/3.10.11/lib/python3.10/site-packages/airflow/example_dags/example_sensor_decorator.py took 0.157 seconds
