[2025-06-14T23:49:51.609-0400] {processor.py:157} INFO - Started process (PID=40637) to work on /Users/rah/.pyenv/versions/3.10.11/lib/python3.10/site-packages/airflow/example_dags/example_branch_operator.py
[2025-06-14T23:49:51.612-0400] {processor.py:829} INFO - Processing file /Users/rah/.pyenv/versions/3.10.11/lib/python3.10/site-packages/airflow/example_dags/example_branch_operator.py for tasks to queue
[2025-06-14T23:49:51.613-0400] {logging_mixin.py:154} INFO - [2025-06-14T23:49:51.612-0400] {dagbag.py:536} INFO - Filling up the DagBag from /Users/rah/.pyenv/versions/3.10.11/lib/python3.10/site-packages/airflow/example_dags/example_branch_operator.py
[2025-06-14T23:49:51.629-0400] {processor.py:839} INFO - DAG(s) dict_keys(['example_branch_operator']) retrieved from /Users/rah/.pyenv/versions/3.10.11/lib/python3.10/site-packages/airflow/example_dags/example_branch_operator.py
[2025-06-14T23:49:51.978-0400] {logging_mixin.py:154} INFO - [2025-06-14T23:49:51.978-0400] {manager.py:499} INFO - Created Permission View: %s
[2025-06-14T23:49:51.981-0400] {logging_mixin.py:154} INFO - [2025-06-14T23:49:51.981-0400] {manager.py:499} INFO - Created Permission View: %s
[2025-06-14T23:49:51.983-0400] {logging_mixin.py:154} INFO - [2025-06-14T23:49:51.983-0400] {manager.py:499} INFO - Created Permission View: %s
[2025-06-14T23:49:51.984-0400] {logging_mixin.py:154} INFO - [2025-06-14T23:49:51.983-0400] {dag.py:2941} INFO - Sync 1 DAGs
[2025-06-14T23:49:51.987-0400] {logging_mixin.py:154} INFO - [2025-06-14T23:49:51.987-0400] {dag.py:2963} INFO - Creating ORM DAG for example_branch_operator
[2025-06-14T23:49:51.991-0400] {logging_mixin.py:154} INFO - [2025-06-14T23:49:51.991-0400] {dag.py:3722} INFO - Setting next_dagrun for example_branch_operator to 2025-06-14T00:00:00+00:00, run_after=2025-06-15T00:00:00+00:00
[2025-06-14T23:49:51.997-0400] {processor.py:179} INFO - Processing /Users/rah/.pyenv/versions/3.10.11/lib/python3.10/site-packages/airflow/example_dags/example_branch_operator.py took 0.388 seconds
[2025-06-14T23:56:02.165-0400] {processor.py:157} INFO - Started process (PID=46810) to work on /Users/rah/Desktop/creative_projects/rah_coding_repo/projects/fin_data_project_001/finance-data-project-1/.venv/lib/python3.10/site-packages/airflow/example_dags/example_branch_operator.py
[2025-06-14T23:56:02.167-0400] {processor.py:829} INFO - Processing file /Users/rah/Desktop/creative_projects/rah_coding_repo/projects/fin_data_project_001/finance-data-project-1/.venv/lib/python3.10/site-packages/airflow/example_dags/example_branch_operator.py for tasks to queue
[2025-06-14T23:56:02.168-0400] {logging_mixin.py:154} INFO - [2025-06-14T23:56:02.168-0400] {dagbag.py:536} INFO - Filling up the DagBag from /Users/rah/Desktop/creative_projects/rah_coding_repo/projects/fin_data_project_001/finance-data-project-1/.venv/lib/python3.10/site-packages/airflow/example_dags/example_branch_operator.py
[2025-06-14T23:56:02.185-0400] {processor.py:839} INFO - DAG(s) dict_keys(['example_branch_operator']) retrieved from /Users/rah/Desktop/creative_projects/rah_coding_repo/projects/fin_data_project_001/finance-data-project-1/.venv/lib/python3.10/site-packages/airflow/example_dags/example_branch_operator.py
[2025-06-14T23:56:02.284-0400] {logging_mixin.py:154} INFO - [2025-06-14T23:56:02.284-0400] {dag.py:2941} INFO - Sync 1 DAGs
[2025-06-14T23:56:02.292-0400] {logging_mixin.py:154} INFO - [2025-06-14T23:56:02.292-0400] {dag.py:3722} INFO - Setting next_dagrun for example_branch_operator to 2025-06-14T00:00:00+00:00, run_after=2025-06-15T00:00:00+00:00
[2025-06-14T23:56:02.301-0400] {processor.py:179} INFO - Processing /Users/rah/Desktop/creative_projects/rah_coding_repo/projects/fin_data_project_001/finance-data-project-1/.venv/lib/python3.10/site-packages/airflow/example_dags/example_branch_operator.py took 0.136 seconds
[2025-06-14T23:57:03.761-0400] {processor.py:157} INFO - Started process (PID=48210) to work on /Users/rah/Desktop/creative_projects/rah_coding_repo/projects/fin_data_project_001/finance-data-project-1/.venv/lib/python3.10/site-packages/airflow/example_dags/example_branch_operator.py
[2025-06-14T23:57:03.764-0400] {processor.py:829} INFO - Processing file /Users/rah/Desktop/creative_projects/rah_coding_repo/projects/fin_data_project_001/finance-data-project-1/.venv/lib/python3.10/site-packages/airflow/example_dags/example_branch_operator.py for tasks to queue
[2025-06-14T23:57:03.764-0400] {logging_mixin.py:154} INFO - [2025-06-14T23:57:03.764-0400] {dagbag.py:536} INFO - Filling up the DagBag from /Users/rah/Desktop/creative_projects/rah_coding_repo/projects/fin_data_project_001/finance-data-project-1/.venv/lib/python3.10/site-packages/airflow/example_dags/example_branch_operator.py
[2025-06-14T23:57:03.784-0400] {processor.py:839} INFO - DAG(s) dict_keys(['example_branch_operator']) retrieved from /Users/rah/Desktop/creative_projects/rah_coding_repo/projects/fin_data_project_001/finance-data-project-1/.venv/lib/python3.10/site-packages/airflow/example_dags/example_branch_operator.py
[2025-06-14T23:57:03.884-0400] {logging_mixin.py:154} INFO - [2025-06-14T23:57:03.884-0400] {dag.py:2941} INFO - Sync 1 DAGs
[2025-06-14T23:57:03.893-0400] {logging_mixin.py:154} INFO - [2025-06-14T23:57:03.893-0400] {dag.py:3722} INFO - Setting next_dagrun for example_branch_operator to 2025-06-14T00:00:00+00:00, run_after=2025-06-15T00:00:00+00:00
[2025-06-14T23:57:03.902-0400] {processor.py:179} INFO - Processing /Users/rah/Desktop/creative_projects/rah_coding_repo/projects/fin_data_project_001/finance-data-project-1/.venv/lib/python3.10/site-packages/airflow/example_dags/example_branch_operator.py took 0.141 seconds
[2025-06-14T23:57:41.471-0400] {processor.py:157} INFO - Started process (PID=48781) to work on /Users/rah/Desktop/creative_projects/rah_coding_repo/projects/fin_data_project_001/finance-data-project-1/.venv/lib/python3.10/site-packages/airflow/example_dags/example_branch_operator.py
[2025-06-14T23:57:41.474-0400] {processor.py:829} INFO - Processing file /Users/rah/Desktop/creative_projects/rah_coding_repo/projects/fin_data_project_001/finance-data-project-1/.venv/lib/python3.10/site-packages/airflow/example_dags/example_branch_operator.py for tasks to queue
[2025-06-14T23:57:41.474-0400] {logging_mixin.py:154} INFO - [2025-06-14T23:57:41.474-0400] {dagbag.py:536} INFO - Filling up the DagBag from /Users/rah/Desktop/creative_projects/rah_coding_repo/projects/fin_data_project_001/finance-data-project-1/.venv/lib/python3.10/site-packages/airflow/example_dags/example_branch_operator.py
[2025-06-14T23:57:41.491-0400] {processor.py:839} INFO - DAG(s) dict_keys(['example_branch_operator']) retrieved from /Users/rah/Desktop/creative_projects/rah_coding_repo/projects/fin_data_project_001/finance-data-project-1/.venv/lib/python3.10/site-packages/airflow/example_dags/example_branch_operator.py
[2025-06-14T23:57:41.580-0400] {logging_mixin.py:154} INFO - [2025-06-14T23:57:41.580-0400] {dag.py:2941} INFO - Sync 1 DAGs
[2025-06-14T23:57:41.588-0400] {logging_mixin.py:154} INFO - [2025-06-14T23:57:41.588-0400] {dag.py:3722} INFO - Setting next_dagrun for example_branch_operator to 2025-06-14T00:00:00+00:00, run_after=2025-06-15T00:00:00+00:00
[2025-06-14T23:57:41.596-0400] {processor.py:179} INFO - Processing /Users/rah/Desktop/creative_projects/rah_coding_repo/projects/fin_data_project_001/finance-data-project-1/.venv/lib/python3.10/site-packages/airflow/example_dags/example_branch_operator.py took 0.125 seconds
[2025-06-14T23:57:54.848-0400] {processor.py:157} INFO - Started process (PID=48935) to work on /Users/rah/Desktop/creative_projects/rah_coding_repo/projects/fin_data_project_001/finance-data-project-1/.venv/lib/python3.10/site-packages/airflow/example_dags/example_branch_operator.py
[2025-06-14T23:57:54.850-0400] {processor.py:829} INFO - Processing file /Users/rah/Desktop/creative_projects/rah_coding_repo/projects/fin_data_project_001/finance-data-project-1/.venv/lib/python3.10/site-packages/airflow/example_dags/example_branch_operator.py for tasks to queue
[2025-06-14T23:57:54.850-0400] {logging_mixin.py:154} INFO - [2025-06-14T23:57:54.850-0400] {dagbag.py:536} INFO - Filling up the DagBag from /Users/rah/Desktop/creative_projects/rah_coding_repo/projects/fin_data_project_001/finance-data-project-1/.venv/lib/python3.10/site-packages/airflow/example_dags/example_branch_operator.py
[2025-06-14T23:57:54.868-0400] {processor.py:839} INFO - DAG(s) dict_keys(['example_branch_operator']) retrieved from /Users/rah/Desktop/creative_projects/rah_coding_repo/projects/fin_data_project_001/finance-data-project-1/.venv/lib/python3.10/site-packages/airflow/example_dags/example_branch_operator.py
[2025-06-14T23:57:54.973-0400] {logging_mixin.py:154} INFO - [2025-06-14T23:57:54.973-0400] {dag.py:2941} INFO - Sync 1 DAGs
[2025-06-14T23:57:54.982-0400] {logging_mixin.py:154} INFO - [2025-06-14T23:57:54.982-0400] {dag.py:3722} INFO - Setting next_dagrun for example_branch_operator to 2025-06-14T00:00:00+00:00, run_after=2025-06-15T00:00:00+00:00
[2025-06-14T23:57:54.991-0400] {processor.py:179} INFO - Processing /Users/rah/Desktop/creative_projects/rah_coding_repo/projects/fin_data_project_001/finance-data-project-1/.venv/lib/python3.10/site-packages/airflow/example_dags/example_branch_operator.py took 0.144 seconds
[2025-06-14T23:58:42.932-0400] {processor.py:157} INFO - Started process (PID=49651) to work on /Users/rah/Desktop/creative_projects/rah_coding_repo/projects/fin_data_project_001/finance-data-project-1/.venv/lib/python3.10/site-packages/airflow/example_dags/example_branch_operator.py
[2025-06-14T23:58:42.935-0400] {processor.py:829} INFO - Processing file /Users/rah/Desktop/creative_projects/rah_coding_repo/projects/fin_data_project_001/finance-data-project-1/.venv/lib/python3.10/site-packages/airflow/example_dags/example_branch_operator.py for tasks to queue
[2025-06-14T23:58:42.935-0400] {logging_mixin.py:154} INFO - [2025-06-14T23:58:42.935-0400] {dagbag.py:536} INFO - Filling up the DagBag from /Users/rah/Desktop/creative_projects/rah_coding_repo/projects/fin_data_project_001/finance-data-project-1/.venv/lib/python3.10/site-packages/airflow/example_dags/example_branch_operator.py
[2025-06-14T23:58:42.953-0400] {processor.py:839} INFO - DAG(s) dict_keys(['example_branch_operator']) retrieved from /Users/rah/Desktop/creative_projects/rah_coding_repo/projects/fin_data_project_001/finance-data-project-1/.venv/lib/python3.10/site-packages/airflow/example_dags/example_branch_operator.py
[2025-06-14T23:58:43.056-0400] {logging_mixin.py:154} INFO - [2025-06-14T23:58:43.056-0400] {dag.py:2941} INFO - Sync 1 DAGs
[2025-06-14T23:58:43.064-0400] {logging_mixin.py:154} INFO - [2025-06-14T23:58:43.064-0400] {dag.py:3722} INFO - Setting next_dagrun for example_branch_operator to 2025-06-14T00:00:00+00:00, run_after=2025-06-15T00:00:00+00:00
[2025-06-14T23:58:43.074-0400] {processor.py:179} INFO - Processing /Users/rah/Desktop/creative_projects/rah_coding_repo/projects/fin_data_project_001/finance-data-project-1/.venv/lib/python3.10/site-packages/airflow/example_dags/example_branch_operator.py took 0.142 seconds
[2025-06-14T23:59:18.971-0400] {processor.py:157} INFO - Started process (PID=50551) to work on /Users/rah/Desktop/creative_projects/rah_coding_repo/projects/fin_data_project_001/finance-data-project-1/.venv/lib/python3.10/site-packages/airflow/example_dags/example_branch_operator.py
[2025-06-14T23:59:18.974-0400] {processor.py:829} INFO - Processing file /Users/rah/Desktop/creative_projects/rah_coding_repo/projects/fin_data_project_001/finance-data-project-1/.venv/lib/python3.10/site-packages/airflow/example_dags/example_branch_operator.py for tasks to queue
[2025-06-14T23:59:18.974-0400] {logging_mixin.py:154} INFO - [2025-06-14T23:59:18.974-0400] {dagbag.py:536} INFO - Filling up the DagBag from /Users/rah/Desktop/creative_projects/rah_coding_repo/projects/fin_data_project_001/finance-data-project-1/.venv/lib/python3.10/site-packages/airflow/example_dags/example_branch_operator.py
[2025-06-14T23:59:18.992-0400] {processor.py:839} INFO - DAG(s) dict_keys(['example_branch_operator']) retrieved from /Users/rah/Desktop/creative_projects/rah_coding_repo/projects/fin_data_project_001/finance-data-project-1/.venv/lib/python3.10/site-packages/airflow/example_dags/example_branch_operator.py
[2025-06-14T23:59:19.097-0400] {logging_mixin.py:154} INFO - [2025-06-14T23:59:19.097-0400] {dag.py:2941} INFO - Sync 1 DAGs
[2025-06-14T23:59:19.105-0400] {logging_mixin.py:154} INFO - [2025-06-14T23:59:19.105-0400] {dag.py:3722} INFO - Setting next_dagrun for example_branch_operator to 2025-06-14T00:00:00+00:00, run_after=2025-06-15T00:00:00+00:00
[2025-06-14T23:59:19.113-0400] {processor.py:179} INFO - Processing /Users/rah/Desktop/creative_projects/rah_coding_repo/projects/fin_data_project_001/finance-data-project-1/.venv/lib/python3.10/site-packages/airflow/example_dags/example_branch_operator.py took 0.143 seconds
[2025-06-14T23:59:33.668-0400] {processor.py:157} INFO - Started process (PID=50733) to work on /Users/rah/Desktop/creative_projects/rah_coding_repo/projects/fin_data_project_001/finance-data-project-1/.venv/lib/python3.10/site-packages/airflow/example_dags/example_branch_operator.py
[2025-06-14T23:59:33.670-0400] {processor.py:829} INFO - Processing file /Users/rah/Desktop/creative_projects/rah_coding_repo/projects/fin_data_project_001/finance-data-project-1/.venv/lib/python3.10/site-packages/airflow/example_dags/example_branch_operator.py for tasks to queue
[2025-06-14T23:59:33.670-0400] {logging_mixin.py:154} INFO - [2025-06-14T23:59:33.670-0400] {dagbag.py:536} INFO - Filling up the DagBag from /Users/rah/Desktop/creative_projects/rah_coding_repo/projects/fin_data_project_001/finance-data-project-1/.venv/lib/python3.10/site-packages/airflow/example_dags/example_branch_operator.py
[2025-06-14T23:59:33.688-0400] {processor.py:839} INFO - DAG(s) dict_keys(['example_branch_operator']) retrieved from /Users/rah/Desktop/creative_projects/rah_coding_repo/projects/fin_data_project_001/finance-data-project-1/.venv/lib/python3.10/site-packages/airflow/example_dags/example_branch_operator.py
[2025-06-14T23:59:33.790-0400] {logging_mixin.py:154} INFO - [2025-06-14T23:59:33.790-0400] {dag.py:2941} INFO - Sync 1 DAGs
[2025-06-14T23:59:33.799-0400] {logging_mixin.py:154} INFO - [2025-06-14T23:59:33.798-0400] {dag.py:3722} INFO - Setting next_dagrun for example_branch_operator to 2025-06-14T00:00:00+00:00, run_after=2025-06-15T00:00:00+00:00
[2025-06-14T23:59:33.807-0400] {processor.py:179} INFO - Processing /Users/rah/Desktop/creative_projects/rah_coding_repo/projects/fin_data_project_001/finance-data-project-1/.venv/lib/python3.10/site-packages/airflow/example_dags/example_branch_operator.py took 0.140 seconds
[2025-06-15T00:00:08.204-0400] {processor.py:157} INFO - Started process (PID=51356) to work on /Users/rah/Desktop/creative_projects/rah_coding_repo/projects/fin_data_project_001/finance-data-project-1/.venv/lib/python3.10/site-packages/airflow/example_dags/example_branch_operator.py
[2025-06-15T00:00:08.207-0400] {processor.py:829} INFO - Processing file /Users/rah/Desktop/creative_projects/rah_coding_repo/projects/fin_data_project_001/finance-data-project-1/.venv/lib/python3.10/site-packages/airflow/example_dags/example_branch_operator.py for tasks to queue
[2025-06-15T00:00:08.208-0400] {logging_mixin.py:154} INFO - [2025-06-15T00:00:08.208-0400] {dagbag.py:536} INFO - Filling up the DagBag from /Users/rah/Desktop/creative_projects/rah_coding_repo/projects/fin_data_project_001/finance-data-project-1/.venv/lib/python3.10/site-packages/airflow/example_dags/example_branch_operator.py
[2025-06-15T00:00:08.226-0400] {processor.py:839} INFO - DAG(s) dict_keys(['example_branch_operator']) retrieved from /Users/rah/Desktop/creative_projects/rah_coding_repo/projects/fin_data_project_001/finance-data-project-1/.venv/lib/python3.10/site-packages/airflow/example_dags/example_branch_operator.py
[2025-06-15T00:00:08.330-0400] {logging_mixin.py:154} INFO - [2025-06-15T00:00:08.330-0400] {dag.py:2941} INFO - Sync 1 DAGs
[2025-06-15T00:00:08.338-0400] {logging_mixin.py:154} INFO - [2025-06-15T00:00:08.338-0400] {dag.py:3722} INFO - Setting next_dagrun for example_branch_operator to 2025-06-14T00:00:00+00:00, run_after=2025-06-15T00:00:00+00:00
[2025-06-15T00:00:08.347-0400] {processor.py:179} INFO - Processing /Users/rah/Desktop/creative_projects/rah_coding_repo/projects/fin_data_project_001/finance-data-project-1/.venv/lib/python3.10/site-packages/airflow/example_dags/example_branch_operator.py took 0.144 seconds
[2025-06-15T00:00:15.828-0400] {processor.py:157} INFO - Started process (PID=51394) to work on /Users/rah/Desktop/creative_projects/rah_coding_repo/projects/fin_data_project_001/finance-data-project-1/.venv/lib/python3.10/site-packages/airflow/example_dags/example_branch_operator.py
[2025-06-15T00:00:15.831-0400] {processor.py:829} INFO - Processing file /Users/rah/Desktop/creative_projects/rah_coding_repo/projects/fin_data_project_001/finance-data-project-1/.venv/lib/python3.10/site-packages/airflow/example_dags/example_branch_operator.py for tasks to queue
[2025-06-15T00:00:15.831-0400] {logging_mixin.py:154} INFO - [2025-06-15T00:00:15.831-0400] {dagbag.py:536} INFO - Filling up the DagBag from /Users/rah/Desktop/creative_projects/rah_coding_repo/projects/fin_data_project_001/finance-data-project-1/.venv/lib/python3.10/site-packages/airflow/example_dags/example_branch_operator.py
[2025-06-15T00:00:15.853-0400] {processor.py:839} INFO - DAG(s) dict_keys(['example_branch_operator']) retrieved from /Users/rah/Desktop/creative_projects/rah_coding_repo/projects/fin_data_project_001/finance-data-project-1/.venv/lib/python3.10/site-packages/airflow/example_dags/example_branch_operator.py
[2025-06-15T00:00:15.965-0400] {logging_mixin.py:154} INFO - [2025-06-15T00:00:15.964-0400] {dag.py:2941} INFO - Sync 1 DAGs
[2025-06-15T00:00:15.974-0400] {logging_mixin.py:154} INFO - [2025-06-15T00:00:15.974-0400] {dag.py:3722} INFO - Setting next_dagrun for example_branch_operator to 2025-06-14T00:00:00+00:00, run_after=2025-06-15T00:00:00+00:00
[2025-06-15T00:00:15.982-0400] {processor.py:179} INFO - Processing /Users/rah/Desktop/creative_projects/rah_coding_repo/projects/fin_data_project_001/finance-data-project-1/.venv/lib/python3.10/site-packages/airflow/example_dags/example_branch_operator.py took 0.155 seconds
[2025-06-15T00:01:02.119-0400] {processor.py:157} INFO - Started process (PID=52149) to work on /Users/rah/Desktop/creative_projects/rah_coding_repo/projects/fin_data_project_001/finance-data-project-1/.venv/lib/python3.10/site-packages/airflow/example_dags/example_branch_operator.py
[2025-06-15T00:01:02.122-0400] {processor.py:829} INFO - Processing file /Users/rah/Desktop/creative_projects/rah_coding_repo/projects/fin_data_project_001/finance-data-project-1/.venv/lib/python3.10/site-packages/airflow/example_dags/example_branch_operator.py for tasks to queue
[2025-06-15T00:01:02.122-0400] {logging_mixin.py:154} INFO - [2025-06-15T00:01:02.122-0400] {dagbag.py:536} INFO - Filling up the DagBag from /Users/rah/Desktop/creative_projects/rah_coding_repo/projects/fin_data_project_001/finance-data-project-1/.venv/lib/python3.10/site-packages/airflow/example_dags/example_branch_operator.py
[2025-06-15T00:01:02.141-0400] {processor.py:839} INFO - DAG(s) dict_keys(['example_branch_operator']) retrieved from /Users/rah/Desktop/creative_projects/rah_coding_repo/projects/fin_data_project_001/finance-data-project-1/.venv/lib/python3.10/site-packages/airflow/example_dags/example_branch_operator.py
[2025-06-15T00:01:02.241-0400] {logging_mixin.py:154} INFO - [2025-06-15T00:01:02.241-0400] {dag.py:2941} INFO - Sync 1 DAGs
[2025-06-15T00:01:02.249-0400] {logging_mixin.py:154} INFO - [2025-06-15T00:01:02.249-0400] {dag.py:3722} INFO - Setting next_dagrun for example_branch_operator to 2025-06-14T00:00:00+00:00, run_after=2025-06-15T00:00:00+00:00
[2025-06-15T00:01:02.258-0400] {processor.py:179} INFO - Processing /Users/rah/Desktop/creative_projects/rah_coding_repo/projects/fin_data_project_001/finance-data-project-1/.venv/lib/python3.10/site-packages/airflow/example_dags/example_branch_operator.py took 0.140 seconds
[2025-06-15T00:01:16.919-0400] {processor.py:157} INFO - Started process (PID=52345) to work on /Users/rah/Desktop/creative_projects/rah_coding_repo/projects/fin_data_project_001/finance-data-project-1/.venv/lib/python3.10/site-packages/airflow/example_dags/example_branch_operator.py
[2025-06-15T00:01:16.922-0400] {processor.py:829} INFO - Processing file /Users/rah/Desktop/creative_projects/rah_coding_repo/projects/fin_data_project_001/finance-data-project-1/.venv/lib/python3.10/site-packages/airflow/example_dags/example_branch_operator.py for tasks to queue
[2025-06-15T00:01:16.922-0400] {logging_mixin.py:154} INFO - [2025-06-15T00:01:16.922-0400] {dagbag.py:536} INFO - Filling up the DagBag from /Users/rah/Desktop/creative_projects/rah_coding_repo/projects/fin_data_project_001/finance-data-project-1/.venv/lib/python3.10/site-packages/airflow/example_dags/example_branch_operator.py
[2025-06-15T00:01:16.938-0400] {processor.py:839} INFO - DAG(s) dict_keys(['example_branch_operator']) retrieved from /Users/rah/Desktop/creative_projects/rah_coding_repo/projects/fin_data_project_001/finance-data-project-1/.venv/lib/python3.10/site-packages/airflow/example_dags/example_branch_operator.py
[2025-06-15T00:01:17.030-0400] {logging_mixin.py:154} INFO - [2025-06-15T00:01:17.029-0400] {dag.py:2941} INFO - Sync 1 DAGs
[2025-06-15T00:01:17.037-0400] {logging_mixin.py:154} INFO - [2025-06-15T00:01:17.037-0400] {dag.py:3722} INFO - Setting next_dagrun for example_branch_operator to 2025-06-14T00:00:00+00:00, run_after=2025-06-15T00:00:00+00:00
[2025-06-15T00:01:17.044-0400] {processor.py:179} INFO - Processing /Users/rah/Desktop/creative_projects/rah_coding_repo/projects/fin_data_project_001/finance-data-project-1/.venv/lib/python3.10/site-packages/airflow/example_dags/example_branch_operator.py took 0.126 seconds
[2025-06-15T00:01:42.408-0400] {processor.py:157} INFO - Started process (PID=52803) to work on /Users/rah/Desktop/creative_projects/rah_coding_repo/projects/fin_data_project_001/finance-data-project-1/.venv/lib/python3.10/site-packages/airflow/example_dags/example_branch_operator.py
[2025-06-15T00:01:42.410-0400] {processor.py:829} INFO - Processing file /Users/rah/Desktop/creative_projects/rah_coding_repo/projects/fin_data_project_001/finance-data-project-1/.venv/lib/python3.10/site-packages/airflow/example_dags/example_branch_operator.py for tasks to queue
[2025-06-15T00:01:42.411-0400] {logging_mixin.py:154} INFO - [2025-06-15T00:01:42.411-0400] {dagbag.py:536} INFO - Filling up the DagBag from /Users/rah/Desktop/creative_projects/rah_coding_repo/projects/fin_data_project_001/finance-data-project-1/.venv/lib/python3.10/site-packages/airflow/example_dags/example_branch_operator.py
[2025-06-15T00:01:42.429-0400] {processor.py:839} INFO - DAG(s) dict_keys(['example_branch_operator']) retrieved from /Users/rah/Desktop/creative_projects/rah_coding_repo/projects/fin_data_project_001/finance-data-project-1/.venv/lib/python3.10/site-packages/airflow/example_dags/example_branch_operator.py
[2025-06-15T00:01:42.527-0400] {logging_mixin.py:154} INFO - [2025-06-15T00:01:42.527-0400] {dag.py:2941} INFO - Sync 1 DAGs
[2025-06-15T00:01:42.536-0400] {logging_mixin.py:154} INFO - [2025-06-15T00:01:42.536-0400] {dag.py:3722} INFO - Setting next_dagrun for example_branch_operator to 2025-06-14T00:00:00+00:00, run_after=2025-06-15T00:00:00+00:00
[2025-06-15T00:01:42.544-0400] {processor.py:179} INFO - Processing /Users/rah/Desktop/creative_projects/rah_coding_repo/projects/fin_data_project_001/finance-data-project-1/.venv/lib/python3.10/site-packages/airflow/example_dags/example_branch_operator.py took 0.137 seconds
[2025-06-15T00:01:45.275-0400] {processor.py:157} INFO - Started process (PID=52817) to work on /Users/rah/Desktop/creative_projects/rah_coding_repo/projects/fin_data_project_001/finance-data-project-1/.venv/lib/python3.10/site-packages/airflow/example_dags/example_branch_operator.py
[2025-06-15T00:01:45.277-0400] {processor.py:829} INFO - Processing file /Users/rah/Desktop/creative_projects/rah_coding_repo/projects/fin_data_project_001/finance-data-project-1/.venv/lib/python3.10/site-packages/airflow/example_dags/example_branch_operator.py for tasks to queue
[2025-06-15T00:01:45.278-0400] {logging_mixin.py:154} INFO - [2025-06-15T00:01:45.278-0400] {dagbag.py:536} INFO - Filling up the DagBag from /Users/rah/Desktop/creative_projects/rah_coding_repo/projects/fin_data_project_001/finance-data-project-1/.venv/lib/python3.10/site-packages/airflow/example_dags/example_branch_operator.py
[2025-06-15T00:01:45.298-0400] {processor.py:839} INFO - DAG(s) dict_keys(['example_branch_operator']) retrieved from /Users/rah/Desktop/creative_projects/rah_coding_repo/projects/fin_data_project_001/finance-data-project-1/.venv/lib/python3.10/site-packages/airflow/example_dags/example_branch_operator.py
[2025-06-15T00:01:45.406-0400] {logging_mixin.py:154} INFO - [2025-06-15T00:01:45.406-0400] {dag.py:2941} INFO - Sync 1 DAGs
[2025-06-15T00:01:45.415-0400] {logging_mixin.py:154} INFO - [2025-06-15T00:01:45.415-0400] {dag.py:3722} INFO - Setting next_dagrun for example_branch_operator to 2025-06-14T00:00:00+00:00, run_after=2025-06-15T00:00:00+00:00
[2025-06-15T00:01:45.425-0400] {processor.py:179} INFO - Processing /Users/rah/Desktop/creative_projects/rah_coding_repo/projects/fin_data_project_001/finance-data-project-1/.venv/lib/python3.10/site-packages/airflow/example_dags/example_branch_operator.py took 0.150 seconds
[2025-06-15T00:07:31.586-0400] {processor.py:157} INFO - Started process (PID=57591) to work on /Users/rah/.pyenv/versions/3.10.11/lib/python3.10/site-packages/airflow/example_dags/example_branch_operator.py
[2025-06-15T00:07:31.590-0400] {processor.py:829} INFO - Processing file /Users/rah/.pyenv/versions/3.10.11/lib/python3.10/site-packages/airflow/example_dags/example_branch_operator.py for tasks to queue
[2025-06-15T00:07:31.590-0400] {logging_mixin.py:154} INFO - [2025-06-15T00:07:31.590-0400] {dagbag.py:536} INFO - Filling up the DagBag from /Users/rah/.pyenv/versions/3.10.11/lib/python3.10/site-packages/airflow/example_dags/example_branch_operator.py
[2025-06-15T00:07:31.608-0400] {processor.py:839} INFO - DAG(s) dict_keys(['example_branch_operator']) retrieved from /Users/rah/.pyenv/versions/3.10.11/lib/python3.10/site-packages/airflow/example_dags/example_branch_operator.py
[2025-06-15T00:07:31.978-0400] {logging_mixin.py:154} INFO - [2025-06-15T00:07:31.978-0400] {dag.py:2941} INFO - Sync 1 DAGs
[2025-06-15T00:07:31.986-0400] {logging_mixin.py:154} INFO - [2025-06-15T00:07:31.986-0400] {dag.py:3722} INFO - Setting next_dagrun for example_branch_operator to 2025-06-14T00:00:00+00:00, run_after=2025-06-15T00:00:00+00:00
[2025-06-15T00:07:31.994-0400] {processor.py:179} INFO - Processing /Users/rah/.pyenv/versions/3.10.11/lib/python3.10/site-packages/airflow/example_dags/example_branch_operator.py took 0.408 seconds
[2025-06-15T00:09:22.400-0400] {processor.py:157} INFO - Started process (PID=59579) to work on /Users/rah/.pyenv/versions/3.10.11/lib/python3.10/site-packages/airflow/example_dags/example_branch_operator.py
[2025-06-15T00:09:22.403-0400] {processor.py:829} INFO - Processing file /Users/rah/.pyenv/versions/3.10.11/lib/python3.10/site-packages/airflow/example_dags/example_branch_operator.py for tasks to queue
[2025-06-15T00:09:22.403-0400] {logging_mixin.py:154} INFO - [2025-06-15T00:09:22.403-0400] {dagbag.py:536} INFO - Filling up the DagBag from /Users/rah/.pyenv/versions/3.10.11/lib/python3.10/site-packages/airflow/example_dags/example_branch_operator.py
[2025-06-15T00:09:22.419-0400] {processor.py:839} INFO - DAG(s) dict_keys(['example_branch_operator']) retrieved from /Users/rah/.pyenv/versions/3.10.11/lib/python3.10/site-packages/airflow/example_dags/example_branch_operator.py
[2025-06-15T00:09:22.529-0400] {logging_mixin.py:154} INFO - [2025-06-15T00:09:22.529-0400] {dag.py:2941} INFO - Sync 1 DAGs
[2025-06-15T00:09:22.536-0400] {logging_mixin.py:154} INFO - [2025-06-15T00:09:22.536-0400] {dag.py:3722} INFO - Setting next_dagrun for example_branch_operator to 2025-06-14T00:00:00+00:00, run_after=2025-06-15T00:00:00+00:00
[2025-06-15T00:09:22.544-0400] {processor.py:179} INFO - Processing /Users/rah/.pyenv/versions/3.10.11/lib/python3.10/site-packages/airflow/example_dags/example_branch_operator.py took 0.144 seconds
[2025-06-15T00:11:02.122-0400] {processor.py:157} INFO - Started process (PID=61079) to work on /Users/rah/.pyenv/versions/3.10.11/lib/python3.10/site-packages/airflow/example_dags/example_branch_operator.py
[2025-06-15T00:11:02.125-0400] {processor.py:829} INFO - Processing file /Users/rah/.pyenv/versions/3.10.11/lib/python3.10/site-packages/airflow/example_dags/example_branch_operator.py for tasks to queue
[2025-06-15T00:11:02.125-0400] {logging_mixin.py:154} INFO - [2025-06-15T00:11:02.125-0400] {dagbag.py:536} INFO - Filling up the DagBag from /Users/rah/.pyenv/versions/3.10.11/lib/python3.10/site-packages/airflow/example_dags/example_branch_operator.py
[2025-06-15T00:11:02.141-0400] {processor.py:839} INFO - DAG(s) dict_keys(['example_branch_operator']) retrieved from /Users/rah/.pyenv/versions/3.10.11/lib/python3.10/site-packages/airflow/example_dags/example_branch_operator.py
[2025-06-15T00:11:02.254-0400] {logging_mixin.py:154} INFO - [2025-06-15T00:11:02.254-0400] {dag.py:2941} INFO - Sync 1 DAGs
[2025-06-15T00:11:02.261-0400] {logging_mixin.py:154} INFO - [2025-06-15T00:11:02.261-0400] {dag.py:3722} INFO - Setting next_dagrun for example_branch_operator to 2025-06-14T00:00:00+00:00, run_after=2025-06-15T00:00:00+00:00
[2025-06-15T00:11:02.269-0400] {processor.py:179} INFO - Processing /Users/rah/.pyenv/versions/3.10.11/lib/python3.10/site-packages/airflow/example_dags/example_branch_operator.py took 0.148 seconds
[2025-06-15T00:12:45.834-0400] {processor.py:157} INFO - Started process (PID=62629) to work on /Users/rah/.pyenv/versions/3.10.11/lib/python3.10/site-packages/airflow/example_dags/example_branch_operator.py
[2025-06-15T00:12:45.837-0400] {processor.py:829} INFO - Processing file /Users/rah/.pyenv/versions/3.10.11/lib/python3.10/site-packages/airflow/example_dags/example_branch_operator.py for tasks to queue
[2025-06-15T00:12:45.837-0400] {logging_mixin.py:154} INFO - [2025-06-15T00:12:45.837-0400] {dagbag.py:536} INFO - Filling up the DagBag from /Users/rah/.pyenv/versions/3.10.11/lib/python3.10/site-packages/airflow/example_dags/example_branch_operator.py
[2025-06-15T00:12:45.853-0400] {processor.py:839} INFO - DAG(s) dict_keys(['example_branch_operator']) retrieved from /Users/rah/.pyenv/versions/3.10.11/lib/python3.10/site-packages/airflow/example_dags/example_branch_operator.py
[2025-06-15T00:12:45.975-0400] {logging_mixin.py:154} INFO - [2025-06-15T00:12:45.975-0400] {dag.py:2941} INFO - Sync 1 DAGs
[2025-06-15T00:12:45.983-0400] {logging_mixin.py:154} INFO - [2025-06-15T00:12:45.983-0400] {dag.py:3722} INFO - Setting next_dagrun for example_branch_operator to 2025-06-14T00:00:00+00:00, run_after=2025-06-15T00:00:00+00:00
[2025-06-15T00:12:45.991-0400] {processor.py:179} INFO - Processing /Users/rah/.pyenv/versions/3.10.11/lib/python3.10/site-packages/airflow/example_dags/example_branch_operator.py took 0.158 seconds
[2025-06-15T00:14:25.506-0400] {processor.py:157} INFO - Started process (PID=64184) to work on /Users/rah/.pyenv/versions/3.10.11/lib/python3.10/site-packages/airflow/example_dags/example_branch_operator.py
[2025-06-15T00:14:25.509-0400] {processor.py:829} INFO - Processing file /Users/rah/.pyenv/versions/3.10.11/lib/python3.10/site-packages/airflow/example_dags/example_branch_operator.py for tasks to queue
[2025-06-15T00:14:25.509-0400] {logging_mixin.py:154} INFO - [2025-06-15T00:14:25.509-0400] {dagbag.py:536} INFO - Filling up the DagBag from /Users/rah/.pyenv/versions/3.10.11/lib/python3.10/site-packages/airflow/example_dags/example_branch_operator.py
[2025-06-15T00:14:25.525-0400] {processor.py:839} INFO - DAG(s) dict_keys(['example_branch_operator']) retrieved from /Users/rah/.pyenv/versions/3.10.11/lib/python3.10/site-packages/airflow/example_dags/example_branch_operator.py
[2025-06-15T00:14:25.633-0400] {logging_mixin.py:154} INFO - [2025-06-15T00:14:25.633-0400] {dag.py:2941} INFO - Sync 1 DAGs
[2025-06-15T00:14:25.640-0400] {logging_mixin.py:154} INFO - [2025-06-15T00:14:25.640-0400] {dag.py:3722} INFO - Setting next_dagrun for example_branch_operator to 2025-06-14T00:00:00+00:00, run_after=2025-06-15T00:00:00+00:00
[2025-06-15T00:14:25.648-0400] {processor.py:179} INFO - Processing /Users/rah/.pyenv/versions/3.10.11/lib/python3.10/site-packages/airflow/example_dags/example_branch_operator.py took 0.142 seconds
[2025-06-15T00:16:09.700-0400] {processor.py:157} INFO - Started process (PID=66717) to work on /Users/rah/.pyenv/versions/3.10.11/lib/python3.10/site-packages/airflow/example_dags/example_branch_operator.py
[2025-06-15T00:16:09.703-0400] {processor.py:829} INFO - Processing file /Users/rah/.pyenv/versions/3.10.11/lib/python3.10/site-packages/airflow/example_dags/example_branch_operator.py for tasks to queue
[2025-06-15T00:16:09.703-0400] {logging_mixin.py:154} INFO - [2025-06-15T00:16:09.703-0400] {dagbag.py:536} INFO - Filling up the DagBag from /Users/rah/.pyenv/versions/3.10.11/lib/python3.10/site-packages/airflow/example_dags/example_branch_operator.py
[2025-06-15T00:16:09.721-0400] {processor.py:839} INFO - DAG(s) dict_keys(['example_branch_operator']) retrieved from /Users/rah/.pyenv/versions/3.10.11/lib/python3.10/site-packages/airflow/example_dags/example_branch_operator.py
[2025-06-15T00:16:09.843-0400] {logging_mixin.py:154} INFO - [2025-06-15T00:16:09.843-0400] {dag.py:2941} INFO - Sync 1 DAGs
[2025-06-15T00:16:09.851-0400] {logging_mixin.py:154} INFO - [2025-06-15T00:16:09.851-0400] {dag.py:3722} INFO - Setting next_dagrun for example_branch_operator to 2025-06-14T00:00:00+00:00, run_after=2025-06-15T00:00:00+00:00
[2025-06-15T00:16:09.859-0400] {processor.py:179} INFO - Processing /Users/rah/.pyenv/versions/3.10.11/lib/python3.10/site-packages/airflow/example_dags/example_branch_operator.py took 0.160 seconds
[2025-06-15T00:17:56.556-0400] {processor.py:157} INFO - Started process (PID=73105) to work on /Users/rah/.pyenv/versions/3.10.11/lib/python3.10/site-packages/airflow/example_dags/example_branch_operator.py
[2025-06-15T00:17:56.558-0400] {processor.py:829} INFO - Processing file /Users/rah/.pyenv/versions/3.10.11/lib/python3.10/site-packages/airflow/example_dags/example_branch_operator.py for tasks to queue
[2025-06-15T00:17:56.559-0400] {logging_mixin.py:154} INFO - [2025-06-15T00:17:56.559-0400] {dagbag.py:536} INFO - Filling up the DagBag from /Users/rah/.pyenv/versions/3.10.11/lib/python3.10/site-packages/airflow/example_dags/example_branch_operator.py
[2025-06-15T00:17:56.576-0400] {processor.py:839} INFO - DAG(s) dict_keys(['example_branch_operator']) retrieved from /Users/rah/.pyenv/versions/3.10.11/lib/python3.10/site-packages/airflow/example_dags/example_branch_operator.py
[2025-06-15T00:17:56.698-0400] {logging_mixin.py:154} INFO - [2025-06-15T00:17:56.697-0400] {dag.py:2941} INFO - Sync 1 DAGs
[2025-06-15T00:17:56.705-0400] {logging_mixin.py:154} INFO - [2025-06-15T00:17:56.705-0400] {dag.py:3722} INFO - Setting next_dagrun for example_branch_operator to 2025-06-14T00:00:00+00:00, run_after=2025-06-15T00:00:00+00:00
[2025-06-15T00:17:56.713-0400] {processor.py:179} INFO - Processing /Users/rah/.pyenv/versions/3.10.11/lib/python3.10/site-packages/airflow/example_dags/example_branch_operator.py took 0.158 seconds
