[2025-06-14T23:49:43.589-0400] {processor.py:157} INFO - Started process (PID=40520) to work on /Users/rah/.pyenv/versions/3.10.11/lib/python3.10/site-packages/airflow/example_dags/example_dag_decorator.py
[2025-06-14T23:49:43.592-0400] {processor.py:829} INFO - Processing file /Users/rah/.pyenv/versions/3.10.11/lib/python3.10/site-packages/airflow/example_dags/example_dag_decorator.py for tasks to queue
[2025-06-14T23:49:43.592-0400] {logging_mixin.py:154} INFO - [2025-06-14T23:49:43.592-0400] {dagbag.py:536} INFO - Filling up the DagBag from /Users/rah/.pyenv/versions/3.10.11/lib/python3.10/site-packages/airflow/example_dags/example_dag_decorator.py
[2025-06-14T23:49:43.703-0400] {processor.py:839} INFO - DAG(s) dict_keys(['example_dag_decorator']) retrieved from /Users/rah/.pyenv/versions/3.10.11/lib/python3.10/site-packages/airflow/example_dags/example_dag_decorator.py
[2025-06-14T23:49:43.993-0400] {logging_mixin.py:154} INFO - [2025-06-14T23:49:43.993-0400] {manager.py:499} INFO - Created Permission View: %s
[2025-06-14T23:49:43.996-0400] {logging_mixin.py:154} INFO - [2025-06-14T23:49:43.996-0400] {manager.py:499} INFO - Created Permission View: %s
[2025-06-14T23:49:43.998-0400] {logging_mixin.py:154} INFO - [2025-06-14T23:49:43.998-0400] {manager.py:499} INFO - Created Permission View: %s
[2025-06-14T23:49:43.998-0400] {logging_mixin.py:154} INFO - [2025-06-14T23:49:43.998-0400] {dag.py:2941} INFO - Sync 1 DAGs
[2025-06-14T23:49:44.002-0400] {logging_mixin.py:154} INFO - [2025-06-14T23:49:44.002-0400] {dag.py:2963} INFO - Creating ORM DAG for example_dag_decorator
[2025-06-14T23:49:44.002-0400] {logging_mixin.py:154} INFO - [2025-06-14T23:49:44.002-0400] {dag.py:3722} INFO - Setting next_dagrun for example_dag_decorator to None, run_after=None
[2025-06-14T23:49:44.009-0400] {processor.py:179} INFO - Processing /Users/rah/.pyenv/versions/3.10.11/lib/python3.10/site-packages/airflow/example_dags/example_dag_decorator.py took 0.420 seconds
[2025-06-14T23:55:54.892-0400] {processor.py:157} INFO - Started process (PID=46780) to work on /Users/rah/Desktop/creative_projects/rah_coding_repo/projects/fin_data_project_001/finance-data-project-1/.venv/lib/python3.10/site-packages/airflow/example_dags/example_dag_decorator.py
[2025-06-14T23:55:54.895-0400] {processor.py:829} INFO - Processing file /Users/rah/Desktop/creative_projects/rah_coding_repo/projects/fin_data_project_001/finance-data-project-1/.venv/lib/python3.10/site-packages/airflow/example_dags/example_dag_decorator.py for tasks to queue
[2025-06-14T23:55:54.896-0400] {logging_mixin.py:154} INFO - [2025-06-14T23:55:54.895-0400] {dagbag.py:536} INFO - Filling up the DagBag from /Users/rah/Desktop/creative_projects/rah_coding_repo/projects/fin_data_project_001/finance-data-project-1/.venv/lib/python3.10/site-packages/airflow/example_dags/example_dag_decorator.py
[2025-06-14T23:55:54.988-0400] {processor.py:839} INFO - DAG(s) dict_keys(['example_dag_decorator']) retrieved from /Users/rah/Desktop/creative_projects/rah_coding_repo/projects/fin_data_project_001/finance-data-project-1/.venv/lib/python3.10/site-packages/airflow/example_dags/example_dag_decorator.py
[2025-06-14T23:55:55.311-0400] {logging_mixin.py:154} INFO - [2025-06-14T23:55:55.311-0400] {dag.py:2941} INFO - Sync 1 DAGs
[2025-06-14T23:55:55.345-0400] {logging_mixin.py:154} INFO - [2025-06-14T23:55:55.345-0400] {dag.py:3722} INFO - Setting next_dagrun for example_dag_decorator to None, run_after=None
[2025-06-14T23:55:55.353-0400] {processor.py:179} INFO - Processing /Users/rah/Desktop/creative_projects/rah_coding_repo/projects/fin_data_project_001/finance-data-project-1/.venv/lib/python3.10/site-packages/airflow/example_dags/example_dag_decorator.py took 0.461 seconds
[2025-06-14T23:56:56.444-0400] {processor.py:157} INFO - Started process (PID=48173) to work on /Users/rah/Desktop/creative_projects/rah_coding_repo/projects/fin_data_project_001/finance-data-project-1/.venv/lib/python3.10/site-packages/airflow/example_dags/example_dag_decorator.py
[2025-06-14T23:56:56.447-0400] {processor.py:829} INFO - Processing file /Users/rah/Desktop/creative_projects/rah_coding_repo/projects/fin_data_project_001/finance-data-project-1/.venv/lib/python3.10/site-packages/airflow/example_dags/example_dag_decorator.py for tasks to queue
[2025-06-14T23:56:56.447-0400] {logging_mixin.py:154} INFO - [2025-06-14T23:56:56.447-0400] {dagbag.py:536} INFO - Filling up the DagBag from /Users/rah/Desktop/creative_projects/rah_coding_repo/projects/fin_data_project_001/finance-data-project-1/.venv/lib/python3.10/site-packages/airflow/example_dags/example_dag_decorator.py
[2025-06-14T23:56:56.550-0400] {processor.py:839} INFO - DAG(s) dict_keys(['example_dag_decorator']) retrieved from /Users/rah/Desktop/creative_projects/rah_coding_repo/projects/fin_data_project_001/finance-data-project-1/.venv/lib/python3.10/site-packages/airflow/example_dags/example_dag_decorator.py
[2025-06-14T23:56:56.917-0400] {logging_mixin.py:154} INFO - [2025-06-14T23:56:56.917-0400] {dag.py:2941} INFO - Sync 1 DAGs
[2025-06-14T23:56:56.947-0400] {logging_mixin.py:154} INFO - [2025-06-14T23:56:56.947-0400] {dag.py:3722} INFO - Setting next_dagrun for example_dag_decorator to None, run_after=None
[2025-06-14T23:56:56.955-0400] {processor.py:179} INFO - Processing /Users/rah/Desktop/creative_projects/rah_coding_repo/projects/fin_data_project_001/finance-data-project-1/.venv/lib/python3.10/site-packages/airflow/example_dags/example_dag_decorator.py took 0.511 seconds
[2025-06-14T23:57:35.372-0400] {processor.py:157} INFO - Started process (PID=48652) to work on /Users/rah/Desktop/creative_projects/rah_coding_repo/projects/fin_data_project_001/finance-data-project-1/.venv/lib/python3.10/site-packages/airflow/example_dags/example_dag_decorator.py
[2025-06-14T23:57:35.375-0400] {processor.py:829} INFO - Processing file /Users/rah/Desktop/creative_projects/rah_coding_repo/projects/fin_data_project_001/finance-data-project-1/.venv/lib/python3.10/site-packages/airflow/example_dags/example_dag_decorator.py for tasks to queue
[2025-06-14T23:57:35.376-0400] {logging_mixin.py:154} INFO - [2025-06-14T23:57:35.375-0400] {dagbag.py:536} INFO - Filling up the DagBag from /Users/rah/Desktop/creative_projects/rah_coding_repo/projects/fin_data_project_001/finance-data-project-1/.venv/lib/python3.10/site-packages/airflow/example_dags/example_dag_decorator.py
[2025-06-14T23:57:35.474-0400] {processor.py:839} INFO - DAG(s) dict_keys(['example_dag_decorator']) retrieved from /Users/rah/Desktop/creative_projects/rah_coding_repo/projects/fin_data_project_001/finance-data-project-1/.venv/lib/python3.10/site-packages/airflow/example_dags/example_dag_decorator.py
[2025-06-14T23:57:35.803-0400] {logging_mixin.py:154} INFO - [2025-06-14T23:57:35.802-0400] {dag.py:2941} INFO - Sync 1 DAGs
[2025-06-14T23:57:35.836-0400] {logging_mixin.py:154} INFO - [2025-06-14T23:57:35.836-0400] {dag.py:3722} INFO - Setting next_dagrun for example_dag_decorator to None, run_after=None
[2025-06-14T23:57:35.844-0400] {processor.py:179} INFO - Processing /Users/rah/Desktop/creative_projects/rah_coding_repo/projects/fin_data_project_001/finance-data-project-1/.venv/lib/python3.10/site-packages/airflow/example_dags/example_dag_decorator.py took 0.473 seconds
[2025-06-14T23:57:48.356-0400] {processor.py:157} INFO - Started process (PID=48807) to work on /Users/rah/Desktop/creative_projects/rah_coding_repo/projects/fin_data_project_001/finance-data-project-1/.venv/lib/python3.10/site-packages/airflow/example_dags/example_dag_decorator.py
[2025-06-14T23:57:48.359-0400] {processor.py:829} INFO - Processing file /Users/rah/Desktop/creative_projects/rah_coding_repo/projects/fin_data_project_001/finance-data-project-1/.venv/lib/python3.10/site-packages/airflow/example_dags/example_dag_decorator.py for tasks to queue
[2025-06-14T23:57:48.359-0400] {logging_mixin.py:154} INFO - [2025-06-14T23:57:48.359-0400] {dagbag.py:536} INFO - Filling up the DagBag from /Users/rah/Desktop/creative_projects/rah_coding_repo/projects/fin_data_project_001/finance-data-project-1/.venv/lib/python3.10/site-packages/airflow/example_dags/example_dag_decorator.py
[2025-06-14T23:57:48.454-0400] {processor.py:839} INFO - DAG(s) dict_keys(['example_dag_decorator']) retrieved from /Users/rah/Desktop/creative_projects/rah_coding_repo/projects/fin_data_project_001/finance-data-project-1/.venv/lib/python3.10/site-packages/airflow/example_dags/example_dag_decorator.py
[2025-06-14T23:57:48.480-0400] {logging_mixin.py:154} INFO - [2025-06-14T23:57:48.480-0400] {dag.py:2941} INFO - Sync 1 DAGs
[2025-06-14T23:57:48.516-0400] {logging_mixin.py:154} INFO - [2025-06-14T23:57:48.516-0400] {dag.py:3722} INFO - Setting next_dagrun for example_dag_decorator to None, run_after=None
[2025-06-14T23:57:48.523-0400] {processor.py:179} INFO - Processing /Users/rah/Desktop/creative_projects/rah_coding_repo/projects/fin_data_project_001/finance-data-project-1/.venv/lib/python3.10/site-packages/airflow/example_dags/example_dag_decorator.py took 0.168 seconds
[2025-06-14T23:58:36.578-0400] {processor.py:157} INFO - Started process (PID=49519) to work on /Users/rah/Desktop/creative_projects/rah_coding_repo/projects/fin_data_project_001/finance-data-project-1/.venv/lib/python3.10/site-packages/airflow/example_dags/example_dag_decorator.py
[2025-06-14T23:58:36.581-0400] {processor.py:829} INFO - Processing file /Users/rah/Desktop/creative_projects/rah_coding_repo/projects/fin_data_project_001/finance-data-project-1/.venv/lib/python3.10/site-packages/airflow/example_dags/example_dag_decorator.py for tasks to queue
[2025-06-14T23:58:36.581-0400] {logging_mixin.py:154} INFO - [2025-06-14T23:58:36.581-0400] {dagbag.py:536} INFO - Filling up the DagBag from /Users/rah/Desktop/creative_projects/rah_coding_repo/projects/fin_data_project_001/finance-data-project-1/.venv/lib/python3.10/site-packages/airflow/example_dags/example_dag_decorator.py
[2025-06-14T23:58:36.674-0400] {processor.py:839} INFO - DAG(s) dict_keys(['example_dag_decorator']) retrieved from /Users/rah/Desktop/creative_projects/rah_coding_repo/projects/fin_data_project_001/finance-data-project-1/.venv/lib/python3.10/site-packages/airflow/example_dags/example_dag_decorator.py
[2025-06-14T23:58:36.981-0400] {logging_mixin.py:154} INFO - [2025-06-14T23:58:36.981-0400] {dag.py:2941} INFO - Sync 1 DAGs
[2025-06-14T23:58:37.013-0400] {logging_mixin.py:154} INFO - [2025-06-14T23:58:37.013-0400] {dag.py:3722} INFO - Setting next_dagrun for example_dag_decorator to None, run_after=None
[2025-06-14T23:58:37.021-0400] {processor.py:179} INFO - Processing /Users/rah/Desktop/creative_projects/rah_coding_repo/projects/fin_data_project_001/finance-data-project-1/.venv/lib/python3.10/site-packages/airflow/example_dags/example_dag_decorator.py took 0.443 seconds
[2025-06-14T23:59:11.384-0400] {processor.py:157} INFO - Started process (PID=50404) to work on /Users/rah/Desktop/creative_projects/rah_coding_repo/projects/fin_data_project_001/finance-data-project-1/.venv/lib/python3.10/site-packages/airflow/example_dags/example_dag_decorator.py
[2025-06-14T23:59:11.387-0400] {processor.py:829} INFO - Processing file /Users/rah/Desktop/creative_projects/rah_coding_repo/projects/fin_data_project_001/finance-data-project-1/.venv/lib/python3.10/site-packages/airflow/example_dags/example_dag_decorator.py for tasks to queue
[2025-06-14T23:59:11.387-0400] {logging_mixin.py:154} INFO - [2025-06-14T23:59:11.387-0400] {dagbag.py:536} INFO - Filling up the DagBag from /Users/rah/Desktop/creative_projects/rah_coding_repo/projects/fin_data_project_001/finance-data-project-1/.venv/lib/python3.10/site-packages/airflow/example_dags/example_dag_decorator.py
[2025-06-14T23:59:11.492-0400] {processor.py:839} INFO - DAG(s) dict_keys(['example_dag_decorator']) retrieved from /Users/rah/Desktop/creative_projects/rah_coding_repo/projects/fin_data_project_001/finance-data-project-1/.venv/lib/python3.10/site-packages/airflow/example_dags/example_dag_decorator.py
[2025-06-14T23:59:11.851-0400] {logging_mixin.py:154} INFO - [2025-06-14T23:59:11.851-0400] {dag.py:2941} INFO - Sync 1 DAGs
[2025-06-14T23:59:11.886-0400] {logging_mixin.py:154} INFO - [2025-06-14T23:59:11.886-0400] {dag.py:3722} INFO - Setting next_dagrun for example_dag_decorator to None, run_after=None
[2025-06-14T23:59:11.894-0400] {processor.py:179} INFO - Processing /Users/rah/Desktop/creative_projects/rah_coding_repo/projects/fin_data_project_001/finance-data-project-1/.venv/lib/python3.10/site-packages/airflow/example_dags/example_dag_decorator.py took 0.511 seconds
[2025-06-14T23:59:26.565-0400] {processor.py:157} INFO - Started process (PID=50692) to work on /Users/rah/Desktop/creative_projects/rah_coding_repo/projects/fin_data_project_001/finance-data-project-1/.venv/lib/python3.10/site-packages/airflow/example_dags/example_dag_decorator.py
[2025-06-14T23:59:26.568-0400] {processor.py:829} INFO - Processing file /Users/rah/Desktop/creative_projects/rah_coding_repo/projects/fin_data_project_001/finance-data-project-1/.venv/lib/python3.10/site-packages/airflow/example_dags/example_dag_decorator.py for tasks to queue
[2025-06-14T23:59:26.568-0400] {logging_mixin.py:154} INFO - [2025-06-14T23:59:26.568-0400] {dagbag.py:536} INFO - Filling up the DagBag from /Users/rah/Desktop/creative_projects/rah_coding_repo/projects/fin_data_project_001/finance-data-project-1/.venv/lib/python3.10/site-packages/airflow/example_dags/example_dag_decorator.py
[2025-06-14T23:59:26.668-0400] {processor.py:839} INFO - DAG(s) dict_keys(['example_dag_decorator']) retrieved from /Users/rah/Desktop/creative_projects/rah_coding_repo/projects/fin_data_project_001/finance-data-project-1/.venv/lib/python3.10/site-packages/airflow/example_dags/example_dag_decorator.py
[2025-06-14T23:59:26.693-0400] {logging_mixin.py:154} INFO - [2025-06-14T23:59:26.693-0400] {dag.py:2941} INFO - Sync 1 DAGs
[2025-06-14T23:59:26.730-0400] {logging_mixin.py:154} INFO - [2025-06-14T23:59:26.730-0400] {dag.py:3722} INFO - Setting next_dagrun for example_dag_decorator to None, run_after=None
[2025-06-14T23:59:26.738-0400] {processor.py:179} INFO - Processing /Users/rah/Desktop/creative_projects/rah_coding_repo/projects/fin_data_project_001/finance-data-project-1/.venv/lib/python3.10/site-packages/airflow/example_dags/example_dag_decorator.py took 0.174 seconds
[2025-06-14T23:59:58.588-0400] {processor.py:157} INFO - Started process (PID=51182) to work on /Users/rah/Desktop/creative_projects/rah_coding_repo/projects/fin_data_project_001/finance-data-project-1/.venv/lib/python3.10/site-packages/airflow/example_dags/example_dag_decorator.py
[2025-06-14T23:59:58.591-0400] {processor.py:829} INFO - Processing file /Users/rah/Desktop/creative_projects/rah_coding_repo/projects/fin_data_project_001/finance-data-project-1/.venv/lib/python3.10/site-packages/airflow/example_dags/example_dag_decorator.py for tasks to queue
[2025-06-14T23:59:58.592-0400] {logging_mixin.py:154} INFO - [2025-06-14T23:59:58.592-0400] {dagbag.py:536} INFO - Filling up the DagBag from /Users/rah/Desktop/creative_projects/rah_coding_repo/projects/fin_data_project_001/finance-data-project-1/.venv/lib/python3.10/site-packages/airflow/example_dags/example_dag_decorator.py
[2025-06-14T23:59:58.676-0400] {processor.py:839} INFO - DAG(s) dict_keys(['example_dag_decorator']) retrieved from /Users/rah/Desktop/creative_projects/rah_coding_repo/projects/fin_data_project_001/finance-data-project-1/.venv/lib/python3.10/site-packages/airflow/example_dags/example_dag_decorator.py
[2025-06-14T23:59:59.078-0400] {logging_mixin.py:154} INFO - [2025-06-14T23:59:59.078-0400] {dag.py:2941} INFO - Sync 1 DAGs
[2025-06-14T23:59:59.111-0400] {logging_mixin.py:154} INFO - [2025-06-14T23:59:59.111-0400] {dag.py:3722} INFO - Setting next_dagrun for example_dag_decorator to None, run_after=None
[2025-06-14T23:59:59.119-0400] {processor.py:179} INFO - Processing /Users/rah/Desktop/creative_projects/rah_coding_repo/projects/fin_data_project_001/finance-data-project-1/.venv/lib/python3.10/site-packages/airflow/example_dags/example_dag_decorator.py took 0.532 seconds
[2025-06-15T00:00:08.848-0400] {processor.py:157} INFO - Started process (PID=51360) to work on /Users/rah/Desktop/creative_projects/rah_coding_repo/projects/fin_data_project_001/finance-data-project-1/.venv/lib/python3.10/site-packages/airflow/example_dags/example_dag_decorator.py
[2025-06-15T00:00:08.850-0400] {processor.py:829} INFO - Processing file /Users/rah/Desktop/creative_projects/rah_coding_repo/projects/fin_data_project_001/finance-data-project-1/.venv/lib/python3.10/site-packages/airflow/example_dags/example_dag_decorator.py for tasks to queue
[2025-06-15T00:00:08.851-0400] {logging_mixin.py:154} INFO - [2025-06-15T00:00:08.851-0400] {dagbag.py:536} INFO - Filling up the DagBag from /Users/rah/Desktop/creative_projects/rah_coding_repo/projects/fin_data_project_001/finance-data-project-1/.venv/lib/python3.10/site-packages/airflow/example_dags/example_dag_decorator.py
[2025-06-15T00:00:08.938-0400] {processor.py:839} INFO - DAG(s) dict_keys(['example_dag_decorator']) retrieved from /Users/rah/Desktop/creative_projects/rah_coding_repo/projects/fin_data_project_001/finance-data-project-1/.venv/lib/python3.10/site-packages/airflow/example_dags/example_dag_decorator.py
[2025-06-15T00:00:08.961-0400] {logging_mixin.py:154} INFO - [2025-06-15T00:00:08.961-0400] {dag.py:2941} INFO - Sync 1 DAGs
[2025-06-15T00:00:08.998-0400] {logging_mixin.py:154} INFO - [2025-06-15T00:00:08.998-0400] {dag.py:3722} INFO - Setting next_dagrun for example_dag_decorator to None, run_after=None
[2025-06-15T00:00:09.007-0400] {processor.py:179} INFO - Processing /Users/rah/Desktop/creative_projects/rah_coding_repo/projects/fin_data_project_001/finance-data-project-1/.venv/lib/python3.10/site-packages/airflow/example_dags/example_dag_decorator.py took 0.160 seconds
[2025-06-15T00:00:56.378-0400] {processor.py:157} INFO - Started process (PID=52013) to work on /Users/rah/Desktop/creative_projects/rah_coding_repo/projects/fin_data_project_001/finance-data-project-1/.venv/lib/python3.10/site-packages/airflow/example_dags/example_dag_decorator.py
[2025-06-15T00:00:56.381-0400] {processor.py:829} INFO - Processing file /Users/rah/Desktop/creative_projects/rah_coding_repo/projects/fin_data_project_001/finance-data-project-1/.venv/lib/python3.10/site-packages/airflow/example_dags/example_dag_decorator.py for tasks to queue
[2025-06-15T00:00:56.381-0400] {logging_mixin.py:154} INFO - [2025-06-15T00:00:56.381-0400] {dagbag.py:536} INFO - Filling up the DagBag from /Users/rah/Desktop/creative_projects/rah_coding_repo/projects/fin_data_project_001/finance-data-project-1/.venv/lib/python3.10/site-packages/airflow/example_dags/example_dag_decorator.py
[2025-06-15T00:00:56.488-0400] {processor.py:839} INFO - DAG(s) dict_keys(['example_dag_decorator']) retrieved from /Users/rah/Desktop/creative_projects/rah_coding_repo/projects/fin_data_project_001/finance-data-project-1/.venv/lib/python3.10/site-packages/airflow/example_dags/example_dag_decorator.py
[2025-06-15T00:00:56.832-0400] {logging_mixin.py:154} INFO - [2025-06-15T00:00:56.832-0400] {dag.py:2941} INFO - Sync 1 DAGs
[2025-06-15T00:00:56.866-0400] {logging_mixin.py:154} INFO - [2025-06-15T00:00:56.866-0400] {dag.py:3722} INFO - Setting next_dagrun for example_dag_decorator to None, run_after=None
[2025-06-15T00:00:56.874-0400] {processor.py:179} INFO - Processing /Users/rah/Desktop/creative_projects/rah_coding_repo/projects/fin_data_project_001/finance-data-project-1/.venv/lib/python3.10/site-packages/airflow/example_dags/example_dag_decorator.py took 0.497 seconds
[2025-06-15T00:01:11.134-0400] {processor.py:157} INFO - Started process (PID=52305) to work on /Users/rah/Desktop/creative_projects/rah_coding_repo/projects/fin_data_project_001/finance-data-project-1/.venv/lib/python3.10/site-packages/airflow/example_dags/example_dag_decorator.py
[2025-06-15T00:01:11.137-0400] {processor.py:829} INFO - Processing file /Users/rah/Desktop/creative_projects/rah_coding_repo/projects/fin_data_project_001/finance-data-project-1/.venv/lib/python3.10/site-packages/airflow/example_dags/example_dag_decorator.py for tasks to queue
[2025-06-15T00:01:11.137-0400] {logging_mixin.py:154} INFO - [2025-06-15T00:01:11.137-0400] {dagbag.py:536} INFO - Filling up the DagBag from /Users/rah/Desktop/creative_projects/rah_coding_repo/projects/fin_data_project_001/finance-data-project-1/.venv/lib/python3.10/site-packages/airflow/example_dags/example_dag_decorator.py
[2025-06-15T00:01:11.236-0400] {processor.py:839} INFO - DAG(s) dict_keys(['example_dag_decorator']) retrieved from /Users/rah/Desktop/creative_projects/rah_coding_repo/projects/fin_data_project_001/finance-data-project-1/.venv/lib/python3.10/site-packages/airflow/example_dags/example_dag_decorator.py
[2025-06-15T00:01:11.260-0400] {logging_mixin.py:154} INFO - [2025-06-15T00:01:11.260-0400] {dag.py:2941} INFO - Sync 1 DAGs
[2025-06-15T00:01:11.295-0400] {logging_mixin.py:154} INFO - [2025-06-15T00:01:11.295-0400] {dag.py:3722} INFO - Setting next_dagrun for example_dag_decorator to None, run_after=None
[2025-06-15T00:01:11.303-0400] {processor.py:179} INFO - Processing /Users/rah/Desktop/creative_projects/rah_coding_repo/projects/fin_data_project_001/finance-data-project-1/.venv/lib/python3.10/site-packages/airflow/example_dags/example_dag_decorator.py took 0.170 seconds
[2025-06-15T00:01:35.094-0400] {processor.py:157} INFO - Started process (PID=52661) to work on /Users/rah/Desktop/creative_projects/rah_coding_repo/projects/fin_data_project_001/finance-data-project-1/.venv/lib/python3.10/site-packages/airflow/example_dags/example_dag_decorator.py
[2025-06-15T00:01:35.096-0400] {processor.py:829} INFO - Processing file /Users/rah/Desktop/creative_projects/rah_coding_repo/projects/fin_data_project_001/finance-data-project-1/.venv/lib/python3.10/site-packages/airflow/example_dags/example_dag_decorator.py for tasks to queue
[2025-06-15T00:01:35.096-0400] {logging_mixin.py:154} INFO - [2025-06-15T00:01:35.096-0400] {dagbag.py:536} INFO - Filling up the DagBag from /Users/rah/Desktop/creative_projects/rah_coding_repo/projects/fin_data_project_001/finance-data-project-1/.venv/lib/python3.10/site-packages/airflow/example_dags/example_dag_decorator.py
[2025-06-15T00:01:35.180-0400] {processor.py:839} INFO - DAG(s) dict_keys(['example_dag_decorator']) retrieved from /Users/rah/Desktop/creative_projects/rah_coding_repo/projects/fin_data_project_001/finance-data-project-1/.venv/lib/python3.10/site-packages/airflow/example_dags/example_dag_decorator.py
[2025-06-15T00:01:35.568-0400] {logging_mixin.py:154} INFO - [2025-06-15T00:01:35.568-0400] {dag.py:2941} INFO - Sync 1 DAGs
[2025-06-15T00:01:35.601-0400] {logging_mixin.py:154} INFO - [2025-06-15T00:01:35.601-0400] {dag.py:3722} INFO - Setting next_dagrun for example_dag_decorator to None, run_after=None
[2025-06-15T00:01:35.609-0400] {processor.py:179} INFO - Processing /Users/rah/Desktop/creative_projects/rah_coding_repo/projects/fin_data_project_001/finance-data-project-1/.venv/lib/python3.10/site-packages/airflow/example_dags/example_dag_decorator.py took 0.516 seconds
[2025-06-15T00:01:38.351-0400] {processor.py:157} INFO - Started process (PID=52675) to work on /Users/rah/Desktop/creative_projects/rah_coding_repo/projects/fin_data_project_001/finance-data-project-1/.venv/lib/python3.10/site-packages/airflow/example_dags/example_dag_decorator.py
[2025-06-15T00:01:38.353-0400] {processor.py:829} INFO - Processing file /Users/rah/Desktop/creative_projects/rah_coding_repo/projects/fin_data_project_001/finance-data-project-1/.venv/lib/python3.10/site-packages/airflow/example_dags/example_dag_decorator.py for tasks to queue
[2025-06-15T00:01:38.353-0400] {logging_mixin.py:154} INFO - [2025-06-15T00:01:38.353-0400] {dagbag.py:536} INFO - Filling up the DagBag from /Users/rah/Desktop/creative_projects/rah_coding_repo/projects/fin_data_project_001/finance-data-project-1/.venv/lib/python3.10/site-packages/airflow/example_dags/example_dag_decorator.py
[2025-06-15T00:01:38.435-0400] {processor.py:839} INFO - DAG(s) dict_keys(['example_dag_decorator']) retrieved from /Users/rah/Desktop/creative_projects/rah_coding_repo/projects/fin_data_project_001/finance-data-project-1/.venv/lib/python3.10/site-packages/airflow/example_dags/example_dag_decorator.py
[2025-06-15T00:01:38.457-0400] {logging_mixin.py:154} INFO - [2025-06-15T00:01:38.457-0400] {dag.py:2941} INFO - Sync 1 DAGs
[2025-06-15T00:01:38.490-0400] {logging_mixin.py:154} INFO - [2025-06-15T00:01:38.490-0400] {dag.py:3722} INFO - Setting next_dagrun for example_dag_decorator to None, run_after=None
[2025-06-15T00:01:38.498-0400] {processor.py:179} INFO - Processing /Users/rah/Desktop/creative_projects/rah_coding_repo/projects/fin_data_project_001/finance-data-project-1/.venv/lib/python3.10/site-packages/airflow/example_dags/example_dag_decorator.py took 0.148 seconds
[2025-06-15T00:07:23.474-0400] {processor.py:157} INFO - Started process (PID=57478) to work on /Users/rah/.pyenv/versions/3.10.11/lib/python3.10/site-packages/airflow/example_dags/example_dag_decorator.py
[2025-06-15T00:07:23.478-0400] {processor.py:829} INFO - Processing file /Users/rah/.pyenv/versions/3.10.11/lib/python3.10/site-packages/airflow/example_dags/example_dag_decorator.py for tasks to queue
[2025-06-15T00:07:23.478-0400] {logging_mixin.py:154} INFO - [2025-06-15T00:07:23.478-0400] {dagbag.py:536} INFO - Filling up the DagBag from /Users/rah/.pyenv/versions/3.10.11/lib/python3.10/site-packages/airflow/example_dags/example_dag_decorator.py
[2025-06-15T00:07:23.579-0400] {processor.py:839} INFO - DAG(s) dict_keys(['example_dag_decorator']) retrieved from /Users/rah/.pyenv/versions/3.10.11/lib/python3.10/site-packages/airflow/example_dags/example_dag_decorator.py
[2025-06-15T00:07:23.859-0400] {logging_mixin.py:154} INFO - [2025-06-15T00:07:23.859-0400] {dag.py:2941} INFO - Sync 1 DAGs
[2025-06-15T00:07:23.863-0400] {logging_mixin.py:154} INFO - [2025-06-15T00:07:23.863-0400] {dag.py:3722} INFO - Setting next_dagrun for example_dag_decorator to None, run_after=None
[2025-06-15T00:07:23.870-0400] {processor.py:179} INFO - Processing /Users/rah/.pyenv/versions/3.10.11/lib/python3.10/site-packages/airflow/example_dags/example_dag_decorator.py took 0.397 seconds
[2025-06-15T00:09:15.107-0400] {processor.py:157} INFO - Started process (PID=59462) to work on /Users/rah/.pyenv/versions/3.10.11/lib/python3.10/site-packages/airflow/example_dags/example_dag_decorator.py
[2025-06-15T00:09:15.110-0400] {processor.py:829} INFO - Processing file /Users/rah/.pyenv/versions/3.10.11/lib/python3.10/site-packages/airflow/example_dags/example_dag_decorator.py for tasks to queue
[2025-06-15T00:09:15.110-0400] {logging_mixin.py:154} INFO - [2025-06-15T00:09:15.110-0400] {dagbag.py:536} INFO - Filling up the DagBag from /Users/rah/.pyenv/versions/3.10.11/lib/python3.10/site-packages/airflow/example_dags/example_dag_decorator.py
[2025-06-15T00:09:15.215-0400] {processor.py:839} INFO - DAG(s) dict_keys(['example_dag_decorator']) retrieved from /Users/rah/.pyenv/versions/3.10.11/lib/python3.10/site-packages/airflow/example_dags/example_dag_decorator.py
[2025-06-15T00:09:15.518-0400] {logging_mixin.py:154} INFO - [2025-06-15T00:09:15.518-0400] {dag.py:2941} INFO - Sync 1 DAGs
[2025-06-15T00:09:15.522-0400] {logging_mixin.py:154} INFO - [2025-06-15T00:09:15.522-0400] {dag.py:3722} INFO - Setting next_dagrun for example_dag_decorator to None, run_after=None
[2025-06-15T00:09:15.530-0400] {processor.py:179} INFO - Processing /Users/rah/.pyenv/versions/3.10.11/lib/python3.10/site-packages/airflow/example_dags/example_dag_decorator.py took 0.424 seconds
[2025-06-15T00:10:54.995-0400] {processor.py:157} INFO - Started process (PID=60961) to work on /Users/rah/.pyenv/versions/3.10.11/lib/python3.10/site-packages/airflow/example_dags/example_dag_decorator.py
[2025-06-15T00:10:54.998-0400] {processor.py:829} INFO - Processing file /Users/rah/.pyenv/versions/3.10.11/lib/python3.10/site-packages/airflow/example_dags/example_dag_decorator.py for tasks to queue
[2025-06-15T00:10:54.998-0400] {logging_mixin.py:154} INFO - [2025-06-15T00:10:54.998-0400] {dagbag.py:536} INFO - Filling up the DagBag from /Users/rah/.pyenv/versions/3.10.11/lib/python3.10/site-packages/airflow/example_dags/example_dag_decorator.py
[2025-06-15T00:10:55.099-0400] {processor.py:839} INFO - DAG(s) dict_keys(['example_dag_decorator']) retrieved from /Users/rah/.pyenv/versions/3.10.11/lib/python3.10/site-packages/airflow/example_dags/example_dag_decorator.py
[2025-06-15T00:10:55.405-0400] {logging_mixin.py:154} INFO - [2025-06-15T00:10:55.404-0400] {dag.py:2941} INFO - Sync 1 DAGs
[2025-06-15T00:10:55.408-0400] {logging_mixin.py:154} INFO - [2025-06-15T00:10:55.408-0400] {dag.py:3722} INFO - Setting next_dagrun for example_dag_decorator to None, run_after=None
[2025-06-15T00:10:55.416-0400] {processor.py:179} INFO - Processing /Users/rah/.pyenv/versions/3.10.11/lib/python3.10/site-packages/airflow/example_dags/example_dag_decorator.py took 0.421 seconds
[2025-06-15T00:12:38.078-0400] {processor.py:157} INFO - Started process (PID=62516) to work on /Users/rah/.pyenv/versions/3.10.11/lib/python3.10/site-packages/airflow/example_dags/example_dag_decorator.py
[2025-06-15T00:12:38.081-0400] {processor.py:829} INFO - Processing file /Users/rah/.pyenv/versions/3.10.11/lib/python3.10/site-packages/airflow/example_dags/example_dag_decorator.py for tasks to queue
[2025-06-15T00:12:38.082-0400] {logging_mixin.py:154} INFO - [2025-06-15T00:12:38.082-0400] {dagbag.py:536} INFO - Filling up the DagBag from /Users/rah/.pyenv/versions/3.10.11/lib/python3.10/site-packages/airflow/example_dags/example_dag_decorator.py
[2025-06-15T00:12:38.201-0400] {processor.py:839} INFO - DAG(s) dict_keys(['example_dag_decorator']) retrieved from /Users/rah/.pyenv/versions/3.10.11/lib/python3.10/site-packages/airflow/example_dags/example_dag_decorator.py
[2025-06-15T00:12:38.512-0400] {logging_mixin.py:154} INFO - [2025-06-15T00:12:38.512-0400] {dag.py:2941} INFO - Sync 1 DAGs
[2025-06-15T00:12:38.516-0400] {logging_mixin.py:154} INFO - [2025-06-15T00:12:38.516-0400] {dag.py:3722} INFO - Setting next_dagrun for example_dag_decorator to None, run_after=None
[2025-06-15T00:12:38.524-0400] {processor.py:179} INFO - Processing /Users/rah/.pyenv/versions/3.10.11/lib/python3.10/site-packages/airflow/example_dags/example_dag_decorator.py took 0.446 seconds
[2025-06-15T00:14:19.361-0400] {processor.py:157} INFO - Started process (PID=64067) to work on /Users/rah/.pyenv/versions/3.10.11/lib/python3.10/site-packages/airflow/example_dags/example_dag_decorator.py
[2025-06-15T00:14:19.364-0400] {processor.py:829} INFO - Processing file /Users/rah/.pyenv/versions/3.10.11/lib/python3.10/site-packages/airflow/example_dags/example_dag_decorator.py for tasks to queue
[2025-06-15T00:14:19.364-0400] {logging_mixin.py:154} INFO - [2025-06-15T00:14:19.364-0400] {dagbag.py:536} INFO - Filling up the DagBag from /Users/rah/.pyenv/versions/3.10.11/lib/python3.10/site-packages/airflow/example_dags/example_dag_decorator.py
[2025-06-15T00:14:19.471-0400] {processor.py:839} INFO - DAG(s) dict_keys(['example_dag_decorator']) retrieved from /Users/rah/.pyenv/versions/3.10.11/lib/python3.10/site-packages/airflow/example_dags/example_dag_decorator.py
[2025-06-15T00:14:19.776-0400] {logging_mixin.py:154} INFO - [2025-06-15T00:14:19.776-0400] {dag.py:2941} INFO - Sync 1 DAGs
[2025-06-15T00:14:19.780-0400] {logging_mixin.py:154} INFO - [2025-06-15T00:14:19.780-0400] {dag.py:3722} INFO - Setting next_dagrun for example_dag_decorator to None, run_after=None
[2025-06-15T00:14:19.789-0400] {processor.py:179} INFO - Processing /Users/rah/.pyenv/versions/3.10.11/lib/python3.10/site-packages/airflow/example_dags/example_dag_decorator.py took 0.428 seconds
[2025-06-15T00:16:02.547-0400] {processor.py:157} INFO - Started process (PID=66709) to work on /Users/rah/.pyenv/versions/3.10.11/lib/python3.10/site-packages/airflow/example_dags/example_dag_decorator.py
[2025-06-15T00:16:02.550-0400] {processor.py:829} INFO - Processing file /Users/rah/.pyenv/versions/3.10.11/lib/python3.10/site-packages/airflow/example_dags/example_dag_decorator.py for tasks to queue
[2025-06-15T00:16:02.551-0400] {logging_mixin.py:154} INFO - [2025-06-15T00:16:02.551-0400] {dagbag.py:536} INFO - Filling up the DagBag from /Users/rah/.pyenv/versions/3.10.11/lib/python3.10/site-packages/airflow/example_dags/example_dag_decorator.py
[2025-06-15T00:16:02.666-0400] {processor.py:839} INFO - DAG(s) dict_keys(['example_dag_decorator']) retrieved from /Users/rah/.pyenv/versions/3.10.11/lib/python3.10/site-packages/airflow/example_dags/example_dag_decorator.py
[2025-06-15T00:16:03.001-0400] {logging_mixin.py:154} INFO - [2025-06-15T00:16:03.001-0400] {dag.py:2941} INFO - Sync 1 DAGs
[2025-06-15T00:16:03.005-0400] {logging_mixin.py:154} INFO - [2025-06-15T00:16:03.005-0400] {dag.py:3722} INFO - Setting next_dagrun for example_dag_decorator to None, run_after=None
[2025-06-15T00:16:03.016-0400] {processor.py:179} INFO - Processing /Users/rah/.pyenv/versions/3.10.11/lib/python3.10/site-packages/airflow/example_dags/example_dag_decorator.py took 0.469 seconds
