[2025-06-14T23:49:33.090-0400] {processor.py:157} INFO - Started process (PID=40403) to work on /Users/rah/.pyenv/versions/3.10.11/lib/python3.10/site-packages/airflow/example_dags/example_kubernetes_executor.py
[2025-06-14T23:49:33.092-0400] {processor.py:829} INFO - Processing file /Users/rah/.pyenv/versions/3.10.11/lib/python3.10/site-packages/airflow/example_dags/example_kubernetes_executor.py for tasks to queue
[2025-06-14T23:49:33.093-0400] {logging_mixin.py:154} INFO - [2025-06-14T23:49:33.093-0400] {dagbag.py:536} INFO - Filling up the DagBag from /Users/rah/.pyenv/versions/3.10.11/lib/python3.10/site-packages/airflow/example_dags/example_kubernetes_executor.py
[2025-06-14T23:49:33.137-0400] {processor.py:839} INFO - DAG(s) dict_keys(['example_kubernetes_executor']) retrieved from /Users/rah/.pyenv/versions/3.10.11/lib/python3.10/site-packages/airflow/example_dags/example_kubernetes_executor.py
[2025-06-14T23:49:33.464-0400] {logging_mixin.py:154} INFO - [2025-06-14T23:49:33.463-0400] {manager.py:499} INFO - Created Permission View: %s
[2025-06-14T23:49:33.467-0400] {logging_mixin.py:154} INFO - [2025-06-14T23:49:33.467-0400] {manager.py:499} INFO - Created Permission View: %s
[2025-06-14T23:49:33.469-0400] {logging_mixin.py:154} INFO - [2025-06-14T23:49:33.469-0400] {manager.py:499} INFO - Created Permission View: %s
[2025-06-14T23:49:33.469-0400] {logging_mixin.py:154} INFO - [2025-06-14T23:49:33.469-0400] {dag.py:2941} INFO - Sync 1 DAGs
[2025-06-14T23:49:33.473-0400] {logging_mixin.py:154} INFO - [2025-06-14T23:49:33.473-0400] {dag.py:2963} INFO - Creating ORM DAG for example_kubernetes_executor
[2025-06-14T23:49:33.474-0400] {logging_mixin.py:154} INFO - [2025-06-14T23:49:33.474-0400] {dag.py:3722} INFO - Setting next_dagrun for example_kubernetes_executor to None, run_after=None
[2025-06-14T23:49:33.480-0400] {processor.py:179} INFO - Processing /Users/rah/.pyenv/versions/3.10.11/lib/python3.10/site-packages/airflow/example_dags/example_kubernetes_executor.py took 0.391 seconds
[2025-06-14T23:55:46.350-0400] {processor.py:157} INFO - Started process (PID=46124) to work on /Users/rah/Desktop/creative_projects/rah_coding_repo/projects/fin_data_project_001/finance-data-project-1/.venv/lib/python3.10/site-packages/airflow/example_dags/example_kubernetes_executor.py
[2025-06-14T23:55:46.352-0400] {processor.py:829} INFO - Processing file /Users/rah/Desktop/creative_projects/rah_coding_repo/projects/fin_data_project_001/finance-data-project-1/.venv/lib/python3.10/site-packages/airflow/example_dags/example_kubernetes_executor.py for tasks to queue
[2025-06-14T23:55:46.353-0400] {logging_mixin.py:154} INFO - [2025-06-14T23:55:46.353-0400] {dagbag.py:536} INFO - Filling up the DagBag from /Users/rah/Desktop/creative_projects/rah_coding_repo/projects/fin_data_project_001/finance-data-project-1/.venv/lib/python3.10/site-packages/airflow/example_dags/example_kubernetes_executor.py
[2025-06-14T23:55:46.372-0400] {logging_mixin.py:154} INFO - [2025-06-14T23:55:46.372-0400] {example_kubernetes_executor.py:38} WARNING - The example_kubernetes_executor example DAG requires the kubernetes provider. Please install it with: pip install apache-airflow[cncf.kubernetes]
[2025-06-14T23:55:46.372-0400] {processor.py:841} WARNING - No viable dags retrieved from /Users/rah/Desktop/creative_projects/rah_coding_repo/projects/fin_data_project_001/finance-data-project-1/.venv/lib/python3.10/site-packages/airflow/example_dags/example_kubernetes_executor.py
[2025-06-14T23:55:46.419-0400] {processor.py:179} INFO - Processing /Users/rah/Desktop/creative_projects/rah_coding_repo/projects/fin_data_project_001/finance-data-project-1/.venv/lib/python3.10/site-packages/airflow/example_dags/example_kubernetes_executor.py took 0.070 seconds
[2025-06-14T23:56:48.244-0400] {processor.py:157} INFO - Started process (PID=48031) to work on /Users/rah/Desktop/creative_projects/rah_coding_repo/projects/fin_data_project_001/finance-data-project-1/.venv/lib/python3.10/site-packages/airflow/example_dags/example_kubernetes_executor.py
[2025-06-14T23:56:48.247-0400] {processor.py:829} INFO - Processing file /Users/rah/Desktop/creative_projects/rah_coding_repo/projects/fin_data_project_001/finance-data-project-1/.venv/lib/python3.10/site-packages/airflow/example_dags/example_kubernetes_executor.py for tasks to queue
[2025-06-14T23:56:48.247-0400] {logging_mixin.py:154} INFO - [2025-06-14T23:56:48.247-0400] {dagbag.py:536} INFO - Filling up the DagBag from /Users/rah/Desktop/creative_projects/rah_coding_repo/projects/fin_data_project_001/finance-data-project-1/.venv/lib/python3.10/site-packages/airflow/example_dags/example_kubernetes_executor.py
[2025-06-14T23:56:48.267-0400] {logging_mixin.py:154} INFO - [2025-06-14T23:56:48.267-0400] {example_kubernetes_executor.py:38} WARNING - The example_kubernetes_executor example DAG requires the kubernetes provider. Please install it with: pip install apache-airflow[cncf.kubernetes]
[2025-06-14T23:56:48.267-0400] {processor.py:841} WARNING - No viable dags retrieved from /Users/rah/Desktop/creative_projects/rah_coding_repo/projects/fin_data_project_001/finance-data-project-1/.venv/lib/python3.10/site-packages/airflow/example_dags/example_kubernetes_executor.py
[2025-06-14T23:56:48.315-0400] {processor.py:179} INFO - Processing /Users/rah/Desktop/creative_projects/rah_coding_repo/projects/fin_data_project_001/finance-data-project-1/.venv/lib/python3.10/site-packages/airflow/example_dags/example_kubernetes_executor.py took 0.072 seconds
[2025-06-14T23:57:27.304-0400] {processor.py:157} INFO - Started process (PID=48517) to work on /Users/rah/Desktop/creative_projects/rah_coding_repo/projects/fin_data_project_001/finance-data-project-1/.venv/lib/python3.10/site-packages/airflow/example_dags/example_kubernetes_executor.py
[2025-06-14T23:57:27.307-0400] {processor.py:829} INFO - Processing file /Users/rah/Desktop/creative_projects/rah_coding_repo/projects/fin_data_project_001/finance-data-project-1/.venv/lib/python3.10/site-packages/airflow/example_dags/example_kubernetes_executor.py for tasks to queue
[2025-06-14T23:57:27.308-0400] {logging_mixin.py:154} INFO - [2025-06-14T23:57:27.308-0400] {dagbag.py:536} INFO - Filling up the DagBag from /Users/rah/Desktop/creative_projects/rah_coding_repo/projects/fin_data_project_001/finance-data-project-1/.venv/lib/python3.10/site-packages/airflow/example_dags/example_kubernetes_executor.py
[2025-06-14T23:57:27.327-0400] {logging_mixin.py:154} INFO - [2025-06-14T23:57:27.327-0400] {example_kubernetes_executor.py:38} WARNING - The example_kubernetes_executor example DAG requires the kubernetes provider. Please install it with: pip install apache-airflow[cncf.kubernetes]
[2025-06-14T23:57:27.327-0400] {processor.py:841} WARNING - No viable dags retrieved from /Users/rah/Desktop/creative_projects/rah_coding_repo/projects/fin_data_project_001/finance-data-project-1/.venv/lib/python3.10/site-packages/airflow/example_dags/example_kubernetes_executor.py
[2025-06-14T23:57:27.377-0400] {processor.py:179} INFO - Processing /Users/rah/Desktop/creative_projects/rah_coding_repo/projects/fin_data_project_001/finance-data-project-1/.venv/lib/python3.10/site-packages/airflow/example_dags/example_kubernetes_executor.py took 0.073 seconds
[2025-06-14T23:57:40.446-0400] {processor.py:157} INFO - Started process (PID=48776) to work on /Users/rah/Desktop/creative_projects/rah_coding_repo/projects/fin_data_project_001/finance-data-project-1/.venv/lib/python3.10/site-packages/airflow/example_dags/example_kubernetes_executor.py
[2025-06-14T23:57:40.449-0400] {processor.py:829} INFO - Processing file /Users/rah/Desktop/creative_projects/rah_coding_repo/projects/fin_data_project_001/finance-data-project-1/.venv/lib/python3.10/site-packages/airflow/example_dags/example_kubernetes_executor.py for tasks to queue
[2025-06-14T23:57:40.449-0400] {logging_mixin.py:154} INFO - [2025-06-14T23:57:40.449-0400] {dagbag.py:536} INFO - Filling up the DagBag from /Users/rah/Desktop/creative_projects/rah_coding_repo/projects/fin_data_project_001/finance-data-project-1/.venv/lib/python3.10/site-packages/airflow/example_dags/example_kubernetes_executor.py
[2025-06-14T23:57:40.469-0400] {logging_mixin.py:154} INFO - [2025-06-14T23:57:40.469-0400] {example_kubernetes_executor.py:38} WARNING - The example_kubernetes_executor example DAG requires the kubernetes provider. Please install it with: pip install apache-airflow[cncf.kubernetes]
[2025-06-14T23:57:40.469-0400] {processor.py:841} WARNING - No viable dags retrieved from /Users/rah/Desktop/creative_projects/rah_coding_repo/projects/fin_data_project_001/finance-data-project-1/.venv/lib/python3.10/site-packages/airflow/example_dags/example_kubernetes_executor.py
[2025-06-14T23:57:40.518-0400] {processor.py:179} INFO - Processing /Users/rah/Desktop/creative_projects/rah_coding_repo/projects/fin_data_project_001/finance-data-project-1/.venv/lib/python3.10/site-packages/airflow/example_dags/example_kubernetes_executor.py took 0.073 seconds
[2025-06-14T23:58:29.074-0400] {processor.py:157} INFO - Started process (PID=49378) to work on /Users/rah/Desktop/creative_projects/rah_coding_repo/projects/fin_data_project_001/finance-data-project-1/.venv/lib/python3.10/site-packages/airflow/example_dags/example_kubernetes_executor.py
[2025-06-14T23:58:29.076-0400] {processor.py:829} INFO - Processing file /Users/rah/Desktop/creative_projects/rah_coding_repo/projects/fin_data_project_001/finance-data-project-1/.venv/lib/python3.10/site-packages/airflow/example_dags/example_kubernetes_executor.py for tasks to queue
[2025-06-14T23:58:29.077-0400] {logging_mixin.py:154} INFO - [2025-06-14T23:58:29.077-0400] {dagbag.py:536} INFO - Filling up the DagBag from /Users/rah/Desktop/creative_projects/rah_coding_repo/projects/fin_data_project_001/finance-data-project-1/.venv/lib/python3.10/site-packages/airflow/example_dags/example_kubernetes_executor.py
[2025-06-14T23:58:29.098-0400] {logging_mixin.py:154} INFO - [2025-06-14T23:58:29.097-0400] {example_kubernetes_executor.py:38} WARNING - The example_kubernetes_executor example DAG requires the kubernetes provider. Please install it with: pip install apache-airflow[cncf.kubernetes]
[2025-06-14T23:58:29.098-0400] {processor.py:841} WARNING - No viable dags retrieved from /Users/rah/Desktop/creative_projects/rah_coding_repo/projects/fin_data_project_001/finance-data-project-1/.venv/lib/python3.10/site-packages/airflow/example_dags/example_kubernetes_executor.py
[2025-06-14T23:58:29.149-0400] {processor.py:179} INFO - Processing /Users/rah/Desktop/creative_projects/rah_coding_repo/projects/fin_data_project_001/finance-data-project-1/.venv/lib/python3.10/site-packages/airflow/example_dags/example_kubernetes_executor.py took 0.076 seconds
[2025-06-14T23:59:02.573-0400] {processor.py:157} INFO - Started process (PID=50310) to work on /Users/rah/Desktop/creative_projects/rah_coding_repo/projects/fin_data_project_001/finance-data-project-1/.venv/lib/python3.10/site-packages/airflow/example_dags/example_kubernetes_executor.py
[2025-06-14T23:59:02.576-0400] {processor.py:829} INFO - Processing file /Users/rah/Desktop/creative_projects/rah_coding_repo/projects/fin_data_project_001/finance-data-project-1/.venv/lib/python3.10/site-packages/airflow/example_dags/example_kubernetes_executor.py for tasks to queue
[2025-06-14T23:59:02.576-0400] {logging_mixin.py:154} INFO - [2025-06-14T23:59:02.576-0400] {dagbag.py:536} INFO - Filling up the DagBag from /Users/rah/Desktop/creative_projects/rah_coding_repo/projects/fin_data_project_001/finance-data-project-1/.venv/lib/python3.10/site-packages/airflow/example_dags/example_kubernetes_executor.py
[2025-06-14T23:59:02.598-0400] {logging_mixin.py:154} INFO - [2025-06-14T23:59:02.598-0400] {example_kubernetes_executor.py:38} WARNING - The example_kubernetes_executor example DAG requires the kubernetes provider. Please install it with: pip install apache-airflow[cncf.kubernetes]
[2025-06-14T23:59:02.598-0400] {processor.py:841} WARNING - No viable dags retrieved from /Users/rah/Desktop/creative_projects/rah_coding_repo/projects/fin_data_project_001/finance-data-project-1/.venv/lib/python3.10/site-packages/airflow/example_dags/example_kubernetes_executor.py
[2025-06-14T23:59:02.654-0400] {processor.py:179} INFO - Processing /Users/rah/Desktop/creative_projects/rah_coding_repo/projects/fin_data_project_001/finance-data-project-1/.venv/lib/python3.10/site-packages/airflow/example_dags/example_kubernetes_executor.py took 0.082 seconds
[2025-06-14T23:59:18.006-0400] {processor.py:157} INFO - Started process (PID=50546) to work on /Users/rah/Desktop/creative_projects/rah_coding_repo/projects/fin_data_project_001/finance-data-project-1/.venv/lib/python3.10/site-packages/airflow/example_dags/example_kubernetes_executor.py
[2025-06-14T23:59:18.009-0400] {processor.py:829} INFO - Processing file /Users/rah/Desktop/creative_projects/rah_coding_repo/projects/fin_data_project_001/finance-data-project-1/.venv/lib/python3.10/site-packages/airflow/example_dags/example_kubernetes_executor.py for tasks to queue
[2025-06-14T23:59:18.010-0400] {logging_mixin.py:154} INFO - [2025-06-14T23:59:18.010-0400] {dagbag.py:536} INFO - Filling up the DagBag from /Users/rah/Desktop/creative_projects/rah_coding_repo/projects/fin_data_project_001/finance-data-project-1/.venv/lib/python3.10/site-packages/airflow/example_dags/example_kubernetes_executor.py
[2025-06-14T23:59:18.031-0400] {logging_mixin.py:154} INFO - [2025-06-14T23:59:18.030-0400] {example_kubernetes_executor.py:38} WARNING - The example_kubernetes_executor example DAG requires the kubernetes provider. Please install it with: pip install apache-airflow[cncf.kubernetes]
[2025-06-14T23:59:18.031-0400] {processor.py:841} WARNING - No viable dags retrieved from /Users/rah/Desktop/creative_projects/rah_coding_repo/projects/fin_data_project_001/finance-data-project-1/.venv/lib/python3.10/site-packages/airflow/example_dags/example_kubernetes_executor.py
[2025-06-14T23:59:18.082-0400] {processor.py:179} INFO - Processing /Users/rah/Desktop/creative_projects/rah_coding_repo/projects/fin_data_project_001/finance-data-project-1/.venv/lib/python3.10/site-packages/airflow/example_dags/example_kubernetes_executor.py took 0.076 seconds
[2025-06-14T23:59:50.992-0400] {processor.py:157} INFO - Started process (PID=51034) to work on /Users/rah/Desktop/creative_projects/rah_coding_repo/projects/fin_data_project_001/finance-data-project-1/.venv/lib/python3.10/site-packages/airflow/example_dags/example_kubernetes_executor.py
[2025-06-14T23:59:50.995-0400] {processor.py:829} INFO - Processing file /Users/rah/Desktop/creative_projects/rah_coding_repo/projects/fin_data_project_001/finance-data-project-1/.venv/lib/python3.10/site-packages/airflow/example_dags/example_kubernetes_executor.py for tasks to queue
[2025-06-14T23:59:50.995-0400] {logging_mixin.py:154} INFO - [2025-06-14T23:59:50.995-0400] {dagbag.py:536} INFO - Filling up the DagBag from /Users/rah/Desktop/creative_projects/rah_coding_repo/projects/fin_data_project_001/finance-data-project-1/.venv/lib/python3.10/site-packages/airflow/example_dags/example_kubernetes_executor.py
[2025-06-14T23:59:51.015-0400] {logging_mixin.py:154} INFO - [2025-06-14T23:59:51.015-0400] {example_kubernetes_executor.py:38} WARNING - The example_kubernetes_executor example DAG requires the kubernetes provider. Please install it with: pip install apache-airflow[cncf.kubernetes]
[2025-06-14T23:59:51.015-0400] {processor.py:841} WARNING - No viable dags retrieved from /Users/rah/Desktop/creative_projects/rah_coding_repo/projects/fin_data_project_001/finance-data-project-1/.venv/lib/python3.10/site-packages/airflow/example_dags/example_kubernetes_executor.py
[2025-06-14T23:59:51.065-0400] {processor.py:179} INFO - Processing /Users/rah/Desktop/creative_projects/rah_coding_repo/projects/fin_data_project_001/finance-data-project-1/.venv/lib/python3.10/site-packages/airflow/example_dags/example_kubernetes_executor.py took 0.074 seconds
[2025-06-15T00:00:01.666-0400] {processor.py:157} INFO - Started process (PID=51212) to work on /Users/rah/Desktop/creative_projects/rah_coding_repo/projects/fin_data_project_001/finance-data-project-1/.venv/lib/python3.10/site-packages/airflow/example_dags/example_kubernetes_executor.py
[2025-06-15T00:00:01.668-0400] {processor.py:829} INFO - Processing file /Users/rah/Desktop/creative_projects/rah_coding_repo/projects/fin_data_project_001/finance-data-project-1/.venv/lib/python3.10/site-packages/airflow/example_dags/example_kubernetes_executor.py for tasks to queue
[2025-06-15T00:00:01.668-0400] {logging_mixin.py:154} INFO - [2025-06-15T00:00:01.668-0400] {dagbag.py:536} INFO - Filling up the DagBag from /Users/rah/Desktop/creative_projects/rah_coding_repo/projects/fin_data_project_001/finance-data-project-1/.venv/lib/python3.10/site-packages/airflow/example_dags/example_kubernetes_executor.py
[2025-06-15T00:00:01.688-0400] {logging_mixin.py:154} INFO - [2025-06-15T00:00:01.688-0400] {example_kubernetes_executor.py:38} WARNING - The example_kubernetes_executor example DAG requires the kubernetes provider. Please install it with: pip install apache-airflow[cncf.kubernetes]
[2025-06-15T00:00:01.688-0400] {processor.py:841} WARNING - No viable dags retrieved from /Users/rah/Desktop/creative_projects/rah_coding_repo/projects/fin_data_project_001/finance-data-project-1/.venv/lib/python3.10/site-packages/airflow/example_dags/example_kubernetes_executor.py
[2025-06-15T00:00:01.738-0400] {processor.py:179} INFO - Processing /Users/rah/Desktop/creative_projects/rah_coding_repo/projects/fin_data_project_001/finance-data-project-1/.venv/lib/python3.10/site-packages/airflow/example_dags/example_kubernetes_executor.py took 0.072 seconds
[2025-06-15T00:00:48.224-0400] {processor.py:157} INFO - Started process (PID=51867) to work on /Users/rah/Desktop/creative_projects/rah_coding_repo/projects/fin_data_project_001/finance-data-project-1/.venv/lib/python3.10/site-packages/airflow/example_dags/example_kubernetes_executor.py
[2025-06-15T00:00:48.227-0400] {processor.py:829} INFO - Processing file /Users/rah/Desktop/creative_projects/rah_coding_repo/projects/fin_data_project_001/finance-data-project-1/.venv/lib/python3.10/site-packages/airflow/example_dags/example_kubernetes_executor.py for tasks to queue
[2025-06-15T00:00:48.227-0400] {logging_mixin.py:154} INFO - [2025-06-15T00:00:48.227-0400] {dagbag.py:536} INFO - Filling up the DagBag from /Users/rah/Desktop/creative_projects/rah_coding_repo/projects/fin_data_project_001/finance-data-project-1/.venv/lib/python3.10/site-packages/airflow/example_dags/example_kubernetes_executor.py
[2025-06-15T00:00:48.247-0400] {logging_mixin.py:154} INFO - [2025-06-15T00:00:48.247-0400] {example_kubernetes_executor.py:38} WARNING - The example_kubernetes_executor example DAG requires the kubernetes provider. Please install it with: pip install apache-airflow[cncf.kubernetes]
[2025-06-15T00:00:48.247-0400] {processor.py:841} WARNING - No viable dags retrieved from /Users/rah/Desktop/creative_projects/rah_coding_repo/projects/fin_data_project_001/finance-data-project-1/.venv/lib/python3.10/site-packages/airflow/example_dags/example_kubernetes_executor.py
[2025-06-15T00:00:48.298-0400] {processor.py:179} INFO - Processing /Users/rah/Desktop/creative_projects/rah_coding_repo/projects/fin_data_project_001/finance-data-project-1/.venv/lib/python3.10/site-packages/airflow/example_dags/example_kubernetes_executor.py took 0.075 seconds
[2025-06-15T00:01:02.378-0400] {processor.py:157} INFO - Started process (PID=52152) to work on /Users/rah/Desktop/creative_projects/rah_coding_repo/projects/fin_data_project_001/finance-data-project-1/.venv/lib/python3.10/site-packages/airflow/example_dags/example_kubernetes_executor.py
[2025-06-15T00:01:02.381-0400] {processor.py:829} INFO - Processing file /Users/rah/Desktop/creative_projects/rah_coding_repo/projects/fin_data_project_001/finance-data-project-1/.venv/lib/python3.10/site-packages/airflow/example_dags/example_kubernetes_executor.py for tasks to queue
[2025-06-15T00:01:02.381-0400] {logging_mixin.py:154} INFO - [2025-06-15T00:01:02.381-0400] {dagbag.py:536} INFO - Filling up the DagBag from /Users/rah/Desktop/creative_projects/rah_coding_repo/projects/fin_data_project_001/finance-data-project-1/.venv/lib/python3.10/site-packages/airflow/example_dags/example_kubernetes_executor.py
[2025-06-15T00:01:02.402-0400] {logging_mixin.py:154} INFO - [2025-06-15T00:01:02.401-0400] {example_kubernetes_executor.py:38} WARNING - The example_kubernetes_executor example DAG requires the kubernetes provider. Please install it with: pip install apache-airflow[cncf.kubernetes]
[2025-06-15T00:01:02.402-0400] {processor.py:841} WARNING - No viable dags retrieved from /Users/rah/Desktop/creative_projects/rah_coding_repo/projects/fin_data_project_001/finance-data-project-1/.venv/lib/python3.10/site-packages/airflow/example_dags/example_kubernetes_executor.py
[2025-06-15T00:01:02.454-0400] {processor.py:179} INFO - Processing /Users/rah/Desktop/creative_projects/rah_coding_repo/projects/fin_data_project_001/finance-data-project-1/.venv/lib/python3.10/site-packages/airflow/example_dags/example_kubernetes_executor.py took 0.077 seconds
[2025-06-15T00:01:27.696-0400] {processor.py:157} INFO - Started process (PID=52511) to work on /Users/rah/Desktop/creative_projects/rah_coding_repo/projects/fin_data_project_001/finance-data-project-1/.venv/lib/python3.10/site-packages/airflow/example_dags/example_kubernetes_executor.py
[2025-06-15T00:01:27.698-0400] {processor.py:829} INFO - Processing file /Users/rah/Desktop/creative_projects/rah_coding_repo/projects/fin_data_project_001/finance-data-project-1/.venv/lib/python3.10/site-packages/airflow/example_dags/example_kubernetes_executor.py for tasks to queue
[2025-06-15T00:01:27.698-0400] {logging_mixin.py:154} INFO - [2025-06-15T00:01:27.698-0400] {dagbag.py:536} INFO - Filling up the DagBag from /Users/rah/Desktop/creative_projects/rah_coding_repo/projects/fin_data_project_001/finance-data-project-1/.venv/lib/python3.10/site-packages/airflow/example_dags/example_kubernetes_executor.py
[2025-06-15T00:01:27.720-0400] {logging_mixin.py:154} INFO - [2025-06-15T00:01:27.720-0400] {example_kubernetes_executor.py:38} WARNING - The example_kubernetes_executor example DAG requires the kubernetes provider. Please install it with: pip install apache-airflow[cncf.kubernetes]
[2025-06-15T00:01:27.720-0400] {processor.py:841} WARNING - No viable dags retrieved from /Users/rah/Desktop/creative_projects/rah_coding_repo/projects/fin_data_project_001/finance-data-project-1/.venv/lib/python3.10/site-packages/airflow/example_dags/example_kubernetes_executor.py
[2025-06-15T00:01:27.774-0400] {processor.py:179} INFO - Processing /Users/rah/Desktop/creative_projects/rah_coding_repo/projects/fin_data_project_001/finance-data-project-1/.venv/lib/python3.10/site-packages/airflow/example_dags/example_kubernetes_executor.py took 0.079 seconds
[2025-06-15T00:01:29.732-0400] {processor.py:157} INFO - Started process (PID=52527) to work on /Users/rah/Desktop/creative_projects/rah_coding_repo/projects/fin_data_project_001/finance-data-project-1/.venv/lib/python3.10/site-packages/airflow/example_dags/example_kubernetes_executor.py
[2025-06-15T00:01:29.735-0400] {processor.py:829} INFO - Processing file /Users/rah/Desktop/creative_projects/rah_coding_repo/projects/fin_data_project_001/finance-data-project-1/.venv/lib/python3.10/site-packages/airflow/example_dags/example_kubernetes_executor.py for tasks to queue
[2025-06-15T00:01:29.735-0400] {logging_mixin.py:154} INFO - [2025-06-15T00:01:29.735-0400] {dagbag.py:536} INFO - Filling up the DagBag from /Users/rah/Desktop/creative_projects/rah_coding_repo/projects/fin_data_project_001/finance-data-project-1/.venv/lib/python3.10/site-packages/airflow/example_dags/example_kubernetes_executor.py
[2025-06-15T00:01:29.754-0400] {logging_mixin.py:154} INFO - [2025-06-15T00:01:29.754-0400] {example_kubernetes_executor.py:38} WARNING - The example_kubernetes_executor example DAG requires the kubernetes provider. Please install it with: pip install apache-airflow[cncf.kubernetes]
[2025-06-15T00:01:29.754-0400] {processor.py:841} WARNING - No viable dags retrieved from /Users/rah/Desktop/creative_projects/rah_coding_repo/projects/fin_data_project_001/finance-data-project-1/.venv/lib/python3.10/site-packages/airflow/example_dags/example_kubernetes_executor.py
[2025-06-15T00:01:29.802-0400] {processor.py:179} INFO - Processing /Users/rah/Desktop/creative_projects/rah_coding_repo/projects/fin_data_project_001/finance-data-project-1/.venv/lib/python3.10/site-packages/airflow/example_dags/example_kubernetes_executor.py took 0.070 seconds
[2025-06-15T00:02:21.783-0400] {processor.py:157} INFO - Started process (PID=53338) to work on /Users/rah/Desktop/creative_projects/rah_coding_repo/projects/fin_data_project_001/finance-data-project-1/.venv/lib/python3.10/site-packages/airflow/example_dags/example_kubernetes_executor.py
[2025-06-15T00:02:21.785-0400] {processor.py:829} INFO - Processing file /Users/rah/Desktop/creative_projects/rah_coding_repo/projects/fin_data_project_001/finance-data-project-1/.venv/lib/python3.10/site-packages/airflow/example_dags/example_kubernetes_executor.py for tasks to queue
[2025-06-15T00:02:21.785-0400] {logging_mixin.py:154} INFO - [2025-06-15T00:02:21.785-0400] {dagbag.py:536} INFO - Filling up the DagBag from /Users/rah/Desktop/creative_projects/rah_coding_repo/projects/fin_data_project_001/finance-data-project-1/.venv/lib/python3.10/site-packages/airflow/example_dags/example_kubernetes_executor.py
[2025-06-15T00:02:21.805-0400] {logging_mixin.py:154} INFO - [2025-06-15T00:02:21.805-0400] {example_kubernetes_executor.py:38} WARNING - The example_kubernetes_executor example DAG requires the kubernetes provider. Please install it with: pip install apache-airflow[cncf.kubernetes]
[2025-06-15T00:02:21.805-0400] {processor.py:841} WARNING - No viable dags retrieved from /Users/rah/Desktop/creative_projects/rah_coding_repo/projects/fin_data_project_001/finance-data-project-1/.venv/lib/python3.10/site-packages/airflow/example_dags/example_kubernetes_executor.py
[2025-06-15T00:02:21.856-0400] {processor.py:179} INFO - Processing /Users/rah/Desktop/creative_projects/rah_coding_repo/projects/fin_data_project_001/finance-data-project-1/.venv/lib/python3.10/site-packages/airflow/example_dags/example_kubernetes_executor.py took 0.073 seconds
[2025-06-15T00:07:13.198-0400] {processor.py:157} INFO - Started process (PID=57363) to work on /Users/rah/.pyenv/versions/3.10.11/lib/python3.10/site-packages/airflow/example_dags/example_kubernetes_executor.py
[2025-06-15T00:07:13.202-0400] {processor.py:829} INFO - Processing file /Users/rah/.pyenv/versions/3.10.11/lib/python3.10/site-packages/airflow/example_dags/example_kubernetes_executor.py for tasks to queue
[2025-06-15T00:07:13.202-0400] {logging_mixin.py:154} INFO - [2025-06-15T00:07:13.202-0400] {dagbag.py:536} INFO - Filling up the DagBag from /Users/rah/.pyenv/versions/3.10.11/lib/python3.10/site-packages/airflow/example_dags/example_kubernetes_executor.py
[2025-06-15T00:07:13.247-0400] {processor.py:839} INFO - DAG(s) dict_keys(['example_kubernetes_executor']) retrieved from /Users/rah/.pyenv/versions/3.10.11/lib/python3.10/site-packages/airflow/example_dags/example_kubernetes_executor.py
[2025-06-15T00:07:13.578-0400] {logging_mixin.py:154} INFO - [2025-06-15T00:07:13.578-0400] {dag.py:2941} INFO - Sync 1 DAGs
[2025-06-15T00:07:13.582-0400] {logging_mixin.py:154} INFO - [2025-06-15T00:07:13.582-0400] {dag.py:3722} INFO - Setting next_dagrun for example_kubernetes_executor to None, run_after=None
[2025-06-15T00:07:13.590-0400] {processor.py:179} INFO - Processing /Users/rah/.pyenv/versions/3.10.11/lib/python3.10/site-packages/airflow/example_dags/example_kubernetes_executor.py took 0.392 seconds
[2025-06-15T00:09:06.568-0400] {processor.py:157} INFO - Started process (PID=59320) to work on /Users/rah/.pyenv/versions/3.10.11/lib/python3.10/site-packages/airflow/example_dags/example_kubernetes_executor.py
[2025-06-15T00:09:06.571-0400] {processor.py:829} INFO - Processing file /Users/rah/.pyenv/versions/3.10.11/lib/python3.10/site-packages/airflow/example_dags/example_kubernetes_executor.py for tasks to queue
[2025-06-15T00:09:06.572-0400] {logging_mixin.py:154} INFO - [2025-06-15T00:09:06.571-0400] {dagbag.py:536} INFO - Filling up the DagBag from /Users/rah/.pyenv/versions/3.10.11/lib/python3.10/site-packages/airflow/example_dags/example_kubernetes_executor.py
[2025-06-15T00:09:06.615-0400] {processor.py:839} INFO - DAG(s) dict_keys(['example_kubernetes_executor']) retrieved from /Users/rah/.pyenv/versions/3.10.11/lib/python3.10/site-packages/airflow/example_dags/example_kubernetes_executor.py
[2025-06-15T00:09:06.706-0400] {logging_mixin.py:154} INFO - [2025-06-15T00:09:06.706-0400] {dag.py:2941} INFO - Sync 1 DAGs
[2025-06-15T00:09:06.710-0400] {logging_mixin.py:154} INFO - [2025-06-15T00:09:06.710-0400] {dag.py:3722} INFO - Setting next_dagrun for example_kubernetes_executor to None, run_after=None
[2025-06-15T00:09:06.718-0400] {processor.py:179} INFO - Processing /Users/rah/.pyenv/versions/3.10.11/lib/python3.10/site-packages/airflow/example_dags/example_kubernetes_executor.py took 0.150 seconds
[2025-06-15T00:10:47.243-0400] {processor.py:157} INFO - Started process (PID=60936) to work on /Users/rah/.pyenv/versions/3.10.11/lib/python3.10/site-packages/airflow/example_dags/example_kubernetes_executor.py
[2025-06-15T00:10:47.246-0400] {processor.py:829} INFO - Processing file /Users/rah/.pyenv/versions/3.10.11/lib/python3.10/site-packages/airflow/example_dags/example_kubernetes_executor.py for tasks to queue
[2025-06-15T00:10:47.246-0400] {logging_mixin.py:154} INFO - [2025-06-15T00:10:47.246-0400] {dagbag.py:536} INFO - Filling up the DagBag from /Users/rah/.pyenv/versions/3.10.11/lib/python3.10/site-packages/airflow/example_dags/example_kubernetes_executor.py
[2025-06-15T00:10:47.295-0400] {processor.py:839} INFO - DAG(s) dict_keys(['example_kubernetes_executor']) retrieved from /Users/rah/.pyenv/versions/3.10.11/lib/python3.10/site-packages/airflow/example_dags/example_kubernetes_executor.py
[2025-06-15T00:10:47.398-0400] {logging_mixin.py:154} INFO - [2025-06-15T00:10:47.397-0400] {dag.py:2941} INFO - Sync 1 DAGs
[2025-06-15T00:10:47.402-0400] {logging_mixin.py:154} INFO - [2025-06-15T00:10:47.402-0400] {dag.py:3722} INFO - Setting next_dagrun for example_kubernetes_executor to None, run_after=None
[2025-06-15T00:10:47.411-0400] {processor.py:179} INFO - Processing /Users/rah/.pyenv/versions/3.10.11/lib/python3.10/site-packages/airflow/example_dags/example_kubernetes_executor.py took 0.168 seconds
[2025-06-15T00:12:28.946-0400] {processor.py:157} INFO - Started process (PID=62399) to work on /Users/rah/.pyenv/versions/3.10.11/lib/python3.10/site-packages/airflow/example_dags/example_kubernetes_executor.py
[2025-06-15T00:12:28.949-0400] {processor.py:829} INFO - Processing file /Users/rah/.pyenv/versions/3.10.11/lib/python3.10/site-packages/airflow/example_dags/example_kubernetes_executor.py for tasks to queue
[2025-06-15T00:12:28.949-0400] {logging_mixin.py:154} INFO - [2025-06-15T00:12:28.949-0400] {dagbag.py:536} INFO - Filling up the DagBag from /Users/rah/.pyenv/versions/3.10.11/lib/python3.10/site-packages/airflow/example_dags/example_kubernetes_executor.py
[2025-06-15T00:12:28.993-0400] {processor.py:839} INFO - DAG(s) dict_keys(['example_kubernetes_executor']) retrieved from /Users/rah/.pyenv/versions/3.10.11/lib/python3.10/site-packages/airflow/example_dags/example_kubernetes_executor.py
[2025-06-15T00:12:29.086-0400] {logging_mixin.py:154} INFO - [2025-06-15T00:12:29.086-0400] {dag.py:2941} INFO - Sync 1 DAGs
[2025-06-15T00:12:29.090-0400] {logging_mixin.py:154} INFO - [2025-06-15T00:12:29.090-0400] {dag.py:3722} INFO - Setting next_dagrun for example_kubernetes_executor to None, run_after=None
[2025-06-15T00:12:29.098-0400] {processor.py:179} INFO - Processing /Users/rah/.pyenv/versions/3.10.11/lib/python3.10/site-packages/airflow/example_dags/example_kubernetes_executor.py took 0.152 seconds
[2025-06-15T00:14:11.664-0400] {processor.py:157} INFO - Started process (PID=63941) to work on /Users/rah/.pyenv/versions/3.10.11/lib/python3.10/site-packages/airflow/example_dags/example_kubernetes_executor.py
[2025-06-15T00:14:11.667-0400] {processor.py:829} INFO - Processing file /Users/rah/.pyenv/versions/3.10.11/lib/python3.10/site-packages/airflow/example_dags/example_kubernetes_executor.py for tasks to queue
[2025-06-15T00:14:11.668-0400] {logging_mixin.py:154} INFO - [2025-06-15T00:14:11.668-0400] {dagbag.py:536} INFO - Filling up the DagBag from /Users/rah/.pyenv/versions/3.10.11/lib/python3.10/site-packages/airflow/example_dags/example_kubernetes_executor.py
[2025-06-15T00:14:11.717-0400] {processor.py:839} INFO - DAG(s) dict_keys(['example_kubernetes_executor']) retrieved from /Users/rah/.pyenv/versions/3.10.11/lib/python3.10/site-packages/airflow/example_dags/example_kubernetes_executor.py
[2025-06-15T00:14:11.816-0400] {logging_mixin.py:154} INFO - [2025-06-15T00:14:11.816-0400] {dag.py:2941} INFO - Sync 1 DAGs
[2025-06-15T00:14:11.821-0400] {logging_mixin.py:154} INFO - [2025-06-15T00:14:11.821-0400] {dag.py:3722} INFO - Setting next_dagrun for example_kubernetes_executor to None, run_after=None
[2025-06-15T00:14:11.829-0400] {processor.py:179} INFO - Processing /Users/rah/.pyenv/versions/3.10.11/lib/python3.10/site-packages/airflow/example_dags/example_kubernetes_executor.py took 0.165 seconds
