[2025-06-14T23:49:39.280-0400] {processor.py:157} INFO - Started process (PID=40514) to work on /Users/rah/.pyenv/versions/3.10.11/lib/python3.10/site-packages/airflow/example_dags/example_dynamic_task_mapping.py
[2025-06-14T23:49:39.283-0400] {processor.py:829} INFO - Processing file /Users/rah/.pyenv/versions/3.10.11/lib/python3.10/site-packages/airflow/example_dags/example_dynamic_task_mapping.py for tasks to queue
[2025-06-14T23:49:39.283-0400] {logging_mixin.py:154} INFO - [2025-06-14T23:49:39.283-0400] {dagbag.py:536} INFO - Filling up the DagBag from /Users/rah/.pyenv/versions/3.10.11/lib/python3.10/site-packages/airflow/example_dags/example_dynamic_task_mapping.py
[2025-06-14T23:49:39.325-0400] {processor.py:839} INFO - DAG(s) dict_keys(['example_dynamic_task_mapping']) retrieved from /Users/rah/.pyenv/versions/3.10.11/lib/python3.10/site-packages/airflow/example_dags/example_dynamic_task_mapping.py
[2025-06-14T23:49:39.670-0400] {logging_mixin.py:154} INFO - [2025-06-14T23:49:39.670-0400] {manager.py:499} INFO - Created Permission View: %s
[2025-06-14T23:49:39.673-0400] {logging_mixin.py:154} INFO - [2025-06-14T23:49:39.673-0400] {manager.py:499} INFO - Created Permission View: %s
[2025-06-14T23:49:39.676-0400] {logging_mixin.py:154} INFO - [2025-06-14T23:49:39.675-0400] {manager.py:499} INFO - Created Permission View: %s
[2025-06-14T23:49:39.676-0400] {logging_mixin.py:154} INFO - [2025-06-14T23:49:39.676-0400] {dag.py:2941} INFO - Sync 1 DAGs
[2025-06-14T23:49:39.681-0400] {logging_mixin.py:154} INFO - [2025-06-14T23:49:39.681-0400] {dag.py:2963} INFO - Creating ORM DAG for example_dynamic_task_mapping
[2025-06-14T23:49:39.684-0400] {logging_mixin.py:154} INFO - [2025-06-14T23:49:39.684-0400] {dag.py:3722} INFO - Setting next_dagrun for example_dynamic_task_mapping to 2022-03-04T00:00:00+00:00, run_after=2022-03-05T00:00:00+00:00
[2025-06-14T23:49:39.690-0400] {processor.py:179} INFO - Processing /Users/rah/.pyenv/versions/3.10.11/lib/python3.10/site-packages/airflow/example_dags/example_dynamic_task_mapping.py took 0.410 seconds
[2025-06-14T23:55:51.410-0400] {processor.py:157} INFO - Started process (PID=46271) to work on /Users/rah/Desktop/creative_projects/rah_coding_repo/projects/fin_data_project_001/finance-data-project-1/.venv/lib/python3.10/site-packages/airflow/example_dags/example_dynamic_task_mapping.py
[2025-06-14T23:55:51.413-0400] {processor.py:829} INFO - Processing file /Users/rah/Desktop/creative_projects/rah_coding_repo/projects/fin_data_project_001/finance-data-project-1/.venv/lib/python3.10/site-packages/airflow/example_dags/example_dynamic_task_mapping.py for tasks to queue
[2025-06-14T23:55:51.413-0400] {logging_mixin.py:154} INFO - [2025-06-14T23:55:51.413-0400] {dagbag.py:536} INFO - Filling up the DagBag from /Users/rah/Desktop/creative_projects/rah_coding_repo/projects/fin_data_project_001/finance-data-project-1/.venv/lib/python3.10/site-packages/airflow/example_dags/example_dynamic_task_mapping.py
[2025-06-14T23:55:51.433-0400] {processor.py:839} INFO - DAG(s) dict_keys(['example_dynamic_task_mapping']) retrieved from /Users/rah/Desktop/creative_projects/rah_coding_repo/projects/fin_data_project_001/finance-data-project-1/.venv/lib/python3.10/site-packages/airflow/example_dags/example_dynamic_task_mapping.py
[2025-06-14T23:55:51.524-0400] {logging_mixin.py:154} INFO - [2025-06-14T23:55:51.523-0400] {dag.py:2941} INFO - Sync 1 DAGs
[2025-06-14T23:55:51.530-0400] {logging_mixin.py:154} INFO - [2025-06-14T23:55:51.530-0400] {dag.py:3722} INFO - Setting next_dagrun for example_dynamic_task_mapping to 2022-03-04T00:00:00+00:00, run_after=2022-03-05T00:00:00+00:00
[2025-06-14T23:55:51.538-0400] {processor.py:179} INFO - Processing /Users/rah/Desktop/creative_projects/rah_coding_repo/projects/fin_data_project_001/finance-data-project-1/.venv/lib/python3.10/site-packages/airflow/example_dags/example_dynamic_task_mapping.py took 0.128 seconds
[2025-06-14T23:56:53.366-0400] {processor.py:157} INFO - Started process (PID=48057) to work on /Users/rah/Desktop/creative_projects/rah_coding_repo/projects/fin_data_project_001/finance-data-project-1/.venv/lib/python3.10/site-packages/airflow/example_dags/example_dynamic_task_mapping.py
[2025-06-14T23:56:53.369-0400] {processor.py:829} INFO - Processing file /Users/rah/Desktop/creative_projects/rah_coding_repo/projects/fin_data_project_001/finance-data-project-1/.venv/lib/python3.10/site-packages/airflow/example_dags/example_dynamic_task_mapping.py for tasks to queue
[2025-06-14T23:56:53.369-0400] {logging_mixin.py:154} INFO - [2025-06-14T23:56:53.369-0400] {dagbag.py:536} INFO - Filling up the DagBag from /Users/rah/Desktop/creative_projects/rah_coding_repo/projects/fin_data_project_001/finance-data-project-1/.venv/lib/python3.10/site-packages/airflow/example_dags/example_dynamic_task_mapping.py
[2025-06-14T23:56:53.389-0400] {processor.py:839} INFO - DAG(s) dict_keys(['example_dynamic_task_mapping']) retrieved from /Users/rah/Desktop/creative_projects/rah_coding_repo/projects/fin_data_project_001/finance-data-project-1/.venv/lib/python3.10/site-packages/airflow/example_dags/example_dynamic_task_mapping.py
[2025-06-14T23:56:53.479-0400] {logging_mixin.py:154} INFO - [2025-06-14T23:56:53.479-0400] {dag.py:2941} INFO - Sync 1 DAGs
[2025-06-14T23:56:53.486-0400] {logging_mixin.py:154} INFO - [2025-06-14T23:56:53.486-0400] {dag.py:3722} INFO - Setting next_dagrun for example_dynamic_task_mapping to 2022-03-04T00:00:00+00:00, run_after=2022-03-05T00:00:00+00:00
[2025-06-14T23:56:53.493-0400] {processor.py:179} INFO - Processing /Users/rah/Desktop/creative_projects/rah_coding_repo/projects/fin_data_project_001/finance-data-project-1/.venv/lib/python3.10/site-packages/airflow/example_dags/example_dynamic_task_mapping.py took 0.128 seconds
[2025-06-14T23:57:32.443-0400] {processor.py:157} INFO - Started process (PID=48640) to work on /Users/rah/Desktop/creative_projects/rah_coding_repo/projects/fin_data_project_001/finance-data-project-1/.venv/lib/python3.10/site-packages/airflow/example_dags/example_dynamic_task_mapping.py
[2025-06-14T23:57:32.446-0400] {processor.py:829} INFO - Processing file /Users/rah/Desktop/creative_projects/rah_coding_repo/projects/fin_data_project_001/finance-data-project-1/.venv/lib/python3.10/site-packages/airflow/example_dags/example_dynamic_task_mapping.py for tasks to queue
[2025-06-14T23:57:32.446-0400] {logging_mixin.py:154} INFO - [2025-06-14T23:57:32.446-0400] {dagbag.py:536} INFO - Filling up the DagBag from /Users/rah/Desktop/creative_projects/rah_coding_repo/projects/fin_data_project_001/finance-data-project-1/.venv/lib/python3.10/site-packages/airflow/example_dags/example_dynamic_task_mapping.py
[2025-06-14T23:57:32.468-0400] {processor.py:839} INFO - DAG(s) dict_keys(['example_dynamic_task_mapping']) retrieved from /Users/rah/Desktop/creative_projects/rah_coding_repo/projects/fin_data_project_001/finance-data-project-1/.venv/lib/python3.10/site-packages/airflow/example_dags/example_dynamic_task_mapping.py
[2025-06-14T23:57:32.556-0400] {logging_mixin.py:154} INFO - [2025-06-14T23:57:32.556-0400] {dag.py:2941} INFO - Sync 1 DAGs
[2025-06-14T23:57:32.563-0400] {logging_mixin.py:154} INFO - [2025-06-14T23:57:32.563-0400] {dag.py:3722} INFO - Setting next_dagrun for example_dynamic_task_mapping to 2022-03-04T00:00:00+00:00, run_after=2022-03-05T00:00:00+00:00
[2025-06-14T23:57:32.570-0400] {processor.py:179} INFO - Processing /Users/rah/Desktop/creative_projects/rah_coding_repo/projects/fin_data_project_001/finance-data-project-1/.venv/lib/python3.10/site-packages/airflow/example_dags/example_dynamic_task_mapping.py took 0.128 seconds
[2025-06-14T23:57:45.535-0400] {processor.py:157} INFO - Started process (PID=48796) to work on /Users/rah/Desktop/creative_projects/rah_coding_repo/projects/fin_data_project_001/finance-data-project-1/.venv/lib/python3.10/site-packages/airflow/example_dags/example_dynamic_task_mapping.py
[2025-06-14T23:57:45.537-0400] {processor.py:829} INFO - Processing file /Users/rah/Desktop/creative_projects/rah_coding_repo/projects/fin_data_project_001/finance-data-project-1/.venv/lib/python3.10/site-packages/airflow/example_dags/example_dynamic_task_mapping.py for tasks to queue
[2025-06-14T23:57:45.538-0400] {logging_mixin.py:154} INFO - [2025-06-14T23:57:45.538-0400] {dagbag.py:536} INFO - Filling up the DagBag from /Users/rah/Desktop/creative_projects/rah_coding_repo/projects/fin_data_project_001/finance-data-project-1/.venv/lib/python3.10/site-packages/airflow/example_dags/example_dynamic_task_mapping.py
[2025-06-14T23:57:45.561-0400] {processor.py:839} INFO - DAG(s) dict_keys(['example_dynamic_task_mapping']) retrieved from /Users/rah/Desktop/creative_projects/rah_coding_repo/projects/fin_data_project_001/finance-data-project-1/.venv/lib/python3.10/site-packages/airflow/example_dags/example_dynamic_task_mapping.py
[2025-06-14T23:57:45.656-0400] {logging_mixin.py:154} INFO - [2025-06-14T23:57:45.655-0400] {dag.py:2941} INFO - Sync 1 DAGs
[2025-06-14T23:57:45.663-0400] {logging_mixin.py:154} INFO - [2025-06-14T23:57:45.663-0400] {dag.py:3722} INFO - Setting next_dagrun for example_dynamic_task_mapping to 2022-03-04T00:00:00+00:00, run_after=2022-03-05T00:00:00+00:00
[2025-06-14T23:57:45.671-0400] {processor.py:179} INFO - Processing /Users/rah/Desktop/creative_projects/rah_coding_repo/projects/fin_data_project_001/finance-data-project-1/.venv/lib/python3.10/site-packages/airflow/example_dags/example_dynamic_task_mapping.py took 0.136 seconds
[2025-06-14T23:58:33.949-0400] {processor.py:157} INFO - Started process (PID=49504) to work on /Users/rah/Desktop/creative_projects/rah_coding_repo/projects/fin_data_project_001/finance-data-project-1/.venv/lib/python3.10/site-packages/airflow/example_dags/example_dynamic_task_mapping.py
[2025-06-14T23:58:33.952-0400] {processor.py:829} INFO - Processing file /Users/rah/Desktop/creative_projects/rah_coding_repo/projects/fin_data_project_001/finance-data-project-1/.venv/lib/python3.10/site-packages/airflow/example_dags/example_dynamic_task_mapping.py for tasks to queue
[2025-06-14T23:58:33.952-0400] {logging_mixin.py:154} INFO - [2025-06-14T23:58:33.952-0400] {dagbag.py:536} INFO - Filling up the DagBag from /Users/rah/Desktop/creative_projects/rah_coding_repo/projects/fin_data_project_001/finance-data-project-1/.venv/lib/python3.10/site-packages/airflow/example_dags/example_dynamic_task_mapping.py
[2025-06-14T23:58:33.977-0400] {processor.py:839} INFO - DAG(s) dict_keys(['example_dynamic_task_mapping']) retrieved from /Users/rah/Desktop/creative_projects/rah_coding_repo/projects/fin_data_project_001/finance-data-project-1/.venv/lib/python3.10/site-packages/airflow/example_dags/example_dynamic_task_mapping.py
[2025-06-14T23:58:34.078-0400] {logging_mixin.py:154} INFO - [2025-06-14T23:58:34.078-0400] {dag.py:2941} INFO - Sync 1 DAGs
[2025-06-14T23:58:34.086-0400] {logging_mixin.py:154} INFO - [2025-06-14T23:58:34.086-0400] {dag.py:3722} INFO - Setting next_dagrun for example_dynamic_task_mapping to 2022-03-04T00:00:00+00:00, run_after=2022-03-05T00:00:00+00:00
[2025-06-14T23:58:34.094-0400] {processor.py:179} INFO - Processing /Users/rah/Desktop/creative_projects/rah_coding_repo/projects/fin_data_project_001/finance-data-project-1/.venv/lib/python3.10/site-packages/airflow/example_dags/example_dynamic_task_mapping.py took 0.146 seconds
[2025-06-14T23:59:07.857-0400] {processor.py:157} INFO - Started process (PID=50387) to work on /Users/rah/Desktop/creative_projects/rah_coding_repo/projects/fin_data_project_001/finance-data-project-1/.venv/lib/python3.10/site-packages/airflow/example_dags/example_dynamic_task_mapping.py
[2025-06-14T23:59:07.860-0400] {processor.py:829} INFO - Processing file /Users/rah/Desktop/creative_projects/rah_coding_repo/projects/fin_data_project_001/finance-data-project-1/.venv/lib/python3.10/site-packages/airflow/example_dags/example_dynamic_task_mapping.py for tasks to queue
[2025-06-14T23:59:07.861-0400] {logging_mixin.py:154} INFO - [2025-06-14T23:59:07.861-0400] {dagbag.py:536} INFO - Filling up the DagBag from /Users/rah/Desktop/creative_projects/rah_coding_repo/projects/fin_data_project_001/finance-data-project-1/.venv/lib/python3.10/site-packages/airflow/example_dags/example_dynamic_task_mapping.py
[2025-06-14T23:59:07.884-0400] {processor.py:839} INFO - DAG(s) dict_keys(['example_dynamic_task_mapping']) retrieved from /Users/rah/Desktop/creative_projects/rah_coding_repo/projects/fin_data_project_001/finance-data-project-1/.venv/lib/python3.10/site-packages/airflow/example_dags/example_dynamic_task_mapping.py
[2025-06-14T23:59:07.988-0400] {logging_mixin.py:154} INFO - [2025-06-14T23:59:07.988-0400] {dag.py:2941} INFO - Sync 1 DAGs
[2025-06-14T23:59:07.997-0400] {logging_mixin.py:154} INFO - [2025-06-14T23:59:07.996-0400] {dag.py:3722} INFO - Setting next_dagrun for example_dynamic_task_mapping to 2022-03-04T00:00:00+00:00, run_after=2022-03-05T00:00:00+00:00
[2025-06-14T23:59:08.006-0400] {processor.py:179} INFO - Processing /Users/rah/Desktop/creative_projects/rah_coding_repo/projects/fin_data_project_001/finance-data-project-1/.venv/lib/python3.10/site-packages/airflow/example_dags/example_dynamic_task_mapping.py took 0.149 seconds
[2025-06-14T23:59:23.079-0400] {processor.py:157} INFO - Started process (PID=50571) to work on /Users/rah/Desktop/creative_projects/rah_coding_repo/projects/fin_data_project_001/finance-data-project-1/.venv/lib/python3.10/site-packages/airflow/example_dags/example_dynamic_task_mapping.py
[2025-06-14T23:59:23.081-0400] {processor.py:829} INFO - Processing file /Users/rah/Desktop/creative_projects/rah_coding_repo/projects/fin_data_project_001/finance-data-project-1/.venv/lib/python3.10/site-packages/airflow/example_dags/example_dynamic_task_mapping.py for tasks to queue
[2025-06-14T23:59:23.081-0400] {logging_mixin.py:154} INFO - [2025-06-14T23:59:23.081-0400] {dagbag.py:536} INFO - Filling up the DagBag from /Users/rah/Desktop/creative_projects/rah_coding_repo/projects/fin_data_project_001/finance-data-project-1/.venv/lib/python3.10/site-packages/airflow/example_dags/example_dynamic_task_mapping.py
[2025-06-14T23:59:23.106-0400] {processor.py:839} INFO - DAG(s) dict_keys(['example_dynamic_task_mapping']) retrieved from /Users/rah/Desktop/creative_projects/rah_coding_repo/projects/fin_data_project_001/finance-data-project-1/.venv/lib/python3.10/site-packages/airflow/example_dags/example_dynamic_task_mapping.py
[2025-06-14T23:59:23.204-0400] {logging_mixin.py:154} INFO - [2025-06-14T23:59:23.204-0400] {dag.py:2941} INFO - Sync 1 DAGs
[2025-06-14T23:59:23.212-0400] {logging_mixin.py:154} INFO - [2025-06-14T23:59:23.211-0400] {dag.py:3722} INFO - Setting next_dagrun for example_dynamic_task_mapping to 2022-03-04T00:00:00+00:00, run_after=2022-03-05T00:00:00+00:00
[2025-06-14T23:59:23.219-0400] {processor.py:179} INFO - Processing /Users/rah/Desktop/creative_projects/rah_coding_repo/projects/fin_data_project_001/finance-data-project-1/.venv/lib/python3.10/site-packages/airflow/example_dags/example_dynamic_task_mapping.py took 0.141 seconds
[2025-06-14T23:59:55.039-0400] {processor.py:157} INFO - Started process (PID=51056) to work on /Users/rah/Desktop/creative_projects/rah_coding_repo/projects/fin_data_project_001/finance-data-project-1/.venv/lib/python3.10/site-packages/airflow/example_dags/example_dynamic_task_mapping.py
[2025-06-14T23:59:55.042-0400] {processor.py:829} INFO - Processing file /Users/rah/Desktop/creative_projects/rah_coding_repo/projects/fin_data_project_001/finance-data-project-1/.venv/lib/python3.10/site-packages/airflow/example_dags/example_dynamic_task_mapping.py for tasks to queue
[2025-06-14T23:59:55.042-0400] {logging_mixin.py:154} INFO - [2025-06-14T23:59:55.042-0400] {dagbag.py:536} INFO - Filling up the DagBag from /Users/rah/Desktop/creative_projects/rah_coding_repo/projects/fin_data_project_001/finance-data-project-1/.venv/lib/python3.10/site-packages/airflow/example_dags/example_dynamic_task_mapping.py
[2025-06-14T23:59:55.068-0400] {processor.py:839} INFO - DAG(s) dict_keys(['example_dynamic_task_mapping']) retrieved from /Users/rah/Desktop/creative_projects/rah_coding_repo/projects/fin_data_project_001/finance-data-project-1/.venv/lib/python3.10/site-packages/airflow/example_dags/example_dynamic_task_mapping.py
[2025-06-14T23:59:55.167-0400] {logging_mixin.py:154} INFO - [2025-06-14T23:59:55.167-0400] {dag.py:2941} INFO - Sync 1 DAGs
[2025-06-14T23:59:55.175-0400] {logging_mixin.py:154} INFO - [2025-06-14T23:59:55.175-0400] {dag.py:3722} INFO - Setting next_dagrun for example_dynamic_task_mapping to 2022-03-04T00:00:00+00:00, run_after=2022-03-05T00:00:00+00:00
[2025-06-14T23:59:55.185-0400] {processor.py:179} INFO - Processing /Users/rah/Desktop/creative_projects/rah_coding_repo/projects/fin_data_project_001/finance-data-project-1/.venv/lib/python3.10/site-packages/airflow/example_dags/example_dynamic_task_mapping.py took 0.146 seconds
[2025-06-15T00:00:06.195-0400] {processor.py:157} INFO - Started process (PID=51301) to work on /Users/rah/Desktop/creative_projects/rah_coding_repo/projects/fin_data_project_001/finance-data-project-1/.venv/lib/python3.10/site-packages/airflow/example_dags/example_dynamic_task_mapping.py
[2025-06-15T00:00:06.197-0400] {processor.py:829} INFO - Processing file /Users/rah/Desktop/creative_projects/rah_coding_repo/projects/fin_data_project_001/finance-data-project-1/.venv/lib/python3.10/site-packages/airflow/example_dags/example_dynamic_task_mapping.py for tasks to queue
[2025-06-15T00:00:06.198-0400] {logging_mixin.py:154} INFO - [2025-06-15T00:00:06.198-0400] {dagbag.py:536} INFO - Filling up the DagBag from /Users/rah/Desktop/creative_projects/rah_coding_repo/projects/fin_data_project_001/finance-data-project-1/.venv/lib/python3.10/site-packages/airflow/example_dags/example_dynamic_task_mapping.py
[2025-06-15T00:00:06.222-0400] {processor.py:839} INFO - DAG(s) dict_keys(['example_dynamic_task_mapping']) retrieved from /Users/rah/Desktop/creative_projects/rah_coding_repo/projects/fin_data_project_001/finance-data-project-1/.venv/lib/python3.10/site-packages/airflow/example_dags/example_dynamic_task_mapping.py
[2025-06-15T00:00:06.317-0400] {logging_mixin.py:154} INFO - [2025-06-15T00:00:06.317-0400] {dag.py:2941} INFO - Sync 1 DAGs
[2025-06-15T00:00:06.325-0400] {logging_mixin.py:154} INFO - [2025-06-15T00:00:06.325-0400] {dag.py:3722} INFO - Setting next_dagrun for example_dynamic_task_mapping to 2022-03-04T00:00:00+00:00, run_after=2022-03-05T00:00:00+00:00
[2025-06-15T00:00:06.333-0400] {processor.py:179} INFO - Processing /Users/rah/Desktop/creative_projects/rah_coding_repo/projects/fin_data_project_001/finance-data-project-1/.venv/lib/python3.10/site-packages/airflow/example_dags/example_dynamic_task_mapping.py took 0.139 seconds
[2025-06-15T00:00:52.825-0400] {processor.py:157} INFO - Started process (PID=51997) to work on /Users/rah/Desktop/creative_projects/rah_coding_repo/projects/fin_data_project_001/finance-data-project-1/.venv/lib/python3.10/site-packages/airflow/example_dags/example_dynamic_task_mapping.py
[2025-06-15T00:00:52.828-0400] {processor.py:829} INFO - Processing file /Users/rah/Desktop/creative_projects/rah_coding_repo/projects/fin_data_project_001/finance-data-project-1/.venv/lib/python3.10/site-packages/airflow/example_dags/example_dynamic_task_mapping.py for tasks to queue
[2025-06-15T00:00:52.828-0400] {logging_mixin.py:154} INFO - [2025-06-15T00:00:52.828-0400] {dagbag.py:536} INFO - Filling up the DagBag from /Users/rah/Desktop/creative_projects/rah_coding_repo/projects/fin_data_project_001/finance-data-project-1/.venv/lib/python3.10/site-packages/airflow/example_dags/example_dynamic_task_mapping.py
[2025-06-15T00:00:52.854-0400] {processor.py:839} INFO - DAG(s) dict_keys(['example_dynamic_task_mapping']) retrieved from /Users/rah/Desktop/creative_projects/rah_coding_repo/projects/fin_data_project_001/finance-data-project-1/.venv/lib/python3.10/site-packages/airflow/example_dags/example_dynamic_task_mapping.py
[2025-06-15T00:00:52.954-0400] {logging_mixin.py:154} INFO - [2025-06-15T00:00:52.954-0400] {dag.py:2941} INFO - Sync 1 DAGs
[2025-06-15T00:00:52.962-0400] {logging_mixin.py:154} INFO - [2025-06-15T00:00:52.962-0400] {dag.py:3722} INFO - Setting next_dagrun for example_dynamic_task_mapping to 2022-03-04T00:00:00+00:00, run_after=2022-03-05T00:00:00+00:00
[2025-06-15T00:00:52.971-0400] {processor.py:179} INFO - Processing /Users/rah/Desktop/creative_projects/rah_coding_repo/projects/fin_data_project_001/finance-data-project-1/.venv/lib/python3.10/site-packages/airflow/example_dags/example_dynamic_task_mapping.py took 0.146 seconds
[2025-06-15T00:01:07.618-0400] {processor.py:157} INFO - Started process (PID=52179) to work on /Users/rah/Desktop/creative_projects/rah_coding_repo/projects/fin_data_project_001/finance-data-project-1/.venv/lib/python3.10/site-packages/airflow/example_dags/example_dynamic_task_mapping.py
[2025-06-15T00:01:07.621-0400] {processor.py:829} INFO - Processing file /Users/rah/Desktop/creative_projects/rah_coding_repo/projects/fin_data_project_001/finance-data-project-1/.venv/lib/python3.10/site-packages/airflow/example_dags/example_dynamic_task_mapping.py for tasks to queue
[2025-06-15T00:01:07.621-0400] {logging_mixin.py:154} INFO - [2025-06-15T00:01:07.621-0400] {dagbag.py:536} INFO - Filling up the DagBag from /Users/rah/Desktop/creative_projects/rah_coding_repo/projects/fin_data_project_001/finance-data-project-1/.venv/lib/python3.10/site-packages/airflow/example_dags/example_dynamic_task_mapping.py
[2025-06-15T00:01:07.647-0400] {processor.py:839} INFO - DAG(s) dict_keys(['example_dynamic_task_mapping']) retrieved from /Users/rah/Desktop/creative_projects/rah_coding_repo/projects/fin_data_project_001/finance-data-project-1/.venv/lib/python3.10/site-packages/airflow/example_dags/example_dynamic_task_mapping.py
[2025-06-15T00:01:07.744-0400] {logging_mixin.py:154} INFO - [2025-06-15T00:01:07.744-0400] {dag.py:2941} INFO - Sync 1 DAGs
[2025-06-15T00:01:07.751-0400] {logging_mixin.py:154} INFO - [2025-06-15T00:01:07.751-0400] {dag.py:3722} INFO - Setting next_dagrun for example_dynamic_task_mapping to 2022-03-04T00:00:00+00:00, run_after=2022-03-05T00:00:00+00:00
[2025-06-15T00:01:07.758-0400] {processor.py:179} INFO - Processing /Users/rah/Desktop/creative_projects/rah_coding_repo/projects/fin_data_project_001/finance-data-project-1/.venv/lib/python3.10/site-packages/airflow/example_dags/example_dynamic_task_mapping.py took 0.141 seconds
[2025-06-15T00:01:31.642-0400] {processor.py:157} INFO - Started process (PID=52645) to work on /Users/rah/Desktop/creative_projects/rah_coding_repo/projects/fin_data_project_001/finance-data-project-1/.venv/lib/python3.10/site-packages/airflow/example_dags/example_dynamic_task_mapping.py
[2025-06-15T00:01:31.644-0400] {processor.py:829} INFO - Processing file /Users/rah/Desktop/creative_projects/rah_coding_repo/projects/fin_data_project_001/finance-data-project-1/.venv/lib/python3.10/site-packages/airflow/example_dags/example_dynamic_task_mapping.py for tasks to queue
[2025-06-15T00:01:31.645-0400] {logging_mixin.py:154} INFO - [2025-06-15T00:01:31.645-0400] {dagbag.py:536} INFO - Filling up the DagBag from /Users/rah/Desktop/creative_projects/rah_coding_repo/projects/fin_data_project_001/finance-data-project-1/.venv/lib/python3.10/site-packages/airflow/example_dags/example_dynamic_task_mapping.py
[2025-06-15T00:01:31.667-0400] {processor.py:839} INFO - DAG(s) dict_keys(['example_dynamic_task_mapping']) retrieved from /Users/rah/Desktop/creative_projects/rah_coding_repo/projects/fin_data_project_001/finance-data-project-1/.venv/lib/python3.10/site-packages/airflow/example_dags/example_dynamic_task_mapping.py
[2025-06-15T00:01:31.757-0400] {logging_mixin.py:154} INFO - [2025-06-15T00:01:31.757-0400] {dag.py:2941} INFO - Sync 1 DAGs
[2025-06-15T00:01:31.764-0400] {logging_mixin.py:154} INFO - [2025-06-15T00:01:31.764-0400] {dag.py:3722} INFO - Setting next_dagrun for example_dynamic_task_mapping to 2022-03-04T00:00:00+00:00, run_after=2022-03-05T00:00:00+00:00
[2025-06-15T00:01:31.771-0400] {processor.py:179} INFO - Processing /Users/rah/Desktop/creative_projects/rah_coding_repo/projects/fin_data_project_001/finance-data-project-1/.venv/lib/python3.10/site-packages/airflow/example_dags/example_dynamic_task_mapping.py took 0.130 seconds
[2025-06-15T00:01:34.866-0400] {processor.py:157} INFO - Started process (PID=52659) to work on /Users/rah/Desktop/creative_projects/rah_coding_repo/projects/fin_data_project_001/finance-data-project-1/.venv/lib/python3.10/site-packages/airflow/example_dags/example_dynamic_task_mapping.py
[2025-06-15T00:01:34.868-0400] {processor.py:829} INFO - Processing file /Users/rah/Desktop/creative_projects/rah_coding_repo/projects/fin_data_project_001/finance-data-project-1/.venv/lib/python3.10/site-packages/airflow/example_dags/example_dynamic_task_mapping.py for tasks to queue
[2025-06-15T00:01:34.869-0400] {logging_mixin.py:154} INFO - [2025-06-15T00:01:34.869-0400] {dagbag.py:536} INFO - Filling up the DagBag from /Users/rah/Desktop/creative_projects/rah_coding_repo/projects/fin_data_project_001/finance-data-project-1/.venv/lib/python3.10/site-packages/airflow/example_dags/example_dynamic_task_mapping.py
[2025-06-15T00:01:34.895-0400] {processor.py:839} INFO - DAG(s) dict_keys(['example_dynamic_task_mapping']) retrieved from /Users/rah/Desktop/creative_projects/rah_coding_repo/projects/fin_data_project_001/finance-data-project-1/.venv/lib/python3.10/site-packages/airflow/example_dags/example_dynamic_task_mapping.py
[2025-06-15T00:01:34.992-0400] {logging_mixin.py:154} INFO - [2025-06-15T00:01:34.992-0400] {dag.py:2941} INFO - Sync 1 DAGs
[2025-06-15T00:01:35.000-0400] {logging_mixin.py:154} INFO - [2025-06-15T00:01:35.000-0400] {dag.py:3722} INFO - Setting next_dagrun for example_dynamic_task_mapping to 2022-03-04T00:00:00+00:00, run_after=2022-03-05T00:00:00+00:00
[2025-06-15T00:01:35.009-0400] {processor.py:179} INFO - Processing /Users/rah/Desktop/creative_projects/rah_coding_repo/projects/fin_data_project_001/finance-data-project-1/.venv/lib/python3.10/site-packages/airflow/example_dags/example_dynamic_task_mapping.py took 0.144 seconds
[2025-06-15T00:02:26.918-0400] {processor.py:157} INFO - Started process (PID=53476) to work on /Users/rah/Desktop/creative_projects/rah_coding_repo/projects/fin_data_project_001/finance-data-project-1/.venv/lib/python3.10/site-packages/airflow/example_dags/example_dynamic_task_mapping.py
[2025-06-15T00:02:26.920-0400] {processor.py:829} INFO - Processing file /Users/rah/Desktop/creative_projects/rah_coding_repo/projects/fin_data_project_001/finance-data-project-1/.venv/lib/python3.10/site-packages/airflow/example_dags/example_dynamic_task_mapping.py for tasks to queue
[2025-06-15T00:02:26.921-0400] {logging_mixin.py:154} INFO - [2025-06-15T00:02:26.920-0400] {dagbag.py:536} INFO - Filling up the DagBag from /Users/rah/Desktop/creative_projects/rah_coding_repo/projects/fin_data_project_001/finance-data-project-1/.venv/lib/python3.10/site-packages/airflow/example_dags/example_dynamic_task_mapping.py
[2025-06-15T00:02:26.942-0400] {processor.py:839} INFO - DAG(s) dict_keys(['example_dynamic_task_mapping']) retrieved from /Users/rah/Desktop/creative_projects/rah_coding_repo/projects/fin_data_project_001/finance-data-project-1/.venv/lib/python3.10/site-packages/airflow/example_dags/example_dynamic_task_mapping.py
[2025-06-15T00:02:27.037-0400] {logging_mixin.py:154} INFO - [2025-06-15T00:02:27.037-0400] {dag.py:2941} INFO - Sync 1 DAGs
[2025-06-15T00:02:27.045-0400] {logging_mixin.py:154} INFO - [2025-06-15T00:02:27.044-0400] {dag.py:3722} INFO - Setting next_dagrun for example_dynamic_task_mapping to 2022-03-04T00:00:00+00:00, run_after=2022-03-05T00:00:00+00:00
[2025-06-15T00:02:27.052-0400] {processor.py:179} INFO - Processing /Users/rah/Desktop/creative_projects/rah_coding_repo/projects/fin_data_project_001/finance-data-project-1/.venv/lib/python3.10/site-packages/airflow/example_dags/example_dynamic_task_mapping.py took 0.135 seconds
[2025-06-15T00:07:19.293-0400] {processor.py:157} INFO - Started process (PID=57474) to work on /Users/rah/.pyenv/versions/3.10.11/lib/python3.10/site-packages/airflow/example_dags/example_dynamic_task_mapping.py
[2025-06-15T00:07:19.297-0400] {processor.py:829} INFO - Processing file /Users/rah/.pyenv/versions/3.10.11/lib/python3.10/site-packages/airflow/example_dags/example_dynamic_task_mapping.py for tasks to queue
[2025-06-15T00:07:19.298-0400] {logging_mixin.py:154} INFO - [2025-06-15T00:07:19.298-0400] {dagbag.py:536} INFO - Filling up the DagBag from /Users/rah/.pyenv/versions/3.10.11/lib/python3.10/site-packages/airflow/example_dags/example_dynamic_task_mapping.py
[2025-06-15T00:07:19.341-0400] {processor.py:839} INFO - DAG(s) dict_keys(['example_dynamic_task_mapping']) retrieved from /Users/rah/.pyenv/versions/3.10.11/lib/python3.10/site-packages/airflow/example_dags/example_dynamic_task_mapping.py
[2025-06-15T00:07:19.657-0400] {logging_mixin.py:154} INFO - [2025-06-15T00:07:19.657-0400] {dag.py:2941} INFO - Sync 1 DAGs
[2025-06-15T00:07:19.663-0400] {logging_mixin.py:154} INFO - [2025-06-15T00:07:19.663-0400] {dag.py:3722} INFO - Setting next_dagrun for example_dynamic_task_mapping to 2022-03-04T00:00:00+00:00, run_after=2022-03-05T00:00:00+00:00
[2025-06-15T00:07:19.671-0400] {processor.py:179} INFO - Processing /Users/rah/.pyenv/versions/3.10.11/lib/python3.10/site-packages/airflow/example_dags/example_dynamic_task_mapping.py took 0.378 seconds
[2025-06-15T00:09:11.988-0400] {processor.py:157} INFO - Started process (PID=59453) to work on /Users/rah/.pyenv/versions/3.10.11/lib/python3.10/site-packages/airflow/example_dags/example_dynamic_task_mapping.py
[2025-06-15T00:09:11.991-0400] {processor.py:829} INFO - Processing file /Users/rah/.pyenv/versions/3.10.11/lib/python3.10/site-packages/airflow/example_dags/example_dynamic_task_mapping.py for tasks to queue
[2025-06-15T00:09:11.991-0400] {logging_mixin.py:154} INFO - [2025-06-15T00:09:11.991-0400] {dagbag.py:536} INFO - Filling up the DagBag from /Users/rah/.pyenv/versions/3.10.11/lib/python3.10/site-packages/airflow/example_dags/example_dynamic_task_mapping.py
[2025-06-15T00:09:12.032-0400] {processor.py:839} INFO - DAG(s) dict_keys(['example_dynamic_task_mapping']) retrieved from /Users/rah/.pyenv/versions/3.10.11/lib/python3.10/site-packages/airflow/example_dags/example_dynamic_task_mapping.py
[2025-06-15T00:09:12.121-0400] {logging_mixin.py:154} INFO - [2025-06-15T00:09:12.121-0400] {dag.py:2941} INFO - Sync 1 DAGs
[2025-06-15T00:09:12.127-0400] {logging_mixin.py:154} INFO - [2025-06-15T00:09:12.127-0400] {dag.py:3722} INFO - Setting next_dagrun for example_dynamic_task_mapping to 2022-03-04T00:00:00+00:00, run_after=2022-03-05T00:00:00+00:00
[2025-06-15T00:09:12.135-0400] {processor.py:179} INFO - Processing /Users/rah/.pyenv/versions/3.10.11/lib/python3.10/site-packages/airflow/example_dags/example_dynamic_task_mapping.py took 0.148 seconds
[2025-06-15T00:10:51.958-0400] {processor.py:157} INFO - Started process (PID=60951) to work on /Users/rah/.pyenv/versions/3.10.11/lib/python3.10/site-packages/airflow/example_dags/example_dynamic_task_mapping.py
[2025-06-15T00:10:51.961-0400] {processor.py:829} INFO - Processing file /Users/rah/.pyenv/versions/3.10.11/lib/python3.10/site-packages/airflow/example_dags/example_dynamic_task_mapping.py for tasks to queue
[2025-06-15T00:10:51.961-0400] {logging_mixin.py:154} INFO - [2025-06-15T00:10:51.961-0400] {dagbag.py:536} INFO - Filling up the DagBag from /Users/rah/.pyenv/versions/3.10.11/lib/python3.10/site-packages/airflow/example_dags/example_dynamic_task_mapping.py
[2025-06-15T00:10:52.006-0400] {processor.py:839} INFO - DAG(s) dict_keys(['example_dynamic_task_mapping']) retrieved from /Users/rah/.pyenv/versions/3.10.11/lib/python3.10/site-packages/airflow/example_dags/example_dynamic_task_mapping.py
[2025-06-15T00:10:52.096-0400] {logging_mixin.py:154} INFO - [2025-06-15T00:10:52.095-0400] {dag.py:2941} INFO - Sync 1 DAGs
[2025-06-15T00:10:52.103-0400] {logging_mixin.py:154} INFO - [2025-06-15T00:10:52.102-0400] {dag.py:3722} INFO - Setting next_dagrun for example_dynamic_task_mapping to 2022-03-04T00:00:00+00:00, run_after=2022-03-05T00:00:00+00:00
[2025-06-15T00:10:52.111-0400] {processor.py:179} INFO - Processing /Users/rah/.pyenv/versions/3.10.11/lib/python3.10/site-packages/airflow/example_dags/example_dynamic_task_mapping.py took 0.154 seconds
[2025-06-15T00:12:34.551-0400] {processor.py:157} INFO - Started process (PID=62511) to work on /Users/rah/.pyenv/versions/3.10.11/lib/python3.10/site-packages/airflow/example_dags/example_dynamic_task_mapping.py
[2025-06-15T00:12:34.554-0400] {processor.py:829} INFO - Processing file /Users/rah/.pyenv/versions/3.10.11/lib/python3.10/site-packages/airflow/example_dags/example_dynamic_task_mapping.py for tasks to queue
[2025-06-15T00:12:34.554-0400] {logging_mixin.py:154} INFO - [2025-06-15T00:12:34.554-0400] {dagbag.py:536} INFO - Filling up the DagBag from /Users/rah/.pyenv/versions/3.10.11/lib/python3.10/site-packages/airflow/example_dags/example_dynamic_task_mapping.py
[2025-06-15T00:12:34.597-0400] {processor.py:839} INFO - DAG(s) dict_keys(['example_dynamic_task_mapping']) retrieved from /Users/rah/.pyenv/versions/3.10.11/lib/python3.10/site-packages/airflow/example_dags/example_dynamic_task_mapping.py
[2025-06-15T00:12:34.683-0400] {logging_mixin.py:154} INFO - [2025-06-15T00:12:34.683-0400] {dag.py:2941} INFO - Sync 1 DAGs
[2025-06-15T00:12:34.690-0400] {logging_mixin.py:154} INFO - [2025-06-15T00:12:34.690-0400] {dag.py:3722} INFO - Setting next_dagrun for example_dynamic_task_mapping to 2022-03-04T00:00:00+00:00, run_after=2022-03-05T00:00:00+00:00
[2025-06-15T00:12:34.698-0400] {processor.py:179} INFO - Processing /Users/rah/.pyenv/versions/3.10.11/lib/python3.10/site-packages/airflow/example_dags/example_dynamic_task_mapping.py took 0.147 seconds
[2025-06-15T00:14:16.552-0400] {processor.py:157} INFO - Started process (PID=64057) to work on /Users/rah/.pyenv/versions/3.10.11/lib/python3.10/site-packages/airflow/example_dags/example_dynamic_task_mapping.py
[2025-06-15T00:14:16.555-0400] {processor.py:829} INFO - Processing file /Users/rah/.pyenv/versions/3.10.11/lib/python3.10/site-packages/airflow/example_dags/example_dynamic_task_mapping.py for tasks to queue
[2025-06-15T00:14:16.556-0400] {logging_mixin.py:154} INFO - [2025-06-15T00:14:16.556-0400] {dagbag.py:536} INFO - Filling up the DagBag from /Users/rah/.pyenv/versions/3.10.11/lib/python3.10/site-packages/airflow/example_dags/example_dynamic_task_mapping.py
[2025-06-15T00:14:16.602-0400] {processor.py:839} INFO - DAG(s) dict_keys(['example_dynamic_task_mapping']) retrieved from /Users/rah/.pyenv/versions/3.10.11/lib/python3.10/site-packages/airflow/example_dags/example_dynamic_task_mapping.py
[2025-06-15T00:14:16.697-0400] {logging_mixin.py:154} INFO - [2025-06-15T00:14:16.697-0400] {dag.py:2941} INFO - Sync 1 DAGs
[2025-06-15T00:14:16.704-0400] {logging_mixin.py:154} INFO - [2025-06-15T00:14:16.703-0400] {dag.py:3722} INFO - Setting next_dagrun for example_dynamic_task_mapping to 2022-03-04T00:00:00+00:00, run_after=2022-03-05T00:00:00+00:00
[2025-06-15T00:14:16.712-0400] {processor.py:179} INFO - Processing /Users/rah/.pyenv/versions/3.10.11/lib/python3.10/site-packages/airflow/example_dags/example_dynamic_task_mapping.py took 0.161 seconds
[2025-06-15T00:15:58.830-0400] {processor.py:157} INFO - Started process (PID=66596) to work on /Users/rah/.pyenv/versions/3.10.11/lib/python3.10/site-packages/airflow/example_dags/example_dynamic_task_mapping.py
[2025-06-15T00:15:58.833-0400] {processor.py:829} INFO - Processing file /Users/rah/.pyenv/versions/3.10.11/lib/python3.10/site-packages/airflow/example_dags/example_dynamic_task_mapping.py for tasks to queue
[2025-06-15T00:15:58.833-0400] {logging_mixin.py:154} INFO - [2025-06-15T00:15:58.833-0400] {dagbag.py:536} INFO - Filling up the DagBag from /Users/rah/.pyenv/versions/3.10.11/lib/python3.10/site-packages/airflow/example_dags/example_dynamic_task_mapping.py
[2025-06-15T00:15:58.877-0400] {processor.py:839} INFO - DAG(s) dict_keys(['example_dynamic_task_mapping']) retrieved from /Users/rah/.pyenv/versions/3.10.11/lib/python3.10/site-packages/airflow/example_dags/example_dynamic_task_mapping.py
[2025-06-15T00:15:58.966-0400] {logging_mixin.py:154} INFO - [2025-06-15T00:15:58.966-0400] {dag.py:2941} INFO - Sync 1 DAGs
[2025-06-15T00:15:58.972-0400] {logging_mixin.py:154} INFO - [2025-06-15T00:15:58.972-0400] {dag.py:3722} INFO - Setting next_dagrun for example_dynamic_task_mapping to 2022-03-04T00:00:00+00:00, run_after=2022-03-05T00:00:00+00:00
[2025-06-15T00:15:58.980-0400] {processor.py:179} INFO - Processing /Users/rah/.pyenv/versions/3.10.11/lib/python3.10/site-packages/airflow/example_dags/example_dynamic_task_mapping.py took 0.150 seconds
[2025-06-15T00:17:45.719-0400] {processor.py:157} INFO - Started process (PID=72983) to work on /Users/rah/.pyenv/versions/3.10.11/lib/python3.10/site-packages/airflow/example_dags/example_dynamic_task_mapping.py
[2025-06-15T00:17:45.722-0400] {processor.py:829} INFO - Processing file /Users/rah/.pyenv/versions/3.10.11/lib/python3.10/site-packages/airflow/example_dags/example_dynamic_task_mapping.py for tasks to queue
[2025-06-15T00:17:45.722-0400] {logging_mixin.py:154} INFO - [2025-06-15T00:17:45.722-0400] {dagbag.py:536} INFO - Filling up the DagBag from /Users/rah/.pyenv/versions/3.10.11/lib/python3.10/site-packages/airflow/example_dags/example_dynamic_task_mapping.py
[2025-06-15T00:17:45.763-0400] {processor.py:839} INFO - DAG(s) dict_keys(['example_dynamic_task_mapping']) retrieved from /Users/rah/.pyenv/versions/3.10.11/lib/python3.10/site-packages/airflow/example_dags/example_dynamic_task_mapping.py
[2025-06-15T00:17:45.849-0400] {logging_mixin.py:154} INFO - [2025-06-15T00:17:45.849-0400] {dag.py:2941} INFO - Sync 1 DAGs
[2025-06-15T00:17:45.856-0400] {logging_mixin.py:154} INFO - [2025-06-15T00:17:45.856-0400] {dag.py:3722} INFO - Setting next_dagrun for example_dynamic_task_mapping to 2022-03-04T00:00:00+00:00, run_after=2022-03-05T00:00:00+00:00
[2025-06-15T00:17:45.863-0400] {processor.py:179} INFO - Processing /Users/rah/.pyenv/versions/3.10.11/lib/python3.10/site-packages/airflow/example_dags/example_dynamic_task_mapping.py took 0.145 seconds
