[2025-06-14T23:48:55.311-0400] {processor.py:157} INFO - Started process (PID=40025) to work on /Users/rah/.pyenv/versions/3.10.11/lib/python3.10/site-packages/airflow/example_dags/example_task_group_decorator.py
[2025-06-14T23:48:55.314-0400] {processor.py:829} INFO - Processing file /Users/rah/.pyenv/versions/3.10.11/lib/python3.10/site-packages/airflow/example_dags/example_task_group_decorator.py for tasks to queue
[2025-06-14T23:48:55.314-0400] {logging_mixin.py:154} INFO - [2025-06-14T23:48:55.314-0400] {dagbag.py:536} INFO - Filling up the DagBag from /Users/rah/.pyenv/versions/3.10.11/lib/python3.10/site-packages/airflow/example_dags/example_task_group_decorator.py
[2025-06-14T23:48:55.359-0400] {processor.py:839} INFO - DAG(s) dict_keys(['example_task_group_decorator']) retrieved from /Users/rah/.pyenv/versions/3.10.11/lib/python3.10/site-packages/airflow/example_dags/example_task_group_decorator.py
[2025-06-14T23:48:55.679-0400] {logging_mixin.py:154} INFO - [2025-06-14T23:48:55.679-0400] {manager.py:499} INFO - Created Permission View: %s
[2025-06-14T23:48:55.683-0400] {logging_mixin.py:154} INFO - [2025-06-14T23:48:55.683-0400] {manager.py:499} INFO - Created Permission View: %s
[2025-06-14T23:48:55.685-0400] {logging_mixin.py:154} INFO - [2025-06-14T23:48:55.685-0400] {manager.py:499} INFO - Created Permission View: %s
[2025-06-14T23:48:55.685-0400] {logging_mixin.py:154} INFO - [2025-06-14T23:48:55.685-0400] {dag.py:2941} INFO - Sync 1 DAGs
[2025-06-14T23:48:55.689-0400] {logging_mixin.py:154} INFO - [2025-06-14T23:48:55.689-0400] {dag.py:2963} INFO - Creating ORM DAG for example_task_group_decorator
[2025-06-14T23:48:55.692-0400] {logging_mixin.py:154} INFO - [2025-06-14T23:48:55.692-0400] {dag.py:3722} INFO - Setting next_dagrun for example_task_group_decorator to 2025-06-14T03:48:55.692502+00:00, run_after=2025-06-15T03:48:55.692502+00:00
[2025-06-14T23:48:55.698-0400] {processor.py:179} INFO - Processing /Users/rah/.pyenv/versions/3.10.11/lib/python3.10/site-packages/airflow/example_dags/example_task_group_decorator.py took 0.388 seconds
[2025-06-14T23:50:27.244-0400] {processor.py:157} INFO - Started process (PID=41020) to work on /Users/rah/.pyenv/versions/3.10.11/lib/python3.10/site-packages/airflow/example_dags/example_task_group_decorator.py
[2025-06-14T23:50:27.248-0400] {processor.py:829} INFO - Processing file /Users/rah/.pyenv/versions/3.10.11/lib/python3.10/site-packages/airflow/example_dags/example_task_group_decorator.py for tasks to queue
[2025-06-14T23:50:27.248-0400] {logging_mixin.py:154} INFO - [2025-06-14T23:50:27.248-0400] {dagbag.py:536} INFO - Filling up the DagBag from /Users/rah/.pyenv/versions/3.10.11/lib/python3.10/site-packages/airflow/example_dags/example_task_group_decorator.py
[2025-06-14T23:50:27.293-0400] {processor.py:839} INFO - DAG(s) dict_keys(['example_task_group_decorator']) retrieved from /Users/rah/.pyenv/versions/3.10.11/lib/python3.10/site-packages/airflow/example_dags/example_task_group_decorator.py
[2025-06-14T23:50:27.380-0400] {logging_mixin.py:154} INFO - [2025-06-14T23:50:27.380-0400] {dag.py:2941} INFO - Sync 1 DAGs
[2025-06-14T23:50:27.387-0400] {logging_mixin.py:154} INFO - [2025-06-14T23:50:27.387-0400] {dag.py:3722} INFO - Setting next_dagrun for example_task_group_decorator to 2025-06-14T03:50:27.386950+00:00, run_after=2025-06-15T03:50:27.386950+00:00
[2025-06-14T23:50:27.395-0400] {processor.py:179} INFO - Processing /Users/rah/.pyenv/versions/3.10.11/lib/python3.10/site-packages/airflow/example_dags/example_task_group_decorator.py took 0.151 seconds
[2025-06-14T23:55:13.283-0400] {processor.py:157} INFO - Started process (PID=45752) to work on /Users/rah/Desktop/creative_projects/rah_coding_repo/projects/fin_data_project_001/finance-data-project-1/.venv/lib/python3.10/site-packages/airflow/example_dags/example_task_group_decorator.py
[2025-06-14T23:55:13.286-0400] {processor.py:829} INFO - Processing file /Users/rah/Desktop/creative_projects/rah_coding_repo/projects/fin_data_project_001/finance-data-project-1/.venv/lib/python3.10/site-packages/airflow/example_dags/example_task_group_decorator.py for tasks to queue
[2025-06-14T23:55:13.286-0400] {logging_mixin.py:154} INFO - [2025-06-14T23:55:13.286-0400] {dagbag.py:536} INFO - Filling up the DagBag from /Users/rah/Desktop/creative_projects/rah_coding_repo/projects/fin_data_project_001/finance-data-project-1/.venv/lib/python3.10/site-packages/airflow/example_dags/example_task_group_decorator.py
[2025-06-14T23:55:13.312-0400] {processor.py:839} INFO - DAG(s) dict_keys(['example_task_group_decorator']) retrieved from /Users/rah/Desktop/creative_projects/rah_coding_repo/projects/fin_data_project_001/finance-data-project-1/.venv/lib/python3.10/site-packages/airflow/example_dags/example_task_group_decorator.py
[2025-06-14T23:55:13.420-0400] {logging_mixin.py:154} INFO - [2025-06-14T23:55:13.420-0400] {dag.py:2941} INFO - Sync 1 DAGs
[2025-06-14T23:55:13.427-0400] {logging_mixin.py:154} INFO - [2025-06-14T23:55:13.427-0400] {dag.py:3722} INFO - Setting next_dagrun for example_task_group_decorator to 2025-06-14T03:55:13.427251+00:00, run_after=2025-06-15T03:55:13.427251+00:00
[2025-06-14T23:55:13.436-0400] {processor.py:179} INFO - Processing /Users/rah/Desktop/creative_projects/rah_coding_repo/projects/fin_data_project_001/finance-data-project-1/.venv/lib/python3.10/site-packages/airflow/example_dags/example_task_group_decorator.py took 0.153 seconds
[2025-06-14T23:56:16.368-0400] {processor.py:157} INFO - Started process (PID=47072) to work on /Users/rah/Desktop/creative_projects/rah_coding_repo/projects/fin_data_project_001/finance-data-project-1/.venv/lib/python3.10/site-packages/airflow/example_dags/example_task_group_decorator.py
[2025-06-14T23:56:16.371-0400] {processor.py:829} INFO - Processing file /Users/rah/Desktop/creative_projects/rah_coding_repo/projects/fin_data_project_001/finance-data-project-1/.venv/lib/python3.10/site-packages/airflow/example_dags/example_task_group_decorator.py for tasks to queue
[2025-06-14T23:56:16.371-0400] {logging_mixin.py:154} INFO - [2025-06-14T23:56:16.371-0400] {dagbag.py:536} INFO - Filling up the DagBag from /Users/rah/Desktop/creative_projects/rah_coding_repo/projects/fin_data_project_001/finance-data-project-1/.venv/lib/python3.10/site-packages/airflow/example_dags/example_task_group_decorator.py
[2025-06-14T23:56:16.395-0400] {processor.py:839} INFO - DAG(s) dict_keys(['example_task_group_decorator']) retrieved from /Users/rah/Desktop/creative_projects/rah_coding_repo/projects/fin_data_project_001/finance-data-project-1/.venv/lib/python3.10/site-packages/airflow/example_dags/example_task_group_decorator.py
[2025-06-14T23:56:16.491-0400] {logging_mixin.py:154} INFO - [2025-06-14T23:56:16.491-0400] {dag.py:2941} INFO - Sync 1 DAGs
[2025-06-14T23:56:16.497-0400] {logging_mixin.py:154} INFO - [2025-06-14T23:56:16.497-0400] {dag.py:3722} INFO - Setting next_dagrun for example_task_group_decorator to 2025-06-14T03:56:16.497790+00:00, run_after=2025-06-15T03:56:16.497790+00:00
[2025-06-14T23:56:16.505-0400] {processor.py:179} INFO - Processing /Users/rah/Desktop/creative_projects/rah_coding_repo/projects/fin_data_project_001/finance-data-project-1/.venv/lib/python3.10/site-packages/airflow/example_dags/example_task_group_decorator.py took 0.137 seconds
[2025-06-14T23:56:35.399-0400] {processor.py:157} INFO - Started process (PID=47478) to work on /Users/rah/Desktop/creative_projects/rah_coding_repo/projects/fin_data_project_001/finance-data-project-1/.venv/lib/python3.10/site-packages/airflow/example_dags/example_task_group_decorator.py
[2025-06-14T23:56:35.401-0400] {processor.py:829} INFO - Processing file /Users/rah/Desktop/creative_projects/rah_coding_repo/projects/fin_data_project_001/finance-data-project-1/.venv/lib/python3.10/site-packages/airflow/example_dags/example_task_group_decorator.py for tasks to queue
[2025-06-14T23:56:35.401-0400] {logging_mixin.py:154} INFO - [2025-06-14T23:56:35.401-0400] {dagbag.py:536} INFO - Filling up the DagBag from /Users/rah/Desktop/creative_projects/rah_coding_repo/projects/fin_data_project_001/finance-data-project-1/.venv/lib/python3.10/site-packages/airflow/example_dags/example_task_group_decorator.py
[2025-06-14T23:56:35.428-0400] {processor.py:839} INFO - DAG(s) dict_keys(['example_task_group_decorator']) retrieved from /Users/rah/Desktop/creative_projects/rah_coding_repo/projects/fin_data_project_001/finance-data-project-1/.venv/lib/python3.10/site-packages/airflow/example_dags/example_task_group_decorator.py
[2025-06-14T23:56:35.527-0400] {logging_mixin.py:154} INFO - [2025-06-14T23:56:35.527-0400] {dag.py:2941} INFO - Sync 1 DAGs
[2025-06-14T23:56:35.534-0400] {logging_mixin.py:154} INFO - [2025-06-14T23:56:35.534-0400] {dag.py:3722} INFO - Setting next_dagrun for example_task_group_decorator to 2025-06-14T03:56:35.534416+00:00, run_after=2025-06-15T03:56:35.534416+00:00
[2025-06-14T23:56:35.544-0400] {processor.py:179} INFO - Processing /Users/rah/Desktop/creative_projects/rah_coding_repo/projects/fin_data_project_001/finance-data-project-1/.venv/lib/python3.10/site-packages/airflow/example_dags/example_task_group_decorator.py took 0.146 seconds
[2025-06-14T23:57:09.017-0400] {processor.py:157} INFO - Started process (PID=48337) to work on /Users/rah/Desktop/creative_projects/rah_coding_repo/projects/fin_data_project_001/finance-data-project-1/.venv/lib/python3.10/site-packages/airflow/example_dags/example_task_group_decorator.py
[2025-06-14T23:57:09.020-0400] {processor.py:829} INFO - Processing file /Users/rah/Desktop/creative_projects/rah_coding_repo/projects/fin_data_project_001/finance-data-project-1/.venv/lib/python3.10/site-packages/airflow/example_dags/example_task_group_decorator.py for tasks to queue
[2025-06-14T23:57:09.021-0400] {logging_mixin.py:154} INFO - [2025-06-14T23:57:09.021-0400] {dagbag.py:536} INFO - Filling up the DagBag from /Users/rah/Desktop/creative_projects/rah_coding_repo/projects/fin_data_project_001/finance-data-project-1/.venv/lib/python3.10/site-packages/airflow/example_dags/example_task_group_decorator.py
[2025-06-14T23:57:09.047-0400] {processor.py:839} INFO - DAG(s) dict_keys(['example_task_group_decorator']) retrieved from /Users/rah/Desktop/creative_projects/rah_coding_repo/projects/fin_data_project_001/finance-data-project-1/.venv/lib/python3.10/site-packages/airflow/example_dags/example_task_group_decorator.py
[2025-06-14T23:57:09.150-0400] {logging_mixin.py:154} INFO - [2025-06-14T23:57:09.150-0400] {dag.py:2941} INFO - Sync 1 DAGs
[2025-06-14T23:57:09.158-0400] {logging_mixin.py:154} INFO - [2025-06-14T23:57:09.157-0400] {dag.py:3722} INFO - Setting next_dagrun for example_task_group_decorator to 2025-06-14T03:57:09.157864+00:00, run_after=2025-06-15T03:57:09.157864+00:00
[2025-06-14T23:57:09.166-0400] {processor.py:179} INFO - Processing /Users/rah/Desktop/creative_projects/rah_coding_repo/projects/fin_data_project_001/finance-data-project-1/.venv/lib/python3.10/site-packages/airflow/example_dags/example_task_group_decorator.py took 0.150 seconds
[2025-06-14T23:57:37.325-0400] {processor.py:157} INFO - Started process (PID=48658) to work on /Users/rah/Desktop/creative_projects/rah_coding_repo/projects/fin_data_project_001/finance-data-project-1/.venv/lib/python3.10/site-packages/airflow/example_dags/example_task_group_decorator.py
[2025-06-14T23:57:37.327-0400] {processor.py:829} INFO - Processing file /Users/rah/Desktop/creative_projects/rah_coding_repo/projects/fin_data_project_001/finance-data-project-1/.venv/lib/python3.10/site-packages/airflow/example_dags/example_task_group_decorator.py for tasks to queue
[2025-06-14T23:57:37.327-0400] {logging_mixin.py:154} INFO - [2025-06-14T23:57:37.327-0400] {dagbag.py:536} INFO - Filling up the DagBag from /Users/rah/Desktop/creative_projects/rah_coding_repo/projects/fin_data_project_001/finance-data-project-1/.venv/lib/python3.10/site-packages/airflow/example_dags/example_task_group_decorator.py
[2025-06-14T23:57:37.354-0400] {processor.py:839} INFO - DAG(s) dict_keys(['example_task_group_decorator']) retrieved from /Users/rah/Desktop/creative_projects/rah_coding_repo/projects/fin_data_project_001/finance-data-project-1/.venv/lib/python3.10/site-packages/airflow/example_dags/example_task_group_decorator.py
[2025-06-14T23:57:37.454-0400] {logging_mixin.py:154} INFO - [2025-06-14T23:57:37.454-0400] {dag.py:2941} INFO - Sync 1 DAGs
[2025-06-14T23:57:37.461-0400] {logging_mixin.py:154} INFO - [2025-06-14T23:57:37.461-0400] {dag.py:3722} INFO - Setting next_dagrun for example_task_group_decorator to 2025-06-14T03:57:37.461793+00:00, run_after=2025-06-15T03:57:37.461793+00:00
[2025-06-14T23:57:37.470-0400] {processor.py:179} INFO - Processing /Users/rah/Desktop/creative_projects/rah_coding_repo/projects/fin_data_project_001/finance-data-project-1/.venv/lib/python3.10/site-packages/airflow/example_dags/example_task_group_decorator.py took 0.146 seconds
[2025-06-14T23:58:09.450-0400] {processor.py:157} INFO - Started process (PID=49093) to work on /Users/rah/Desktop/creative_projects/rah_coding_repo/projects/fin_data_project_001/finance-data-project-1/.venv/lib/python3.10/site-packages/airflow/example_dags/example_task_group_decorator.py
[2025-06-14T23:58:09.452-0400] {processor.py:829} INFO - Processing file /Users/rah/Desktop/creative_projects/rah_coding_repo/projects/fin_data_project_001/finance-data-project-1/.venv/lib/python3.10/site-packages/airflow/example_dags/example_task_group_decorator.py for tasks to queue
[2025-06-14T23:58:09.453-0400] {logging_mixin.py:154} INFO - [2025-06-14T23:58:09.453-0400] {dagbag.py:536} INFO - Filling up the DagBag from /Users/rah/Desktop/creative_projects/rah_coding_repo/projects/fin_data_project_001/finance-data-project-1/.venv/lib/python3.10/site-packages/airflow/example_dags/example_task_group_decorator.py
[2025-06-14T23:58:09.480-0400] {processor.py:839} INFO - DAG(s) dict_keys(['example_task_group_decorator']) retrieved from /Users/rah/Desktop/creative_projects/rah_coding_repo/projects/fin_data_project_001/finance-data-project-1/.venv/lib/python3.10/site-packages/airflow/example_dags/example_task_group_decorator.py
[2025-06-14T23:58:09.581-0400] {logging_mixin.py:154} INFO - [2025-06-14T23:58:09.581-0400] {dag.py:2941} INFO - Sync 1 DAGs
[2025-06-14T23:58:09.588-0400] {logging_mixin.py:154} INFO - [2025-06-14T23:58:09.588-0400] {dag.py:3722} INFO - Setting next_dagrun for example_task_group_decorator to 2025-06-14T03:58:09.588127+00:00, run_after=2025-06-15T03:58:09.588127+00:00
[2025-06-14T23:58:09.596-0400] {processor.py:179} INFO - Processing /Users/rah/Desktop/creative_projects/rah_coding_repo/projects/fin_data_project_001/finance-data-project-1/.venv/lib/python3.10/site-packages/airflow/example_dags/example_task_group_decorator.py took 0.147 seconds
[2025-06-14T23:58:27.062-0400] {processor.py:157} INFO - Started process (PID=49371) to work on /Users/rah/Desktop/creative_projects/rah_coding_repo/projects/fin_data_project_001/finance-data-project-1/.venv/lib/python3.10/site-packages/airflow/example_dags/example_task_group_decorator.py
[2025-06-14T23:58:27.065-0400] {processor.py:829} INFO - Processing file /Users/rah/Desktop/creative_projects/rah_coding_repo/projects/fin_data_project_001/finance-data-project-1/.venv/lib/python3.10/site-packages/airflow/example_dags/example_task_group_decorator.py for tasks to queue
[2025-06-14T23:58:27.065-0400] {logging_mixin.py:154} INFO - [2025-06-14T23:58:27.065-0400] {dagbag.py:536} INFO - Filling up the DagBag from /Users/rah/Desktop/creative_projects/rah_coding_repo/projects/fin_data_project_001/finance-data-project-1/.venv/lib/python3.10/site-packages/airflow/example_dags/example_task_group_decorator.py
[2025-06-14T23:58:27.091-0400] {processor.py:839} INFO - DAG(s) dict_keys(['example_task_group_decorator']) retrieved from /Users/rah/Desktop/creative_projects/rah_coding_repo/projects/fin_data_project_001/finance-data-project-1/.venv/lib/python3.10/site-packages/airflow/example_dags/example_task_group_decorator.py
[2025-06-14T23:58:27.191-0400] {logging_mixin.py:154} INFO - [2025-06-14T23:58:27.191-0400] {dag.py:2941} INFO - Sync 1 DAGs
[2025-06-14T23:58:27.199-0400] {logging_mixin.py:154} INFO - [2025-06-14T23:58:27.199-0400] {dag.py:3722} INFO - Setting next_dagrun for example_task_group_decorator to 2025-06-14T03:58:27.199005+00:00, run_after=2025-06-15T03:58:27.199005+00:00
[2025-06-14T23:58:27.208-0400] {processor.py:179} INFO - Processing /Users/rah/Desktop/creative_projects/rah_coding_repo/projects/fin_data_project_001/finance-data-project-1/.venv/lib/python3.10/site-packages/airflow/example_dags/example_task_group_decorator.py took 0.147 seconds
[2025-06-14T23:59:11.993-0400] {processor.py:157} INFO - Started process (PID=50408) to work on /Users/rah/Desktop/creative_projects/rah_coding_repo/projects/fin_data_project_001/finance-data-project-1/.venv/lib/python3.10/site-packages/airflow/example_dags/example_task_group_decorator.py
[2025-06-14T23:59:11.996-0400] {processor.py:829} INFO - Processing file /Users/rah/Desktop/creative_projects/rah_coding_repo/projects/fin_data_project_001/finance-data-project-1/.venv/lib/python3.10/site-packages/airflow/example_dags/example_task_group_decorator.py for tasks to queue
[2025-06-14T23:59:11.996-0400] {logging_mixin.py:154} INFO - [2025-06-14T23:59:11.996-0400] {dagbag.py:536} INFO - Filling up the DagBag from /Users/rah/Desktop/creative_projects/rah_coding_repo/projects/fin_data_project_001/finance-data-project-1/.venv/lib/python3.10/site-packages/airflow/example_dags/example_task_group_decorator.py
[2025-06-14T23:59:12.023-0400] {processor.py:839} INFO - DAG(s) dict_keys(['example_task_group_decorator']) retrieved from /Users/rah/Desktop/creative_projects/rah_coding_repo/projects/fin_data_project_001/finance-data-project-1/.venv/lib/python3.10/site-packages/airflow/example_dags/example_task_group_decorator.py
[2025-06-14T23:59:12.120-0400] {logging_mixin.py:154} INFO - [2025-06-14T23:59:12.120-0400] {dag.py:2941} INFO - Sync 1 DAGs
[2025-06-14T23:59:12.127-0400] {logging_mixin.py:154} INFO - [2025-06-14T23:59:12.126-0400] {dag.py:3722} INFO - Setting next_dagrun for example_task_group_decorator to 2025-06-14T03:59:12.126898+00:00, run_after=2025-06-15T03:59:12.126898+00:00
[2025-06-14T23:59:12.134-0400] {processor.py:179} INFO - Processing /Users/rah/Desktop/creative_projects/rah_coding_repo/projects/fin_data_project_001/finance-data-project-1/.venv/lib/python3.10/site-packages/airflow/example_dags/example_task_group_decorator.py took 0.142 seconds
[2025-06-14T23:59:14.723-0400] {processor.py:157} INFO - Started process (PID=50525) to work on /Users/rah/Desktop/creative_projects/rah_coding_repo/projects/fin_data_project_001/finance-data-project-1/.venv/lib/python3.10/site-packages/airflow/example_dags/example_task_group_decorator.py
[2025-06-14T23:59:14.726-0400] {processor.py:829} INFO - Processing file /Users/rah/Desktop/creative_projects/rah_coding_repo/projects/fin_data_project_001/finance-data-project-1/.venv/lib/python3.10/site-packages/airflow/example_dags/example_task_group_decorator.py for tasks to queue
[2025-06-14T23:59:14.726-0400] {logging_mixin.py:154} INFO - [2025-06-14T23:59:14.726-0400] {dagbag.py:536} INFO - Filling up the DagBag from /Users/rah/Desktop/creative_projects/rah_coding_repo/projects/fin_data_project_001/finance-data-project-1/.venv/lib/python3.10/site-packages/airflow/example_dags/example_task_group_decorator.py
[2025-06-14T23:59:14.757-0400] {processor.py:839} INFO - DAG(s) dict_keys(['example_task_group_decorator']) retrieved from /Users/rah/Desktop/creative_projects/rah_coding_repo/projects/fin_data_project_001/finance-data-project-1/.venv/lib/python3.10/site-packages/airflow/example_dags/example_task_group_decorator.py
[2025-06-14T23:59:14.871-0400] {logging_mixin.py:154} INFO - [2025-06-14T23:59:14.871-0400] {dag.py:2941} INFO - Sync 1 DAGs
[2025-06-14T23:59:14.879-0400] {logging_mixin.py:154} INFO - [2025-06-14T23:59:14.879-0400] {dag.py:3722} INFO - Setting next_dagrun for example_task_group_decorator to 2025-06-14T03:59:14.879017+00:00, run_after=2025-06-15T03:59:14.879017+00:00
[2025-06-14T23:59:14.888-0400] {processor.py:179} INFO - Processing /Users/rah/Desktop/creative_projects/rah_coding_repo/projects/fin_data_project_001/finance-data-project-1/.venv/lib/python3.10/site-packages/airflow/example_dags/example_task_group_decorator.py took 0.166 seconds
[2025-06-14T23:59:52.771-0400] {processor.py:157} INFO - Started process (PID=51043) to work on /Users/rah/Desktop/creative_projects/rah_coding_repo/projects/fin_data_project_001/finance-data-project-1/.venv/lib/python3.10/site-packages/airflow/example_dags/example_task_group_decorator.py
[2025-06-14T23:59:52.774-0400] {processor.py:829} INFO - Processing file /Users/rah/Desktop/creative_projects/rah_coding_repo/projects/fin_data_project_001/finance-data-project-1/.venv/lib/python3.10/site-packages/airflow/example_dags/example_task_group_decorator.py for tasks to queue
[2025-06-14T23:59:52.774-0400] {logging_mixin.py:154} INFO - [2025-06-14T23:59:52.774-0400] {dagbag.py:536} INFO - Filling up the DagBag from /Users/rah/Desktop/creative_projects/rah_coding_repo/projects/fin_data_project_001/finance-data-project-1/.venv/lib/python3.10/site-packages/airflow/example_dags/example_task_group_decorator.py
[2025-06-14T23:59:52.800-0400] {processor.py:839} INFO - DAG(s) dict_keys(['example_task_group_decorator']) retrieved from /Users/rah/Desktop/creative_projects/rah_coding_repo/projects/fin_data_project_001/finance-data-project-1/.venv/lib/python3.10/site-packages/airflow/example_dags/example_task_group_decorator.py
[2025-06-14T23:59:52.899-0400] {logging_mixin.py:154} INFO - [2025-06-14T23:59:52.899-0400] {dag.py:2941} INFO - Sync 1 DAGs
[2025-06-14T23:59:52.906-0400] {logging_mixin.py:154} INFO - [2025-06-14T23:59:52.906-0400] {dag.py:3722} INFO - Setting next_dagrun for example_task_group_decorator to 2025-06-14T03:59:52.906514+00:00, run_after=2025-06-15T03:59:52.906514+00:00
[2025-06-14T23:59:52.914-0400] {processor.py:179} INFO - Processing /Users/rah/Desktop/creative_projects/rah_coding_repo/projects/fin_data_project_001/finance-data-project-1/.venv/lib/python3.10/site-packages/airflow/example_dags/example_task_group_decorator.py took 0.144 seconds
[2025-06-15T00:00:07.703-0400] {processor.py:157} INFO - Started process (PID=51353) to work on /Users/rah/Desktop/creative_projects/rah_coding_repo/projects/fin_data_project_001/finance-data-project-1/.venv/lib/python3.10/site-packages/airflow/example_dags/example_task_group_decorator.py
[2025-06-15T00:00:07.706-0400] {processor.py:829} INFO - Processing file /Users/rah/Desktop/creative_projects/rah_coding_repo/projects/fin_data_project_001/finance-data-project-1/.venv/lib/python3.10/site-packages/airflow/example_dags/example_task_group_decorator.py for tasks to queue
[2025-06-15T00:00:07.706-0400] {logging_mixin.py:154} INFO - [2025-06-15T00:00:07.706-0400] {dagbag.py:536} INFO - Filling up the DagBag from /Users/rah/Desktop/creative_projects/rah_coding_repo/projects/fin_data_project_001/finance-data-project-1/.venv/lib/python3.10/site-packages/airflow/example_dags/example_task_group_decorator.py
[2025-06-15T00:00:07.732-0400] {processor.py:839} INFO - DAG(s) dict_keys(['example_task_group_decorator']) retrieved from /Users/rah/Desktop/creative_projects/rah_coding_repo/projects/fin_data_project_001/finance-data-project-1/.venv/lib/python3.10/site-packages/airflow/example_dags/example_task_group_decorator.py
[2025-06-15T00:00:07.833-0400] {logging_mixin.py:154} INFO - [2025-06-15T00:00:07.832-0400] {dag.py:2941} INFO - Sync 1 DAGs
[2025-06-15T00:00:07.840-0400] {logging_mixin.py:154} INFO - [2025-06-15T00:00:07.839-0400] {dag.py:3722} INFO - Setting next_dagrun for example_task_group_decorator to 2025-06-14T04:00:07.839849+00:00, run_after=2025-06-15T04:00:07.839849+00:00
[2025-06-15T00:00:07.847-0400] {processor.py:179} INFO - Processing /Users/rah/Desktop/creative_projects/rah_coding_repo/projects/fin_data_project_001/finance-data-project-1/.venv/lib/python3.10/site-packages/airflow/example_dags/example_task_group_decorator.py took 0.145 seconds
[2025-06-15T00:00:38.609-0400] {processor.py:157} INFO - Started process (PID=51819) to work on /Users/rah/Desktop/creative_projects/rah_coding_repo/projects/fin_data_project_001/finance-data-project-1/.venv/lib/python3.10/site-packages/airflow/example_dags/example_task_group_decorator.py
[2025-06-15T00:00:38.612-0400] {processor.py:829} INFO - Processing file /Users/rah/Desktop/creative_projects/rah_coding_repo/projects/fin_data_project_001/finance-data-project-1/.venv/lib/python3.10/site-packages/airflow/example_dags/example_task_group_decorator.py for tasks to queue
[2025-06-15T00:00:38.613-0400] {logging_mixin.py:154} INFO - [2025-06-15T00:00:38.613-0400] {dagbag.py:536} INFO - Filling up the DagBag from /Users/rah/Desktop/creative_projects/rah_coding_repo/projects/fin_data_project_001/finance-data-project-1/.venv/lib/python3.10/site-packages/airflow/example_dags/example_task_group_decorator.py
[2025-06-15T00:00:38.640-0400] {processor.py:839} INFO - DAG(s) dict_keys(['example_task_group_decorator']) retrieved from /Users/rah/Desktop/creative_projects/rah_coding_repo/projects/fin_data_project_001/finance-data-project-1/.venv/lib/python3.10/site-packages/airflow/example_dags/example_task_group_decorator.py
[2025-06-15T00:00:38.740-0400] {logging_mixin.py:154} INFO - [2025-06-15T00:00:38.740-0400] {dag.py:2941} INFO - Sync 1 DAGs
[2025-06-15T00:00:38.747-0400] {logging_mixin.py:154} INFO - [2025-06-15T00:00:38.747-0400] {dag.py:3722} INFO - Setting next_dagrun for example_task_group_decorator to 2025-06-14T04:00:38.747122+00:00, run_after=2025-06-15T04:00:38.747122+00:00
[2025-06-15T00:00:38.755-0400] {processor.py:179} INFO - Processing /Users/rah/Desktop/creative_projects/rah_coding_repo/projects/fin_data_project_001/finance-data-project-1/.venv/lib/python3.10/site-packages/airflow/example_dags/example_task_group_decorator.py took 0.146 seconds
[2025-06-15T00:00:41.620-0400] {processor.py:157} INFO - Started process (PID=51834) to work on /Users/rah/Desktop/creative_projects/rah_coding_repo/projects/fin_data_project_001/finance-data-project-1/.venv/lib/python3.10/site-packages/airflow/example_dags/example_task_group_decorator.py
[2025-06-15T00:00:41.622-0400] {processor.py:829} INFO - Processing file /Users/rah/Desktop/creative_projects/rah_coding_repo/projects/fin_data_project_001/finance-data-project-1/.venv/lib/python3.10/site-packages/airflow/example_dags/example_task_group_decorator.py for tasks to queue
[2025-06-15T00:00:41.623-0400] {logging_mixin.py:154} INFO - [2025-06-15T00:00:41.623-0400] {dagbag.py:536} INFO - Filling up the DagBag from /Users/rah/Desktop/creative_projects/rah_coding_repo/projects/fin_data_project_001/finance-data-project-1/.venv/lib/python3.10/site-packages/airflow/example_dags/example_task_group_decorator.py
[2025-06-15T00:00:41.649-0400] {processor.py:839} INFO - DAG(s) dict_keys(['example_task_group_decorator']) retrieved from /Users/rah/Desktop/creative_projects/rah_coding_repo/projects/fin_data_project_001/finance-data-project-1/.venv/lib/python3.10/site-packages/airflow/example_dags/example_task_group_decorator.py
[2025-06-15T00:00:41.748-0400] {logging_mixin.py:154} INFO - [2025-06-15T00:00:41.748-0400] {dag.py:2941} INFO - Sync 1 DAGs
[2025-06-15T00:00:41.755-0400] {logging_mixin.py:154} INFO - [2025-06-15T00:00:41.755-0400] {dag.py:3722} INFO - Setting next_dagrun for example_task_group_decorator to 2025-06-14T04:00:41.755292+00:00, run_after=2025-06-15T04:00:41.755292+00:00
[2025-06-15T00:00:41.763-0400] {processor.py:179} INFO - Processing /Users/rah/Desktop/creative_projects/rah_coding_repo/projects/fin_data_project_001/finance-data-project-1/.venv/lib/python3.10/site-packages/airflow/example_dags/example_task_group_decorator.py took 0.144 seconds
[2025-06-15T00:01:29.443-0400] {processor.py:157} INFO - Started process (PID=52522) to work on /Users/rah/Desktop/creative_projects/rah_coding_repo/projects/fin_data_project_001/finance-data-project-1/.venv/lib/python3.10/site-packages/airflow/example_dags/example_task_group_decorator.py
[2025-06-15T00:01:29.446-0400] {processor.py:829} INFO - Processing file /Users/rah/Desktop/creative_projects/rah_coding_repo/projects/fin_data_project_001/finance-data-project-1/.venv/lib/python3.10/site-packages/airflow/example_dags/example_task_group_decorator.py for tasks to queue
[2025-06-15T00:01:29.446-0400] {logging_mixin.py:154} INFO - [2025-06-15T00:01:29.446-0400] {dagbag.py:536} INFO - Filling up the DagBag from /Users/rah/Desktop/creative_projects/rah_coding_repo/projects/fin_data_project_001/finance-data-project-1/.venv/lib/python3.10/site-packages/airflow/example_dags/example_task_group_decorator.py
[2025-06-15T00:01:29.473-0400] {processor.py:839} INFO - DAG(s) dict_keys(['example_task_group_decorator']) retrieved from /Users/rah/Desktop/creative_projects/rah_coding_repo/projects/fin_data_project_001/finance-data-project-1/.venv/lib/python3.10/site-packages/airflow/example_dags/example_task_group_decorator.py
[2025-06-15T00:01:29.573-0400] {logging_mixin.py:154} INFO - [2025-06-15T00:01:29.573-0400] {dag.py:2941} INFO - Sync 1 DAGs
[2025-06-15T00:01:29.581-0400] {logging_mixin.py:154} INFO - [2025-06-15T00:01:29.580-0400] {dag.py:3722} INFO - Setting next_dagrun for example_task_group_decorator to 2025-06-14T04:01:29.580870+00:00, run_after=2025-06-15T04:01:29.580870+00:00
[2025-06-15T00:01:29.589-0400] {processor.py:179} INFO - Processing /Users/rah/Desktop/creative_projects/rah_coding_repo/projects/fin_data_project_001/finance-data-project-1/.venv/lib/python3.10/site-packages/airflow/example_dags/example_task_group_decorator.py took 0.147 seconds
[2025-06-15T00:01:42.588-0400] {processor.py:157} INFO - Started process (PID=52804) to work on /Users/rah/Desktop/creative_projects/rah_coding_repo/projects/fin_data_project_001/finance-data-project-1/.venv/lib/python3.10/site-packages/airflow/example_dags/example_task_group_decorator.py
[2025-06-15T00:01:42.591-0400] {processor.py:829} INFO - Processing file /Users/rah/Desktop/creative_projects/rah_coding_repo/projects/fin_data_project_001/finance-data-project-1/.venv/lib/python3.10/site-packages/airflow/example_dags/example_task_group_decorator.py for tasks to queue
[2025-06-15T00:01:42.591-0400] {logging_mixin.py:154} INFO - [2025-06-15T00:01:42.591-0400] {dagbag.py:536} INFO - Filling up the DagBag from /Users/rah/Desktop/creative_projects/rah_coding_repo/projects/fin_data_project_001/finance-data-project-1/.venv/lib/python3.10/site-packages/airflow/example_dags/example_task_group_decorator.py
[2025-06-15T00:01:42.618-0400] {processor.py:839} INFO - DAG(s) dict_keys(['example_task_group_decorator']) retrieved from /Users/rah/Desktop/creative_projects/rah_coding_repo/projects/fin_data_project_001/finance-data-project-1/.venv/lib/python3.10/site-packages/airflow/example_dags/example_task_group_decorator.py
[2025-06-15T00:01:42.714-0400] {logging_mixin.py:154} INFO - [2025-06-15T00:01:42.714-0400] {dag.py:2941} INFO - Sync 1 DAGs
[2025-06-15T00:01:42.721-0400] {logging_mixin.py:154} INFO - [2025-06-15T00:01:42.720-0400] {dag.py:3722} INFO - Setting next_dagrun for example_task_group_decorator to 2025-06-14T04:01:42.720875+00:00, run_after=2025-06-15T04:01:42.720875+00:00
[2025-06-15T00:01:42.728-0400] {processor.py:179} INFO - Processing /Users/rah/Desktop/creative_projects/rah_coding_repo/projects/fin_data_project_001/finance-data-project-1/.venv/lib/python3.10/site-packages/airflow/example_dags/example_task_group_decorator.py took 0.140 seconds
[2025-06-15T00:02:11.085-0400] {processor.py:157} INFO - Started process (PID=53171) to work on /Users/rah/Desktop/creative_projects/rah_coding_repo/projects/fin_data_project_001/finance-data-project-1/.venv/lib/python3.10/site-packages/airflow/example_dags/example_task_group_decorator.py
[2025-06-15T00:02:11.087-0400] {processor.py:829} INFO - Processing file /Users/rah/Desktop/creative_projects/rah_coding_repo/projects/fin_data_project_001/finance-data-project-1/.venv/lib/python3.10/site-packages/airflow/example_dags/example_task_group_decorator.py for tasks to queue
[2025-06-15T00:02:11.088-0400] {logging_mixin.py:154} INFO - [2025-06-15T00:02:11.088-0400] {dagbag.py:536} INFO - Filling up the DagBag from /Users/rah/Desktop/creative_projects/rah_coding_repo/projects/fin_data_project_001/finance-data-project-1/.venv/lib/python3.10/site-packages/airflow/example_dags/example_task_group_decorator.py
[2025-06-15T00:02:11.115-0400] {processor.py:839} INFO - DAG(s) dict_keys(['example_task_group_decorator']) retrieved from /Users/rah/Desktop/creative_projects/rah_coding_repo/projects/fin_data_project_001/finance-data-project-1/.venv/lib/python3.10/site-packages/airflow/example_dags/example_task_group_decorator.py
[2025-06-15T00:02:11.219-0400] {logging_mixin.py:154} INFO - [2025-06-15T00:02:11.219-0400] {dag.py:2941} INFO - Sync 1 DAGs
[2025-06-15T00:02:11.227-0400] {logging_mixin.py:154} INFO - [2025-06-15T00:02:11.227-0400] {dag.py:3722} INFO - Setting next_dagrun for example_task_group_decorator to 2025-06-14T04:02:11.226988+00:00, run_after=2025-06-15T04:02:11.226988+00:00
[2025-06-15T00:02:11.235-0400] {processor.py:179} INFO - Processing /Users/rah/Desktop/creative_projects/rah_coding_repo/projects/fin_data_project_001/finance-data-project-1/.venv/lib/python3.10/site-packages/airflow/example_dags/example_task_group_decorator.py took 0.151 seconds
[2025-06-15T00:02:17.127-0400] {processor.py:157} INFO - Started process (PID=53316) to work on /Users/rah/Desktop/creative_projects/rah_coding_repo/projects/fin_data_project_001/finance-data-project-1/.venv/lib/python3.10/site-packages/airflow/example_dags/example_task_group_decorator.py
[2025-06-15T00:02:17.129-0400] {processor.py:829} INFO - Processing file /Users/rah/Desktop/creative_projects/rah_coding_repo/projects/fin_data_project_001/finance-data-project-1/.venv/lib/python3.10/site-packages/airflow/example_dags/example_task_group_decorator.py for tasks to queue
[2025-06-15T00:02:17.129-0400] {logging_mixin.py:154} INFO - [2025-06-15T00:02:17.129-0400] {dagbag.py:536} INFO - Filling up the DagBag from /Users/rah/Desktop/creative_projects/rah_coding_repo/projects/fin_data_project_001/finance-data-project-1/.venv/lib/python3.10/site-packages/airflow/example_dags/example_task_group_decorator.py
[2025-06-15T00:02:17.153-0400] {processor.py:839} INFO - DAG(s) dict_keys(['example_task_group_decorator']) retrieved from /Users/rah/Desktop/creative_projects/rah_coding_repo/projects/fin_data_project_001/finance-data-project-1/.venv/lib/python3.10/site-packages/airflow/example_dags/example_task_group_decorator.py
[2025-06-15T00:02:17.244-0400] {logging_mixin.py:154} INFO - [2025-06-15T00:02:17.244-0400] {dag.py:2941} INFO - Sync 1 DAGs
[2025-06-15T00:02:17.251-0400] {logging_mixin.py:154} INFO - [2025-06-15T00:02:17.251-0400] {dag.py:3722} INFO - Setting next_dagrun for example_task_group_decorator to 2025-06-14T04:02:17.250997+00:00, run_after=2025-06-15T04:02:17.250997+00:00
[2025-06-15T00:02:17.258-0400] {processor.py:179} INFO - Processing /Users/rah/Desktop/creative_projects/rah_coding_repo/projects/fin_data_project_001/finance-data-project-1/.venv/lib/python3.10/site-packages/airflow/example_dags/example_task_group_decorator.py took 0.132 seconds
[2025-06-15T00:03:16.138-0400] {processor.py:157} INFO - Started process (PID=54289) to work on /Users/rah/.pyenv/versions/3.10.11/lib/python3.10/site-packages/airflow/example_dags/example_task_group_decorator.py
[2025-06-15T00:03:16.141-0400] {processor.py:829} INFO - Processing file /Users/rah/.pyenv/versions/3.10.11/lib/python3.10/site-packages/airflow/example_dags/example_task_group_decorator.py for tasks to queue
[2025-06-15T00:03:16.141-0400] {logging_mixin.py:154} INFO - [2025-06-15T00:03:16.141-0400] {dagbag.py:536} INFO - Filling up the DagBag from /Users/rah/.pyenv/versions/3.10.11/lib/python3.10/site-packages/airflow/example_dags/example_task_group_decorator.py
[2025-06-15T00:03:16.188-0400] {processor.py:839} INFO - DAG(s) dict_keys(['example_task_group_decorator']) retrieved from /Users/rah/.pyenv/versions/3.10.11/lib/python3.10/site-packages/airflow/example_dags/example_task_group_decorator.py
[2025-06-15T00:03:16.529-0400] {logging_mixin.py:154} INFO - [2025-06-15T00:03:16.528-0400] {dag.py:2941} INFO - Sync 1 DAGs
[2025-06-15T00:03:16.535-0400] {logging_mixin.py:154} INFO - [2025-06-15T00:03:16.535-0400] {dag.py:3722} INFO - Setting next_dagrun for example_task_group_decorator to 2025-06-14T04:03:16.535046+00:00, run_after=2025-06-15T04:03:16.535046+00:00
[2025-06-15T00:03:16.543-0400] {processor.py:179} INFO - Processing /Users/rah/.pyenv/versions/3.10.11/lib/python3.10/site-packages/airflow/example_dags/example_task_group_decorator.py took 0.405 seconds
[2025-06-15T00:06:37.798-0400] {processor.py:157} INFO - Started process (PID=57009) to work on /Users/rah/.pyenv/versions/3.10.11/lib/python3.10/site-packages/airflow/example_dags/example_task_group_decorator.py
[2025-06-15T00:06:37.801-0400] {processor.py:829} INFO - Processing file /Users/rah/.pyenv/versions/3.10.11/lib/python3.10/site-packages/airflow/example_dags/example_task_group_decorator.py for tasks to queue
[2025-06-15T00:06:37.802-0400] {logging_mixin.py:154} INFO - [2025-06-15T00:06:37.802-0400] {dagbag.py:536} INFO - Filling up the DagBag from /Users/rah/.pyenv/versions/3.10.11/lib/python3.10/site-packages/airflow/example_dags/example_task_group_decorator.py
[2025-06-15T00:06:37.852-0400] {processor.py:839} INFO - DAG(s) dict_keys(['example_task_group_decorator']) retrieved from /Users/rah/.pyenv/versions/3.10.11/lib/python3.10/site-packages/airflow/example_dags/example_task_group_decorator.py
[2025-06-15T00:06:37.952-0400] {logging_mixin.py:154} INFO - [2025-06-15T00:06:37.952-0400] {dag.py:2941} INFO - Sync 1 DAGs
[2025-06-15T00:06:37.959-0400] {logging_mixin.py:154} INFO - [2025-06-15T00:06:37.959-0400] {dag.py:3722} INFO - Setting next_dagrun for example_task_group_decorator to 2025-06-14T04:06:37.959666+00:00, run_after=2025-06-15T04:06:37.959666+00:00
[2025-06-15T00:06:37.968-0400] {processor.py:179} INFO - Processing /Users/rah/.pyenv/versions/3.10.11/lib/python3.10/site-packages/airflow/example_dags/example_task_group_decorator.py took 0.171 seconds
[2025-06-15T00:08:07.003-0400] {processor.py:157} INFO - Started process (PID=57952) to work on /Users/rah/.pyenv/versions/3.10.11/lib/python3.10/site-packages/airflow/example_dags/example_task_group_decorator.py
[2025-06-15T00:08:07.006-0400] {processor.py:829} INFO - Processing file /Users/rah/.pyenv/versions/3.10.11/lib/python3.10/site-packages/airflow/example_dags/example_task_group_decorator.py for tasks to queue
[2025-06-15T00:08:07.006-0400] {logging_mixin.py:154} INFO - [2025-06-15T00:08:07.006-0400] {dagbag.py:536} INFO - Filling up the DagBag from /Users/rah/.pyenv/versions/3.10.11/lib/python3.10/site-packages/airflow/example_dags/example_task_group_decorator.py
[2025-06-15T00:08:07.051-0400] {processor.py:839} INFO - DAG(s) dict_keys(['example_task_group_decorator']) retrieved from /Users/rah/.pyenv/versions/3.10.11/lib/python3.10/site-packages/airflow/example_dags/example_task_group_decorator.py
[2025-06-15T00:08:07.141-0400] {logging_mixin.py:154} INFO - [2025-06-15T00:08:07.141-0400] {dag.py:2941} INFO - Sync 1 DAGs
[2025-06-15T00:08:07.147-0400] {logging_mixin.py:154} INFO - [2025-06-15T00:08:07.147-0400] {dag.py:3722} INFO - Setting next_dagrun for example_task_group_decorator to 2025-06-14T04:08:07.147762+00:00, run_after=2025-06-15T04:08:07.147762+00:00
[2025-06-15T00:08:07.156-0400] {processor.py:179} INFO - Processing /Users/rah/.pyenv/versions/3.10.11/lib/python3.10/site-packages/airflow/example_dags/example_task_group_decorator.py took 0.153 seconds
[2025-06-15T00:09:02.917-0400] {processor.py:157} INFO - Started process (PID=59016) to work on /Users/rah/.pyenv/versions/3.10.11/lib/python3.10/site-packages/airflow/example_dags/example_task_group_decorator.py
[2025-06-15T00:09:02.920-0400] {processor.py:829} INFO - Processing file /Users/rah/.pyenv/versions/3.10.11/lib/python3.10/site-packages/airflow/example_dags/example_task_group_decorator.py for tasks to queue
[2025-06-15T00:09:02.920-0400] {logging_mixin.py:154} INFO - [2025-06-15T00:09:02.920-0400] {dagbag.py:536} INFO - Filling up the DagBag from /Users/rah/.pyenv/versions/3.10.11/lib/python3.10/site-packages/airflow/example_dags/example_task_group_decorator.py
[2025-06-15T00:09:02.965-0400] {processor.py:839} INFO - DAG(s) dict_keys(['example_task_group_decorator']) retrieved from /Users/rah/.pyenv/versions/3.10.11/lib/python3.10/site-packages/airflow/example_dags/example_task_group_decorator.py
[2025-06-15T00:09:03.054-0400] {logging_mixin.py:154} INFO - [2025-06-15T00:09:03.054-0400] {dag.py:2941} INFO - Sync 1 DAGs
[2025-06-15T00:09:03.061-0400] {logging_mixin.py:154} INFO - [2025-06-15T00:09:03.061-0400] {dag.py:3722} INFO - Setting next_dagrun for example_task_group_decorator to 2025-06-14T04:09:03.061021+00:00, run_after=2025-06-15T04:09:03.061021+00:00
[2025-06-15T00:09:03.069-0400] {processor.py:179} INFO - Processing /Users/rah/.pyenv/versions/3.10.11/lib/python3.10/site-packages/airflow/example_dags/example_task_group_decorator.py took 0.152 seconds
[2025-06-15T00:10:43.563-0400] {processor.py:157} INFO - Started process (PID=60823) to work on /Users/rah/.pyenv/versions/3.10.11/lib/python3.10/site-packages/airflow/example_dags/example_task_group_decorator.py
[2025-06-15T00:10:43.566-0400] {processor.py:829} INFO - Processing file /Users/rah/.pyenv/versions/3.10.11/lib/python3.10/site-packages/airflow/example_dags/example_task_group_decorator.py for tasks to queue
[2025-06-15T00:10:43.567-0400] {logging_mixin.py:154} INFO - [2025-06-15T00:10:43.566-0400] {dagbag.py:536} INFO - Filling up the DagBag from /Users/rah/.pyenv/versions/3.10.11/lib/python3.10/site-packages/airflow/example_dags/example_task_group_decorator.py
[2025-06-15T00:10:43.611-0400] {processor.py:839} INFO - DAG(s) dict_keys(['example_task_group_decorator']) retrieved from /Users/rah/.pyenv/versions/3.10.11/lib/python3.10/site-packages/airflow/example_dags/example_task_group_decorator.py
[2025-06-15T00:10:43.703-0400] {logging_mixin.py:154} INFO - [2025-06-15T00:10:43.703-0400] {dag.py:2941} INFO - Sync 1 DAGs
[2025-06-15T00:10:43.709-0400] {logging_mixin.py:154} INFO - [2025-06-15T00:10:43.709-0400] {dag.py:3722} INFO - Setting next_dagrun for example_task_group_decorator to 2025-06-14T04:10:43.709505+00:00, run_after=2025-06-15T04:10:43.709505+00:00
[2025-06-15T00:10:43.717-0400] {processor.py:179} INFO - Processing /Users/rah/.pyenv/versions/3.10.11/lib/python3.10/site-packages/airflow/example_dags/example_task_group_decorator.py took 0.154 seconds
[2025-06-15T00:12:25.289-0400] {processor.py:157} INFO - Started process (PID=62391) to work on /Users/rah/.pyenv/versions/3.10.11/lib/python3.10/site-packages/airflow/example_dags/example_task_group_decorator.py
[2025-06-15T00:12:25.291-0400] {processor.py:829} INFO - Processing file /Users/rah/.pyenv/versions/3.10.11/lib/python3.10/site-packages/airflow/example_dags/example_task_group_decorator.py for tasks to queue
[2025-06-15T00:12:25.292-0400] {logging_mixin.py:154} INFO - [2025-06-15T00:12:25.292-0400] {dagbag.py:536} INFO - Filling up the DagBag from /Users/rah/.pyenv/versions/3.10.11/lib/python3.10/site-packages/airflow/example_dags/example_task_group_decorator.py
[2025-06-15T00:12:25.337-0400] {processor.py:839} INFO - DAG(s) dict_keys(['example_task_group_decorator']) retrieved from /Users/rah/.pyenv/versions/3.10.11/lib/python3.10/site-packages/airflow/example_dags/example_task_group_decorator.py
[2025-06-15T00:12:25.425-0400] {logging_mixin.py:154} INFO - [2025-06-15T00:12:25.425-0400] {dag.py:2941} INFO - Sync 1 DAGs
[2025-06-15T00:12:25.431-0400] {logging_mixin.py:154} INFO - [2025-06-15T00:12:25.431-0400] {dag.py:3722} INFO - Setting next_dagrun for example_task_group_decorator to 2025-06-14T04:12:25.431467+00:00, run_after=2025-06-15T04:12:25.431467+00:00
[2025-06-15T00:12:25.439-0400] {processor.py:179} INFO - Processing /Users/rah/.pyenv/versions/3.10.11/lib/python3.10/site-packages/airflow/example_dags/example_task_group_decorator.py took 0.151 seconds
[2025-06-15T00:14:08.136-0400] {processor.py:157} INFO - Started process (PID=63933) to work on /Users/rah/.pyenv/versions/3.10.11/lib/python3.10/site-packages/airflow/example_dags/example_task_group_decorator.py
[2025-06-15T00:14:08.139-0400] {processor.py:829} INFO - Processing file /Users/rah/.pyenv/versions/3.10.11/lib/python3.10/site-packages/airflow/example_dags/example_task_group_decorator.py for tasks to queue
[2025-06-15T00:14:08.140-0400] {logging_mixin.py:154} INFO - [2025-06-15T00:14:08.139-0400] {dagbag.py:536} INFO - Filling up the DagBag from /Users/rah/.pyenv/versions/3.10.11/lib/python3.10/site-packages/airflow/example_dags/example_task_group_decorator.py
[2025-06-15T00:14:08.185-0400] {processor.py:839} INFO - DAG(s) dict_keys(['example_task_group_decorator']) retrieved from /Users/rah/.pyenv/versions/3.10.11/lib/python3.10/site-packages/airflow/example_dags/example_task_group_decorator.py
[2025-06-15T00:14:08.277-0400] {logging_mixin.py:154} INFO - [2025-06-15T00:14:08.277-0400] {dag.py:2941} INFO - Sync 1 DAGs
[2025-06-15T00:14:08.284-0400] {logging_mixin.py:154} INFO - [2025-06-15T00:14:08.284-0400] {dag.py:3722} INFO - Setting next_dagrun for example_task_group_decorator to 2025-06-14T04:14:08.284330+00:00, run_after=2025-06-15T04:14:08.284330+00:00
[2025-06-15T00:14:08.292-0400] {processor.py:179} INFO - Processing /Users/rah/.pyenv/versions/3.10.11/lib/python3.10/site-packages/airflow/example_dags/example_task_group_decorator.py took 0.156 seconds
