[2025-06-14T23:49:09.594-0400] {processor.py:157} INFO - Started process (PID=40157) to work on /Users/rah/.pyenv/versions/3.10.11/lib/python3.10/site-packages/airflow/example_dags/example_setup_teardown_taskflow.py
[2025-06-14T23:49:09.597-0400] {processor.py:829} INFO - Processing file /Users/rah/.pyenv/versions/3.10.11/lib/python3.10/site-packages/airflow/example_dags/example_setup_teardown_taskflow.py for tasks to queue
[2025-06-14T23:49:09.597-0400] {logging_mixin.py:154} INFO - [2025-06-14T23:49:09.597-0400] {dagbag.py:536} INFO - Filling up the DagBag from /Users/rah/.pyenv/versions/3.10.11/lib/python3.10/site-packages/airflow/example_dags/example_setup_teardown_taskflow.py
[2025-06-14T23:49:09.640-0400] {processor.py:839} INFO - DAG(s) dict_keys(['example_setup_teardown_taskflow']) retrieved from /Users/rah/.pyenv/versions/3.10.11/lib/python3.10/site-packages/airflow/example_dags/example_setup_teardown_taskflow.py
[2025-06-14T23:49:09.954-0400] {logging_mixin.py:154} INFO - [2025-06-14T23:49:09.954-0400] {manager.py:499} INFO - Created Permission View: %s
[2025-06-14T23:49:09.957-0400] {logging_mixin.py:154} INFO - [2025-06-14T23:49:09.957-0400] {manager.py:499} INFO - Created Permission View: %s
[2025-06-14T23:49:09.959-0400] {logging_mixin.py:154} INFO - [2025-06-14T23:49:09.959-0400] {manager.py:499} INFO - Created Permission View: %s
[2025-06-14T23:49:09.959-0400] {logging_mixin.py:154} INFO - [2025-06-14T23:49:09.959-0400] {dag.py:2941} INFO - Sync 1 DAGs
[2025-06-14T23:49:09.964-0400] {logging_mixin.py:154} INFO - [2025-06-14T23:49:09.963-0400] {dag.py:2963} INFO - Creating ORM DAG for example_setup_teardown_taskflow
[2025-06-14T23:49:09.967-0400] {logging_mixin.py:154} INFO - [2025-06-14T23:49:09.966-0400] {dag.py:3722} INFO - Setting next_dagrun for example_setup_teardown_taskflow to 2025-06-14T03:49:09.966906+00:00, run_after=2025-06-15T03:49:09.966906+00:00
[2025-06-14T23:49:09.973-0400] {processor.py:179} INFO - Processing /Users/rah/.pyenv/versions/3.10.11/lib/python3.10/site-packages/airflow/example_dags/example_setup_teardown_taskflow.py took 0.380 seconds
[2025-06-14T23:50:37.187-0400] {processor.py:157} INFO - Started process (PID=41151) to work on /Users/rah/.pyenv/versions/3.10.11/lib/python3.10/site-packages/airflow/example_dags/example_setup_teardown_taskflow.py
[2025-06-14T23:50:37.191-0400] {processor.py:829} INFO - Processing file /Users/rah/.pyenv/versions/3.10.11/lib/python3.10/site-packages/airflow/example_dags/example_setup_teardown_taskflow.py for tasks to queue
[2025-06-14T23:50:37.192-0400] {logging_mixin.py:154} INFO - [2025-06-14T23:50:37.191-0400] {dagbag.py:536} INFO - Filling up the DagBag from /Users/rah/.pyenv/versions/3.10.11/lib/python3.10/site-packages/airflow/example_dags/example_setup_teardown_taskflow.py
[2025-06-14T23:50:37.239-0400] {processor.py:839} INFO - DAG(s) dict_keys(['example_setup_teardown_taskflow']) retrieved from /Users/rah/.pyenv/versions/3.10.11/lib/python3.10/site-packages/airflow/example_dags/example_setup_teardown_taskflow.py
[2025-06-14T23:50:37.332-0400] {logging_mixin.py:154} INFO - [2025-06-14T23:50:37.332-0400] {dag.py:2941} INFO - Sync 1 DAGs
[2025-06-14T23:50:37.339-0400] {logging_mixin.py:154} INFO - [2025-06-14T23:50:37.339-0400] {dag.py:3722} INFO - Setting next_dagrun for example_setup_teardown_taskflow to 2025-06-14T03:50:37.339055+00:00, run_after=2025-06-15T03:50:37.339055+00:00
[2025-06-14T23:50:37.347-0400] {processor.py:179} INFO - Processing /Users/rah/.pyenv/versions/3.10.11/lib/python3.10/site-packages/airflow/example_dags/example_setup_teardown_taskflow.py took 0.161 seconds
[2025-06-14T23:55:25.341-0400] {processor.py:157} INFO - Started process (PID=45873) to work on /Users/rah/Desktop/creative_projects/rah_coding_repo/projects/fin_data_project_001/finance-data-project-1/.venv/lib/python3.10/site-packages/airflow/example_dags/example_setup_teardown_taskflow.py
[2025-06-14T23:55:25.344-0400] {processor.py:829} INFO - Processing file /Users/rah/Desktop/creative_projects/rah_coding_repo/projects/fin_data_project_001/finance-data-project-1/.venv/lib/python3.10/site-packages/airflow/example_dags/example_setup_teardown_taskflow.py for tasks to queue
[2025-06-14T23:55:25.344-0400] {logging_mixin.py:154} INFO - [2025-06-14T23:55:25.344-0400] {dagbag.py:536} INFO - Filling up the DagBag from /Users/rah/Desktop/creative_projects/rah_coding_repo/projects/fin_data_project_001/finance-data-project-1/.venv/lib/python3.10/site-packages/airflow/example_dags/example_setup_teardown_taskflow.py
[2025-06-14T23:55:25.369-0400] {processor.py:839} INFO - DAG(s) dict_keys(['example_setup_teardown_taskflow']) retrieved from /Users/rah/Desktop/creative_projects/rah_coding_repo/projects/fin_data_project_001/finance-data-project-1/.venv/lib/python3.10/site-packages/airflow/example_dags/example_setup_teardown_taskflow.py
[2025-06-14T23:55:25.465-0400] {logging_mixin.py:154} INFO - [2025-06-14T23:55:25.465-0400] {dag.py:2941} INFO - Sync 1 DAGs
[2025-06-14T23:55:25.472-0400] {logging_mixin.py:154} INFO - [2025-06-14T23:55:25.472-0400] {dag.py:3722} INFO - Setting next_dagrun for example_setup_teardown_taskflow to 2025-06-14T03:55:25.472319+00:00, run_after=2025-06-15T03:55:25.472319+00:00
[2025-06-14T23:55:25.480-0400] {processor.py:179} INFO - Processing /Users/rah/Desktop/creative_projects/rah_coding_repo/projects/fin_data_project_001/finance-data-project-1/.venv/lib/python3.10/site-packages/airflow/example_dags/example_setup_teardown_taskflow.py took 0.140 seconds
[2025-06-14T23:56:28.518-0400] {processor.py:157} INFO - Started process (PID=47353) to work on /Users/rah/Desktop/creative_projects/rah_coding_repo/projects/fin_data_project_001/finance-data-project-1/.venv/lib/python3.10/site-packages/airflow/example_dags/example_setup_teardown_taskflow.py
[2025-06-14T23:56:28.521-0400] {processor.py:829} INFO - Processing file /Users/rah/Desktop/creative_projects/rah_coding_repo/projects/fin_data_project_001/finance-data-project-1/.venv/lib/python3.10/site-packages/airflow/example_dags/example_setup_teardown_taskflow.py for tasks to queue
[2025-06-14T23:56:28.521-0400] {logging_mixin.py:154} INFO - [2025-06-14T23:56:28.521-0400] {dagbag.py:536} INFO - Filling up the DagBag from /Users/rah/Desktop/creative_projects/rah_coding_repo/projects/fin_data_project_001/finance-data-project-1/.venv/lib/python3.10/site-packages/airflow/example_dags/example_setup_teardown_taskflow.py
[2025-06-14T23:56:28.547-0400] {processor.py:839} INFO - DAG(s) dict_keys(['example_setup_teardown_taskflow']) retrieved from /Users/rah/Desktop/creative_projects/rah_coding_repo/projects/fin_data_project_001/finance-data-project-1/.venv/lib/python3.10/site-packages/airflow/example_dags/example_setup_teardown_taskflow.py
[2025-06-14T23:56:28.642-0400] {logging_mixin.py:154} INFO - [2025-06-14T23:56:28.642-0400] {dag.py:2941} INFO - Sync 1 DAGs
[2025-06-14T23:56:28.649-0400] {logging_mixin.py:154} INFO - [2025-06-14T23:56:28.649-0400] {dag.py:3722} INFO - Setting next_dagrun for example_setup_teardown_taskflow to 2025-06-14T03:56:28.649723+00:00, run_after=2025-06-15T03:56:28.649723+00:00
[2025-06-14T23:56:28.657-0400] {processor.py:179} INFO - Processing /Users/rah/Desktop/creative_projects/rah_coding_repo/projects/fin_data_project_001/finance-data-project-1/.venv/lib/python3.10/site-packages/airflow/example_dags/example_setup_teardown_taskflow.py took 0.140 seconds
[2025-06-14T23:56:47.440-0400] {processor.py:157} INFO - Started process (PID=48029) to work on /Users/rah/Desktop/creative_projects/rah_coding_repo/projects/fin_data_project_001/finance-data-project-1/.venv/lib/python3.10/site-packages/airflow/example_dags/example_setup_teardown_taskflow.py
[2025-06-14T23:56:47.443-0400] {processor.py:829} INFO - Processing file /Users/rah/Desktop/creative_projects/rah_coding_repo/projects/fin_data_project_001/finance-data-project-1/.venv/lib/python3.10/site-packages/airflow/example_dags/example_setup_teardown_taskflow.py for tasks to queue
[2025-06-14T23:56:47.443-0400] {logging_mixin.py:154} INFO - [2025-06-14T23:56:47.443-0400] {dagbag.py:536} INFO - Filling up the DagBag from /Users/rah/Desktop/creative_projects/rah_coding_repo/projects/fin_data_project_001/finance-data-project-1/.venv/lib/python3.10/site-packages/airflow/example_dags/example_setup_teardown_taskflow.py
[2025-06-14T23:56:47.465-0400] {processor.py:839} INFO - DAG(s) dict_keys(['example_setup_teardown_taskflow']) retrieved from /Users/rah/Desktop/creative_projects/rah_coding_repo/projects/fin_data_project_001/finance-data-project-1/.venv/lib/python3.10/site-packages/airflow/example_dags/example_setup_teardown_taskflow.py
[2025-06-14T23:56:47.553-0400] {logging_mixin.py:154} INFO - [2025-06-14T23:56:47.553-0400] {dag.py:2941} INFO - Sync 1 DAGs
[2025-06-14T23:56:47.560-0400] {logging_mixin.py:154} INFO - [2025-06-14T23:56:47.560-0400] {dag.py:3722} INFO - Setting next_dagrun for example_setup_teardown_taskflow to 2025-06-14T03:56:47.560341+00:00, run_after=2025-06-15T03:56:47.560341+00:00
[2025-06-14T23:56:47.567-0400] {processor.py:179} INFO - Processing /Users/rah/Desktop/creative_projects/rah_coding_repo/projects/fin_data_project_001/finance-data-project-1/.venv/lib/python3.10/site-packages/airflow/example_dags/example_setup_teardown_taskflow.py took 0.128 seconds
[2025-06-14T23:57:21.641-0400] {processor.py:157} INFO - Started process (PID=48495) to work on /Users/rah/Desktop/creative_projects/rah_coding_repo/projects/fin_data_project_001/finance-data-project-1/.venv/lib/python3.10/site-packages/airflow/example_dags/example_setup_teardown_taskflow.py
[2025-06-14T23:57:21.644-0400] {processor.py:829} INFO - Processing file /Users/rah/Desktop/creative_projects/rah_coding_repo/projects/fin_data_project_001/finance-data-project-1/.venv/lib/python3.10/site-packages/airflow/example_dags/example_setup_teardown_taskflow.py for tasks to queue
[2025-06-14T23:57:21.644-0400] {logging_mixin.py:154} INFO - [2025-06-14T23:57:21.644-0400] {dagbag.py:536} INFO - Filling up the DagBag from /Users/rah/Desktop/creative_projects/rah_coding_repo/projects/fin_data_project_001/finance-data-project-1/.venv/lib/python3.10/site-packages/airflow/example_dags/example_setup_teardown_taskflow.py
[2025-06-14T23:57:21.671-0400] {processor.py:839} INFO - DAG(s) dict_keys(['example_setup_teardown_taskflow']) retrieved from /Users/rah/Desktop/creative_projects/rah_coding_repo/projects/fin_data_project_001/finance-data-project-1/.venv/lib/python3.10/site-packages/airflow/example_dags/example_setup_teardown_taskflow.py
[2025-06-14T23:57:21.773-0400] {logging_mixin.py:154} INFO - [2025-06-14T23:57:21.773-0400] {dag.py:2941} INFO - Sync 1 DAGs
[2025-06-14T23:57:21.780-0400] {logging_mixin.py:154} INFO - [2025-06-14T23:57:21.780-0400] {dag.py:3722} INFO - Setting next_dagrun for example_setup_teardown_taskflow to 2025-06-14T03:57:21.780554+00:00, run_after=2025-06-15T03:57:21.780554+00:00
[2025-06-14T23:57:21.789-0400] {processor.py:179} INFO - Processing /Users/rah/Desktop/creative_projects/rah_coding_repo/projects/fin_data_project_001/finance-data-project-1/.venv/lib/python3.10/site-packages/airflow/example_dags/example_setup_teardown_taskflow.py took 0.148 seconds
[2025-06-14T23:57:49.444-0400] {processor.py:157} INFO - Started process (PID=48915) to work on /Users/rah/Desktop/creative_projects/rah_coding_repo/projects/fin_data_project_001/finance-data-project-1/.venv/lib/python3.10/site-packages/airflow/example_dags/example_setup_teardown_taskflow.py
[2025-06-14T23:57:49.446-0400] {processor.py:829} INFO - Processing file /Users/rah/Desktop/creative_projects/rah_coding_repo/projects/fin_data_project_001/finance-data-project-1/.venv/lib/python3.10/site-packages/airflow/example_dags/example_setup_teardown_taskflow.py for tasks to queue
[2025-06-14T23:57:49.447-0400] {logging_mixin.py:154} INFO - [2025-06-14T23:57:49.447-0400] {dagbag.py:536} INFO - Filling up the DagBag from /Users/rah/Desktop/creative_projects/rah_coding_repo/projects/fin_data_project_001/finance-data-project-1/.venv/lib/python3.10/site-packages/airflow/example_dags/example_setup_teardown_taskflow.py
[2025-06-14T23:57:49.470-0400] {processor.py:839} INFO - DAG(s) dict_keys(['example_setup_teardown_taskflow']) retrieved from /Users/rah/Desktop/creative_projects/rah_coding_repo/projects/fin_data_project_001/finance-data-project-1/.venv/lib/python3.10/site-packages/airflow/example_dags/example_setup_teardown_taskflow.py
[2025-06-14T23:57:49.567-0400] {logging_mixin.py:154} INFO - [2025-06-14T23:57:49.567-0400] {dag.py:2941} INFO - Sync 1 DAGs
[2025-06-14T23:57:49.575-0400] {logging_mixin.py:154} INFO - [2025-06-14T23:57:49.575-0400] {dag.py:3722} INFO - Setting next_dagrun for example_setup_teardown_taskflow to 2025-06-14T03:57:49.575299+00:00, run_after=2025-06-15T03:57:49.575299+00:00
[2025-06-14T23:57:49.583-0400] {processor.py:179} INFO - Processing /Users/rah/Desktop/creative_projects/rah_coding_repo/projects/fin_data_project_001/finance-data-project-1/.venv/lib/python3.10/site-packages/airflow/example_dags/example_setup_teardown_taskflow.py took 0.140 seconds
[2025-06-14T23:58:21.817-0400] {processor.py:157} INFO - Started process (PID=49350) to work on /Users/rah/Desktop/creative_projects/rah_coding_repo/projects/fin_data_project_001/finance-data-project-1/.venv/lib/python3.10/site-packages/airflow/example_dags/example_setup_teardown_taskflow.py
[2025-06-14T23:58:21.820-0400] {processor.py:829} INFO - Processing file /Users/rah/Desktop/creative_projects/rah_coding_repo/projects/fin_data_project_001/finance-data-project-1/.venv/lib/python3.10/site-packages/airflow/example_dags/example_setup_teardown_taskflow.py for tasks to queue
[2025-06-14T23:58:21.820-0400] {logging_mixin.py:154} INFO - [2025-06-14T23:58:21.820-0400] {dagbag.py:536} INFO - Filling up the DagBag from /Users/rah/Desktop/creative_projects/rah_coding_repo/projects/fin_data_project_001/finance-data-project-1/.venv/lib/python3.10/site-packages/airflow/example_dags/example_setup_teardown_taskflow.py
[2025-06-14T23:58:21.844-0400] {processor.py:839} INFO - DAG(s) dict_keys(['example_setup_teardown_taskflow']) retrieved from /Users/rah/Desktop/creative_projects/rah_coding_repo/projects/fin_data_project_001/finance-data-project-1/.venv/lib/python3.10/site-packages/airflow/example_dags/example_setup_teardown_taskflow.py
[2025-06-14T23:58:21.939-0400] {logging_mixin.py:154} INFO - [2025-06-14T23:58:21.939-0400] {dag.py:2941} INFO - Sync 1 DAGs
[2025-06-14T23:58:21.946-0400] {logging_mixin.py:154} INFO - [2025-06-14T23:58:21.946-0400] {dag.py:3722} INFO - Setting next_dagrun for example_setup_teardown_taskflow to 2025-06-14T03:58:21.946612+00:00, run_after=2025-06-15T03:58:21.946612+00:00
[2025-06-14T23:58:21.955-0400] {processor.py:179} INFO - Processing /Users/rah/Desktop/creative_projects/rah_coding_repo/projects/fin_data_project_001/finance-data-project-1/.venv/lib/python3.10/site-packages/airflow/example_dags/example_setup_teardown_taskflow.py took 0.138 seconds
[2025-06-14T23:58:39.240-0400] {processor.py:157} INFO - Started process (PID=49528) to work on /Users/rah/Desktop/creative_projects/rah_coding_repo/projects/fin_data_project_001/finance-data-project-1/.venv/lib/python3.10/site-packages/airflow/example_dags/example_setup_teardown_taskflow.py
[2025-06-14T23:58:39.242-0400] {processor.py:829} INFO - Processing file /Users/rah/Desktop/creative_projects/rah_coding_repo/projects/fin_data_project_001/finance-data-project-1/.venv/lib/python3.10/site-packages/airflow/example_dags/example_setup_teardown_taskflow.py for tasks to queue
[2025-06-14T23:58:39.242-0400] {logging_mixin.py:154} INFO - [2025-06-14T23:58:39.242-0400] {dagbag.py:536} INFO - Filling up the DagBag from /Users/rah/Desktop/creative_projects/rah_coding_repo/projects/fin_data_project_001/finance-data-project-1/.venv/lib/python3.10/site-packages/airflow/example_dags/example_setup_teardown_taskflow.py
[2025-06-14T23:58:39.267-0400] {processor.py:839} INFO - DAG(s) dict_keys(['example_setup_teardown_taskflow']) retrieved from /Users/rah/Desktop/creative_projects/rah_coding_repo/projects/fin_data_project_001/finance-data-project-1/.venv/lib/python3.10/site-packages/airflow/example_dags/example_setup_teardown_taskflow.py
[2025-06-14T23:58:39.358-0400] {logging_mixin.py:154} INFO - [2025-06-14T23:58:39.358-0400] {dag.py:2941} INFO - Sync 1 DAGs
[2025-06-14T23:58:39.365-0400] {logging_mixin.py:154} INFO - [2025-06-14T23:58:39.365-0400] {dag.py:3722} INFO - Setting next_dagrun for example_setup_teardown_taskflow to 2025-06-14T03:58:39.365269+00:00, run_after=2025-06-15T03:58:39.365269+00:00
[2025-06-14T23:58:39.372-0400] {processor.py:179} INFO - Processing /Users/rah/Desktop/creative_projects/rah_coding_repo/projects/fin_data_project_001/finance-data-project-1/.venv/lib/python3.10/site-packages/airflow/example_dags/example_setup_teardown_taskflow.py took 0.134 seconds
[2025-06-14T23:59:24.164-0400] {processor.py:157} INFO - Started process (PID=50680) to work on /Users/rah/Desktop/creative_projects/rah_coding_repo/projects/fin_data_project_001/finance-data-project-1/.venv/lib/python3.10/site-packages/airflow/example_dags/example_setup_teardown_taskflow.py
[2025-06-14T23:59:24.168-0400] {processor.py:829} INFO - Processing file /Users/rah/Desktop/creative_projects/rah_coding_repo/projects/fin_data_project_001/finance-data-project-1/.venv/lib/python3.10/site-packages/airflow/example_dags/example_setup_teardown_taskflow.py for tasks to queue
[2025-06-14T23:59:24.168-0400] {logging_mixin.py:154} INFO - [2025-06-14T23:59:24.168-0400] {dagbag.py:536} INFO - Filling up the DagBag from /Users/rah/Desktop/creative_projects/rah_coding_repo/projects/fin_data_project_001/finance-data-project-1/.venv/lib/python3.10/site-packages/airflow/example_dags/example_setup_teardown_taskflow.py
[2025-06-14T23:59:24.194-0400] {processor.py:839} INFO - DAG(s) dict_keys(['example_setup_teardown_taskflow']) retrieved from /Users/rah/Desktop/creative_projects/rah_coding_repo/projects/fin_data_project_001/finance-data-project-1/.venv/lib/python3.10/site-packages/airflow/example_dags/example_setup_teardown_taskflow.py
[2025-06-14T23:59:24.298-0400] {logging_mixin.py:154} INFO - [2025-06-14T23:59:24.298-0400] {dag.py:2941} INFO - Sync 1 DAGs
[2025-06-14T23:59:24.306-0400] {logging_mixin.py:154} INFO - [2025-06-14T23:59:24.306-0400] {dag.py:3722} INFO - Setting next_dagrun for example_setup_teardown_taskflow to 2025-06-14T03:59:24.306551+00:00, run_after=2025-06-15T03:59:24.306551+00:00
[2025-06-14T23:59:24.315-0400] {processor.py:179} INFO - Processing /Users/rah/Desktop/creative_projects/rah_coding_repo/projects/fin_data_project_001/finance-data-project-1/.venv/lib/python3.10/site-packages/airflow/example_dags/example_setup_teardown_taskflow.py took 0.151 seconds
[2025-06-14T23:59:27.048-0400] {processor.py:157} INFO - Started process (PID=50693) to work on /Users/rah/Desktop/creative_projects/rah_coding_repo/projects/fin_data_project_001/finance-data-project-1/.venv/lib/python3.10/site-packages/airflow/example_dags/example_setup_teardown_taskflow.py
[2025-06-14T23:59:27.050-0400] {processor.py:829} INFO - Processing file /Users/rah/Desktop/creative_projects/rah_coding_repo/projects/fin_data_project_001/finance-data-project-1/.venv/lib/python3.10/site-packages/airflow/example_dags/example_setup_teardown_taskflow.py for tasks to queue
[2025-06-14T23:59:27.050-0400] {logging_mixin.py:154} INFO - [2025-06-14T23:59:27.050-0400] {dagbag.py:536} INFO - Filling up the DagBag from /Users/rah/Desktop/creative_projects/rah_coding_repo/projects/fin_data_project_001/finance-data-project-1/.venv/lib/python3.10/site-packages/airflow/example_dags/example_setup_teardown_taskflow.py
[2025-06-14T23:59:27.075-0400] {processor.py:839} INFO - DAG(s) dict_keys(['example_setup_teardown_taskflow']) retrieved from /Users/rah/Desktop/creative_projects/rah_coding_repo/projects/fin_data_project_001/finance-data-project-1/.venv/lib/python3.10/site-packages/airflow/example_dags/example_setup_teardown_taskflow.py
[2025-06-14T23:59:27.176-0400] {logging_mixin.py:154} INFO - [2025-06-14T23:59:27.176-0400] {dag.py:2941} INFO - Sync 1 DAGs
[2025-06-14T23:59:27.184-0400] {logging_mixin.py:154} INFO - [2025-06-14T23:59:27.183-0400] {dag.py:3722} INFO - Setting next_dagrun for example_setup_teardown_taskflow to 2025-06-14T03:59:27.183865+00:00, run_after=2025-06-15T03:59:27.183865+00:00
[2025-06-14T23:59:27.192-0400] {processor.py:179} INFO - Processing /Users/rah/Desktop/creative_projects/rah_coding_repo/projects/fin_data_project_001/finance-data-project-1/.venv/lib/python3.10/site-packages/airflow/example_dags/example_setup_teardown_taskflow.py took 0.145 seconds
[2025-06-15T00:00:04.944-0400] {processor.py:157} INFO - Started process (PID=51231) to work on /Users/rah/Desktop/creative_projects/rah_coding_repo/projects/fin_data_project_001/finance-data-project-1/.venv/lib/python3.10/site-packages/airflow/example_dags/example_setup_teardown_taskflow.py
[2025-06-15T00:00:04.947-0400] {processor.py:829} INFO - Processing file /Users/rah/Desktop/creative_projects/rah_coding_repo/projects/fin_data_project_001/finance-data-project-1/.venv/lib/python3.10/site-packages/airflow/example_dags/example_setup_teardown_taskflow.py for tasks to queue
[2025-06-15T00:00:04.947-0400] {logging_mixin.py:154} INFO - [2025-06-15T00:00:04.947-0400] {dagbag.py:536} INFO - Filling up the DagBag from /Users/rah/Desktop/creative_projects/rah_coding_repo/projects/fin_data_project_001/finance-data-project-1/.venv/lib/python3.10/site-packages/airflow/example_dags/example_setup_teardown_taskflow.py
[2025-06-15T00:00:04.969-0400] {processor.py:839} INFO - DAG(s) dict_keys(['example_setup_teardown_taskflow']) retrieved from /Users/rah/Desktop/creative_projects/rah_coding_repo/projects/fin_data_project_001/finance-data-project-1/.venv/lib/python3.10/site-packages/airflow/example_dags/example_setup_teardown_taskflow.py
[2025-06-15T00:00:05.060-0400] {logging_mixin.py:154} INFO - [2025-06-15T00:00:05.060-0400] {dag.py:2941} INFO - Sync 1 DAGs
[2025-06-15T00:00:05.067-0400] {logging_mixin.py:154} INFO - [2025-06-15T00:00:05.067-0400] {dag.py:3722} INFO - Setting next_dagrun for example_setup_teardown_taskflow to 2025-06-14T04:00:05.067295+00:00, run_after=2025-06-15T04:00:05.067295+00:00
[2025-06-15T00:00:05.074-0400] {processor.py:179} INFO - Processing /Users/rah/Desktop/creative_projects/rah_coding_repo/projects/fin_data_project_001/finance-data-project-1/.venv/lib/python3.10/site-packages/airflow/example_dags/example_setup_teardown_taskflow.py took 0.130 seconds
[2025-06-15T00:00:19.996-0400] {processor.py:157} INFO - Started process (PID=51517) to work on /Users/rah/Desktop/creative_projects/rah_coding_repo/projects/fin_data_project_001/finance-data-project-1/.venv/lib/python3.10/site-packages/airflow/example_dags/example_setup_teardown_taskflow.py
[2025-06-15T00:00:19.998-0400] {processor.py:829} INFO - Processing file /Users/rah/Desktop/creative_projects/rah_coding_repo/projects/fin_data_project_001/finance-data-project-1/.venv/lib/python3.10/site-packages/airflow/example_dags/example_setup_teardown_taskflow.py for tasks to queue
[2025-06-15T00:00:19.999-0400] {logging_mixin.py:154} INFO - [2025-06-15T00:00:19.999-0400] {dagbag.py:536} INFO - Filling up the DagBag from /Users/rah/Desktop/creative_projects/rah_coding_repo/projects/fin_data_project_001/finance-data-project-1/.venv/lib/python3.10/site-packages/airflow/example_dags/example_setup_teardown_taskflow.py
[2025-06-15T00:00:20.023-0400] {processor.py:839} INFO - DAG(s) dict_keys(['example_setup_teardown_taskflow']) retrieved from /Users/rah/Desktop/creative_projects/rah_coding_repo/projects/fin_data_project_001/finance-data-project-1/.venv/lib/python3.10/site-packages/airflow/example_dags/example_setup_teardown_taskflow.py
[2025-06-15T00:00:20.123-0400] {logging_mixin.py:154} INFO - [2025-06-15T00:00:20.123-0400] {dag.py:2941} INFO - Sync 1 DAGs
[2025-06-15T00:00:20.131-0400] {logging_mixin.py:154} INFO - [2025-06-15T00:00:20.131-0400] {dag.py:3722} INFO - Setting next_dagrun for example_setup_teardown_taskflow to 2025-06-14T04:00:20.131728+00:00, run_after=2025-06-15T04:00:20.131728+00:00
[2025-06-15T00:00:20.140-0400] {processor.py:179} INFO - Processing /Users/rah/Desktop/creative_projects/rah_coding_repo/projects/fin_data_project_001/finance-data-project-1/.venv/lib/python3.10/site-packages/airflow/example_dags/example_setup_teardown_taskflow.py took 0.145 seconds
[2025-06-15T00:00:49.205-0400] {processor.py:157} INFO - Started process (PID=51979) to work on /Users/rah/Desktop/creative_projects/rah_coding_repo/projects/fin_data_project_001/finance-data-project-1/.venv/lib/python3.10/site-packages/airflow/example_dags/example_setup_teardown_taskflow.py
[2025-06-15T00:00:49.209-0400] {processor.py:829} INFO - Processing file /Users/rah/Desktop/creative_projects/rah_coding_repo/projects/fin_data_project_001/finance-data-project-1/.venv/lib/python3.10/site-packages/airflow/example_dags/example_setup_teardown_taskflow.py for tasks to queue
[2025-06-15T00:00:49.209-0400] {logging_mixin.py:154} INFO - [2025-06-15T00:00:49.209-0400] {dagbag.py:536} INFO - Filling up the DagBag from /Users/rah/Desktop/creative_projects/rah_coding_repo/projects/fin_data_project_001/finance-data-project-1/.venv/lib/python3.10/site-packages/airflow/example_dags/example_setup_teardown_taskflow.py
[2025-06-15T00:00:49.232-0400] {processor.py:839} INFO - DAG(s) dict_keys(['example_setup_teardown_taskflow']) retrieved from /Users/rah/Desktop/creative_projects/rah_coding_repo/projects/fin_data_project_001/finance-data-project-1/.venv/lib/python3.10/site-packages/airflow/example_dags/example_setup_teardown_taskflow.py
[2025-06-15T00:00:49.341-0400] {logging_mixin.py:154} INFO - [2025-06-15T00:00:49.341-0400] {dag.py:2941} INFO - Sync 1 DAGs
[2025-06-15T00:00:49.349-0400] {logging_mixin.py:154} INFO - [2025-06-15T00:00:49.349-0400] {dag.py:3722} INFO - Setting next_dagrun for example_setup_teardown_taskflow to 2025-06-14T04:00:49.349201+00:00, run_after=2025-06-15T04:00:49.349201+00:00
[2025-06-15T00:00:49.361-0400] {processor.py:179} INFO - Processing /Users/rah/Desktop/creative_projects/rah_coding_repo/projects/fin_data_project_001/finance-data-project-1/.venv/lib/python3.10/site-packages/airflow/example_dags/example_setup_teardown_taskflow.py took 0.157 seconds
[2025-06-15T00:00:52.677-0400] {processor.py:157} INFO - Started process (PID=51995) to work on /Users/rah/Desktop/creative_projects/rah_coding_repo/projects/fin_data_project_001/finance-data-project-1/.venv/lib/python3.10/site-packages/airflow/example_dags/example_setup_teardown_taskflow.py
[2025-06-15T00:00:52.679-0400] {processor.py:829} INFO - Processing file /Users/rah/Desktop/creative_projects/rah_coding_repo/projects/fin_data_project_001/finance-data-project-1/.venv/lib/python3.10/site-packages/airflow/example_dags/example_setup_teardown_taskflow.py for tasks to queue
[2025-06-15T00:00:52.679-0400] {logging_mixin.py:154} INFO - [2025-06-15T00:00:52.679-0400] {dagbag.py:536} INFO - Filling up the DagBag from /Users/rah/Desktop/creative_projects/rah_coding_repo/projects/fin_data_project_001/finance-data-project-1/.venv/lib/python3.10/site-packages/airflow/example_dags/example_setup_teardown_taskflow.py
[2025-06-15T00:00:52.704-0400] {processor.py:839} INFO - DAG(s) dict_keys(['example_setup_teardown_taskflow']) retrieved from /Users/rah/Desktop/creative_projects/rah_coding_repo/projects/fin_data_project_001/finance-data-project-1/.venv/lib/python3.10/site-packages/airflow/example_dags/example_setup_teardown_taskflow.py
[2025-06-15T00:00:52.803-0400] {logging_mixin.py:154} INFO - [2025-06-15T00:00:52.803-0400] {dag.py:2941} INFO - Sync 1 DAGs
[2025-06-15T00:00:52.811-0400] {logging_mixin.py:154} INFO - [2025-06-15T00:00:52.811-0400] {dag.py:3722} INFO - Setting next_dagrun for example_setup_teardown_taskflow to 2025-06-14T04:00:52.811311+00:00, run_after=2025-06-15T04:00:52.811311+00:00
[2025-06-15T00:00:52.820-0400] {processor.py:179} INFO - Processing /Users/rah/Desktop/creative_projects/rah_coding_repo/projects/fin_data_project_001/finance-data-project-1/.venv/lib/python3.10/site-packages/airflow/example_dags/example_setup_teardown_taskflow.py took 0.144 seconds
[2025-06-15T00:01:41.561-0400] {processor.py:157} INFO - Started process (PID=52795) to work on /Users/rah/Desktop/creative_projects/rah_coding_repo/projects/fin_data_project_001/finance-data-project-1/.venv/lib/python3.10/site-packages/airflow/example_dags/example_setup_teardown_taskflow.py
[2025-06-15T00:01:41.564-0400] {processor.py:829} INFO - Processing file /Users/rah/Desktop/creative_projects/rah_coding_repo/projects/fin_data_project_001/finance-data-project-1/.venv/lib/python3.10/site-packages/airflow/example_dags/example_setup_teardown_taskflow.py for tasks to queue
[2025-06-15T00:01:41.565-0400] {logging_mixin.py:154} INFO - [2025-06-15T00:01:41.565-0400] {dagbag.py:536} INFO - Filling up the DagBag from /Users/rah/Desktop/creative_projects/rah_coding_repo/projects/fin_data_project_001/finance-data-project-1/.venv/lib/python3.10/site-packages/airflow/example_dags/example_setup_teardown_taskflow.py
[2025-06-15T00:01:41.590-0400] {processor.py:839} INFO - DAG(s) dict_keys(['example_setup_teardown_taskflow']) retrieved from /Users/rah/Desktop/creative_projects/rah_coding_repo/projects/fin_data_project_001/finance-data-project-1/.venv/lib/python3.10/site-packages/airflow/example_dags/example_setup_teardown_taskflow.py
[2025-06-15T00:01:41.688-0400] {logging_mixin.py:154} INFO - [2025-06-15T00:01:41.688-0400] {dag.py:2941} INFO - Sync 1 DAGs
[2025-06-15T00:01:41.696-0400] {logging_mixin.py:154} INFO - [2025-06-15T00:01:41.696-0400] {dag.py:3722} INFO - Setting next_dagrun for example_setup_teardown_taskflow to 2025-06-14T04:01:41.695959+00:00, run_after=2025-06-15T04:01:41.695959+00:00
[2025-06-15T00:01:41.704-0400] {processor.py:179} INFO - Processing /Users/rah/Desktop/creative_projects/rah_coding_repo/projects/fin_data_project_001/finance-data-project-1/.venv/lib/python3.10/site-packages/airflow/example_dags/example_setup_teardown_taskflow.py took 0.143 seconds
[2025-06-15T00:01:53.419-0400] {processor.py:157} INFO - Started process (PID=52966) to work on /Users/rah/Desktop/creative_projects/rah_coding_repo/projects/fin_data_project_001/finance-data-project-1/.venv/lib/python3.10/site-packages/airflow/example_dags/example_setup_teardown_taskflow.py
[2025-06-15T00:01:53.421-0400] {processor.py:829} INFO - Processing file /Users/rah/Desktop/creative_projects/rah_coding_repo/projects/fin_data_project_001/finance-data-project-1/.venv/lib/python3.10/site-packages/airflow/example_dags/example_setup_teardown_taskflow.py for tasks to queue
[2025-06-15T00:01:53.421-0400] {logging_mixin.py:154} INFO - [2025-06-15T00:01:53.421-0400] {dagbag.py:536} INFO - Filling up the DagBag from /Users/rah/Desktop/creative_projects/rah_coding_repo/projects/fin_data_project_001/finance-data-project-1/.venv/lib/python3.10/site-packages/airflow/example_dags/example_setup_teardown_taskflow.py
[2025-06-15T00:01:53.446-0400] {processor.py:839} INFO - DAG(s) dict_keys(['example_setup_teardown_taskflow']) retrieved from /Users/rah/Desktop/creative_projects/rah_coding_repo/projects/fin_data_project_001/finance-data-project-1/.venv/lib/python3.10/site-packages/airflow/example_dags/example_setup_teardown_taskflow.py
[2025-06-15T00:01:53.545-0400] {logging_mixin.py:154} INFO - [2025-06-15T00:01:53.545-0400] {dag.py:2941} INFO - Sync 1 DAGs
[2025-06-15T00:01:53.553-0400] {logging_mixin.py:154} INFO - [2025-06-15T00:01:53.553-0400] {dag.py:3722} INFO - Setting next_dagrun for example_setup_teardown_taskflow to 2025-06-14T04:01:53.553233+00:00, run_after=2025-06-15T04:01:53.553233+00:00
[2025-06-15T00:01:53.562-0400] {processor.py:179} INFO - Processing /Users/rah/Desktop/creative_projects/rah_coding_repo/projects/fin_data_project_001/finance-data-project-1/.venv/lib/python3.10/site-packages/airflow/example_dags/example_setup_teardown_taskflow.py took 0.144 seconds
[2025-06-15T00:02:23.133-0400] {processor.py:157} INFO - Started process (PID=53461) to work on /Users/rah/Desktop/creative_projects/rah_coding_repo/projects/fin_data_project_001/finance-data-project-1/.venv/lib/python3.10/site-packages/airflow/example_dags/example_setup_teardown_taskflow.py
[2025-06-15T00:02:23.135-0400] {processor.py:829} INFO - Processing file /Users/rah/Desktop/creative_projects/rah_coding_repo/projects/fin_data_project_001/finance-data-project-1/.venv/lib/python3.10/site-packages/airflow/example_dags/example_setup_teardown_taskflow.py for tasks to queue
[2025-06-15T00:02:23.135-0400] {logging_mixin.py:154} INFO - [2025-06-15T00:02:23.135-0400] {dagbag.py:536} INFO - Filling up the DagBag from /Users/rah/Desktop/creative_projects/rah_coding_repo/projects/fin_data_project_001/finance-data-project-1/.venv/lib/python3.10/site-packages/airflow/example_dags/example_setup_teardown_taskflow.py
[2025-06-15T00:02:23.159-0400] {processor.py:839} INFO - DAG(s) dict_keys(['example_setup_teardown_taskflow']) retrieved from /Users/rah/Desktop/creative_projects/rah_coding_repo/projects/fin_data_project_001/finance-data-project-1/.venv/lib/python3.10/site-packages/airflow/example_dags/example_setup_teardown_taskflow.py
[2025-06-15T00:02:23.254-0400] {logging_mixin.py:154} INFO - [2025-06-15T00:02:23.254-0400] {dag.py:2941} INFO - Sync 1 DAGs
[2025-06-15T00:02:23.262-0400] {logging_mixin.py:154} INFO - [2025-06-15T00:02:23.262-0400] {dag.py:3722} INFO - Setting next_dagrun for example_setup_teardown_taskflow to 2025-06-14T04:02:23.262255+00:00, run_after=2025-06-15T04:02:23.262255+00:00
[2025-06-15T00:02:23.270-0400] {processor.py:179} INFO - Processing /Users/rah/Desktop/creative_projects/rah_coding_repo/projects/fin_data_project_001/finance-data-project-1/.venv/lib/python3.10/site-packages/airflow/example_dags/example_setup_teardown_taskflow.py took 0.138 seconds
[2025-06-15T00:02:29.122-0400] {processor.py:157} INFO - Started process (PID=53489) to work on /Users/rah/Desktop/creative_projects/rah_coding_repo/projects/fin_data_project_001/finance-data-project-1/.venv/lib/python3.10/site-packages/airflow/example_dags/example_setup_teardown_taskflow.py
[2025-06-15T00:02:29.125-0400] {processor.py:829} INFO - Processing file /Users/rah/Desktop/creative_projects/rah_coding_repo/projects/fin_data_project_001/finance-data-project-1/.venv/lib/python3.10/site-packages/airflow/example_dags/example_setup_teardown_taskflow.py for tasks to queue
[2025-06-15T00:02:29.125-0400] {logging_mixin.py:154} INFO - [2025-06-15T00:02:29.125-0400] {dagbag.py:536} INFO - Filling up the DagBag from /Users/rah/Desktop/creative_projects/rah_coding_repo/projects/fin_data_project_001/finance-data-project-1/.venv/lib/python3.10/site-packages/airflow/example_dags/example_setup_teardown_taskflow.py
[2025-06-15T00:02:29.148-0400] {processor.py:839} INFO - DAG(s) dict_keys(['example_setup_teardown_taskflow']) retrieved from /Users/rah/Desktop/creative_projects/rah_coding_repo/projects/fin_data_project_001/finance-data-project-1/.venv/lib/python3.10/site-packages/airflow/example_dags/example_setup_teardown_taskflow.py
[2025-06-15T00:02:29.242-0400] {logging_mixin.py:154} INFO - [2025-06-15T00:02:29.242-0400] {dag.py:2941} INFO - Sync 1 DAGs
[2025-06-15T00:02:29.249-0400] {logging_mixin.py:154} INFO - [2025-06-15T00:02:29.249-0400] {dag.py:3722} INFO - Setting next_dagrun for example_setup_teardown_taskflow to 2025-06-14T04:02:29.249774+00:00, run_after=2025-06-15T04:02:29.249774+00:00
[2025-06-15T00:02:29.257-0400] {processor.py:179} INFO - Processing /Users/rah/Desktop/creative_projects/rah_coding_repo/projects/fin_data_project_001/finance-data-project-1/.venv/lib/python3.10/site-packages/airflow/example_dags/example_setup_teardown_taskflow.py took 0.136 seconds
[2025-06-15T00:03:29.532-0400] {processor.py:157} INFO - Started process (PID=54435) to work on /Users/rah/.pyenv/versions/3.10.11/lib/python3.10/site-packages/airflow/example_dags/example_setup_teardown_taskflow.py
[2025-06-15T00:03:29.535-0400] {processor.py:829} INFO - Processing file /Users/rah/.pyenv/versions/3.10.11/lib/python3.10/site-packages/airflow/example_dags/example_setup_teardown_taskflow.py for tasks to queue
[2025-06-15T00:03:29.535-0400] {logging_mixin.py:154} INFO - [2025-06-15T00:03:29.535-0400] {dagbag.py:536} INFO - Filling up the DagBag from /Users/rah/.pyenv/versions/3.10.11/lib/python3.10/site-packages/airflow/example_dags/example_setup_teardown_taskflow.py
[2025-06-15T00:03:29.578-0400] {processor.py:839} INFO - DAG(s) dict_keys(['example_setup_teardown_taskflow']) retrieved from /Users/rah/.pyenv/versions/3.10.11/lib/python3.10/site-packages/airflow/example_dags/example_setup_teardown_taskflow.py
[2025-06-15T00:03:29.896-0400] {logging_mixin.py:154} INFO - [2025-06-15T00:03:29.896-0400] {dag.py:2941} INFO - Sync 1 DAGs
[2025-06-15T00:03:29.903-0400] {logging_mixin.py:154} INFO - [2025-06-15T00:03:29.903-0400] {dag.py:3722} INFO - Setting next_dagrun for example_setup_teardown_taskflow to 2025-06-14T04:03:29.903360+00:00, run_after=2025-06-15T04:03:29.903360+00:00
[2025-06-15T00:03:29.911-0400] {processor.py:179} INFO - Processing /Users/rah/.pyenv/versions/3.10.11/lib/python3.10/site-packages/airflow/example_dags/example_setup_teardown_taskflow.py took 0.380 seconds
[2025-06-15T00:06:50.413-0400] {processor.py:157} INFO - Started process (PID=57129) to work on /Users/rah/.pyenv/versions/3.10.11/lib/python3.10/site-packages/airflow/example_dags/example_setup_teardown_taskflow.py
[2025-06-15T00:06:50.416-0400] {processor.py:829} INFO - Processing file /Users/rah/.pyenv/versions/3.10.11/lib/python3.10/site-packages/airflow/example_dags/example_setup_teardown_taskflow.py for tasks to queue
[2025-06-15T00:06:50.416-0400] {logging_mixin.py:154} INFO - [2025-06-15T00:06:50.416-0400] {dagbag.py:536} INFO - Filling up the DagBag from /Users/rah/.pyenv/versions/3.10.11/lib/python3.10/site-packages/airflow/example_dags/example_setup_teardown_taskflow.py
[2025-06-15T00:06:50.458-0400] {processor.py:839} INFO - DAG(s) dict_keys(['example_setup_teardown_taskflow']) retrieved from /Users/rah/.pyenv/versions/3.10.11/lib/python3.10/site-packages/airflow/example_dags/example_setup_teardown_taskflow.py
[2025-06-15T00:06:50.548-0400] {logging_mixin.py:154} INFO - [2025-06-15T00:06:50.548-0400] {dag.py:2941} INFO - Sync 1 DAGs
[2025-06-15T00:06:50.554-0400] {logging_mixin.py:154} INFO - [2025-06-15T00:06:50.554-0400] {dag.py:3722} INFO - Setting next_dagrun for example_setup_teardown_taskflow to 2025-06-14T04:06:50.554496+00:00, run_after=2025-06-15T04:06:50.554496+00:00
[2025-06-15T00:06:50.562-0400] {processor.py:179} INFO - Processing /Users/rah/.pyenv/versions/3.10.11/lib/python3.10/site-packages/airflow/example_dags/example_setup_teardown_taskflow.py took 0.150 seconds
[2025-06-15T00:08:19.143-0400] {processor.py:157} INFO - Started process (PID=58237) to work on /Users/rah/.pyenv/versions/3.10.11/lib/python3.10/site-packages/airflow/example_dags/example_setup_teardown_taskflow.py
[2025-06-15T00:08:19.146-0400] {processor.py:829} INFO - Processing file /Users/rah/.pyenv/versions/3.10.11/lib/python3.10/site-packages/airflow/example_dags/example_setup_teardown_taskflow.py for tasks to queue
[2025-06-15T00:08:19.147-0400] {logging_mixin.py:154} INFO - [2025-06-15T00:08:19.147-0400] {dagbag.py:536} INFO - Filling up the DagBag from /Users/rah/.pyenv/versions/3.10.11/lib/python3.10/site-packages/airflow/example_dags/example_setup_teardown_taskflow.py
[2025-06-15T00:08:19.191-0400] {processor.py:839} INFO - DAG(s) dict_keys(['example_setup_teardown_taskflow']) retrieved from /Users/rah/.pyenv/versions/3.10.11/lib/python3.10/site-packages/airflow/example_dags/example_setup_teardown_taskflow.py
[2025-06-15T00:08:19.283-0400] {logging_mixin.py:154} INFO - [2025-06-15T00:08:19.283-0400] {dag.py:2941} INFO - Sync 1 DAGs
[2025-06-15T00:08:19.290-0400] {logging_mixin.py:154} INFO - [2025-06-15T00:08:19.290-0400] {dag.py:3722} INFO - Setting next_dagrun for example_setup_teardown_taskflow to 2025-06-14T04:08:19.290183+00:00, run_after=2025-06-15T04:08:19.290183+00:00
[2025-06-15T00:08:19.299-0400] {processor.py:179} INFO - Processing /Users/rah/.pyenv/versions/3.10.11/lib/python3.10/site-packages/airflow/example_dags/example_setup_teardown_taskflow.py took 0.156 seconds
[2025-06-15T00:10:02.136-0400] {processor.py:157} INFO - Started process (PID=60290) to work on /Users/rah/.pyenv/versions/3.10.11/lib/python3.10/site-packages/airflow/example_dags/example_setup_teardown_taskflow.py
[2025-06-15T00:10:02.139-0400] {processor.py:829} INFO - Processing file /Users/rah/.pyenv/versions/3.10.11/lib/python3.10/site-packages/airflow/example_dags/example_setup_teardown_taskflow.py for tasks to queue
[2025-06-15T00:10:02.140-0400] {logging_mixin.py:154} INFO - [2025-06-15T00:10:02.140-0400] {dagbag.py:536} INFO - Filling up the DagBag from /Users/rah/.pyenv/versions/3.10.11/lib/python3.10/site-packages/airflow/example_dags/example_setup_teardown_taskflow.py
[2025-06-15T00:10:02.186-0400] {processor.py:839} INFO - DAG(s) dict_keys(['example_setup_teardown_taskflow']) retrieved from /Users/rah/.pyenv/versions/3.10.11/lib/python3.10/site-packages/airflow/example_dags/example_setup_teardown_taskflow.py
[2025-06-15T00:10:02.278-0400] {logging_mixin.py:154} INFO - [2025-06-15T00:10:02.278-0400] {dag.py:2941} INFO - Sync 1 DAGs
[2025-06-15T00:10:02.285-0400] {logging_mixin.py:154} INFO - [2025-06-15T00:10:02.285-0400] {dag.py:3722} INFO - Setting next_dagrun for example_setup_teardown_taskflow to 2025-06-14T04:10:02.285016+00:00, run_after=2025-06-15T04:10:02.285016+00:00
[2025-06-15T00:10:02.293-0400] {processor.py:179} INFO - Processing /Users/rah/.pyenv/versions/3.10.11/lib/python3.10/site-packages/airflow/example_dags/example_setup_teardown_taskflow.py took 0.157 seconds
[2025-06-15T00:11:42.381-0400] {processor.py:157} INFO - Started process (PID=61580) to work on /Users/rah/.pyenv/versions/3.10.11/lib/python3.10/site-packages/airflow/example_dags/example_setup_teardown_taskflow.py
[2025-06-15T00:11:42.384-0400] {processor.py:829} INFO - Processing file /Users/rah/.pyenv/versions/3.10.11/lib/python3.10/site-packages/airflow/example_dags/example_setup_teardown_taskflow.py for tasks to queue
[2025-06-15T00:11:42.384-0400] {logging_mixin.py:154} INFO - [2025-06-15T00:11:42.384-0400] {dagbag.py:536} INFO - Filling up the DagBag from /Users/rah/.pyenv/versions/3.10.11/lib/python3.10/site-packages/airflow/example_dags/example_setup_teardown_taskflow.py
[2025-06-15T00:11:42.432-0400] {processor.py:839} INFO - DAG(s) dict_keys(['example_setup_teardown_taskflow']) retrieved from /Users/rah/.pyenv/versions/3.10.11/lib/python3.10/site-packages/airflow/example_dags/example_setup_teardown_taskflow.py
[2025-06-15T00:11:42.526-0400] {logging_mixin.py:154} INFO - [2025-06-15T00:11:42.526-0400] {dag.py:2941} INFO - Sync 1 DAGs
[2025-06-15T00:11:42.533-0400] {logging_mixin.py:154} INFO - [2025-06-15T00:11:42.533-0400] {dag.py:3722} INFO - Setting next_dagrun for example_setup_teardown_taskflow to 2025-06-14T04:11:42.532988+00:00, run_after=2025-06-15T04:11:42.532988+00:00
[2025-06-15T00:11:42.541-0400] {processor.py:179} INFO - Processing /Users/rah/.pyenv/versions/3.10.11/lib/python3.10/site-packages/airflow/example_dags/example_setup_teardown_taskflow.py took 0.161 seconds
[2025-06-15T00:13:25.544-0400] {processor.py:157} INFO - Started process (PID=63427) to work on /Users/rah/.pyenv/versions/3.10.11/lib/python3.10/site-packages/airflow/example_dags/example_setup_teardown_taskflow.py
[2025-06-15T00:13:25.547-0400] {processor.py:829} INFO - Processing file /Users/rah/.pyenv/versions/3.10.11/lib/python3.10/site-packages/airflow/example_dags/example_setup_teardown_taskflow.py for tasks to queue
[2025-06-15T00:13:25.547-0400] {logging_mixin.py:154} INFO - [2025-06-15T00:13:25.547-0400] {dagbag.py:536} INFO - Filling up the DagBag from /Users/rah/.pyenv/versions/3.10.11/lib/python3.10/site-packages/airflow/example_dags/example_setup_teardown_taskflow.py
[2025-06-15T00:13:25.590-0400] {processor.py:839} INFO - DAG(s) dict_keys(['example_setup_teardown_taskflow']) retrieved from /Users/rah/.pyenv/versions/3.10.11/lib/python3.10/site-packages/airflow/example_dags/example_setup_teardown_taskflow.py
[2025-06-15T00:13:25.679-0400] {logging_mixin.py:154} INFO - [2025-06-15T00:13:25.679-0400] {dag.py:2941} INFO - Sync 1 DAGs
[2025-06-15T00:13:25.686-0400] {logging_mixin.py:154} INFO - [2025-06-15T00:13:25.686-0400] {dag.py:3722} INFO - Setting next_dagrun for example_setup_teardown_taskflow to 2025-06-14T04:13:25.686214+00:00, run_after=2025-06-15T04:13:25.686214+00:00
[2025-06-15T00:13:25.694-0400] {processor.py:179} INFO - Processing /Users/rah/.pyenv/versions/3.10.11/lib/python3.10/site-packages/airflow/example_dags/example_setup_teardown_taskflow.py took 0.151 seconds
[2025-06-15T00:15:06.492-0400] {processor.py:157} INFO - Started process (PID=64891) to work on /Users/rah/.pyenv/versions/3.10.11/lib/python3.10/site-packages/airflow/example_dags/example_setup_teardown_taskflow.py
[2025-06-15T00:15:06.495-0400] {processor.py:829} INFO - Processing file /Users/rah/.pyenv/versions/3.10.11/lib/python3.10/site-packages/airflow/example_dags/example_setup_teardown_taskflow.py for tasks to queue
[2025-06-15T00:15:06.495-0400] {logging_mixin.py:154} INFO - [2025-06-15T00:15:06.495-0400] {dagbag.py:536} INFO - Filling up the DagBag from /Users/rah/.pyenv/versions/3.10.11/lib/python3.10/site-packages/airflow/example_dags/example_setup_teardown_taskflow.py
[2025-06-15T00:15:06.543-0400] {processor.py:839} INFO - DAG(s) dict_keys(['example_setup_teardown_taskflow']) retrieved from /Users/rah/.pyenv/versions/3.10.11/lib/python3.10/site-packages/airflow/example_dags/example_setup_teardown_taskflow.py
[2025-06-15T00:15:06.642-0400] {logging_mixin.py:154} INFO - [2025-06-15T00:15:06.642-0400] {dag.py:2941} INFO - Sync 1 DAGs
[2025-06-15T00:15:06.650-0400] {logging_mixin.py:154} INFO - [2025-06-15T00:15:06.650-0400] {dag.py:3722} INFO - Setting next_dagrun for example_setup_teardown_taskflow to 2025-06-14T04:15:06.650093+00:00, run_after=2025-06-15T04:15:06.650093+00:00
[2025-06-15T00:15:06.660-0400] {processor.py:179} INFO - Processing /Users/rah/.pyenv/versions/3.10.11/lib/python3.10/site-packages/airflow/example_dags/example_setup_teardown_taskflow.py took 0.168 seconds
