[2025-06-14T23:49:59.829-0400] {processor.py:157} INFO - Started process (PID=40754) to work on /Users/rah/.pyenv/versions/3.10.11/lib/python3.10/site-packages/airflow/example_dags/example_bash_operator.py
[2025-06-14T23:49:59.832-0400] {processor.py:829} INFO - Processing file /Users/rah/.pyenv/versions/3.10.11/lib/python3.10/site-packages/airflow/example_dags/example_bash_operator.py for tasks to queue
[2025-06-14T23:49:59.832-0400] {logging_mixin.py:154} INFO - [2025-06-14T23:49:59.832-0400] {dagbag.py:536} INFO - Filling up the DagBag from /Users/rah/.pyenv/versions/3.10.11/lib/python3.10/site-packages/airflow/example_dags/example_bash_operator.py
[2025-06-14T23:49:59.898-0400] {processor.py:839} INFO - DAG(s) dict_keys(['example_bash_operator']) retrieved from /Users/rah/.pyenv/versions/3.10.11/lib/python3.10/site-packages/airflow/example_dags/example_bash_operator.py
[2025-06-14T23:50:00.211-0400] {logging_mixin.py:154} INFO - [2025-06-14T23:50:00.211-0400] {manager.py:499} INFO - Created Permission View: %s
[2025-06-14T23:50:00.215-0400] {logging_mixin.py:154} INFO - [2025-06-14T23:50:00.215-0400] {manager.py:499} INFO - Created Permission View: %s
[2025-06-14T23:50:00.217-0400] {logging_mixin.py:154} INFO - [2025-06-14T23:50:00.217-0400] {manager.py:499} INFO - Created Permission View: %s
[2025-06-14T23:50:00.217-0400] {logging_mixin.py:154} INFO - [2025-06-14T23:50:00.217-0400] {dag.py:2941} INFO - Sync 1 DAGs
[2025-06-14T23:50:00.221-0400] {logging_mixin.py:154} INFO - [2025-06-14T23:50:00.221-0400] {dag.py:2963} INFO - Creating ORM DAG for example_bash_operator
[2025-06-14T23:50:00.225-0400] {logging_mixin.py:154} INFO - [2025-06-14T23:50:00.225-0400] {dag.py:3722} INFO - Setting next_dagrun for example_bash_operator to 2025-06-14T00:00:00+00:00, run_after=2025-06-15T00:00:00+00:00
[2025-06-14T23:50:00.232-0400] {processor.py:179} INFO - Processing /Users/rah/.pyenv/versions/3.10.11/lib/python3.10/site-packages/airflow/example_dags/example_bash_operator.py took 0.404 seconds
[2025-06-14T23:56:08.807-0400] {processor.py:157} INFO - Started process (PID=46940) to work on /Users/rah/Desktop/creative_projects/rah_coding_repo/projects/fin_data_project_001/finance-data-project-1/.venv/lib/python3.10/site-packages/airflow/example_dags/example_bash_operator.py
[2025-06-14T23:56:08.810-0400] {processor.py:829} INFO - Processing file /Users/rah/Desktop/creative_projects/rah_coding_repo/projects/fin_data_project_001/finance-data-project-1/.venv/lib/python3.10/site-packages/airflow/example_dags/example_bash_operator.py for tasks to queue
[2025-06-14T23:56:08.810-0400] {logging_mixin.py:154} INFO - [2025-06-14T23:56:08.810-0400] {dagbag.py:536} INFO - Filling up the DagBag from /Users/rah/Desktop/creative_projects/rah_coding_repo/projects/fin_data_project_001/finance-data-project-1/.venv/lib/python3.10/site-packages/airflow/example_dags/example_bash_operator.py
[2025-06-14T23:56:08.852-0400] {processor.py:839} INFO - DAG(s) dict_keys(['example_bash_operator']) retrieved from /Users/rah/Desktop/creative_projects/rah_coding_repo/projects/fin_data_project_001/finance-data-project-1/.venv/lib/python3.10/site-packages/airflow/example_dags/example_bash_operator.py
[2025-06-14T23:56:08.913-0400] {logging_mixin.py:154} INFO - [2025-06-14T23:56:08.913-0400] {dag.py:2941} INFO - Sync 1 DAGs
[2025-06-14T23:56:08.920-0400] {logging_mixin.py:154} INFO - [2025-06-14T23:56:08.919-0400] {dag.py:3722} INFO - Setting next_dagrun for example_bash_operator to 2025-06-14T00:00:00+00:00, run_after=2025-06-15T00:00:00+00:00
[2025-06-14T23:56:08.927-0400] {processor.py:179} INFO - Processing /Users/rah/Desktop/creative_projects/rah_coding_repo/projects/fin_data_project_001/finance-data-project-1/.venv/lib/python3.10/site-packages/airflow/example_dags/example_bash_operator.py took 0.121 seconds
[2025-06-14T23:57:10.792-0400] {processor.py:157} INFO - Started process (PID=48344) to work on /Users/rah/Desktop/creative_projects/rah_coding_repo/projects/fin_data_project_001/finance-data-project-1/.venv/lib/python3.10/site-packages/airflow/example_dags/example_bash_operator.py
[2025-06-14T23:57:10.795-0400] {processor.py:829} INFO - Processing file /Users/rah/Desktop/creative_projects/rah_coding_repo/projects/fin_data_project_001/finance-data-project-1/.venv/lib/python3.10/site-packages/airflow/example_dags/example_bash_operator.py for tasks to queue
[2025-06-14T23:57:10.796-0400] {logging_mixin.py:154} INFO - [2025-06-14T23:57:10.796-0400] {dagbag.py:536} INFO - Filling up the DagBag from /Users/rah/Desktop/creative_projects/rah_coding_repo/projects/fin_data_project_001/finance-data-project-1/.venv/lib/python3.10/site-packages/airflow/example_dags/example_bash_operator.py
[2025-06-14T23:57:10.844-0400] {processor.py:839} INFO - DAG(s) dict_keys(['example_bash_operator']) retrieved from /Users/rah/Desktop/creative_projects/rah_coding_repo/projects/fin_data_project_001/finance-data-project-1/.venv/lib/python3.10/site-packages/airflow/example_dags/example_bash_operator.py
[2025-06-14T23:57:10.918-0400] {logging_mixin.py:154} INFO - [2025-06-14T23:57:10.918-0400] {dag.py:2941} INFO - Sync 1 DAGs
[2025-06-14T23:57:10.927-0400] {logging_mixin.py:154} INFO - [2025-06-14T23:57:10.927-0400] {dag.py:3722} INFO - Setting next_dagrun for example_bash_operator to 2025-06-14T00:00:00+00:00, run_after=2025-06-15T00:00:00+00:00
[2025-06-14T23:57:10.935-0400] {processor.py:179} INFO - Processing /Users/rah/Desktop/creative_projects/rah_coding_repo/projects/fin_data_project_001/finance-data-project-1/.venv/lib/python3.10/site-packages/airflow/example_dags/example_bash_operator.py took 0.144 seconds
[2025-06-14T23:57:48.230-0400] {processor.py:157} INFO - Started process (PID=48806) to work on /Users/rah/Desktop/creative_projects/rah_coding_repo/projects/fin_data_project_001/finance-data-project-1/.venv/lib/python3.10/site-packages/airflow/example_dags/example_bash_operator.py
[2025-06-14T23:57:48.234-0400] {processor.py:829} INFO - Processing file /Users/rah/Desktop/creative_projects/rah_coding_repo/projects/fin_data_project_001/finance-data-project-1/.venv/lib/python3.10/site-packages/airflow/example_dags/example_bash_operator.py for tasks to queue
[2025-06-14T23:57:48.234-0400] {logging_mixin.py:154} INFO - [2025-06-14T23:57:48.234-0400] {dagbag.py:536} INFO - Filling up the DagBag from /Users/rah/Desktop/creative_projects/rah_coding_repo/projects/fin_data_project_001/finance-data-project-1/.venv/lib/python3.10/site-packages/airflow/example_dags/example_bash_operator.py
[2025-06-14T23:57:48.279-0400] {processor.py:839} INFO - DAG(s) dict_keys(['example_bash_operator']) retrieved from /Users/rah/Desktop/creative_projects/rah_coding_repo/projects/fin_data_project_001/finance-data-project-1/.venv/lib/python3.10/site-packages/airflow/example_dags/example_bash_operator.py
[2025-06-14T23:57:48.348-0400] {logging_mixin.py:154} INFO - [2025-06-14T23:57:48.348-0400] {dag.py:2941} INFO - Sync 1 DAGs
[2025-06-14T23:57:48.356-0400] {logging_mixin.py:154} INFO - [2025-06-14T23:57:48.356-0400] {dag.py:3722} INFO - Setting next_dagrun for example_bash_operator to 2025-06-14T00:00:00+00:00, run_after=2025-06-15T00:00:00+00:00
[2025-06-14T23:57:48.365-0400] {processor.py:179} INFO - Processing /Users/rah/Desktop/creative_projects/rah_coding_repo/projects/fin_data_project_001/finance-data-project-1/.venv/lib/python3.10/site-packages/airflow/example_dags/example_bash_operator.py took 0.135 seconds
[2025-06-14T23:58:00.846-0400] {processor.py:157} INFO - Started process (PID=49065) to work on /Users/rah/Desktop/creative_projects/rah_coding_repo/projects/fin_data_project_001/finance-data-project-1/.venv/lib/python3.10/site-packages/airflow/example_dags/example_bash_operator.py
[2025-06-14T23:58:00.849-0400] {processor.py:829} INFO - Processing file /Users/rah/Desktop/creative_projects/rah_coding_repo/projects/fin_data_project_001/finance-data-project-1/.venv/lib/python3.10/site-packages/airflow/example_dags/example_bash_operator.py for tasks to queue
[2025-06-14T23:58:00.849-0400] {logging_mixin.py:154} INFO - [2025-06-14T23:58:00.849-0400] {dagbag.py:536} INFO - Filling up the DagBag from /Users/rah/Desktop/creative_projects/rah_coding_repo/projects/fin_data_project_001/finance-data-project-1/.venv/lib/python3.10/site-packages/airflow/example_dags/example_bash_operator.py
[2025-06-14T23:58:00.897-0400] {processor.py:839} INFO - DAG(s) dict_keys(['example_bash_operator']) retrieved from /Users/rah/Desktop/creative_projects/rah_coding_repo/projects/fin_data_project_001/finance-data-project-1/.venv/lib/python3.10/site-packages/airflow/example_dags/example_bash_operator.py
[2025-06-14T23:58:00.962-0400] {logging_mixin.py:154} INFO - [2025-06-14T23:58:00.962-0400] {dag.py:2941} INFO - Sync 1 DAGs
[2025-06-14T23:58:00.969-0400] {logging_mixin.py:154} INFO - [2025-06-14T23:58:00.969-0400] {dag.py:3722} INFO - Setting next_dagrun for example_bash_operator to 2025-06-14T00:00:00+00:00, run_after=2025-06-15T00:00:00+00:00
[2025-06-14T23:58:00.977-0400] {processor.py:179} INFO - Processing /Users/rah/Desktop/creative_projects/rah_coding_repo/projects/fin_data_project_001/finance-data-project-1/.venv/lib/python3.10/site-packages/airflow/example_dags/example_bash_operator.py took 0.131 seconds
[2025-06-14T23:58:49.637-0400] {processor.py:157} INFO - Started process (PID=50083) to work on /Users/rah/Desktop/creative_projects/rah_coding_repo/projects/fin_data_project_001/finance-data-project-1/.venv/lib/python3.10/site-packages/airflow/example_dags/example_bash_operator.py
[2025-06-14T23:58:49.640-0400] {processor.py:829} INFO - Processing file /Users/rah/Desktop/creative_projects/rah_coding_repo/projects/fin_data_project_001/finance-data-project-1/.venv/lib/python3.10/site-packages/airflow/example_dags/example_bash_operator.py for tasks to queue
[2025-06-14T23:58:49.640-0400] {logging_mixin.py:154} INFO - [2025-06-14T23:58:49.640-0400] {dagbag.py:536} INFO - Filling up the DagBag from /Users/rah/Desktop/creative_projects/rah_coding_repo/projects/fin_data_project_001/finance-data-project-1/.venv/lib/python3.10/site-packages/airflow/example_dags/example_bash_operator.py
[2025-06-14T23:58:49.687-0400] {processor.py:839} INFO - DAG(s) dict_keys(['example_bash_operator']) retrieved from /Users/rah/Desktop/creative_projects/rah_coding_repo/projects/fin_data_project_001/finance-data-project-1/.venv/lib/python3.10/site-packages/airflow/example_dags/example_bash_operator.py
[2025-06-14T23:58:49.759-0400] {logging_mixin.py:154} INFO - [2025-06-14T23:58:49.759-0400] {dag.py:2941} INFO - Sync 1 DAGs
[2025-06-14T23:58:49.767-0400] {logging_mixin.py:154} INFO - [2025-06-14T23:58:49.766-0400] {dag.py:3722} INFO - Setting next_dagrun for example_bash_operator to 2025-06-14T00:00:00+00:00, run_after=2025-06-15T00:00:00+00:00
[2025-06-14T23:58:49.775-0400] {processor.py:179} INFO - Processing /Users/rah/Desktop/creative_projects/rah_coding_repo/projects/fin_data_project_001/finance-data-project-1/.venv/lib/python3.10/site-packages/airflow/example_dags/example_bash_operator.py took 0.138 seconds
[2025-06-14T23:59:25.976-0400] {processor.py:157} INFO - Started process (PID=50689) to work on /Users/rah/Desktop/creative_projects/rah_coding_repo/projects/fin_data_project_001/finance-data-project-1/.venv/lib/python3.10/site-packages/airflow/example_dags/example_bash_operator.py
[2025-06-14T23:59:25.980-0400] {processor.py:829} INFO - Processing file /Users/rah/Desktop/creative_projects/rah_coding_repo/projects/fin_data_project_001/finance-data-project-1/.venv/lib/python3.10/site-packages/airflow/example_dags/example_bash_operator.py for tasks to queue
[2025-06-14T23:59:25.980-0400] {logging_mixin.py:154} INFO - [2025-06-14T23:59:25.980-0400] {dagbag.py:536} INFO - Filling up the DagBag from /Users/rah/Desktop/creative_projects/rah_coding_repo/projects/fin_data_project_001/finance-data-project-1/.venv/lib/python3.10/site-packages/airflow/example_dags/example_bash_operator.py
[2025-06-14T23:59:26.027-0400] {processor.py:839} INFO - DAG(s) dict_keys(['example_bash_operator']) retrieved from /Users/rah/Desktop/creative_projects/rah_coding_repo/projects/fin_data_project_001/finance-data-project-1/.venv/lib/python3.10/site-packages/airflow/example_dags/example_bash_operator.py
[2025-06-14T23:59:26.096-0400] {logging_mixin.py:154} INFO - [2025-06-14T23:59:26.096-0400] {dag.py:2941} INFO - Sync 1 DAGs
[2025-06-14T23:59:26.104-0400] {logging_mixin.py:154} INFO - [2025-06-14T23:59:26.104-0400] {dag.py:3722} INFO - Setting next_dagrun for example_bash_operator to 2025-06-14T00:00:00+00:00, run_after=2025-06-15T00:00:00+00:00
[2025-06-14T23:59:26.113-0400] {processor.py:179} INFO - Processing /Users/rah/Desktop/creative_projects/rah_coding_repo/projects/fin_data_project_001/finance-data-project-1/.venv/lib/python3.10/site-packages/airflow/example_dags/example_bash_operator.py took 0.137 seconds
[2025-06-14T23:59:42.885-0400] {processor.py:157} INFO - Started process (PID=50879) to work on /Users/rah/Desktop/creative_projects/rah_coding_repo/projects/fin_data_project_001/finance-data-project-1/.venv/lib/python3.10/site-packages/airflow/example_dags/example_bash_operator.py
[2025-06-14T23:59:42.888-0400] {processor.py:829} INFO - Processing file /Users/rah/Desktop/creative_projects/rah_coding_repo/projects/fin_data_project_001/finance-data-project-1/.venv/lib/python3.10/site-packages/airflow/example_dags/example_bash_operator.py for tasks to queue
[2025-06-14T23:59:42.889-0400] {logging_mixin.py:154} INFO - [2025-06-14T23:59:42.889-0400] {dagbag.py:536} INFO - Filling up the DagBag from /Users/rah/Desktop/creative_projects/rah_coding_repo/projects/fin_data_project_001/finance-data-project-1/.venv/lib/python3.10/site-packages/airflow/example_dags/example_bash_operator.py
[2025-06-14T23:59:42.938-0400] {processor.py:839} INFO - DAG(s) dict_keys(['example_bash_operator']) retrieved from /Users/rah/Desktop/creative_projects/rah_coding_repo/projects/fin_data_project_001/finance-data-project-1/.venv/lib/python3.10/site-packages/airflow/example_dags/example_bash_operator.py
[2025-06-14T23:59:43.012-0400] {logging_mixin.py:154} INFO - [2025-06-14T23:59:43.012-0400] {dag.py:2941} INFO - Sync 1 DAGs
[2025-06-14T23:59:43.020-0400] {logging_mixin.py:154} INFO - [2025-06-14T23:59:43.020-0400] {dag.py:3722} INFO - Setting next_dagrun for example_bash_operator to 2025-06-14T00:00:00+00:00, run_after=2025-06-15T00:00:00+00:00
[2025-06-14T23:59:43.030-0400] {processor.py:179} INFO - Processing /Users/rah/Desktop/creative_projects/rah_coding_repo/projects/fin_data_project_001/finance-data-project-1/.venv/lib/python3.10/site-packages/airflow/example_dags/example_bash_operator.py took 0.145 seconds
[2025-06-15T00:00:14.392-0400] {processor.py:157} INFO - Started process (PID=51385) to work on /Users/rah/Desktop/creative_projects/rah_coding_repo/projects/fin_data_project_001/finance-data-project-1/.venv/lib/python3.10/site-packages/airflow/example_dags/example_bash_operator.py
[2025-06-15T00:00:14.395-0400] {processor.py:829} INFO - Processing file /Users/rah/Desktop/creative_projects/rah_coding_repo/projects/fin_data_project_001/finance-data-project-1/.venv/lib/python3.10/site-packages/airflow/example_dags/example_bash_operator.py for tasks to queue
[2025-06-15T00:00:14.396-0400] {logging_mixin.py:154} INFO - [2025-06-15T00:00:14.396-0400] {dagbag.py:536} INFO - Filling up the DagBag from /Users/rah/Desktop/creative_projects/rah_coding_repo/projects/fin_data_project_001/finance-data-project-1/.venv/lib/python3.10/site-packages/airflow/example_dags/example_bash_operator.py
[2025-06-15T00:00:14.441-0400] {processor.py:839} INFO - DAG(s) dict_keys(['example_bash_operator']) retrieved from /Users/rah/Desktop/creative_projects/rah_coding_repo/projects/fin_data_project_001/finance-data-project-1/.venv/lib/python3.10/site-packages/airflow/example_dags/example_bash_operator.py
[2025-06-15T00:00:14.507-0400] {logging_mixin.py:154} INFO - [2025-06-15T00:00:14.507-0400] {dag.py:2941} INFO - Sync 1 DAGs
[2025-06-15T00:00:14.514-0400] {logging_mixin.py:154} INFO - [2025-06-15T00:00:14.514-0400] {dag.py:3722} INFO - Setting next_dagrun for example_bash_operator to 2025-06-14T00:00:00+00:00, run_after=2025-06-15T00:00:00+00:00
[2025-06-15T00:00:14.522-0400] {processor.py:179} INFO - Processing /Users/rah/Desktop/creative_projects/rah_coding_repo/projects/fin_data_project_001/finance-data-project-1/.venv/lib/python3.10/site-packages/airflow/example_dags/example_bash_operator.py took 0.131 seconds
[2025-06-15T00:00:21.927-0400] {processor.py:157} INFO - Started process (PID=51526) to work on /Users/rah/Desktop/creative_projects/rah_coding_repo/projects/fin_data_project_001/finance-data-project-1/.venv/lib/python3.10/site-packages/airflow/example_dags/example_bash_operator.py
[2025-06-15T00:00:21.930-0400] {processor.py:829} INFO - Processing file /Users/rah/Desktop/creative_projects/rah_coding_repo/projects/fin_data_project_001/finance-data-project-1/.venv/lib/python3.10/site-packages/airflow/example_dags/example_bash_operator.py for tasks to queue
[2025-06-15T00:00:21.930-0400] {logging_mixin.py:154} INFO - [2025-06-15T00:00:21.930-0400] {dagbag.py:536} INFO - Filling up the DagBag from /Users/rah/Desktop/creative_projects/rah_coding_repo/projects/fin_data_project_001/finance-data-project-1/.venv/lib/python3.10/site-packages/airflow/example_dags/example_bash_operator.py
[2025-06-15T00:00:21.979-0400] {processor.py:839} INFO - DAG(s) dict_keys(['example_bash_operator']) retrieved from /Users/rah/Desktop/creative_projects/rah_coding_repo/projects/fin_data_project_001/finance-data-project-1/.venv/lib/python3.10/site-packages/airflow/example_dags/example_bash_operator.py
[2025-06-15T00:00:22.050-0400] {logging_mixin.py:154} INFO - [2025-06-15T00:00:22.050-0400] {dag.py:2941} INFO - Sync 1 DAGs
[2025-06-15T00:00:22.058-0400] {logging_mixin.py:154} INFO - [2025-06-15T00:00:22.058-0400] {dag.py:3722} INFO - Setting next_dagrun for example_bash_operator to 2025-06-14T00:00:00+00:00, run_after=2025-06-15T00:00:00+00:00
[2025-06-15T00:00:22.066-0400] {processor.py:179} INFO - Processing /Users/rah/Desktop/creative_projects/rah_coding_repo/projects/fin_data_project_001/finance-data-project-1/.venv/lib/python3.10/site-packages/airflow/example_dags/example_bash_operator.py took 0.140 seconds
[2025-06-15T00:01:08.502-0400] {processor.py:157} INFO - Started process (PID=52184) to work on /Users/rah/Desktop/creative_projects/rah_coding_repo/projects/fin_data_project_001/finance-data-project-1/.venv/lib/python3.10/site-packages/airflow/example_dags/example_bash_operator.py
[2025-06-15T00:01:08.505-0400] {processor.py:829} INFO - Processing file /Users/rah/Desktop/creative_projects/rah_coding_repo/projects/fin_data_project_001/finance-data-project-1/.venv/lib/python3.10/site-packages/airflow/example_dags/example_bash_operator.py for tasks to queue
[2025-06-15T00:01:08.505-0400] {logging_mixin.py:154} INFO - [2025-06-15T00:01:08.505-0400] {dagbag.py:536} INFO - Filling up the DagBag from /Users/rah/Desktop/creative_projects/rah_coding_repo/projects/fin_data_project_001/finance-data-project-1/.venv/lib/python3.10/site-packages/airflow/example_dags/example_bash_operator.py
[2025-06-15T00:01:08.551-0400] {processor.py:839} INFO - DAG(s) dict_keys(['example_bash_operator']) retrieved from /Users/rah/Desktop/creative_projects/rah_coding_repo/projects/fin_data_project_001/finance-data-project-1/.venv/lib/python3.10/site-packages/airflow/example_dags/example_bash_operator.py
[2025-06-15T00:01:08.619-0400] {logging_mixin.py:154} INFO - [2025-06-15T00:01:08.618-0400] {dag.py:2941} INFO - Sync 1 DAGs
[2025-06-15T00:01:08.626-0400] {logging_mixin.py:154} INFO - [2025-06-15T00:01:08.626-0400] {dag.py:3722} INFO - Setting next_dagrun for example_bash_operator to 2025-06-14T00:00:00+00:00, run_after=2025-06-15T00:00:00+00:00
[2025-06-15T00:01:08.635-0400] {processor.py:179} INFO - Processing /Users/rah/Desktop/creative_projects/rah_coding_repo/projects/fin_data_project_001/finance-data-project-1/.venv/lib/python3.10/site-packages/airflow/example_dags/example_bash_operator.py took 0.134 seconds
[2025-06-15T00:01:22.643-0400] {processor.py:157} INFO - Started process (PID=52483) to work on /Users/rah/Desktop/creative_projects/rah_coding_repo/projects/fin_data_project_001/finance-data-project-1/.venv/lib/python3.10/site-packages/airflow/example_dags/example_bash_operator.py
[2025-06-15T00:01:22.645-0400] {processor.py:829} INFO - Processing file /Users/rah/Desktop/creative_projects/rah_coding_repo/projects/fin_data_project_001/finance-data-project-1/.venv/lib/python3.10/site-packages/airflow/example_dags/example_bash_operator.py for tasks to queue
[2025-06-15T00:01:22.645-0400] {logging_mixin.py:154} INFO - [2025-06-15T00:01:22.645-0400] {dagbag.py:536} INFO - Filling up the DagBag from /Users/rah/Desktop/creative_projects/rah_coding_repo/projects/fin_data_project_001/finance-data-project-1/.venv/lib/python3.10/site-packages/airflow/example_dags/example_bash_operator.py
[2025-06-15T00:01:22.693-0400] {processor.py:839} INFO - DAG(s) dict_keys(['example_bash_operator']) retrieved from /Users/rah/Desktop/creative_projects/rah_coding_repo/projects/fin_data_project_001/finance-data-project-1/.venv/lib/python3.10/site-packages/airflow/example_dags/example_bash_operator.py
[2025-06-15T00:01:22.765-0400] {logging_mixin.py:154} INFO - [2025-06-15T00:01:22.765-0400] {dag.py:2941} INFO - Sync 1 DAGs
[2025-06-15T00:01:22.773-0400] {logging_mixin.py:154} INFO - [2025-06-15T00:01:22.773-0400] {dag.py:3722} INFO - Setting next_dagrun for example_bash_operator to 2025-06-14T00:00:00+00:00, run_after=2025-06-15T00:00:00+00:00
[2025-06-15T00:01:22.781-0400] {processor.py:179} INFO - Processing /Users/rah/Desktop/creative_projects/rah_coding_repo/projects/fin_data_project_001/finance-data-project-1/.venv/lib/python3.10/site-packages/airflow/example_dags/example_bash_operator.py took 0.139 seconds
[2025-06-15T00:01:48.137-0400] {processor.py:157} INFO - Started process (PID=52835) to work on /Users/rah/Desktop/creative_projects/rah_coding_repo/projects/fin_data_project_001/finance-data-project-1/.venv/lib/python3.10/site-packages/airflow/example_dags/example_bash_operator.py
[2025-06-15T00:01:48.139-0400] {processor.py:829} INFO - Processing file /Users/rah/Desktop/creative_projects/rah_coding_repo/projects/fin_data_project_001/finance-data-project-1/.venv/lib/python3.10/site-packages/airflow/example_dags/example_bash_operator.py for tasks to queue
[2025-06-15T00:01:48.140-0400] {logging_mixin.py:154} INFO - [2025-06-15T00:01:48.140-0400] {dagbag.py:536} INFO - Filling up the DagBag from /Users/rah/Desktop/creative_projects/rah_coding_repo/projects/fin_data_project_001/finance-data-project-1/.venv/lib/python3.10/site-packages/airflow/example_dags/example_bash_operator.py
[2025-06-15T00:01:48.184-0400] {processor.py:839} INFO - DAG(s) dict_keys(['example_bash_operator']) retrieved from /Users/rah/Desktop/creative_projects/rah_coding_repo/projects/fin_data_project_001/finance-data-project-1/.venv/lib/python3.10/site-packages/airflow/example_dags/example_bash_operator.py
[2025-06-15T00:01:48.251-0400] {logging_mixin.py:154} INFO - [2025-06-15T00:01:48.251-0400] {dag.py:2941} INFO - Sync 1 DAGs
[2025-06-15T00:01:48.258-0400] {logging_mixin.py:154} INFO - [2025-06-15T00:01:48.258-0400] {dag.py:3722} INFO - Setting next_dagrun for example_bash_operator to 2025-06-14T00:00:00+00:00, run_after=2025-06-15T00:00:00+00:00
[2025-06-15T00:01:48.266-0400] {processor.py:179} INFO - Processing /Users/rah/Desktop/creative_projects/rah_coding_repo/projects/fin_data_project_001/finance-data-project-1/.venv/lib/python3.10/site-packages/airflow/example_dags/example_bash_operator.py took 0.129 seconds
[2025-06-15T00:01:52.384-0400] {processor.py:157} INFO - Started process (PID=52963) to work on /Users/rah/Desktop/creative_projects/rah_coding_repo/projects/fin_data_project_001/finance-data-project-1/.venv/lib/python3.10/site-packages/airflow/example_dags/example_bash_operator.py
[2025-06-15T00:01:52.386-0400] {processor.py:829} INFO - Processing file /Users/rah/Desktop/creative_projects/rah_coding_repo/projects/fin_data_project_001/finance-data-project-1/.venv/lib/python3.10/site-packages/airflow/example_dags/example_bash_operator.py for tasks to queue
[2025-06-15T00:01:52.386-0400] {logging_mixin.py:154} INFO - [2025-06-15T00:01:52.386-0400] {dagbag.py:536} INFO - Filling up the DagBag from /Users/rah/Desktop/creative_projects/rah_coding_repo/projects/fin_data_project_001/finance-data-project-1/.venv/lib/python3.10/site-packages/airflow/example_dags/example_bash_operator.py
[2025-06-15T00:01:52.429-0400] {processor.py:839} INFO - DAG(s) dict_keys(['example_bash_operator']) retrieved from /Users/rah/Desktop/creative_projects/rah_coding_repo/projects/fin_data_project_001/finance-data-project-1/.venv/lib/python3.10/site-packages/airflow/example_dags/example_bash_operator.py
[2025-06-15T00:01:52.493-0400] {logging_mixin.py:154} INFO - [2025-06-15T00:01:52.493-0400] {dag.py:2941} INFO - Sync 1 DAGs
[2025-06-15T00:01:52.500-0400] {logging_mixin.py:154} INFO - [2025-06-15T00:01:52.500-0400] {dag.py:3722} INFO - Setting next_dagrun for example_bash_operator to 2025-06-14T00:00:00+00:00, run_after=2025-06-15T00:00:00+00:00
[2025-06-15T00:01:52.507-0400] {processor.py:179} INFO - Processing /Users/rah/Desktop/creative_projects/rah_coding_repo/projects/fin_data_project_001/finance-data-project-1/.venv/lib/python3.10/site-packages/airflow/example_dags/example_bash_operator.py took 0.124 seconds
[2025-06-15T00:07:39.876-0400] {processor.py:157} INFO - Started process (PID=57705) to work on /Users/rah/.pyenv/versions/3.10.11/lib/python3.10/site-packages/airflow/example_dags/example_bash_operator.py
[2025-06-15T00:07:39.879-0400] {processor.py:829} INFO - Processing file /Users/rah/.pyenv/versions/3.10.11/lib/python3.10/site-packages/airflow/example_dags/example_bash_operator.py for tasks to queue
[2025-06-15T00:07:39.879-0400] {logging_mixin.py:154} INFO - [2025-06-15T00:07:39.879-0400] {dagbag.py:536} INFO - Filling up the DagBag from /Users/rah/.pyenv/versions/3.10.11/lib/python3.10/site-packages/airflow/example_dags/example_bash_operator.py
[2025-06-15T00:07:39.942-0400] {processor.py:839} INFO - DAG(s) dict_keys(['example_bash_operator']) retrieved from /Users/rah/.pyenv/versions/3.10.11/lib/python3.10/site-packages/airflow/example_dags/example_bash_operator.py
[2025-06-15T00:07:40.250-0400] {logging_mixin.py:154} INFO - [2025-06-15T00:07:40.250-0400] {dag.py:2941} INFO - Sync 1 DAGs
[2025-06-15T00:07:40.257-0400] {logging_mixin.py:154} INFO - [2025-06-15T00:07:40.257-0400] {dag.py:3722} INFO - Setting next_dagrun for example_bash_operator to 2025-06-14T00:00:00+00:00, run_after=2025-06-15T00:00:00+00:00
[2025-06-15T00:07:40.266-0400] {processor.py:179} INFO - Processing /Users/rah/.pyenv/versions/3.10.11/lib/python3.10/site-packages/airflow/example_dags/example_bash_operator.py took 0.391 seconds
[2025-06-15T00:09:29.839-0400] {processor.py:157} INFO - Started process (PID=59595) to work on /Users/rah/.pyenv/versions/3.10.11/lib/python3.10/site-packages/airflow/example_dags/example_bash_operator.py
[2025-06-15T00:09:29.843-0400] {processor.py:829} INFO - Processing file /Users/rah/.pyenv/versions/3.10.11/lib/python3.10/site-packages/airflow/example_dags/example_bash_operator.py for tasks to queue
[2025-06-15T00:09:29.843-0400] {logging_mixin.py:154} INFO - [2025-06-15T00:09:29.843-0400] {dagbag.py:536} INFO - Filling up the DagBag from /Users/rah/.pyenv/versions/3.10.11/lib/python3.10/site-packages/airflow/example_dags/example_bash_operator.py
[2025-06-15T00:09:29.915-0400] {processor.py:839} INFO - DAG(s) dict_keys(['example_bash_operator']) retrieved from /Users/rah/.pyenv/versions/3.10.11/lib/python3.10/site-packages/airflow/example_dags/example_bash_operator.py
[2025-06-15T00:09:29.982-0400] {logging_mixin.py:154} INFO - [2025-06-15T00:09:29.982-0400] {dag.py:2941} INFO - Sync 1 DAGs
[2025-06-15T00:09:29.990-0400] {logging_mixin.py:154} INFO - [2025-06-15T00:09:29.990-0400] {dag.py:3722} INFO - Setting next_dagrun for example_bash_operator to 2025-06-14T00:00:00+00:00, run_after=2025-06-15T00:00:00+00:00
[2025-06-15T00:09:29.997-0400] {processor.py:179} INFO - Processing /Users/rah/.pyenv/versions/3.10.11/lib/python3.10/site-packages/airflow/example_dags/example_bash_operator.py took 0.158 seconds
[2025-06-15T00:11:09.434-0400] {processor.py:157} INFO - Started process (PID=61202) to work on /Users/rah/.pyenv/versions/3.10.11/lib/python3.10/site-packages/airflow/example_dags/example_bash_operator.py
[2025-06-15T00:11:09.437-0400] {processor.py:829} INFO - Processing file /Users/rah/.pyenv/versions/3.10.11/lib/python3.10/site-packages/airflow/example_dags/example_bash_operator.py for tasks to queue
[2025-06-15T00:11:09.437-0400] {logging_mixin.py:154} INFO - [2025-06-15T00:11:09.437-0400] {dagbag.py:536} INFO - Filling up the DagBag from /Users/rah/.pyenv/versions/3.10.11/lib/python3.10/site-packages/airflow/example_dags/example_bash_operator.py
[2025-06-15T00:11:09.500-0400] {processor.py:839} INFO - DAG(s) dict_keys(['example_bash_operator']) retrieved from /Users/rah/.pyenv/versions/3.10.11/lib/python3.10/site-packages/airflow/example_dags/example_bash_operator.py
[2025-06-15T00:11:09.561-0400] {logging_mixin.py:154} INFO - [2025-06-15T00:11:09.560-0400] {dag.py:2941} INFO - Sync 1 DAGs
[2025-06-15T00:11:09.568-0400] {logging_mixin.py:154} INFO - [2025-06-15T00:11:09.568-0400] {dag.py:3722} INFO - Setting next_dagrun for example_bash_operator to 2025-06-14T00:00:00+00:00, run_after=2025-06-15T00:00:00+00:00
[2025-06-15T00:11:09.575-0400] {processor.py:179} INFO - Processing /Users/rah/.pyenv/versions/3.10.11/lib/python3.10/site-packages/airflow/example_dags/example_bash_operator.py took 0.142 seconds
[2025-06-15T00:12:51.708-0400] {processor.py:157} INFO - Started process (PID=62737) to work on /Users/rah/.pyenv/versions/3.10.11/lib/python3.10/site-packages/airflow/example_dags/example_bash_operator.py
[2025-06-15T00:12:51.711-0400] {processor.py:829} INFO - Processing file /Users/rah/.pyenv/versions/3.10.11/lib/python3.10/site-packages/airflow/example_dags/example_bash_operator.py for tasks to queue
[2025-06-15T00:12:51.711-0400] {logging_mixin.py:154} INFO - [2025-06-15T00:12:51.711-0400] {dagbag.py:536} INFO - Filling up the DagBag from /Users/rah/.pyenv/versions/3.10.11/lib/python3.10/site-packages/airflow/example_dags/example_bash_operator.py
[2025-06-15T00:12:51.781-0400] {processor.py:839} INFO - DAG(s) dict_keys(['example_bash_operator']) retrieved from /Users/rah/.pyenv/versions/3.10.11/lib/python3.10/site-packages/airflow/example_dags/example_bash_operator.py
[2025-06-15T00:12:51.849-0400] {logging_mixin.py:154} INFO - [2025-06-15T00:12:51.848-0400] {dag.py:2941} INFO - Sync 1 DAGs
[2025-06-15T00:12:51.857-0400] {logging_mixin.py:154} INFO - [2025-06-15T00:12:51.856-0400] {dag.py:3722} INFO - Setting next_dagrun for example_bash_operator to 2025-06-14T00:00:00+00:00, run_after=2025-06-15T00:00:00+00:00
[2025-06-15T00:12:51.865-0400] {processor.py:179} INFO - Processing /Users/rah/.pyenv/versions/3.10.11/lib/python3.10/site-packages/airflow/example_dags/example_bash_operator.py took 0.158 seconds
[2025-06-15T00:14:32.739-0400] {processor.py:157} INFO - Started process (PID=64202) to work on /Users/rah/.pyenv/versions/3.10.11/lib/python3.10/site-packages/airflow/example_dags/example_bash_operator.py
[2025-06-15T00:14:32.742-0400] {processor.py:829} INFO - Processing file /Users/rah/.pyenv/versions/3.10.11/lib/python3.10/site-packages/airflow/example_dags/example_bash_operator.py for tasks to queue
[2025-06-15T00:14:32.742-0400] {logging_mixin.py:154} INFO - [2025-06-15T00:14:32.742-0400] {dagbag.py:536} INFO - Filling up the DagBag from /Users/rah/.pyenv/versions/3.10.11/lib/python3.10/site-packages/airflow/example_dags/example_bash_operator.py
[2025-06-15T00:14:32.804-0400] {processor.py:839} INFO - DAG(s) dict_keys(['example_bash_operator']) retrieved from /Users/rah/.pyenv/versions/3.10.11/lib/python3.10/site-packages/airflow/example_dags/example_bash_operator.py
[2025-06-15T00:14:32.865-0400] {logging_mixin.py:154} INFO - [2025-06-15T00:14:32.865-0400] {dag.py:2941} INFO - Sync 1 DAGs
[2025-06-15T00:14:32.872-0400] {logging_mixin.py:154} INFO - [2025-06-15T00:14:32.872-0400] {dag.py:3722} INFO - Setting next_dagrun for example_bash_operator to 2025-06-14T00:00:00+00:00, run_after=2025-06-15T00:00:00+00:00
[2025-06-15T00:14:32.880-0400] {processor.py:179} INFO - Processing /Users/rah/.pyenv/versions/3.10.11/lib/python3.10/site-packages/airflow/example_dags/example_bash_operator.py took 0.141 seconds
