[2025-06-14T23:48:44.651-0400] {processor.py:157} INFO - Started process (PID=39905) to work on /Users/rah/.pyenv/versions/3.10.11/lib/python3.10/site-packages/airflow/example_dags/example_xcomargs.py
[2025-06-14T23:48:44.654-0400] {processor.py:829} INFO - Processing file /Users/rah/.pyenv/versions/3.10.11/lib/python3.10/site-packages/airflow/example_dags/example_xcomargs.py for tasks to queue
[2025-06-14T23:48:44.654-0400] {logging_mixin.py:154} INFO - [2025-06-14T23:48:44.654-0400] {dagbag.py:536} INFO - Filling up the DagBag from /Users/rah/.pyenv/versions/3.10.11/lib/python3.10/site-packages/airflow/example_dags/example_xcomargs.py
[2025-06-14T23:48:44.702-0400] {processor.py:839} INFO - DAG(s) dict_keys(['example_xcom_args_with_operators', 'example_xcom_args']) retrieved from /Users/rah/.pyenv/versions/3.10.11/lib/python3.10/site-packages/airflow/example_dags/example_xcomargs.py
[2025-06-14T23:48:45.036-0400] {logging_mixin.py:154} INFO - [2025-06-14T23:48:45.036-0400] {manager.py:499} INFO - Created Permission View: %s
[2025-06-14T23:48:45.040-0400] {logging_mixin.py:154} INFO - [2025-06-14T23:48:45.040-0400] {manager.py:499} INFO - Created Permission View: %s
[2025-06-14T23:48:45.042-0400] {logging_mixin.py:154} INFO - [2025-06-14T23:48:45.042-0400] {manager.py:499} INFO - Created Permission View: %s
[2025-06-14T23:48:45.046-0400] {logging_mixin.py:154} INFO - [2025-06-14T23:48:45.046-0400] {manager.py:499} INFO - Created Permission View: %s
[2025-06-14T23:48:45.049-0400] {logging_mixin.py:154} INFO - [2025-06-14T23:48:45.048-0400] {manager.py:499} INFO - Created Permission View: %s
[2025-06-14T23:48:45.051-0400] {logging_mixin.py:154} INFO - [2025-06-14T23:48:45.051-0400] {manager.py:499} INFO - Created Permission View: %s
[2025-06-14T23:48:45.051-0400] {logging_mixin.py:154} INFO - [2025-06-14T23:48:45.051-0400] {dag.py:2941} INFO - Sync 2 DAGs
[2025-06-14T23:48:45.056-0400] {logging_mixin.py:154} INFO - [2025-06-14T23:48:45.056-0400] {dag.py:2963} INFO - Creating ORM DAG for example_xcom_args_with_operators
[2025-06-14T23:48:45.056-0400] {logging_mixin.py:154} INFO - [2025-06-14T23:48:45.056-0400] {dag.py:2963} INFO - Creating ORM DAG for example_xcom_args
[2025-06-14T23:48:45.056-0400] {logging_mixin.py:154} INFO - [2025-06-14T23:48:45.056-0400] {dag.py:3722} INFO - Setting next_dagrun for example_xcom_args to None, run_after=None
[2025-06-14T23:48:45.056-0400] {logging_mixin.py:154} INFO - [2025-06-14T23:48:45.056-0400] {dag.py:3722} INFO - Setting next_dagrun for example_xcom_args_with_operators to None, run_after=None
[2025-06-14T23:48:45.064-0400] {processor.py:179} INFO - Processing /Users/rah/.pyenv/versions/3.10.11/lib/python3.10/site-packages/airflow/example_dags/example_xcomargs.py took 0.414 seconds
[2025-06-14T23:50:18.342-0400] {processor.py:157} INFO - Started process (PID=40993) to work on /Users/rah/.pyenv/versions/3.10.11/lib/python3.10/site-packages/airflow/example_dags/example_xcomargs.py
[2025-06-14T23:50:18.346-0400] {processor.py:829} INFO - Processing file /Users/rah/.pyenv/versions/3.10.11/lib/python3.10/site-packages/airflow/example_dags/example_xcomargs.py for tasks to queue
[2025-06-14T23:50:18.346-0400] {logging_mixin.py:154} INFO - [2025-06-14T23:50:18.346-0400] {dagbag.py:536} INFO - Filling up the DagBag from /Users/rah/.pyenv/versions/3.10.11/lib/python3.10/site-packages/airflow/example_dags/example_xcomargs.py
[2025-06-14T23:50:18.391-0400] {processor.py:839} INFO - DAG(s) dict_keys(['example_xcom_args_with_operators', 'example_xcom_args']) retrieved from /Users/rah/.pyenv/versions/3.10.11/lib/python3.10/site-packages/airflow/example_dags/example_xcomargs.py
[2025-06-14T23:50:18.482-0400] {logging_mixin.py:154} INFO - [2025-06-14T23:50:18.482-0400] {dag.py:2941} INFO - Sync 2 DAGs
[2025-06-14T23:50:18.486-0400] {logging_mixin.py:154} INFO - [2025-06-14T23:50:18.485-0400] {dag.py:3722} INFO - Setting next_dagrun for example_xcom_args to None, run_after=None
[2025-06-14T23:50:18.487-0400] {logging_mixin.py:154} INFO - [2025-06-14T23:50:18.487-0400] {dag.py:3722} INFO - Setting next_dagrun for example_xcom_args_with_operators to None, run_after=None
[2025-06-14T23:50:18.495-0400] {processor.py:179} INFO - Processing /Users/rah/.pyenv/versions/3.10.11/lib/python3.10/site-packages/airflow/example_dags/example_xcomargs.py took 0.153 seconds
[2025-06-14T23:55:04.654-0400] {processor.py:157} INFO - Started process (PID=45631) to work on /Users/rah/Desktop/creative_projects/rah_coding_repo/projects/fin_data_project_001/finance-data-project-1/.venv/lib/python3.10/site-packages/airflow/example_dags/example_xcomargs.py
[2025-06-14T23:55:04.657-0400] {processor.py:829} INFO - Processing file /Users/rah/Desktop/creative_projects/rah_coding_repo/projects/fin_data_project_001/finance-data-project-1/.venv/lib/python3.10/site-packages/airflow/example_dags/example_xcomargs.py for tasks to queue
[2025-06-14T23:55:04.657-0400] {logging_mixin.py:154} INFO - [2025-06-14T23:55:04.657-0400] {dagbag.py:536} INFO - Filling up the DagBag from /Users/rah/Desktop/creative_projects/rah_coding_repo/projects/fin_data_project_001/finance-data-project-1/.venv/lib/python3.10/site-packages/airflow/example_dags/example_xcomargs.py
[2025-06-14T23:55:04.679-0400] {processor.py:839} INFO - DAG(s) dict_keys(['example_xcom_args_with_operators', 'example_xcom_args']) retrieved from /Users/rah/Desktop/creative_projects/rah_coding_repo/projects/fin_data_project_001/finance-data-project-1/.venv/lib/python3.10/site-packages/airflow/example_dags/example_xcomargs.py
[2025-06-14T23:55:04.767-0400] {logging_mixin.py:154} INFO - [2025-06-14T23:55:04.767-0400] {dag.py:2941} INFO - Sync 2 DAGs
[2025-06-14T23:55:04.771-0400] {logging_mixin.py:154} INFO - [2025-06-14T23:55:04.771-0400] {dag.py:3722} INFO - Setting next_dagrun for example_xcom_args to None, run_after=None
[2025-06-14T23:55:04.772-0400] {logging_mixin.py:154} INFO - [2025-06-14T23:55:04.772-0400] {dag.py:3722} INFO - Setting next_dagrun for example_xcom_args_with_operators to None, run_after=None
[2025-06-14T23:55:04.778-0400] {processor.py:179} INFO - Processing /Users/rah/Desktop/creative_projects/rah_coding_repo/projects/fin_data_project_001/finance-data-project-1/.venv/lib/python3.10/site-packages/airflow/example_dags/example_xcomargs.py took 0.125 seconds
[2025-06-14T23:56:09.681-0400] {processor.py:157} INFO - Started process (PID=46942) to work on /Users/rah/Desktop/creative_projects/rah_coding_repo/projects/fin_data_project_001/finance-data-project-1/.venv/lib/python3.10/site-packages/airflow/example_dags/example_xcomargs.py
[2025-06-14T23:56:09.684-0400] {processor.py:829} INFO - Processing file /Users/rah/Desktop/creative_projects/rah_coding_repo/projects/fin_data_project_001/finance-data-project-1/.venv/lib/python3.10/site-packages/airflow/example_dags/example_xcomargs.py for tasks to queue
[2025-06-14T23:56:09.684-0400] {logging_mixin.py:154} INFO - [2025-06-14T23:56:09.684-0400] {dagbag.py:536} INFO - Filling up the DagBag from /Users/rah/Desktop/creative_projects/rah_coding_repo/projects/fin_data_project_001/finance-data-project-1/.venv/lib/python3.10/site-packages/airflow/example_dags/example_xcomargs.py
[2025-06-14T23:56:09.706-0400] {processor.py:839} INFO - DAG(s) dict_keys(['example_xcom_args_with_operators', 'example_xcom_args']) retrieved from /Users/rah/Desktop/creative_projects/rah_coding_repo/projects/fin_data_project_001/finance-data-project-1/.venv/lib/python3.10/site-packages/airflow/example_dags/example_xcomargs.py
[2025-06-14T23:56:09.796-0400] {logging_mixin.py:154} INFO - [2025-06-14T23:56:09.796-0400] {dag.py:2941} INFO - Sync 2 DAGs
[2025-06-14T23:56:09.799-0400] {logging_mixin.py:154} INFO - [2025-06-14T23:56:09.799-0400] {dag.py:3722} INFO - Setting next_dagrun for example_xcom_args to None, run_after=None
[2025-06-14T23:56:09.800-0400] {logging_mixin.py:154} INFO - [2025-06-14T23:56:09.800-0400] {dag.py:3722} INFO - Setting next_dagrun for example_xcom_args_with_operators to None, run_after=None
[2025-06-14T23:56:09.807-0400] {processor.py:179} INFO - Processing /Users/rah/Desktop/creative_projects/rah_coding_repo/projects/fin_data_project_001/finance-data-project-1/.venv/lib/python3.10/site-packages/airflow/example_dags/example_xcomargs.py took 0.127 seconds
[2025-06-14T23:56:26.514-0400] {processor.py:157} INFO - Started process (PID=47345) to work on /Users/rah/Desktop/creative_projects/rah_coding_repo/projects/fin_data_project_001/finance-data-project-1/.venv/lib/python3.10/site-packages/airflow/example_dags/example_xcomargs.py
[2025-06-14T23:56:26.516-0400] {processor.py:829} INFO - Processing file /Users/rah/Desktop/creative_projects/rah_coding_repo/projects/fin_data_project_001/finance-data-project-1/.venv/lib/python3.10/site-packages/airflow/example_dags/example_xcomargs.py for tasks to queue
[2025-06-14T23:56:26.517-0400] {logging_mixin.py:154} INFO - [2025-06-14T23:56:26.517-0400] {dagbag.py:536} INFO - Filling up the DagBag from /Users/rah/Desktop/creative_projects/rah_coding_repo/projects/fin_data_project_001/finance-data-project-1/.venv/lib/python3.10/site-packages/airflow/example_dags/example_xcomargs.py
[2025-06-14T23:56:26.544-0400] {processor.py:839} INFO - DAG(s) dict_keys(['example_xcom_args', 'example_xcom_args_with_operators']) retrieved from /Users/rah/Desktop/creative_projects/rah_coding_repo/projects/fin_data_project_001/finance-data-project-1/.venv/lib/python3.10/site-packages/airflow/example_dags/example_xcomargs.py
[2025-06-14T23:56:26.647-0400] {logging_mixin.py:154} INFO - [2025-06-14T23:56:26.647-0400] {dag.py:2941} INFO - Sync 2 DAGs
[2025-06-14T23:56:26.652-0400] {logging_mixin.py:154} INFO - [2025-06-14T23:56:26.652-0400] {dag.py:3722} INFO - Setting next_dagrun for example_xcom_args to None, run_after=None
[2025-06-14T23:56:26.653-0400] {logging_mixin.py:154} INFO - [2025-06-14T23:56:26.653-0400] {dag.py:3722} INFO - Setting next_dagrun for example_xcom_args_with_operators to None, run_after=None
[2025-06-14T23:56:26.661-0400] {processor.py:179} INFO - Processing /Users/rah/Desktop/creative_projects/rah_coding_repo/projects/fin_data_project_001/finance-data-project-1/.venv/lib/python3.10/site-packages/airflow/example_dags/example_xcomargs.py took 0.148 seconds
[2025-06-14T23:57:00.906-0400] {processor.py:157} INFO - Started process (PID=48200) to work on /Users/rah/Desktop/creative_projects/rah_coding_repo/projects/fin_data_project_001/finance-data-project-1/.venv/lib/python3.10/site-packages/airflow/example_dags/example_xcomargs.py
[2025-06-14T23:57:00.909-0400] {processor.py:829} INFO - Processing file /Users/rah/Desktop/creative_projects/rah_coding_repo/projects/fin_data_project_001/finance-data-project-1/.venv/lib/python3.10/site-packages/airflow/example_dags/example_xcomargs.py for tasks to queue
[2025-06-14T23:57:00.909-0400] {logging_mixin.py:154} INFO - [2025-06-14T23:57:00.909-0400] {dagbag.py:536} INFO - Filling up the DagBag from /Users/rah/Desktop/creative_projects/rah_coding_repo/projects/fin_data_project_001/finance-data-project-1/.venv/lib/python3.10/site-packages/airflow/example_dags/example_xcomargs.py
[2025-06-14T23:57:00.932-0400] {processor.py:839} INFO - DAG(s) dict_keys(['example_xcom_args_with_operators', 'example_xcom_args']) retrieved from /Users/rah/Desktop/creative_projects/rah_coding_repo/projects/fin_data_project_001/finance-data-project-1/.venv/lib/python3.10/site-packages/airflow/example_dags/example_xcomargs.py
[2025-06-14T23:57:01.020-0400] {logging_mixin.py:154} INFO - [2025-06-14T23:57:01.020-0400] {dag.py:2941} INFO - Sync 2 DAGs
[2025-06-14T23:57:01.024-0400] {logging_mixin.py:154} INFO - [2025-06-14T23:57:01.024-0400] {dag.py:3722} INFO - Setting next_dagrun for example_xcom_args to None, run_after=None
[2025-06-14T23:57:01.025-0400] {logging_mixin.py:154} INFO - [2025-06-14T23:57:01.025-0400] {dag.py:3722} INFO - Setting next_dagrun for example_xcom_args_with_operators to None, run_after=None
[2025-06-14T23:57:01.032-0400] {processor.py:179} INFO - Processing /Users/rah/Desktop/creative_projects/rah_coding_repo/projects/fin_data_project_001/finance-data-project-1/.venv/lib/python3.10/site-packages/airflow/example_dags/example_xcomargs.py took 0.126 seconds
[2025-06-14T23:57:18.086-0400] {processor.py:157} INFO - Started process (PID=48481) to work on /Users/rah/Desktop/creative_projects/rah_coding_repo/projects/fin_data_project_001/finance-data-project-1/.venv/lib/python3.10/site-packages/airflow/example_dags/example_xcomargs.py
[2025-06-14T23:57:18.088-0400] {processor.py:829} INFO - Processing file /Users/rah/Desktop/creative_projects/rah_coding_repo/projects/fin_data_project_001/finance-data-project-1/.venv/lib/python3.10/site-packages/airflow/example_dags/example_xcomargs.py for tasks to queue
[2025-06-14T23:57:18.088-0400] {logging_mixin.py:154} INFO - [2025-06-14T23:57:18.088-0400] {dagbag.py:536} INFO - Filling up the DagBag from /Users/rah/Desktop/creative_projects/rah_coding_repo/projects/fin_data_project_001/finance-data-project-1/.venv/lib/python3.10/site-packages/airflow/example_dags/example_xcomargs.py
[2025-06-14T23:57:18.115-0400] {processor.py:839} INFO - DAG(s) dict_keys(['example_xcom_args', 'example_xcom_args_with_operators']) retrieved from /Users/rah/Desktop/creative_projects/rah_coding_repo/projects/fin_data_project_001/finance-data-project-1/.venv/lib/python3.10/site-packages/airflow/example_dags/example_xcomargs.py
[2025-06-14T23:57:18.219-0400] {logging_mixin.py:154} INFO - [2025-06-14T23:57:18.218-0400] {dag.py:2941} INFO - Sync 2 DAGs
[2025-06-14T23:57:18.223-0400] {logging_mixin.py:154} INFO - [2025-06-14T23:57:18.223-0400] {dag.py:3722} INFO - Setting next_dagrun for example_xcom_args to None, run_after=None
[2025-06-14T23:57:18.225-0400] {logging_mixin.py:154} INFO - [2025-06-14T23:57:18.224-0400] {dag.py:3722} INFO - Setting next_dagrun for example_xcom_args_with_operators to None, run_after=None
[2025-06-14T23:57:18.235-0400] {processor.py:179} INFO - Processing /Users/rah/Desktop/creative_projects/rah_coding_repo/projects/fin_data_project_001/finance-data-project-1/.venv/lib/python3.10/site-packages/airflow/example_dags/example_xcomargs.py took 0.150 seconds
[2025-06-14T23:57:28.494-0400] {processor.py:157} INFO - Started process (PID=48626) to work on /Users/rah/Desktop/creative_projects/rah_coding_repo/projects/fin_data_project_001/finance-data-project-1/.venv/lib/python3.10/site-packages/airflow/example_dags/example_xcomargs.py
[2025-06-14T23:57:28.496-0400] {processor.py:829} INFO - Processing file /Users/rah/Desktop/creative_projects/rah_coding_repo/projects/fin_data_project_001/finance-data-project-1/.venv/lib/python3.10/site-packages/airflow/example_dags/example_xcomargs.py for tasks to queue
[2025-06-14T23:57:28.496-0400] {logging_mixin.py:154} INFO - [2025-06-14T23:57:28.496-0400] {dagbag.py:536} INFO - Filling up the DagBag from /Users/rah/Desktop/creative_projects/rah_coding_repo/projects/fin_data_project_001/finance-data-project-1/.venv/lib/python3.10/site-packages/airflow/example_dags/example_xcomargs.py
[2025-06-14T23:57:28.521-0400] {processor.py:839} INFO - DAG(s) dict_keys(['example_xcom_args', 'example_xcom_args_with_operators']) retrieved from /Users/rah/Desktop/creative_projects/rah_coding_repo/projects/fin_data_project_001/finance-data-project-1/.venv/lib/python3.10/site-packages/airflow/example_dags/example_xcomargs.py
[2025-06-14T23:57:28.620-0400] {logging_mixin.py:154} INFO - [2025-06-14T23:57:28.620-0400] {dag.py:2941} INFO - Sync 2 DAGs
[2025-06-14T23:57:28.624-0400] {logging_mixin.py:154} INFO - [2025-06-14T23:57:28.624-0400] {dag.py:3722} INFO - Setting next_dagrun for example_xcom_args to None, run_after=None
[2025-06-14T23:57:28.625-0400] {logging_mixin.py:154} INFO - [2025-06-14T23:57:28.625-0400] {dag.py:3722} INFO - Setting next_dagrun for example_xcom_args_with_operators to None, run_after=None
[2025-06-14T23:57:28.633-0400] {processor.py:179} INFO - Processing /Users/rah/Desktop/creative_projects/rah_coding_repo/projects/fin_data_project_001/finance-data-project-1/.venv/lib/python3.10/site-packages/airflow/example_dags/example_xcomargs.py took 0.140 seconds
[2025-06-14T23:58:04.116-0400] {processor.py:157} INFO - Started process (PID=49076) to work on /Users/rah/Desktop/creative_projects/rah_coding_repo/projects/fin_data_project_001/finance-data-project-1/.venv/lib/python3.10/site-packages/airflow/example_dags/example_xcomargs.py
[2025-06-14T23:58:04.119-0400] {processor.py:829} INFO - Processing file /Users/rah/Desktop/creative_projects/rah_coding_repo/projects/fin_data_project_001/finance-data-project-1/.venv/lib/python3.10/site-packages/airflow/example_dags/example_xcomargs.py for tasks to queue
[2025-06-14T23:58:04.119-0400] {logging_mixin.py:154} INFO - [2025-06-14T23:58:04.119-0400] {dagbag.py:536} INFO - Filling up the DagBag from /Users/rah/Desktop/creative_projects/rah_coding_repo/projects/fin_data_project_001/finance-data-project-1/.venv/lib/python3.10/site-packages/airflow/example_dags/example_xcomargs.py
[2025-06-14T23:58:04.144-0400] {processor.py:839} INFO - DAG(s) dict_keys(['example_xcom_args', 'example_xcom_args_with_operators']) retrieved from /Users/rah/Desktop/creative_projects/rah_coding_repo/projects/fin_data_project_001/finance-data-project-1/.venv/lib/python3.10/site-packages/airflow/example_dags/example_xcomargs.py
[2025-06-14T23:58:04.239-0400] {logging_mixin.py:154} INFO - [2025-06-14T23:58:04.239-0400] {dag.py:2941} INFO - Sync 2 DAGs
[2025-06-14T23:58:04.243-0400] {logging_mixin.py:154} INFO - [2025-06-14T23:58:04.243-0400] {dag.py:3722} INFO - Setting next_dagrun for example_xcom_args to None, run_after=None
[2025-06-14T23:58:04.244-0400] {logging_mixin.py:154} INFO - [2025-06-14T23:58:04.244-0400] {dag.py:3722} INFO - Setting next_dagrun for example_xcom_args_with_operators to None, run_after=None
[2025-06-14T23:58:04.251-0400] {processor.py:179} INFO - Processing /Users/rah/Desktop/creative_projects/rah_coding_repo/projects/fin_data_project_001/finance-data-project-1/.venv/lib/python3.10/site-packages/airflow/example_dags/example_xcomargs.py took 0.136 seconds
[2025-06-14T23:58:18.200-0400] {processor.py:157} INFO - Started process (PID=49230) to work on /Users/rah/Desktop/creative_projects/rah_coding_repo/projects/fin_data_project_001/finance-data-project-1/.venv/lib/python3.10/site-packages/airflow/example_dags/example_xcomargs.py
[2025-06-14T23:58:18.203-0400] {processor.py:829} INFO - Processing file /Users/rah/Desktop/creative_projects/rah_coding_repo/projects/fin_data_project_001/finance-data-project-1/.venv/lib/python3.10/site-packages/airflow/example_dags/example_xcomargs.py for tasks to queue
[2025-06-14T23:58:18.203-0400] {logging_mixin.py:154} INFO - [2025-06-14T23:58:18.203-0400] {dagbag.py:536} INFO - Filling up the DagBag from /Users/rah/Desktop/creative_projects/rah_coding_repo/projects/fin_data_project_001/finance-data-project-1/.venv/lib/python3.10/site-packages/airflow/example_dags/example_xcomargs.py
[2025-06-14T23:58:18.230-0400] {processor.py:839} INFO - DAG(s) dict_keys(['example_xcom_args', 'example_xcom_args_with_operators']) retrieved from /Users/rah/Desktop/creative_projects/rah_coding_repo/projects/fin_data_project_001/finance-data-project-1/.venv/lib/python3.10/site-packages/airflow/example_dags/example_xcomargs.py
[2025-06-14T23:58:18.314-0400] {processor.py:157} INFO - Started process (PID=49232) to work on /Users/rah/Desktop/creative_projects/rah_coding_repo/projects/fin_data_project_001/finance-data-project-1/.venv/lib/python3.10/site-packages/airflow/example_dags/example_xcomargs.py
[2025-06-14T23:58:18.316-0400] {processor.py:829} INFO - Processing file /Users/rah/Desktop/creative_projects/rah_coding_repo/projects/fin_data_project_001/finance-data-project-1/.venv/lib/python3.10/site-packages/airflow/example_dags/example_xcomargs.py for tasks to queue
[2025-06-14T23:58:18.317-0400] {logging_mixin.py:154} INFO - [2025-06-14T23:58:18.317-0400] {dagbag.py:536} INFO - Filling up the DagBag from /Users/rah/Desktop/creative_projects/rah_coding_repo/projects/fin_data_project_001/finance-data-project-1/.venv/lib/python3.10/site-packages/airflow/example_dags/example_xcomargs.py
[2025-06-14T23:58:18.332-0400] {logging_mixin.py:154} INFO - [2025-06-14T23:58:18.331-0400] {dag.py:2941} INFO - Sync 2 DAGs
[2025-06-14T23:58:18.336-0400] {logging_mixin.py:154} INFO - [2025-06-14T23:58:18.335-0400] {dag.py:3722} INFO - Setting next_dagrun for example_xcom_args to None, run_after=None
[2025-06-14T23:58:18.337-0400] {logging_mixin.py:154} INFO - [2025-06-14T23:58:18.337-0400] {dag.py:3722} INFO - Setting next_dagrun for example_xcom_args_with_operators to None, run_after=None
[2025-06-14T23:58:18.342-0400] {processor.py:839} INFO - DAG(s) dict_keys(['example_xcom_args_with_operators', 'example_xcom_args']) retrieved from /Users/rah/Desktop/creative_projects/rah_coding_repo/projects/fin_data_project_001/finance-data-project-1/.venv/lib/python3.10/site-packages/airflow/example_dags/example_xcomargs.py
[2025-06-14T23:58:18.345-0400] {processor.py:179} INFO - Processing /Users/rah/Desktop/creative_projects/rah_coding_repo/projects/fin_data_project_001/finance-data-project-1/.venv/lib/python3.10/site-packages/airflow/example_dags/example_xcomargs.py took 0.145 seconds
[2025-06-14T23:58:18.450-0400] {logging_mixin.py:154} INFO - [2025-06-14T23:58:18.449-0400] {dag.py:2941} INFO - Sync 2 DAGs
[2025-06-14T23:58:18.454-0400] {logging_mixin.py:154} INFO - [2025-06-14T23:58:18.454-0400] {dag.py:3722} INFO - Setting next_dagrun for example_xcom_args to None, run_after=None
[2025-06-14T23:58:18.456-0400] {logging_mixin.py:154} INFO - [2025-06-14T23:58:18.456-0400] {dag.py:3722} INFO - Setting next_dagrun for example_xcom_args_with_operators to None, run_after=None
[2025-06-14T23:58:18.465-0400] {processor.py:179} INFO - Processing /Users/rah/Desktop/creative_projects/rah_coding_repo/projects/fin_data_project_001/finance-data-project-1/.venv/lib/python3.10/site-packages/airflow/example_dags/example_xcomargs.py took 0.151 seconds
[2025-06-14T23:58:51.468-0400] {processor.py:157} INFO - Started process (PID=50093) to work on /Users/rah/Desktop/creative_projects/rah_coding_repo/projects/fin_data_project_001/finance-data-project-1/.venv/lib/python3.10/site-packages/airflow/example_dags/example_xcomargs.py
[2025-06-14T23:58:51.472-0400] {processor.py:829} INFO - Processing file /Users/rah/Desktop/creative_projects/rah_coding_repo/projects/fin_data_project_001/finance-data-project-1/.venv/lib/python3.10/site-packages/airflow/example_dags/example_xcomargs.py for tasks to queue
[2025-06-14T23:58:51.472-0400] {logging_mixin.py:154} INFO - [2025-06-14T23:58:51.472-0400] {dagbag.py:536} INFO - Filling up the DagBag from /Users/rah/Desktop/creative_projects/rah_coding_repo/projects/fin_data_project_001/finance-data-project-1/.venv/lib/python3.10/site-packages/airflow/example_dags/example_xcomargs.py
[2025-06-14T23:58:51.498-0400] {processor.py:839} INFO - DAG(s) dict_keys(['example_xcom_args_with_operators', 'example_xcom_args']) retrieved from /Users/rah/Desktop/creative_projects/rah_coding_repo/projects/fin_data_project_001/finance-data-project-1/.venv/lib/python3.10/site-packages/airflow/example_dags/example_xcomargs.py
[2025-06-14T23:58:51.601-0400] {logging_mixin.py:154} INFO - [2025-06-14T23:58:51.601-0400] {dag.py:2941} INFO - Sync 2 DAGs
[2025-06-14T23:58:51.606-0400] {logging_mixin.py:154} INFO - [2025-06-14T23:58:51.606-0400] {dag.py:3722} INFO - Setting next_dagrun for example_xcom_args to None, run_after=None
[2025-06-14T23:58:51.607-0400] {logging_mixin.py:154} INFO - [2025-06-14T23:58:51.607-0400] {dag.py:3722} INFO - Setting next_dagrun for example_xcom_args_with_operators to None, run_after=None
[2025-06-14T23:58:51.616-0400] {processor.py:179} INFO - Processing /Users/rah/Desktop/creative_projects/rah_coding_repo/projects/fin_data_project_001/finance-data-project-1/.venv/lib/python3.10/site-packages/airflow/example_dags/example_xcomargs.py took 0.149 seconds
[2025-06-14T23:59:05.619-0400] {processor.py:157} INFO - Started process (PID=50376) to work on /Users/rah/Desktop/creative_projects/rah_coding_repo/projects/fin_data_project_001/finance-data-project-1/.venv/lib/python3.10/site-packages/airflow/example_dags/example_xcomargs.py
[2025-06-14T23:59:05.622-0400] {processor.py:829} INFO - Processing file /Users/rah/Desktop/creative_projects/rah_coding_repo/projects/fin_data_project_001/finance-data-project-1/.venv/lib/python3.10/site-packages/airflow/example_dags/example_xcomargs.py for tasks to queue
[2025-06-14T23:59:05.622-0400] {logging_mixin.py:154} INFO - [2025-06-14T23:59:05.622-0400] {dagbag.py:536} INFO - Filling up the DagBag from /Users/rah/Desktop/creative_projects/rah_coding_repo/projects/fin_data_project_001/finance-data-project-1/.venv/lib/python3.10/site-packages/airflow/example_dags/example_xcomargs.py
[2025-06-14T23:59:05.648-0400] {processor.py:839} INFO - DAG(s) dict_keys(['example_xcom_args', 'example_xcom_args_with_operators']) retrieved from /Users/rah/Desktop/creative_projects/rah_coding_repo/projects/fin_data_project_001/finance-data-project-1/.venv/lib/python3.10/site-packages/airflow/example_dags/example_xcomargs.py
[2025-06-14T23:59:05.752-0400] {logging_mixin.py:154} INFO - [2025-06-14T23:59:05.752-0400] {dag.py:2941} INFO - Sync 2 DAGs
[2025-06-14T23:59:05.757-0400] {logging_mixin.py:154} INFO - [2025-06-14T23:59:05.757-0400] {dag.py:3722} INFO - Setting next_dagrun for example_xcom_args to None, run_after=None
[2025-06-14T23:59:05.758-0400] {logging_mixin.py:154} INFO - [2025-06-14T23:59:05.758-0400] {dag.py:3722} INFO - Setting next_dagrun for example_xcom_args_with_operators to None, run_after=None
[2025-06-14T23:59:05.766-0400] {processor.py:179} INFO - Processing /Users/rah/Desktop/creative_projects/rah_coding_repo/projects/fin_data_project_001/finance-data-project-1/.venv/lib/python3.10/site-packages/airflow/example_dags/example_xcomargs.py took 0.147 seconds
[2025-06-14T23:59:05.978-0400] {processor.py:157} INFO - Started process (PID=50377) to work on /Users/rah/Desktop/creative_projects/rah_coding_repo/projects/fin_data_project_001/finance-data-project-1/.venv/lib/python3.10/site-packages/airflow/example_dags/example_xcomargs.py
[2025-06-14T23:59:05.981-0400] {processor.py:829} INFO - Processing file /Users/rah/Desktop/creative_projects/rah_coding_repo/projects/fin_data_project_001/finance-data-project-1/.venv/lib/python3.10/site-packages/airflow/example_dags/example_xcomargs.py for tasks to queue
[2025-06-14T23:59:05.981-0400] {logging_mixin.py:154} INFO - [2025-06-14T23:59:05.981-0400] {dagbag.py:536} INFO - Filling up the DagBag from /Users/rah/Desktop/creative_projects/rah_coding_repo/projects/fin_data_project_001/finance-data-project-1/.venv/lib/python3.10/site-packages/airflow/example_dags/example_xcomargs.py
[2025-06-14T23:59:06.006-0400] {processor.py:839} INFO - DAG(s) dict_keys(['example_xcom_args', 'example_xcom_args_with_operators']) retrieved from /Users/rah/Desktop/creative_projects/rah_coding_repo/projects/fin_data_project_001/finance-data-project-1/.venv/lib/python3.10/site-packages/airflow/example_dags/example_xcomargs.py
[2025-06-14T23:59:06.031-0400] {processor.py:157} INFO - Started process (PID=50378) to work on /Users/rah/Desktop/creative_projects/rah_coding_repo/projects/fin_data_project_001/finance-data-project-1/.venv/lib/python3.10/site-packages/airflow/example_dags/example_xcomargs.py
[2025-06-14T23:59:06.034-0400] {processor.py:829} INFO - Processing file /Users/rah/Desktop/creative_projects/rah_coding_repo/projects/fin_data_project_001/finance-data-project-1/.venv/lib/python3.10/site-packages/airflow/example_dags/example_xcomargs.py for tasks to queue
[2025-06-14T23:59:06.034-0400] {logging_mixin.py:154} INFO - [2025-06-14T23:59:06.034-0400] {dagbag.py:536} INFO - Filling up the DagBag from /Users/rah/Desktop/creative_projects/rah_coding_repo/projects/fin_data_project_001/finance-data-project-1/.venv/lib/python3.10/site-packages/airflow/example_dags/example_xcomargs.py
[2025-06-14T23:59:06.059-0400] {processor.py:839} INFO - DAG(s) dict_keys(['example_xcom_args_with_operators', 'example_xcom_args']) retrieved from /Users/rah/Desktop/creative_projects/rah_coding_repo/projects/fin_data_project_001/finance-data-project-1/.venv/lib/python3.10/site-packages/airflow/example_dags/example_xcomargs.py
[2025-06-14T23:59:06.110-0400] {logging_mixin.py:154} INFO - [2025-06-14T23:59:06.110-0400] {dag.py:2941} INFO - Sync 2 DAGs
[2025-06-14T23:59:06.114-0400] {logging_mixin.py:154} INFO - [2025-06-14T23:59:06.114-0400] {dag.py:3722} INFO - Setting next_dagrun for example_xcom_args to None, run_after=None
[2025-06-14T23:59:06.115-0400] {logging_mixin.py:154} INFO - [2025-06-14T23:59:06.115-0400] {dag.py:3722} INFO - Setting next_dagrun for example_xcom_args_with_operators to None, run_after=None
[2025-06-14T23:59:06.123-0400] {processor.py:179} INFO - Processing /Users/rah/Desktop/creative_projects/rah_coding_repo/projects/fin_data_project_001/finance-data-project-1/.venv/lib/python3.10/site-packages/airflow/example_dags/example_xcomargs.py took 0.145 seconds
[2025-06-14T23:59:06.161-0400] {logging_mixin.py:154} INFO - [2025-06-14T23:59:06.161-0400] {dag.py:2941} INFO - Sync 2 DAGs
[2025-06-14T23:59:06.165-0400] {logging_mixin.py:154} INFO - [2025-06-14T23:59:06.165-0400] {dag.py:3722} INFO - Setting next_dagrun for example_xcom_args to None, run_after=None
[2025-06-14T23:59:06.167-0400] {logging_mixin.py:154} INFO - [2025-06-14T23:59:06.166-0400] {dag.py:3722} INFO - Setting next_dagrun for example_xcom_args_with_operators to None, run_after=None
[2025-06-14T23:59:06.175-0400] {processor.py:179} INFO - Processing /Users/rah/Desktop/creative_projects/rah_coding_repo/projects/fin_data_project_001/finance-data-project-1/.venv/lib/python3.10/site-packages/airflow/example_dags/example_xcomargs.py took 0.144 seconds
[2025-06-14T23:59:43.804-0400] {processor.py:157} INFO - Started process (PID=50886) to work on /Users/rah/Desktop/creative_projects/rah_coding_repo/projects/fin_data_project_001/finance-data-project-1/.venv/lib/python3.10/site-packages/airflow/example_dags/example_xcomargs.py
[2025-06-14T23:59:43.808-0400] {processor.py:829} INFO - Processing file /Users/rah/Desktop/creative_projects/rah_coding_repo/projects/fin_data_project_001/finance-data-project-1/.venv/lib/python3.10/site-packages/airflow/example_dags/example_xcomargs.py for tasks to queue
[2025-06-14T23:59:43.808-0400] {logging_mixin.py:154} INFO - [2025-06-14T23:59:43.808-0400] {dagbag.py:536} INFO - Filling up the DagBag from /Users/rah/Desktop/creative_projects/rah_coding_repo/projects/fin_data_project_001/finance-data-project-1/.venv/lib/python3.10/site-packages/airflow/example_dags/example_xcomargs.py
[2025-06-14T23:59:43.833-0400] {processor.py:839} INFO - DAG(s) dict_keys(['example_xcom_args_with_operators', 'example_xcom_args']) retrieved from /Users/rah/Desktop/creative_projects/rah_coding_repo/projects/fin_data_project_001/finance-data-project-1/.venv/lib/python3.10/site-packages/airflow/example_dags/example_xcomargs.py
[2025-06-14T23:59:43.931-0400] {logging_mixin.py:154} INFO - [2025-06-14T23:59:43.931-0400] {dag.py:2941} INFO - Sync 2 DAGs
[2025-06-14T23:59:43.935-0400] {logging_mixin.py:154} INFO - [2025-06-14T23:59:43.935-0400] {dag.py:3722} INFO - Setting next_dagrun for example_xcom_args to None, run_after=None
[2025-06-14T23:59:43.937-0400] {logging_mixin.py:154} INFO - [2025-06-14T23:59:43.936-0400] {dag.py:3722} INFO - Setting next_dagrun for example_xcom_args_with_operators to None, run_after=None
[2025-06-14T23:59:43.946-0400] {processor.py:179} INFO - Processing /Users/rah/Desktop/creative_projects/rah_coding_repo/projects/fin_data_project_001/finance-data-project-1/.venv/lib/python3.10/site-packages/airflow/example_dags/example_xcomargs.py took 0.142 seconds
[2025-06-14T23:59:53.449-0400] {processor.py:157} INFO - Started process (PID=51046) to work on /Users/rah/Desktop/creative_projects/rah_coding_repo/projects/fin_data_project_001/finance-data-project-1/.venv/lib/python3.10/site-packages/airflow/example_dags/example_xcomargs.py
[2025-06-14T23:59:53.451-0400] {processor.py:829} INFO - Processing file /Users/rah/Desktop/creative_projects/rah_coding_repo/projects/fin_data_project_001/finance-data-project-1/.venv/lib/python3.10/site-packages/airflow/example_dags/example_xcomargs.py for tasks to queue
[2025-06-14T23:59:53.452-0400] {logging_mixin.py:154} INFO - [2025-06-14T23:59:53.451-0400] {dagbag.py:536} INFO - Filling up the DagBag from /Users/rah/Desktop/creative_projects/rah_coding_repo/projects/fin_data_project_001/finance-data-project-1/.venv/lib/python3.10/site-packages/airflow/example_dags/example_xcomargs.py
[2025-06-14T23:59:53.476-0400] {processor.py:839} INFO - DAG(s) dict_keys(['example_xcom_args_with_operators', 'example_xcom_args']) retrieved from /Users/rah/Desktop/creative_projects/rah_coding_repo/projects/fin_data_project_001/finance-data-project-1/.venv/lib/python3.10/site-packages/airflow/example_dags/example_xcomargs.py
[2025-06-14T23:59:53.576-0400] {logging_mixin.py:154} INFO - [2025-06-14T23:59:53.576-0400] {dag.py:2941} INFO - Sync 2 DAGs
[2025-06-14T23:59:53.580-0400] {logging_mixin.py:154} INFO - [2025-06-14T23:59:53.580-0400] {dag.py:3722} INFO - Setting next_dagrun for example_xcom_args to None, run_after=None
[2025-06-14T23:59:53.581-0400] {logging_mixin.py:154} INFO - [2025-06-14T23:59:53.581-0400] {dag.py:3722} INFO - Setting next_dagrun for example_xcom_args_with_operators to None, run_after=None
[2025-06-14T23:59:53.589-0400] {processor.py:179} INFO - Processing /Users/rah/Desktop/creative_projects/rah_coding_repo/projects/fin_data_project_001/finance-data-project-1/.venv/lib/python3.10/site-packages/airflow/example_dags/example_xcomargs.py took 0.140 seconds
[2025-06-14T23:59:58.736-0400] {processor.py:157} INFO - Started process (PID=51184) to work on /Users/rah/Desktop/creative_projects/rah_coding_repo/projects/fin_data_project_001/finance-data-project-1/.venv/lib/python3.10/site-packages/airflow/example_dags/example_xcomargs.py
[2025-06-14T23:59:58.739-0400] {processor.py:829} INFO - Processing file /Users/rah/Desktop/creative_projects/rah_coding_repo/projects/fin_data_project_001/finance-data-project-1/.venv/lib/python3.10/site-packages/airflow/example_dags/example_xcomargs.py for tasks to queue
[2025-06-14T23:59:58.739-0400] {logging_mixin.py:154} INFO - [2025-06-14T23:59:58.739-0400] {dagbag.py:536} INFO - Filling up the DagBag from /Users/rah/Desktop/creative_projects/rah_coding_repo/projects/fin_data_project_001/finance-data-project-1/.venv/lib/python3.10/site-packages/airflow/example_dags/example_xcomargs.py
[2025-06-14T23:59:58.764-0400] {processor.py:839} INFO - DAG(s) dict_keys(['example_xcom_args', 'example_xcom_args_with_operators']) retrieved from /Users/rah/Desktop/creative_projects/rah_coding_repo/projects/fin_data_project_001/finance-data-project-1/.venv/lib/python3.10/site-packages/airflow/example_dags/example_xcomargs.py
[2025-06-14T23:59:58.863-0400] {logging_mixin.py:154} INFO - [2025-06-14T23:59:58.863-0400] {dag.py:2941} INFO - Sync 2 DAGs
[2025-06-14T23:59:58.867-0400] {logging_mixin.py:154} INFO - [2025-06-14T23:59:58.867-0400] {dag.py:3722} INFO - Setting next_dagrun for example_xcom_args to None, run_after=None
[2025-06-14T23:59:58.868-0400] {logging_mixin.py:154} INFO - [2025-06-14T23:59:58.868-0400] {dag.py:3722} INFO - Setting next_dagrun for example_xcom_args_with_operators to None, run_after=None
[2025-06-14T23:59:58.875-0400] {processor.py:179} INFO - Processing /Users/rah/Desktop/creative_projects/rah_coding_repo/projects/fin_data_project_001/finance-data-project-1/.venv/lib/python3.10/site-packages/airflow/example_dags/example_xcomargs.py took 0.139 seconds
[2025-06-15T00:00:31.163-0400] {processor.py:157} INFO - Started process (PID=51678) to work on /Users/rah/Desktop/creative_projects/rah_coding_repo/projects/fin_data_project_001/finance-data-project-1/.venv/lib/python3.10/site-packages/airflow/example_dags/example_xcomargs.py
[2025-06-15T00:00:31.165-0400] {processor.py:829} INFO - Processing file /Users/rah/Desktop/creative_projects/rah_coding_repo/projects/fin_data_project_001/finance-data-project-1/.venv/lib/python3.10/site-packages/airflow/example_dags/example_xcomargs.py for tasks to queue
[2025-06-15T00:00:31.165-0400] {logging_mixin.py:154} INFO - [2025-06-15T00:00:31.165-0400] {dagbag.py:536} INFO - Filling up the DagBag from /Users/rah/Desktop/creative_projects/rah_coding_repo/projects/fin_data_project_001/finance-data-project-1/.venv/lib/python3.10/site-packages/airflow/example_dags/example_xcomargs.py
[2025-06-15T00:00:31.188-0400] {processor.py:839} INFO - DAG(s) dict_keys(['example_xcom_args_with_operators', 'example_xcom_args']) retrieved from /Users/rah/Desktop/creative_projects/rah_coding_repo/projects/fin_data_project_001/finance-data-project-1/.venv/lib/python3.10/site-packages/airflow/example_dags/example_xcomargs.py
[2025-06-15T00:00:31.290-0400] {logging_mixin.py:154} INFO - [2025-06-15T00:00:31.290-0400] {dag.py:2941} INFO - Sync 2 DAGs
[2025-06-15T00:00:31.294-0400] {logging_mixin.py:154} INFO - [2025-06-15T00:00:31.294-0400] {dag.py:3722} INFO - Setting next_dagrun for example_xcom_args to None, run_after=None
[2025-06-15T00:00:31.295-0400] {logging_mixin.py:154} INFO - [2025-06-15T00:00:31.295-0400] {dag.py:3722} INFO - Setting next_dagrun for example_xcom_args_with_operators to None, run_after=None
[2025-06-15T00:00:31.303-0400] {processor.py:179} INFO - Processing /Users/rah/Desktop/creative_projects/rah_coding_repo/projects/fin_data_project_001/finance-data-project-1/.venv/lib/python3.10/site-packages/airflow/example_dags/example_xcomargs.py took 0.141 seconds
[2025-06-15T00:00:36.625-0400] {processor.py:157} INFO - Started process (PID=51705) to work on /Users/rah/Desktop/creative_projects/rah_coding_repo/projects/fin_data_project_001/finance-data-project-1/.venv/lib/python3.10/site-packages/airflow/example_dags/example_xcomargs.py
[2025-06-15T00:00:36.627-0400] {processor.py:829} INFO - Processing file /Users/rah/Desktop/creative_projects/rah_coding_repo/projects/fin_data_project_001/finance-data-project-1/.venv/lib/python3.10/site-packages/airflow/example_dags/example_xcomargs.py for tasks to queue
[2025-06-15T00:00:36.627-0400] {logging_mixin.py:154} INFO - [2025-06-15T00:00:36.627-0400] {dagbag.py:536} INFO - Filling up the DagBag from /Users/rah/Desktop/creative_projects/rah_coding_repo/projects/fin_data_project_001/finance-data-project-1/.venv/lib/python3.10/site-packages/airflow/example_dags/example_xcomargs.py
[2025-06-15T00:00:36.651-0400] {processor.py:839} INFO - DAG(s) dict_keys(['example_xcom_args', 'example_xcom_args_with_operators']) retrieved from /Users/rah/Desktop/creative_projects/rah_coding_repo/projects/fin_data_project_001/finance-data-project-1/.venv/lib/python3.10/site-packages/airflow/example_dags/example_xcomargs.py
[2025-06-15T00:00:36.748-0400] {logging_mixin.py:154} INFO - [2025-06-15T00:00:36.747-0400] {dag.py:2941} INFO - Sync 2 DAGs
[2025-06-15T00:00:36.751-0400] {logging_mixin.py:154} INFO - [2025-06-15T00:00:36.751-0400] {dag.py:3722} INFO - Setting next_dagrun for example_xcom_args to None, run_after=None
[2025-06-15T00:00:36.753-0400] {logging_mixin.py:154} INFO - [2025-06-15T00:00:36.753-0400] {dag.py:3722} INFO - Setting next_dagrun for example_xcom_args_with_operators to None, run_after=None
[2025-06-15T00:00:36.760-0400] {processor.py:179} INFO - Processing /Users/rah/Desktop/creative_projects/rah_coding_repo/projects/fin_data_project_001/finance-data-project-1/.venv/lib/python3.10/site-packages/airflow/example_dags/example_xcomargs.py took 0.136 seconds
[2025-06-15T00:00:51.692-0400] {processor.py:157} INFO - Started process (PID=51992) to work on /Users/rah/Desktop/creative_projects/rah_coding_repo/projects/fin_data_project_001/finance-data-project-1/.venv/lib/python3.10/site-packages/airflow/example_dags/example_xcomargs.py
[2025-06-15T00:00:51.694-0400] {processor.py:829} INFO - Processing file /Users/rah/Desktop/creative_projects/rah_coding_repo/projects/fin_data_project_001/finance-data-project-1/.venv/lib/python3.10/site-packages/airflow/example_dags/example_xcomargs.py for tasks to queue
[2025-06-15T00:00:51.695-0400] {logging_mixin.py:154} INFO - [2025-06-15T00:00:51.695-0400] {dagbag.py:536} INFO - Filling up the DagBag from /Users/rah/Desktop/creative_projects/rah_coding_repo/projects/fin_data_project_001/finance-data-project-1/.venv/lib/python3.10/site-packages/airflow/example_dags/example_xcomargs.py
[2025-06-15T00:00:51.717-0400] {processor.py:839} INFO - DAG(s) dict_keys(['example_xcom_args_with_operators', 'example_xcom_args']) retrieved from /Users/rah/Desktop/creative_projects/rah_coding_repo/projects/fin_data_project_001/finance-data-project-1/.venv/lib/python3.10/site-packages/airflow/example_dags/example_xcomargs.py
[2025-06-15T00:00:51.809-0400] {logging_mixin.py:154} INFO - [2025-06-15T00:00:51.809-0400] {dag.py:2941} INFO - Sync 2 DAGs
[2025-06-15T00:00:51.813-0400] {logging_mixin.py:154} INFO - [2025-06-15T00:00:51.813-0400] {dag.py:3722} INFO - Setting next_dagrun for example_xcom_args to None, run_after=None
[2025-06-15T00:00:51.814-0400] {logging_mixin.py:154} INFO - [2025-06-15T00:00:51.814-0400] {dag.py:3722} INFO - Setting next_dagrun for example_xcom_args_with_operators to None, run_after=None
[2025-06-15T00:00:51.821-0400] {processor.py:179} INFO - Processing /Users/rah/Desktop/creative_projects/rah_coding_repo/projects/fin_data_project_001/finance-data-project-1/.venv/lib/python3.10/site-packages/airflow/example_dags/example_xcomargs.py took 0.130 seconds
[2025-06-15T00:01:19.331-0400] {processor.py:157} INFO - Started process (PID=52358) to work on /Users/rah/Desktop/creative_projects/rah_coding_repo/projects/fin_data_project_001/finance-data-project-1/.venv/lib/python3.10/site-packages/airflow/example_dags/example_xcomargs.py
[2025-06-15T00:01:19.334-0400] {processor.py:829} INFO - Processing file /Users/rah/Desktop/creative_projects/rah_coding_repo/projects/fin_data_project_001/finance-data-project-1/.venv/lib/python3.10/site-packages/airflow/example_dags/example_xcomargs.py for tasks to queue
[2025-06-15T00:01:19.334-0400] {logging_mixin.py:154} INFO - [2025-06-15T00:01:19.334-0400] {dagbag.py:536} INFO - Filling up the DagBag from /Users/rah/Desktop/creative_projects/rah_coding_repo/projects/fin_data_project_001/finance-data-project-1/.venv/lib/python3.10/site-packages/airflow/example_dags/example_xcomargs.py
[2025-06-15T00:01:19.358-0400] {processor.py:839} INFO - DAG(s) dict_keys(['example_xcom_args', 'example_xcom_args_with_operators']) retrieved from /Users/rah/Desktop/creative_projects/rah_coding_repo/projects/fin_data_project_001/finance-data-project-1/.venv/lib/python3.10/site-packages/airflow/example_dags/example_xcomargs.py
[2025-06-15T00:01:19.466-0400] {logging_mixin.py:154} INFO - [2025-06-15T00:01:19.466-0400] {dag.py:2941} INFO - Sync 2 DAGs
[2025-06-15T00:01:19.471-0400] {logging_mixin.py:154} INFO - [2025-06-15T00:01:19.470-0400] {dag.py:3722} INFO - Setting next_dagrun for example_xcom_args to None, run_after=None
[2025-06-15T00:01:19.472-0400] {logging_mixin.py:154} INFO - [2025-06-15T00:01:19.472-0400] {dag.py:3722} INFO - Setting next_dagrun for example_xcom_args_with_operators to None, run_after=None
[2025-06-15T00:01:19.480-0400] {processor.py:179} INFO - Processing /Users/rah/Desktop/creative_projects/rah_coding_repo/projects/fin_data_project_001/finance-data-project-1/.venv/lib/python3.10/site-packages/airflow/example_dags/example_xcomargs.py took 0.150 seconds
[2025-06-15T00:01:19.687-0400] {processor.py:157} INFO - Started process (PID=52359) to work on /Users/rah/Desktop/creative_projects/rah_coding_repo/projects/fin_data_project_001/finance-data-project-1/.venv/lib/python3.10/site-packages/airflow/example_dags/example_xcomargs.py
[2025-06-15T00:01:19.689-0400] {processor.py:829} INFO - Processing file /Users/rah/Desktop/creative_projects/rah_coding_repo/projects/fin_data_project_001/finance-data-project-1/.venv/lib/python3.10/site-packages/airflow/example_dags/example_xcomargs.py for tasks to queue
[2025-06-15T00:01:19.690-0400] {logging_mixin.py:154} INFO - [2025-06-15T00:01:19.690-0400] {dagbag.py:536} INFO - Filling up the DagBag from /Users/rah/Desktop/creative_projects/rah_coding_repo/projects/fin_data_project_001/finance-data-project-1/.venv/lib/python3.10/site-packages/airflow/example_dags/example_xcomargs.py
[2025-06-15T00:01:19.715-0400] {processor.py:839} INFO - DAG(s) dict_keys(['example_xcom_args', 'example_xcom_args_with_operators']) retrieved from /Users/rah/Desktop/creative_projects/rah_coding_repo/projects/fin_data_project_001/finance-data-project-1/.venv/lib/python3.10/site-packages/airflow/example_dags/example_xcomargs.py
[2025-06-15T00:01:19.815-0400] {logging_mixin.py:154} INFO - [2025-06-15T00:01:19.815-0400] {dag.py:2941} INFO - Sync 2 DAGs
[2025-06-15T00:01:19.819-0400] {logging_mixin.py:154} INFO - [2025-06-15T00:01:19.819-0400] {dag.py:3722} INFO - Setting next_dagrun for example_xcom_args to None, run_after=None
[2025-06-15T00:01:19.820-0400] {logging_mixin.py:154} INFO - [2025-06-15T00:01:19.820-0400] {dag.py:3722} INFO - Setting next_dagrun for example_xcom_args_with_operators to None, run_after=None
[2025-06-15T00:01:19.827-0400] {processor.py:179} INFO - Processing /Users/rah/Desktop/creative_projects/rah_coding_repo/projects/fin_data_project_001/finance-data-project-1/.venv/lib/python3.10/site-packages/airflow/example_dags/example_xcomargs.py took 0.140 seconds
[2025-06-15T00:01:24.105-0400] {processor.py:157} INFO - Started process (PID=52490) to work on /Users/rah/Desktop/creative_projects/rah_coding_repo/projects/fin_data_project_001/finance-data-project-1/.venv/lib/python3.10/site-packages/airflow/example_dags/example_xcomargs.py
[2025-06-15T00:01:24.107-0400] {processor.py:829} INFO - Processing file /Users/rah/Desktop/creative_projects/rah_coding_repo/projects/fin_data_project_001/finance-data-project-1/.venv/lib/python3.10/site-packages/airflow/example_dags/example_xcomargs.py for tasks to queue
[2025-06-15T00:01:24.107-0400] {logging_mixin.py:154} INFO - [2025-06-15T00:01:24.107-0400] {dagbag.py:536} INFO - Filling up the DagBag from /Users/rah/Desktop/creative_projects/rah_coding_repo/projects/fin_data_project_001/finance-data-project-1/.venv/lib/python3.10/site-packages/airflow/example_dags/example_xcomargs.py
[2025-06-15T00:01:24.134-0400] {processor.py:839} INFO - DAG(s) dict_keys(['example_xcom_args', 'example_xcom_args_with_operators']) retrieved from /Users/rah/Desktop/creative_projects/rah_coding_repo/projects/fin_data_project_001/finance-data-project-1/.venv/lib/python3.10/site-packages/airflow/example_dags/example_xcomargs.py
[2025-06-15T00:01:24.232-0400] {logging_mixin.py:154} INFO - [2025-06-15T00:01:24.232-0400] {dag.py:2941} INFO - Sync 2 DAGs
[2025-06-15T00:01:24.237-0400] {logging_mixin.py:154} INFO - [2025-06-15T00:01:24.237-0400] {dag.py:3722} INFO - Setting next_dagrun for example_xcom_args to None, run_after=None
[2025-06-15T00:01:24.238-0400] {logging_mixin.py:154} INFO - [2025-06-15T00:01:24.238-0400] {dag.py:3722} INFO - Setting next_dagrun for example_xcom_args_with_operators to None, run_after=None
[2025-06-15T00:01:24.245-0400] {processor.py:179} INFO - Processing /Users/rah/Desktop/creative_projects/rah_coding_repo/projects/fin_data_project_001/finance-data-project-1/.venv/lib/python3.10/site-packages/airflow/example_dags/example_xcomargs.py took 0.141 seconds
[2025-06-15T00:01:39.104-0400] {processor.py:157} INFO - Started process (PID=52679) to work on /Users/rah/Desktop/creative_projects/rah_coding_repo/projects/fin_data_project_001/finance-data-project-1/.venv/lib/python3.10/site-packages/airflow/example_dags/example_xcomargs.py
[2025-06-15T00:01:39.107-0400] {processor.py:829} INFO - Processing file /Users/rah/Desktop/creative_projects/rah_coding_repo/projects/fin_data_project_001/finance-data-project-1/.venv/lib/python3.10/site-packages/airflow/example_dags/example_xcomargs.py for tasks to queue
[2025-06-15T00:01:39.107-0400] {logging_mixin.py:154} INFO - [2025-06-15T00:01:39.107-0400] {dagbag.py:536} INFO - Filling up the DagBag from /Users/rah/Desktop/creative_projects/rah_coding_repo/projects/fin_data_project_001/finance-data-project-1/.venv/lib/python3.10/site-packages/airflow/example_dags/example_xcomargs.py
[2025-06-15T00:01:39.133-0400] {processor.py:839} INFO - DAG(s) dict_keys(['example_xcom_args', 'example_xcom_args_with_operators']) retrieved from /Users/rah/Desktop/creative_projects/rah_coding_repo/projects/fin_data_project_001/finance-data-project-1/.venv/lib/python3.10/site-packages/airflow/example_dags/example_xcomargs.py
[2025-06-15T00:01:39.231-0400] {logging_mixin.py:154} INFO - [2025-06-15T00:01:39.230-0400] {dag.py:2941} INFO - Sync 2 DAGs
[2025-06-15T00:01:39.235-0400] {logging_mixin.py:154} INFO - [2025-06-15T00:01:39.235-0400] {dag.py:3722} INFO - Setting next_dagrun for example_xcom_args to None, run_after=None
[2025-06-15T00:01:39.236-0400] {logging_mixin.py:154} INFO - [2025-06-15T00:01:39.236-0400] {dag.py:3722} INFO - Setting next_dagrun for example_xcom_args_with_operators to None, run_after=None
[2025-06-15T00:01:39.243-0400] {processor.py:179} INFO - Processing /Users/rah/Desktop/creative_projects/rah_coding_repo/projects/fin_data_project_001/finance-data-project-1/.venv/lib/python3.10/site-packages/airflow/example_dags/example_xcomargs.py took 0.139 seconds
[2025-06-15T00:02:08.288-0400] {processor.py:157} INFO - Started process (PID=53158) to work on /Users/rah/Desktop/creative_projects/rah_coding_repo/projects/fin_data_project_001/finance-data-project-1/.venv/lib/python3.10/site-packages/airflow/example_dags/example_xcomargs.py
[2025-06-15T00:02:08.291-0400] {processor.py:829} INFO - Processing file /Users/rah/Desktop/creative_projects/rah_coding_repo/projects/fin_data_project_001/finance-data-project-1/.venv/lib/python3.10/site-packages/airflow/example_dags/example_xcomargs.py for tasks to queue
[2025-06-15T00:02:08.291-0400] {logging_mixin.py:154} INFO - [2025-06-15T00:02:08.291-0400] {dagbag.py:536} INFO - Filling up the DagBag from /Users/rah/Desktop/creative_projects/rah_coding_repo/projects/fin_data_project_001/finance-data-project-1/.venv/lib/python3.10/site-packages/airflow/example_dags/example_xcomargs.py
[2025-06-15T00:02:08.314-0400] {processor.py:839} INFO - DAG(s) dict_keys(['example_xcom_args_with_operators', 'example_xcom_args']) retrieved from /Users/rah/Desktop/creative_projects/rah_coding_repo/projects/fin_data_project_001/finance-data-project-1/.venv/lib/python3.10/site-packages/airflow/example_dags/example_xcomargs.py
[2025-06-15T00:02:08.401-0400] {logging_mixin.py:154} INFO - [2025-06-15T00:02:08.401-0400] {dag.py:2941} INFO - Sync 2 DAGs
[2025-06-15T00:02:08.404-0400] {logging_mixin.py:154} INFO - [2025-06-15T00:02:08.404-0400] {dag.py:3722} INFO - Setting next_dagrun for example_xcom_args to None, run_after=None
[2025-06-15T00:02:08.405-0400] {logging_mixin.py:154} INFO - [2025-06-15T00:02:08.405-0400] {dag.py:3722} INFO - Setting next_dagrun for example_xcom_args_with_operators to None, run_after=None
[2025-06-15T00:02:08.412-0400] {processor.py:179} INFO - Processing /Users/rah/Desktop/creative_projects/rah_coding_repo/projects/fin_data_project_001/finance-data-project-1/.venv/lib/python3.10/site-packages/airflow/example_dags/example_xcomargs.py took 0.124 seconds
[2025-06-15T00:02:11.340-0400] {processor.py:157} INFO - Started process (PID=53172) to work on /Users/rah/Desktop/creative_projects/rah_coding_repo/projects/fin_data_project_001/finance-data-project-1/.venv/lib/python3.10/site-packages/airflow/example_dags/example_xcomargs.py
[2025-06-15T00:02:11.343-0400] {processor.py:829} INFO - Processing file /Users/rah/Desktop/creative_projects/rah_coding_repo/projects/fin_data_project_001/finance-data-project-1/.venv/lib/python3.10/site-packages/airflow/example_dags/example_xcomargs.py for tasks to queue
[2025-06-15T00:02:11.343-0400] {logging_mixin.py:154} INFO - [2025-06-15T00:02:11.343-0400] {dagbag.py:536} INFO - Filling up the DagBag from /Users/rah/Desktop/creative_projects/rah_coding_repo/projects/fin_data_project_001/finance-data-project-1/.venv/lib/python3.10/site-packages/airflow/example_dags/example_xcomargs.py
[2025-06-15T00:02:11.369-0400] {processor.py:839} INFO - DAG(s) dict_keys(['example_xcom_args', 'example_xcom_args_with_operators']) retrieved from /Users/rah/Desktop/creative_projects/rah_coding_repo/projects/fin_data_project_001/finance-data-project-1/.venv/lib/python3.10/site-packages/airflow/example_dags/example_xcomargs.py
[2025-06-15T00:02:11.473-0400] {logging_mixin.py:154} INFO - [2025-06-15T00:02:11.473-0400] {dag.py:2941} INFO - Sync 2 DAGs
[2025-06-15T00:02:11.477-0400] {logging_mixin.py:154} INFO - [2025-06-15T00:02:11.477-0400] {dag.py:3722} INFO - Setting next_dagrun for example_xcom_args to None, run_after=None
[2025-06-15T00:02:11.478-0400] {logging_mixin.py:154} INFO - [2025-06-15T00:02:11.478-0400] {dag.py:3722} INFO - Setting next_dagrun for example_xcom_args_with_operators to None, run_after=None
[2025-06-15T00:02:11.486-0400] {processor.py:179} INFO - Processing /Users/rah/Desktop/creative_projects/rah_coding_repo/projects/fin_data_project_001/finance-data-project-1/.venv/lib/python3.10/site-packages/airflow/example_dags/example_xcomargs.py took 0.147 seconds
[2025-06-15T00:03:05.935-0400] {processor.py:157} INFO - Started process (PID=54150) to work on /Users/rah/.pyenv/versions/3.10.11/lib/python3.10/site-packages/airflow/example_dags/example_xcomargs.py
[2025-06-15T00:03:05.938-0400] {processor.py:829} INFO - Processing file /Users/rah/.pyenv/versions/3.10.11/lib/python3.10/site-packages/airflow/example_dags/example_xcomargs.py for tasks to queue
[2025-06-15T00:03:05.938-0400] {logging_mixin.py:154} INFO - [2025-06-15T00:03:05.938-0400] {dagbag.py:536} INFO - Filling up the DagBag from /Users/rah/.pyenv/versions/3.10.11/lib/python3.10/site-packages/airflow/example_dags/example_xcomargs.py
[2025-06-15T00:03:05.983-0400] {processor.py:839} INFO - DAG(s) dict_keys(['example_xcom_args', 'example_xcom_args_with_operators']) retrieved from /Users/rah/.pyenv/versions/3.10.11/lib/python3.10/site-packages/airflow/example_dags/example_xcomargs.py
[2025-06-15T00:03:06.323-0400] {logging_mixin.py:154} INFO - [2025-06-15T00:03:06.323-0400] {dag.py:2941} INFO - Sync 2 DAGs
[2025-06-15T00:03:06.327-0400] {logging_mixin.py:154} INFO - [2025-06-15T00:03:06.327-0400] {dag.py:3722} INFO - Setting next_dagrun for example_xcom_args to None, run_after=None
[2025-06-15T00:03:06.328-0400] {logging_mixin.py:154} INFO - [2025-06-15T00:03:06.328-0400] {dag.py:3722} INFO - Setting next_dagrun for example_xcom_args_with_operators to None, run_after=None
[2025-06-15T00:03:06.336-0400] {processor.py:179} INFO - Processing /Users/rah/.pyenv/versions/3.10.11/lib/python3.10/site-packages/airflow/example_dags/example_xcomargs.py took 0.402 seconds
[2025-06-15T00:06:29.082-0400] {processor.py:157} INFO - Started process (PID=56892) to work on /Users/rah/.pyenv/versions/3.10.11/lib/python3.10/site-packages/airflow/example_dags/example_xcomargs.py
[2025-06-15T00:06:29.086-0400] {processor.py:829} INFO - Processing file /Users/rah/.pyenv/versions/3.10.11/lib/python3.10/site-packages/airflow/example_dags/example_xcomargs.py for tasks to queue
[2025-06-15T00:06:29.086-0400] {logging_mixin.py:154} INFO - [2025-06-15T00:06:29.086-0400] {dagbag.py:536} INFO - Filling up the DagBag from /Users/rah/.pyenv/versions/3.10.11/lib/python3.10/site-packages/airflow/example_dags/example_xcomargs.py
[2025-06-15T00:06:29.132-0400] {processor.py:839} INFO - DAG(s) dict_keys(['example_xcom_args', 'example_xcom_args_with_operators']) retrieved from /Users/rah/.pyenv/versions/3.10.11/lib/python3.10/site-packages/airflow/example_dags/example_xcomargs.py
[2025-06-15T00:06:29.222-0400] {logging_mixin.py:154} INFO - [2025-06-15T00:06:29.222-0400] {dag.py:2941} INFO - Sync 2 DAGs
[2025-06-15T00:06:29.226-0400] {logging_mixin.py:154} INFO - [2025-06-15T00:06:29.226-0400] {dag.py:3722} INFO - Setting next_dagrun for example_xcom_args to None, run_after=None
[2025-06-15T00:06:29.227-0400] {logging_mixin.py:154} INFO - [2025-06-15T00:06:29.227-0400] {dag.py:3722} INFO - Setting next_dagrun for example_xcom_args_with_operators to None, run_after=None
[2025-06-15T00:06:29.236-0400] {processor.py:179} INFO - Processing /Users/rah/.pyenv/versions/3.10.11/lib/python3.10/site-packages/airflow/example_dags/example_xcomargs.py took 0.155 seconds
[2025-06-15T00:07:57.959-0400] {processor.py:157} INFO - Started process (PID=57832) to work on /Users/rah/.pyenv/versions/3.10.11/lib/python3.10/site-packages/airflow/example_dags/example_xcomargs.py
[2025-06-15T00:07:57.962-0400] {processor.py:829} INFO - Processing file /Users/rah/.pyenv/versions/3.10.11/lib/python3.10/site-packages/airflow/example_dags/example_xcomargs.py for tasks to queue
[2025-06-15T00:07:57.962-0400] {logging_mixin.py:154} INFO - [2025-06-15T00:07:57.962-0400] {dagbag.py:536} INFO - Filling up the DagBag from /Users/rah/.pyenv/versions/3.10.11/lib/python3.10/site-packages/airflow/example_dags/example_xcomargs.py
[2025-06-15T00:07:58.010-0400] {processor.py:839} INFO - DAG(s) dict_keys(['example_xcom_args_with_operators', 'example_xcom_args']) retrieved from /Users/rah/.pyenv/versions/3.10.11/lib/python3.10/site-packages/airflow/example_dags/example_xcomargs.py
[2025-06-15T00:07:58.106-0400] {logging_mixin.py:154} INFO - [2025-06-15T00:07:58.106-0400] {dag.py:2941} INFO - Sync 2 DAGs
[2025-06-15T00:07:58.110-0400] {logging_mixin.py:154} INFO - [2025-06-15T00:07:58.110-0400] {dag.py:3722} INFO - Setting next_dagrun for example_xcom_args to None, run_after=None
[2025-06-15T00:07:58.111-0400] {logging_mixin.py:154} INFO - [2025-06-15T00:07:58.111-0400] {dag.py:3722} INFO - Setting next_dagrun for example_xcom_args_with_operators to None, run_after=None
[2025-06-15T00:07:58.119-0400] {processor.py:179} INFO - Processing /Users/rah/.pyenv/versions/3.10.11/lib/python3.10/site-packages/airflow/example_dags/example_xcomargs.py took 0.160 seconds
[2025-06-15T00:08:54.555-0400] {processor.py:157} INFO - Started process (PID=58895) to work on /Users/rah/.pyenv/versions/3.10.11/lib/python3.10/site-packages/airflow/example_dags/example_xcomargs.py
[2025-06-15T00:08:54.557-0400] {processor.py:829} INFO - Processing file /Users/rah/.pyenv/versions/3.10.11/lib/python3.10/site-packages/airflow/example_dags/example_xcomargs.py for tasks to queue
[2025-06-15T00:08:54.558-0400] {logging_mixin.py:154} INFO - [2025-06-15T00:08:54.558-0400] {dagbag.py:536} INFO - Filling up the DagBag from /Users/rah/.pyenv/versions/3.10.11/lib/python3.10/site-packages/airflow/example_dags/example_xcomargs.py
[2025-06-15T00:08:54.602-0400] {processor.py:839} INFO - DAG(s) dict_keys(['example_xcom_args', 'example_xcom_args_with_operators']) retrieved from /Users/rah/.pyenv/versions/3.10.11/lib/python3.10/site-packages/airflow/example_dags/example_xcomargs.py
[2025-06-15T00:08:54.696-0400] {logging_mixin.py:154} INFO - [2025-06-15T00:08:54.696-0400] {dag.py:2941} INFO - Sync 2 DAGs
[2025-06-15T00:08:54.700-0400] {logging_mixin.py:154} INFO - [2025-06-15T00:08:54.700-0400] {dag.py:3722} INFO - Setting next_dagrun for example_xcom_args to None, run_after=None
[2025-06-15T00:08:54.702-0400] {logging_mixin.py:154} INFO - [2025-06-15T00:08:54.702-0400] {dag.py:3722} INFO - Setting next_dagrun for example_xcom_args_with_operators to None, run_after=None
[2025-06-15T00:08:54.710-0400] {processor.py:179} INFO - Processing /Users/rah/.pyenv/versions/3.10.11/lib/python3.10/site-packages/airflow/example_dags/example_xcomargs.py took 0.156 seconds
[2025-06-15T00:09:46.009-0400] {processor.py:157} INFO - Started process (PID=59850) to work on /Users/rah/.pyenv/versions/3.10.11/lib/python3.10/site-packages/airflow/example_dags/example_xcomargs.py
[2025-06-15T00:09:46.012-0400] {processor.py:829} INFO - Processing file /Users/rah/.pyenv/versions/3.10.11/lib/python3.10/site-packages/airflow/example_dags/example_xcomargs.py for tasks to queue
[2025-06-15T00:09:46.012-0400] {logging_mixin.py:154} INFO - [2025-06-15T00:09:46.012-0400] {dagbag.py:536} INFO - Filling up the DagBag from /Users/rah/.pyenv/versions/3.10.11/lib/python3.10/site-packages/airflow/example_dags/example_xcomargs.py
[2025-06-15T00:09:46.058-0400] {processor.py:839} INFO - DAG(s) dict_keys(['example_xcom_args', 'example_xcom_args_with_operators']) retrieved from /Users/rah/.pyenv/versions/3.10.11/lib/python3.10/site-packages/airflow/example_dags/example_xcomargs.py
[2025-06-15T00:09:46.151-0400] {logging_mixin.py:154} INFO - [2025-06-15T00:09:46.151-0400] {dag.py:2941} INFO - Sync 2 DAGs
[2025-06-15T00:09:46.155-0400] {logging_mixin.py:154} INFO - [2025-06-15T00:09:46.155-0400] {dag.py:3722} INFO - Setting next_dagrun for example_xcom_args to None, run_after=None
[2025-06-15T00:09:46.157-0400] {logging_mixin.py:154} INFO - [2025-06-15T00:09:46.156-0400] {dag.py:3722} INFO - Setting next_dagrun for example_xcom_args_with_operators to None, run_after=None
[2025-06-15T00:09:46.165-0400] {processor.py:179} INFO - Processing /Users/rah/.pyenv/versions/3.10.11/lib/python3.10/site-packages/airflow/example_dags/example_xcomargs.py took 0.157 seconds
[2025-06-15T00:10:37.668-0400] {processor.py:157} INFO - Started process (PID=60811) to work on /Users/rah/.pyenv/versions/3.10.11/lib/python3.10/site-packages/airflow/example_dags/example_xcomargs.py
[2025-06-15T00:10:37.671-0400] {processor.py:829} INFO - Processing file /Users/rah/.pyenv/versions/3.10.11/lib/python3.10/site-packages/airflow/example_dags/example_xcomargs.py for tasks to queue
[2025-06-15T00:10:37.672-0400] {logging_mixin.py:154} INFO - [2025-06-15T00:10:37.672-0400] {dagbag.py:536} INFO - Filling up the DagBag from /Users/rah/.pyenv/versions/3.10.11/lib/python3.10/site-packages/airflow/example_dags/example_xcomargs.py
[2025-06-15T00:10:37.718-0400] {processor.py:839} INFO - DAG(s) dict_keys(['example_xcom_args_with_operators', 'example_xcom_args']) retrieved from /Users/rah/.pyenv/versions/3.10.11/lib/python3.10/site-packages/airflow/example_dags/example_xcomargs.py
[2025-06-15T00:10:37.817-0400] {logging_mixin.py:154} INFO - [2025-06-15T00:10:37.816-0400] {dag.py:2941} INFO - Sync 2 DAGs
[2025-06-15T00:10:37.821-0400] {logging_mixin.py:154} INFO - [2025-06-15T00:10:37.821-0400] {dag.py:3722} INFO - Setting next_dagrun for example_xcom_args to None, run_after=None
[2025-06-15T00:10:37.823-0400] {logging_mixin.py:154} INFO - [2025-06-15T00:10:37.823-0400] {dag.py:3722} INFO - Setting next_dagrun for example_xcom_args_with_operators to None, run_after=None
[2025-06-15T00:10:37.832-0400] {processor.py:179} INFO - Processing /Users/rah/.pyenv/versions/3.10.11/lib/python3.10/site-packages/airflow/example_dags/example_xcomargs.py took 0.164 seconds
[2025-06-15T00:11:25.916-0400] {processor.py:157} INFO - Started process (PID=61339) to work on /Users/rah/.pyenv/versions/3.10.11/lib/python3.10/site-packages/airflow/example_dags/example_xcomargs.py
[2025-06-15T00:11:25.919-0400] {processor.py:829} INFO - Processing file /Users/rah/.pyenv/versions/3.10.11/lib/python3.10/site-packages/airflow/example_dags/example_xcomargs.py for tasks to queue
[2025-06-15T00:11:25.919-0400] {logging_mixin.py:154} INFO - [2025-06-15T00:11:25.919-0400] {dagbag.py:536} INFO - Filling up the DagBag from /Users/rah/.pyenv/versions/3.10.11/lib/python3.10/site-packages/airflow/example_dags/example_xcomargs.py
[2025-06-15T00:11:25.961-0400] {processor.py:839} INFO - DAG(s) dict_keys(['example_xcom_args_with_operators', 'example_xcom_args']) retrieved from /Users/rah/.pyenv/versions/3.10.11/lib/python3.10/site-packages/airflow/example_dags/example_xcomargs.py
[2025-06-15T00:11:26.049-0400] {logging_mixin.py:154} INFO - [2025-06-15T00:11:26.049-0400] {dag.py:2941} INFO - Sync 2 DAGs
[2025-06-15T00:11:26.053-0400] {logging_mixin.py:154} INFO - [2025-06-15T00:11:26.053-0400] {dag.py:3722} INFO - Setting next_dagrun for example_xcom_args to None, run_after=None
[2025-06-15T00:11:26.054-0400] {logging_mixin.py:154} INFO - [2025-06-15T00:11:26.054-0400] {dag.py:3722} INFO - Setting next_dagrun for example_xcom_args_with_operators to None, run_after=None
[2025-06-15T00:11:26.061-0400] {processor.py:179} INFO - Processing /Users/rah/.pyenv/versions/3.10.11/lib/python3.10/site-packages/airflow/example_dags/example_xcomargs.py took 0.145 seconds
[2025-06-15T00:12:16.069-0400] {processor.py:157} INFO - Started process (PID=62259) to work on /Users/rah/.pyenv/versions/3.10.11/lib/python3.10/site-packages/airflow/example_dags/example_xcomargs.py
[2025-06-15T00:12:16.072-0400] {processor.py:829} INFO - Processing file /Users/rah/.pyenv/versions/3.10.11/lib/python3.10/site-packages/airflow/example_dags/example_xcomargs.py for tasks to queue
[2025-06-15T00:12:16.073-0400] {logging_mixin.py:154} INFO - [2025-06-15T00:12:16.073-0400] {dagbag.py:536} INFO - Filling up the DagBag from /Users/rah/.pyenv/versions/3.10.11/lib/python3.10/site-packages/airflow/example_dags/example_xcomargs.py
[2025-06-15T00:12:16.115-0400] {processor.py:839} INFO - DAG(s) dict_keys(['example_xcom_args_with_operators', 'example_xcom_args']) retrieved from /Users/rah/.pyenv/versions/3.10.11/lib/python3.10/site-packages/airflow/example_dags/example_xcomargs.py
[2025-06-15T00:12:16.203-0400] {logging_mixin.py:154} INFO - [2025-06-15T00:12:16.203-0400] {dag.py:2941} INFO - Sync 2 DAGs
[2025-06-15T00:12:16.207-0400] {logging_mixin.py:154} INFO - [2025-06-15T00:12:16.207-0400] {dag.py:3722} INFO - Setting next_dagrun for example_xcom_args to None, run_after=None
[2025-06-15T00:12:16.208-0400] {logging_mixin.py:154} INFO - [2025-06-15T00:12:16.208-0400] {dag.py:3722} INFO - Setting next_dagrun for example_xcom_args_with_operators to None, run_after=None
[2025-06-15T00:12:16.215-0400] {processor.py:179} INFO - Processing /Users/rah/.pyenv/versions/3.10.11/lib/python3.10/site-packages/airflow/example_dags/example_xcomargs.py took 0.146 seconds
[2025-06-15T00:13:10.196-0400] {processor.py:157} INFO - Started process (PID=62889) to work on /Users/rah/.pyenv/versions/3.10.11/lib/python3.10/site-packages/airflow/example_dags/example_xcomargs.py
[2025-06-15T00:13:10.199-0400] {processor.py:829} INFO - Processing file /Users/rah/.pyenv/versions/3.10.11/lib/python3.10/site-packages/airflow/example_dags/example_xcomargs.py for tasks to queue
[2025-06-15T00:13:10.199-0400] {logging_mixin.py:154} INFO - [2025-06-15T00:13:10.199-0400] {dagbag.py:536} INFO - Filling up the DagBag from /Users/rah/.pyenv/versions/3.10.11/lib/python3.10/site-packages/airflow/example_dags/example_xcomargs.py
[2025-06-15T00:13:10.241-0400] {processor.py:839} INFO - DAG(s) dict_keys(['example_xcom_args', 'example_xcom_args_with_operators']) retrieved from /Users/rah/.pyenv/versions/3.10.11/lib/python3.10/site-packages/airflow/example_dags/example_xcomargs.py
[2025-06-15T00:13:10.335-0400] {logging_mixin.py:154} INFO - [2025-06-15T00:13:10.335-0400] {dag.py:2941} INFO - Sync 2 DAGs
[2025-06-15T00:13:10.339-0400] {logging_mixin.py:154} INFO - [2025-06-15T00:13:10.339-0400] {dag.py:3722} INFO - Setting next_dagrun for example_xcom_args to None, run_after=None
[2025-06-15T00:13:10.341-0400] {logging_mixin.py:154} INFO - [2025-06-15T00:13:10.341-0400] {dag.py:3722} INFO - Setting next_dagrun for example_xcom_args_with_operators to None, run_after=None
[2025-06-15T00:13:10.350-0400] {processor.py:179} INFO - Processing /Users/rah/.pyenv/versions/3.10.11/lib/python3.10/site-packages/airflow/example_dags/example_xcomargs.py took 0.155 seconds
[2025-06-15T00:14:00.755-0400] {processor.py:157} INFO - Started process (PID=63816) to work on /Users/rah/.pyenv/versions/3.10.11/lib/python3.10/site-packages/airflow/example_dags/example_xcomargs.py
[2025-06-15T00:14:00.758-0400] {processor.py:829} INFO - Processing file /Users/rah/.pyenv/versions/3.10.11/lib/python3.10/site-packages/airflow/example_dags/example_xcomargs.py for tasks to queue
[2025-06-15T00:14:00.758-0400] {logging_mixin.py:154} INFO - [2025-06-15T00:14:00.758-0400] {dagbag.py:536} INFO - Filling up the DagBag from /Users/rah/.pyenv/versions/3.10.11/lib/python3.10/site-packages/airflow/example_dags/example_xcomargs.py
[2025-06-15T00:14:00.802-0400] {processor.py:839} INFO - DAG(s) dict_keys(['example_xcom_args', 'example_xcom_args_with_operators']) retrieved from /Users/rah/.pyenv/versions/3.10.11/lib/python3.10/site-packages/airflow/example_dags/example_xcomargs.py
[2025-06-15T00:14:00.891-0400] {logging_mixin.py:154} INFO - [2025-06-15T00:14:00.891-0400] {dag.py:2941} INFO - Sync 2 DAGs
[2025-06-15T00:14:00.895-0400] {logging_mixin.py:154} INFO - [2025-06-15T00:14:00.895-0400] {dag.py:3722} INFO - Setting next_dagrun for example_xcom_args to None, run_after=None
[2025-06-15T00:14:00.896-0400] {logging_mixin.py:154} INFO - [2025-06-15T00:14:00.896-0400] {dag.py:3722} INFO - Setting next_dagrun for example_xcom_args_with_operators to None, run_after=None
[2025-06-15T00:14:00.904-0400] {processor.py:179} INFO - Processing /Users/rah/.pyenv/versions/3.10.11/lib/python3.10/site-packages/airflow/example_dags/example_xcomargs.py took 0.150 seconds
[2025-06-15T00:14:50.683-0400] {processor.py:157} INFO - Started process (PID=64742) to work on /Users/rah/.pyenv/versions/3.10.11/lib/python3.10/site-packages/airflow/example_dags/example_xcomargs.py
[2025-06-15T00:14:50.686-0400] {processor.py:829} INFO - Processing file /Users/rah/.pyenv/versions/3.10.11/lib/python3.10/site-packages/airflow/example_dags/example_xcomargs.py for tasks to queue
[2025-06-15T00:14:50.686-0400] {logging_mixin.py:154} INFO - [2025-06-15T00:14:50.686-0400] {dagbag.py:536} INFO - Filling up the DagBag from /Users/rah/.pyenv/versions/3.10.11/lib/python3.10/site-packages/airflow/example_dags/example_xcomargs.py
[2025-06-15T00:14:50.728-0400] {processor.py:839} INFO - DAG(s) dict_keys(['example_xcom_args_with_operators', 'example_xcom_args']) retrieved from /Users/rah/.pyenv/versions/3.10.11/lib/python3.10/site-packages/airflow/example_dags/example_xcomargs.py
[2025-06-15T00:14:50.815-0400] {logging_mixin.py:154} INFO - [2025-06-15T00:14:50.814-0400] {dag.py:2941} INFO - Sync 2 DAGs
[2025-06-15T00:14:50.818-0400] {logging_mixin.py:154} INFO - [2025-06-15T00:14:50.818-0400] {dag.py:3722} INFO - Setting next_dagrun for example_xcom_args to None, run_after=None
[2025-06-15T00:14:50.819-0400] {logging_mixin.py:154} INFO - [2025-06-15T00:14:50.819-0400] {dag.py:3722} INFO - Setting next_dagrun for example_xcom_args_with_operators to None, run_after=None
[2025-06-15T00:14:50.827-0400] {processor.py:179} INFO - Processing /Users/rah/.pyenv/versions/3.10.11/lib/python3.10/site-packages/airflow/example_dags/example_xcomargs.py took 0.144 seconds
[2025-06-15T00:15:42.078-0400] {processor.py:157} INFO - Started process (PID=66434) to work on /Users/rah/.pyenv/versions/3.10.11/lib/python3.10/site-packages/airflow/example_dags/example_xcomargs.py
[2025-06-15T00:15:42.080-0400] {processor.py:829} INFO - Processing file /Users/rah/.pyenv/versions/3.10.11/lib/python3.10/site-packages/airflow/example_dags/example_xcomargs.py for tasks to queue
[2025-06-15T00:15:42.081-0400] {logging_mixin.py:154} INFO - [2025-06-15T00:15:42.081-0400] {dagbag.py:536} INFO - Filling up the DagBag from /Users/rah/.pyenv/versions/3.10.11/lib/python3.10/site-packages/airflow/example_dags/example_xcomargs.py
[2025-06-15T00:15:42.123-0400] {processor.py:839} INFO - DAG(s) dict_keys(['example_xcom_args', 'example_xcom_args_with_operators']) retrieved from /Users/rah/.pyenv/versions/3.10.11/lib/python3.10/site-packages/airflow/example_dags/example_xcomargs.py
[2025-06-15T00:15:42.211-0400] {logging_mixin.py:154} INFO - [2025-06-15T00:15:42.210-0400] {dag.py:2941} INFO - Sync 2 DAGs
[2025-06-15T00:15:42.214-0400] {logging_mixin.py:154} INFO - [2025-06-15T00:15:42.214-0400] {dag.py:3722} INFO - Setting next_dagrun for example_xcom_args to None, run_after=None
[2025-06-15T00:15:42.215-0400] {logging_mixin.py:154} INFO - [2025-06-15T00:15:42.215-0400] {dag.py:3722} INFO - Setting next_dagrun for example_xcom_args_with_operators to None, run_after=None
[2025-06-15T00:15:42.223-0400] {processor.py:179} INFO - Processing /Users/rah/.pyenv/versions/3.10.11/lib/python3.10/site-packages/airflow/example_dags/example_xcomargs.py took 0.146 seconds
[2025-06-15T00:16:35.076-0400] {processor.py:157} INFO - Started process (PID=67073) to work on /Users/rah/.pyenv/versions/3.10.11/lib/python3.10/site-packages/airflow/example_dags/example_xcomargs.py
[2025-06-15T00:16:35.078-0400] {processor.py:829} INFO - Processing file /Users/rah/.pyenv/versions/3.10.11/lib/python3.10/site-packages/airflow/example_dags/example_xcomargs.py for tasks to queue
[2025-06-15T00:16:35.079-0400] {logging_mixin.py:154} INFO - [2025-06-15T00:16:35.079-0400] {dagbag.py:536} INFO - Filling up the DagBag from /Users/rah/.pyenv/versions/3.10.11/lib/python3.10/site-packages/airflow/example_dags/example_xcomargs.py
[2025-06-15T00:16:35.121-0400] {processor.py:839} INFO - DAG(s) dict_keys(['example_xcom_args', 'example_xcom_args_with_operators']) retrieved from /Users/rah/.pyenv/versions/3.10.11/lib/python3.10/site-packages/airflow/example_dags/example_xcomargs.py
[2025-06-15T00:16:35.206-0400] {logging_mixin.py:154} INFO - [2025-06-15T00:16:35.206-0400] {dag.py:2941} INFO - Sync 2 DAGs
[2025-06-15T00:16:35.209-0400] {logging_mixin.py:154} INFO - [2025-06-15T00:16:35.209-0400] {dag.py:3722} INFO - Setting next_dagrun for example_xcom_args to None, run_after=None
[2025-06-15T00:16:35.210-0400] {logging_mixin.py:154} INFO - [2025-06-15T00:16:35.210-0400] {dag.py:3722} INFO - Setting next_dagrun for example_xcom_args_with_operators to None, run_after=None
[2025-06-15T00:16:35.218-0400] {processor.py:179} INFO - Processing /Users/rah/.pyenv/versions/3.10.11/lib/python3.10/site-packages/airflow/example_dags/example_xcomargs.py took 0.142 seconds
[2025-06-15T00:17:28.965-0400] {processor.py:157} INFO - Started process (PID=71562) to work on /Users/rah/.pyenv/versions/3.10.11/lib/python3.10/site-packages/airflow/example_dags/example_xcomargs.py
[2025-06-15T00:17:28.969-0400] {processor.py:829} INFO - Processing file /Users/rah/.pyenv/versions/3.10.11/lib/python3.10/site-packages/airflow/example_dags/example_xcomargs.py for tasks to queue
[2025-06-15T00:17:28.969-0400] {logging_mixin.py:154} INFO - [2025-06-15T00:17:28.969-0400] {dagbag.py:536} INFO - Filling up the DagBag from /Users/rah/.pyenv/versions/3.10.11/lib/python3.10/site-packages/airflow/example_dags/example_xcomargs.py
[2025-06-15T00:17:29.022-0400] {processor.py:839} INFO - DAG(s) dict_keys(['example_xcom_args', 'example_xcom_args_with_operators']) retrieved from /Users/rah/.pyenv/versions/3.10.11/lib/python3.10/site-packages/airflow/example_dags/example_xcomargs.py
[2025-06-15T00:17:29.116-0400] {logging_mixin.py:154} INFO - [2025-06-15T00:17:29.115-0400] {dag.py:2941} INFO - Sync 2 DAGs
[2025-06-15T00:17:29.119-0400] {logging_mixin.py:154} INFO - [2025-06-15T00:17:29.119-0400] {dag.py:3722} INFO - Setting next_dagrun for example_xcom_args to None, run_after=None
[2025-06-15T00:17:29.120-0400] {logging_mixin.py:154} INFO - [2025-06-15T00:17:29.120-0400] {dag.py:3722} INFO - Setting next_dagrun for example_xcom_args_with_operators to None, run_after=None
[2025-06-15T00:17:29.128-0400] {processor.py:179} INFO - Processing /Users/rah/.pyenv/versions/3.10.11/lib/python3.10/site-packages/airflow/example_dags/example_xcomargs.py took 0.163 seconds
[2025-06-15T00:18:19.668-0400] {processor.py:157} INFO - Started process (PID=73352) to work on /Users/rah/.pyenv/versions/3.10.11/lib/python3.10/site-packages/airflow/example_dags/example_xcomargs.py
[2025-06-15T00:18:19.670-0400] {processor.py:829} INFO - Processing file /Users/rah/.pyenv/versions/3.10.11/lib/python3.10/site-packages/airflow/example_dags/example_xcomargs.py for tasks to queue
[2025-06-15T00:18:19.671-0400] {logging_mixin.py:154} INFO - [2025-06-15T00:18:19.671-0400] {dagbag.py:536} INFO - Filling up the DagBag from /Users/rah/.pyenv/versions/3.10.11/lib/python3.10/site-packages/airflow/example_dags/example_xcomargs.py
[2025-06-15T00:18:19.713-0400] {processor.py:839} INFO - DAG(s) dict_keys(['example_xcom_args', 'example_xcom_args_with_operators']) retrieved from /Users/rah/.pyenv/versions/3.10.11/lib/python3.10/site-packages/airflow/example_dags/example_xcomargs.py
[2025-06-15T00:18:19.803-0400] {logging_mixin.py:154} INFO - [2025-06-15T00:18:19.803-0400] {dag.py:2941} INFO - Sync 2 DAGs
[2025-06-15T00:18:19.807-0400] {logging_mixin.py:154} INFO - [2025-06-15T00:18:19.807-0400] {dag.py:3722} INFO - Setting next_dagrun for example_xcom_args to None, run_after=None
[2025-06-15T00:18:19.808-0400] {logging_mixin.py:154} INFO - [2025-06-15T00:18:19.808-0400] {dag.py:3722} INFO - Setting next_dagrun for example_xcom_args_with_operators to None, run_after=None
[2025-06-15T00:18:19.815-0400] {processor.py:179} INFO - Processing /Users/rah/.pyenv/versions/3.10.11/lib/python3.10/site-packages/airflow/example_dags/example_xcomargs.py took 0.148 seconds
