[2025-06-14T23:49:57.722-0400] {processor.py:157} INFO - Started process (PID=40750) to work on /Users/rah/.pyenv/versions/3.10.11/lib/python3.10/site-packages/airflow/example_dags/example_branch_datetime_operator.py
[2025-06-14T23:49:57.725-0400] {processor.py:829} INFO - Processing file /Users/rah/.pyenv/versions/3.10.11/lib/python3.10/site-packages/airflow/example_dags/example_branch_datetime_operator.py for tasks to queue
[2025-06-14T23:49:57.726-0400] {logging_mixin.py:154} INFO - [2025-06-14T23:49:57.725-0400] {dagbag.py:536} INFO - Filling up the DagBag from /Users/rah/.pyenv/versions/3.10.11/lib/python3.10/site-packages/airflow/example_dags/example_branch_datetime_operator.py
[2025-06-14T23:49:57.737-0400] {processor.py:839} INFO - DAG(s) dict_keys(['example_branch_datetime_operator', 'example_branch_datetime_operator_2', 'example_branch_datetime_operator_3']) retrieved from /Users/rah/.pyenv/versions/3.10.11/lib/python3.10/site-packages/airflow/example_dags/example_branch_datetime_operator.py
[2025-06-14T23:49:58.078-0400] {logging_mixin.py:154} INFO - [2025-06-14T23:49:58.078-0400] {manager.py:499} INFO - Created Permission View: %s
[2025-06-14T23:49:58.081-0400] {logging_mixin.py:154} INFO - [2025-06-14T23:49:58.081-0400] {manager.py:499} INFO - Created Permission View: %s
[2025-06-14T23:49:58.083-0400] {logging_mixin.py:154} INFO - [2025-06-14T23:49:58.083-0400] {manager.py:499} INFO - Created Permission View: %s
[2025-06-14T23:49:58.088-0400] {logging_mixin.py:154} INFO - [2025-06-14T23:49:58.088-0400] {manager.py:499} INFO - Created Permission View: %s
[2025-06-14T23:49:58.090-0400] {logging_mixin.py:154} INFO - [2025-06-14T23:49:58.090-0400] {manager.py:499} INFO - Created Permission View: %s
[2025-06-14T23:49:58.092-0400] {logging_mixin.py:154} INFO - [2025-06-14T23:49:58.092-0400] {manager.py:499} INFO - Created Permission View: %s
[2025-06-14T23:49:58.096-0400] {logging_mixin.py:154} INFO - [2025-06-14T23:49:58.096-0400] {manager.py:499} INFO - Created Permission View: %s
[2025-06-14T23:49:58.098-0400] {logging_mixin.py:154} INFO - [2025-06-14T23:49:58.098-0400] {manager.py:499} INFO - Created Permission View: %s
[2025-06-14T23:49:58.100-0400] {logging_mixin.py:154} INFO - [2025-06-14T23:49:58.100-0400] {manager.py:499} INFO - Created Permission View: %s
[2025-06-14T23:49:58.100-0400] {logging_mixin.py:154} INFO - [2025-06-14T23:49:58.100-0400] {dag.py:2941} INFO - Sync 3 DAGs
[2025-06-14T23:49:58.104-0400] {logging_mixin.py:154} INFO - [2025-06-14T23:49:58.104-0400] {dag.py:2963} INFO - Creating ORM DAG for example_branch_datetime_operator_3
[2025-06-14T23:49:58.105-0400] {logging_mixin.py:154} INFO - [2025-06-14T23:49:58.105-0400] {dag.py:2963} INFO - Creating ORM DAG for example_branch_datetime_operator_2
[2025-06-14T23:49:58.105-0400] {logging_mixin.py:154} INFO - [2025-06-14T23:49:58.105-0400] {dag.py:2963} INFO - Creating ORM DAG for example_branch_datetime_operator
[2025-06-14T23:49:58.109-0400] {logging_mixin.py:154} INFO - [2025-06-14T23:49:58.109-0400] {dag.py:3722} INFO - Setting next_dagrun for example_branch_datetime_operator to 2025-06-14T00:00:00+00:00, run_after=2025-06-15T00:00:00+00:00
[2025-06-14T23:49:58.110-0400] {logging_mixin.py:154} INFO - [2025-06-14T23:49:58.110-0400] {dag.py:3722} INFO - Setting next_dagrun for example_branch_datetime_operator_2 to 2025-06-14T00:00:00+00:00, run_after=2025-06-15T00:00:00+00:00
[2025-06-14T23:49:58.110-0400] {logging_mixin.py:154} INFO - [2025-06-14T23:49:58.110-0400] {dag.py:3722} INFO - Setting next_dagrun for example_branch_datetime_operator_3 to 2025-06-14T00:00:00+00:00, run_after=2025-06-15T00:00:00+00:00
[2025-06-14T23:49:58.117-0400] {processor.py:179} INFO - Processing /Users/rah/.pyenv/versions/3.10.11/lib/python3.10/site-packages/airflow/example_dags/example_branch_datetime_operator.py took 0.395 seconds
[2025-06-14T23:56:07.141-0400] {processor.py:157} INFO - Started process (PID=46935) to work on /Users/rah/Desktop/creative_projects/rah_coding_repo/projects/fin_data_project_001/finance-data-project-1/.venv/lib/python3.10/site-packages/airflow/example_dags/example_branch_datetime_operator.py
[2025-06-14T23:56:07.144-0400] {processor.py:829} INFO - Processing file /Users/rah/Desktop/creative_projects/rah_coding_repo/projects/fin_data_project_001/finance-data-project-1/.venv/lib/python3.10/site-packages/airflow/example_dags/example_branch_datetime_operator.py for tasks to queue
[2025-06-14T23:56:07.144-0400] {logging_mixin.py:154} INFO - [2025-06-14T23:56:07.144-0400] {dagbag.py:536} INFO - Filling up the DagBag from /Users/rah/Desktop/creative_projects/rah_coding_repo/projects/fin_data_project_001/finance-data-project-1/.venv/lib/python3.10/site-packages/airflow/example_dags/example_branch_datetime_operator.py
[2025-06-14T23:56:07.155-0400] {processor.py:839} INFO - DAG(s) dict_keys(['example_branch_datetime_operator_3', 'example_branch_datetime_operator', 'example_branch_datetime_operator_2']) retrieved from /Users/rah/Desktop/creative_projects/rah_coding_repo/projects/fin_data_project_001/finance-data-project-1/.venv/lib/python3.10/site-packages/airflow/example_dags/example_branch_datetime_operator.py
[2025-06-14T23:56:07.255-0400] {logging_mixin.py:154} INFO - [2025-06-14T23:56:07.255-0400] {dag.py:2941} INFO - Sync 3 DAGs
[2025-06-14T23:56:07.263-0400] {logging_mixin.py:154} INFO - [2025-06-14T23:56:07.263-0400] {dag.py:3722} INFO - Setting next_dagrun for example_branch_datetime_operator to 2025-06-14T00:00:00+00:00, run_after=2025-06-15T00:00:00+00:00
[2025-06-14T23:56:07.264-0400] {logging_mixin.py:154} INFO - [2025-06-14T23:56:07.264-0400] {dag.py:3722} INFO - Setting next_dagrun for example_branch_datetime_operator_2 to 2025-06-14T00:00:00+00:00, run_after=2025-06-15T00:00:00+00:00
[2025-06-14T23:56:07.265-0400] {logging_mixin.py:154} INFO - [2025-06-14T23:56:07.265-0400] {dag.py:3722} INFO - Setting next_dagrun for example_branch_datetime_operator_3 to 2025-06-14T00:00:00+00:00, run_after=2025-06-15T00:00:00+00:00
[2025-06-14T23:56:07.272-0400] {processor.py:179} INFO - Processing /Users/rah/Desktop/creative_projects/rah_coding_repo/projects/fin_data_project_001/finance-data-project-1/.venv/lib/python3.10/site-packages/airflow/example_dags/example_branch_datetime_operator.py took 0.131 seconds
[2025-06-14T23:57:09.027-0400] {processor.py:157} INFO - Started process (PID=48338) to work on /Users/rah/Desktop/creative_projects/rah_coding_repo/projects/fin_data_project_001/finance-data-project-1/.venv/lib/python3.10/site-packages/airflow/example_dags/example_branch_datetime_operator.py
[2025-06-14T23:57:09.030-0400] {processor.py:829} INFO - Processing file /Users/rah/Desktop/creative_projects/rah_coding_repo/projects/fin_data_project_001/finance-data-project-1/.venv/lib/python3.10/site-packages/airflow/example_dags/example_branch_datetime_operator.py for tasks to queue
[2025-06-14T23:57:09.030-0400] {logging_mixin.py:154} INFO - [2025-06-14T23:57:09.030-0400] {dagbag.py:536} INFO - Filling up the DagBag from /Users/rah/Desktop/creative_projects/rah_coding_repo/projects/fin_data_project_001/finance-data-project-1/.venv/lib/python3.10/site-packages/airflow/example_dags/example_branch_datetime_operator.py
[2025-06-14T23:57:09.042-0400] {processor.py:839} INFO - DAG(s) dict_keys(['example_branch_datetime_operator', 'example_branch_datetime_operator_3', 'example_branch_datetime_operator_2']) retrieved from /Users/rah/Desktop/creative_projects/rah_coding_repo/projects/fin_data_project_001/finance-data-project-1/.venv/lib/python3.10/site-packages/airflow/example_dags/example_branch_datetime_operator.py
[2025-06-14T23:57:09.150-0400] {logging_mixin.py:154} INFO - [2025-06-14T23:57:09.150-0400] {dag.py:2941} INFO - Sync 3 DAGs
[2025-06-14T23:57:09.158-0400] {logging_mixin.py:154} INFO - [2025-06-14T23:57:09.158-0400] {dag.py:3722} INFO - Setting next_dagrun for example_branch_datetime_operator to 2025-06-14T00:00:00+00:00, run_after=2025-06-15T00:00:00+00:00
[2025-06-14T23:57:09.160-0400] {logging_mixin.py:154} INFO - [2025-06-14T23:57:09.160-0400] {dag.py:3722} INFO - Setting next_dagrun for example_branch_datetime_operator_2 to 2025-06-14T00:00:00+00:00, run_after=2025-06-15T00:00:00+00:00
[2025-06-14T23:57:09.161-0400] {logging_mixin.py:154} INFO - [2025-06-14T23:57:09.161-0400] {dag.py:3722} INFO - Setting next_dagrun for example_branch_datetime_operator_3 to 2025-06-14T00:00:00+00:00, run_after=2025-06-15T00:00:00+00:00
[2025-06-14T23:57:09.169-0400] {processor.py:179} INFO - Processing /Users/rah/Desktop/creative_projects/rah_coding_repo/projects/fin_data_project_001/finance-data-project-1/.venv/lib/python3.10/site-packages/airflow/example_dags/example_branch_datetime_operator.py took 0.143 seconds
[2025-06-14T23:57:46.502-0400] {processor.py:157} INFO - Started process (PID=48800) to work on /Users/rah/Desktop/creative_projects/rah_coding_repo/projects/fin_data_project_001/finance-data-project-1/.venv/lib/python3.10/site-packages/airflow/example_dags/example_branch_datetime_operator.py
[2025-06-14T23:57:46.505-0400] {processor.py:829} INFO - Processing file /Users/rah/Desktop/creative_projects/rah_coding_repo/projects/fin_data_project_001/finance-data-project-1/.venv/lib/python3.10/site-packages/airflow/example_dags/example_branch_datetime_operator.py for tasks to queue
[2025-06-14T23:57:46.505-0400] {logging_mixin.py:154} INFO - [2025-06-14T23:57:46.505-0400] {dagbag.py:536} INFO - Filling up the DagBag from /Users/rah/Desktop/creative_projects/rah_coding_repo/projects/fin_data_project_001/finance-data-project-1/.venv/lib/python3.10/site-packages/airflow/example_dags/example_branch_datetime_operator.py
[2025-06-14T23:57:46.519-0400] {processor.py:839} INFO - DAG(s) dict_keys(['example_branch_datetime_operator', 'example_branch_datetime_operator_2', 'example_branch_datetime_operator_3']) retrieved from /Users/rah/Desktop/creative_projects/rah_coding_repo/projects/fin_data_project_001/finance-data-project-1/.venv/lib/python3.10/site-packages/airflow/example_dags/example_branch_datetime_operator.py
[2025-06-14T23:57:46.622-0400] {logging_mixin.py:154} INFO - [2025-06-14T23:57:46.622-0400] {dag.py:2941} INFO - Sync 3 DAGs
[2025-06-14T23:57:46.630-0400] {logging_mixin.py:154} INFO - [2025-06-14T23:57:46.630-0400] {dag.py:3722} INFO - Setting next_dagrun for example_branch_datetime_operator to 2025-06-14T00:00:00+00:00, run_after=2025-06-15T00:00:00+00:00
[2025-06-14T23:57:46.632-0400] {logging_mixin.py:154} INFO - [2025-06-14T23:57:46.632-0400] {dag.py:3722} INFO - Setting next_dagrun for example_branch_datetime_operator_2 to 2025-06-14T00:00:00+00:00, run_after=2025-06-15T00:00:00+00:00
[2025-06-14T23:57:46.633-0400] {logging_mixin.py:154} INFO - [2025-06-14T23:57:46.633-0400] {dag.py:3722} INFO - Setting next_dagrun for example_branch_datetime_operator_3 to 2025-06-14T00:00:00+00:00, run_after=2025-06-15T00:00:00+00:00
[2025-06-14T23:57:46.640-0400] {processor.py:179} INFO - Processing /Users/rah/Desktop/creative_projects/rah_coding_repo/projects/fin_data_project_001/finance-data-project-1/.venv/lib/python3.10/site-packages/airflow/example_dags/example_branch_datetime_operator.py took 0.139 seconds
[2025-06-14T23:57:59.124-0400] {processor.py:157} INFO - Started process (PID=48952) to work on /Users/rah/Desktop/creative_projects/rah_coding_repo/projects/fin_data_project_001/finance-data-project-1/.venv/lib/python3.10/site-packages/airflow/example_dags/example_branch_datetime_operator.py
[2025-06-14T23:57:59.126-0400] {processor.py:829} INFO - Processing file /Users/rah/Desktop/creative_projects/rah_coding_repo/projects/fin_data_project_001/finance-data-project-1/.venv/lib/python3.10/site-packages/airflow/example_dags/example_branch_datetime_operator.py for tasks to queue
[2025-06-14T23:57:59.126-0400] {logging_mixin.py:154} INFO - [2025-06-14T23:57:59.126-0400] {dagbag.py:536} INFO - Filling up the DagBag from /Users/rah/Desktop/creative_projects/rah_coding_repo/projects/fin_data_project_001/finance-data-project-1/.venv/lib/python3.10/site-packages/airflow/example_dags/example_branch_datetime_operator.py
[2025-06-14T23:57:59.139-0400] {processor.py:839} INFO - DAG(s) dict_keys(['example_branch_datetime_operator', 'example_branch_datetime_operator_3', 'example_branch_datetime_operator_2']) retrieved from /Users/rah/Desktop/creative_projects/rah_coding_repo/projects/fin_data_project_001/finance-data-project-1/.venv/lib/python3.10/site-packages/airflow/example_dags/example_branch_datetime_operator.py
[2025-06-14T23:57:59.248-0400] {logging_mixin.py:154} INFO - [2025-06-14T23:57:59.248-0400] {dag.py:2941} INFO - Sync 3 DAGs
[2025-06-14T23:57:59.256-0400] {logging_mixin.py:154} INFO - [2025-06-14T23:57:59.256-0400] {dag.py:3722} INFO - Setting next_dagrun for example_branch_datetime_operator to 2025-06-14T00:00:00+00:00, run_after=2025-06-15T00:00:00+00:00
[2025-06-14T23:57:59.258-0400] {logging_mixin.py:154} INFO - [2025-06-14T23:57:59.258-0400] {dag.py:3722} INFO - Setting next_dagrun for example_branch_datetime_operator_2 to 2025-06-14T00:00:00+00:00, run_after=2025-06-15T00:00:00+00:00
[2025-06-14T23:57:59.259-0400] {logging_mixin.py:154} INFO - [2025-06-14T23:57:59.259-0400] {dag.py:3722} INFO - Setting next_dagrun for example_branch_datetime_operator_3 to 2025-06-14T00:00:00+00:00, run_after=2025-06-15T00:00:00+00:00
[2025-06-14T23:57:59.267-0400] {processor.py:179} INFO - Processing /Users/rah/Desktop/creative_projects/rah_coding_repo/projects/fin_data_project_001/finance-data-project-1/.venv/lib/python3.10/site-packages/airflow/example_dags/example_branch_datetime_operator.py took 0.144 seconds
[2025-06-14T23:58:47.890-0400] {processor.py:157} INFO - Started process (PID=49891) to work on /Users/rah/Desktop/creative_projects/rah_coding_repo/projects/fin_data_project_001/finance-data-project-1/.venv/lib/python3.10/site-packages/airflow/example_dags/example_branch_datetime_operator.py
[2025-06-14T23:58:47.893-0400] {processor.py:829} INFO - Processing file /Users/rah/Desktop/creative_projects/rah_coding_repo/projects/fin_data_project_001/finance-data-project-1/.venv/lib/python3.10/site-packages/airflow/example_dags/example_branch_datetime_operator.py for tasks to queue
[2025-06-14T23:58:47.893-0400] {logging_mixin.py:154} INFO - [2025-06-14T23:58:47.893-0400] {dagbag.py:536} INFO - Filling up the DagBag from /Users/rah/Desktop/creative_projects/rah_coding_repo/projects/fin_data_project_001/finance-data-project-1/.venv/lib/python3.10/site-packages/airflow/example_dags/example_branch_datetime_operator.py
[2025-06-14T23:58:47.907-0400] {processor.py:839} INFO - DAG(s) dict_keys(['example_branch_datetime_operator_2', 'example_branch_datetime_operator_3', 'example_branch_datetime_operator']) retrieved from /Users/rah/Desktop/creative_projects/rah_coding_repo/projects/fin_data_project_001/finance-data-project-1/.venv/lib/python3.10/site-packages/airflow/example_dags/example_branch_datetime_operator.py
[2025-06-14T23:58:48.012-0400] {logging_mixin.py:154} INFO - [2025-06-14T23:58:48.012-0400] {dag.py:2941} INFO - Sync 3 DAGs
[2025-06-14T23:58:48.020-0400] {logging_mixin.py:154} INFO - [2025-06-14T23:58:48.020-0400] {dag.py:3722} INFO - Setting next_dagrun for example_branch_datetime_operator to 2025-06-14T00:00:00+00:00, run_after=2025-06-15T00:00:00+00:00
[2025-06-14T23:58:48.022-0400] {logging_mixin.py:154} INFO - [2025-06-14T23:58:48.022-0400] {dag.py:3722} INFO - Setting next_dagrun for example_branch_datetime_operator_2 to 2025-06-14T00:00:00+00:00, run_after=2025-06-15T00:00:00+00:00
[2025-06-14T23:58:48.023-0400] {logging_mixin.py:154} INFO - [2025-06-14T23:58:48.023-0400] {dag.py:3722} INFO - Setting next_dagrun for example_branch_datetime_operator_3 to 2025-06-14T00:00:00+00:00, run_after=2025-06-15T00:00:00+00:00
[2025-06-14T23:58:48.029-0400] {processor.py:179} INFO - Processing /Users/rah/Desktop/creative_projects/rah_coding_repo/projects/fin_data_project_001/finance-data-project-1/.venv/lib/python3.10/site-packages/airflow/example_dags/example_branch_datetime_operator.py took 0.140 seconds
[2025-06-14T23:59:24.222-0400] {processor.py:157} INFO - Started process (PID=50681) to work on /Users/rah/Desktop/creative_projects/rah_coding_repo/projects/fin_data_project_001/finance-data-project-1/.venv/lib/python3.10/site-packages/airflow/example_dags/example_branch_datetime_operator.py
[2025-06-14T23:59:24.225-0400] {processor.py:829} INFO - Processing file /Users/rah/Desktop/creative_projects/rah_coding_repo/projects/fin_data_project_001/finance-data-project-1/.venv/lib/python3.10/site-packages/airflow/example_dags/example_branch_datetime_operator.py for tasks to queue
[2025-06-14T23:59:24.226-0400] {logging_mixin.py:154} INFO - [2025-06-14T23:59:24.225-0400] {dagbag.py:536} INFO - Filling up the DagBag from /Users/rah/Desktop/creative_projects/rah_coding_repo/projects/fin_data_project_001/finance-data-project-1/.venv/lib/python3.10/site-packages/airflow/example_dags/example_branch_datetime_operator.py
[2025-06-14T23:59:24.239-0400] {processor.py:839} INFO - DAG(s) dict_keys(['example_branch_datetime_operator_3', 'example_branch_datetime_operator', 'example_branch_datetime_operator_2']) retrieved from /Users/rah/Desktop/creative_projects/rah_coding_repo/projects/fin_data_project_001/finance-data-project-1/.venv/lib/python3.10/site-packages/airflow/example_dags/example_branch_datetime_operator.py
[2025-06-14T23:59:24.346-0400] {logging_mixin.py:154} INFO - [2025-06-14T23:59:24.346-0400] {dag.py:2941} INFO - Sync 3 DAGs
[2025-06-14T23:59:24.355-0400] {logging_mixin.py:154} INFO - [2025-06-14T23:59:24.355-0400] {dag.py:3722} INFO - Setting next_dagrun for example_branch_datetime_operator to 2025-06-14T00:00:00+00:00, run_after=2025-06-15T00:00:00+00:00
[2025-06-14T23:59:24.358-0400] {logging_mixin.py:154} INFO - [2025-06-14T23:59:24.358-0400] {dag.py:3722} INFO - Setting next_dagrun for example_branch_datetime_operator_2 to 2025-06-14T00:00:00+00:00, run_after=2025-06-15T00:00:00+00:00
[2025-06-14T23:59:24.359-0400] {logging_mixin.py:154} INFO - [2025-06-14T23:59:24.359-0400] {dag.py:3722} INFO - Setting next_dagrun for example_branch_datetime_operator_3 to 2025-06-14T00:00:00+00:00, run_after=2025-06-15T00:00:00+00:00
[2025-06-14T23:59:24.366-0400] {processor.py:179} INFO - Processing /Users/rah/Desktop/creative_projects/rah_coding_repo/projects/fin_data_project_001/finance-data-project-1/.venv/lib/python3.10/site-packages/airflow/example_dags/example_branch_datetime_operator.py took 0.145 seconds
[2025-06-14T23:59:41.111-0400] {processor.py:157} INFO - Started process (PID=50870) to work on /Users/rah/Desktop/creative_projects/rah_coding_repo/projects/fin_data_project_001/finance-data-project-1/.venv/lib/python3.10/site-packages/airflow/example_dags/example_branch_datetime_operator.py
[2025-06-14T23:59:41.114-0400] {processor.py:829} INFO - Processing file /Users/rah/Desktop/creative_projects/rah_coding_repo/projects/fin_data_project_001/finance-data-project-1/.venv/lib/python3.10/site-packages/airflow/example_dags/example_branch_datetime_operator.py for tasks to queue
[2025-06-14T23:59:41.114-0400] {logging_mixin.py:154} INFO - [2025-06-14T23:59:41.114-0400] {dagbag.py:536} INFO - Filling up the DagBag from /Users/rah/Desktop/creative_projects/rah_coding_repo/projects/fin_data_project_001/finance-data-project-1/.venv/lib/python3.10/site-packages/airflow/example_dags/example_branch_datetime_operator.py
[2025-06-14T23:59:41.128-0400] {processor.py:839} INFO - DAG(s) dict_keys(['example_branch_datetime_operator_3', 'example_branch_datetime_operator', 'example_branch_datetime_operator_2']) retrieved from /Users/rah/Desktop/creative_projects/rah_coding_repo/projects/fin_data_project_001/finance-data-project-1/.venv/lib/python3.10/site-packages/airflow/example_dags/example_branch_datetime_operator.py
[2025-06-14T23:59:41.233-0400] {logging_mixin.py:154} INFO - [2025-06-14T23:59:41.233-0400] {dag.py:2941} INFO - Sync 3 DAGs
[2025-06-14T23:59:41.242-0400] {logging_mixin.py:154} INFO - [2025-06-14T23:59:41.241-0400] {dag.py:3722} INFO - Setting next_dagrun for example_branch_datetime_operator to 2025-06-14T00:00:00+00:00, run_after=2025-06-15T00:00:00+00:00
[2025-06-14T23:59:41.243-0400] {logging_mixin.py:154} INFO - [2025-06-14T23:59:41.243-0400] {dag.py:3722} INFO - Setting next_dagrun for example_branch_datetime_operator_2 to 2025-06-14T00:00:00+00:00, run_after=2025-06-15T00:00:00+00:00
[2025-06-14T23:59:41.244-0400] {logging_mixin.py:154} INFO - [2025-06-14T23:59:41.244-0400] {dag.py:3722} INFO - Setting next_dagrun for example_branch_datetime_operator_3 to 2025-06-14T00:00:00+00:00, run_after=2025-06-15T00:00:00+00:00
[2025-06-14T23:59:41.252-0400] {processor.py:179} INFO - Processing /Users/rah/Desktop/creative_projects/rah_coding_repo/projects/fin_data_project_001/finance-data-project-1/.venv/lib/python3.10/site-packages/airflow/example_dags/example_branch_datetime_operator.py took 0.141 seconds
[2025-06-15T00:00:12.645-0400] {processor.py:157} INFO - Started process (PID=51378) to work on /Users/rah/Desktop/creative_projects/rah_coding_repo/projects/fin_data_project_001/finance-data-project-1/.venv/lib/python3.10/site-packages/airflow/example_dags/example_branch_datetime_operator.py
[2025-06-15T00:00:12.648-0400] {processor.py:829} INFO - Processing file /Users/rah/Desktop/creative_projects/rah_coding_repo/projects/fin_data_project_001/finance-data-project-1/.venv/lib/python3.10/site-packages/airflow/example_dags/example_branch_datetime_operator.py for tasks to queue
[2025-06-15T00:00:12.649-0400] {logging_mixin.py:154} INFO - [2025-06-15T00:00:12.648-0400] {dagbag.py:536} INFO - Filling up the DagBag from /Users/rah/Desktop/creative_projects/rah_coding_repo/projects/fin_data_project_001/finance-data-project-1/.venv/lib/python3.10/site-packages/airflow/example_dags/example_branch_datetime_operator.py
[2025-06-15T00:00:12.661-0400] {processor.py:839} INFO - DAG(s) dict_keys(['example_branch_datetime_operator_3', 'example_branch_datetime_operator', 'example_branch_datetime_operator_2']) retrieved from /Users/rah/Desktop/creative_projects/rah_coding_repo/projects/fin_data_project_001/finance-data-project-1/.venv/lib/python3.10/site-packages/airflow/example_dags/example_branch_datetime_operator.py
[2025-06-15T00:00:12.765-0400] {logging_mixin.py:154} INFO - [2025-06-15T00:00:12.765-0400] {dag.py:2941} INFO - Sync 3 DAGs
[2025-06-15T00:00:12.773-0400] {logging_mixin.py:154} INFO - [2025-06-15T00:00:12.773-0400] {dag.py:3722} INFO - Setting next_dagrun for example_branch_datetime_operator to 2025-06-14T00:00:00+00:00, run_after=2025-06-15T00:00:00+00:00
[2025-06-15T00:00:12.775-0400] {logging_mixin.py:154} INFO - [2025-06-15T00:00:12.775-0400] {dag.py:3722} INFO - Setting next_dagrun for example_branch_datetime_operator_2 to 2025-06-14T00:00:00+00:00, run_after=2025-06-15T00:00:00+00:00
[2025-06-15T00:00:12.776-0400] {logging_mixin.py:154} INFO - [2025-06-15T00:00:12.776-0400] {dag.py:3722} INFO - Setting next_dagrun for example_branch_datetime_operator_3 to 2025-06-14T00:00:00+00:00, run_after=2025-06-15T00:00:00+00:00
[2025-06-15T00:00:12.783-0400] {processor.py:179} INFO - Processing /Users/rah/Desktop/creative_projects/rah_coding_repo/projects/fin_data_project_001/finance-data-project-1/.venv/lib/python3.10/site-packages/airflow/example_dags/example_branch_datetime_operator.py took 0.139 seconds
[2025-06-15T00:00:20.179-0400] {processor.py:157} INFO - Started process (PID=51519) to work on /Users/rah/Desktop/creative_projects/rah_coding_repo/projects/fin_data_project_001/finance-data-project-1/.venv/lib/python3.10/site-packages/airflow/example_dags/example_branch_datetime_operator.py
[2025-06-15T00:00:20.182-0400] {processor.py:829} INFO - Processing file /Users/rah/Desktop/creative_projects/rah_coding_repo/projects/fin_data_project_001/finance-data-project-1/.venv/lib/python3.10/site-packages/airflow/example_dags/example_branch_datetime_operator.py for tasks to queue
[2025-06-15T00:00:20.182-0400] {logging_mixin.py:154} INFO - [2025-06-15T00:00:20.182-0400] {dagbag.py:536} INFO - Filling up the DagBag from /Users/rah/Desktop/creative_projects/rah_coding_repo/projects/fin_data_project_001/finance-data-project-1/.venv/lib/python3.10/site-packages/airflow/example_dags/example_branch_datetime_operator.py
[2025-06-15T00:00:20.195-0400] {processor.py:839} INFO - DAG(s) dict_keys(['example_branch_datetime_operator_3', 'example_branch_datetime_operator', 'example_branch_datetime_operator_2']) retrieved from /Users/rah/Desktop/creative_projects/rah_coding_repo/projects/fin_data_project_001/finance-data-project-1/.venv/lib/python3.10/site-packages/airflow/example_dags/example_branch_datetime_operator.py
[2025-06-15T00:00:20.301-0400] {logging_mixin.py:154} INFO - [2025-06-15T00:00:20.301-0400] {dag.py:2941} INFO - Sync 3 DAGs
[2025-06-15T00:00:20.309-0400] {logging_mixin.py:154} INFO - [2025-06-15T00:00:20.309-0400] {dag.py:3722} INFO - Setting next_dagrun for example_branch_datetime_operator to 2025-06-14T00:00:00+00:00, run_after=2025-06-15T00:00:00+00:00
[2025-06-15T00:00:20.311-0400] {logging_mixin.py:154} INFO - [2025-06-15T00:00:20.311-0400] {dag.py:3722} INFO - Setting next_dagrun for example_branch_datetime_operator_2 to 2025-06-14T00:00:00+00:00, run_after=2025-06-15T00:00:00+00:00
[2025-06-15T00:00:20.312-0400] {logging_mixin.py:154} INFO - [2025-06-15T00:00:20.312-0400] {dag.py:3722} INFO - Setting next_dagrun for example_branch_datetime_operator_3 to 2025-06-14T00:00:00+00:00, run_after=2025-06-15T00:00:00+00:00
[2025-06-15T00:00:20.320-0400] {processor.py:179} INFO - Processing /Users/rah/Desktop/creative_projects/rah_coding_repo/projects/fin_data_project_001/finance-data-project-1/.venv/lib/python3.10/site-packages/airflow/example_dags/example_branch_datetime_operator.py took 0.142 seconds
[2025-06-15T00:01:07.469-0400] {processor.py:157} INFO - Started process (PID=52178) to work on /Users/rah/Desktop/creative_projects/rah_coding_repo/projects/fin_data_project_001/finance-data-project-1/.venv/lib/python3.10/site-packages/airflow/example_dags/example_branch_datetime_operator.py
[2025-06-15T00:01:07.472-0400] {processor.py:829} INFO - Processing file /Users/rah/Desktop/creative_projects/rah_coding_repo/projects/fin_data_project_001/finance-data-project-1/.venv/lib/python3.10/site-packages/airflow/example_dags/example_branch_datetime_operator.py for tasks to queue
[2025-06-15T00:01:07.473-0400] {logging_mixin.py:154} INFO - [2025-06-15T00:01:07.473-0400] {dagbag.py:536} INFO - Filling up the DagBag from /Users/rah/Desktop/creative_projects/rah_coding_repo/projects/fin_data_project_001/finance-data-project-1/.venv/lib/python3.10/site-packages/airflow/example_dags/example_branch_datetime_operator.py
[2025-06-15T00:01:07.486-0400] {processor.py:839} INFO - DAG(s) dict_keys(['example_branch_datetime_operator', 'example_branch_datetime_operator_2', 'example_branch_datetime_operator_3']) retrieved from /Users/rah/Desktop/creative_projects/rah_coding_repo/projects/fin_data_project_001/finance-data-project-1/.venv/lib/python3.10/site-packages/airflow/example_dags/example_branch_datetime_operator.py
[2025-06-15T00:01:07.588-0400] {logging_mixin.py:154} INFO - [2025-06-15T00:01:07.588-0400] {dag.py:2941} INFO - Sync 3 DAGs
[2025-06-15T00:01:07.595-0400] {logging_mixin.py:154} INFO - [2025-06-15T00:01:07.595-0400] {dag.py:3722} INFO - Setting next_dagrun for example_branch_datetime_operator to 2025-06-14T00:00:00+00:00, run_after=2025-06-15T00:00:00+00:00
[2025-06-15T00:01:07.597-0400] {logging_mixin.py:154} INFO - [2025-06-15T00:01:07.597-0400] {dag.py:3722} INFO - Setting next_dagrun for example_branch_datetime_operator_2 to 2025-06-14T00:00:00+00:00, run_after=2025-06-15T00:00:00+00:00
[2025-06-15T00:01:07.598-0400] {logging_mixin.py:154} INFO - [2025-06-15T00:01:07.598-0400] {dag.py:3722} INFO - Setting next_dagrun for example_branch_datetime_operator_3 to 2025-06-14T00:00:00+00:00, run_after=2025-06-15T00:00:00+00:00
[2025-06-15T00:01:07.606-0400] {processor.py:179} INFO - Processing /Users/rah/Desktop/creative_projects/rah_coding_repo/projects/fin_data_project_001/finance-data-project-1/.venv/lib/python3.10/site-packages/airflow/example_dags/example_branch_datetime_operator.py took 0.137 seconds
[2025-06-15T00:01:21.774-0400] {processor.py:157} INFO - Started process (PID=52479) to work on /Users/rah/Desktop/creative_projects/rah_coding_repo/projects/fin_data_project_001/finance-data-project-1/.venv/lib/python3.10/site-packages/airflow/example_dags/example_branch_datetime_operator.py
[2025-06-15T00:01:21.776-0400] {processor.py:829} INFO - Processing file /Users/rah/Desktop/creative_projects/rah_coding_repo/projects/fin_data_project_001/finance-data-project-1/.venv/lib/python3.10/site-packages/airflow/example_dags/example_branch_datetime_operator.py for tasks to queue
[2025-06-15T00:01:21.776-0400] {logging_mixin.py:154} INFO - [2025-06-15T00:01:21.776-0400] {dagbag.py:536} INFO - Filling up the DagBag from /Users/rah/Desktop/creative_projects/rah_coding_repo/projects/fin_data_project_001/finance-data-project-1/.venv/lib/python3.10/site-packages/airflow/example_dags/example_branch_datetime_operator.py
[2025-06-15T00:01:21.788-0400] {processor.py:839} INFO - DAG(s) dict_keys(['example_branch_datetime_operator', 'example_branch_datetime_operator_2', 'example_branch_datetime_operator_3']) retrieved from /Users/rah/Desktop/creative_projects/rah_coding_repo/projects/fin_data_project_001/finance-data-project-1/.venv/lib/python3.10/site-packages/airflow/example_dags/example_branch_datetime_operator.py
[2025-06-15T00:01:21.887-0400] {logging_mixin.py:154} INFO - [2025-06-15T00:01:21.887-0400] {dag.py:2941} INFO - Sync 3 DAGs
[2025-06-15T00:01:21.894-0400] {logging_mixin.py:154} INFO - [2025-06-15T00:01:21.894-0400] {dag.py:3722} INFO - Setting next_dagrun for example_branch_datetime_operator to 2025-06-14T00:00:00+00:00, run_after=2025-06-15T00:00:00+00:00
[2025-06-15T00:01:21.896-0400] {logging_mixin.py:154} INFO - [2025-06-15T00:01:21.896-0400] {dag.py:3722} INFO - Setting next_dagrun for example_branch_datetime_operator_2 to 2025-06-14T00:00:00+00:00, run_after=2025-06-15T00:00:00+00:00
[2025-06-15T00:01:21.897-0400] {logging_mixin.py:154} INFO - [2025-06-15T00:01:21.897-0400] {dag.py:3722} INFO - Setting next_dagrun for example_branch_datetime_operator_3 to 2025-06-14T00:00:00+00:00, run_after=2025-06-15T00:00:00+00:00
[2025-06-15T00:01:21.904-0400] {processor.py:179} INFO - Processing /Users/rah/Desktop/creative_projects/rah_coding_repo/projects/fin_data_project_001/finance-data-project-1/.venv/lib/python3.10/site-packages/airflow/example_dags/example_branch_datetime_operator.py took 0.131 seconds
[2025-06-15T00:01:47.000-0400] {processor.py:157} INFO - Started process (PID=52824) to work on /Users/rah/Desktop/creative_projects/rah_coding_repo/projects/fin_data_project_001/finance-data-project-1/.venv/lib/python3.10/site-packages/airflow/example_dags/example_branch_datetime_operator.py
[2025-06-15T00:01:47.002-0400] {processor.py:829} INFO - Processing file /Users/rah/Desktop/creative_projects/rah_coding_repo/projects/fin_data_project_001/finance-data-project-1/.venv/lib/python3.10/site-packages/airflow/example_dags/example_branch_datetime_operator.py for tasks to queue
[2025-06-15T00:01:47.002-0400] {logging_mixin.py:154} INFO - [2025-06-15T00:01:47.002-0400] {dagbag.py:536} INFO - Filling up the DagBag from /Users/rah/Desktop/creative_projects/rah_coding_repo/projects/fin_data_project_001/finance-data-project-1/.venv/lib/python3.10/site-packages/airflow/example_dags/example_branch_datetime_operator.py
[2025-06-15T00:01:47.015-0400] {processor.py:839} INFO - DAG(s) dict_keys(['example_branch_datetime_operator_2', 'example_branch_datetime_operator', 'example_branch_datetime_operator_3']) retrieved from /Users/rah/Desktop/creative_projects/rah_coding_repo/projects/fin_data_project_001/finance-data-project-1/.venv/lib/python3.10/site-packages/airflow/example_dags/example_branch_datetime_operator.py
[2025-06-15T00:01:47.127-0400] {logging_mixin.py:154} INFO - [2025-06-15T00:01:47.127-0400] {dag.py:2941} INFO - Sync 3 DAGs
[2025-06-15T00:01:47.135-0400] {logging_mixin.py:154} INFO - [2025-06-15T00:01:47.135-0400] {dag.py:3722} INFO - Setting next_dagrun for example_branch_datetime_operator to 2025-06-14T00:00:00+00:00, run_after=2025-06-15T00:00:00+00:00
[2025-06-15T00:01:47.137-0400] {logging_mixin.py:154} INFO - [2025-06-15T00:01:47.137-0400] {dag.py:3722} INFO - Setting next_dagrun for example_branch_datetime_operator_2 to 2025-06-14T00:00:00+00:00, run_after=2025-06-15T00:00:00+00:00
[2025-06-15T00:01:47.139-0400] {logging_mixin.py:154} INFO - [2025-06-15T00:01:47.139-0400] {dag.py:3722} INFO - Setting next_dagrun for example_branch_datetime_operator_3 to 2025-06-14T00:00:00+00:00, run_after=2025-06-15T00:00:00+00:00
[2025-06-15T00:01:47.148-0400] {processor.py:179} INFO - Processing /Users/rah/Desktop/creative_projects/rah_coding_repo/projects/fin_data_project_001/finance-data-project-1/.venv/lib/python3.10/site-packages/airflow/example_dags/example_branch_datetime_operator.py took 0.148 seconds
[2025-06-15T00:01:50.666-0400] {processor.py:157} INFO - Started process (PID=52849) to work on /Users/rah/Desktop/creative_projects/rah_coding_repo/projects/fin_data_project_001/finance-data-project-1/.venv/lib/python3.10/site-packages/airflow/example_dags/example_branch_datetime_operator.py
[2025-06-15T00:01:50.668-0400] {processor.py:829} INFO - Processing file /Users/rah/Desktop/creative_projects/rah_coding_repo/projects/fin_data_project_001/finance-data-project-1/.venv/lib/python3.10/site-packages/airflow/example_dags/example_branch_datetime_operator.py for tasks to queue
[2025-06-15T00:01:50.669-0400] {logging_mixin.py:154} INFO - [2025-06-15T00:01:50.669-0400] {dagbag.py:536} INFO - Filling up the DagBag from /Users/rah/Desktop/creative_projects/rah_coding_repo/projects/fin_data_project_001/finance-data-project-1/.venv/lib/python3.10/site-packages/airflow/example_dags/example_branch_datetime_operator.py
[2025-06-15T00:01:50.681-0400] {processor.py:839} INFO - DAG(s) dict_keys(['example_branch_datetime_operator_2', 'example_branch_datetime_operator', 'example_branch_datetime_operator_3']) retrieved from /Users/rah/Desktop/creative_projects/rah_coding_repo/projects/fin_data_project_001/finance-data-project-1/.venv/lib/python3.10/site-packages/airflow/example_dags/example_branch_datetime_operator.py
[2025-06-15T00:01:50.785-0400] {logging_mixin.py:154} INFO - [2025-06-15T00:01:50.785-0400] {dag.py:2941} INFO - Sync 3 DAGs
[2025-06-15T00:01:50.793-0400] {logging_mixin.py:154} INFO - [2025-06-15T00:01:50.793-0400] {dag.py:3722} INFO - Setting next_dagrun for example_branch_datetime_operator to 2025-06-14T00:00:00+00:00, run_after=2025-06-15T00:00:00+00:00
[2025-06-15T00:01:50.795-0400] {logging_mixin.py:154} INFO - [2025-06-15T00:01:50.795-0400] {dag.py:3722} INFO - Setting next_dagrun for example_branch_datetime_operator_2 to 2025-06-14T00:00:00+00:00, run_after=2025-06-15T00:00:00+00:00
[2025-06-15T00:01:50.796-0400] {logging_mixin.py:154} INFO - [2025-06-15T00:01:50.796-0400] {dag.py:3722} INFO - Setting next_dagrun for example_branch_datetime_operator_3 to 2025-06-14T00:00:00+00:00, run_after=2025-06-15T00:00:00+00:00
[2025-06-15T00:01:50.803-0400] {processor.py:179} INFO - Processing /Users/rah/Desktop/creative_projects/rah_coding_repo/projects/fin_data_project_001/finance-data-project-1/.venv/lib/python3.10/site-packages/airflow/example_dags/example_branch_datetime_operator.py took 0.138 seconds
[2025-06-15T00:07:37.726-0400] {processor.py:157} INFO - Started process (PID=57703) to work on /Users/rah/.pyenv/versions/3.10.11/lib/python3.10/site-packages/airflow/example_dags/example_branch_datetime_operator.py
[2025-06-15T00:07:37.730-0400] {processor.py:829} INFO - Processing file /Users/rah/.pyenv/versions/3.10.11/lib/python3.10/site-packages/airflow/example_dags/example_branch_datetime_operator.py for tasks to queue
[2025-06-15T00:07:37.730-0400] {logging_mixin.py:154} INFO - [2025-06-15T00:07:37.730-0400] {dagbag.py:536} INFO - Filling up the DagBag from /Users/rah/.pyenv/versions/3.10.11/lib/python3.10/site-packages/airflow/example_dags/example_branch_datetime_operator.py
[2025-06-15T00:07:37.742-0400] {processor.py:839} INFO - DAG(s) dict_keys(['example_branch_datetime_operator', 'example_branch_datetime_operator_3', 'example_branch_datetime_operator_2']) retrieved from /Users/rah/.pyenv/versions/3.10.11/lib/python3.10/site-packages/airflow/example_dags/example_branch_datetime_operator.py
[2025-06-15T00:07:38.116-0400] {logging_mixin.py:154} INFO - [2025-06-15T00:07:38.116-0400] {dag.py:2941} INFO - Sync 3 DAGs
[2025-06-15T00:07:38.123-0400] {logging_mixin.py:154} INFO - [2025-06-15T00:07:38.123-0400] {dag.py:3722} INFO - Setting next_dagrun for example_branch_datetime_operator to 2025-06-14T00:00:00+00:00, run_after=2025-06-15T00:00:00+00:00
[2025-06-15T00:07:38.124-0400] {logging_mixin.py:154} INFO - [2025-06-15T00:07:38.124-0400] {dag.py:3722} INFO - Setting next_dagrun for example_branch_datetime_operator_2 to 2025-06-14T00:00:00+00:00, run_after=2025-06-15T00:00:00+00:00
[2025-06-15T00:07:38.126-0400] {logging_mixin.py:154} INFO - [2025-06-15T00:07:38.126-0400] {dag.py:3722} INFO - Setting next_dagrun for example_branch_datetime_operator_3 to 2025-06-14T00:00:00+00:00, run_after=2025-06-15T00:00:00+00:00
[2025-06-15T00:07:38.133-0400] {processor.py:179} INFO - Processing /Users/rah/.pyenv/versions/3.10.11/lib/python3.10/site-packages/airflow/example_dags/example_branch_datetime_operator.py took 0.408 seconds
[2025-06-15T00:09:27.933-0400] {processor.py:157} INFO - Started process (PID=59589) to work on /Users/rah/.pyenv/versions/3.10.11/lib/python3.10/site-packages/airflow/example_dags/example_branch_datetime_operator.py
[2025-06-15T00:09:27.936-0400] {processor.py:829} INFO - Processing file /Users/rah/.pyenv/versions/3.10.11/lib/python3.10/site-packages/airflow/example_dags/example_branch_datetime_operator.py for tasks to queue
[2025-06-15T00:09:27.936-0400] {logging_mixin.py:154} INFO - [2025-06-15T00:09:27.936-0400] {dagbag.py:536} INFO - Filling up the DagBag from /Users/rah/.pyenv/versions/3.10.11/lib/python3.10/site-packages/airflow/example_dags/example_branch_datetime_operator.py
[2025-06-15T00:09:27.948-0400] {processor.py:839} INFO - DAG(s) dict_keys(['example_branch_datetime_operator_2', 'example_branch_datetime_operator_3', 'example_branch_datetime_operator']) retrieved from /Users/rah/.pyenv/versions/3.10.11/lib/python3.10/site-packages/airflow/example_dags/example_branch_datetime_operator.py
[2025-06-15T00:09:28.080-0400] {logging_mixin.py:154} INFO - [2025-06-15T00:09:28.079-0400] {dag.py:2941} INFO - Sync 3 DAGs
[2025-06-15T00:09:28.087-0400] {logging_mixin.py:154} INFO - [2025-06-15T00:09:28.087-0400] {dag.py:3722} INFO - Setting next_dagrun for example_branch_datetime_operator to 2025-06-14T00:00:00+00:00, run_after=2025-06-15T00:00:00+00:00
[2025-06-15T00:09:28.089-0400] {logging_mixin.py:154} INFO - [2025-06-15T00:09:28.089-0400] {dag.py:3722} INFO - Setting next_dagrun for example_branch_datetime_operator_2 to 2025-06-14T00:00:00+00:00, run_after=2025-06-15T00:00:00+00:00
[2025-06-15T00:09:28.090-0400] {logging_mixin.py:154} INFO - [2025-06-15T00:09:28.090-0400] {dag.py:3722} INFO - Setting next_dagrun for example_branch_datetime_operator_3 to 2025-06-14T00:00:00+00:00, run_after=2025-06-15T00:00:00+00:00
[2025-06-15T00:09:28.098-0400] {processor.py:179} INFO - Processing /Users/rah/.pyenv/versions/3.10.11/lib/python3.10/site-packages/airflow/example_dags/example_branch_datetime_operator.py took 0.166 seconds
[2025-06-15T00:11:07.623-0400] {processor.py:157} INFO - Started process (PID=61196) to work on /Users/rah/.pyenv/versions/3.10.11/lib/python3.10/site-packages/airflow/example_dags/example_branch_datetime_operator.py
[2025-06-15T00:11:07.625-0400] {processor.py:829} INFO - Processing file /Users/rah/.pyenv/versions/3.10.11/lib/python3.10/site-packages/airflow/example_dags/example_branch_datetime_operator.py for tasks to queue
[2025-06-15T00:11:07.626-0400] {logging_mixin.py:154} INFO - [2025-06-15T00:11:07.626-0400] {dagbag.py:536} INFO - Filling up the DagBag from /Users/rah/.pyenv/versions/3.10.11/lib/python3.10/site-packages/airflow/example_dags/example_branch_datetime_operator.py
[2025-06-15T00:11:07.636-0400] {processor.py:839} INFO - DAG(s) dict_keys(['example_branch_datetime_operator_3', 'example_branch_datetime_operator', 'example_branch_datetime_operator_2']) retrieved from /Users/rah/.pyenv/versions/3.10.11/lib/python3.10/site-packages/airflow/example_dags/example_branch_datetime_operator.py
[2025-06-15T00:11:07.750-0400] {logging_mixin.py:154} INFO - [2025-06-15T00:11:07.750-0400] {dag.py:2941} INFO - Sync 3 DAGs
[2025-06-15T00:11:07.757-0400] {logging_mixin.py:154} INFO - [2025-06-15T00:11:07.757-0400] {dag.py:3722} INFO - Setting next_dagrun for example_branch_datetime_operator to 2025-06-14T00:00:00+00:00, run_after=2025-06-15T00:00:00+00:00
[2025-06-15T00:11:07.759-0400] {logging_mixin.py:154} INFO - [2025-06-15T00:11:07.759-0400] {dag.py:3722} INFO - Setting next_dagrun for example_branch_datetime_operator_2 to 2025-06-14T00:00:00+00:00, run_after=2025-06-15T00:00:00+00:00
[2025-06-15T00:11:07.760-0400] {logging_mixin.py:154} INFO - [2025-06-15T00:11:07.760-0400] {dag.py:3722} INFO - Setting next_dagrun for example_branch_datetime_operator_3 to 2025-06-14T00:00:00+00:00, run_after=2025-06-15T00:00:00+00:00
[2025-06-15T00:11:07.767-0400] {processor.py:179} INFO - Processing /Users/rah/.pyenv/versions/3.10.11/lib/python3.10/site-packages/airflow/example_dags/example_branch_datetime_operator.py took 0.144 seconds
[2025-06-15T00:12:49.836-0400] {processor.py:157} INFO - Started process (PID=62635) to work on /Users/rah/.pyenv/versions/3.10.11/lib/python3.10/site-packages/airflow/example_dags/example_branch_datetime_operator.py
[2025-06-15T00:12:49.839-0400] {processor.py:829} INFO - Processing file /Users/rah/.pyenv/versions/3.10.11/lib/python3.10/site-packages/airflow/example_dags/example_branch_datetime_operator.py for tasks to queue
[2025-06-15T00:12:49.840-0400] {logging_mixin.py:154} INFO - [2025-06-15T00:12:49.840-0400] {dagbag.py:536} INFO - Filling up the DagBag from /Users/rah/.pyenv/versions/3.10.11/lib/python3.10/site-packages/airflow/example_dags/example_branch_datetime_operator.py
[2025-06-15T00:12:49.851-0400] {processor.py:839} INFO - DAG(s) dict_keys(['example_branch_datetime_operator_2', 'example_branch_datetime_operator_3', 'example_branch_datetime_operator']) retrieved from /Users/rah/.pyenv/versions/3.10.11/lib/python3.10/site-packages/airflow/example_dags/example_branch_datetime_operator.py
[2025-06-15T00:12:49.980-0400] {logging_mixin.py:154} INFO - [2025-06-15T00:12:49.979-0400] {dag.py:2941} INFO - Sync 3 DAGs
[2025-06-15T00:12:49.987-0400] {logging_mixin.py:154} INFO - [2025-06-15T00:12:49.987-0400] {dag.py:3722} INFO - Setting next_dagrun for example_branch_datetime_operator to 2025-06-14T00:00:00+00:00, run_after=2025-06-15T00:00:00+00:00
[2025-06-15T00:12:49.988-0400] {logging_mixin.py:154} INFO - [2025-06-15T00:12:49.988-0400] {dag.py:3722} INFO - Setting next_dagrun for example_branch_datetime_operator_2 to 2025-06-14T00:00:00+00:00, run_after=2025-06-15T00:00:00+00:00
[2025-06-15T00:12:49.989-0400] {logging_mixin.py:154} INFO - [2025-06-15T00:12:49.989-0400] {dag.py:3722} INFO - Setting next_dagrun for example_branch_datetime_operator_3 to 2025-06-14T00:00:00+00:00, run_after=2025-06-15T00:00:00+00:00
[2025-06-15T00:12:49.996-0400] {processor.py:179} INFO - Processing /Users/rah/.pyenv/versions/3.10.11/lib/python3.10/site-packages/airflow/example_dags/example_branch_datetime_operator.py took 0.160 seconds
[2025-06-15T00:14:30.935-0400] {processor.py:157} INFO - Started process (PID=64200) to work on /Users/rah/.pyenv/versions/3.10.11/lib/python3.10/site-packages/airflow/example_dags/example_branch_datetime_operator.py
[2025-06-15T00:14:30.937-0400] {processor.py:829} INFO - Processing file /Users/rah/.pyenv/versions/3.10.11/lib/python3.10/site-packages/airflow/example_dags/example_branch_datetime_operator.py for tasks to queue
[2025-06-15T00:14:30.938-0400] {logging_mixin.py:154} INFO - [2025-06-15T00:14:30.937-0400] {dagbag.py:536} INFO - Filling up the DagBag from /Users/rah/.pyenv/versions/3.10.11/lib/python3.10/site-packages/airflow/example_dags/example_branch_datetime_operator.py
[2025-06-15T00:14:30.948-0400] {processor.py:839} INFO - DAG(s) dict_keys(['example_branch_datetime_operator_2', 'example_branch_datetime_operator', 'example_branch_datetime_operator_3']) retrieved from /Users/rah/.pyenv/versions/3.10.11/lib/python3.10/site-packages/airflow/example_dags/example_branch_datetime_operator.py
[2025-06-15T00:14:31.059-0400] {logging_mixin.py:154} INFO - [2025-06-15T00:14:31.059-0400] {dag.py:2941} INFO - Sync 3 DAGs
[2025-06-15T00:14:31.066-0400] {logging_mixin.py:154} INFO - [2025-06-15T00:14:31.066-0400] {dag.py:3722} INFO - Setting next_dagrun for example_branch_datetime_operator to 2025-06-14T00:00:00+00:00, run_after=2025-06-15T00:00:00+00:00
[2025-06-15T00:14:31.068-0400] {logging_mixin.py:154} INFO - [2025-06-15T00:14:31.068-0400] {dag.py:3722} INFO - Setting next_dagrun for example_branch_datetime_operator_2 to 2025-06-14T00:00:00+00:00, run_after=2025-06-15T00:00:00+00:00
[2025-06-15T00:14:31.069-0400] {logging_mixin.py:154} INFO - [2025-06-15T00:14:31.069-0400] {dag.py:3722} INFO - Setting next_dagrun for example_branch_datetime_operator_3 to 2025-06-14T00:00:00+00:00, run_after=2025-06-15T00:00:00+00:00
[2025-06-15T00:14:31.075-0400] {processor.py:179} INFO - Processing /Users/rah/.pyenv/versions/3.10.11/lib/python3.10/site-packages/airflow/example_dags/example_branch_datetime_operator.py took 0.141 seconds
