[2025-06-14T23:49:47.119-0400] {processor.py:157} INFO - Started process (PID=40630) to work on /Users/rah/.pyenv/versions/3.10.11/lib/python3.10/site-packages/airflow/example_dags/example_branch_python_dop_operator_3.py
[2025-06-14T23:49:47.123-0400] {processor.py:829} INFO - Processing file /Users/rah/.pyenv/versions/3.10.11/lib/python3.10/site-packages/airflow/example_dags/example_branch_python_dop_operator_3.py for tasks to queue
[2025-06-14T23:49:47.123-0400] {logging_mixin.py:154} INFO - [2025-06-14T23:49:47.123-0400] {dagbag.py:536} INFO - Filling up the DagBag from /Users/rah/.pyenv/versions/3.10.11/lib/python3.10/site-packages/airflow/example_dags/example_branch_python_dop_operator_3.py
[2025-06-14T23:49:47.170-0400] {processor.py:839} INFO - DAG(s) dict_keys(['example_branch_dop_operator_v3']) retrieved from /Users/rah/.pyenv/versions/3.10.11/lib/python3.10/site-packages/airflow/example_dags/example_branch_python_dop_operator_3.py
[2025-06-14T23:49:47.557-0400] {logging_mixin.py:154} INFO - [2025-06-14T23:49:47.557-0400] {manager.py:499} INFO - Created Permission View: %s
[2025-06-14T23:49:47.562-0400] {logging_mixin.py:154} INFO - [2025-06-14T23:49:47.562-0400] {manager.py:499} INFO - Created Permission View: %s
[2025-06-14T23:49:47.565-0400] {logging_mixin.py:154} INFO - [2025-06-14T23:49:47.565-0400] {manager.py:499} INFO - Created Permission View: %s
[2025-06-14T23:49:47.565-0400] {logging_mixin.py:154} INFO - [2025-06-14T23:49:47.565-0400] {dag.py:2941} INFO - Sync 1 DAGs
[2025-06-14T23:49:47.571-0400] {logging_mixin.py:154} INFO - [2025-06-14T23:49:47.570-0400] {dag.py:2963} INFO - Creating ORM DAG for example_branch_dop_operator_v3
[2025-06-14T23:49:47.577-0400] {logging_mixin.py:154} INFO - [2025-06-14T23:49:47.576-0400] {dag.py:3722} INFO - Setting next_dagrun for example_branch_dop_operator_v3 to 2025-06-15T03:48:00+00:00, run_after=2025-06-15T03:49:00+00:00
[2025-06-14T23:49:47.585-0400] {processor.py:179} INFO - Processing /Users/rah/.pyenv/versions/3.10.11/lib/python3.10/site-packages/airflow/example_dags/example_branch_python_dop_operator_3.py took 0.466 seconds
[2025-06-14T23:55:58.769-0400] {processor.py:157} INFO - Started process (PID=46795) to work on /Users/rah/Desktop/creative_projects/rah_coding_repo/projects/fin_data_project_001/finance-data-project-1/.venv/lib/python3.10/site-packages/airflow/example_dags/example_branch_python_dop_operator_3.py
[2025-06-14T23:55:58.772-0400] {processor.py:829} INFO - Processing file /Users/rah/Desktop/creative_projects/rah_coding_repo/projects/fin_data_project_001/finance-data-project-1/.venv/lib/python3.10/site-packages/airflow/example_dags/example_branch_python_dop_operator_3.py for tasks to queue
[2025-06-14T23:55:58.772-0400] {logging_mixin.py:154} INFO - [2025-06-14T23:55:58.772-0400] {dagbag.py:536} INFO - Filling up the DagBag from /Users/rah/Desktop/creative_projects/rah_coding_repo/projects/fin_data_project_001/finance-data-project-1/.venv/lib/python3.10/site-packages/airflow/example_dags/example_branch_python_dop_operator_3.py
[2025-06-14T23:55:58.796-0400] {processor.py:839} INFO - DAG(s) dict_keys(['example_branch_dop_operator_v3']) retrieved from /Users/rah/Desktop/creative_projects/rah_coding_repo/projects/fin_data_project_001/finance-data-project-1/.venv/lib/python3.10/site-packages/airflow/example_dags/example_branch_python_dop_operator_3.py
[2025-06-14T23:55:58.888-0400] {logging_mixin.py:154} INFO - [2025-06-14T23:55:58.887-0400] {dag.py:2941} INFO - Sync 1 DAGs
[2025-06-14T23:55:58.897-0400] {logging_mixin.py:154} INFO - [2025-06-14T23:55:58.897-0400] {dag.py:3722} INFO - Setting next_dagrun for example_branch_dop_operator_v3 to 2025-06-15T03:54:00+00:00, run_after=2025-06-15T03:55:00+00:00
[2025-06-14T23:55:58.905-0400] {processor.py:179} INFO - Processing /Users/rah/Desktop/creative_projects/rah_coding_repo/projects/fin_data_project_001/finance-data-project-1/.venv/lib/python3.10/site-packages/airflow/example_dags/example_branch_python_dop_operator_3.py took 0.136 seconds
[2025-06-14T23:57:00.274-0400] {processor.py:157} INFO - Started process (PID=48193) to work on /Users/rah/Desktop/creative_projects/rah_coding_repo/projects/fin_data_project_001/finance-data-project-1/.venv/lib/python3.10/site-packages/airflow/example_dags/example_branch_python_dop_operator_3.py
[2025-06-14T23:57:00.277-0400] {processor.py:829} INFO - Processing file /Users/rah/Desktop/creative_projects/rah_coding_repo/projects/fin_data_project_001/finance-data-project-1/.venv/lib/python3.10/site-packages/airflow/example_dags/example_branch_python_dop_operator_3.py for tasks to queue
[2025-06-14T23:57:00.277-0400] {logging_mixin.py:154} INFO - [2025-06-14T23:57:00.277-0400] {dagbag.py:536} INFO - Filling up the DagBag from /Users/rah/Desktop/creative_projects/rah_coding_repo/projects/fin_data_project_001/finance-data-project-1/.venv/lib/python3.10/site-packages/airflow/example_dags/example_branch_python_dop_operator_3.py
[2025-06-14T23:57:00.301-0400] {processor.py:839} INFO - DAG(s) dict_keys(['example_branch_dop_operator_v3']) retrieved from /Users/rah/Desktop/creative_projects/rah_coding_repo/projects/fin_data_project_001/finance-data-project-1/.venv/lib/python3.10/site-packages/airflow/example_dags/example_branch_python_dop_operator_3.py
[2025-06-14T23:57:00.397-0400] {logging_mixin.py:154} INFO - [2025-06-14T23:57:00.397-0400] {dag.py:2941} INFO - Sync 1 DAGs
[2025-06-14T23:57:00.406-0400] {logging_mixin.py:154} INFO - [2025-06-14T23:57:00.406-0400] {dag.py:3722} INFO - Setting next_dagrun for example_branch_dop_operator_v3 to 2025-06-15T03:56:00+00:00, run_after=2025-06-15T03:57:00+00:00
[2025-06-14T23:57:00.414-0400] {processor.py:179} INFO - Processing /Users/rah/Desktop/creative_projects/rah_coding_repo/projects/fin_data_project_001/finance-data-project-1/.venv/lib/python3.10/site-packages/airflow/example_dags/example_branch_python_dop_operator_3.py took 0.140 seconds
[2025-06-14T23:57:38.656-0400] {processor.py:157} INFO - Started process (PID=48764) to work on /Users/rah/Desktop/creative_projects/rah_coding_repo/projects/fin_data_project_001/finance-data-project-1/.venv/lib/python3.10/site-packages/airflow/example_dags/example_branch_python_dop_operator_3.py
[2025-06-14T23:57:38.659-0400] {processor.py:829} INFO - Processing file /Users/rah/Desktop/creative_projects/rah_coding_repo/projects/fin_data_project_001/finance-data-project-1/.venv/lib/python3.10/site-packages/airflow/example_dags/example_branch_python_dop_operator_3.py for tasks to queue
[2025-06-14T23:57:38.659-0400] {logging_mixin.py:154} INFO - [2025-06-14T23:57:38.659-0400] {dagbag.py:536} INFO - Filling up the DagBag from /Users/rah/Desktop/creative_projects/rah_coding_repo/projects/fin_data_project_001/finance-data-project-1/.venv/lib/python3.10/site-packages/airflow/example_dags/example_branch_python_dop_operator_3.py
[2025-06-14T23:57:38.683-0400] {processor.py:839} INFO - DAG(s) dict_keys(['example_branch_dop_operator_v3']) retrieved from /Users/rah/Desktop/creative_projects/rah_coding_repo/projects/fin_data_project_001/finance-data-project-1/.venv/lib/python3.10/site-packages/airflow/example_dags/example_branch_python_dop_operator_3.py
[2025-06-14T23:57:38.775-0400] {logging_mixin.py:154} INFO - [2025-06-14T23:57:38.775-0400] {dag.py:2941} INFO - Sync 1 DAGs
[2025-06-14T23:57:38.785-0400] {logging_mixin.py:154} INFO - [2025-06-14T23:57:38.785-0400] {dag.py:3722} INFO - Setting next_dagrun for example_branch_dop_operator_v3 to 2025-06-15T03:56:00+00:00, run_after=2025-06-15T03:57:00+00:00
[2025-06-14T23:57:38.793-0400] {processor.py:179} INFO - Processing /Users/rah/Desktop/creative_projects/rah_coding_repo/projects/fin_data_project_001/finance-data-project-1/.venv/lib/python3.10/site-packages/airflow/example_dags/example_branch_python_dop_operator_3.py took 0.137 seconds
[2025-06-14T23:57:51.277-0400] {processor.py:157} INFO - Started process (PID=48922) to work on /Users/rah/Desktop/creative_projects/rah_coding_repo/projects/fin_data_project_001/finance-data-project-1/.venv/lib/python3.10/site-packages/airflow/example_dags/example_branch_python_dop_operator_3.py
[2025-06-14T23:57:51.280-0400] {processor.py:829} INFO - Processing file /Users/rah/Desktop/creative_projects/rah_coding_repo/projects/fin_data_project_001/finance-data-project-1/.venv/lib/python3.10/site-packages/airflow/example_dags/example_branch_python_dop_operator_3.py for tasks to queue
[2025-06-14T23:57:51.280-0400] {logging_mixin.py:154} INFO - [2025-06-14T23:57:51.280-0400] {dagbag.py:536} INFO - Filling up the DagBag from /Users/rah/Desktop/creative_projects/rah_coding_repo/projects/fin_data_project_001/finance-data-project-1/.venv/lib/python3.10/site-packages/airflow/example_dags/example_branch_python_dop_operator_3.py
[2025-06-14T23:57:51.304-0400] {processor.py:839} INFO - DAG(s) dict_keys(['example_branch_dop_operator_v3']) retrieved from /Users/rah/Desktop/creative_projects/rah_coding_repo/projects/fin_data_project_001/finance-data-project-1/.venv/lib/python3.10/site-packages/airflow/example_dags/example_branch_python_dop_operator_3.py
[2025-06-14T23:57:51.403-0400] {logging_mixin.py:154} INFO - [2025-06-14T23:57:51.403-0400] {dag.py:2941} INFO - Sync 1 DAGs
[2025-06-14T23:57:51.414-0400] {logging_mixin.py:154} INFO - [2025-06-14T23:57:51.413-0400] {dag.py:3722} INFO - Setting next_dagrun for example_branch_dop_operator_v3 to 2025-06-15T03:56:00+00:00, run_after=2025-06-15T03:57:00+00:00
[2025-06-14T23:57:51.422-0400] {processor.py:179} INFO - Processing /Users/rah/Desktop/creative_projects/rah_coding_repo/projects/fin_data_project_001/finance-data-project-1/.venv/lib/python3.10/site-packages/airflow/example_dags/example_branch_python_dop_operator_3.py took 0.146 seconds
[2025-06-14T23:58:40.387-0400] {processor.py:157} INFO - Started process (PID=49535) to work on /Users/rah/Desktop/creative_projects/rah_coding_repo/projects/fin_data_project_001/finance-data-project-1/.venv/lib/python3.10/site-packages/airflow/example_dags/example_branch_python_dop_operator_3.py
[2025-06-14T23:58:40.390-0400] {processor.py:829} INFO - Processing file /Users/rah/Desktop/creative_projects/rah_coding_repo/projects/fin_data_project_001/finance-data-project-1/.venv/lib/python3.10/site-packages/airflow/example_dags/example_branch_python_dop_operator_3.py for tasks to queue
[2025-06-14T23:58:40.391-0400] {logging_mixin.py:154} INFO - [2025-06-14T23:58:40.391-0400] {dagbag.py:536} INFO - Filling up the DagBag from /Users/rah/Desktop/creative_projects/rah_coding_repo/projects/fin_data_project_001/finance-data-project-1/.venv/lib/python3.10/site-packages/airflow/example_dags/example_branch_python_dop_operator_3.py
[2025-06-14T23:58:40.414-0400] {processor.py:839} INFO - DAG(s) dict_keys(['example_branch_dop_operator_v3']) retrieved from /Users/rah/Desktop/creative_projects/rah_coding_repo/projects/fin_data_project_001/finance-data-project-1/.venv/lib/python3.10/site-packages/airflow/example_dags/example_branch_python_dop_operator_3.py
[2025-06-14T23:58:40.505-0400] {logging_mixin.py:154} INFO - [2025-06-14T23:58:40.504-0400] {dag.py:2941} INFO - Sync 1 DAGs
[2025-06-14T23:58:40.514-0400] {logging_mixin.py:154} INFO - [2025-06-14T23:58:40.514-0400] {dag.py:3722} INFO - Setting next_dagrun for example_branch_dop_operator_v3 to 2025-06-15T03:57:00+00:00, run_after=2025-06-15T03:58:00+00:00
[2025-06-14T23:58:40.522-0400] {processor.py:179} INFO - Processing /Users/rah/Desktop/creative_projects/rah_coding_repo/projects/fin_data_project_001/finance-data-project-1/.venv/lib/python3.10/site-packages/airflow/example_dags/example_branch_python_dop_operator_3.py took 0.135 seconds
[2025-06-14T23:59:15.348-0400] {processor.py:157} INFO - Started process (PID=50531) to work on /Users/rah/Desktop/creative_projects/rah_coding_repo/projects/fin_data_project_001/finance-data-project-1/.venv/lib/python3.10/site-packages/airflow/example_dags/example_branch_python_dop_operator_3.py
[2025-06-14T23:59:15.351-0400] {processor.py:829} INFO - Processing file /Users/rah/Desktop/creative_projects/rah_coding_repo/projects/fin_data_project_001/finance-data-project-1/.venv/lib/python3.10/site-packages/airflow/example_dags/example_branch_python_dop_operator_3.py for tasks to queue
[2025-06-14T23:59:15.351-0400] {logging_mixin.py:154} INFO - [2025-06-14T23:59:15.351-0400] {dagbag.py:536} INFO - Filling up the DagBag from /Users/rah/Desktop/creative_projects/rah_coding_repo/projects/fin_data_project_001/finance-data-project-1/.venv/lib/python3.10/site-packages/airflow/example_dags/example_branch_python_dop_operator_3.py
[2025-06-14T23:59:15.378-0400] {processor.py:839} INFO - DAG(s) dict_keys(['example_branch_dop_operator_v3']) retrieved from /Users/rah/Desktop/creative_projects/rah_coding_repo/projects/fin_data_project_001/finance-data-project-1/.venv/lib/python3.10/site-packages/airflow/example_dags/example_branch_python_dop_operator_3.py
[2025-06-14T23:59:15.475-0400] {logging_mixin.py:154} INFO - [2025-06-14T23:59:15.475-0400] {dag.py:2941} INFO - Sync 1 DAGs
[2025-06-14T23:59:15.485-0400] {logging_mixin.py:154} INFO - [2025-06-14T23:59:15.485-0400] {dag.py:3722} INFO - Setting next_dagrun for example_branch_dop_operator_v3 to 2025-06-15T03:58:00+00:00, run_after=2025-06-15T03:59:00+00:00
[2025-06-14T23:59:15.494-0400] {processor.py:179} INFO - Processing /Users/rah/Desktop/creative_projects/rah_coding_repo/projects/fin_data_project_001/finance-data-project-1/.venv/lib/python3.10/site-packages/airflow/example_dags/example_branch_python_dop_operator_3.py took 0.146 seconds
[2025-06-14T23:59:30.154-0400] {processor.py:157} INFO - Started process (PID=50712) to work on /Users/rah/Desktop/creative_projects/rah_coding_repo/projects/fin_data_project_001/finance-data-project-1/.venv/lib/python3.10/site-packages/airflow/example_dags/example_branch_python_dop_operator_3.py
[2025-06-14T23:59:30.156-0400] {processor.py:829} INFO - Processing file /Users/rah/Desktop/creative_projects/rah_coding_repo/projects/fin_data_project_001/finance-data-project-1/.venv/lib/python3.10/site-packages/airflow/example_dags/example_branch_python_dop_operator_3.py for tasks to queue
[2025-06-14T23:59:30.157-0400] {logging_mixin.py:154} INFO - [2025-06-14T23:59:30.157-0400] {dagbag.py:536} INFO - Filling up the DagBag from /Users/rah/Desktop/creative_projects/rah_coding_repo/projects/fin_data_project_001/finance-data-project-1/.venv/lib/python3.10/site-packages/airflow/example_dags/example_branch_python_dop_operator_3.py
[2025-06-14T23:59:30.180-0400] {processor.py:839} INFO - DAG(s) dict_keys(['example_branch_dop_operator_v3']) retrieved from /Users/rah/Desktop/creative_projects/rah_coding_repo/projects/fin_data_project_001/finance-data-project-1/.venv/lib/python3.10/site-packages/airflow/example_dags/example_branch_python_dop_operator_3.py
[2025-06-14T23:59:30.274-0400] {logging_mixin.py:154} INFO - [2025-06-14T23:59:30.274-0400] {dag.py:2941} INFO - Sync 1 DAGs
[2025-06-14T23:59:30.283-0400] {logging_mixin.py:154} INFO - [2025-06-14T23:59:30.283-0400] {dag.py:3722} INFO - Setting next_dagrun for example_branch_dop_operator_v3 to 2025-06-15T03:58:00+00:00, run_after=2025-06-15T03:59:00+00:00
[2025-06-14T23:59:30.291-0400] {processor.py:179} INFO - Processing /Users/rah/Desktop/creative_projects/rah_coding_repo/projects/fin_data_project_001/finance-data-project-1/.venv/lib/python3.10/site-packages/airflow/example_dags/example_branch_python_dop_operator_3.py took 0.137 seconds
[2025-06-15T00:00:04.630-0400] {processor.py:157} INFO - Started process (PID=51229) to work on /Users/rah/Desktop/creative_projects/rah_coding_repo/projects/fin_data_project_001/finance-data-project-1/.venv/lib/python3.10/site-packages/airflow/example_dags/example_branch_python_dop_operator_3.py
[2025-06-15T00:00:04.633-0400] {processor.py:829} INFO - Processing file /Users/rah/Desktop/creative_projects/rah_coding_repo/projects/fin_data_project_001/finance-data-project-1/.venv/lib/python3.10/site-packages/airflow/example_dags/example_branch_python_dop_operator_3.py for tasks to queue
[2025-06-15T00:00:04.633-0400] {logging_mixin.py:154} INFO - [2025-06-15T00:00:04.633-0400] {dagbag.py:536} INFO - Filling up the DagBag from /Users/rah/Desktop/creative_projects/rah_coding_repo/projects/fin_data_project_001/finance-data-project-1/.venv/lib/python3.10/site-packages/airflow/example_dags/example_branch_python_dop_operator_3.py
[2025-06-15T00:00:04.657-0400] {processor.py:839} INFO - DAG(s) dict_keys(['example_branch_dop_operator_v3']) retrieved from /Users/rah/Desktop/creative_projects/rah_coding_repo/projects/fin_data_project_001/finance-data-project-1/.venv/lib/python3.10/site-packages/airflow/example_dags/example_branch_python_dop_operator_3.py
[2025-06-15T00:00:04.750-0400] {logging_mixin.py:154} INFO - [2025-06-15T00:00:04.750-0400] {dag.py:2941} INFO - Sync 1 DAGs
[2025-06-15T00:00:04.759-0400] {logging_mixin.py:154} INFO - [2025-06-15T00:00:04.759-0400] {dag.py:3722} INFO - Setting next_dagrun for example_branch_dop_operator_v3 to 2025-06-15T03:59:00+00:00, run_after=2025-06-15T04:00:00+00:00
[2025-06-15T00:00:04.767-0400] {processor.py:179} INFO - Processing /Users/rah/Desktop/creative_projects/rah_coding_repo/projects/fin_data_project_001/finance-data-project-1/.venv/lib/python3.10/site-packages/airflow/example_dags/example_branch_python_dop_operator_3.py took 0.138 seconds
[2025-06-15T00:00:12.306-0400] {processor.py:157} INFO - Started process (PID=51377) to work on /Users/rah/Desktop/creative_projects/rah_coding_repo/projects/fin_data_project_001/finance-data-project-1/.venv/lib/python3.10/site-packages/airflow/example_dags/example_branch_python_dop_operator_3.py
[2025-06-15T00:00:12.309-0400] {processor.py:829} INFO - Processing file /Users/rah/Desktop/creative_projects/rah_coding_repo/projects/fin_data_project_001/finance-data-project-1/.venv/lib/python3.10/site-packages/airflow/example_dags/example_branch_python_dop_operator_3.py for tasks to queue
[2025-06-15T00:00:12.309-0400] {logging_mixin.py:154} INFO - [2025-06-15T00:00:12.309-0400] {dagbag.py:536} INFO - Filling up the DagBag from /Users/rah/Desktop/creative_projects/rah_coding_repo/projects/fin_data_project_001/finance-data-project-1/.venv/lib/python3.10/site-packages/airflow/example_dags/example_branch_python_dop_operator_3.py
[2025-06-15T00:00:12.336-0400] {processor.py:839} INFO - DAG(s) dict_keys(['example_branch_dop_operator_v3']) retrieved from /Users/rah/Desktop/creative_projects/rah_coding_repo/projects/fin_data_project_001/finance-data-project-1/.venv/lib/python3.10/site-packages/airflow/example_dags/example_branch_python_dop_operator_3.py
[2025-06-15T00:00:12.437-0400] {logging_mixin.py:154} INFO - [2025-06-15T00:00:12.437-0400] {dag.py:2941} INFO - Sync 1 DAGs
[2025-06-15T00:00:12.448-0400] {logging_mixin.py:154} INFO - [2025-06-15T00:00:12.448-0400] {dag.py:3722} INFO - Setting next_dagrun for example_branch_dop_operator_v3 to 2025-06-15T03:59:00+00:00, run_after=2025-06-15T04:00:00+00:00
[2025-06-15T00:00:12.458-0400] {processor.py:179} INFO - Processing /Users/rah/Desktop/creative_projects/rah_coding_repo/projects/fin_data_project_001/finance-data-project-1/.venv/lib/python3.10/site-packages/airflow/example_dags/example_branch_python_dop_operator_3.py took 0.152 seconds
[2025-06-15T00:00:59.468-0400] {processor.py:157} INFO - Started process (PID=52134) to work on /Users/rah/Desktop/creative_projects/rah_coding_repo/projects/fin_data_project_001/finance-data-project-1/.venv/lib/python3.10/site-packages/airflow/example_dags/example_branch_python_dop_operator_3.py
[2025-06-15T00:00:59.471-0400] {processor.py:829} INFO - Processing file /Users/rah/Desktop/creative_projects/rah_coding_repo/projects/fin_data_project_001/finance-data-project-1/.venv/lib/python3.10/site-packages/airflow/example_dags/example_branch_python_dop_operator_3.py for tasks to queue
[2025-06-15T00:00:59.472-0400] {logging_mixin.py:154} INFO - [2025-06-15T00:00:59.472-0400] {dagbag.py:536} INFO - Filling up the DagBag from /Users/rah/Desktop/creative_projects/rah_coding_repo/projects/fin_data_project_001/finance-data-project-1/.venv/lib/python3.10/site-packages/airflow/example_dags/example_branch_python_dop_operator_3.py
[2025-06-15T00:00:59.495-0400] {processor.py:839} INFO - DAG(s) dict_keys(['example_branch_dop_operator_v3']) retrieved from /Users/rah/Desktop/creative_projects/rah_coding_repo/projects/fin_data_project_001/finance-data-project-1/.venv/lib/python3.10/site-packages/airflow/example_dags/example_branch_python_dop_operator_3.py
[2025-06-15T00:00:59.588-0400] {logging_mixin.py:154} INFO - [2025-06-15T00:00:59.588-0400] {dag.py:2941} INFO - Sync 1 DAGs
[2025-06-15T00:00:59.598-0400] {logging_mixin.py:154} INFO - [2025-06-15T00:00:59.598-0400] {dag.py:3722} INFO - Setting next_dagrun for example_branch_dop_operator_v3 to 2025-06-15T03:59:00+00:00, run_after=2025-06-15T04:00:00+00:00
[2025-06-15T00:00:59.605-0400] {processor.py:179} INFO - Processing /Users/rah/Desktop/creative_projects/rah_coding_repo/projects/fin_data_project_001/finance-data-project-1/.venv/lib/python3.10/site-packages/airflow/example_dags/example_branch_python_dop_operator_3.py took 0.138 seconds
[2025-06-15T00:01:14.002-0400] {processor.py:157} INFO - Started process (PID=52322) to work on /Users/rah/Desktop/creative_projects/rah_coding_repo/projects/fin_data_project_001/finance-data-project-1/.venv/lib/python3.10/site-packages/airflow/example_dags/example_branch_python_dop_operator_3.py
[2025-06-15T00:01:14.004-0400] {processor.py:829} INFO - Processing file /Users/rah/Desktop/creative_projects/rah_coding_repo/projects/fin_data_project_001/finance-data-project-1/.venv/lib/python3.10/site-packages/airflow/example_dags/example_branch_python_dop_operator_3.py for tasks to queue
[2025-06-15T00:01:14.004-0400] {logging_mixin.py:154} INFO - [2025-06-15T00:01:14.004-0400] {dagbag.py:536} INFO - Filling up the DagBag from /Users/rah/Desktop/creative_projects/rah_coding_repo/projects/fin_data_project_001/finance-data-project-1/.venv/lib/python3.10/site-packages/airflow/example_dags/example_branch_python_dop_operator_3.py
[2025-06-15T00:01:14.030-0400] {processor.py:839} INFO - DAG(s) dict_keys(['example_branch_dop_operator_v3']) retrieved from /Users/rah/Desktop/creative_projects/rah_coding_repo/projects/fin_data_project_001/finance-data-project-1/.venv/lib/python3.10/site-packages/airflow/example_dags/example_branch_python_dop_operator_3.py
[2025-06-15T00:01:14.130-0400] {logging_mixin.py:154} INFO - [2025-06-15T00:01:14.129-0400] {dag.py:2941} INFO - Sync 1 DAGs
[2025-06-15T00:01:14.140-0400] {logging_mixin.py:154} INFO - [2025-06-15T00:01:14.140-0400] {dag.py:3722} INFO - Setting next_dagrun for example_branch_dop_operator_v3 to 2025-06-15T04:00:00+00:00, run_after=2025-06-15T04:01:00+00:00
[2025-06-15T00:01:14.149-0400] {processor.py:179} INFO - Processing /Users/rah/Desktop/creative_projects/rah_coding_repo/projects/fin_data_project_001/finance-data-project-1/.venv/lib/python3.10/site-packages/airflow/example_dags/example_branch_python_dop_operator_3.py took 0.148 seconds
[2025-06-15T00:01:38.950-0400] {processor.py:157} INFO - Started process (PID=52678) to work on /Users/rah/Desktop/creative_projects/rah_coding_repo/projects/fin_data_project_001/finance-data-project-1/.venv/lib/python3.10/site-packages/airflow/example_dags/example_branch_python_dop_operator_3.py
[2025-06-15T00:01:38.952-0400] {processor.py:829} INFO - Processing file /Users/rah/Desktop/creative_projects/rah_coding_repo/projects/fin_data_project_001/finance-data-project-1/.venv/lib/python3.10/site-packages/airflow/example_dags/example_branch_python_dop_operator_3.py for tasks to queue
[2025-06-15T00:01:38.952-0400] {logging_mixin.py:154} INFO - [2025-06-15T00:01:38.952-0400] {dagbag.py:536} INFO - Filling up the DagBag from /Users/rah/Desktop/creative_projects/rah_coding_repo/projects/fin_data_project_001/finance-data-project-1/.venv/lib/python3.10/site-packages/airflow/example_dags/example_branch_python_dop_operator_3.py
[2025-06-15T00:01:38.975-0400] {processor.py:839} INFO - DAG(s) dict_keys(['example_branch_dop_operator_v3']) retrieved from /Users/rah/Desktop/creative_projects/rah_coding_repo/projects/fin_data_project_001/finance-data-project-1/.venv/lib/python3.10/site-packages/airflow/example_dags/example_branch_python_dop_operator_3.py
[2025-06-15T00:01:39.070-0400] {logging_mixin.py:154} INFO - [2025-06-15T00:01:39.070-0400] {dag.py:2941} INFO - Sync 1 DAGs
[2025-06-15T00:01:39.079-0400] {logging_mixin.py:154} INFO - [2025-06-15T00:01:39.079-0400] {dag.py:3722} INFO - Setting next_dagrun for example_branch_dop_operator_v3 to 2025-06-15T04:00:00+00:00, run_after=2025-06-15T04:01:00+00:00
[2025-06-15T00:01:39.088-0400] {processor.py:179} INFO - Processing /Users/rah/Desktop/creative_projects/rah_coding_repo/projects/fin_data_project_001/finance-data-project-1/.venv/lib/python3.10/site-packages/airflow/example_dags/example_branch_python_dop_operator_3.py took 0.139 seconds
[2025-06-15T00:01:41.788-0400] {processor.py:157} INFO - Started process (PID=52796) to work on /Users/rah/Desktop/creative_projects/rah_coding_repo/projects/fin_data_project_001/finance-data-project-1/.venv/lib/python3.10/site-packages/airflow/example_dags/example_branch_python_dop_operator_3.py
[2025-06-15T00:01:41.791-0400] {processor.py:829} INFO - Processing file /Users/rah/Desktop/creative_projects/rah_coding_repo/projects/fin_data_project_001/finance-data-project-1/.venv/lib/python3.10/site-packages/airflow/example_dags/example_branch_python_dop_operator_3.py for tasks to queue
[2025-06-15T00:01:41.791-0400] {logging_mixin.py:154} INFO - [2025-06-15T00:01:41.791-0400] {dagbag.py:536} INFO - Filling up the DagBag from /Users/rah/Desktop/creative_projects/rah_coding_repo/projects/fin_data_project_001/finance-data-project-1/.venv/lib/python3.10/site-packages/airflow/example_dags/example_branch_python_dop_operator_3.py
[2025-06-15T00:01:41.816-0400] {processor.py:839} INFO - DAG(s) dict_keys(['example_branch_dop_operator_v3']) retrieved from /Users/rah/Desktop/creative_projects/rah_coding_repo/projects/fin_data_project_001/finance-data-project-1/.venv/lib/python3.10/site-packages/airflow/example_dags/example_branch_python_dop_operator_3.py
[2025-06-15T00:01:41.906-0400] {logging_mixin.py:154} INFO - [2025-06-15T00:01:41.906-0400] {dag.py:2941} INFO - Sync 1 DAGs
[2025-06-15T00:01:41.915-0400] {logging_mixin.py:154} INFO - [2025-06-15T00:01:41.915-0400] {dag.py:3722} INFO - Setting next_dagrun for example_branch_dop_operator_v3 to 2025-06-15T04:00:00+00:00, run_after=2025-06-15T04:01:00+00:00
[2025-06-15T00:01:41.923-0400] {processor.py:179} INFO - Processing /Users/rah/Desktop/creative_projects/rah_coding_repo/projects/fin_data_project_001/finance-data-project-1/.venv/lib/python3.10/site-packages/airflow/example_dags/example_branch_python_dop_operator_3.py took 0.136 seconds
[2025-06-15T00:07:27.471-0400] {processor.py:157} INFO - Started process (PID=57587) to work on /Users/rah/.pyenv/versions/3.10.11/lib/python3.10/site-packages/airflow/example_dags/example_branch_python_dop_operator_3.py
[2025-06-15T00:07:27.476-0400] {processor.py:829} INFO - Processing file /Users/rah/.pyenv/versions/3.10.11/lib/python3.10/site-packages/airflow/example_dags/example_branch_python_dop_operator_3.py for tasks to queue
[2025-06-15T00:07:27.476-0400] {logging_mixin.py:154} INFO - [2025-06-15T00:07:27.476-0400] {dagbag.py:536} INFO - Filling up the DagBag from /Users/rah/.pyenv/versions/3.10.11/lib/python3.10/site-packages/airflow/example_dags/example_branch_python_dop_operator_3.py
[2025-06-15T00:07:27.528-0400] {processor.py:839} INFO - DAG(s) dict_keys(['example_branch_dop_operator_v3']) retrieved from /Users/rah/.pyenv/versions/3.10.11/lib/python3.10/site-packages/airflow/example_dags/example_branch_python_dop_operator_3.py
[2025-06-15T00:07:27.857-0400] {logging_mixin.py:154} INFO - [2025-06-15T00:07:27.856-0400] {dag.py:2941} INFO - Sync 1 DAGs
[2025-06-15T00:07:27.865-0400] {logging_mixin.py:154} INFO - [2025-06-15T00:07:27.865-0400] {dag.py:3722} INFO - Setting next_dagrun for example_branch_dop_operator_v3 to 2025-06-15T04:06:00+00:00, run_after=2025-06-15T04:07:00+00:00
[2025-06-15T00:07:27.873-0400] {processor.py:179} INFO - Processing /Users/rah/.pyenv/versions/3.10.11/lib/python3.10/site-packages/airflow/example_dags/example_branch_python_dop_operator_3.py took 0.403 seconds
[2025-06-15T00:09:19.133-0400] {processor.py:157} INFO - Started process (PID=59470) to work on /Users/rah/.pyenv/versions/3.10.11/lib/python3.10/site-packages/airflow/example_dags/example_branch_python_dop_operator_3.py
[2025-06-15T00:09:19.136-0400] {processor.py:829} INFO - Processing file /Users/rah/.pyenv/versions/3.10.11/lib/python3.10/site-packages/airflow/example_dags/example_branch_python_dop_operator_3.py for tasks to queue
[2025-06-15T00:09:19.136-0400] {logging_mixin.py:154} INFO - [2025-06-15T00:09:19.136-0400] {dagbag.py:536} INFO - Filling up the DagBag from /Users/rah/.pyenv/versions/3.10.11/lib/python3.10/site-packages/airflow/example_dags/example_branch_python_dop_operator_3.py
[2025-06-15T00:09:19.184-0400] {processor.py:839} INFO - DAG(s) dict_keys(['example_branch_dop_operator_v3']) retrieved from /Users/rah/.pyenv/versions/3.10.11/lib/python3.10/site-packages/airflow/example_dags/example_branch_python_dop_operator_3.py
[2025-06-15T00:09:19.272-0400] {logging_mixin.py:154} INFO - [2025-06-15T00:09:19.272-0400] {dag.py:2941} INFO - Sync 1 DAGs
[2025-06-15T00:09:19.281-0400] {logging_mixin.py:154} INFO - [2025-06-15T00:09:19.281-0400] {dag.py:3722} INFO - Setting next_dagrun for example_branch_dop_operator_v3 to 2025-06-15T04:08:00+00:00, run_after=2025-06-15T04:09:00+00:00
[2025-06-15T00:09:19.289-0400] {processor.py:179} INFO - Processing /Users/rah/.pyenv/versions/3.10.11/lib/python3.10/site-packages/airflow/example_dags/example_branch_python_dop_operator_3.py took 0.157 seconds
[2025-06-15T00:10:58.406-0400] {processor.py:157} INFO - Started process (PID=61071) to work on /Users/rah/.pyenv/versions/3.10.11/lib/python3.10/site-packages/airflow/example_dags/example_branch_python_dop_operator_3.py
[2025-06-15T00:10:58.410-0400] {processor.py:829} INFO - Processing file /Users/rah/.pyenv/versions/3.10.11/lib/python3.10/site-packages/airflow/example_dags/example_branch_python_dop_operator_3.py for tasks to queue
[2025-06-15T00:10:58.410-0400] {logging_mixin.py:154} INFO - [2025-06-15T00:10:58.410-0400] {dagbag.py:536} INFO - Filling up the DagBag from /Users/rah/.pyenv/versions/3.10.11/lib/python3.10/site-packages/airflow/example_dags/example_branch_python_dop_operator_3.py
[2025-06-15T00:10:58.457-0400] {processor.py:839} INFO - DAG(s) dict_keys(['example_branch_dop_operator_v3']) retrieved from /Users/rah/.pyenv/versions/3.10.11/lib/python3.10/site-packages/airflow/example_dags/example_branch_python_dop_operator_3.py
[2025-06-15T00:10:58.552-0400] {logging_mixin.py:154} INFO - [2025-06-15T00:10:58.551-0400] {dag.py:2941} INFO - Sync 1 DAGs
[2025-06-15T00:10:58.561-0400] {logging_mixin.py:154} INFO - [2025-06-15T00:10:58.561-0400] {dag.py:3722} INFO - Setting next_dagrun for example_branch_dop_operator_v3 to 2025-06-15T04:09:00+00:00, run_after=2025-06-15T04:10:00+00:00
[2025-06-15T00:10:58.571-0400] {processor.py:179} INFO - Processing /Users/rah/.pyenv/versions/3.10.11/lib/python3.10/site-packages/airflow/example_dags/example_branch_python_dop_operator_3.py took 0.165 seconds
[2025-06-15T00:12:42.139-0400] {processor.py:157} INFO - Started process (PID=62625) to work on /Users/rah/.pyenv/versions/3.10.11/lib/python3.10/site-packages/airflow/example_dags/example_branch_python_dop_operator_3.py
[2025-06-15T00:12:42.142-0400] {processor.py:829} INFO - Processing file /Users/rah/.pyenv/versions/3.10.11/lib/python3.10/site-packages/airflow/example_dags/example_branch_python_dop_operator_3.py for tasks to queue
[2025-06-15T00:12:42.142-0400] {logging_mixin.py:154} INFO - [2025-06-15T00:12:42.142-0400] {dagbag.py:536} INFO - Filling up the DagBag from /Users/rah/.pyenv/versions/3.10.11/lib/python3.10/site-packages/airflow/example_dags/example_branch_python_dop_operator_3.py
[2025-06-15T00:12:42.186-0400] {processor.py:839} INFO - DAG(s) dict_keys(['example_branch_dop_operator_v3']) retrieved from /Users/rah/.pyenv/versions/3.10.11/lib/python3.10/site-packages/airflow/example_dags/example_branch_python_dop_operator_3.py
[2025-06-15T00:12:42.271-0400] {logging_mixin.py:154} INFO - [2025-06-15T00:12:42.270-0400] {dag.py:2941} INFO - Sync 1 DAGs
[2025-06-15T00:12:42.279-0400] {logging_mixin.py:154} INFO - [2025-06-15T00:12:42.279-0400] {dag.py:3722} INFO - Setting next_dagrun for example_branch_dop_operator_v3 to 2025-06-15T04:11:00+00:00, run_after=2025-06-15T04:12:00+00:00
[2025-06-15T00:12:42.287-0400] {processor.py:179} INFO - Processing /Users/rah/.pyenv/versions/3.10.11/lib/python3.10/site-packages/airflow/example_dags/example_branch_python_dop_operator_3.py took 0.148 seconds
[2025-06-15T00:14:22.533-0400] {processor.py:157} INFO - Started process (PID=64076) to work on /Users/rah/.pyenv/versions/3.10.11/lib/python3.10/site-packages/airflow/example_dags/example_branch_python_dop_operator_3.py
[2025-06-15T00:14:22.536-0400] {processor.py:829} INFO - Processing file /Users/rah/.pyenv/versions/3.10.11/lib/python3.10/site-packages/airflow/example_dags/example_branch_python_dop_operator_3.py for tasks to queue
[2025-06-15T00:14:22.536-0400] {logging_mixin.py:154} INFO - [2025-06-15T00:14:22.536-0400] {dagbag.py:536} INFO - Filling up the DagBag from /Users/rah/.pyenv/versions/3.10.11/lib/python3.10/site-packages/airflow/example_dags/example_branch_python_dop_operator_3.py
[2025-06-15T00:14:22.578-0400] {processor.py:839} INFO - DAG(s) dict_keys(['example_branch_dop_operator_v3']) retrieved from /Users/rah/.pyenv/versions/3.10.11/lib/python3.10/site-packages/airflow/example_dags/example_branch_python_dop_operator_3.py
[2025-06-15T00:14:22.664-0400] {logging_mixin.py:154} INFO - [2025-06-15T00:14:22.664-0400] {dag.py:2941} INFO - Sync 1 DAGs
[2025-06-15T00:14:22.672-0400] {logging_mixin.py:154} INFO - [2025-06-15T00:14:22.672-0400] {dag.py:3722} INFO - Setting next_dagrun for example_branch_dop_operator_v3 to 2025-06-15T04:13:00+00:00, run_after=2025-06-15T04:14:00+00:00
[2025-06-15T00:14:22.681-0400] {processor.py:179} INFO - Processing /Users/rah/.pyenv/versions/3.10.11/lib/python3.10/site-packages/airflow/example_dags/example_branch_python_dop_operator_3.py took 0.149 seconds
[2025-06-15T00:16:06.589-0400] {processor.py:157} INFO - Started process (PID=66713) to work on /Users/rah/.pyenv/versions/3.10.11/lib/python3.10/site-packages/airflow/example_dags/example_branch_python_dop_operator_3.py
[2025-06-15T00:16:06.591-0400] {processor.py:829} INFO - Processing file /Users/rah/.pyenv/versions/3.10.11/lib/python3.10/site-packages/airflow/example_dags/example_branch_python_dop_operator_3.py for tasks to queue
[2025-06-15T00:16:06.592-0400] {logging_mixin.py:154} INFO - [2025-06-15T00:16:06.592-0400] {dagbag.py:536} INFO - Filling up the DagBag from /Users/rah/.pyenv/versions/3.10.11/lib/python3.10/site-packages/airflow/example_dags/example_branch_python_dop_operator_3.py
[2025-06-15T00:16:06.639-0400] {processor.py:839} INFO - DAG(s) dict_keys(['example_branch_dop_operator_v3']) retrieved from /Users/rah/.pyenv/versions/3.10.11/lib/python3.10/site-packages/airflow/example_dags/example_branch_python_dop_operator_3.py
[2025-06-15T00:16:06.733-0400] {logging_mixin.py:154} INFO - [2025-06-15T00:16:06.733-0400] {dag.py:2941} INFO - Sync 1 DAGs
[2025-06-15T00:16:06.742-0400] {logging_mixin.py:154} INFO - [2025-06-15T00:16:06.742-0400] {dag.py:3722} INFO - Setting next_dagrun for example_branch_dop_operator_v3 to 2025-06-15T04:15:00+00:00, run_after=2025-06-15T04:16:00+00:00
[2025-06-15T00:16:06.751-0400] {processor.py:179} INFO - Processing /Users/rah/.pyenv/versions/3.10.11/lib/python3.10/site-packages/airflow/example_dags/example_branch_python_dop_operator_3.py took 0.163 seconds
[2025-06-15T00:17:53.459-0400] {processor.py:157} INFO - Started process (PID=72996) to work on /Users/rah/.pyenv/versions/3.10.11/lib/python3.10/site-packages/airflow/example_dags/example_branch_python_dop_operator_3.py
[2025-06-15T00:17:53.461-0400] {processor.py:829} INFO - Processing file /Users/rah/.pyenv/versions/3.10.11/lib/python3.10/site-packages/airflow/example_dags/example_branch_python_dop_operator_3.py for tasks to queue
[2025-06-15T00:17:53.462-0400] {logging_mixin.py:154} INFO - [2025-06-15T00:17:53.462-0400] {dagbag.py:536} INFO - Filling up the DagBag from /Users/rah/.pyenv/versions/3.10.11/lib/python3.10/site-packages/airflow/example_dags/example_branch_python_dop_operator_3.py
[2025-06-15T00:17:53.505-0400] {processor.py:839} INFO - DAG(s) dict_keys(['example_branch_dop_operator_v3']) retrieved from /Users/rah/.pyenv/versions/3.10.11/lib/python3.10/site-packages/airflow/example_dags/example_branch_python_dop_operator_3.py
[2025-06-15T00:17:53.594-0400] {logging_mixin.py:154} INFO - [2025-06-15T00:17:53.594-0400] {dag.py:2941} INFO - Sync 1 DAGs
[2025-06-15T00:17:53.602-0400] {logging_mixin.py:154} INFO - [2025-06-15T00:17:53.602-0400] {dag.py:3722} INFO - Setting next_dagrun for example_branch_dop_operator_v3 to 2025-06-15T04:16:00+00:00, run_after=2025-06-15T04:17:00+00:00
[2025-06-15T00:17:53.611-0400] {processor.py:179} INFO - Processing /Users/rah/.pyenv/versions/3.10.11/lib/python3.10/site-packages/airflow/example_dags/example_branch_python_dop_operator_3.py took 0.153 seconds
