[2025-06-14T23:49:37.356-0400] {processor.py:157} INFO - Started process (PID=40512) to work on /Users/rah/.pyenv/versions/3.10.11/lib/python3.10/site-packages/airflow/example_dags/example_dynamic_task_mapping_with_no_taskflow_operators.py
[2025-06-14T23:49:37.359-0400] {processor.py:829} INFO - Processing file /Users/rah/.pyenv/versions/3.10.11/lib/python3.10/site-packages/airflow/example_dags/example_dynamic_task_mapping_with_no_taskflow_operators.py for tasks to queue
[2025-06-14T23:49:37.360-0400] {logging_mixin.py:154} INFO - [2025-06-14T23:49:37.360-0400] {dagbag.py:536} INFO - Filling up the DagBag from /Users/rah/.pyenv/versions/3.10.11/lib/python3.10/site-packages/airflow/example_dags/example_dynamic_task_mapping_with_no_taskflow_operators.py
[2025-06-14T23:49:37.370-0400] {processor.py:839} INFO - DAG(s) dict_keys(['example_dynamic_task_mapping_with_no_taskflow_operators']) retrieved from /Users/rah/.pyenv/versions/3.10.11/lib/python3.10/site-packages/airflow/example_dags/example_dynamic_task_mapping_with_no_taskflow_operators.py
[2025-06-14T23:49:37.716-0400] {logging_mixin.py:154} INFO - [2025-06-14T23:49:37.716-0400] {manager.py:499} INFO - Created Permission View: %s
[2025-06-14T23:49:37.720-0400] {logging_mixin.py:154} INFO - [2025-06-14T23:49:37.720-0400] {manager.py:499} INFO - Created Permission View: %s
[2025-06-14T23:49:37.722-0400] {logging_mixin.py:154} INFO - [2025-06-14T23:49:37.722-0400] {manager.py:499} INFO - Created Permission View: %s
[2025-06-14T23:49:37.722-0400] {logging_mixin.py:154} INFO - [2025-06-14T23:49:37.722-0400] {dag.py:2941} INFO - Sync 1 DAGs
[2025-06-14T23:49:37.727-0400] {logging_mixin.py:154} INFO - [2025-06-14T23:49:37.726-0400] {dag.py:2963} INFO - Creating ORM DAG for example_dynamic_task_mapping_with_no_taskflow_operators
[2025-06-14T23:49:37.730-0400] {logging_mixin.py:154} INFO - [2025-06-14T23:49:37.730-0400] {dag.py:3722} INFO - Setting next_dagrun for example_dynamic_task_mapping_with_no_taskflow_operators to 2025-06-14T03:49:37.730041+00:00, run_after=2025-06-15T03:49:37.730041+00:00
[2025-06-14T23:49:37.737-0400] {processor.py:179} INFO - Processing /Users/rah/.pyenv/versions/3.10.11/lib/python3.10/site-packages/airflow/example_dags/example_dynamic_task_mapping_with_no_taskflow_operators.py took 0.381 seconds
[2025-06-14T23:55:49.704-0400] {processor.py:157} INFO - Started process (PID=46265) to work on /Users/rah/Desktop/creative_projects/rah_coding_repo/projects/fin_data_project_001/finance-data-project-1/.venv/lib/python3.10/site-packages/airflow/example_dags/example_dynamic_task_mapping_with_no_taskflow_operators.py
[2025-06-14T23:55:49.707-0400] {processor.py:829} INFO - Processing file /Users/rah/Desktop/creative_projects/rah_coding_repo/projects/fin_data_project_001/finance-data-project-1/.venv/lib/python3.10/site-packages/airflow/example_dags/example_dynamic_task_mapping_with_no_taskflow_operators.py for tasks to queue
[2025-06-14T23:55:49.707-0400] {logging_mixin.py:154} INFO - [2025-06-14T23:55:49.707-0400] {dagbag.py:536} INFO - Filling up the DagBag from /Users/rah/Desktop/creative_projects/rah_coding_repo/projects/fin_data_project_001/finance-data-project-1/.venv/lib/python3.10/site-packages/airflow/example_dags/example_dynamic_task_mapping_with_no_taskflow_operators.py
[2025-06-14T23:55:49.716-0400] {processor.py:839} INFO - DAG(s) dict_keys(['example_dynamic_task_mapping_with_no_taskflow_operators']) retrieved from /Users/rah/Desktop/creative_projects/rah_coding_repo/projects/fin_data_project_001/finance-data-project-1/.venv/lib/python3.10/site-packages/airflow/example_dags/example_dynamic_task_mapping_with_no_taskflow_operators.py
[2025-06-14T23:55:49.809-0400] {logging_mixin.py:154} INFO - [2025-06-14T23:55:49.809-0400] {dag.py:2941} INFO - Sync 1 DAGs
[2025-06-14T23:55:49.816-0400] {logging_mixin.py:154} INFO - [2025-06-14T23:55:49.815-0400] {dag.py:3722} INFO - Setting next_dagrun for example_dynamic_task_mapping_with_no_taskflow_operators to 2025-06-14T03:55:49.815836+00:00, run_after=2025-06-15T03:55:49.815836+00:00
[2025-06-14T23:55:49.823-0400] {processor.py:179} INFO - Processing /Users/rah/Desktop/creative_projects/rah_coding_repo/projects/fin_data_project_001/finance-data-project-1/.venv/lib/python3.10/site-packages/airflow/example_dags/example_dynamic_task_mapping_with_no_taskflow_operators.py took 0.119 seconds
[2025-06-14T23:56:51.674-0400] {processor.py:157} INFO - Started process (PID=48049) to work on /Users/rah/Desktop/creative_projects/rah_coding_repo/projects/fin_data_project_001/finance-data-project-1/.venv/lib/python3.10/site-packages/airflow/example_dags/example_dynamic_task_mapping_with_no_taskflow_operators.py
[2025-06-14T23:56:51.677-0400] {processor.py:829} INFO - Processing file /Users/rah/Desktop/creative_projects/rah_coding_repo/projects/fin_data_project_001/finance-data-project-1/.venv/lib/python3.10/site-packages/airflow/example_dags/example_dynamic_task_mapping_with_no_taskflow_operators.py for tasks to queue
[2025-06-14T23:56:51.678-0400] {logging_mixin.py:154} INFO - [2025-06-14T23:56:51.678-0400] {dagbag.py:536} INFO - Filling up the DagBag from /Users/rah/Desktop/creative_projects/rah_coding_repo/projects/fin_data_project_001/finance-data-project-1/.venv/lib/python3.10/site-packages/airflow/example_dags/example_dynamic_task_mapping_with_no_taskflow_operators.py
[2025-06-14T23:56:51.689-0400] {processor.py:839} INFO - DAG(s) dict_keys(['example_dynamic_task_mapping_with_no_taskflow_operators']) retrieved from /Users/rah/Desktop/creative_projects/rah_coding_repo/projects/fin_data_project_001/finance-data-project-1/.venv/lib/python3.10/site-packages/airflow/example_dags/example_dynamic_task_mapping_with_no_taskflow_operators.py
[2025-06-14T23:56:51.790-0400] {logging_mixin.py:154} INFO - [2025-06-14T23:56:51.789-0400] {dag.py:2941} INFO - Sync 1 DAGs
[2025-06-14T23:56:51.797-0400] {logging_mixin.py:154} INFO - [2025-06-14T23:56:51.797-0400] {dag.py:3722} INFO - Setting next_dagrun for example_dynamic_task_mapping_with_no_taskflow_operators to 2025-06-14T03:56:51.796999+00:00, run_after=2025-06-15T03:56:51.796999+00:00
[2025-06-14T23:56:51.805-0400] {processor.py:179} INFO - Processing /Users/rah/Desktop/creative_projects/rah_coding_repo/projects/fin_data_project_001/finance-data-project-1/.venv/lib/python3.10/site-packages/airflow/example_dags/example_dynamic_task_mapping_with_no_taskflow_operators.py took 0.132 seconds
[2025-06-14T23:57:30.706-0400] {processor.py:157} INFO - Started process (PID=48633) to work on /Users/rah/Desktop/creative_projects/rah_coding_repo/projects/fin_data_project_001/finance-data-project-1/.venv/lib/python3.10/site-packages/airflow/example_dags/example_dynamic_task_mapping_with_no_taskflow_operators.py
[2025-06-14T23:57:30.709-0400] {processor.py:829} INFO - Processing file /Users/rah/Desktop/creative_projects/rah_coding_repo/projects/fin_data_project_001/finance-data-project-1/.venv/lib/python3.10/site-packages/airflow/example_dags/example_dynamic_task_mapping_with_no_taskflow_operators.py for tasks to queue
[2025-06-14T23:57:30.710-0400] {logging_mixin.py:154} INFO - [2025-06-14T23:57:30.710-0400] {dagbag.py:536} INFO - Filling up the DagBag from /Users/rah/Desktop/creative_projects/rah_coding_repo/projects/fin_data_project_001/finance-data-project-1/.venv/lib/python3.10/site-packages/airflow/example_dags/example_dynamic_task_mapping_with_no_taskflow_operators.py
[2025-06-14T23:57:30.720-0400] {processor.py:839} INFO - DAG(s) dict_keys(['example_dynamic_task_mapping_with_no_taskflow_operators']) retrieved from /Users/rah/Desktop/creative_projects/rah_coding_repo/projects/fin_data_project_001/finance-data-project-1/.venv/lib/python3.10/site-packages/airflow/example_dags/example_dynamic_task_mapping_with_no_taskflow_operators.py
[2025-06-14T23:57:30.816-0400] {logging_mixin.py:154} INFO - [2025-06-14T23:57:30.816-0400] {dag.py:2941} INFO - Sync 1 DAGs
[2025-06-14T23:57:30.822-0400] {logging_mixin.py:154} INFO - [2025-06-14T23:57:30.822-0400] {dag.py:3722} INFO - Setting next_dagrun for example_dynamic_task_mapping_with_no_taskflow_operators to 2025-06-14T03:57:30.822596+00:00, run_after=2025-06-15T03:57:30.822596+00:00
[2025-06-14T23:57:30.830-0400] {processor.py:179} INFO - Processing /Users/rah/Desktop/creative_projects/rah_coding_repo/projects/fin_data_project_001/finance-data-project-1/.venv/lib/python3.10/site-packages/airflow/example_dags/example_dynamic_task_mapping_with_no_taskflow_operators.py took 0.124 seconds
[2025-06-14T23:57:43.822-0400] {processor.py:157} INFO - Started process (PID=48789) to work on /Users/rah/Desktop/creative_projects/rah_coding_repo/projects/fin_data_project_001/finance-data-project-1/.venv/lib/python3.10/site-packages/airflow/example_dags/example_dynamic_task_mapping_with_no_taskflow_operators.py
[2025-06-14T23:57:43.824-0400] {processor.py:829} INFO - Processing file /Users/rah/Desktop/creative_projects/rah_coding_repo/projects/fin_data_project_001/finance-data-project-1/.venv/lib/python3.10/site-packages/airflow/example_dags/example_dynamic_task_mapping_with_no_taskflow_operators.py for tasks to queue
[2025-06-14T23:57:43.824-0400] {logging_mixin.py:154} INFO - [2025-06-14T23:57:43.824-0400] {dagbag.py:536} INFO - Filling up the DagBag from /Users/rah/Desktop/creative_projects/rah_coding_repo/projects/fin_data_project_001/finance-data-project-1/.venv/lib/python3.10/site-packages/airflow/example_dags/example_dynamic_task_mapping_with_no_taskflow_operators.py
[2025-06-14T23:57:43.834-0400] {processor.py:839} INFO - DAG(s) dict_keys(['example_dynamic_task_mapping_with_no_taskflow_operators']) retrieved from /Users/rah/Desktop/creative_projects/rah_coding_repo/projects/fin_data_project_001/finance-data-project-1/.venv/lib/python3.10/site-packages/airflow/example_dags/example_dynamic_task_mapping_with_no_taskflow_operators.py
[2025-06-14T23:57:43.929-0400] {logging_mixin.py:154} INFO - [2025-06-14T23:57:43.929-0400] {dag.py:2941} INFO - Sync 1 DAGs
[2025-06-14T23:57:43.936-0400] {logging_mixin.py:154} INFO - [2025-06-14T23:57:43.936-0400] {dag.py:3722} INFO - Setting next_dagrun for example_dynamic_task_mapping_with_no_taskflow_operators to 2025-06-14T03:57:43.936212+00:00, run_after=2025-06-15T03:57:43.936212+00:00
[2025-06-14T23:57:43.944-0400] {processor.py:179} INFO - Processing /Users/rah/Desktop/creative_projects/rah_coding_repo/projects/fin_data_project_001/finance-data-project-1/.venv/lib/python3.10/site-packages/airflow/example_dags/example_dynamic_task_mapping_with_no_taskflow_operators.py took 0.122 seconds
[2025-06-14T23:58:32.192-0400] {processor.py:157} INFO - Started process (PID=49498) to work on /Users/rah/Desktop/creative_projects/rah_coding_repo/projects/fin_data_project_001/finance-data-project-1/.venv/lib/python3.10/site-packages/airflow/example_dags/example_dynamic_task_mapping_with_no_taskflow_operators.py
[2025-06-14T23:58:32.196-0400] {processor.py:829} INFO - Processing file /Users/rah/Desktop/creative_projects/rah_coding_repo/projects/fin_data_project_001/finance-data-project-1/.venv/lib/python3.10/site-packages/airflow/example_dags/example_dynamic_task_mapping_with_no_taskflow_operators.py for tasks to queue
[2025-06-14T23:58:32.196-0400] {logging_mixin.py:154} INFO - [2025-06-14T23:58:32.196-0400] {dagbag.py:536} INFO - Filling up the DagBag from /Users/rah/Desktop/creative_projects/rah_coding_repo/projects/fin_data_project_001/finance-data-project-1/.venv/lib/python3.10/site-packages/airflow/example_dags/example_dynamic_task_mapping_with_no_taskflow_operators.py
[2025-06-14T23:58:32.206-0400] {processor.py:839} INFO - DAG(s) dict_keys(['example_dynamic_task_mapping_with_no_taskflow_operators']) retrieved from /Users/rah/Desktop/creative_projects/rah_coding_repo/projects/fin_data_project_001/finance-data-project-1/.venv/lib/python3.10/site-packages/airflow/example_dags/example_dynamic_task_mapping_with_no_taskflow_operators.py
[2025-06-14T23:58:32.303-0400] {logging_mixin.py:154} INFO - [2025-06-14T23:58:32.302-0400] {dag.py:2941} INFO - Sync 1 DAGs
[2025-06-14T23:58:32.309-0400] {logging_mixin.py:154} INFO - [2025-06-14T23:58:32.309-0400] {dag.py:3722} INFO - Setting next_dagrun for example_dynamic_task_mapping_with_no_taskflow_operators to 2025-06-14T03:58:32.309675+00:00, run_after=2025-06-15T03:58:32.309675+00:00
[2025-06-14T23:58:32.317-0400] {processor.py:179} INFO - Processing /Users/rah/Desktop/creative_projects/rah_coding_repo/projects/fin_data_project_001/finance-data-project-1/.venv/lib/python3.10/site-packages/airflow/example_dags/example_dynamic_task_mapping_with_no_taskflow_operators.py took 0.126 seconds
[2025-06-14T23:59:06.082-0400] {processor.py:157} INFO - Started process (PID=50379) to work on /Users/rah/Desktop/creative_projects/rah_coding_repo/projects/fin_data_project_001/finance-data-project-1/.venv/lib/python3.10/site-packages/airflow/example_dags/example_dynamic_task_mapping_with_no_taskflow_operators.py
[2025-06-14T23:59:06.085-0400] {processor.py:829} INFO - Processing file /Users/rah/Desktop/creative_projects/rah_coding_repo/projects/fin_data_project_001/finance-data-project-1/.venv/lib/python3.10/site-packages/airflow/example_dags/example_dynamic_task_mapping_with_no_taskflow_operators.py for tasks to queue
[2025-06-14T23:59:06.085-0400] {logging_mixin.py:154} INFO - [2025-06-14T23:59:06.085-0400] {dagbag.py:536} INFO - Filling up the DagBag from /Users/rah/Desktop/creative_projects/rah_coding_repo/projects/fin_data_project_001/finance-data-project-1/.venv/lib/python3.10/site-packages/airflow/example_dags/example_dynamic_task_mapping_with_no_taskflow_operators.py
[2025-06-14T23:59:06.094-0400] {processor.py:839} INFO - DAG(s) dict_keys(['example_dynamic_task_mapping_with_no_taskflow_operators']) retrieved from /Users/rah/Desktop/creative_projects/rah_coding_repo/projects/fin_data_project_001/finance-data-project-1/.venv/lib/python3.10/site-packages/airflow/example_dags/example_dynamic_task_mapping_with_no_taskflow_operators.py
[2025-06-14T23:59:06.201-0400] {logging_mixin.py:154} INFO - [2025-06-14T23:59:06.201-0400] {dag.py:2941} INFO - Sync 1 DAGs
[2025-06-14T23:59:06.209-0400] {logging_mixin.py:154} INFO - [2025-06-14T23:59:06.209-0400] {dag.py:3722} INFO - Setting next_dagrun for example_dynamic_task_mapping_with_no_taskflow_operators to 2025-06-14T03:59:06.209370+00:00, run_after=2025-06-15T03:59:06.209370+00:00
[2025-06-14T23:59:06.218-0400] {processor.py:179} INFO - Processing /Users/rah/Desktop/creative_projects/rah_coding_repo/projects/fin_data_project_001/finance-data-project-1/.venv/lib/python3.10/site-packages/airflow/example_dags/example_dynamic_task_mapping_with_no_taskflow_operators.py took 0.137 seconds
[2025-06-14T23:59:21.365-0400] {processor.py:157} INFO - Started process (PID=50563) to work on /Users/rah/Desktop/creative_projects/rah_coding_repo/projects/fin_data_project_001/finance-data-project-1/.venv/lib/python3.10/site-packages/airflow/example_dags/example_dynamic_task_mapping_with_no_taskflow_operators.py
[2025-06-14T23:59:21.368-0400] {processor.py:829} INFO - Processing file /Users/rah/Desktop/creative_projects/rah_coding_repo/projects/fin_data_project_001/finance-data-project-1/.venv/lib/python3.10/site-packages/airflow/example_dags/example_dynamic_task_mapping_with_no_taskflow_operators.py for tasks to queue
[2025-06-14T23:59:21.368-0400] {logging_mixin.py:154} INFO - [2025-06-14T23:59:21.368-0400] {dagbag.py:536} INFO - Filling up the DagBag from /Users/rah/Desktop/creative_projects/rah_coding_repo/projects/fin_data_project_001/finance-data-project-1/.venv/lib/python3.10/site-packages/airflow/example_dags/example_dynamic_task_mapping_with_no_taskflow_operators.py
[2025-06-14T23:59:21.377-0400] {processor.py:839} INFO - DAG(s) dict_keys(['example_dynamic_task_mapping_with_no_taskflow_operators']) retrieved from /Users/rah/Desktop/creative_projects/rah_coding_repo/projects/fin_data_project_001/finance-data-project-1/.venv/lib/python3.10/site-packages/airflow/example_dags/example_dynamic_task_mapping_with_no_taskflow_operators.py
[2025-06-14T23:59:21.474-0400] {logging_mixin.py:154} INFO - [2025-06-14T23:59:21.474-0400] {dag.py:2941} INFO - Sync 1 DAGs
[2025-06-14T23:59:21.480-0400] {logging_mixin.py:154} INFO - [2025-06-14T23:59:21.480-0400] {dag.py:3722} INFO - Setting next_dagrun for example_dynamic_task_mapping_with_no_taskflow_operators to 2025-06-14T03:59:21.480604+00:00, run_after=2025-06-15T03:59:21.480604+00:00
[2025-06-14T23:59:21.489-0400] {processor.py:179} INFO - Processing /Users/rah/Desktop/creative_projects/rah_coding_repo/projects/fin_data_project_001/finance-data-project-1/.venv/lib/python3.10/site-packages/airflow/example_dags/example_dynamic_task_mapping_with_no_taskflow_operators.py took 0.124 seconds
[2025-06-14T23:59:53.450-0400] {processor.py:157} INFO - Started process (PID=51047) to work on /Users/rah/Desktop/creative_projects/rah_coding_repo/projects/fin_data_project_001/finance-data-project-1/.venv/lib/python3.10/site-packages/airflow/example_dags/example_dynamic_task_mapping_with_no_taskflow_operators.py
[2025-06-14T23:59:53.452-0400] {processor.py:829} INFO - Processing file /Users/rah/Desktop/creative_projects/rah_coding_repo/projects/fin_data_project_001/finance-data-project-1/.venv/lib/python3.10/site-packages/airflow/example_dags/example_dynamic_task_mapping_with_no_taskflow_operators.py for tasks to queue
[2025-06-14T23:59:53.452-0400] {logging_mixin.py:154} INFO - [2025-06-14T23:59:53.452-0400] {dagbag.py:536} INFO - Filling up the DagBag from /Users/rah/Desktop/creative_projects/rah_coding_repo/projects/fin_data_project_001/finance-data-project-1/.venv/lib/python3.10/site-packages/airflow/example_dags/example_dynamic_task_mapping_with_no_taskflow_operators.py
[2025-06-14T23:59:53.462-0400] {processor.py:839} INFO - DAG(s) dict_keys(['example_dynamic_task_mapping_with_no_taskflow_operators']) retrieved from /Users/rah/Desktop/creative_projects/rah_coding_repo/projects/fin_data_project_001/finance-data-project-1/.venv/lib/python3.10/site-packages/airflow/example_dags/example_dynamic_task_mapping_with_no_taskflow_operators.py
[2025-06-14T23:59:53.562-0400] {logging_mixin.py:154} INFO - [2025-06-14T23:59:53.562-0400] {dag.py:2941} INFO - Sync 1 DAGs
[2025-06-14T23:59:53.569-0400] {logging_mixin.py:154} INFO - [2025-06-14T23:59:53.569-0400] {dag.py:3722} INFO - Setting next_dagrun for example_dynamic_task_mapping_with_no_taskflow_operators to 2025-06-14T03:59:53.569528+00:00, run_after=2025-06-15T03:59:53.569528+00:00
[2025-06-14T23:59:53.577-0400] {processor.py:179} INFO - Processing /Users/rah/Desktop/creative_projects/rah_coding_repo/projects/fin_data_project_001/finance-data-project-1/.venv/lib/python3.10/site-packages/airflow/example_dags/example_dynamic_task_mapping_with_no_taskflow_operators.py took 0.128 seconds
[2025-06-15T00:00:04.398-0400] {processor.py:157} INFO - Started process (PID=51227) to work on /Users/rah/Desktop/creative_projects/rah_coding_repo/projects/fin_data_project_001/finance-data-project-1/.venv/lib/python3.10/site-packages/airflow/example_dags/example_dynamic_task_mapping_with_no_taskflow_operators.py
[2025-06-15T00:00:04.400-0400] {processor.py:829} INFO - Processing file /Users/rah/Desktop/creative_projects/rah_coding_repo/projects/fin_data_project_001/finance-data-project-1/.venv/lib/python3.10/site-packages/airflow/example_dags/example_dynamic_task_mapping_with_no_taskflow_operators.py for tasks to queue
[2025-06-15T00:00:04.400-0400] {logging_mixin.py:154} INFO - [2025-06-15T00:00:04.400-0400] {dagbag.py:536} INFO - Filling up the DagBag from /Users/rah/Desktop/creative_projects/rah_coding_repo/projects/fin_data_project_001/finance-data-project-1/.venv/lib/python3.10/site-packages/airflow/example_dags/example_dynamic_task_mapping_with_no_taskflow_operators.py
[2025-06-15T00:00:04.409-0400] {processor.py:839} INFO - DAG(s) dict_keys(['example_dynamic_task_mapping_with_no_taskflow_operators']) retrieved from /Users/rah/Desktop/creative_projects/rah_coding_repo/projects/fin_data_project_001/finance-data-project-1/.venv/lib/python3.10/site-packages/airflow/example_dags/example_dynamic_task_mapping_with_no_taskflow_operators.py
[2025-06-15T00:00:04.509-0400] {logging_mixin.py:154} INFO - [2025-06-15T00:00:04.509-0400] {dag.py:2941} INFO - Sync 1 DAGs
[2025-06-15T00:00:04.516-0400] {logging_mixin.py:154} INFO - [2025-06-15T00:00:04.516-0400] {dag.py:3722} INFO - Setting next_dagrun for example_dynamic_task_mapping_with_no_taskflow_operators to 2025-06-14T04:00:04.516310+00:00, run_after=2025-06-15T04:00:04.516310+00:00
[2025-06-15T00:00:04.524-0400] {processor.py:179} INFO - Processing /Users/rah/Desktop/creative_projects/rah_coding_repo/projects/fin_data_project_001/finance-data-project-1/.venv/lib/python3.10/site-packages/airflow/example_dags/example_dynamic_task_mapping_with_no_taskflow_operators.py took 0.127 seconds
[2025-06-15T00:00:51.037-0400] {processor.py:157} INFO - Started process (PID=51987) to work on /Users/rah/Desktop/creative_projects/rah_coding_repo/projects/fin_data_project_001/finance-data-project-1/.venv/lib/python3.10/site-packages/airflow/example_dags/example_dynamic_task_mapping_with_no_taskflow_operators.py
[2025-06-15T00:00:51.040-0400] {processor.py:829} INFO - Processing file /Users/rah/Desktop/creative_projects/rah_coding_repo/projects/fin_data_project_001/finance-data-project-1/.venv/lib/python3.10/site-packages/airflow/example_dags/example_dynamic_task_mapping_with_no_taskflow_operators.py for tasks to queue
[2025-06-15T00:00:51.040-0400] {logging_mixin.py:154} INFO - [2025-06-15T00:00:51.040-0400] {dagbag.py:536} INFO - Filling up the DagBag from /Users/rah/Desktop/creative_projects/rah_coding_repo/projects/fin_data_project_001/finance-data-project-1/.venv/lib/python3.10/site-packages/airflow/example_dags/example_dynamic_task_mapping_with_no_taskflow_operators.py
[2025-06-15T00:00:51.050-0400] {processor.py:839} INFO - DAG(s) dict_keys(['example_dynamic_task_mapping_with_no_taskflow_operators']) retrieved from /Users/rah/Desktop/creative_projects/rah_coding_repo/projects/fin_data_project_001/finance-data-project-1/.venv/lib/python3.10/site-packages/airflow/example_dags/example_dynamic_task_mapping_with_no_taskflow_operators.py
[2025-06-15T00:00:51.153-0400] {logging_mixin.py:154} INFO - [2025-06-15T00:00:51.153-0400] {dag.py:2941} INFO - Sync 1 DAGs
[2025-06-15T00:00:51.161-0400] {logging_mixin.py:154} INFO - [2025-06-15T00:00:51.161-0400] {dag.py:3722} INFO - Setting next_dagrun for example_dynamic_task_mapping_with_no_taskflow_operators to 2025-06-14T04:00:51.160906+00:00, run_after=2025-06-15T04:00:51.160906+00:00
[2025-06-15T00:00:51.175-0400] {processor.py:179} INFO - Processing /Users/rah/Desktop/creative_projects/rah_coding_repo/projects/fin_data_project_001/finance-data-project-1/.venv/lib/python3.10/site-packages/airflow/example_dags/example_dynamic_task_mapping_with_no_taskflow_operators.py took 0.138 seconds
[2025-06-15T00:01:05.819-0400] {processor.py:157} INFO - Started process (PID=52171) to work on /Users/rah/Desktop/creative_projects/rah_coding_repo/projects/fin_data_project_001/finance-data-project-1/.venv/lib/python3.10/site-packages/airflow/example_dags/example_dynamic_task_mapping_with_no_taskflow_operators.py
[2025-06-15T00:01:05.821-0400] {processor.py:829} INFO - Processing file /Users/rah/Desktop/creative_projects/rah_coding_repo/projects/fin_data_project_001/finance-data-project-1/.venv/lib/python3.10/site-packages/airflow/example_dags/example_dynamic_task_mapping_with_no_taskflow_operators.py for tasks to queue
[2025-06-15T00:01:05.822-0400] {logging_mixin.py:154} INFO - [2025-06-15T00:01:05.821-0400] {dagbag.py:536} INFO - Filling up the DagBag from /Users/rah/Desktop/creative_projects/rah_coding_repo/projects/fin_data_project_001/finance-data-project-1/.venv/lib/python3.10/site-packages/airflow/example_dags/example_dynamic_task_mapping_with_no_taskflow_operators.py
[2025-06-15T00:01:05.831-0400] {processor.py:839} INFO - DAG(s) dict_keys(['example_dynamic_task_mapping_with_no_taskflow_operators']) retrieved from /Users/rah/Desktop/creative_projects/rah_coding_repo/projects/fin_data_project_001/finance-data-project-1/.venv/lib/python3.10/site-packages/airflow/example_dags/example_dynamic_task_mapping_with_no_taskflow_operators.py
[2025-06-15T00:01:05.945-0400] {logging_mixin.py:154} INFO - [2025-06-15T00:01:05.944-0400] {dag.py:2941} INFO - Sync 1 DAGs
[2025-06-15T00:01:05.951-0400] {logging_mixin.py:154} INFO - [2025-06-15T00:01:05.951-0400] {dag.py:3722} INFO - Setting next_dagrun for example_dynamic_task_mapping_with_no_taskflow_operators to 2025-06-14T04:01:05.951658+00:00, run_after=2025-06-15T04:01:05.951658+00:00
[2025-06-15T00:01:05.965-0400] {processor.py:179} INFO - Processing /Users/rah/Desktop/creative_projects/rah_coding_repo/projects/fin_data_project_001/finance-data-project-1/.venv/lib/python3.10/site-packages/airflow/example_dags/example_dynamic_task_mapping_with_no_taskflow_operators.py took 0.146 seconds
[2025-06-15T00:01:30.351-0400] {processor.py:157} INFO - Started process (PID=52588) to work on /Users/rah/Desktop/creative_projects/rah_coding_repo/projects/fin_data_project_001/finance-data-project-1/.venv/lib/python3.10/site-packages/airflow/example_dags/example_dynamic_task_mapping_with_no_taskflow_operators.py
[2025-06-15T00:01:30.354-0400] {processor.py:829} INFO - Processing file /Users/rah/Desktop/creative_projects/rah_coding_repo/projects/fin_data_project_001/finance-data-project-1/.venv/lib/python3.10/site-packages/airflow/example_dags/example_dynamic_task_mapping_with_no_taskflow_operators.py for tasks to queue
[2025-06-15T00:01:30.354-0400] {logging_mixin.py:154} INFO - [2025-06-15T00:01:30.354-0400] {dagbag.py:536} INFO - Filling up the DagBag from /Users/rah/Desktop/creative_projects/rah_coding_repo/projects/fin_data_project_001/finance-data-project-1/.venv/lib/python3.10/site-packages/airflow/example_dags/example_dynamic_task_mapping_with_no_taskflow_operators.py
[2025-06-15T00:01:30.364-0400] {processor.py:839} INFO - DAG(s) dict_keys(['example_dynamic_task_mapping_with_no_taskflow_operators']) retrieved from /Users/rah/Desktop/creative_projects/rah_coding_repo/projects/fin_data_project_001/finance-data-project-1/.venv/lib/python3.10/site-packages/airflow/example_dags/example_dynamic_task_mapping_with_no_taskflow_operators.py
[2025-06-15T00:01:30.462-0400] {logging_mixin.py:154} INFO - [2025-06-15T00:01:30.461-0400] {dag.py:2941} INFO - Sync 1 DAGs
[2025-06-15T00:01:30.469-0400] {logging_mixin.py:154} INFO - [2025-06-15T00:01:30.469-0400] {dag.py:3722} INFO - Setting next_dagrun for example_dynamic_task_mapping_with_no_taskflow_operators to 2025-06-14T04:01:30.469308+00:00, run_after=2025-06-15T04:01:30.469308+00:00
[2025-06-15T00:01:30.477-0400] {processor.py:179} INFO - Processing /Users/rah/Desktop/creative_projects/rah_coding_repo/projects/fin_data_project_001/finance-data-project-1/.venv/lib/python3.10/site-packages/airflow/example_dags/example_dynamic_task_mapping_with_no_taskflow_operators.py took 0.126 seconds
[2025-06-15T00:01:33.148-0400] {processor.py:157} INFO - Started process (PID=52651) to work on /Users/rah/Desktop/creative_projects/rah_coding_repo/projects/fin_data_project_001/finance-data-project-1/.venv/lib/python3.10/site-packages/airflow/example_dags/example_dynamic_task_mapping_with_no_taskflow_operators.py
[2025-06-15T00:01:33.150-0400] {processor.py:829} INFO - Processing file /Users/rah/Desktop/creative_projects/rah_coding_repo/projects/fin_data_project_001/finance-data-project-1/.venv/lib/python3.10/site-packages/airflow/example_dags/example_dynamic_task_mapping_with_no_taskflow_operators.py for tasks to queue
[2025-06-15T00:01:33.150-0400] {logging_mixin.py:154} INFO - [2025-06-15T00:01:33.150-0400] {dagbag.py:536} INFO - Filling up the DagBag from /Users/rah/Desktop/creative_projects/rah_coding_repo/projects/fin_data_project_001/finance-data-project-1/.venv/lib/python3.10/site-packages/airflow/example_dags/example_dynamic_task_mapping_with_no_taskflow_operators.py
[2025-06-15T00:01:33.159-0400] {processor.py:839} INFO - DAG(s) dict_keys(['example_dynamic_task_mapping_with_no_taskflow_operators']) retrieved from /Users/rah/Desktop/creative_projects/rah_coding_repo/projects/fin_data_project_001/finance-data-project-1/.venv/lib/python3.10/site-packages/airflow/example_dags/example_dynamic_task_mapping_with_no_taskflow_operators.py
[2025-06-15T00:01:33.256-0400] {logging_mixin.py:154} INFO - [2025-06-15T00:01:33.256-0400] {dag.py:2941} INFO - Sync 1 DAGs
[2025-06-15T00:01:33.263-0400] {logging_mixin.py:154} INFO - [2025-06-15T00:01:33.263-0400] {dag.py:3722} INFO - Setting next_dagrun for example_dynamic_task_mapping_with_no_taskflow_operators to 2025-06-14T04:01:33.263363+00:00, run_after=2025-06-15T04:01:33.263363+00:00
[2025-06-15T00:01:33.271-0400] {processor.py:179} INFO - Processing /Users/rah/Desktop/creative_projects/rah_coding_repo/projects/fin_data_project_001/finance-data-project-1/.venv/lib/python3.10/site-packages/airflow/example_dags/example_dynamic_task_mapping_with_no_taskflow_operators.py took 0.124 seconds
[2025-06-15T00:02:25.186-0400] {processor.py:157} INFO - Started process (PID=53468) to work on /Users/rah/Desktop/creative_projects/rah_coding_repo/projects/fin_data_project_001/finance-data-project-1/.venv/lib/python3.10/site-packages/airflow/example_dags/example_dynamic_task_mapping_with_no_taskflow_operators.py
[2025-06-15T00:02:25.188-0400] {processor.py:829} INFO - Processing file /Users/rah/Desktop/creative_projects/rah_coding_repo/projects/fin_data_project_001/finance-data-project-1/.venv/lib/python3.10/site-packages/airflow/example_dags/example_dynamic_task_mapping_with_no_taskflow_operators.py for tasks to queue
[2025-06-15T00:02:25.188-0400] {logging_mixin.py:154} INFO - [2025-06-15T00:02:25.188-0400] {dagbag.py:536} INFO - Filling up the DagBag from /Users/rah/Desktop/creative_projects/rah_coding_repo/projects/fin_data_project_001/finance-data-project-1/.venv/lib/python3.10/site-packages/airflow/example_dags/example_dynamic_task_mapping_with_no_taskflow_operators.py
[2025-06-15T00:02:25.198-0400] {processor.py:839} INFO - DAG(s) dict_keys(['example_dynamic_task_mapping_with_no_taskflow_operators']) retrieved from /Users/rah/Desktop/creative_projects/rah_coding_repo/projects/fin_data_project_001/finance-data-project-1/.venv/lib/python3.10/site-packages/airflow/example_dags/example_dynamic_task_mapping_with_no_taskflow_operators.py
[2025-06-15T00:02:25.297-0400] {logging_mixin.py:154} INFO - [2025-06-15T00:02:25.297-0400] {dag.py:2941} INFO - Sync 1 DAGs
[2025-06-15T00:02:25.304-0400] {logging_mixin.py:154} INFO - [2025-06-15T00:02:25.304-0400] {dag.py:3722} INFO - Setting next_dagrun for example_dynamic_task_mapping_with_no_taskflow_operators to 2025-06-14T04:02:25.304447+00:00, run_after=2025-06-15T04:02:25.304447+00:00
[2025-06-15T00:02:25.312-0400] {processor.py:179} INFO - Processing /Users/rah/Desktop/creative_projects/rah_coding_repo/projects/fin_data_project_001/finance-data-project-1/.venv/lib/python3.10/site-packages/airflow/example_dags/example_dynamic_task_mapping_with_no_taskflow_operators.py took 0.127 seconds
[2025-06-15T00:07:17.214-0400] {processor.py:157} INFO - Started process (PID=57472) to work on /Users/rah/.pyenv/versions/3.10.11/lib/python3.10/site-packages/airflow/example_dags/example_dynamic_task_mapping_with_no_taskflow_operators.py
[2025-06-15T00:07:17.218-0400] {processor.py:829} INFO - Processing file /Users/rah/.pyenv/versions/3.10.11/lib/python3.10/site-packages/airflow/example_dags/example_dynamic_task_mapping_with_no_taskflow_operators.py for tasks to queue
[2025-06-15T00:07:17.218-0400] {logging_mixin.py:154} INFO - [2025-06-15T00:07:17.218-0400] {dagbag.py:536} INFO - Filling up the DagBag from /Users/rah/.pyenv/versions/3.10.11/lib/python3.10/site-packages/airflow/example_dags/example_dynamic_task_mapping_with_no_taskflow_operators.py
[2025-06-15T00:07:17.227-0400] {processor.py:839} INFO - DAG(s) dict_keys(['example_dynamic_task_mapping_with_no_taskflow_operators']) retrieved from /Users/rah/.pyenv/versions/3.10.11/lib/python3.10/site-packages/airflow/example_dags/example_dynamic_task_mapping_with_no_taskflow_operators.py
[2025-06-15T00:07:17.569-0400] {logging_mixin.py:154} INFO - [2025-06-15T00:07:17.569-0400] {dag.py:2941} INFO - Sync 1 DAGs
[2025-06-15T00:07:17.576-0400] {logging_mixin.py:154} INFO - [2025-06-15T00:07:17.576-0400] {dag.py:3722} INFO - Setting next_dagrun for example_dynamic_task_mapping_with_no_taskflow_operators to 2025-06-14T04:07:17.575995+00:00, run_after=2025-06-15T04:07:17.575995+00:00
[2025-06-15T00:07:17.585-0400] {processor.py:179} INFO - Processing /Users/rah/.pyenv/versions/3.10.11/lib/python3.10/site-packages/airflow/example_dags/example_dynamic_task_mapping_with_no_taskflow_operators.py took 0.371 seconds
[2025-06-15T00:09:10.191-0400] {processor.py:157} INFO - Started process (PID=59346) to work on /Users/rah/.pyenv/versions/3.10.11/lib/python3.10/site-packages/airflow/example_dags/example_dynamic_task_mapping_with_no_taskflow_operators.py
[2025-06-15T00:09:10.194-0400] {processor.py:829} INFO - Processing file /Users/rah/.pyenv/versions/3.10.11/lib/python3.10/site-packages/airflow/example_dags/example_dynamic_task_mapping_with_no_taskflow_operators.py for tasks to queue
[2025-06-15T00:09:10.194-0400] {logging_mixin.py:154} INFO - [2025-06-15T00:09:10.194-0400] {dagbag.py:536} INFO - Filling up the DagBag from /Users/rah/.pyenv/versions/3.10.11/lib/python3.10/site-packages/airflow/example_dags/example_dynamic_task_mapping_with_no_taskflow_operators.py
[2025-06-15T00:09:10.203-0400] {processor.py:839} INFO - DAG(s) dict_keys(['example_dynamic_task_mapping_with_no_taskflow_operators']) retrieved from /Users/rah/.pyenv/versions/3.10.11/lib/python3.10/site-packages/airflow/example_dags/example_dynamic_task_mapping_with_no_taskflow_operators.py
[2025-06-15T00:09:10.313-0400] {logging_mixin.py:154} INFO - [2025-06-15T00:09:10.313-0400] {dag.py:2941} INFO - Sync 1 DAGs
[2025-06-15T00:09:10.320-0400] {logging_mixin.py:154} INFO - [2025-06-15T00:09:10.320-0400] {dag.py:3722} INFO - Setting next_dagrun for example_dynamic_task_mapping_with_no_taskflow_operators to 2025-06-14T04:09:10.320218+00:00, run_after=2025-06-15T04:09:10.320218+00:00
[2025-06-15T00:09:10.327-0400] {processor.py:179} INFO - Processing /Users/rah/.pyenv/versions/3.10.11/lib/python3.10/site-packages/airflow/example_dags/example_dynamic_task_mapping_with_no_taskflow_operators.py took 0.136 seconds
[2025-06-15T00:10:50.127-0400] {processor.py:157} INFO - Started process (PID=60949) to work on /Users/rah/.pyenv/versions/3.10.11/lib/python3.10/site-packages/airflow/example_dags/example_dynamic_task_mapping_with_no_taskflow_operators.py
[2025-06-15T00:10:50.129-0400] {processor.py:829} INFO - Processing file /Users/rah/.pyenv/versions/3.10.11/lib/python3.10/site-packages/airflow/example_dags/example_dynamic_task_mapping_with_no_taskflow_operators.py for tasks to queue
[2025-06-15T00:10:50.130-0400] {logging_mixin.py:154} INFO - [2025-06-15T00:10:50.130-0400] {dagbag.py:536} INFO - Filling up the DagBag from /Users/rah/.pyenv/versions/3.10.11/lib/python3.10/site-packages/airflow/example_dags/example_dynamic_task_mapping_with_no_taskflow_operators.py
[2025-06-15T00:10:50.138-0400] {processor.py:839} INFO - DAG(s) dict_keys(['example_dynamic_task_mapping_with_no_taskflow_operators']) retrieved from /Users/rah/.pyenv/versions/3.10.11/lib/python3.10/site-packages/airflow/example_dags/example_dynamic_task_mapping_with_no_taskflow_operators.py
[2025-06-15T00:10:50.250-0400] {logging_mixin.py:154} INFO - [2025-06-15T00:10:50.250-0400] {dag.py:2941} INFO - Sync 1 DAGs
[2025-06-15T00:10:50.257-0400] {logging_mixin.py:154} INFO - [2025-06-15T00:10:50.257-0400] {dag.py:3722} INFO - Setting next_dagrun for example_dynamic_task_mapping_with_no_taskflow_operators to 2025-06-14T04:10:50.257706+00:00, run_after=2025-06-15T04:10:50.257706+00:00
[2025-06-15T00:10:50.264-0400] {processor.py:179} INFO - Processing /Users/rah/.pyenv/versions/3.10.11/lib/python3.10/site-packages/airflow/example_dags/example_dynamic_task_mapping_with_no_taskflow_operators.py took 0.138 seconds
[2025-06-15T00:12:32.703-0400] {processor.py:157} INFO - Started process (PID=62509) to work on /Users/rah/.pyenv/versions/3.10.11/lib/python3.10/site-packages/airflow/example_dags/example_dynamic_task_mapping_with_no_taskflow_operators.py
[2025-06-15T00:12:32.706-0400] {processor.py:829} INFO - Processing file /Users/rah/.pyenv/versions/3.10.11/lib/python3.10/site-packages/airflow/example_dags/example_dynamic_task_mapping_with_no_taskflow_operators.py for tasks to queue
[2025-06-15T00:12:32.707-0400] {logging_mixin.py:154} INFO - [2025-06-15T00:12:32.707-0400] {dagbag.py:536} INFO - Filling up the DagBag from /Users/rah/.pyenv/versions/3.10.11/lib/python3.10/site-packages/airflow/example_dags/example_dynamic_task_mapping_with_no_taskflow_operators.py
[2025-06-15T00:12:32.715-0400] {processor.py:839} INFO - DAG(s) dict_keys(['example_dynamic_task_mapping_with_no_taskflow_operators']) retrieved from /Users/rah/.pyenv/versions/3.10.11/lib/python3.10/site-packages/airflow/example_dags/example_dynamic_task_mapping_with_no_taskflow_operators.py
[2025-06-15T00:12:32.829-0400] {logging_mixin.py:154} INFO - [2025-06-15T00:12:32.829-0400] {dag.py:2941} INFO - Sync 1 DAGs
[2025-06-15T00:12:32.836-0400] {logging_mixin.py:154} INFO - [2025-06-15T00:12:32.836-0400] {dag.py:3722} INFO - Setting next_dagrun for example_dynamic_task_mapping_with_no_taskflow_operators to 2025-06-14T04:12:32.836201+00:00, run_after=2025-06-15T04:12:32.836201+00:00
[2025-06-15T00:12:32.844-0400] {processor.py:179} INFO - Processing /Users/rah/.pyenv/versions/3.10.11/lib/python3.10/site-packages/airflow/example_dags/example_dynamic_task_mapping_with_no_taskflow_operators.py took 0.141 seconds
[2025-06-15T00:14:14.706-0400] {processor.py:157} INFO - Started process (PID=63946) to work on /Users/rah/.pyenv/versions/3.10.11/lib/python3.10/site-packages/airflow/example_dags/example_dynamic_task_mapping_with_no_taskflow_operators.py
[2025-06-15T00:14:14.710-0400] {processor.py:829} INFO - Processing file /Users/rah/.pyenv/versions/3.10.11/lib/python3.10/site-packages/airflow/example_dags/example_dynamic_task_mapping_with_no_taskflow_operators.py for tasks to queue
[2025-06-15T00:14:14.710-0400] {logging_mixin.py:154} INFO - [2025-06-15T00:14:14.710-0400] {dagbag.py:536} INFO - Filling up the DagBag from /Users/rah/.pyenv/versions/3.10.11/lib/python3.10/site-packages/airflow/example_dags/example_dynamic_task_mapping_with_no_taskflow_operators.py
[2025-06-15T00:14:14.720-0400] {processor.py:839} INFO - DAG(s) dict_keys(['example_dynamic_task_mapping_with_no_taskflow_operators']) retrieved from /Users/rah/.pyenv/versions/3.10.11/lib/python3.10/site-packages/airflow/example_dags/example_dynamic_task_mapping_with_no_taskflow_operators.py
[2025-06-15T00:14:14.843-0400] {logging_mixin.py:154} INFO - [2025-06-15T00:14:14.843-0400] {dag.py:2941} INFO - Sync 1 DAGs
[2025-06-15T00:14:14.850-0400] {logging_mixin.py:154} INFO - [2025-06-15T00:14:14.850-0400] {dag.py:3722} INFO - Setting next_dagrun for example_dynamic_task_mapping_with_no_taskflow_operators to 2025-06-14T04:14:14.850668+00:00, run_after=2025-06-15T04:14:14.850668+00:00
[2025-06-15T00:14:14.858-0400] {processor.py:179} INFO - Processing /Users/rah/.pyenv/versions/3.10.11/lib/python3.10/site-packages/airflow/example_dags/example_dynamic_task_mapping_with_no_taskflow_operators.py took 0.152 seconds
[2025-06-15T00:15:57.136-0400] {processor.py:157} INFO - Started process (PID=66594) to work on /Users/rah/.pyenv/versions/3.10.11/lib/python3.10/site-packages/airflow/example_dags/example_dynamic_task_mapping_with_no_taskflow_operators.py
[2025-06-15T00:15:57.139-0400] {processor.py:829} INFO - Processing file /Users/rah/.pyenv/versions/3.10.11/lib/python3.10/site-packages/airflow/example_dags/example_dynamic_task_mapping_with_no_taskflow_operators.py for tasks to queue
[2025-06-15T00:15:57.139-0400] {logging_mixin.py:154} INFO - [2025-06-15T00:15:57.139-0400] {dagbag.py:536} INFO - Filling up the DagBag from /Users/rah/.pyenv/versions/3.10.11/lib/python3.10/site-packages/airflow/example_dags/example_dynamic_task_mapping_with_no_taskflow_operators.py
[2025-06-15T00:15:57.148-0400] {processor.py:839} INFO - DAG(s) dict_keys(['example_dynamic_task_mapping_with_no_taskflow_operators']) retrieved from /Users/rah/.pyenv/versions/3.10.11/lib/python3.10/site-packages/airflow/example_dags/example_dynamic_task_mapping_with_no_taskflow_operators.py
[2025-06-15T00:15:57.256-0400] {logging_mixin.py:154} INFO - [2025-06-15T00:15:57.256-0400] {dag.py:2941} INFO - Sync 1 DAGs
[2025-06-15T00:15:57.263-0400] {logging_mixin.py:154} INFO - [2025-06-15T00:15:57.263-0400] {dag.py:3722} INFO - Setting next_dagrun for example_dynamic_task_mapping_with_no_taskflow_operators to 2025-06-14T04:15:57.263001+00:00, run_after=2025-06-15T04:15:57.263001+00:00
[2025-06-15T00:15:57.270-0400] {processor.py:179} INFO - Processing /Users/rah/.pyenv/versions/3.10.11/lib/python3.10/site-packages/airflow/example_dags/example_dynamic_task_mapping_with_no_taskflow_operators.py took 0.134 seconds
[2025-06-15T00:17:44.096-0400] {processor.py:157} INFO - Started process (PID=72871) to work on /Users/rah/.pyenv/versions/3.10.11/lib/python3.10/site-packages/airflow/example_dags/example_dynamic_task_mapping_with_no_taskflow_operators.py
[2025-06-15T00:17:44.099-0400] {processor.py:829} INFO - Processing file /Users/rah/.pyenv/versions/3.10.11/lib/python3.10/site-packages/airflow/example_dags/example_dynamic_task_mapping_with_no_taskflow_operators.py for tasks to queue
[2025-06-15T00:17:44.099-0400] {logging_mixin.py:154} INFO - [2025-06-15T00:17:44.099-0400] {dagbag.py:536} INFO - Filling up the DagBag from /Users/rah/.pyenv/versions/3.10.11/lib/python3.10/site-packages/airflow/example_dags/example_dynamic_task_mapping_with_no_taskflow_operators.py
[2025-06-15T00:17:44.108-0400] {processor.py:839} INFO - DAG(s) dict_keys(['example_dynamic_task_mapping_with_no_taskflow_operators']) retrieved from /Users/rah/.pyenv/versions/3.10.11/lib/python3.10/site-packages/airflow/example_dags/example_dynamic_task_mapping_with_no_taskflow_operators.py
[2025-06-15T00:17:44.230-0400] {logging_mixin.py:154} INFO - [2025-06-15T00:17:44.230-0400] {dag.py:2941} INFO - Sync 1 DAGs
[2025-06-15T00:17:44.238-0400] {logging_mixin.py:154} INFO - [2025-06-15T00:17:44.238-0400] {dag.py:3722} INFO - Setting next_dagrun for example_dynamic_task_mapping_with_no_taskflow_operators to 2025-06-14T04:17:44.237962+00:00, run_after=2025-06-15T04:17:44.237962+00:00
[2025-06-15T00:17:44.245-0400] {processor.py:179} INFO - Processing /Users/rah/.pyenv/versions/3.10.11/lib/python3.10/site-packages/airflow/example_dags/example_dynamic_task_mapping_with_no_taskflow_operators.py took 0.150 seconds
