[2025-06-14T23:49:07.938-0400] {processor.py:157} INFO - Started process (PID=40153) to work on /Users/rah/.pyenv/versions/3.10.11/lib/python3.10/site-packages/airflow/example_dags/example_short_circuit_decorator.py
[2025-06-14T23:49:07.941-0400] {processor.py:829} INFO - Processing file /Users/rah/.pyenv/versions/3.10.11/lib/python3.10/site-packages/airflow/example_dags/example_short_circuit_decorator.py for tasks to queue
[2025-06-14T23:49:07.941-0400] {logging_mixin.py:154} INFO - [2025-06-14T23:49:07.941-0400] {dagbag.py:536} INFO - Filling up the DagBag from /Users/rah/.pyenv/versions/3.10.11/lib/python3.10/site-packages/airflow/example_dags/example_short_circuit_decorator.py
[2025-06-14T23:49:07.992-0400] {processor.py:839} INFO - DAG(s) dict_keys(['example_short_circuit_decorator']) retrieved from /Users/rah/.pyenv/versions/3.10.11/lib/python3.10/site-packages/airflow/example_dags/example_short_circuit_decorator.py
[2025-06-14T23:49:08.363-0400] {logging_mixin.py:154} INFO - [2025-06-14T23:49:08.363-0400] {manager.py:499} INFO - Created Permission View: %s
[2025-06-14T23:49:08.367-0400] {logging_mixin.py:154} INFO - [2025-06-14T23:49:08.367-0400] {manager.py:499} INFO - Created Permission View: %s
[2025-06-14T23:49:08.369-0400] {logging_mixin.py:154} INFO - [2025-06-14T23:49:08.369-0400] {manager.py:499} INFO - Created Permission View: %s
[2025-06-14T23:49:08.369-0400] {logging_mixin.py:154} INFO - [2025-06-14T23:49:08.369-0400] {dag.py:2941} INFO - Sync 1 DAGs
[2025-06-14T23:49:08.374-0400] {logging_mixin.py:154} INFO - [2025-06-14T23:49:08.374-0400] {dag.py:2963} INFO - Creating ORM DAG for example_short_circuit_decorator
[2025-06-14T23:49:08.378-0400] {logging_mixin.py:154} INFO - [2025-06-14T23:49:08.378-0400] {dag.py:3722} INFO - Setting next_dagrun for example_short_circuit_decorator to 2025-06-14T03:49:08.378285+00:00, run_after=2025-06-15T03:49:08.378285+00:00
[2025-06-14T23:49:08.385-0400] {processor.py:179} INFO - Processing /Users/rah/.pyenv/versions/3.10.11/lib/python3.10/site-packages/airflow/example_dags/example_short_circuit_decorator.py took 0.447 seconds
[2025-06-14T23:50:36.032-0400] {processor.py:157} INFO - Started process (PID=41149) to work on /Users/rah/.pyenv/versions/3.10.11/lib/python3.10/site-packages/airflow/example_dags/example_short_circuit_decorator.py
[2025-06-14T23:50:36.036-0400] {processor.py:829} INFO - Processing file /Users/rah/.pyenv/versions/3.10.11/lib/python3.10/site-packages/airflow/example_dags/example_short_circuit_decorator.py for tasks to queue
[2025-06-14T23:50:36.036-0400] {logging_mixin.py:154} INFO - [2025-06-14T23:50:36.036-0400] {dagbag.py:536} INFO - Filling up the DagBag from /Users/rah/.pyenv/versions/3.10.11/lib/python3.10/site-packages/airflow/example_dags/example_short_circuit_decorator.py
[2025-06-14T23:50:36.086-0400] {processor.py:839} INFO - DAG(s) dict_keys(['example_short_circuit_decorator']) retrieved from /Users/rah/.pyenv/versions/3.10.11/lib/python3.10/site-packages/airflow/example_dags/example_short_circuit_decorator.py
[2025-06-14T23:50:36.188-0400] {logging_mixin.py:154} INFO - [2025-06-14T23:50:36.187-0400] {dag.py:2941} INFO - Sync 1 DAGs
[2025-06-14T23:50:36.196-0400] {logging_mixin.py:154} INFO - [2025-06-14T23:50:36.195-0400] {dag.py:3722} INFO - Setting next_dagrun for example_short_circuit_decorator to 2025-06-14T03:50:36.195848+00:00, run_after=2025-06-15T03:50:36.195848+00:00
[2025-06-14T23:50:36.205-0400] {processor.py:179} INFO - Processing /Users/rah/.pyenv/versions/3.10.11/lib/python3.10/site-packages/airflow/example_dags/example_short_circuit_decorator.py took 0.174 seconds
[2025-06-14T23:55:23.573-0400] {processor.py:157} INFO - Started process (PID=45871) to work on /Users/rah/Desktop/creative_projects/rah_coding_repo/projects/fin_data_project_001/finance-data-project-1/.venv/lib/python3.10/site-packages/airflow/example_dags/example_short_circuit_decorator.py
[2025-06-14T23:55:23.576-0400] {processor.py:829} INFO - Processing file /Users/rah/Desktop/creative_projects/rah_coding_repo/projects/fin_data_project_001/finance-data-project-1/.venv/lib/python3.10/site-packages/airflow/example_dags/example_short_circuit_decorator.py for tasks to queue
[2025-06-14T23:55:23.577-0400] {logging_mixin.py:154} INFO - [2025-06-14T23:55:23.576-0400] {dagbag.py:536} INFO - Filling up the DagBag from /Users/rah/Desktop/creative_projects/rah_coding_repo/projects/fin_data_project_001/finance-data-project-1/.venv/lib/python3.10/site-packages/airflow/example_dags/example_short_circuit_decorator.py
[2025-06-14T23:55:23.599-0400] {processor.py:839} INFO - DAG(s) dict_keys(['example_short_circuit_decorator']) retrieved from /Users/rah/Desktop/creative_projects/rah_coding_repo/projects/fin_data_project_001/finance-data-project-1/.venv/lib/python3.10/site-packages/airflow/example_dags/example_short_circuit_decorator.py
[2025-06-14T23:55:23.698-0400] {logging_mixin.py:154} INFO - [2025-06-14T23:55:23.698-0400] {dag.py:2941} INFO - Sync 1 DAGs
[2025-06-14T23:55:23.705-0400] {logging_mixin.py:154} INFO - [2025-06-14T23:55:23.705-0400] {dag.py:3722} INFO - Setting next_dagrun for example_short_circuit_decorator to 2025-06-14T03:55:23.705815+00:00, run_after=2025-06-15T03:55:23.705815+00:00
[2025-06-14T23:55:23.714-0400] {processor.py:179} INFO - Processing /Users/rah/Desktop/creative_projects/rah_coding_repo/projects/fin_data_project_001/finance-data-project-1/.venv/lib/python3.10/site-packages/airflow/example_dags/example_short_circuit_decorator.py took 0.141 seconds
[2025-06-14T23:56:26.735-0400] {processor.py:157} INFO - Started process (PID=47346) to work on /Users/rah/Desktop/creative_projects/rah_coding_repo/projects/fin_data_project_001/finance-data-project-1/.venv/lib/python3.10/site-packages/airflow/example_dags/example_short_circuit_decorator.py
[2025-06-14T23:56:26.739-0400] {processor.py:829} INFO - Processing file /Users/rah/Desktop/creative_projects/rah_coding_repo/projects/fin_data_project_001/finance-data-project-1/.venv/lib/python3.10/site-packages/airflow/example_dags/example_short_circuit_decorator.py for tasks to queue
[2025-06-14T23:56:26.739-0400] {logging_mixin.py:154} INFO - [2025-06-14T23:56:26.739-0400] {dagbag.py:536} INFO - Filling up the DagBag from /Users/rah/Desktop/creative_projects/rah_coding_repo/projects/fin_data_project_001/finance-data-project-1/.venv/lib/python3.10/site-packages/airflow/example_dags/example_short_circuit_decorator.py
[2025-06-14T23:56:26.766-0400] {processor.py:839} INFO - DAG(s) dict_keys(['example_short_circuit_decorator']) retrieved from /Users/rah/Desktop/creative_projects/rah_coding_repo/projects/fin_data_project_001/finance-data-project-1/.venv/lib/python3.10/site-packages/airflow/example_dags/example_short_circuit_decorator.py
[2025-06-14T23:56:26.868-0400] {logging_mixin.py:154} INFO - [2025-06-14T23:56:26.868-0400] {dag.py:2941} INFO - Sync 1 DAGs
[2025-06-14T23:56:26.876-0400] {logging_mixin.py:154} INFO - [2025-06-14T23:56:26.876-0400] {dag.py:3722} INFO - Setting next_dagrun for example_short_circuit_decorator to 2025-06-14T03:56:26.876407+00:00, run_after=2025-06-15T03:56:26.876407+00:00
[2025-06-14T23:56:26.885-0400] {processor.py:179} INFO - Processing /Users/rah/Desktop/creative_projects/rah_coding_repo/projects/fin_data_project_001/finance-data-project-1/.venv/lib/python3.10/site-packages/airflow/example_dags/example_short_circuit_decorator.py took 0.150 seconds
[2025-06-14T23:56:45.715-0400] {processor.py:157} INFO - Started process (PID=47928) to work on /Users/rah/Desktop/creative_projects/rah_coding_repo/projects/fin_data_project_001/finance-data-project-1/.venv/lib/python3.10/site-packages/airflow/example_dags/example_short_circuit_decorator.py
[2025-06-14T23:56:45.718-0400] {processor.py:829} INFO - Processing file /Users/rah/Desktop/creative_projects/rah_coding_repo/projects/fin_data_project_001/finance-data-project-1/.venv/lib/python3.10/site-packages/airflow/example_dags/example_short_circuit_decorator.py for tasks to queue
[2025-06-14T23:56:45.718-0400] {logging_mixin.py:154} INFO - [2025-06-14T23:56:45.718-0400] {dagbag.py:536} INFO - Filling up the DagBag from /Users/rah/Desktop/creative_projects/rah_coding_repo/projects/fin_data_project_001/finance-data-project-1/.venv/lib/python3.10/site-packages/airflow/example_dags/example_short_circuit_decorator.py
[2025-06-14T23:56:45.743-0400] {processor.py:839} INFO - DAG(s) dict_keys(['example_short_circuit_decorator']) retrieved from /Users/rah/Desktop/creative_projects/rah_coding_repo/projects/fin_data_project_001/finance-data-project-1/.venv/lib/python3.10/site-packages/airflow/example_dags/example_short_circuit_decorator.py
[2025-06-14T23:56:45.838-0400] {logging_mixin.py:154} INFO - [2025-06-14T23:56:45.838-0400] {dag.py:2941} INFO - Sync 1 DAGs
[2025-06-14T23:56:45.845-0400] {logging_mixin.py:154} INFO - [2025-06-14T23:56:45.845-0400] {dag.py:3722} INFO - Setting next_dagrun for example_short_circuit_decorator to 2025-06-14T03:56:45.845730+00:00, run_after=2025-06-15T03:56:45.845730+00:00
[2025-06-14T23:56:45.853-0400] {processor.py:179} INFO - Processing /Users/rah/Desktop/creative_projects/rah_coding_repo/projects/fin_data_project_001/finance-data-project-1/.venv/lib/python3.10/site-packages/airflow/example_dags/example_short_circuit_decorator.py took 0.139 seconds
[2025-06-14T23:57:19.868-0400] {processor.py:157} INFO - Started process (PID=48490) to work on /Users/rah/Desktop/creative_projects/rah_coding_repo/projects/fin_data_project_001/finance-data-project-1/.venv/lib/python3.10/site-packages/airflow/example_dags/example_short_circuit_decorator.py
[2025-06-14T23:57:19.871-0400] {processor.py:829} INFO - Processing file /Users/rah/Desktop/creative_projects/rah_coding_repo/projects/fin_data_project_001/finance-data-project-1/.venv/lib/python3.10/site-packages/airflow/example_dags/example_short_circuit_decorator.py for tasks to queue
[2025-06-14T23:57:19.872-0400] {logging_mixin.py:154} INFO - [2025-06-14T23:57:19.872-0400] {dagbag.py:536} INFO - Filling up the DagBag from /Users/rah/Desktop/creative_projects/rah_coding_repo/projects/fin_data_project_001/finance-data-project-1/.venv/lib/python3.10/site-packages/airflow/example_dags/example_short_circuit_decorator.py
[2025-06-14T23:57:19.898-0400] {processor.py:839} INFO - DAG(s) dict_keys(['example_short_circuit_decorator']) retrieved from /Users/rah/Desktop/creative_projects/rah_coding_repo/projects/fin_data_project_001/finance-data-project-1/.venv/lib/python3.10/site-packages/airflow/example_dags/example_short_circuit_decorator.py
[2025-06-14T23:57:20.002-0400] {logging_mixin.py:154} INFO - [2025-06-14T23:57:20.002-0400] {dag.py:2941} INFO - Sync 1 DAGs
[2025-06-14T23:57:20.010-0400] {logging_mixin.py:154} INFO - [2025-06-14T23:57:20.010-0400] {dag.py:3722} INFO - Setting next_dagrun for example_short_circuit_decorator to 2025-06-14T03:57:20.009959+00:00, run_after=2025-06-15T03:57:20.009959+00:00
[2025-06-14T23:57:20.021-0400] {processor.py:179} INFO - Processing /Users/rah/Desktop/creative_projects/rah_coding_repo/projects/fin_data_project_001/finance-data-project-1/.venv/lib/python3.10/site-packages/airflow/example_dags/example_short_circuit_decorator.py took 0.153 seconds
[2025-06-14T23:57:47.672-0400] {processor.py:157} INFO - Started process (PID=48803) to work on /Users/rah/Desktop/creative_projects/rah_coding_repo/projects/fin_data_project_001/finance-data-project-1/.venv/lib/python3.10/site-packages/airflow/example_dags/example_short_circuit_decorator.py
[2025-06-14T23:57:47.675-0400] {processor.py:829} INFO - Processing file /Users/rah/Desktop/creative_projects/rah_coding_repo/projects/fin_data_project_001/finance-data-project-1/.venv/lib/python3.10/site-packages/airflow/example_dags/example_short_circuit_decorator.py for tasks to queue
[2025-06-14T23:57:47.675-0400] {logging_mixin.py:154} INFO - [2025-06-14T23:57:47.675-0400] {dagbag.py:536} INFO - Filling up the DagBag from /Users/rah/Desktop/creative_projects/rah_coding_repo/projects/fin_data_project_001/finance-data-project-1/.venv/lib/python3.10/site-packages/airflow/example_dags/example_short_circuit_decorator.py
[2025-06-14T23:57:47.700-0400] {processor.py:839} INFO - DAG(s) dict_keys(['example_short_circuit_decorator']) retrieved from /Users/rah/Desktop/creative_projects/rah_coding_repo/projects/fin_data_project_001/finance-data-project-1/.venv/lib/python3.10/site-packages/airflow/example_dags/example_short_circuit_decorator.py
[2025-06-14T23:57:47.791-0400] {logging_mixin.py:154} INFO - [2025-06-14T23:57:47.791-0400] {dag.py:2941} INFO - Sync 1 DAGs
[2025-06-14T23:57:47.798-0400] {logging_mixin.py:154} INFO - [2025-06-14T23:57:47.798-0400] {dag.py:3722} INFO - Setting next_dagrun for example_short_circuit_decorator to 2025-06-14T03:57:47.798351+00:00, run_after=2025-06-15T03:57:47.798351+00:00
[2025-06-14T23:57:47.807-0400] {processor.py:179} INFO - Processing /Users/rah/Desktop/creative_projects/rah_coding_repo/projects/fin_data_project_001/finance-data-project-1/.venv/lib/python3.10/site-packages/airflow/example_dags/example_short_circuit_decorator.py took 0.135 seconds
[2025-06-14T23:58:20.032-0400] {processor.py:157} INFO - Started process (PID=49237) to work on /Users/rah/Desktop/creative_projects/rah_coding_repo/projects/fin_data_project_001/finance-data-project-1/.venv/lib/python3.10/site-packages/airflow/example_dags/example_short_circuit_decorator.py
[2025-06-14T23:58:20.035-0400] {processor.py:829} INFO - Processing file /Users/rah/Desktop/creative_projects/rah_coding_repo/projects/fin_data_project_001/finance-data-project-1/.venv/lib/python3.10/site-packages/airflow/example_dags/example_short_circuit_decorator.py for tasks to queue
[2025-06-14T23:58:20.035-0400] {logging_mixin.py:154} INFO - [2025-06-14T23:58:20.035-0400] {dagbag.py:536} INFO - Filling up the DagBag from /Users/rah/Desktop/creative_projects/rah_coding_repo/projects/fin_data_project_001/finance-data-project-1/.venv/lib/python3.10/site-packages/airflow/example_dags/example_short_circuit_decorator.py
[2025-06-14T23:58:20.060-0400] {processor.py:839} INFO - DAG(s) dict_keys(['example_short_circuit_decorator']) retrieved from /Users/rah/Desktop/creative_projects/rah_coding_repo/projects/fin_data_project_001/finance-data-project-1/.venv/lib/python3.10/site-packages/airflow/example_dags/example_short_circuit_decorator.py
[2025-06-14T23:58:20.161-0400] {logging_mixin.py:154} INFO - [2025-06-14T23:58:20.161-0400] {dag.py:2941} INFO - Sync 1 DAGs
[2025-06-14T23:58:20.169-0400] {logging_mixin.py:154} INFO - [2025-06-14T23:58:20.169-0400] {dag.py:3722} INFO - Setting next_dagrun for example_short_circuit_decorator to 2025-06-14T03:58:20.169554+00:00, run_after=2025-06-15T03:58:20.169554+00:00
[2025-06-14T23:58:20.178-0400] {processor.py:179} INFO - Processing /Users/rah/Desktop/creative_projects/rah_coding_repo/projects/fin_data_project_001/finance-data-project-1/.venv/lib/python3.10/site-packages/airflow/example_dags/example_short_circuit_decorator.py took 0.147 seconds
[2025-06-14T23:58:37.520-0400] {processor.py:157} INFO - Started process (PID=49522) to work on /Users/rah/Desktop/creative_projects/rah_coding_repo/projects/fin_data_project_001/finance-data-project-1/.venv/lib/python3.10/site-packages/airflow/example_dags/example_short_circuit_decorator.py
[2025-06-14T23:58:37.522-0400] {processor.py:829} INFO - Processing file /Users/rah/Desktop/creative_projects/rah_coding_repo/projects/fin_data_project_001/finance-data-project-1/.venv/lib/python3.10/site-packages/airflow/example_dags/example_short_circuit_decorator.py for tasks to queue
[2025-06-14T23:58:37.522-0400] {logging_mixin.py:154} INFO - [2025-06-14T23:58:37.522-0400] {dagbag.py:536} INFO - Filling up the DagBag from /Users/rah/Desktop/creative_projects/rah_coding_repo/projects/fin_data_project_001/finance-data-project-1/.venv/lib/python3.10/site-packages/airflow/example_dags/example_short_circuit_decorator.py
[2025-06-14T23:58:37.546-0400] {processor.py:839} INFO - DAG(s) dict_keys(['example_short_circuit_decorator']) retrieved from /Users/rah/Desktop/creative_projects/rah_coding_repo/projects/fin_data_project_001/finance-data-project-1/.venv/lib/python3.10/site-packages/airflow/example_dags/example_short_circuit_decorator.py
[2025-06-14T23:58:37.640-0400] {logging_mixin.py:154} INFO - [2025-06-14T23:58:37.640-0400] {dag.py:2941} INFO - Sync 1 DAGs
[2025-06-14T23:58:37.647-0400] {logging_mixin.py:154} INFO - [2025-06-14T23:58:37.647-0400] {dag.py:3722} INFO - Setting next_dagrun for example_short_circuit_decorator to 2025-06-14T03:58:37.647603+00:00, run_after=2025-06-15T03:58:37.647603+00:00
[2025-06-14T23:58:37.655-0400] {processor.py:179} INFO - Processing /Users/rah/Desktop/creative_projects/rah_coding_repo/projects/fin_data_project_001/finance-data-project-1/.venv/lib/python3.10/site-packages/airflow/example_dags/example_short_circuit_decorator.py took 0.136 seconds
[2025-06-14T23:59:22.409-0400] {processor.py:157} INFO - Started process (PID=50567) to work on /Users/rah/Desktop/creative_projects/rah_coding_repo/projects/fin_data_project_001/finance-data-project-1/.venv/lib/python3.10/site-packages/airflow/example_dags/example_short_circuit_decorator.py
[2025-06-14T23:59:22.411-0400] {processor.py:829} INFO - Processing file /Users/rah/Desktop/creative_projects/rah_coding_repo/projects/fin_data_project_001/finance-data-project-1/.venv/lib/python3.10/site-packages/airflow/example_dags/example_short_circuit_decorator.py for tasks to queue
[2025-06-14T23:59:22.412-0400] {logging_mixin.py:154} INFO - [2025-06-14T23:59:22.412-0400] {dagbag.py:536} INFO - Filling up the DagBag from /Users/rah/Desktop/creative_projects/rah_coding_repo/projects/fin_data_project_001/finance-data-project-1/.venv/lib/python3.10/site-packages/airflow/example_dags/example_short_circuit_decorator.py
[2025-06-14T23:59:22.436-0400] {processor.py:839} INFO - DAG(s) dict_keys(['example_short_circuit_decorator']) retrieved from /Users/rah/Desktop/creative_projects/rah_coding_repo/projects/fin_data_project_001/finance-data-project-1/.venv/lib/python3.10/site-packages/airflow/example_dags/example_short_circuit_decorator.py
[2025-06-14T23:59:22.531-0400] {logging_mixin.py:154} INFO - [2025-06-14T23:59:22.531-0400] {dag.py:2941} INFO - Sync 1 DAGs
[2025-06-14T23:59:22.539-0400] {logging_mixin.py:154} INFO - [2025-06-14T23:59:22.539-0400] {dag.py:3722} INFO - Setting next_dagrun for example_short_circuit_decorator to 2025-06-14T03:59:22.539139+00:00, run_after=2025-06-15T03:59:22.539139+00:00
[2025-06-14T23:59:22.548-0400] {processor.py:179} INFO - Processing /Users/rah/Desktop/creative_projects/rah_coding_repo/projects/fin_data_project_001/finance-data-project-1/.venv/lib/python3.10/site-packages/airflow/example_dags/example_short_circuit_decorator.py took 0.140 seconds
[2025-06-14T23:59:25.277-0400] {processor.py:157} INFO - Started process (PID=50685) to work on /Users/rah/Desktop/creative_projects/rah_coding_repo/projects/fin_data_project_001/finance-data-project-1/.venv/lib/python3.10/site-packages/airflow/example_dags/example_short_circuit_decorator.py
[2025-06-14T23:59:25.279-0400] {processor.py:829} INFO - Processing file /Users/rah/Desktop/creative_projects/rah_coding_repo/projects/fin_data_project_001/finance-data-project-1/.venv/lib/python3.10/site-packages/airflow/example_dags/example_short_circuit_decorator.py for tasks to queue
[2025-06-14T23:59:25.279-0400] {logging_mixin.py:154} INFO - [2025-06-14T23:59:25.279-0400] {dagbag.py:536} INFO - Filling up the DagBag from /Users/rah/Desktop/creative_projects/rah_coding_repo/projects/fin_data_project_001/finance-data-project-1/.venv/lib/python3.10/site-packages/airflow/example_dags/example_short_circuit_decorator.py
[2025-06-14T23:59:25.302-0400] {processor.py:839} INFO - DAG(s) dict_keys(['example_short_circuit_decorator']) retrieved from /Users/rah/Desktop/creative_projects/rah_coding_repo/projects/fin_data_project_001/finance-data-project-1/.venv/lib/python3.10/site-packages/airflow/example_dags/example_short_circuit_decorator.py
[2025-06-14T23:59:25.394-0400] {logging_mixin.py:154} INFO - [2025-06-14T23:59:25.394-0400] {dag.py:2941} INFO - Sync 1 DAGs
[2025-06-14T23:59:25.402-0400] {logging_mixin.py:154} INFO - [2025-06-14T23:59:25.402-0400] {dag.py:3722} INFO - Setting next_dagrun for example_short_circuit_decorator to 2025-06-14T03:59:25.401970+00:00, run_after=2025-06-15T03:59:25.401970+00:00
[2025-06-14T23:59:25.410-0400] {processor.py:179} INFO - Processing /Users/rah/Desktop/creative_projects/rah_coding_repo/projects/fin_data_project_001/finance-data-project-1/.venv/lib/python3.10/site-packages/airflow/example_dags/example_short_circuit_decorator.py took 0.134 seconds
[2025-06-15T00:00:03.189-0400] {processor.py:157} INFO - Started process (PID=51223) to work on /Users/rah/Desktop/creative_projects/rah_coding_repo/projects/fin_data_project_001/finance-data-project-1/.venv/lib/python3.10/site-packages/airflow/example_dags/example_short_circuit_decorator.py
[2025-06-15T00:00:03.192-0400] {processor.py:829} INFO - Processing file /Users/rah/Desktop/creative_projects/rah_coding_repo/projects/fin_data_project_001/finance-data-project-1/.venv/lib/python3.10/site-packages/airflow/example_dags/example_short_circuit_decorator.py for tasks to queue
[2025-06-15T00:00:03.192-0400] {logging_mixin.py:154} INFO - [2025-06-15T00:00:03.192-0400] {dagbag.py:536} INFO - Filling up the DagBag from /Users/rah/Desktop/creative_projects/rah_coding_repo/projects/fin_data_project_001/finance-data-project-1/.venv/lib/python3.10/site-packages/airflow/example_dags/example_short_circuit_decorator.py
[2025-06-15T00:00:03.216-0400] {processor.py:839} INFO - DAG(s) dict_keys(['example_short_circuit_decorator']) retrieved from /Users/rah/Desktop/creative_projects/rah_coding_repo/projects/fin_data_project_001/finance-data-project-1/.venv/lib/python3.10/site-packages/airflow/example_dags/example_short_circuit_decorator.py
[2025-06-15T00:00:03.323-0400] {logging_mixin.py:154} INFO - [2025-06-15T00:00:03.323-0400] {dag.py:2941} INFO - Sync 1 DAGs
[2025-06-15T00:00:03.331-0400] {logging_mixin.py:154} INFO - [2025-06-15T00:00:03.331-0400] {dag.py:3722} INFO - Setting next_dagrun for example_short_circuit_decorator to 2025-06-14T04:00:03.331379+00:00, run_after=2025-06-15T04:00:03.331379+00:00
[2025-06-15T00:00:03.340-0400] {processor.py:179} INFO - Processing /Users/rah/Desktop/creative_projects/rah_coding_repo/projects/fin_data_project_001/finance-data-project-1/.venv/lib/python3.10/site-packages/airflow/example_dags/example_short_circuit_decorator.py took 0.152 seconds
[2025-06-15T00:00:18.216-0400] {processor.py:157} INFO - Started process (PID=51509) to work on /Users/rah/Desktop/creative_projects/rah_coding_repo/projects/fin_data_project_001/finance-data-project-1/.venv/lib/python3.10/site-packages/airflow/example_dags/example_short_circuit_decorator.py
[2025-06-15T00:00:18.218-0400] {processor.py:829} INFO - Processing file /Users/rah/Desktop/creative_projects/rah_coding_repo/projects/fin_data_project_001/finance-data-project-1/.venv/lib/python3.10/site-packages/airflow/example_dags/example_short_circuit_decorator.py for tasks to queue
[2025-06-15T00:00:18.218-0400] {logging_mixin.py:154} INFO - [2025-06-15T00:00:18.218-0400] {dagbag.py:536} INFO - Filling up the DagBag from /Users/rah/Desktop/creative_projects/rah_coding_repo/projects/fin_data_project_001/finance-data-project-1/.venv/lib/python3.10/site-packages/airflow/example_dags/example_short_circuit_decorator.py
[2025-06-15T00:00:18.242-0400] {processor.py:839} INFO - DAG(s) dict_keys(['example_short_circuit_decorator']) retrieved from /Users/rah/Desktop/creative_projects/rah_coding_repo/projects/fin_data_project_001/finance-data-project-1/.venv/lib/python3.10/site-packages/airflow/example_dags/example_short_circuit_decorator.py
[2025-06-15T00:00:18.336-0400] {logging_mixin.py:154} INFO - [2025-06-15T00:00:18.336-0400] {dag.py:2941} INFO - Sync 1 DAGs
[2025-06-15T00:00:18.344-0400] {logging_mixin.py:154} INFO - [2025-06-15T00:00:18.344-0400] {dag.py:3722} INFO - Setting next_dagrun for example_short_circuit_decorator to 2025-06-14T04:00:18.344136+00:00, run_after=2025-06-15T04:00:18.344136+00:00
[2025-06-15T00:00:18.353-0400] {processor.py:179} INFO - Processing /Users/rah/Desktop/creative_projects/rah_coding_repo/projects/fin_data_project_001/finance-data-project-1/.venv/lib/python3.10/site-packages/airflow/example_dags/example_short_circuit_decorator.py took 0.138 seconds
[2025-06-15T00:00:47.778-0400] {processor.py:157} INFO - Started process (PID=51866) to work on /Users/rah/Desktop/creative_projects/rah_coding_repo/projects/fin_data_project_001/finance-data-project-1/.venv/lib/python3.10/site-packages/airflow/example_dags/example_short_circuit_decorator.py
[2025-06-15T00:00:47.781-0400] {processor.py:829} INFO - Processing file /Users/rah/Desktop/creative_projects/rah_coding_repo/projects/fin_data_project_001/finance-data-project-1/.venv/lib/python3.10/site-packages/airflow/example_dags/example_short_circuit_decorator.py for tasks to queue
[2025-06-15T00:00:47.781-0400] {logging_mixin.py:154} INFO - [2025-06-15T00:00:47.781-0400] {dagbag.py:536} INFO - Filling up the DagBag from /Users/rah/Desktop/creative_projects/rah_coding_repo/projects/fin_data_project_001/finance-data-project-1/.venv/lib/python3.10/site-packages/airflow/example_dags/example_short_circuit_decorator.py
[2025-06-15T00:00:47.806-0400] {processor.py:839} INFO - DAG(s) dict_keys(['example_short_circuit_decorator']) retrieved from /Users/rah/Desktop/creative_projects/rah_coding_repo/projects/fin_data_project_001/finance-data-project-1/.venv/lib/python3.10/site-packages/airflow/example_dags/example_short_circuit_decorator.py
[2025-06-15T00:00:47.905-0400] {logging_mixin.py:154} INFO - [2025-06-15T00:00:47.905-0400] {dag.py:2941} INFO - Sync 1 DAGs
[2025-06-15T00:00:47.913-0400] {logging_mixin.py:154} INFO - [2025-06-15T00:00:47.913-0400] {dag.py:3722} INFO - Setting next_dagrun for example_short_circuit_decorator to 2025-06-14T04:00:47.913447+00:00, run_after=2025-06-15T04:00:47.913447+00:00
[2025-06-15T00:00:47.922-0400] {processor.py:179} INFO - Processing /Users/rah/Desktop/creative_projects/rah_coding_repo/projects/fin_data_project_001/finance-data-project-1/.venv/lib/python3.10/site-packages/airflow/example_dags/example_short_circuit_decorator.py took 0.144 seconds
[2025-06-15T00:00:51.436-0400] {processor.py:157} INFO - Started process (PID=51989) to work on /Users/rah/Desktop/creative_projects/rah_coding_repo/projects/fin_data_project_001/finance-data-project-1/.venv/lib/python3.10/site-packages/airflow/example_dags/example_short_circuit_decorator.py
[2025-06-15T00:00:51.438-0400] {processor.py:829} INFO - Processing file /Users/rah/Desktop/creative_projects/rah_coding_repo/projects/fin_data_project_001/finance-data-project-1/.venv/lib/python3.10/site-packages/airflow/example_dags/example_short_circuit_decorator.py for tasks to queue
[2025-06-15T00:00:51.438-0400] {logging_mixin.py:154} INFO - [2025-06-15T00:00:51.438-0400] {dagbag.py:536} INFO - Filling up the DagBag from /Users/rah/Desktop/creative_projects/rah_coding_repo/projects/fin_data_project_001/finance-data-project-1/.venv/lib/python3.10/site-packages/airflow/example_dags/example_short_circuit_decorator.py
[2025-06-15T00:00:51.463-0400] {processor.py:839} INFO - DAG(s) dict_keys(['example_short_circuit_decorator']) retrieved from /Users/rah/Desktop/creative_projects/rah_coding_repo/projects/fin_data_project_001/finance-data-project-1/.venv/lib/python3.10/site-packages/airflow/example_dags/example_short_circuit_decorator.py
[2025-06-15T00:00:51.560-0400] {logging_mixin.py:154} INFO - [2025-06-15T00:00:51.560-0400] {dag.py:2941} INFO - Sync 1 DAGs
[2025-06-15T00:00:51.567-0400] {logging_mixin.py:154} INFO - [2025-06-15T00:00:51.567-0400] {dag.py:3722} INFO - Setting next_dagrun for example_short_circuit_decorator to 2025-06-14T04:00:51.567415+00:00, run_after=2025-06-15T04:00:51.567415+00:00
[2025-06-15T00:00:51.575-0400] {processor.py:179} INFO - Processing /Users/rah/Desktop/creative_projects/rah_coding_repo/projects/fin_data_project_001/finance-data-project-1/.venv/lib/python3.10/site-packages/airflow/example_dags/example_short_circuit_decorator.py took 0.140 seconds
[2025-06-15T00:01:39.770-0400] {processor.py:157} INFO - Started process (PID=52682) to work on /Users/rah/Desktop/creative_projects/rah_coding_repo/projects/fin_data_project_001/finance-data-project-1/.venv/lib/python3.10/site-packages/airflow/example_dags/example_short_circuit_decorator.py
[2025-06-15T00:01:39.773-0400] {processor.py:829} INFO - Processing file /Users/rah/Desktop/creative_projects/rah_coding_repo/projects/fin_data_project_001/finance-data-project-1/.venv/lib/python3.10/site-packages/airflow/example_dags/example_short_circuit_decorator.py for tasks to queue
[2025-06-15T00:01:39.773-0400] {logging_mixin.py:154} INFO - [2025-06-15T00:01:39.773-0400] {dagbag.py:536} INFO - Filling up the DagBag from /Users/rah/Desktop/creative_projects/rah_coding_repo/projects/fin_data_project_001/finance-data-project-1/.venv/lib/python3.10/site-packages/airflow/example_dags/example_short_circuit_decorator.py
[2025-06-15T00:01:39.797-0400] {processor.py:839} INFO - DAG(s) dict_keys(['example_short_circuit_decorator']) retrieved from /Users/rah/Desktop/creative_projects/rah_coding_repo/projects/fin_data_project_001/finance-data-project-1/.venv/lib/python3.10/site-packages/airflow/example_dags/example_short_circuit_decorator.py
[2025-06-15T00:01:39.892-0400] {logging_mixin.py:154} INFO - [2025-06-15T00:01:39.892-0400] {dag.py:2941} INFO - Sync 1 DAGs
[2025-06-15T00:01:39.899-0400] {logging_mixin.py:154} INFO - [2025-06-15T00:01:39.899-0400] {dag.py:3722} INFO - Setting next_dagrun for example_short_circuit_decorator to 2025-06-14T04:01:39.899460+00:00, run_after=2025-06-15T04:01:39.899460+00:00
[2025-06-15T00:01:39.907-0400] {processor.py:179} INFO - Processing /Users/rah/Desktop/creative_projects/rah_coding_repo/projects/fin_data_project_001/finance-data-project-1/.venv/lib/python3.10/site-packages/airflow/example_dags/example_short_circuit_decorator.py took 0.138 seconds
[2025-06-15T00:01:51.637-0400] {processor.py:157} INFO - Started process (PID=52952) to work on /Users/rah/Desktop/creative_projects/rah_coding_repo/projects/fin_data_project_001/finance-data-project-1/.venv/lib/python3.10/site-packages/airflow/example_dags/example_short_circuit_decorator.py
[2025-06-15T00:01:51.639-0400] {processor.py:829} INFO - Processing file /Users/rah/Desktop/creative_projects/rah_coding_repo/projects/fin_data_project_001/finance-data-project-1/.venv/lib/python3.10/site-packages/airflow/example_dags/example_short_circuit_decorator.py for tasks to queue
[2025-06-15T00:01:51.639-0400] {logging_mixin.py:154} INFO - [2025-06-15T00:01:51.639-0400] {dagbag.py:536} INFO - Filling up the DagBag from /Users/rah/Desktop/creative_projects/rah_coding_repo/projects/fin_data_project_001/finance-data-project-1/.venv/lib/python3.10/site-packages/airflow/example_dags/example_short_circuit_decorator.py
[2025-06-15T00:01:51.664-0400] {processor.py:839} INFO - DAG(s) dict_keys(['example_short_circuit_decorator']) retrieved from /Users/rah/Desktop/creative_projects/rah_coding_repo/projects/fin_data_project_001/finance-data-project-1/.venv/lib/python3.10/site-packages/airflow/example_dags/example_short_circuit_decorator.py
[2025-06-15T00:01:51.764-0400] {logging_mixin.py:154} INFO - [2025-06-15T00:01:51.763-0400] {dag.py:2941} INFO - Sync 1 DAGs
[2025-06-15T00:01:51.772-0400] {logging_mixin.py:154} INFO - [2025-06-15T00:01:51.772-0400] {dag.py:3722} INFO - Setting next_dagrun for example_short_circuit_decorator to 2025-06-14T04:01:51.772239+00:00, run_after=2025-06-15T04:01:51.772239+00:00
[2025-06-15T00:01:51.781-0400] {processor.py:179} INFO - Processing /Users/rah/Desktop/creative_projects/rah_coding_repo/projects/fin_data_project_001/finance-data-project-1/.venv/lib/python3.10/site-packages/airflow/example_dags/example_short_circuit_decorator.py took 0.145 seconds
[2025-06-15T00:02:21.391-0400] {processor.py:157} INFO - Started process (PID=53337) to work on /Users/rah/Desktop/creative_projects/rah_coding_repo/projects/fin_data_project_001/finance-data-project-1/.venv/lib/python3.10/site-packages/airflow/example_dags/example_short_circuit_decorator.py
[2025-06-15T00:02:21.394-0400] {processor.py:829} INFO - Processing file /Users/rah/Desktop/creative_projects/rah_coding_repo/projects/fin_data_project_001/finance-data-project-1/.venv/lib/python3.10/site-packages/airflow/example_dags/example_short_circuit_decorator.py for tasks to queue
[2025-06-15T00:02:21.394-0400] {logging_mixin.py:154} INFO - [2025-06-15T00:02:21.394-0400] {dagbag.py:536} INFO - Filling up the DagBag from /Users/rah/Desktop/creative_projects/rah_coding_repo/projects/fin_data_project_001/finance-data-project-1/.venv/lib/python3.10/site-packages/airflow/example_dags/example_short_circuit_decorator.py
[2025-06-15T00:02:21.418-0400] {processor.py:839} INFO - DAG(s) dict_keys(['example_short_circuit_decorator']) retrieved from /Users/rah/Desktop/creative_projects/rah_coding_repo/projects/fin_data_project_001/finance-data-project-1/.venv/lib/python3.10/site-packages/airflow/example_dags/example_short_circuit_decorator.py
[2025-06-15T00:02:21.519-0400] {logging_mixin.py:154} INFO - [2025-06-15T00:02:21.519-0400] {dag.py:2941} INFO - Sync 1 DAGs
[2025-06-15T00:02:21.527-0400] {logging_mixin.py:154} INFO - [2025-06-15T00:02:21.527-0400] {dag.py:3722} INFO - Setting next_dagrun for example_short_circuit_decorator to 2025-06-14T04:02:21.527366+00:00, run_after=2025-06-15T04:02:21.527366+00:00
[2025-06-15T00:02:21.536-0400] {processor.py:179} INFO - Processing /Users/rah/Desktop/creative_projects/rah_coding_repo/projects/fin_data_project_001/finance-data-project-1/.venv/lib/python3.10/site-packages/airflow/example_dags/example_short_circuit_decorator.py took 0.145 seconds
[2025-06-15T00:02:27.401-0400] {processor.py:157} INFO - Started process (PID=53478) to work on /Users/rah/Desktop/creative_projects/rah_coding_repo/projects/fin_data_project_001/finance-data-project-1/.venv/lib/python3.10/site-packages/airflow/example_dags/example_short_circuit_decorator.py
[2025-06-15T00:02:27.403-0400] {processor.py:829} INFO - Processing file /Users/rah/Desktop/creative_projects/rah_coding_repo/projects/fin_data_project_001/finance-data-project-1/.venv/lib/python3.10/site-packages/airflow/example_dags/example_short_circuit_decorator.py for tasks to queue
[2025-06-15T00:02:27.403-0400] {logging_mixin.py:154} INFO - [2025-06-15T00:02:27.403-0400] {dagbag.py:536} INFO - Filling up the DagBag from /Users/rah/Desktop/creative_projects/rah_coding_repo/projects/fin_data_project_001/finance-data-project-1/.venv/lib/python3.10/site-packages/airflow/example_dags/example_short_circuit_decorator.py
[2025-06-15T00:02:27.428-0400] {processor.py:839} INFO - DAG(s) dict_keys(['example_short_circuit_decorator']) retrieved from /Users/rah/Desktop/creative_projects/rah_coding_repo/projects/fin_data_project_001/finance-data-project-1/.venv/lib/python3.10/site-packages/airflow/example_dags/example_short_circuit_decorator.py
[2025-06-15T00:02:27.525-0400] {logging_mixin.py:154} INFO - [2025-06-15T00:02:27.524-0400] {dag.py:2941} INFO - Sync 1 DAGs
[2025-06-15T00:02:27.532-0400] {logging_mixin.py:154} INFO - [2025-06-15T00:02:27.532-0400] {dag.py:3722} INFO - Setting next_dagrun for example_short_circuit_decorator to 2025-06-14T04:02:27.532067+00:00, run_after=2025-06-15T04:02:27.532067+00:00
[2025-06-15T00:02:27.540-0400] {processor.py:179} INFO - Processing /Users/rah/Desktop/creative_projects/rah_coding_repo/projects/fin_data_project_001/finance-data-project-1/.venv/lib/python3.10/site-packages/airflow/example_dags/example_short_circuit_decorator.py took 0.140 seconds
[2025-06-15T00:03:27.421-0400] {processor.py:157} INFO - Started process (PID=54429) to work on /Users/rah/.pyenv/versions/3.10.11/lib/python3.10/site-packages/airflow/example_dags/example_short_circuit_decorator.py
[2025-06-15T00:03:27.424-0400] {processor.py:829} INFO - Processing file /Users/rah/.pyenv/versions/3.10.11/lib/python3.10/site-packages/airflow/example_dags/example_short_circuit_decorator.py for tasks to queue
[2025-06-15T00:03:27.424-0400] {logging_mixin.py:154} INFO - [2025-06-15T00:03:27.424-0400] {dagbag.py:536} INFO - Filling up the DagBag from /Users/rah/.pyenv/versions/3.10.11/lib/python3.10/site-packages/airflow/example_dags/example_short_circuit_decorator.py
[2025-06-15T00:03:27.467-0400] {processor.py:839} INFO - DAG(s) dict_keys(['example_short_circuit_decorator']) retrieved from /Users/rah/.pyenv/versions/3.10.11/lib/python3.10/site-packages/airflow/example_dags/example_short_circuit_decorator.py
[2025-06-15T00:03:27.794-0400] {logging_mixin.py:154} INFO - [2025-06-15T00:03:27.794-0400] {dag.py:2941} INFO - Sync 1 DAGs
[2025-06-15T00:03:27.801-0400] {logging_mixin.py:154} INFO - [2025-06-15T00:03:27.801-0400] {dag.py:3722} INFO - Setting next_dagrun for example_short_circuit_decorator to 2025-06-14T04:03:27.801161+00:00, run_after=2025-06-15T04:03:27.801161+00:00
[2025-06-15T00:03:27.809-0400] {processor.py:179} INFO - Processing /Users/rah/.pyenv/versions/3.10.11/lib/python3.10/site-packages/airflow/example_dags/example_short_circuit_decorator.py took 0.388 seconds
[2025-06-15T00:06:48.576-0400] {processor.py:157} INFO - Started process (PID=57127) to work on /Users/rah/.pyenv/versions/3.10.11/lib/python3.10/site-packages/airflow/example_dags/example_short_circuit_decorator.py
[2025-06-15T00:06:48.579-0400] {processor.py:829} INFO - Processing file /Users/rah/.pyenv/versions/3.10.11/lib/python3.10/site-packages/airflow/example_dags/example_short_circuit_decorator.py for tasks to queue
[2025-06-15T00:06:48.579-0400] {logging_mixin.py:154} INFO - [2025-06-15T00:06:48.579-0400] {dagbag.py:536} INFO - Filling up the DagBag from /Users/rah/.pyenv/versions/3.10.11/lib/python3.10/site-packages/airflow/example_dags/example_short_circuit_decorator.py
[2025-06-15T00:06:48.621-0400] {processor.py:839} INFO - DAG(s) dict_keys(['example_short_circuit_decorator']) retrieved from /Users/rah/.pyenv/versions/3.10.11/lib/python3.10/site-packages/airflow/example_dags/example_short_circuit_decorator.py
[2025-06-15T00:06:48.710-0400] {logging_mixin.py:154} INFO - [2025-06-15T00:06:48.710-0400] {dag.py:2941} INFO - Sync 1 DAGs
[2025-06-15T00:06:48.717-0400] {logging_mixin.py:154} INFO - [2025-06-15T00:06:48.716-0400] {dag.py:3722} INFO - Setting next_dagrun for example_short_circuit_decorator to 2025-06-14T04:06:48.716941+00:00, run_after=2025-06-15T04:06:48.716941+00:00
[2025-06-15T00:06:48.725-0400] {processor.py:179} INFO - Processing /Users/rah/.pyenv/versions/3.10.11/lib/python3.10/site-packages/airflow/example_dags/example_short_circuit_decorator.py took 0.150 seconds
[2025-06-15T00:08:17.915-0400] {processor.py:157} INFO - Started process (PID=58084) to work on /Users/rah/.pyenv/versions/3.10.11/lib/python3.10/site-packages/airflow/example_dags/example_short_circuit_decorator.py
[2025-06-15T00:08:17.918-0400] {processor.py:829} INFO - Processing file /Users/rah/.pyenv/versions/3.10.11/lib/python3.10/site-packages/airflow/example_dags/example_short_circuit_decorator.py for tasks to queue
[2025-06-15T00:08:17.919-0400] {logging_mixin.py:154} INFO - [2025-06-15T00:08:17.918-0400] {dagbag.py:536} INFO - Filling up the DagBag from /Users/rah/.pyenv/versions/3.10.11/lib/python3.10/site-packages/airflow/example_dags/example_short_circuit_decorator.py
[2025-06-15T00:08:17.974-0400] {processor.py:839} INFO - DAG(s) dict_keys(['example_short_circuit_decorator']) retrieved from /Users/rah/.pyenv/versions/3.10.11/lib/python3.10/site-packages/airflow/example_dags/example_short_circuit_decorator.py
[2025-06-15T00:08:18.067-0400] {logging_mixin.py:154} INFO - [2025-06-15T00:08:18.067-0400] {dag.py:2941} INFO - Sync 1 DAGs
[2025-06-15T00:08:18.074-0400] {logging_mixin.py:154} INFO - [2025-06-15T00:08:18.074-0400] {dag.py:3722} INFO - Setting next_dagrun for example_short_circuit_decorator to 2025-06-14T04:08:18.074421+00:00, run_after=2025-06-15T04:08:18.074421+00:00
[2025-06-15T00:08:18.083-0400] {processor.py:179} INFO - Processing /Users/rah/.pyenv/versions/3.10.11/lib/python3.10/site-packages/airflow/example_dags/example_short_circuit_decorator.py took 0.168 seconds
[2025-06-15T00:10:00.322-0400] {processor.py:157} INFO - Started process (PID=60288) to work on /Users/rah/.pyenv/versions/3.10.11/lib/python3.10/site-packages/airflow/example_dags/example_short_circuit_decorator.py
[2025-06-15T00:10:00.325-0400] {processor.py:829} INFO - Processing file /Users/rah/.pyenv/versions/3.10.11/lib/python3.10/site-packages/airflow/example_dags/example_short_circuit_decorator.py for tasks to queue
[2025-06-15T00:10:00.325-0400] {logging_mixin.py:154} INFO - [2025-06-15T00:10:00.325-0400] {dagbag.py:536} INFO - Filling up the DagBag from /Users/rah/.pyenv/versions/3.10.11/lib/python3.10/site-packages/airflow/example_dags/example_short_circuit_decorator.py
[2025-06-15T00:10:00.368-0400] {processor.py:839} INFO - DAG(s) dict_keys(['example_short_circuit_decorator']) retrieved from /Users/rah/.pyenv/versions/3.10.11/lib/python3.10/site-packages/airflow/example_dags/example_short_circuit_decorator.py
[2025-06-15T00:10:00.456-0400] {logging_mixin.py:154} INFO - [2025-06-15T00:10:00.455-0400] {dag.py:2941} INFO - Sync 1 DAGs
[2025-06-15T00:10:00.462-0400] {logging_mixin.py:154} INFO - [2025-06-15T00:10:00.462-0400] {dag.py:3722} INFO - Setting next_dagrun for example_short_circuit_decorator to 2025-06-14T04:10:00.462153+00:00, run_after=2025-06-15T04:10:00.462153+00:00
[2025-06-15T00:10:00.470-0400] {processor.py:179} INFO - Processing /Users/rah/.pyenv/versions/3.10.11/lib/python3.10/site-packages/airflow/example_dags/example_short_circuit_decorator.py took 0.148 seconds
[2025-06-15T00:11:40.501-0400] {processor.py:157} INFO - Started process (PID=61578) to work on /Users/rah/.pyenv/versions/3.10.11/lib/python3.10/site-packages/airflow/example_dags/example_short_circuit_decorator.py
[2025-06-15T00:11:40.504-0400] {processor.py:829} INFO - Processing file /Users/rah/.pyenv/versions/3.10.11/lib/python3.10/site-packages/airflow/example_dags/example_short_circuit_decorator.py for tasks to queue
[2025-06-15T00:11:40.504-0400] {logging_mixin.py:154} INFO - [2025-06-15T00:11:40.504-0400] {dagbag.py:536} INFO - Filling up the DagBag from /Users/rah/.pyenv/versions/3.10.11/lib/python3.10/site-packages/airflow/example_dags/example_short_circuit_decorator.py
[2025-06-15T00:11:40.548-0400] {processor.py:839} INFO - DAG(s) dict_keys(['example_short_circuit_decorator']) retrieved from /Users/rah/.pyenv/versions/3.10.11/lib/python3.10/site-packages/airflow/example_dags/example_short_circuit_decorator.py
[2025-06-15T00:11:40.642-0400] {logging_mixin.py:154} INFO - [2025-06-15T00:11:40.642-0400] {dag.py:2941} INFO - Sync 1 DAGs
[2025-06-15T00:11:40.649-0400] {logging_mixin.py:154} INFO - [2025-06-15T00:11:40.649-0400] {dag.py:3722} INFO - Setting next_dagrun for example_short_circuit_decorator to 2025-06-14T04:11:40.649395+00:00, run_after=2025-06-15T04:11:40.649395+00:00
[2025-06-15T00:11:40.658-0400] {processor.py:179} INFO - Processing /Users/rah/.pyenv/versions/3.10.11/lib/python3.10/site-packages/airflow/example_dags/example_short_circuit_decorator.py took 0.157 seconds
[2025-06-15T00:13:23.693-0400] {processor.py:157} INFO - Started process (PID=63421) to work on /Users/rah/.pyenv/versions/3.10.11/lib/python3.10/site-packages/airflow/example_dags/example_short_circuit_decorator.py
[2025-06-15T00:13:23.696-0400] {processor.py:829} INFO - Processing file /Users/rah/.pyenv/versions/3.10.11/lib/python3.10/site-packages/airflow/example_dags/example_short_circuit_decorator.py for tasks to queue
[2025-06-15T00:13:23.696-0400] {logging_mixin.py:154} INFO - [2025-06-15T00:13:23.696-0400] {dagbag.py:536} INFO - Filling up the DagBag from /Users/rah/.pyenv/versions/3.10.11/lib/python3.10/site-packages/airflow/example_dags/example_short_circuit_decorator.py
[2025-06-15T00:13:23.741-0400] {processor.py:839} INFO - DAG(s) dict_keys(['example_short_circuit_decorator']) retrieved from /Users/rah/.pyenv/versions/3.10.11/lib/python3.10/site-packages/airflow/example_dags/example_short_circuit_decorator.py
[2025-06-15T00:13:23.837-0400] {logging_mixin.py:154} INFO - [2025-06-15T00:13:23.837-0400] {dag.py:2941} INFO - Sync 1 DAGs
[2025-06-15T00:13:23.844-0400] {logging_mixin.py:154} INFO - [2025-06-15T00:13:23.844-0400] {dag.py:3722} INFO - Setting next_dagrun for example_short_circuit_decorator to 2025-06-14T04:13:23.844701+00:00, run_after=2025-06-15T04:13:23.844701+00:00
[2025-06-15T00:13:23.854-0400] {processor.py:179} INFO - Processing /Users/rah/.pyenv/versions/3.10.11/lib/python3.10/site-packages/airflow/example_dags/example_short_circuit_decorator.py took 0.161 seconds
[2025-06-15T00:15:05.096-0400] {processor.py:157} INFO - Started process (PID=64885) to work on /Users/rah/.pyenv/versions/3.10.11/lib/python3.10/site-packages/airflow/example_dags/example_short_circuit_decorator.py
[2025-06-15T00:15:05.099-0400] {processor.py:829} INFO - Processing file /Users/rah/.pyenv/versions/3.10.11/lib/python3.10/site-packages/airflow/example_dags/example_short_circuit_decorator.py for tasks to queue
[2025-06-15T00:15:05.099-0400] {logging_mixin.py:154} INFO - [2025-06-15T00:15:05.099-0400] {dagbag.py:536} INFO - Filling up the DagBag from /Users/rah/.pyenv/versions/3.10.11/lib/python3.10/site-packages/airflow/example_dags/example_short_circuit_decorator.py
[2025-06-15T00:15:05.141-0400] {processor.py:839} INFO - DAG(s) dict_keys(['example_short_circuit_decorator']) retrieved from /Users/rah/.pyenv/versions/3.10.11/lib/python3.10/site-packages/airflow/example_dags/example_short_circuit_decorator.py
[2025-06-15T00:15:05.234-0400] {logging_mixin.py:154} INFO - [2025-06-15T00:15:05.233-0400] {dag.py:2941} INFO - Sync 1 DAGs
[2025-06-15T00:15:05.240-0400] {logging_mixin.py:154} INFO - [2025-06-15T00:15:05.240-0400] {dag.py:3722} INFO - Setting next_dagrun for example_short_circuit_decorator to 2025-06-14T04:15:05.240749+00:00, run_after=2025-06-15T04:15:05.240749+00:00
[2025-06-15T00:15:05.249-0400] {processor.py:179} INFO - Processing /Users/rah/.pyenv/versions/3.10.11/lib/python3.10/site-packages/airflow/example_dags/example_short_circuit_decorator.py took 0.153 seconds
[2025-06-15T00:16:51.831-0400] {processor.py:157} INFO - Started process (PID=67926) to work on /Users/rah/.pyenv/versions/3.10.11/lib/python3.10/site-packages/airflow/example_dags/example_short_circuit_decorator.py
[2025-06-15T00:16:51.834-0400] {processor.py:829} INFO - Processing file /Users/rah/.pyenv/versions/3.10.11/lib/python3.10/site-packages/airflow/example_dags/example_short_circuit_decorator.py for tasks to queue
[2025-06-15T00:16:51.835-0400] {logging_mixin.py:154} INFO - [2025-06-15T00:16:51.834-0400] {dagbag.py:536} INFO - Filling up the DagBag from /Users/rah/.pyenv/versions/3.10.11/lib/python3.10/site-packages/airflow/example_dags/example_short_circuit_decorator.py
[2025-06-15T00:16:51.882-0400] {processor.py:839} INFO - DAG(s) dict_keys(['example_short_circuit_decorator']) retrieved from /Users/rah/.pyenv/versions/3.10.11/lib/python3.10/site-packages/airflow/example_dags/example_short_circuit_decorator.py
[2025-06-15T00:16:51.974-0400] {logging_mixin.py:154} INFO - [2025-06-15T00:16:51.974-0400] {dag.py:2941} INFO - Sync 1 DAGs
[2025-06-15T00:16:51.981-0400] {logging_mixin.py:154} INFO - [2025-06-15T00:16:51.981-0400] {dag.py:3722} INFO - Setting next_dagrun for example_short_circuit_decorator to 2025-06-14T04:16:51.981469+00:00, run_after=2025-06-15T04:16:51.981469+00:00
[2025-06-15T00:16:51.990-0400] {processor.py:179} INFO - Processing /Users/rah/.pyenv/versions/3.10.11/lib/python3.10/site-packages/airflow/example_dags/example_short_circuit_decorator.py took 0.159 seconds
