[2025-06-14T23:48:49.058-0400] {processor.py:157} INFO - Started process (PID=39911) to work on /Users/rah/.pyenv/versions/3.10.11/lib/python3.10/site-packages/airflow/example_dags/example_trigger_target_dag.py
[2025-06-14T23:48:49.061-0400] {processor.py:829} INFO - Processing file /Users/rah/.pyenv/versions/3.10.11/lib/python3.10/site-packages/airflow/example_dags/example_trigger_target_dag.py for tasks to queue
[2025-06-14T23:48:49.062-0400] {logging_mixin.py:154} INFO - [2025-06-14T23:48:49.062-0400] {dagbag.py:536} INFO - Filling up the DagBag from /Users/rah/.pyenv/versions/3.10.11/lib/python3.10/site-packages/airflow/example_dags/example_trigger_target_dag.py
[2025-06-14T23:48:49.107-0400] {processor.py:839} INFO - DAG(s) dict_keys(['example_trigger_target_dag']) retrieved from /Users/rah/.pyenv/versions/3.10.11/lib/python3.10/site-packages/airflow/example_dags/example_trigger_target_dag.py
[2025-06-14T23:48:49.434-0400] {logging_mixin.py:154} INFO - [2025-06-14T23:48:49.434-0400] {manager.py:499} INFO - Created Permission View: %s
[2025-06-14T23:48:49.437-0400] {logging_mixin.py:154} INFO - [2025-06-14T23:48:49.437-0400] {manager.py:499} INFO - Created Permission View: %s
[2025-06-14T23:48:49.439-0400] {logging_mixin.py:154} INFO - [2025-06-14T23:48:49.439-0400] {manager.py:499} INFO - Created Permission View: %s
[2025-06-14T23:48:49.439-0400] {logging_mixin.py:154} INFO - [2025-06-14T23:48:49.439-0400] {dag.py:2941} INFO - Sync 1 DAGs
[2025-06-14T23:48:49.444-0400] {logging_mixin.py:154} INFO - [2025-06-14T23:48:49.444-0400] {dag.py:2963} INFO - Creating ORM DAG for example_trigger_target_dag
[2025-06-14T23:48:49.444-0400] {logging_mixin.py:154} INFO - [2025-06-14T23:48:49.444-0400] {dag.py:3722} INFO - Setting next_dagrun for example_trigger_target_dag to None, run_after=None
[2025-06-14T23:48:49.450-0400] {processor.py:179} INFO - Processing /Users/rah/.pyenv/versions/3.10.11/lib/python3.10/site-packages/airflow/example_dags/example_trigger_target_dag.py took 0.392 seconds
[2025-06-14T23:50:22.030-0400] {processor.py:157} INFO - Started process (PID=41008) to work on /Users/rah/.pyenv/versions/3.10.11/lib/python3.10/site-packages/airflow/example_dags/example_trigger_target_dag.py
[2025-06-14T23:50:22.034-0400] {processor.py:829} INFO - Processing file /Users/rah/.pyenv/versions/3.10.11/lib/python3.10/site-packages/airflow/example_dags/example_trigger_target_dag.py for tasks to queue
[2025-06-14T23:50:22.034-0400] {logging_mixin.py:154} INFO - [2025-06-14T23:50:22.034-0400] {dagbag.py:536} INFO - Filling up the DagBag from /Users/rah/.pyenv/versions/3.10.11/lib/python3.10/site-packages/airflow/example_dags/example_trigger_target_dag.py
[2025-06-14T23:50:22.077-0400] {processor.py:839} INFO - DAG(s) dict_keys(['example_trigger_target_dag']) retrieved from /Users/rah/.pyenv/versions/3.10.11/lib/python3.10/site-packages/airflow/example_dags/example_trigger_target_dag.py
[2025-06-14T23:50:22.165-0400] {logging_mixin.py:154} INFO - [2025-06-14T23:50:22.165-0400] {dag.py:2941} INFO - Sync 1 DAGs
[2025-06-14T23:50:22.168-0400] {logging_mixin.py:154} INFO - [2025-06-14T23:50:22.168-0400] {dag.py:3722} INFO - Setting next_dagrun for example_trigger_target_dag to None, run_after=None
[2025-06-14T23:50:22.176-0400] {processor.py:179} INFO - Processing /Users/rah/.pyenv/versions/3.10.11/lib/python3.10/site-packages/airflow/example_dags/example_trigger_target_dag.py took 0.146 seconds
[2025-06-14T23:55:08.117-0400] {processor.py:157} INFO - Started process (PID=45640) to work on /Users/rah/Desktop/creative_projects/rah_coding_repo/projects/fin_data_project_001/finance-data-project-1/.venv/lib/python3.10/site-packages/airflow/example_dags/example_trigger_target_dag.py
[2025-06-14T23:55:08.120-0400] {processor.py:829} INFO - Processing file /Users/rah/Desktop/creative_projects/rah_coding_repo/projects/fin_data_project_001/finance-data-project-1/.venv/lib/python3.10/site-packages/airflow/example_dags/example_trigger_target_dag.py for tasks to queue
[2025-06-14T23:55:08.120-0400] {logging_mixin.py:154} INFO - [2025-06-14T23:55:08.120-0400] {dagbag.py:536} INFO - Filling up the DagBag from /Users/rah/Desktop/creative_projects/rah_coding_repo/projects/fin_data_project_001/finance-data-project-1/.venv/lib/python3.10/site-packages/airflow/example_dags/example_trigger_target_dag.py
[2025-06-14T23:55:08.141-0400] {processor.py:839} INFO - DAG(s) dict_keys(['example_trigger_target_dag']) retrieved from /Users/rah/Desktop/creative_projects/rah_coding_repo/projects/fin_data_project_001/finance-data-project-1/.venv/lib/python3.10/site-packages/airflow/example_dags/example_trigger_target_dag.py
[2025-06-14T23:55:08.226-0400] {logging_mixin.py:154} INFO - [2025-06-14T23:55:08.226-0400] {dag.py:2941} INFO - Sync 1 DAGs
[2025-06-14T23:55:08.230-0400] {logging_mixin.py:154} INFO - [2025-06-14T23:55:08.229-0400] {dag.py:3722} INFO - Setting next_dagrun for example_trigger_target_dag to None, run_after=None
[2025-06-14T23:55:08.237-0400] {processor.py:179} INFO - Processing /Users/rah/Desktop/creative_projects/rah_coding_repo/projects/fin_data_project_001/finance-data-project-1/.venv/lib/python3.10/site-packages/airflow/example_dags/example_trigger_target_dag.py took 0.120 seconds
[2025-06-14T23:56:12.379-0400] {processor.py:157} INFO - Started process (PID=46952) to work on /Users/rah/Desktop/creative_projects/rah_coding_repo/projects/fin_data_project_001/finance-data-project-1/.venv/lib/python3.10/site-packages/airflow/example_dags/example_trigger_target_dag.py
[2025-06-14T23:56:12.382-0400] {processor.py:829} INFO - Processing file /Users/rah/Desktop/creative_projects/rah_coding_repo/projects/fin_data_project_001/finance-data-project-1/.venv/lib/python3.10/site-packages/airflow/example_dags/example_trigger_target_dag.py for tasks to queue
[2025-06-14T23:56:12.382-0400] {logging_mixin.py:154} INFO - [2025-06-14T23:56:12.382-0400] {dagbag.py:536} INFO - Filling up the DagBag from /Users/rah/Desktop/creative_projects/rah_coding_repo/projects/fin_data_project_001/finance-data-project-1/.venv/lib/python3.10/site-packages/airflow/example_dags/example_trigger_target_dag.py
[2025-06-14T23:56:12.404-0400] {processor.py:839} INFO - DAG(s) dict_keys(['example_trigger_target_dag']) retrieved from /Users/rah/Desktop/creative_projects/rah_coding_repo/projects/fin_data_project_001/finance-data-project-1/.venv/lib/python3.10/site-packages/airflow/example_dags/example_trigger_target_dag.py
[2025-06-14T23:56:12.495-0400] {logging_mixin.py:154} INFO - [2025-06-14T23:56:12.495-0400] {dag.py:2941} INFO - Sync 1 DAGs
[2025-06-14T23:56:12.499-0400] {logging_mixin.py:154} INFO - [2025-06-14T23:56:12.499-0400] {dag.py:3722} INFO - Setting next_dagrun for example_trigger_target_dag to None, run_after=None
[2025-06-14T23:56:12.506-0400] {processor.py:179} INFO - Processing /Users/rah/Desktop/creative_projects/rah_coding_repo/projects/fin_data_project_001/finance-data-project-1/.venv/lib/python3.10/site-packages/airflow/example_dags/example_trigger_target_dag.py took 0.128 seconds
[2025-06-14T23:56:30.120-0400] {processor.py:157} INFO - Started process (PID=47356) to work on /Users/rah/Desktop/creative_projects/rah_coding_repo/projects/fin_data_project_001/finance-data-project-1/.venv/lib/python3.10/site-packages/airflow/example_dags/example_trigger_target_dag.py
[2025-06-14T23:56:30.122-0400] {processor.py:829} INFO - Processing file /Users/rah/Desktop/creative_projects/rah_coding_repo/projects/fin_data_project_001/finance-data-project-1/.venv/lib/python3.10/site-packages/airflow/example_dags/example_trigger_target_dag.py for tasks to queue
[2025-06-14T23:56:30.122-0400] {logging_mixin.py:154} INFO - [2025-06-14T23:56:30.122-0400] {dagbag.py:536} INFO - Filling up the DagBag from /Users/rah/Desktop/creative_projects/rah_coding_repo/projects/fin_data_project_001/finance-data-project-1/.venv/lib/python3.10/site-packages/airflow/example_dags/example_trigger_target_dag.py
[2025-06-14T23:56:30.146-0400] {processor.py:839} INFO - DAG(s) dict_keys(['example_trigger_target_dag']) retrieved from /Users/rah/Desktop/creative_projects/rah_coding_repo/projects/fin_data_project_001/finance-data-project-1/.venv/lib/python3.10/site-packages/airflow/example_dags/example_trigger_target_dag.py
[2025-06-14T23:56:30.246-0400] {logging_mixin.py:154} INFO - [2025-06-14T23:56:30.246-0400] {dag.py:2941} INFO - Sync 1 DAGs
[2025-06-14T23:56:30.251-0400] {logging_mixin.py:154} INFO - [2025-06-14T23:56:30.251-0400] {dag.py:3722} INFO - Setting next_dagrun for example_trigger_target_dag to None, run_after=None
[2025-06-14T23:56:30.260-0400] {processor.py:179} INFO - Processing /Users/rah/Desktop/creative_projects/rah_coding_repo/projects/fin_data_project_001/finance-data-project-1/.venv/lib/python3.10/site-packages/airflow/example_dags/example_trigger_target_dag.py took 0.141 seconds
[2025-06-14T23:57:03.727-0400] {processor.py:157} INFO - Started process (PID=48209) to work on /Users/rah/Desktop/creative_projects/rah_coding_repo/projects/fin_data_project_001/finance-data-project-1/.venv/lib/python3.10/site-packages/airflow/example_dags/example_trigger_target_dag.py
[2025-06-14T23:57:03.729-0400] {processor.py:829} INFO - Processing file /Users/rah/Desktop/creative_projects/rah_coding_repo/projects/fin_data_project_001/finance-data-project-1/.venv/lib/python3.10/site-packages/airflow/example_dags/example_trigger_target_dag.py for tasks to queue
[2025-06-14T23:57:03.730-0400] {logging_mixin.py:154} INFO - [2025-06-14T23:57:03.730-0400] {dagbag.py:536} INFO - Filling up the DagBag from /Users/rah/Desktop/creative_projects/rah_coding_repo/projects/fin_data_project_001/finance-data-project-1/.venv/lib/python3.10/site-packages/airflow/example_dags/example_trigger_target_dag.py
[2025-06-14T23:57:03.754-0400] {processor.py:839} INFO - DAG(s) dict_keys(['example_trigger_target_dag']) retrieved from /Users/rah/Desktop/creative_projects/rah_coding_repo/projects/fin_data_project_001/finance-data-project-1/.venv/lib/python3.10/site-packages/airflow/example_dags/example_trigger_target_dag.py
[2025-06-14T23:57:03.853-0400] {logging_mixin.py:154} INFO - [2025-06-14T23:57:03.853-0400] {dag.py:2941} INFO - Sync 1 DAGs
[2025-06-14T23:57:03.857-0400] {logging_mixin.py:154} INFO - [2025-06-14T23:57:03.857-0400] {dag.py:3722} INFO - Setting next_dagrun for example_trigger_target_dag to None, run_after=None
[2025-06-14T23:57:03.864-0400] {processor.py:179} INFO - Processing /Users/rah/Desktop/creative_projects/rah_coding_repo/projects/fin_data_project_001/finance-data-project-1/.venv/lib/python3.10/site-packages/airflow/example_dags/example_trigger_target_dag.py took 0.138 seconds
[2025-06-14T23:57:21.641-0400] {processor.py:157} INFO - Started process (PID=48496) to work on /Users/rah/Desktop/creative_projects/rah_coding_repo/projects/fin_data_project_001/finance-data-project-1/.venv/lib/python3.10/site-packages/airflow/example_dags/example_trigger_target_dag.py
[2025-06-14T23:57:21.644-0400] {processor.py:829} INFO - Processing file /Users/rah/Desktop/creative_projects/rah_coding_repo/projects/fin_data_project_001/finance-data-project-1/.venv/lib/python3.10/site-packages/airflow/example_dags/example_trigger_target_dag.py for tasks to queue
[2025-06-14T23:57:21.644-0400] {logging_mixin.py:154} INFO - [2025-06-14T23:57:21.644-0400] {dagbag.py:536} INFO - Filling up the DagBag from /Users/rah/Desktop/creative_projects/rah_coding_repo/projects/fin_data_project_001/finance-data-project-1/.venv/lib/python3.10/site-packages/airflow/example_dags/example_trigger_target_dag.py
[2025-06-14T23:57:21.671-0400] {processor.py:839} INFO - DAG(s) dict_keys(['example_trigger_target_dag']) retrieved from /Users/rah/Desktop/creative_projects/rah_coding_repo/projects/fin_data_project_001/finance-data-project-1/.venv/lib/python3.10/site-packages/airflow/example_dags/example_trigger_target_dag.py
[2025-06-14T23:57:21.774-0400] {logging_mixin.py:154} INFO - [2025-06-14T23:57:21.773-0400] {dag.py:2941} INFO - Sync 1 DAGs
[2025-06-14T23:57:21.777-0400] {logging_mixin.py:154} INFO - [2025-06-14T23:57:21.777-0400] {dag.py:3722} INFO - Setting next_dagrun for example_trigger_target_dag to None, run_after=None
[2025-06-14T23:57:21.786-0400] {processor.py:179} INFO - Processing /Users/rah/Desktop/creative_projects/rah_coding_repo/projects/fin_data_project_001/finance-data-project-1/.venv/lib/python3.10/site-packages/airflow/example_dags/example_trigger_target_dag.py took 0.145 seconds
[2025-06-14T23:57:32.043-0400] {processor.py:157} INFO - Started process (PID=48638) to work on /Users/rah/Desktop/creative_projects/rah_coding_repo/projects/fin_data_project_001/finance-data-project-1/.venv/lib/python3.10/site-packages/airflow/example_dags/example_trigger_target_dag.py
[2025-06-14T23:57:32.045-0400] {processor.py:829} INFO - Processing file /Users/rah/Desktop/creative_projects/rah_coding_repo/projects/fin_data_project_001/finance-data-project-1/.venv/lib/python3.10/site-packages/airflow/example_dags/example_trigger_target_dag.py for tasks to queue
[2025-06-14T23:57:32.046-0400] {logging_mixin.py:154} INFO - [2025-06-14T23:57:32.046-0400] {dagbag.py:536} INFO - Filling up the DagBag from /Users/rah/Desktop/creative_projects/rah_coding_repo/projects/fin_data_project_001/finance-data-project-1/.venv/lib/python3.10/site-packages/airflow/example_dags/example_trigger_target_dag.py
[2025-06-14T23:57:32.069-0400] {processor.py:839} INFO - DAG(s) dict_keys(['example_trigger_target_dag']) retrieved from /Users/rah/Desktop/creative_projects/rah_coding_repo/projects/fin_data_project_001/finance-data-project-1/.venv/lib/python3.10/site-packages/airflow/example_dags/example_trigger_target_dag.py
[2025-06-14T23:57:32.166-0400] {logging_mixin.py:154} INFO - [2025-06-14T23:57:32.166-0400] {dag.py:2941} INFO - Sync 1 DAGs
[2025-06-14T23:57:32.170-0400] {logging_mixin.py:154} INFO - [2025-06-14T23:57:32.170-0400] {dag.py:3722} INFO - Setting next_dagrun for example_trigger_target_dag to None, run_after=None
[2025-06-14T23:57:32.179-0400] {processor.py:179} INFO - Processing /Users/rah/Desktop/creative_projects/rah_coding_repo/projects/fin_data_project_001/finance-data-project-1/.venv/lib/python3.10/site-packages/airflow/example_dags/example_trigger_target_dag.py took 0.136 seconds
[2025-06-14T23:58:21.426-0400] {processor.py:157} INFO - Started process (PID=49349) to work on /Users/rah/Desktop/creative_projects/rah_coding_repo/projects/fin_data_project_001/finance-data-project-1/.venv/lib/python3.10/site-packages/airflow/example_dags/example_trigger_target_dag.py
[2025-06-14T23:58:21.428-0400] {processor.py:829} INFO - Processing file /Users/rah/Desktop/creative_projects/rah_coding_repo/projects/fin_data_project_001/finance-data-project-1/.venv/lib/python3.10/site-packages/airflow/example_dags/example_trigger_target_dag.py for tasks to queue
[2025-06-14T23:58:21.429-0400] {logging_mixin.py:154} INFO - [2025-06-14T23:58:21.429-0400] {dagbag.py:536} INFO - Filling up the DagBag from /Users/rah/Desktop/creative_projects/rah_coding_repo/projects/fin_data_project_001/finance-data-project-1/.venv/lib/python3.10/site-packages/airflow/example_dags/example_trigger_target_dag.py
[2025-06-14T23:58:21.453-0400] {processor.py:839} INFO - DAG(s) dict_keys(['example_trigger_target_dag']) retrieved from /Users/rah/Desktop/creative_projects/rah_coding_repo/projects/fin_data_project_001/finance-data-project-1/.venv/lib/python3.10/site-packages/airflow/example_dags/example_trigger_target_dag.py
[2025-06-14T23:58:21.548-0400] {logging_mixin.py:154} INFO - [2025-06-14T23:58:21.548-0400] {dag.py:2941} INFO - Sync 1 DAGs
[2025-06-14T23:58:21.552-0400] {logging_mixin.py:154} INFO - [2025-06-14T23:58:21.552-0400] {dag.py:3722} INFO - Setting next_dagrun for example_trigger_target_dag to None, run_after=None
[2025-06-14T23:58:21.560-0400] {processor.py:179} INFO - Processing /Users/rah/Desktop/creative_projects/rah_coding_repo/projects/fin_data_project_001/finance-data-project-1/.venv/lib/python3.10/site-packages/airflow/example_dags/example_trigger_target_dag.py took 0.135 seconds
[2025-06-14T23:58:21.868-0400] {processor.py:157} INFO - Started process (PID=49351) to work on /Users/rah/Desktop/creative_projects/rah_coding_repo/projects/fin_data_project_001/finance-data-project-1/.venv/lib/python3.10/site-packages/airflow/example_dags/example_trigger_target_dag.py
[2025-06-14T23:58:21.870-0400] {processor.py:829} INFO - Processing file /Users/rah/Desktop/creative_projects/rah_coding_repo/projects/fin_data_project_001/finance-data-project-1/.venv/lib/python3.10/site-packages/airflow/example_dags/example_trigger_target_dag.py for tasks to queue
[2025-06-14T23:58:21.870-0400] {logging_mixin.py:154} INFO - [2025-06-14T23:58:21.870-0400] {dagbag.py:536} INFO - Filling up the DagBag from /Users/rah/Desktop/creative_projects/rah_coding_repo/projects/fin_data_project_001/finance-data-project-1/.venv/lib/python3.10/site-packages/airflow/example_dags/example_trigger_target_dag.py
[2025-06-14T23:58:21.892-0400] {processor.py:839} INFO - DAG(s) dict_keys(['example_trigger_target_dag']) retrieved from /Users/rah/Desktop/creative_projects/rah_coding_repo/projects/fin_data_project_001/finance-data-project-1/.venv/lib/python3.10/site-packages/airflow/example_dags/example_trigger_target_dag.py
[2025-06-14T23:58:21.987-0400] {logging_mixin.py:154} INFO - [2025-06-14T23:58:21.987-0400] {dag.py:2941} INFO - Sync 1 DAGs
[2025-06-14T23:58:21.991-0400] {logging_mixin.py:154} INFO - [2025-06-14T23:58:21.991-0400] {dag.py:3722} INFO - Setting next_dagrun for example_trigger_target_dag to None, run_after=None
[2025-06-14T23:58:22.000-0400] {processor.py:179} INFO - Processing /Users/rah/Desktop/creative_projects/rah_coding_repo/projects/fin_data_project_001/finance-data-project-1/.venv/lib/python3.10/site-packages/airflow/example_dags/example_trigger_target_dag.py took 0.133 seconds
[2025-06-14T23:58:55.043-0400] {processor.py:157} INFO - Started process (PID=50215) to work on /Users/rah/Desktop/creative_projects/rah_coding_repo/projects/fin_data_project_001/finance-data-project-1/.venv/lib/python3.10/site-packages/airflow/example_dags/example_trigger_target_dag.py
[2025-06-14T23:58:55.046-0400] {processor.py:829} INFO - Processing file /Users/rah/Desktop/creative_projects/rah_coding_repo/projects/fin_data_project_001/finance-data-project-1/.venv/lib/python3.10/site-packages/airflow/example_dags/example_trigger_target_dag.py for tasks to queue
[2025-06-14T23:58:55.046-0400] {logging_mixin.py:154} INFO - [2025-06-14T23:58:55.046-0400] {dagbag.py:536} INFO - Filling up the DagBag from /Users/rah/Desktop/creative_projects/rah_coding_repo/projects/fin_data_project_001/finance-data-project-1/.venv/lib/python3.10/site-packages/airflow/example_dags/example_trigger_target_dag.py
[2025-06-14T23:58:55.070-0400] {processor.py:839} INFO - DAG(s) dict_keys(['example_trigger_target_dag']) retrieved from /Users/rah/Desktop/creative_projects/rah_coding_repo/projects/fin_data_project_001/finance-data-project-1/.venv/lib/python3.10/site-packages/airflow/example_dags/example_trigger_target_dag.py
[2025-06-14T23:58:55.168-0400] {logging_mixin.py:154} INFO - [2025-06-14T23:58:55.168-0400] {dag.py:2941} INFO - Sync 1 DAGs
[2025-06-14T23:58:55.172-0400] {logging_mixin.py:154} INFO - [2025-06-14T23:58:55.172-0400] {dag.py:3722} INFO - Setting next_dagrun for example_trigger_target_dag to None, run_after=None
[2025-06-14T23:58:55.181-0400] {processor.py:179} INFO - Processing /Users/rah/Desktop/creative_projects/rah_coding_repo/projects/fin_data_project_001/finance-data-project-1/.venv/lib/python3.10/site-packages/airflow/example_dags/example_trigger_target_dag.py took 0.139 seconds
[2025-06-14T23:59:09.514-0400] {processor.py:157} INFO - Started process (PID=50395) to work on /Users/rah/Desktop/creative_projects/rah_coding_repo/projects/fin_data_project_001/finance-data-project-1/.venv/lib/python3.10/site-packages/airflow/example_dags/example_trigger_target_dag.py
[2025-06-14T23:59:09.516-0400] {processor.py:829} INFO - Processing file /Users/rah/Desktop/creative_projects/rah_coding_repo/projects/fin_data_project_001/finance-data-project-1/.venv/lib/python3.10/site-packages/airflow/example_dags/example_trigger_target_dag.py for tasks to queue
[2025-06-14T23:59:09.517-0400] {logging_mixin.py:154} INFO - [2025-06-14T23:59:09.517-0400] {dagbag.py:536} INFO - Filling up the DagBag from /Users/rah/Desktop/creative_projects/rah_coding_repo/projects/fin_data_project_001/finance-data-project-1/.venv/lib/python3.10/site-packages/airflow/example_dags/example_trigger_target_dag.py
[2025-06-14T23:59:09.540-0400] {processor.py:839} INFO - DAG(s) dict_keys(['example_trigger_target_dag']) retrieved from /Users/rah/Desktop/creative_projects/rah_coding_repo/projects/fin_data_project_001/finance-data-project-1/.venv/lib/python3.10/site-packages/airflow/example_dags/example_trigger_target_dag.py
[2025-06-14T23:59:09.639-0400] {logging_mixin.py:154} INFO - [2025-06-14T23:59:09.638-0400] {dag.py:2941} INFO - Sync 1 DAGs
[2025-06-14T23:59:09.643-0400] {logging_mixin.py:154} INFO - [2025-06-14T23:59:09.643-0400] {dag.py:3722} INFO - Setting next_dagrun for example_trigger_target_dag to None, run_after=None
[2025-06-14T23:59:09.651-0400] {processor.py:179} INFO - Processing /Users/rah/Desktop/creative_projects/rah_coding_repo/projects/fin_data_project_001/finance-data-project-1/.venv/lib/python3.10/site-packages/airflow/example_dags/example_trigger_target_dag.py took 0.137 seconds
[2025-06-14T23:59:47.379-0400] {processor.py:157} INFO - Started process (PID=51013) to work on /Users/rah/Desktop/creative_projects/rah_coding_repo/projects/fin_data_project_001/finance-data-project-1/.venv/lib/python3.10/site-packages/airflow/example_dags/example_trigger_target_dag.py
[2025-06-14T23:59:47.382-0400] {processor.py:829} INFO - Processing file /Users/rah/Desktop/creative_projects/rah_coding_repo/projects/fin_data_project_001/finance-data-project-1/.venv/lib/python3.10/site-packages/airflow/example_dags/example_trigger_target_dag.py for tasks to queue
[2025-06-14T23:59:47.382-0400] {logging_mixin.py:154} INFO - [2025-06-14T23:59:47.382-0400] {dagbag.py:536} INFO - Filling up the DagBag from /Users/rah/Desktop/creative_projects/rah_coding_repo/projects/fin_data_project_001/finance-data-project-1/.venv/lib/python3.10/site-packages/airflow/example_dags/example_trigger_target_dag.py
[2025-06-14T23:59:47.407-0400] {processor.py:839} INFO - DAG(s) dict_keys(['example_trigger_target_dag']) retrieved from /Users/rah/Desktop/creative_projects/rah_coding_repo/projects/fin_data_project_001/finance-data-project-1/.venv/lib/python3.10/site-packages/airflow/example_dags/example_trigger_target_dag.py
[2025-06-14T23:59:47.508-0400] {logging_mixin.py:154} INFO - [2025-06-14T23:59:47.508-0400] {dag.py:2941} INFO - Sync 1 DAGs
[2025-06-14T23:59:47.512-0400] {logging_mixin.py:154} INFO - [2025-06-14T23:59:47.512-0400] {dag.py:3722} INFO - Setting next_dagrun for example_trigger_target_dag to None, run_after=None
[2025-06-14T23:59:47.523-0400] {processor.py:179} INFO - Processing /Users/rah/Desktop/creative_projects/rah_coding_repo/projects/fin_data_project_001/finance-data-project-1/.venv/lib/python3.10/site-packages/airflow/example_dags/example_trigger_target_dag.py took 0.145 seconds
[2025-06-14T23:59:55.232-0400] {processor.py:157} INFO - Started process (PID=51058) to work on /Users/rah/Desktop/creative_projects/rah_coding_repo/projects/fin_data_project_001/finance-data-project-1/.venv/lib/python3.10/site-packages/airflow/example_dags/example_trigger_target_dag.py
[2025-06-14T23:59:55.234-0400] {processor.py:829} INFO - Processing file /Users/rah/Desktop/creative_projects/rah_coding_repo/projects/fin_data_project_001/finance-data-project-1/.venv/lib/python3.10/site-packages/airflow/example_dags/example_trigger_target_dag.py for tasks to queue
[2025-06-14T23:59:55.234-0400] {logging_mixin.py:154} INFO - [2025-06-14T23:59:55.234-0400] {dagbag.py:536} INFO - Filling up the DagBag from /Users/rah/Desktop/creative_projects/rah_coding_repo/projects/fin_data_project_001/finance-data-project-1/.venv/lib/python3.10/site-packages/airflow/example_dags/example_trigger_target_dag.py
[2025-06-14T23:59:55.260-0400] {processor.py:839} INFO - DAG(s) dict_keys(['example_trigger_target_dag']) retrieved from /Users/rah/Desktop/creative_projects/rah_coding_repo/projects/fin_data_project_001/finance-data-project-1/.venv/lib/python3.10/site-packages/airflow/example_dags/example_trigger_target_dag.py
[2025-06-14T23:59:55.366-0400] {logging_mixin.py:154} INFO - [2025-06-14T23:59:55.366-0400] {dag.py:2941} INFO - Sync 1 DAGs
[2025-06-14T23:59:55.370-0400] {logging_mixin.py:154} INFO - [2025-06-14T23:59:55.370-0400] {dag.py:3722} INFO - Setting next_dagrun for example_trigger_target_dag to None, run_after=None
[2025-06-14T23:59:55.379-0400] {processor.py:179} INFO - Processing /Users/rah/Desktop/creative_projects/rah_coding_repo/projects/fin_data_project_001/finance-data-project-1/.venv/lib/python3.10/site-packages/airflow/example_dags/example_trigger_target_dag.py took 0.148 seconds
[2025-06-15T00:00:02.348-0400] {processor.py:157} INFO - Started process (PID=51219) to work on /Users/rah/Desktop/creative_projects/rah_coding_repo/projects/fin_data_project_001/finance-data-project-1/.venv/lib/python3.10/site-packages/airflow/example_dags/example_trigger_target_dag.py
[2025-06-15T00:00:02.350-0400] {processor.py:829} INFO - Processing file /Users/rah/Desktop/creative_projects/rah_coding_repo/projects/fin_data_project_001/finance-data-project-1/.venv/lib/python3.10/site-packages/airflow/example_dags/example_trigger_target_dag.py for tasks to queue
[2025-06-15T00:00:02.350-0400] {logging_mixin.py:154} INFO - [2025-06-15T00:00:02.350-0400] {dagbag.py:536} INFO - Filling up the DagBag from /Users/rah/Desktop/creative_projects/rah_coding_repo/projects/fin_data_project_001/finance-data-project-1/.venv/lib/python3.10/site-packages/airflow/example_dags/example_trigger_target_dag.py
[2025-06-15T00:00:02.374-0400] {processor.py:839} INFO - DAG(s) dict_keys(['example_trigger_target_dag']) retrieved from /Users/rah/Desktop/creative_projects/rah_coding_repo/projects/fin_data_project_001/finance-data-project-1/.venv/lib/python3.10/site-packages/airflow/example_dags/example_trigger_target_dag.py
[2025-06-15T00:00:02.469-0400] {logging_mixin.py:154} INFO - [2025-06-15T00:00:02.469-0400] {dag.py:2941} INFO - Sync 1 DAGs
[2025-06-15T00:00:02.473-0400] {logging_mixin.py:154} INFO - [2025-06-15T00:00:02.473-0400] {dag.py:3722} INFO - Setting next_dagrun for example_trigger_target_dag to None, run_after=None
[2025-06-15T00:00:02.485-0400] {processor.py:179} INFO - Processing /Users/rah/Desktop/creative_projects/rah_coding_repo/projects/fin_data_project_001/finance-data-project-1/.venv/lib/python3.10/site-packages/airflow/example_dags/example_trigger_target_dag.py took 0.138 seconds
[2025-06-15T00:00:34.627-0400] {processor.py:157} INFO - Started process (PID=51694) to work on /Users/rah/Desktop/creative_projects/rah_coding_repo/projects/fin_data_project_001/finance-data-project-1/.venv/lib/python3.10/site-packages/airflow/example_dags/example_trigger_target_dag.py
[2025-06-15T00:00:34.629-0400] {processor.py:829} INFO - Processing file /Users/rah/Desktop/creative_projects/rah_coding_repo/projects/fin_data_project_001/finance-data-project-1/.venv/lib/python3.10/site-packages/airflow/example_dags/example_trigger_target_dag.py for tasks to queue
[2025-06-15T00:00:34.630-0400] {logging_mixin.py:154} INFO - [2025-06-15T00:00:34.630-0400] {dagbag.py:536} INFO - Filling up the DagBag from /Users/rah/Desktop/creative_projects/rah_coding_repo/projects/fin_data_project_001/finance-data-project-1/.venv/lib/python3.10/site-packages/airflow/example_dags/example_trigger_target_dag.py
[2025-06-15T00:00:34.653-0400] {processor.py:839} INFO - DAG(s) dict_keys(['example_trigger_target_dag']) retrieved from /Users/rah/Desktop/creative_projects/rah_coding_repo/projects/fin_data_project_001/finance-data-project-1/.venv/lib/python3.10/site-packages/airflow/example_dags/example_trigger_target_dag.py
[2025-06-15T00:00:34.747-0400] {logging_mixin.py:154} INFO - [2025-06-15T00:00:34.747-0400] {dag.py:2941} INFO - Sync 1 DAGs
[2025-06-15T00:00:34.750-0400] {logging_mixin.py:154} INFO - [2025-06-15T00:00:34.750-0400] {dag.py:3722} INFO - Setting next_dagrun for example_trigger_target_dag to None, run_after=None
[2025-06-15T00:00:34.759-0400] {processor.py:179} INFO - Processing /Users/rah/Desktop/creative_projects/rah_coding_repo/projects/fin_data_project_001/finance-data-project-1/.venv/lib/python3.10/site-packages/airflow/example_dags/example_trigger_target_dag.py took 0.132 seconds
[2025-06-15T00:00:40.102-0400] {processor.py:157} INFO - Started process (PID=51826) to work on /Users/rah/Desktop/creative_projects/rah_coding_repo/projects/fin_data_project_001/finance-data-project-1/.venv/lib/python3.10/site-packages/airflow/example_dags/example_trigger_target_dag.py
[2025-06-15T00:00:40.105-0400] {processor.py:829} INFO - Processing file /Users/rah/Desktop/creative_projects/rah_coding_repo/projects/fin_data_project_001/finance-data-project-1/.venv/lib/python3.10/site-packages/airflow/example_dags/example_trigger_target_dag.py for tasks to queue
[2025-06-15T00:00:40.105-0400] {logging_mixin.py:154} INFO - [2025-06-15T00:00:40.105-0400] {dagbag.py:536} INFO - Filling up the DagBag from /Users/rah/Desktop/creative_projects/rah_coding_repo/projects/fin_data_project_001/finance-data-project-1/.venv/lib/python3.10/site-packages/airflow/example_dags/example_trigger_target_dag.py
[2025-06-15T00:00:40.129-0400] {processor.py:839} INFO - DAG(s) dict_keys(['example_trigger_target_dag']) retrieved from /Users/rah/Desktop/creative_projects/rah_coding_repo/projects/fin_data_project_001/finance-data-project-1/.venv/lib/python3.10/site-packages/airflow/example_dags/example_trigger_target_dag.py
[2025-06-15T00:00:40.222-0400] {logging_mixin.py:154} INFO - [2025-06-15T00:00:40.222-0400] {dag.py:2941} INFO - Sync 1 DAGs
[2025-06-15T00:00:40.226-0400] {logging_mixin.py:154} INFO - [2025-06-15T00:00:40.226-0400] {dag.py:3722} INFO - Setting next_dagrun for example_trigger_target_dag to None, run_after=None
[2025-06-15T00:00:40.234-0400] {processor.py:179} INFO - Processing /Users/rah/Desktop/creative_projects/rah_coding_repo/projects/fin_data_project_001/finance-data-project-1/.venv/lib/python3.10/site-packages/airflow/example_dags/example_trigger_target_dag.py took 0.133 seconds
[2025-06-15T00:00:55.085-0400] {processor.py:157} INFO - Started process (PID=52009) to work on /Users/rah/Desktop/creative_projects/rah_coding_repo/projects/fin_data_project_001/finance-data-project-1/.venv/lib/python3.10/site-packages/airflow/example_dags/example_trigger_target_dag.py
[2025-06-15T00:00:55.087-0400] {processor.py:829} INFO - Processing file /Users/rah/Desktop/creative_projects/rah_coding_repo/projects/fin_data_project_001/finance-data-project-1/.venv/lib/python3.10/site-packages/airflow/example_dags/example_trigger_target_dag.py for tasks to queue
[2025-06-15T00:00:55.087-0400] {logging_mixin.py:154} INFO - [2025-06-15T00:00:55.087-0400] {dagbag.py:536} INFO - Filling up the DagBag from /Users/rah/Desktop/creative_projects/rah_coding_repo/projects/fin_data_project_001/finance-data-project-1/.venv/lib/python3.10/site-packages/airflow/example_dags/example_trigger_target_dag.py
[2025-06-15T00:00:55.110-0400] {processor.py:839} INFO - DAG(s) dict_keys(['example_trigger_target_dag']) retrieved from /Users/rah/Desktop/creative_projects/rah_coding_repo/projects/fin_data_project_001/finance-data-project-1/.venv/lib/python3.10/site-packages/airflow/example_dags/example_trigger_target_dag.py
[2025-06-15T00:00:55.198-0400] {logging_mixin.py:154} INFO - [2025-06-15T00:00:55.198-0400] {dag.py:2941} INFO - Sync 1 DAGs
[2025-06-15T00:00:55.202-0400] {logging_mixin.py:154} INFO - [2025-06-15T00:00:55.202-0400] {dag.py:3722} INFO - Setting next_dagrun for example_trigger_target_dag to None, run_after=None
[2025-06-15T00:00:55.210-0400] {processor.py:179} INFO - Processing /Users/rah/Desktop/creative_projects/rah_coding_repo/projects/fin_data_project_001/finance-data-project-1/.venv/lib/python3.10/site-packages/airflow/example_dags/example_trigger_target_dag.py took 0.126 seconds
[2025-06-15T00:01:21.071-0400] {processor.py:157} INFO - Started process (PID=52476) to work on /Users/rah/Desktop/creative_projects/rah_coding_repo/projects/fin_data_project_001/finance-data-project-1/.venv/lib/python3.10/site-packages/airflow/example_dags/example_trigger_target_dag.py
[2025-06-15T00:01:21.074-0400] {processor.py:829} INFO - Processing file /Users/rah/Desktop/creative_projects/rah_coding_repo/projects/fin_data_project_001/finance-data-project-1/.venv/lib/python3.10/site-packages/airflow/example_dags/example_trigger_target_dag.py for tasks to queue
[2025-06-15T00:01:21.074-0400] {logging_mixin.py:154} INFO - [2025-06-15T00:01:21.074-0400] {dagbag.py:536} INFO - Filling up the DagBag from /Users/rah/Desktop/creative_projects/rah_coding_repo/projects/fin_data_project_001/finance-data-project-1/.venv/lib/python3.10/site-packages/airflow/example_dags/example_trigger_target_dag.py
[2025-06-15T00:01:21.097-0400] {processor.py:839} INFO - DAG(s) dict_keys(['example_trigger_target_dag']) retrieved from /Users/rah/Desktop/creative_projects/rah_coding_repo/projects/fin_data_project_001/finance-data-project-1/.venv/lib/python3.10/site-packages/airflow/example_dags/example_trigger_target_dag.py
[2025-06-15T00:01:21.198-0400] {logging_mixin.py:154} INFO - [2025-06-15T00:01:21.198-0400] {dag.py:2941} INFO - Sync 1 DAGs
[2025-06-15T00:01:21.202-0400] {logging_mixin.py:154} INFO - [2025-06-15T00:01:21.202-0400] {dag.py:3722} INFO - Setting next_dagrun for example_trigger_target_dag to None, run_after=None
[2025-06-15T00:01:21.211-0400] {processor.py:179} INFO - Processing /Users/rah/Desktop/creative_projects/rah_coding_repo/projects/fin_data_project_001/finance-data-project-1/.venv/lib/python3.10/site-packages/airflow/example_dags/example_trigger_target_dag.py took 0.140 seconds
[2025-06-15T00:02:05.760-0400] {processor.py:157} INFO - Started process (PID=53143) to work on /Users/rah/Desktop/creative_projects/rah_coding_repo/projects/fin_data_project_001/finance-data-project-1/.venv/lib/python3.10/site-packages/airflow/example_dags/example_trigger_target_dag.py
[2025-06-15T00:02:05.763-0400] {processor.py:829} INFO - Processing file /Users/rah/Desktop/creative_projects/rah_coding_repo/projects/fin_data_project_001/finance-data-project-1/.venv/lib/python3.10/site-packages/airflow/example_dags/example_trigger_target_dag.py for tasks to queue
[2025-06-15T00:02:05.763-0400] {logging_mixin.py:154} INFO - [2025-06-15T00:02:05.763-0400] {dagbag.py:536} INFO - Filling up the DagBag from /Users/rah/Desktop/creative_projects/rah_coding_repo/projects/fin_data_project_001/finance-data-project-1/.venv/lib/python3.10/site-packages/airflow/example_dags/example_trigger_target_dag.py
[2025-06-15T00:02:05.785-0400] {processor.py:839} INFO - DAG(s) dict_keys(['example_trigger_target_dag']) retrieved from /Users/rah/Desktop/creative_projects/rah_coding_repo/projects/fin_data_project_001/finance-data-project-1/.venv/lib/python3.10/site-packages/airflow/example_dags/example_trigger_target_dag.py
[2025-06-15T00:02:05.880-0400] {logging_mixin.py:154} INFO - [2025-06-15T00:02:05.880-0400] {dag.py:2941} INFO - Sync 1 DAGs
[2025-06-15T00:02:05.884-0400] {logging_mixin.py:154} INFO - [2025-06-15T00:02:05.884-0400] {dag.py:3722} INFO - Setting next_dagrun for example_trigger_target_dag to None, run_after=None
[2025-06-15T00:02:05.893-0400] {processor.py:179} INFO - Processing /Users/rah/Desktop/creative_projects/rah_coding_repo/projects/fin_data_project_001/finance-data-project-1/.venv/lib/python3.10/site-packages/airflow/example_dags/example_trigger_target_dag.py took 0.133 seconds
[2025-06-15T00:02:11.810-0400] {processor.py:157} INFO - Started process (PID=53175) to work on /Users/rah/Desktop/creative_projects/rah_coding_repo/projects/fin_data_project_001/finance-data-project-1/.venv/lib/python3.10/site-packages/airflow/example_dags/example_trigger_target_dag.py
[2025-06-15T00:02:11.813-0400] {processor.py:829} INFO - Processing file /Users/rah/Desktop/creative_projects/rah_coding_repo/projects/fin_data_project_001/finance-data-project-1/.venv/lib/python3.10/site-packages/airflow/example_dags/example_trigger_target_dag.py for tasks to queue
[2025-06-15T00:02:11.813-0400] {logging_mixin.py:154} INFO - [2025-06-15T00:02:11.813-0400] {dagbag.py:536} INFO - Filling up the DagBag from /Users/rah/Desktop/creative_projects/rah_coding_repo/projects/fin_data_project_001/finance-data-project-1/.venv/lib/python3.10/site-packages/airflow/example_dags/example_trigger_target_dag.py
[2025-06-15T00:02:11.838-0400] {processor.py:839} INFO - DAG(s) dict_keys(['example_trigger_target_dag']) retrieved from /Users/rah/Desktop/creative_projects/rah_coding_repo/projects/fin_data_project_001/finance-data-project-1/.venv/lib/python3.10/site-packages/airflow/example_dags/example_trigger_target_dag.py
[2025-06-15T00:02:11.939-0400] {logging_mixin.py:154} INFO - [2025-06-15T00:02:11.939-0400] {dag.py:2941} INFO - Sync 1 DAGs
[2025-06-15T00:02:11.943-0400] {logging_mixin.py:154} INFO - [2025-06-15T00:02:11.943-0400] {dag.py:3722} INFO - Setting next_dagrun for example_trigger_target_dag to None, run_after=None
[2025-06-15T00:02:11.952-0400] {processor.py:179} INFO - Processing /Users/rah/Desktop/creative_projects/rah_coding_repo/projects/fin_data_project_001/finance-data-project-1/.venv/lib/python3.10/site-packages/airflow/example_dags/example_trigger_target_dag.py took 0.143 seconds
[2025-06-15T00:02:13.155-0400] {processor.py:157} INFO - Started process (PID=53289) to work on /Users/rah/Desktop/creative_projects/rah_coding_repo/projects/fin_data_project_001/finance-data-project-1/.venv/lib/python3.10/site-packages/airflow/example_dags/example_trigger_target_dag.py
[2025-06-15T00:02:13.157-0400] {processor.py:829} INFO - Processing file /Users/rah/Desktop/creative_projects/rah_coding_repo/projects/fin_data_project_001/finance-data-project-1/.venv/lib/python3.10/site-packages/airflow/example_dags/example_trigger_target_dag.py for tasks to queue
[2025-06-15T00:02:13.158-0400] {logging_mixin.py:154} INFO - [2025-06-15T00:02:13.157-0400] {dagbag.py:536} INFO - Filling up the DagBag from /Users/rah/Desktop/creative_projects/rah_coding_repo/projects/fin_data_project_001/finance-data-project-1/.venv/lib/python3.10/site-packages/airflow/example_dags/example_trigger_target_dag.py
[2025-06-15T00:02:13.184-0400] {processor.py:839} INFO - DAG(s) dict_keys(['example_trigger_target_dag']) retrieved from /Users/rah/Desktop/creative_projects/rah_coding_repo/projects/fin_data_project_001/finance-data-project-1/.venv/lib/python3.10/site-packages/airflow/example_dags/example_trigger_target_dag.py
[2025-06-15T00:02:13.286-0400] {logging_mixin.py:154} INFO - [2025-06-15T00:02:13.286-0400] {dag.py:2941} INFO - Sync 1 DAGs
[2025-06-15T00:02:13.290-0400] {logging_mixin.py:154} INFO - [2025-06-15T00:02:13.290-0400] {dag.py:3722} INFO - Setting next_dagrun for example_trigger_target_dag to None, run_after=None
[2025-06-15T00:02:13.298-0400] {processor.py:179} INFO - Processing /Users/rah/Desktop/creative_projects/rah_coding_repo/projects/fin_data_project_001/finance-data-project-1/.venv/lib/python3.10/site-packages/airflow/example_dags/example_trigger_target_dag.py took 0.144 seconds
[2025-06-15T00:03:09.920-0400] {processor.py:157} INFO - Started process (PID=54159) to work on /Users/rah/.pyenv/versions/3.10.11/lib/python3.10/site-packages/airflow/example_dags/example_trigger_target_dag.py
[2025-06-15T00:03:09.923-0400] {processor.py:829} INFO - Processing file /Users/rah/.pyenv/versions/3.10.11/lib/python3.10/site-packages/airflow/example_dags/example_trigger_target_dag.py for tasks to queue
[2025-06-15T00:03:09.924-0400] {logging_mixin.py:154} INFO - [2025-06-15T00:03:09.924-0400] {dagbag.py:536} INFO - Filling up the DagBag from /Users/rah/.pyenv/versions/3.10.11/lib/python3.10/site-packages/airflow/example_dags/example_trigger_target_dag.py
[2025-06-15T00:03:09.968-0400] {processor.py:839} INFO - DAG(s) dict_keys(['example_trigger_target_dag']) retrieved from /Users/rah/.pyenv/versions/3.10.11/lib/python3.10/site-packages/airflow/example_dags/example_trigger_target_dag.py
[2025-06-15T00:03:10.320-0400] {logging_mixin.py:154} INFO - [2025-06-15T00:03:10.320-0400] {dag.py:2941} INFO - Sync 1 DAGs
[2025-06-15T00:03:10.325-0400] {logging_mixin.py:154} INFO - [2025-06-15T00:03:10.325-0400] {dag.py:3722} INFO - Setting next_dagrun for example_trigger_target_dag to None, run_after=None
[2025-06-15T00:03:10.334-0400] {processor.py:179} INFO - Processing /Users/rah/.pyenv/versions/3.10.11/lib/python3.10/site-packages/airflow/example_dags/example_trigger_target_dag.py took 0.414 seconds
[2025-06-15T00:06:32.916-0400] {processor.py:157} INFO - Started process (PID=56897) to work on /Users/rah/.pyenv/versions/3.10.11/lib/python3.10/site-packages/airflow/example_dags/example_trigger_target_dag.py
[2025-06-15T00:06:32.920-0400] {processor.py:829} INFO - Processing file /Users/rah/.pyenv/versions/3.10.11/lib/python3.10/site-packages/airflow/example_dags/example_trigger_target_dag.py for tasks to queue
[2025-06-15T00:06:32.921-0400] {logging_mixin.py:154} INFO - [2025-06-15T00:06:32.921-0400] {dagbag.py:536} INFO - Filling up the DagBag from /Users/rah/.pyenv/versions/3.10.11/lib/python3.10/site-packages/airflow/example_dags/example_trigger_target_dag.py
[2025-06-15T00:06:32.963-0400] {processor.py:839} INFO - DAG(s) dict_keys(['example_trigger_target_dag']) retrieved from /Users/rah/.pyenv/versions/3.10.11/lib/python3.10/site-packages/airflow/example_dags/example_trigger_target_dag.py
[2025-06-15T00:06:33.053-0400] {logging_mixin.py:154} INFO - [2025-06-15T00:06:33.053-0400] {dag.py:2941} INFO - Sync 1 DAGs
[2025-06-15T00:06:33.057-0400] {logging_mixin.py:154} INFO - [2025-06-15T00:06:33.057-0400] {dag.py:3722} INFO - Setting next_dagrun for example_trigger_target_dag to None, run_after=None
[2025-06-15T00:06:33.065-0400] {processor.py:179} INFO - Processing /Users/rah/.pyenv/versions/3.10.11/lib/python3.10/site-packages/airflow/example_dags/example_trigger_target_dag.py took 0.149 seconds
[2025-06-15T00:08:01.448-0400] {processor.py:157} INFO - Started process (PID=57941) to work on /Users/rah/.pyenv/versions/3.10.11/lib/python3.10/site-packages/airflow/example_dags/example_trigger_target_dag.py
[2025-06-15T00:08:01.451-0400] {processor.py:829} INFO - Processing file /Users/rah/.pyenv/versions/3.10.11/lib/python3.10/site-packages/airflow/example_dags/example_trigger_target_dag.py for tasks to queue
[2025-06-15T00:08:01.452-0400] {logging_mixin.py:154} INFO - [2025-06-15T00:08:01.451-0400] {dagbag.py:536} INFO - Filling up the DagBag from /Users/rah/.pyenv/versions/3.10.11/lib/python3.10/site-packages/airflow/example_dags/example_trigger_target_dag.py
[2025-06-15T00:08:01.496-0400] {processor.py:839} INFO - DAG(s) dict_keys(['example_trigger_target_dag']) retrieved from /Users/rah/.pyenv/versions/3.10.11/lib/python3.10/site-packages/airflow/example_dags/example_trigger_target_dag.py
[2025-06-15T00:08:01.588-0400] {logging_mixin.py:154} INFO - [2025-06-15T00:08:01.587-0400] {dag.py:2941} INFO - Sync 1 DAGs
[2025-06-15T00:08:01.592-0400] {logging_mixin.py:154} INFO - [2025-06-15T00:08:01.592-0400] {dag.py:3722} INFO - Setting next_dagrun for example_trigger_target_dag to None, run_after=None
[2025-06-15T00:08:01.600-0400] {processor.py:179} INFO - Processing /Users/rah/.pyenv/versions/3.10.11/lib/python3.10/site-packages/airflow/example_dags/example_trigger_target_dag.py took 0.152 seconds
[2025-06-15T00:08:57.376-0400] {processor.py:157} INFO - Started process (PID=58899) to work on /Users/rah/.pyenv/versions/3.10.11/lib/python3.10/site-packages/airflow/example_dags/example_trigger_target_dag.py
[2025-06-15T00:08:57.379-0400] {processor.py:829} INFO - Processing file /Users/rah/.pyenv/versions/3.10.11/lib/python3.10/site-packages/airflow/example_dags/example_trigger_target_dag.py for tasks to queue
[2025-06-15T00:08:57.379-0400] {logging_mixin.py:154} INFO - [2025-06-15T00:08:57.379-0400] {dagbag.py:536} INFO - Filling up the DagBag from /Users/rah/.pyenv/versions/3.10.11/lib/python3.10/site-packages/airflow/example_dags/example_trigger_target_dag.py
[2025-06-15T00:08:57.428-0400] {processor.py:839} INFO - DAG(s) dict_keys(['example_trigger_target_dag']) retrieved from /Users/rah/.pyenv/versions/3.10.11/lib/python3.10/site-packages/airflow/example_dags/example_trigger_target_dag.py
[2025-06-15T00:08:57.523-0400] {logging_mixin.py:154} INFO - [2025-06-15T00:08:57.523-0400] {dag.py:2941} INFO - Sync 1 DAGs
[2025-06-15T00:08:57.527-0400] {logging_mixin.py:154} INFO - [2025-06-15T00:08:57.527-0400] {dag.py:3722} INFO - Setting next_dagrun for example_trigger_target_dag to None, run_after=None
[2025-06-15T00:08:57.537-0400] {processor.py:179} INFO - Processing /Users/rah/.pyenv/versions/3.10.11/lib/python3.10/site-packages/airflow/example_dags/example_trigger_target_dag.py took 0.161 seconds
[2025-06-15T00:09:49.713-0400] {processor.py:157} INFO - Started process (PID=59859) to work on /Users/rah/.pyenv/versions/3.10.11/lib/python3.10/site-packages/airflow/example_dags/example_trigger_target_dag.py
[2025-06-15T00:09:49.716-0400] {processor.py:829} INFO - Processing file /Users/rah/.pyenv/versions/3.10.11/lib/python3.10/site-packages/airflow/example_dags/example_trigger_target_dag.py for tasks to queue
[2025-06-15T00:09:49.716-0400] {logging_mixin.py:154} INFO - [2025-06-15T00:09:49.716-0400] {dagbag.py:536} INFO - Filling up the DagBag from /Users/rah/.pyenv/versions/3.10.11/lib/python3.10/site-packages/airflow/example_dags/example_trigger_target_dag.py
[2025-06-15T00:09:49.759-0400] {processor.py:839} INFO - DAG(s) dict_keys(['example_trigger_target_dag']) retrieved from /Users/rah/.pyenv/versions/3.10.11/lib/python3.10/site-packages/airflow/example_dags/example_trigger_target_dag.py
[2025-06-15T00:09:49.844-0400] {logging_mixin.py:154} INFO - [2025-06-15T00:09:49.844-0400] {dag.py:2941} INFO - Sync 1 DAGs
[2025-06-15T00:09:49.848-0400] {logging_mixin.py:154} INFO - [2025-06-15T00:09:49.848-0400] {dag.py:3722} INFO - Setting next_dagrun for example_trigger_target_dag to None, run_after=None
[2025-06-15T00:09:49.856-0400] {processor.py:179} INFO - Processing /Users/rah/.pyenv/versions/3.10.11/lib/python3.10/site-packages/airflow/example_dags/example_trigger_target_dag.py took 0.143 seconds
[2025-06-15T00:10:40.733-0400] {processor.py:157} INFO - Started process (PID=60819) to work on /Users/rah/.pyenv/versions/3.10.11/lib/python3.10/site-packages/airflow/example_dags/example_trigger_target_dag.py
[2025-06-15T00:10:40.736-0400] {processor.py:829} INFO - Processing file /Users/rah/.pyenv/versions/3.10.11/lib/python3.10/site-packages/airflow/example_dags/example_trigger_target_dag.py for tasks to queue
[2025-06-15T00:10:40.736-0400] {logging_mixin.py:154} INFO - [2025-06-15T00:10:40.736-0400] {dagbag.py:536} INFO - Filling up the DagBag from /Users/rah/.pyenv/versions/3.10.11/lib/python3.10/site-packages/airflow/example_dags/example_trigger_target_dag.py
[2025-06-15T00:10:40.780-0400] {processor.py:839} INFO - DAG(s) dict_keys(['example_trigger_target_dag']) retrieved from /Users/rah/.pyenv/versions/3.10.11/lib/python3.10/site-packages/airflow/example_dags/example_trigger_target_dag.py
[2025-06-15T00:10:40.867-0400] {logging_mixin.py:154} INFO - [2025-06-15T00:10:40.867-0400] {dag.py:2941} INFO - Sync 1 DAGs
[2025-06-15T00:10:40.871-0400] {logging_mixin.py:154} INFO - [2025-06-15T00:10:40.871-0400] {dag.py:3722} INFO - Setting next_dagrun for example_trigger_target_dag to None, run_after=None
[2025-06-15T00:10:40.879-0400] {processor.py:179} INFO - Processing /Users/rah/.pyenv/versions/3.10.11/lib/python3.10/site-packages/airflow/example_dags/example_trigger_target_dag.py took 0.147 seconds
[2025-06-15T00:12:19.733-0400] {processor.py:157} INFO - Started process (PID=62268) to work on /Users/rah/.pyenv/versions/3.10.11/lib/python3.10/site-packages/airflow/example_dags/example_trigger_target_dag.py
[2025-06-15T00:12:19.737-0400] {processor.py:829} INFO - Processing file /Users/rah/.pyenv/versions/3.10.11/lib/python3.10/site-packages/airflow/example_dags/example_trigger_target_dag.py for tasks to queue
[2025-06-15T00:12:19.737-0400] {logging_mixin.py:154} INFO - [2025-06-15T00:12:19.737-0400] {dagbag.py:536} INFO - Filling up the DagBag from /Users/rah/.pyenv/versions/3.10.11/lib/python3.10/site-packages/airflow/example_dags/example_trigger_target_dag.py
[2025-06-15T00:12:19.789-0400] {processor.py:839} INFO - DAG(s) dict_keys(['example_trigger_target_dag']) retrieved from /Users/rah/.pyenv/versions/3.10.11/lib/python3.10/site-packages/airflow/example_dags/example_trigger_target_dag.py
[2025-06-15T00:12:19.890-0400] {logging_mixin.py:154} INFO - [2025-06-15T00:12:19.890-0400] {dag.py:2941} INFO - Sync 1 DAGs
[2025-06-15T00:12:19.894-0400] {logging_mixin.py:154} INFO - [2025-06-15T00:12:19.894-0400] {dag.py:3722} INFO - Setting next_dagrun for example_trigger_target_dag to None, run_after=None
[2025-06-15T00:12:19.904-0400] {processor.py:179} INFO - Processing /Users/rah/.pyenv/versions/3.10.11/lib/python3.10/site-packages/airflow/example_dags/example_trigger_target_dag.py took 0.171 seconds
[2025-06-15T00:13:13.873-0400] {processor.py:157} INFO - Started process (PID=63290) to work on /Users/rah/.pyenv/versions/3.10.11/lib/python3.10/site-packages/airflow/example_dags/example_trigger_target_dag.py
[2025-06-15T00:13:13.876-0400] {processor.py:829} INFO - Processing file /Users/rah/.pyenv/versions/3.10.11/lib/python3.10/site-packages/airflow/example_dags/example_trigger_target_dag.py for tasks to queue
[2025-06-15T00:13:13.876-0400] {logging_mixin.py:154} INFO - [2025-06-15T00:13:13.876-0400] {dagbag.py:536} INFO - Filling up the DagBag from /Users/rah/.pyenv/versions/3.10.11/lib/python3.10/site-packages/airflow/example_dags/example_trigger_target_dag.py
[2025-06-15T00:13:13.917-0400] {processor.py:839} INFO - DAG(s) dict_keys(['example_trigger_target_dag']) retrieved from /Users/rah/.pyenv/versions/3.10.11/lib/python3.10/site-packages/airflow/example_dags/example_trigger_target_dag.py
[2025-06-15T00:13:14.001-0400] {logging_mixin.py:154} INFO - [2025-06-15T00:13:14.001-0400] {dag.py:2941} INFO - Sync 1 DAGs
[2025-06-15T00:13:14.005-0400] {logging_mixin.py:154} INFO - [2025-06-15T00:13:14.005-0400] {dag.py:3722} INFO - Setting next_dagrun for example_trigger_target_dag to None, run_after=None
[2025-06-15T00:13:14.014-0400] {processor.py:179} INFO - Processing /Users/rah/.pyenv/versions/3.10.11/lib/python3.10/site-packages/airflow/example_dags/example_trigger_target_dag.py took 0.141 seconds
[2025-06-15T00:14:04.461-0400] {processor.py:157} INFO - Started process (PID=63820) to work on /Users/rah/.pyenv/versions/3.10.11/lib/python3.10/site-packages/airflow/example_dags/example_trigger_target_dag.py
[2025-06-15T00:14:04.463-0400] {processor.py:829} INFO - Processing file /Users/rah/.pyenv/versions/3.10.11/lib/python3.10/site-packages/airflow/example_dags/example_trigger_target_dag.py for tasks to queue
[2025-06-15T00:14:04.464-0400] {logging_mixin.py:154} INFO - [2025-06-15T00:14:04.464-0400] {dagbag.py:536} INFO - Filling up the DagBag from /Users/rah/.pyenv/versions/3.10.11/lib/python3.10/site-packages/airflow/example_dags/example_trigger_target_dag.py
[2025-06-15T00:14:04.507-0400] {processor.py:839} INFO - DAG(s) dict_keys(['example_trigger_target_dag']) retrieved from /Users/rah/.pyenv/versions/3.10.11/lib/python3.10/site-packages/airflow/example_dags/example_trigger_target_dag.py
[2025-06-15T00:14:04.595-0400] {logging_mixin.py:154} INFO - [2025-06-15T00:14:04.595-0400] {dag.py:2941} INFO - Sync 1 DAGs
[2025-06-15T00:14:04.599-0400] {logging_mixin.py:154} INFO - [2025-06-15T00:14:04.599-0400] {dag.py:3722} INFO - Setting next_dagrun for example_trigger_target_dag to None, run_after=None
[2025-06-15T00:14:04.607-0400] {processor.py:179} INFO - Processing /Users/rah/.pyenv/versions/3.10.11/lib/python3.10/site-packages/airflow/example_dags/example_trigger_target_dag.py took 0.147 seconds
