[2025-06-14T23:48:46.891-0400] {processor.py:157} INFO - Started process (PID=39907) to work on /Users/rah/.pyenv/versions/3.10.11/lib/python3.10/site-packages/airflow/example_dags/example_xcom.py
[2025-06-14T23:48:46.894-0400] {processor.py:829} INFO - Processing file /Users/rah/.pyenv/versions/3.10.11/lib/python3.10/site-packages/airflow/example_dags/example_xcom.py for tasks to queue
[2025-06-14T23:48:46.895-0400] {logging_mixin.py:154} INFO - [2025-06-14T23:48:46.895-0400] {dagbag.py:536} INFO - Filling up the DagBag from /Users/rah/.pyenv/versions/3.10.11/lib/python3.10/site-packages/airflow/example_dags/example_xcom.py
[2025-06-14T23:48:46.942-0400] {processor.py:839} INFO - DAG(s) dict_keys(['example_xcom']) retrieved from /Users/rah/.pyenv/versions/3.10.11/lib/python3.10/site-packages/airflow/example_dags/example_xcom.py
[2025-06-14T23:48:47.262-0400] {logging_mixin.py:154} INFO - [2025-06-14T23:48:47.262-0400] {manager.py:499} INFO - Created Permission View: %s
[2025-06-14T23:48:47.266-0400] {logging_mixin.py:154} INFO - [2025-06-14T23:48:47.266-0400] {manager.py:499} INFO - Created Permission View: %s
[2025-06-14T23:48:47.268-0400] {logging_mixin.py:154} INFO - [2025-06-14T23:48:47.268-0400] {manager.py:499} INFO - Created Permission View: %s
[2025-06-14T23:48:47.268-0400] {logging_mixin.py:154} INFO - [2025-06-14T23:48:47.268-0400] {dag.py:2941} INFO - Sync 1 DAGs
[2025-06-14T23:48:47.273-0400] {logging_mixin.py:154} INFO - [2025-06-14T23:48:47.272-0400] {dag.py:2963} INFO - Creating ORM DAG for example_xcom
[2025-06-14T23:48:47.276-0400] {logging_mixin.py:154} INFO - [2025-06-14T23:48:47.275-0400] {dag.py:3722} INFO - Setting next_dagrun for example_xcom to 2021-01-01T00:00:00+00:00, run_after=2021-01-01T00:00:00+00:00
[2025-06-14T23:48:47.282-0400] {processor.py:179} INFO - Processing /Users/rah/.pyenv/versions/3.10.11/lib/python3.10/site-packages/airflow/example_dags/example_xcom.py took 0.391 seconds
[2025-06-14T23:50:20.169-0400] {processor.py:157} INFO - Started process (PID=41000) to work on /Users/rah/.pyenv/versions/3.10.11/lib/python3.10/site-packages/airflow/example_dags/example_xcom.py
[2025-06-14T23:50:20.173-0400] {processor.py:829} INFO - Processing file /Users/rah/.pyenv/versions/3.10.11/lib/python3.10/site-packages/airflow/example_dags/example_xcom.py for tasks to queue
[2025-06-14T23:50:20.173-0400] {logging_mixin.py:154} INFO - [2025-06-14T23:50:20.173-0400] {dagbag.py:536} INFO - Filling up the DagBag from /Users/rah/.pyenv/versions/3.10.11/lib/python3.10/site-packages/airflow/example_dags/example_xcom.py
[2025-06-14T23:50:20.221-0400] {processor.py:839} INFO - DAG(s) dict_keys(['example_xcom']) retrieved from /Users/rah/.pyenv/versions/3.10.11/lib/python3.10/site-packages/airflow/example_dags/example_xcom.py
[2025-06-14T23:50:20.311-0400] {logging_mixin.py:154} INFO - [2025-06-14T23:50:20.311-0400] {dag.py:2941} INFO - Sync 1 DAGs
[2025-06-14T23:50:20.318-0400] {logging_mixin.py:154} INFO - [2025-06-14T23:50:20.318-0400] {dag.py:3722} INFO - Setting next_dagrun for example_xcom to 2021-01-01T00:00:00+00:00, run_after=2021-01-01T00:00:00+00:00
[2025-06-14T23:50:20.326-0400] {processor.py:179} INFO - Processing /Users/rah/.pyenv/versions/3.10.11/lib/python3.10/site-packages/airflow/example_dags/example_xcom.py took 0.158 seconds
[2025-06-14T23:55:06.399-0400] {processor.py:157} INFO - Started process (PID=45638) to work on /Users/rah/Desktop/creative_projects/rah_coding_repo/projects/fin_data_project_001/finance-data-project-1/.venv/lib/python3.10/site-packages/airflow/example_dags/example_xcom.py
[2025-06-14T23:55:06.402-0400] {processor.py:829} INFO - Processing file /Users/rah/Desktop/creative_projects/rah_coding_repo/projects/fin_data_project_001/finance-data-project-1/.venv/lib/python3.10/site-packages/airflow/example_dags/example_xcom.py for tasks to queue
[2025-06-14T23:55:06.403-0400] {logging_mixin.py:154} INFO - [2025-06-14T23:55:06.403-0400] {dagbag.py:536} INFO - Filling up the DagBag from /Users/rah/Desktop/creative_projects/rah_coding_repo/projects/fin_data_project_001/finance-data-project-1/.venv/lib/python3.10/site-packages/airflow/example_dags/example_xcom.py
[2025-06-14T23:55:06.429-0400] {processor.py:839} INFO - DAG(s) dict_keys(['example_xcom']) retrieved from /Users/rah/Desktop/creative_projects/rah_coding_repo/projects/fin_data_project_001/finance-data-project-1/.venv/lib/python3.10/site-packages/airflow/example_dags/example_xcom.py
[2025-06-14T23:55:06.530-0400] {logging_mixin.py:154} INFO - [2025-06-14T23:55:06.530-0400] {dag.py:2941} INFO - Sync 1 DAGs
[2025-06-14T23:55:06.536-0400] {logging_mixin.py:154} INFO - [2025-06-14T23:55:06.536-0400] {dag.py:3722} INFO - Setting next_dagrun for example_xcom to 2021-01-01T00:00:00+00:00, run_after=2021-01-01T00:00:00+00:00
[2025-06-14T23:55:06.544-0400] {processor.py:179} INFO - Processing /Users/rah/Desktop/creative_projects/rah_coding_repo/projects/fin_data_project_001/finance-data-project-1/.venv/lib/python3.10/site-packages/airflow/example_dags/example_xcom.py took 0.146 seconds
[2025-06-14T23:56:10.642-0400] {processor.py:157} INFO - Started process (PID=46949) to work on /Users/rah/Desktop/creative_projects/rah_coding_repo/projects/fin_data_project_001/finance-data-project-1/.venv/lib/python3.10/site-packages/airflow/example_dags/example_xcom.py
[2025-06-14T23:56:10.645-0400] {processor.py:829} INFO - Processing file /Users/rah/Desktop/creative_projects/rah_coding_repo/projects/fin_data_project_001/finance-data-project-1/.venv/lib/python3.10/site-packages/airflow/example_dags/example_xcom.py for tasks to queue
[2025-06-14T23:56:10.646-0400] {logging_mixin.py:154} INFO - [2025-06-14T23:56:10.646-0400] {dagbag.py:536} INFO - Filling up the DagBag from /Users/rah/Desktop/creative_projects/rah_coding_repo/projects/fin_data_project_001/finance-data-project-1/.venv/lib/python3.10/site-packages/airflow/example_dags/example_xcom.py
[2025-06-14T23:56:10.669-0400] {processor.py:839} INFO - DAG(s) dict_keys(['example_xcom']) retrieved from /Users/rah/Desktop/creative_projects/rah_coding_repo/projects/fin_data_project_001/finance-data-project-1/.venv/lib/python3.10/site-packages/airflow/example_dags/example_xcom.py
[2025-06-14T23:56:10.766-0400] {logging_mixin.py:154} INFO - [2025-06-14T23:56:10.766-0400] {dag.py:2941} INFO - Sync 1 DAGs
[2025-06-14T23:56:10.773-0400] {logging_mixin.py:154} INFO - [2025-06-14T23:56:10.773-0400] {dag.py:3722} INFO - Setting next_dagrun for example_xcom to 2021-01-01T00:00:00+00:00, run_after=2021-01-01T00:00:00+00:00
[2025-06-14T23:56:10.781-0400] {processor.py:179} INFO - Processing /Users/rah/Desktop/creative_projects/rah_coding_repo/projects/fin_data_project_001/finance-data-project-1/.venv/lib/python3.10/site-packages/airflow/example_dags/example_xcom.py took 0.139 seconds
[2025-06-14T23:56:28.306-0400] {processor.py:157} INFO - Started process (PID=47352) to work on /Users/rah/Desktop/creative_projects/rah_coding_repo/projects/fin_data_project_001/finance-data-project-1/.venv/lib/python3.10/site-packages/airflow/example_dags/example_xcom.py
[2025-06-14T23:56:28.308-0400] {processor.py:829} INFO - Processing file /Users/rah/Desktop/creative_projects/rah_coding_repo/projects/fin_data_project_001/finance-data-project-1/.venv/lib/python3.10/site-packages/airflow/example_dags/example_xcom.py for tasks to queue
[2025-06-14T23:56:28.308-0400] {logging_mixin.py:154} INFO - [2025-06-14T23:56:28.308-0400] {dagbag.py:536} INFO - Filling up the DagBag from /Users/rah/Desktop/creative_projects/rah_coding_repo/projects/fin_data_project_001/finance-data-project-1/.venv/lib/python3.10/site-packages/airflow/example_dags/example_xcom.py
[2025-06-14T23:56:28.332-0400] {processor.py:839} INFO - DAG(s) dict_keys(['example_xcom']) retrieved from /Users/rah/Desktop/creative_projects/rah_coding_repo/projects/fin_data_project_001/finance-data-project-1/.venv/lib/python3.10/site-packages/airflow/example_dags/example_xcom.py
[2025-06-14T23:56:28.433-0400] {logging_mixin.py:154} INFO - [2025-06-14T23:56:28.433-0400] {dag.py:2941} INFO - Sync 1 DAGs
[2025-06-14T23:56:28.440-0400] {logging_mixin.py:154} INFO - [2025-06-14T23:56:28.440-0400] {dag.py:3722} INFO - Setting next_dagrun for example_xcom to 2021-01-01T00:00:00+00:00, run_after=2021-01-01T00:00:00+00:00
[2025-06-14T23:56:28.447-0400] {processor.py:179} INFO - Processing /Users/rah/Desktop/creative_projects/rah_coding_repo/projects/fin_data_project_001/finance-data-project-1/.venv/lib/python3.10/site-packages/airflow/example_dags/example_xcom.py took 0.142 seconds
[2025-06-14T23:57:01.961-0400] {processor.py:157} INFO - Started process (PID=48203) to work on /Users/rah/Desktop/creative_projects/rah_coding_repo/projects/fin_data_project_001/finance-data-project-1/.venv/lib/python3.10/site-packages/airflow/example_dags/example_xcom.py
[2025-06-14T23:57:01.964-0400] {processor.py:829} INFO - Processing file /Users/rah/Desktop/creative_projects/rah_coding_repo/projects/fin_data_project_001/finance-data-project-1/.venv/lib/python3.10/site-packages/airflow/example_dags/example_xcom.py for tasks to queue
[2025-06-14T23:57:01.965-0400] {logging_mixin.py:154} INFO - [2025-06-14T23:57:01.965-0400] {dagbag.py:536} INFO - Filling up the DagBag from /Users/rah/Desktop/creative_projects/rah_coding_repo/projects/fin_data_project_001/finance-data-project-1/.venv/lib/python3.10/site-packages/airflow/example_dags/example_xcom.py
[2025-06-14T23:57:01.989-0400] {processor.py:839} INFO - DAG(s) dict_keys(['example_xcom']) retrieved from /Users/rah/Desktop/creative_projects/rah_coding_repo/projects/fin_data_project_001/finance-data-project-1/.venv/lib/python3.10/site-packages/airflow/example_dags/example_xcom.py
[2025-06-14T23:57:02.090-0400] {logging_mixin.py:154} INFO - [2025-06-14T23:57:02.089-0400] {dag.py:2941} INFO - Sync 1 DAGs
[2025-06-14T23:57:02.097-0400] {logging_mixin.py:154} INFO - [2025-06-14T23:57:02.097-0400] {dag.py:3722} INFO - Setting next_dagrun for example_xcom to 2021-01-01T00:00:00+00:00, run_after=2021-01-01T00:00:00+00:00
[2025-06-14T23:57:02.106-0400] {processor.py:179} INFO - Processing /Users/rah/Desktop/creative_projects/rah_coding_repo/projects/fin_data_project_001/finance-data-project-1/.venv/lib/python3.10/site-packages/airflow/example_dags/example_xcom.py took 0.146 seconds
[2025-06-14T23:57:19.869-0400] {processor.py:157} INFO - Started process (PID=48489) to work on /Users/rah/Desktop/creative_projects/rah_coding_repo/projects/fin_data_project_001/finance-data-project-1/.venv/lib/python3.10/site-packages/airflow/example_dags/example_xcom.py
[2025-06-14T23:57:19.871-0400] {processor.py:829} INFO - Processing file /Users/rah/Desktop/creative_projects/rah_coding_repo/projects/fin_data_project_001/finance-data-project-1/.venv/lib/python3.10/site-packages/airflow/example_dags/example_xcom.py for tasks to queue
[2025-06-14T23:57:19.872-0400] {logging_mixin.py:154} INFO - [2025-06-14T23:57:19.872-0400] {dagbag.py:536} INFO - Filling up the DagBag from /Users/rah/Desktop/creative_projects/rah_coding_repo/projects/fin_data_project_001/finance-data-project-1/.venv/lib/python3.10/site-packages/airflow/example_dags/example_xcom.py
[2025-06-14T23:57:19.898-0400] {processor.py:839} INFO - DAG(s) dict_keys(['example_xcom']) retrieved from /Users/rah/Desktop/creative_projects/rah_coding_repo/projects/fin_data_project_001/finance-data-project-1/.venv/lib/python3.10/site-packages/airflow/example_dags/example_xcom.py
[2025-06-14T23:57:20.002-0400] {logging_mixin.py:154} INFO - [2025-06-14T23:57:20.002-0400] {dag.py:2941} INFO - Sync 1 DAGs
[2025-06-14T23:57:20.009-0400] {logging_mixin.py:154} INFO - [2025-06-14T23:57:20.009-0400] {dag.py:3722} INFO - Setting next_dagrun for example_xcom to 2021-01-01T00:00:00+00:00, run_after=2021-01-01T00:00:00+00:00
[2025-06-14T23:57:20.022-0400] {processor.py:179} INFO - Processing /Users/rah/Desktop/creative_projects/rah_coding_repo/projects/fin_data_project_001/finance-data-project-1/.venv/lib/python3.10/site-packages/airflow/example_dags/example_xcom.py took 0.154 seconds
[2025-06-14T23:57:30.255-0400] {processor.py:157} INFO - Started process (PID=48632) to work on /Users/rah/Desktop/creative_projects/rah_coding_repo/projects/fin_data_project_001/finance-data-project-1/.venv/lib/python3.10/site-packages/airflow/example_dags/example_xcom.py
[2025-06-14T23:57:30.257-0400] {processor.py:829} INFO - Processing file /Users/rah/Desktop/creative_projects/rah_coding_repo/projects/fin_data_project_001/finance-data-project-1/.venv/lib/python3.10/site-packages/airflow/example_dags/example_xcom.py for tasks to queue
[2025-06-14T23:57:30.258-0400] {logging_mixin.py:154} INFO - [2025-06-14T23:57:30.257-0400] {dagbag.py:536} INFO - Filling up the DagBag from /Users/rah/Desktop/creative_projects/rah_coding_repo/projects/fin_data_project_001/finance-data-project-1/.venv/lib/python3.10/site-packages/airflow/example_dags/example_xcom.py
[2025-06-14T23:57:30.281-0400] {processor.py:839} INFO - DAG(s) dict_keys(['example_xcom']) retrieved from /Users/rah/Desktop/creative_projects/rah_coding_repo/projects/fin_data_project_001/finance-data-project-1/.venv/lib/python3.10/site-packages/airflow/example_dags/example_xcom.py
[2025-06-14T23:57:30.378-0400] {logging_mixin.py:154} INFO - [2025-06-14T23:57:30.378-0400] {dag.py:2941} INFO - Sync 1 DAGs
[2025-06-14T23:57:30.385-0400] {logging_mixin.py:154} INFO - [2025-06-14T23:57:30.384-0400] {dag.py:3722} INFO - Setting next_dagrun for example_xcom to 2021-01-01T00:00:00+00:00, run_after=2021-01-01T00:00:00+00:00
[2025-06-14T23:57:30.392-0400] {processor.py:179} INFO - Processing /Users/rah/Desktop/creative_projects/rah_coding_repo/projects/fin_data_project_001/finance-data-project-1/.venv/lib/python3.10/site-packages/airflow/example_dags/example_xcom.py took 0.138 seconds
[2025-06-14T23:58:20.018-0400] {processor.py:157} INFO - Started process (PID=49236) to work on /Users/rah/Desktop/creative_projects/rah_coding_repo/projects/fin_data_project_001/finance-data-project-1/.venv/lib/python3.10/site-packages/airflow/example_dags/example_xcom.py
[2025-06-14T23:58:20.020-0400] {processor.py:829} INFO - Processing file /Users/rah/Desktop/creative_projects/rah_coding_repo/projects/fin_data_project_001/finance-data-project-1/.venv/lib/python3.10/site-packages/airflow/example_dags/example_xcom.py for tasks to queue
[2025-06-14T23:58:20.021-0400] {logging_mixin.py:154} INFO - [2025-06-14T23:58:20.021-0400] {dagbag.py:536} INFO - Filling up the DagBag from /Users/rah/Desktop/creative_projects/rah_coding_repo/projects/fin_data_project_001/finance-data-project-1/.venv/lib/python3.10/site-packages/airflow/example_dags/example_xcom.py
[2025-06-14T23:58:20.046-0400] {processor.py:839} INFO - DAG(s) dict_keys(['example_xcom']) retrieved from /Users/rah/Desktop/creative_projects/rah_coding_repo/projects/fin_data_project_001/finance-data-project-1/.venv/lib/python3.10/site-packages/airflow/example_dags/example_xcom.py
[2025-06-14T23:58:20.078-0400] {processor.py:157} INFO - Started process (PID=49238) to work on /Users/rah/Desktop/creative_projects/rah_coding_repo/projects/fin_data_project_001/finance-data-project-1/.venv/lib/python3.10/site-packages/airflow/example_dags/example_xcom.py
[2025-06-14T23:58:20.081-0400] {processor.py:829} INFO - Processing file /Users/rah/Desktop/creative_projects/rah_coding_repo/projects/fin_data_project_001/finance-data-project-1/.venv/lib/python3.10/site-packages/airflow/example_dags/example_xcom.py for tasks to queue
[2025-06-14T23:58:20.081-0400] {logging_mixin.py:154} INFO - [2025-06-14T23:58:20.081-0400] {dagbag.py:536} INFO - Filling up the DagBag from /Users/rah/Desktop/creative_projects/rah_coding_repo/projects/fin_data_project_001/finance-data-project-1/.venv/lib/python3.10/site-packages/airflow/example_dags/example_xcom.py
[2025-06-14T23:58:20.106-0400] {processor.py:839} INFO - DAG(s) dict_keys(['example_xcom']) retrieved from /Users/rah/Desktop/creative_projects/rah_coding_repo/projects/fin_data_project_001/finance-data-project-1/.venv/lib/python3.10/site-packages/airflow/example_dags/example_xcom.py
[2025-06-14T23:58:20.146-0400] {logging_mixin.py:154} INFO - [2025-06-14T23:58:20.146-0400] {dag.py:2941} INFO - Sync 1 DAGs
[2025-06-14T23:58:20.153-0400] {logging_mixin.py:154} INFO - [2025-06-14T23:58:20.153-0400] {dag.py:3722} INFO - Setting next_dagrun for example_xcom to 2021-01-01T00:00:00+00:00, run_after=2021-01-01T00:00:00+00:00
[2025-06-14T23:58:20.161-0400] {processor.py:179} INFO - Processing /Users/rah/Desktop/creative_projects/rah_coding_repo/projects/fin_data_project_001/finance-data-project-1/.venv/lib/python3.10/site-packages/airflow/example_dags/example_xcom.py took 0.145 seconds
[2025-06-14T23:58:20.207-0400] {logging_mixin.py:154} INFO - [2025-06-14T23:58:20.207-0400] {dag.py:2941} INFO - Sync 1 DAGs
[2025-06-14T23:58:20.216-0400] {logging_mixin.py:154} INFO - [2025-06-14T23:58:20.216-0400] {dag.py:3722} INFO - Setting next_dagrun for example_xcom to 2021-01-01T00:00:00+00:00, run_after=2021-01-01T00:00:00+00:00
[2025-06-14T23:58:20.225-0400] {processor.py:179} INFO - Processing /Users/rah/Desktop/creative_projects/rah_coding_repo/projects/fin_data_project_001/finance-data-project-1/.venv/lib/python3.10/site-packages/airflow/example_dags/example_xcom.py took 0.147 seconds
[2025-06-14T23:58:53.280-0400] {processor.py:157} INFO - Started process (PID=50207) to work on /Users/rah/Desktop/creative_projects/rah_coding_repo/projects/fin_data_project_001/finance-data-project-1/.venv/lib/python3.10/site-packages/airflow/example_dags/example_xcom.py
[2025-06-14T23:58:53.283-0400] {processor.py:829} INFO - Processing file /Users/rah/Desktop/creative_projects/rah_coding_repo/projects/fin_data_project_001/finance-data-project-1/.venv/lib/python3.10/site-packages/airflow/example_dags/example_xcom.py for tasks to queue
[2025-06-14T23:58:53.283-0400] {logging_mixin.py:154} INFO - [2025-06-14T23:58:53.283-0400] {dagbag.py:536} INFO - Filling up the DagBag from /Users/rah/Desktop/creative_projects/rah_coding_repo/projects/fin_data_project_001/finance-data-project-1/.venv/lib/python3.10/site-packages/airflow/example_dags/example_xcom.py
[2025-06-14T23:58:53.309-0400] {processor.py:839} INFO - DAG(s) dict_keys(['example_xcom']) retrieved from /Users/rah/Desktop/creative_projects/rah_coding_repo/projects/fin_data_project_001/finance-data-project-1/.venv/lib/python3.10/site-packages/airflow/example_dags/example_xcom.py
[2025-06-14T23:58:53.408-0400] {logging_mixin.py:154} INFO - [2025-06-14T23:58:53.408-0400] {dag.py:2941} INFO - Sync 1 DAGs
[2025-06-14T23:58:53.416-0400] {logging_mixin.py:154} INFO - [2025-06-14T23:58:53.415-0400] {dag.py:3722} INFO - Setting next_dagrun for example_xcom to 2021-01-01T00:00:00+00:00, run_after=2021-01-01T00:00:00+00:00
[2025-06-14T23:58:53.424-0400] {processor.py:179} INFO - Processing /Users/rah/Desktop/creative_projects/rah_coding_repo/projects/fin_data_project_001/finance-data-project-1/.venv/lib/python3.10/site-packages/airflow/example_dags/example_xcom.py took 0.144 seconds
[2025-06-14T23:59:07.753-0400] {processor.py:157} INFO - Started process (PID=50385) to work on /Users/rah/Desktop/creative_projects/rah_coding_repo/projects/fin_data_project_001/finance-data-project-1/.venv/lib/python3.10/site-packages/airflow/example_dags/example_xcom.py
[2025-06-14T23:59:07.755-0400] {processor.py:829} INFO - Processing file /Users/rah/Desktop/creative_projects/rah_coding_repo/projects/fin_data_project_001/finance-data-project-1/.venv/lib/python3.10/site-packages/airflow/example_dags/example_xcom.py for tasks to queue
[2025-06-14T23:59:07.756-0400] {logging_mixin.py:154} INFO - [2025-06-14T23:59:07.756-0400] {dagbag.py:536} INFO - Filling up the DagBag from /Users/rah/Desktop/creative_projects/rah_coding_repo/projects/fin_data_project_001/finance-data-project-1/.venv/lib/python3.10/site-packages/airflow/example_dags/example_xcom.py
[2025-06-14T23:59:07.781-0400] {processor.py:839} INFO - DAG(s) dict_keys(['example_xcom']) retrieved from /Users/rah/Desktop/creative_projects/rah_coding_repo/projects/fin_data_project_001/finance-data-project-1/.venv/lib/python3.10/site-packages/airflow/example_dags/example_xcom.py
[2025-06-14T23:59:07.813-0400] {processor.py:157} INFO - Started process (PID=50386) to work on /Users/rah/Desktop/creative_projects/rah_coding_repo/projects/fin_data_project_001/finance-data-project-1/.venv/lib/python3.10/site-packages/airflow/example_dags/example_xcom.py
[2025-06-14T23:59:07.816-0400] {processor.py:829} INFO - Processing file /Users/rah/Desktop/creative_projects/rah_coding_repo/projects/fin_data_project_001/finance-data-project-1/.venv/lib/python3.10/site-packages/airflow/example_dags/example_xcom.py for tasks to queue
[2025-06-14T23:59:07.816-0400] {logging_mixin.py:154} INFO - [2025-06-14T23:59:07.816-0400] {dagbag.py:536} INFO - Filling up the DagBag from /Users/rah/Desktop/creative_projects/rah_coding_repo/projects/fin_data_project_001/finance-data-project-1/.venv/lib/python3.10/site-packages/airflow/example_dags/example_xcom.py
[2025-06-14T23:59:07.840-0400] {processor.py:839} INFO - DAG(s) dict_keys(['example_xcom']) retrieved from /Users/rah/Desktop/creative_projects/rah_coding_repo/projects/fin_data_project_001/finance-data-project-1/.venv/lib/python3.10/site-packages/airflow/example_dags/example_xcom.py
[2025-06-14T23:59:07.880-0400] {logging_mixin.py:154} INFO - [2025-06-14T23:59:07.879-0400] {dag.py:2941} INFO - Sync 1 DAGs
[2025-06-14T23:59:07.887-0400] {logging_mixin.py:154} INFO - [2025-06-14T23:59:07.887-0400] {dag.py:3722} INFO - Setting next_dagrun for example_xcom to 2021-01-01T00:00:00+00:00, run_after=2021-01-01T00:00:00+00:00
[2025-06-14T23:59:07.895-0400] {processor.py:179} INFO - Processing /Users/rah/Desktop/creative_projects/rah_coding_repo/projects/fin_data_project_001/finance-data-project-1/.venv/lib/python3.10/site-packages/airflow/example_dags/example_xcom.py took 0.142 seconds
[2025-06-14T23:59:07.942-0400] {logging_mixin.py:154} INFO - [2025-06-14T23:59:07.942-0400] {dag.py:2941} INFO - Sync 1 DAGs
[2025-06-14T23:59:07.949-0400] {logging_mixin.py:154} INFO - [2025-06-14T23:59:07.949-0400] {dag.py:3722} INFO - Setting next_dagrun for example_xcom to 2021-01-01T00:00:00+00:00, run_after=2021-01-01T00:00:00+00:00
[2025-06-14T23:59:07.958-0400] {processor.py:179} INFO - Processing /Users/rah/Desktop/creative_projects/rah_coding_repo/projects/fin_data_project_001/finance-data-project-1/.venv/lib/python3.10/site-packages/airflow/example_dags/example_xcom.py took 0.145 seconds
[2025-06-14T23:59:45.612-0400] {processor.py:157} INFO - Started process (PID=51003) to work on /Users/rah/Desktop/creative_projects/rah_coding_repo/projects/fin_data_project_001/finance-data-project-1/.venv/lib/python3.10/site-packages/airflow/example_dags/example_xcom.py
[2025-06-14T23:59:45.615-0400] {processor.py:829} INFO - Processing file /Users/rah/Desktop/creative_projects/rah_coding_repo/projects/fin_data_project_001/finance-data-project-1/.venv/lib/python3.10/site-packages/airflow/example_dags/example_xcom.py for tasks to queue
[2025-06-14T23:59:45.616-0400] {logging_mixin.py:154} INFO - [2025-06-14T23:59:45.615-0400] {dagbag.py:536} INFO - Filling up the DagBag from /Users/rah/Desktop/creative_projects/rah_coding_repo/projects/fin_data_project_001/finance-data-project-1/.venv/lib/python3.10/site-packages/airflow/example_dags/example_xcom.py
[2025-06-14T23:59:45.640-0400] {processor.py:839} INFO - DAG(s) dict_keys(['example_xcom']) retrieved from /Users/rah/Desktop/creative_projects/rah_coding_repo/projects/fin_data_project_001/finance-data-project-1/.venv/lib/python3.10/site-packages/airflow/example_dags/example_xcom.py
[2025-06-14T23:59:45.740-0400] {logging_mixin.py:154} INFO - [2025-06-14T23:59:45.740-0400] {dag.py:2941} INFO - Sync 1 DAGs
[2025-06-14T23:59:45.748-0400] {logging_mixin.py:154} INFO - [2025-06-14T23:59:45.748-0400] {dag.py:3722} INFO - Setting next_dagrun for example_xcom to 2021-01-01T00:00:00+00:00, run_after=2021-01-01T00:00:00+00:00
[2025-06-14T23:59:45.756-0400] {processor.py:179} INFO - Processing /Users/rah/Desktop/creative_projects/rah_coding_repo/projects/fin_data_project_001/finance-data-project-1/.venv/lib/python3.10/site-packages/airflow/example_dags/example_xcom.py took 0.145 seconds
[2025-06-15T00:00:00.556-0400] {processor.py:157} INFO - Started process (PID=51193) to work on /Users/rah/Desktop/creative_projects/rah_coding_repo/projects/fin_data_project_001/finance-data-project-1/.venv/lib/python3.10/site-packages/airflow/example_dags/example_xcom.py
[2025-06-15T00:00:00.559-0400] {processor.py:829} INFO - Processing file /Users/rah/Desktop/creative_projects/rah_coding_repo/projects/fin_data_project_001/finance-data-project-1/.venv/lib/python3.10/site-packages/airflow/example_dags/example_xcom.py for tasks to queue
[2025-06-15T00:00:00.559-0400] {logging_mixin.py:154} INFO - [2025-06-15T00:00:00.559-0400] {dagbag.py:536} INFO - Filling up the DagBag from /Users/rah/Desktop/creative_projects/rah_coding_repo/projects/fin_data_project_001/finance-data-project-1/.venv/lib/python3.10/site-packages/airflow/example_dags/example_xcom.py
[2025-06-15T00:00:00.588-0400] {processor.py:839} INFO - DAG(s) dict_keys(['example_xcom']) retrieved from /Users/rah/Desktop/creative_projects/rah_coding_repo/projects/fin_data_project_001/finance-data-project-1/.venv/lib/python3.10/site-packages/airflow/example_dags/example_xcom.py
[2025-06-15T00:00:00.700-0400] {logging_mixin.py:154} INFO - [2025-06-15T00:00:00.700-0400] {dag.py:2941} INFO - Sync 1 DAGs
[2025-06-15T00:00:00.708-0400] {logging_mixin.py:154} INFO - [2025-06-15T00:00:00.708-0400] {dag.py:3722} INFO - Setting next_dagrun for example_xcom to 2021-01-01T00:00:00+00:00, run_after=2021-01-01T00:00:00+00:00
[2025-06-15T00:00:00.718-0400] {processor.py:179} INFO - Processing /Users/rah/Desktop/creative_projects/rah_coding_repo/projects/fin_data_project_001/finance-data-project-1/.venv/lib/python3.10/site-packages/airflow/example_dags/example_xcom.py took 0.163 seconds
[2025-06-15T00:00:32.876-0400] {processor.py:157} INFO - Started process (PID=51686) to work on /Users/rah/Desktop/creative_projects/rah_coding_repo/projects/fin_data_project_001/finance-data-project-1/.venv/lib/python3.10/site-packages/airflow/example_dags/example_xcom.py
[2025-06-15T00:00:32.878-0400] {processor.py:829} INFO - Processing file /Users/rah/Desktop/creative_projects/rah_coding_repo/projects/fin_data_project_001/finance-data-project-1/.venv/lib/python3.10/site-packages/airflow/example_dags/example_xcom.py for tasks to queue
[2025-06-15T00:00:32.879-0400] {logging_mixin.py:154} INFO - [2025-06-15T00:00:32.878-0400] {dagbag.py:536} INFO - Filling up the DagBag from /Users/rah/Desktop/creative_projects/rah_coding_repo/projects/fin_data_project_001/finance-data-project-1/.venv/lib/python3.10/site-packages/airflow/example_dags/example_xcom.py
[2025-06-15T00:00:32.901-0400] {processor.py:839} INFO - DAG(s) dict_keys(['example_xcom']) retrieved from /Users/rah/Desktop/creative_projects/rah_coding_repo/projects/fin_data_project_001/finance-data-project-1/.venv/lib/python3.10/site-packages/airflow/example_dags/example_xcom.py
[2025-06-15T00:00:32.995-0400] {logging_mixin.py:154} INFO - [2025-06-15T00:00:32.995-0400] {dag.py:2941} INFO - Sync 1 DAGs
[2025-06-15T00:00:33.002-0400] {logging_mixin.py:154} INFO - [2025-06-15T00:00:33.002-0400] {dag.py:3722} INFO - Setting next_dagrun for example_xcom to 2021-01-01T00:00:00+00:00, run_after=2021-01-01T00:00:00+00:00
[2025-06-15T00:00:33.010-0400] {processor.py:179} INFO - Processing /Users/rah/Desktop/creative_projects/rah_coding_repo/projects/fin_data_project_001/finance-data-project-1/.venv/lib/python3.10/site-packages/airflow/example_dags/example_xcom.py took 0.135 seconds
[2025-06-15T00:00:37.628-0400] {processor.py:157} INFO - Started process (PID=51711) to work on /Users/rah/Desktop/creative_projects/rah_coding_repo/projects/fin_data_project_001/finance-data-project-1/.venv/lib/python3.10/site-packages/airflow/example_dags/example_xcom.py
[2025-06-15T00:00:37.630-0400] {processor.py:829} INFO - Processing file /Users/rah/Desktop/creative_projects/rah_coding_repo/projects/fin_data_project_001/finance-data-project-1/.venv/lib/python3.10/site-packages/airflow/example_dags/example_xcom.py for tasks to queue
[2025-06-15T00:00:37.631-0400] {logging_mixin.py:154} INFO - [2025-06-15T00:00:37.630-0400] {dagbag.py:536} INFO - Filling up the DagBag from /Users/rah/Desktop/creative_projects/rah_coding_repo/projects/fin_data_project_001/finance-data-project-1/.venv/lib/python3.10/site-packages/airflow/example_dags/example_xcom.py
[2025-06-15T00:00:37.664-0400] {processor.py:839} INFO - DAG(s) dict_keys(['example_xcom']) retrieved from /Users/rah/Desktop/creative_projects/rah_coding_repo/projects/fin_data_project_001/finance-data-project-1/.venv/lib/python3.10/site-packages/airflow/example_dags/example_xcom.py
[2025-06-15T00:00:37.783-0400] {logging_mixin.py:154} INFO - [2025-06-15T00:00:37.783-0400] {dag.py:2941} INFO - Sync 1 DAGs
[2025-06-15T00:00:37.790-0400] {logging_mixin.py:154} INFO - [2025-06-15T00:00:37.790-0400] {dag.py:3722} INFO - Setting next_dagrun for example_xcom to 2021-01-01T00:00:00+00:00, run_after=2021-01-01T00:00:00+00:00
[2025-06-15T00:00:37.798-0400] {processor.py:179} INFO - Processing /Users/rah/Desktop/creative_projects/rah_coding_repo/projects/fin_data_project_001/finance-data-project-1/.venv/lib/python3.10/site-packages/airflow/example_dags/example_xcom.py took 0.172 seconds
[2025-06-15T00:00:38.371-0400] {processor.py:157} INFO - Started process (PID=51818) to work on /Users/rah/Desktop/creative_projects/rah_coding_repo/projects/fin_data_project_001/finance-data-project-1/.venv/lib/python3.10/site-packages/airflow/example_dags/example_xcom.py
[2025-06-15T00:00:38.374-0400] {processor.py:829} INFO - Processing file /Users/rah/Desktop/creative_projects/rah_coding_repo/projects/fin_data_project_001/finance-data-project-1/.venv/lib/python3.10/site-packages/airflow/example_dags/example_xcom.py for tasks to queue
[2025-06-15T00:00:38.374-0400] {logging_mixin.py:154} INFO - [2025-06-15T00:00:38.374-0400] {dagbag.py:536} INFO - Filling up the DagBag from /Users/rah/Desktop/creative_projects/rah_coding_repo/projects/fin_data_project_001/finance-data-project-1/.venv/lib/python3.10/site-packages/airflow/example_dags/example_xcom.py
[2025-06-15T00:00:38.398-0400] {processor.py:839} INFO - DAG(s) dict_keys(['example_xcom']) retrieved from /Users/rah/Desktop/creative_projects/rah_coding_repo/projects/fin_data_project_001/finance-data-project-1/.venv/lib/python3.10/site-packages/airflow/example_dags/example_xcom.py
[2025-06-15T00:00:38.495-0400] {logging_mixin.py:154} INFO - [2025-06-15T00:00:38.495-0400] {dag.py:2941} INFO - Sync 1 DAGs
[2025-06-15T00:00:38.502-0400] {logging_mixin.py:154} INFO - [2025-06-15T00:00:38.502-0400] {dag.py:3722} INFO - Setting next_dagrun for example_xcom to 2021-01-01T00:00:00+00:00, run_after=2021-01-01T00:00:00+00:00
[2025-06-15T00:00:38.510-0400] {processor.py:179} INFO - Processing /Users/rah/Desktop/creative_projects/rah_coding_repo/projects/fin_data_project_001/finance-data-project-1/.venv/lib/python3.10/site-packages/airflow/example_dags/example_xcom.py took 0.140 seconds
[2025-06-15T00:00:53.382-0400] {processor.py:157} INFO - Started process (PID=52001) to work on /Users/rah/Desktop/creative_projects/rah_coding_repo/projects/fin_data_project_001/finance-data-project-1/.venv/lib/python3.10/site-packages/airflow/example_dags/example_xcom.py
[2025-06-15T00:00:53.384-0400] {processor.py:829} INFO - Processing file /Users/rah/Desktop/creative_projects/rah_coding_repo/projects/fin_data_project_001/finance-data-project-1/.venv/lib/python3.10/site-packages/airflow/example_dags/example_xcom.py for tasks to queue
[2025-06-15T00:00:53.385-0400] {logging_mixin.py:154} INFO - [2025-06-15T00:00:53.385-0400] {dagbag.py:536} INFO - Filling up the DagBag from /Users/rah/Desktop/creative_projects/rah_coding_repo/projects/fin_data_project_001/finance-data-project-1/.venv/lib/python3.10/site-packages/airflow/example_dags/example_xcom.py
[2025-06-15T00:00:53.407-0400] {processor.py:839} INFO - DAG(s) dict_keys(['example_xcom']) retrieved from /Users/rah/Desktop/creative_projects/rah_coding_repo/projects/fin_data_project_001/finance-data-project-1/.venv/lib/python3.10/site-packages/airflow/example_dags/example_xcom.py
[2025-06-15T00:00:53.495-0400] {logging_mixin.py:154} INFO - [2025-06-15T00:00:53.495-0400] {dag.py:2941} INFO - Sync 1 DAGs
[2025-06-15T00:00:53.501-0400] {logging_mixin.py:154} INFO - [2025-06-15T00:00:53.501-0400] {dag.py:3722} INFO - Setting next_dagrun for example_xcom to 2021-01-01T00:00:00+00:00, run_after=2021-01-01T00:00:00+00:00
[2025-06-15T00:00:53.509-0400] {processor.py:179} INFO - Processing /Users/rah/Desktop/creative_projects/rah_coding_repo/projects/fin_data_project_001/finance-data-project-1/.venv/lib/python3.10/site-packages/airflow/example_dags/example_xcom.py took 0.127 seconds
[2025-06-15T00:01:20.608-0400] {processor.py:157} INFO - Started process (PID=52473) to work on /Users/rah/Desktop/creative_projects/rah_coding_repo/projects/fin_data_project_001/finance-data-project-1/.venv/lib/python3.10/site-packages/airflow/example_dags/example_xcom.py
[2025-06-15T00:01:20.610-0400] {processor.py:829} INFO - Processing file /Users/rah/Desktop/creative_projects/rah_coding_repo/projects/fin_data_project_001/finance-data-project-1/.venv/lib/python3.10/site-packages/airflow/example_dags/example_xcom.py for tasks to queue
[2025-06-15T00:01:20.611-0400] {logging_mixin.py:154} INFO - [2025-06-15T00:01:20.611-0400] {dagbag.py:536} INFO - Filling up the DagBag from /Users/rah/Desktop/creative_projects/rah_coding_repo/projects/fin_data_project_001/finance-data-project-1/.venv/lib/python3.10/site-packages/airflow/example_dags/example_xcom.py
[2025-06-15T00:01:20.634-0400] {processor.py:839} INFO - DAG(s) dict_keys(['example_xcom']) retrieved from /Users/rah/Desktop/creative_projects/rah_coding_repo/projects/fin_data_project_001/finance-data-project-1/.venv/lib/python3.10/site-packages/airflow/example_dags/example_xcom.py
[2025-06-15T00:01:20.729-0400] {logging_mixin.py:154} INFO - [2025-06-15T00:01:20.729-0400] {dag.py:2941} INFO - Sync 1 DAGs
[2025-06-15T00:01:20.737-0400] {logging_mixin.py:154} INFO - [2025-06-15T00:01:20.737-0400] {dag.py:3722} INFO - Setting next_dagrun for example_xcom to 2021-01-01T00:00:00+00:00, run_after=2021-01-01T00:00:00+00:00
[2025-06-15T00:01:20.745-0400] {processor.py:179} INFO - Processing /Users/rah/Desktop/creative_projects/rah_coding_repo/projects/fin_data_project_001/finance-data-project-1/.venv/lib/python3.10/site-packages/airflow/example_dags/example_xcom.py took 0.138 seconds
[2025-06-15T00:01:25.884-0400] {processor.py:157} INFO - Started process (PID=52503) to work on /Users/rah/Desktop/creative_projects/rah_coding_repo/projects/fin_data_project_001/finance-data-project-1/.venv/lib/python3.10/site-packages/airflow/example_dags/example_xcom.py
[2025-06-15T00:01:25.887-0400] {processor.py:829} INFO - Processing file /Users/rah/Desktop/creative_projects/rah_coding_repo/projects/fin_data_project_001/finance-data-project-1/.venv/lib/python3.10/site-packages/airflow/example_dags/example_xcom.py for tasks to queue
[2025-06-15T00:01:25.887-0400] {logging_mixin.py:154} INFO - [2025-06-15T00:01:25.887-0400] {dagbag.py:536} INFO - Filling up the DagBag from /Users/rah/Desktop/creative_projects/rah_coding_repo/projects/fin_data_project_001/finance-data-project-1/.venv/lib/python3.10/site-packages/airflow/example_dags/example_xcom.py
[2025-06-15T00:01:25.911-0400] {processor.py:839} INFO - DAG(s) dict_keys(['example_xcom']) retrieved from /Users/rah/Desktop/creative_projects/rah_coding_repo/projects/fin_data_project_001/finance-data-project-1/.venv/lib/python3.10/site-packages/airflow/example_dags/example_xcom.py
[2025-06-15T00:01:26.008-0400] {logging_mixin.py:154} INFO - [2025-06-15T00:01:26.008-0400] {dag.py:2941} INFO - Sync 1 DAGs
[2025-06-15T00:01:26.015-0400] {logging_mixin.py:154} INFO - [2025-06-15T00:01:26.015-0400] {dag.py:3722} INFO - Setting next_dagrun for example_xcom to 2021-01-01T00:00:00+00:00, run_after=2021-01-01T00:00:00+00:00
[2025-06-15T00:01:26.023-0400] {processor.py:179} INFO - Processing /Users/rah/Desktop/creative_projects/rah_coding_repo/projects/fin_data_project_001/finance-data-project-1/.venv/lib/python3.10/site-packages/airflow/example_dags/example_xcom.py took 0.139 seconds
[2025-06-15T00:01:40.825-0400] {processor.py:157} INFO - Started process (PID=52739) to work on /Users/rah/Desktop/creative_projects/rah_coding_repo/projects/fin_data_project_001/finance-data-project-1/.venv/lib/python3.10/site-packages/airflow/example_dags/example_xcom.py
[2025-06-15T00:01:40.827-0400] {processor.py:829} INFO - Processing file /Users/rah/Desktop/creative_projects/rah_coding_repo/projects/fin_data_project_001/finance-data-project-1/.venv/lib/python3.10/site-packages/airflow/example_dags/example_xcom.py for tasks to queue
[2025-06-15T00:01:40.828-0400] {logging_mixin.py:154} INFO - [2025-06-15T00:01:40.828-0400] {dagbag.py:536} INFO - Filling up the DagBag from /Users/rah/Desktop/creative_projects/rah_coding_repo/projects/fin_data_project_001/finance-data-project-1/.venv/lib/python3.10/site-packages/airflow/example_dags/example_xcom.py
[2025-06-15T00:01:40.853-0400] {processor.py:839} INFO - DAG(s) dict_keys(['example_xcom']) retrieved from /Users/rah/Desktop/creative_projects/rah_coding_repo/projects/fin_data_project_001/finance-data-project-1/.venv/lib/python3.10/site-packages/airflow/example_dags/example_xcom.py
[2025-06-15T00:01:40.956-0400] {logging_mixin.py:154} INFO - [2025-06-15T00:01:40.955-0400] {dag.py:2941} INFO - Sync 1 DAGs
[2025-06-15T00:01:40.963-0400] {logging_mixin.py:154} INFO - [2025-06-15T00:01:40.963-0400] {dag.py:3722} INFO - Setting next_dagrun for example_xcom to 2021-01-01T00:00:00+00:00, run_after=2021-01-01T00:00:00+00:00
[2025-06-15T00:01:40.971-0400] {processor.py:179} INFO - Processing /Users/rah/Desktop/creative_projects/rah_coding_repo/projects/fin_data_project_001/finance-data-project-1/.venv/lib/python3.10/site-packages/airflow/example_dags/example_xcom.py took 0.147 seconds
[2025-06-15T00:02:10.031-0400] {processor.py:157} INFO - Started process (PID=53167) to work on /Users/rah/Desktop/creative_projects/rah_coding_repo/projects/fin_data_project_001/finance-data-project-1/.venv/lib/python3.10/site-packages/airflow/example_dags/example_xcom.py
[2025-06-15T00:02:10.033-0400] {processor.py:829} INFO - Processing file /Users/rah/Desktop/creative_projects/rah_coding_repo/projects/fin_data_project_001/finance-data-project-1/.venv/lib/python3.10/site-packages/airflow/example_dags/example_xcom.py for tasks to queue
[2025-06-15T00:02:10.034-0400] {logging_mixin.py:154} INFO - [2025-06-15T00:02:10.033-0400] {dagbag.py:536} INFO - Filling up the DagBag from /Users/rah/Desktop/creative_projects/rah_coding_repo/projects/fin_data_project_001/finance-data-project-1/.venv/lib/python3.10/site-packages/airflow/example_dags/example_xcom.py
[2025-06-15T00:02:10.061-0400] {processor.py:839} INFO - DAG(s) dict_keys(['example_xcom']) retrieved from /Users/rah/Desktop/creative_projects/rah_coding_repo/projects/fin_data_project_001/finance-data-project-1/.venv/lib/python3.10/site-packages/airflow/example_dags/example_xcom.py
[2025-06-15T00:02:10.156-0400] {logging_mixin.py:154} INFO - [2025-06-15T00:02:10.155-0400] {dag.py:2941} INFO - Sync 1 DAGs
[2025-06-15T00:02:10.162-0400] {logging_mixin.py:154} INFO - [2025-06-15T00:02:10.162-0400] {dag.py:3722} INFO - Setting next_dagrun for example_xcom to 2021-01-01T00:00:00+00:00, run_after=2021-01-01T00:00:00+00:00
[2025-06-15T00:02:10.171-0400] {processor.py:179} INFO - Processing /Users/rah/Desktop/creative_projects/rah_coding_repo/projects/fin_data_project_001/finance-data-project-1/.venv/lib/python3.10/site-packages/airflow/example_dags/example_xcom.py took 0.141 seconds
[2025-06-15T00:03:08.104-0400] {processor.py:157} INFO - Started process (PID=54157) to work on /Users/rah/.pyenv/versions/3.10.11/lib/python3.10/site-packages/airflow/example_dags/example_xcom.py
[2025-06-15T00:03:08.107-0400] {processor.py:829} INFO - Processing file /Users/rah/.pyenv/versions/3.10.11/lib/python3.10/site-packages/airflow/example_dags/example_xcom.py for tasks to queue
[2025-06-15T00:03:08.108-0400] {logging_mixin.py:154} INFO - [2025-06-15T00:03:08.108-0400] {dagbag.py:536} INFO - Filling up the DagBag from /Users/rah/.pyenv/versions/3.10.11/lib/python3.10/site-packages/airflow/example_dags/example_xcom.py
[2025-06-15T00:03:08.152-0400] {processor.py:839} INFO - DAG(s) dict_keys(['example_xcom']) retrieved from /Users/rah/.pyenv/versions/3.10.11/lib/python3.10/site-packages/airflow/example_dags/example_xcom.py
[2025-06-15T00:03:08.479-0400] {logging_mixin.py:154} INFO - [2025-06-15T00:03:08.479-0400] {dag.py:2941} INFO - Sync 1 DAGs
[2025-06-15T00:03:08.486-0400] {logging_mixin.py:154} INFO - [2025-06-15T00:03:08.486-0400] {dag.py:3722} INFO - Setting next_dagrun for example_xcom to 2021-01-01T00:00:00+00:00, run_after=2021-01-01T00:00:00+00:00
[2025-06-15T00:03:08.494-0400] {processor.py:179} INFO - Processing /Users/rah/.pyenv/versions/3.10.11/lib/python3.10/site-packages/airflow/example_dags/example_xcom.py took 0.390 seconds
[2025-06-15T00:06:31.016-0400] {processor.py:157} INFO - Started process (PID=56895) to work on /Users/rah/.pyenv/versions/3.10.11/lib/python3.10/site-packages/airflow/example_dags/example_xcom.py
[2025-06-15T00:06:31.019-0400] {processor.py:829} INFO - Processing file /Users/rah/.pyenv/versions/3.10.11/lib/python3.10/site-packages/airflow/example_dags/example_xcom.py for tasks to queue
[2025-06-15T00:06:31.020-0400] {logging_mixin.py:154} INFO - [2025-06-15T00:06:31.020-0400] {dagbag.py:536} INFO - Filling up the DagBag from /Users/rah/.pyenv/versions/3.10.11/lib/python3.10/site-packages/airflow/example_dags/example_xcom.py
[2025-06-15T00:06:31.077-0400] {processor.py:839} INFO - DAG(s) dict_keys(['example_xcom']) retrieved from /Users/rah/.pyenv/versions/3.10.11/lib/python3.10/site-packages/airflow/example_dags/example_xcom.py
[2025-06-15T00:06:31.184-0400] {logging_mixin.py:154} INFO - [2025-06-15T00:06:31.184-0400] {dag.py:2941} INFO - Sync 1 DAGs
[2025-06-15T00:06:31.191-0400] {logging_mixin.py:154} INFO - [2025-06-15T00:06:31.191-0400] {dag.py:3722} INFO - Setting next_dagrun for example_xcom to 2021-01-01T00:00:00+00:00, run_after=2021-01-01T00:00:00+00:00
[2025-06-15T00:06:31.201-0400] {processor.py:179} INFO - Processing /Users/rah/.pyenv/versions/3.10.11/lib/python3.10/site-packages/airflow/example_dags/example_xcom.py took 0.185 seconds
[2025-06-15T00:07:59.592-0400] {processor.py:157} INFO - Started process (PID=57939) to work on /Users/rah/.pyenv/versions/3.10.11/lib/python3.10/site-packages/airflow/example_dags/example_xcom.py
[2025-06-15T00:07:59.595-0400] {processor.py:829} INFO - Processing file /Users/rah/.pyenv/versions/3.10.11/lib/python3.10/site-packages/airflow/example_dags/example_xcom.py for tasks to queue
[2025-06-15T00:07:59.596-0400] {logging_mixin.py:154} INFO - [2025-06-15T00:07:59.596-0400] {dagbag.py:536} INFO - Filling up the DagBag from /Users/rah/.pyenv/versions/3.10.11/lib/python3.10/site-packages/airflow/example_dags/example_xcom.py
[2025-06-15T00:07:59.638-0400] {processor.py:839} INFO - DAG(s) dict_keys(['example_xcom']) retrieved from /Users/rah/.pyenv/versions/3.10.11/lib/python3.10/site-packages/airflow/example_dags/example_xcom.py
[2025-06-15T00:07:59.727-0400] {logging_mixin.py:154} INFO - [2025-06-15T00:07:59.726-0400] {dag.py:2941} INFO - Sync 1 DAGs
[2025-06-15T00:07:59.733-0400] {logging_mixin.py:154} INFO - [2025-06-15T00:07:59.733-0400] {dag.py:3722} INFO - Setting next_dagrun for example_xcom to 2021-01-01T00:00:00+00:00, run_after=2021-01-01T00:00:00+00:00
[2025-06-15T00:07:59.740-0400] {processor.py:179} INFO - Processing /Users/rah/.pyenv/versions/3.10.11/lib/python3.10/site-packages/airflow/example_dags/example_xcom.py took 0.149 seconds
[2025-06-15T00:08:55.541-0400] {processor.py:157} INFO - Started process (PID=58897) to work on /Users/rah/.pyenv/versions/3.10.11/lib/python3.10/site-packages/airflow/example_dags/example_xcom.py
[2025-06-15T00:08:55.544-0400] {processor.py:829} INFO - Processing file /Users/rah/.pyenv/versions/3.10.11/lib/python3.10/site-packages/airflow/example_dags/example_xcom.py for tasks to queue
[2025-06-15T00:08:55.544-0400] {logging_mixin.py:154} INFO - [2025-06-15T00:08:55.544-0400] {dagbag.py:536} INFO - Filling up the DagBag from /Users/rah/.pyenv/versions/3.10.11/lib/python3.10/site-packages/airflow/example_dags/example_xcom.py
[2025-06-15T00:08:55.586-0400] {processor.py:839} INFO - DAG(s) dict_keys(['example_xcom']) retrieved from /Users/rah/.pyenv/versions/3.10.11/lib/python3.10/site-packages/airflow/example_dags/example_xcom.py
[2025-06-15T00:08:55.672-0400] {logging_mixin.py:154} INFO - [2025-06-15T00:08:55.672-0400] {dag.py:2941} INFO - Sync 1 DAGs
[2025-06-15T00:08:55.678-0400] {logging_mixin.py:154} INFO - [2025-06-15T00:08:55.678-0400] {dag.py:3722} INFO - Setting next_dagrun for example_xcom to 2021-01-01T00:00:00+00:00, run_after=2021-01-01T00:00:00+00:00
[2025-06-15T00:08:55.686-0400] {processor.py:179} INFO - Processing /Users/rah/.pyenv/versions/3.10.11/lib/python3.10/site-packages/airflow/example_dags/example_xcom.py took 0.146 seconds
[2025-06-15T00:09:47.864-0400] {processor.py:157} INFO - Started process (PID=59852) to work on /Users/rah/.pyenv/versions/3.10.11/lib/python3.10/site-packages/airflow/example_dags/example_xcom.py
[2025-06-15T00:09:47.867-0400] {processor.py:829} INFO - Processing file /Users/rah/.pyenv/versions/3.10.11/lib/python3.10/site-packages/airflow/example_dags/example_xcom.py for tasks to queue
[2025-06-15T00:09:47.868-0400] {logging_mixin.py:154} INFO - [2025-06-15T00:09:47.868-0400] {dagbag.py:536} INFO - Filling up the DagBag from /Users/rah/.pyenv/versions/3.10.11/lib/python3.10/site-packages/airflow/example_dags/example_xcom.py
[2025-06-15T00:09:47.915-0400] {processor.py:839} INFO - DAG(s) dict_keys(['example_xcom']) retrieved from /Users/rah/.pyenv/versions/3.10.11/lib/python3.10/site-packages/airflow/example_dags/example_xcom.py
[2025-06-15T00:09:48.006-0400] {logging_mixin.py:154} INFO - [2025-06-15T00:09:48.006-0400] {dag.py:2941} INFO - Sync 1 DAGs
[2025-06-15T00:09:48.012-0400] {logging_mixin.py:154} INFO - [2025-06-15T00:09:48.012-0400] {dag.py:3722} INFO - Setting next_dagrun for example_xcom to 2021-01-01T00:00:00+00:00, run_after=2021-01-01T00:00:00+00:00
[2025-06-15T00:09:48.021-0400] {processor.py:179} INFO - Processing /Users/rah/.pyenv/versions/3.10.11/lib/python3.10/site-packages/airflow/example_dags/example_xcom.py took 0.157 seconds
[2025-06-15T00:10:39.290-0400] {processor.py:157} INFO - Started process (PID=60817) to work on /Users/rah/.pyenv/versions/3.10.11/lib/python3.10/site-packages/airflow/example_dags/example_xcom.py
[2025-06-15T00:10:39.293-0400] {processor.py:829} INFO - Processing file /Users/rah/.pyenv/versions/3.10.11/lib/python3.10/site-packages/airflow/example_dags/example_xcom.py for tasks to queue
[2025-06-15T00:10:39.294-0400] {logging_mixin.py:154} INFO - [2025-06-15T00:10:39.293-0400] {dagbag.py:536} INFO - Filling up the DagBag from /Users/rah/.pyenv/versions/3.10.11/lib/python3.10/site-packages/airflow/example_dags/example_xcom.py
[2025-06-15T00:10:39.341-0400] {processor.py:839} INFO - DAG(s) dict_keys(['example_xcom']) retrieved from /Users/rah/.pyenv/versions/3.10.11/lib/python3.10/site-packages/airflow/example_dags/example_xcom.py
[2025-06-15T00:10:39.433-0400] {logging_mixin.py:154} INFO - [2025-06-15T00:10:39.433-0400] {dag.py:2941} INFO - Sync 1 DAGs
[2025-06-15T00:10:39.439-0400] {logging_mixin.py:154} INFO - [2025-06-15T00:10:39.439-0400] {dag.py:3722} INFO - Setting next_dagrun for example_xcom to 2021-01-01T00:00:00+00:00, run_after=2021-01-01T00:00:00+00:00
[2025-06-15T00:10:39.448-0400] {processor.py:179} INFO - Processing /Users/rah/.pyenv/versions/3.10.11/lib/python3.10/site-packages/airflow/example_dags/example_xcom.py took 0.158 seconds
[2025-06-15T00:11:27.720-0400] {processor.py:157} INFO - Started process (PID=61441) to work on /Users/rah/.pyenv/versions/3.10.11/lib/python3.10/site-packages/airflow/example_dags/example_xcom.py
[2025-06-15T00:11:27.723-0400] {processor.py:829} INFO - Processing file /Users/rah/.pyenv/versions/3.10.11/lib/python3.10/site-packages/airflow/example_dags/example_xcom.py for tasks to queue
[2025-06-15T00:11:27.723-0400] {logging_mixin.py:154} INFO - [2025-06-15T00:11:27.723-0400] {dagbag.py:536} INFO - Filling up the DagBag from /Users/rah/.pyenv/versions/3.10.11/lib/python3.10/site-packages/airflow/example_dags/example_xcom.py
[2025-06-15T00:11:27.765-0400] {processor.py:839} INFO - DAG(s) dict_keys(['example_xcom']) retrieved from /Users/rah/.pyenv/versions/3.10.11/lib/python3.10/site-packages/airflow/example_dags/example_xcom.py
[2025-06-15T00:11:27.850-0400] {logging_mixin.py:154} INFO - [2025-06-15T00:11:27.850-0400] {dag.py:2941} INFO - Sync 1 DAGs
[2025-06-15T00:11:27.857-0400] {logging_mixin.py:154} INFO - [2025-06-15T00:11:27.857-0400] {dag.py:3722} INFO - Setting next_dagrun for example_xcom to 2021-01-01T00:00:00+00:00, run_after=2021-01-01T00:00:00+00:00
[2025-06-15T00:11:27.864-0400] {processor.py:179} INFO - Processing /Users/rah/.pyenv/versions/3.10.11/lib/python3.10/site-packages/airflow/example_dags/example_xcom.py took 0.144 seconds
[2025-06-15T00:12:17.757-0400] {processor.py:157} INFO - Started process (PID=62261) to work on /Users/rah/.pyenv/versions/3.10.11/lib/python3.10/site-packages/airflow/example_dags/example_xcom.py
[2025-06-15T00:12:17.760-0400] {processor.py:829} INFO - Processing file /Users/rah/.pyenv/versions/3.10.11/lib/python3.10/site-packages/airflow/example_dags/example_xcom.py for tasks to queue
[2025-06-15T00:12:17.761-0400] {logging_mixin.py:154} INFO - [2025-06-15T00:12:17.761-0400] {dagbag.py:536} INFO - Filling up the DagBag from /Users/rah/.pyenv/versions/3.10.11/lib/python3.10/site-packages/airflow/example_dags/example_xcom.py
[2025-06-15T00:12:17.806-0400] {processor.py:839} INFO - DAG(s) dict_keys(['example_xcom']) retrieved from /Users/rah/.pyenv/versions/3.10.11/lib/python3.10/site-packages/airflow/example_dags/example_xcom.py
[2025-06-15T00:12:17.910-0400] {logging_mixin.py:154} INFO - [2025-06-15T00:12:17.909-0400] {dag.py:2941} INFO - Sync 1 DAGs
[2025-06-15T00:12:17.916-0400] {logging_mixin.py:154} INFO - [2025-06-15T00:12:17.916-0400] {dag.py:3722} INFO - Setting next_dagrun for example_xcom to 2021-01-01T00:00:00+00:00, run_after=2021-01-01T00:00:00+00:00
[2025-06-15T00:12:17.926-0400] {processor.py:179} INFO - Processing /Users/rah/.pyenv/versions/3.10.11/lib/python3.10/site-packages/airflow/example_dags/example_xcom.py took 0.169 seconds
[2025-06-15T00:13:12.074-0400] {processor.py:157} INFO - Started process (PID=63175) to work on /Users/rah/.pyenv/versions/3.10.11/lib/python3.10/site-packages/airflow/example_dags/example_xcom.py
[2025-06-15T00:13:12.077-0400] {processor.py:829} INFO - Processing file /Users/rah/.pyenv/versions/3.10.11/lib/python3.10/site-packages/airflow/example_dags/example_xcom.py for tasks to queue
[2025-06-15T00:13:12.077-0400] {logging_mixin.py:154} INFO - [2025-06-15T00:13:12.077-0400] {dagbag.py:536} INFO - Filling up the DagBag from /Users/rah/.pyenv/versions/3.10.11/lib/python3.10/site-packages/airflow/example_dags/example_xcom.py
[2025-06-15T00:13:12.119-0400] {processor.py:839} INFO - DAG(s) dict_keys(['example_xcom']) retrieved from /Users/rah/.pyenv/versions/3.10.11/lib/python3.10/site-packages/airflow/example_dags/example_xcom.py
[2025-06-15T00:13:12.205-0400] {logging_mixin.py:154} INFO - [2025-06-15T00:13:12.205-0400] {dag.py:2941} INFO - Sync 1 DAGs
[2025-06-15T00:13:12.212-0400] {logging_mixin.py:154} INFO - [2025-06-15T00:13:12.212-0400] {dag.py:3722} INFO - Setting next_dagrun for example_xcom to 2021-01-01T00:00:00+00:00, run_after=2021-01-01T00:00:00+00:00
[2025-06-15T00:13:12.220-0400] {processor.py:179} INFO - Processing /Users/rah/.pyenv/versions/3.10.11/lib/python3.10/site-packages/airflow/example_dags/example_xcom.py took 0.146 seconds
[2025-06-15T00:14:02.595-0400] {processor.py:157} INFO - Started process (PID=63818) to work on /Users/rah/.pyenv/versions/3.10.11/lib/python3.10/site-packages/airflow/example_dags/example_xcom.py
[2025-06-15T00:14:02.598-0400] {processor.py:829} INFO - Processing file /Users/rah/.pyenv/versions/3.10.11/lib/python3.10/site-packages/airflow/example_dags/example_xcom.py for tasks to queue
[2025-06-15T00:14:02.598-0400] {logging_mixin.py:154} INFO - [2025-06-15T00:14:02.598-0400] {dagbag.py:536} INFO - Filling up the DagBag from /Users/rah/.pyenv/versions/3.10.11/lib/python3.10/site-packages/airflow/example_dags/example_xcom.py
[2025-06-15T00:14:02.642-0400] {processor.py:839} INFO - DAG(s) dict_keys(['example_xcom']) retrieved from /Users/rah/.pyenv/versions/3.10.11/lib/python3.10/site-packages/airflow/example_dags/example_xcom.py
[2025-06-15T00:14:02.731-0400] {logging_mixin.py:154} INFO - [2025-06-15T00:14:02.731-0400] {dag.py:2941} INFO - Sync 1 DAGs
[2025-06-15T00:14:02.738-0400] {logging_mixin.py:154} INFO - [2025-06-15T00:14:02.738-0400] {dag.py:3722} INFO - Setting next_dagrun for example_xcom to 2021-01-01T00:00:00+00:00, run_after=2021-01-01T00:00:00+00:00
[2025-06-15T00:14:02.746-0400] {processor.py:179} INFO - Processing /Users/rah/.pyenv/versions/3.10.11/lib/python3.10/site-packages/airflow/example_dags/example_xcom.py took 0.152 seconds
[2025-06-15T00:14:52.493-0400] {processor.py:157} INFO - Started process (PID=64745) to work on /Users/rah/.pyenv/versions/3.10.11/lib/python3.10/site-packages/airflow/example_dags/example_xcom.py
[2025-06-15T00:14:52.496-0400] {processor.py:829} INFO - Processing file /Users/rah/.pyenv/versions/3.10.11/lib/python3.10/site-packages/airflow/example_dags/example_xcom.py for tasks to queue
[2025-06-15T00:14:52.496-0400] {logging_mixin.py:154} INFO - [2025-06-15T00:14:52.496-0400] {dagbag.py:536} INFO - Filling up the DagBag from /Users/rah/.pyenv/versions/3.10.11/lib/python3.10/site-packages/airflow/example_dags/example_xcom.py
[2025-06-15T00:14:52.539-0400] {processor.py:839} INFO - DAG(s) dict_keys(['example_xcom']) retrieved from /Users/rah/.pyenv/versions/3.10.11/lib/python3.10/site-packages/airflow/example_dags/example_xcom.py
[2025-06-15T00:14:52.626-0400] {logging_mixin.py:154} INFO - [2025-06-15T00:14:52.626-0400] {dag.py:2941} INFO - Sync 1 DAGs
[2025-06-15T00:14:52.633-0400] {logging_mixin.py:154} INFO - [2025-06-15T00:14:52.632-0400] {dag.py:3722} INFO - Setting next_dagrun for example_xcom to 2021-01-01T00:00:00+00:00, run_after=2021-01-01T00:00:00+00:00
[2025-06-15T00:14:52.640-0400] {processor.py:179} INFO - Processing /Users/rah/.pyenv/versions/3.10.11/lib/python3.10/site-packages/airflow/example_dags/example_xcom.py took 0.147 seconds
[2025-06-15T00:15:42.967-0400] {processor.py:157} INFO - Started process (PID=66436) to work on /Users/rah/.pyenv/versions/3.10.11/lib/python3.10/site-packages/airflow/example_dags/example_xcom.py
[2025-06-15T00:15:42.970-0400] {processor.py:829} INFO - Processing file /Users/rah/.pyenv/versions/3.10.11/lib/python3.10/site-packages/airflow/example_dags/example_xcom.py for tasks to queue
[2025-06-15T00:15:42.970-0400] {logging_mixin.py:154} INFO - [2025-06-15T00:15:42.970-0400] {dagbag.py:536} INFO - Filling up the DagBag from /Users/rah/.pyenv/versions/3.10.11/lib/python3.10/site-packages/airflow/example_dags/example_xcom.py
[2025-06-15T00:15:43.012-0400] {processor.py:839} INFO - DAG(s) dict_keys(['example_xcom']) retrieved from /Users/rah/.pyenv/versions/3.10.11/lib/python3.10/site-packages/airflow/example_dags/example_xcom.py
[2025-06-15T00:15:43.097-0400] {logging_mixin.py:154} INFO - [2025-06-15T00:15:43.097-0400] {dag.py:2941} INFO - Sync 1 DAGs
[2025-06-15T00:15:43.103-0400] {logging_mixin.py:154} INFO - [2025-06-15T00:15:43.103-0400] {dag.py:3722} INFO - Setting next_dagrun for example_xcom to 2021-01-01T00:00:00+00:00, run_after=2021-01-01T00:00:00+00:00
[2025-06-15T00:15:43.111-0400] {processor.py:179} INFO - Processing /Users/rah/.pyenv/versions/3.10.11/lib/python3.10/site-packages/airflow/example_dags/example_xcom.py took 0.145 seconds
[2025-06-15T00:16:36.886-0400] {processor.py:157} INFO - Started process (PID=67075) to work on /Users/rah/.pyenv/versions/3.10.11/lib/python3.10/site-packages/airflow/example_dags/example_xcom.py
[2025-06-15T00:16:36.889-0400] {processor.py:829} INFO - Processing file /Users/rah/.pyenv/versions/3.10.11/lib/python3.10/site-packages/airflow/example_dags/example_xcom.py for tasks to queue
[2025-06-15T00:16:36.889-0400] {logging_mixin.py:154} INFO - [2025-06-15T00:16:36.889-0400] {dagbag.py:536} INFO - Filling up the DagBag from /Users/rah/.pyenv/versions/3.10.11/lib/python3.10/site-packages/airflow/example_dags/example_xcom.py
[2025-06-15T00:16:36.933-0400] {processor.py:839} INFO - DAG(s) dict_keys(['example_xcom']) retrieved from /Users/rah/.pyenv/versions/3.10.11/lib/python3.10/site-packages/airflow/example_dags/example_xcom.py
[2025-06-15T00:16:37.019-0400] {logging_mixin.py:154} INFO - [2025-06-15T00:16:37.019-0400] {dag.py:2941} INFO - Sync 1 DAGs
[2025-06-15T00:16:37.026-0400] {logging_mixin.py:154} INFO - [2025-06-15T00:16:37.026-0400] {dag.py:3722} INFO - Setting next_dagrun for example_xcom to 2021-01-01T00:00:00+00:00, run_after=2021-01-01T00:00:00+00:00
[2025-06-15T00:16:37.033-0400] {processor.py:179} INFO - Processing /Users/rah/.pyenv/versions/3.10.11/lib/python3.10/site-packages/airflow/example_dags/example_xcom.py took 0.148 seconds
[2025-06-15T00:17:30.791-0400] {processor.py:157} INFO - Started process (PID=71854) to work on /Users/rah/.pyenv/versions/3.10.11/lib/python3.10/site-packages/airflow/example_dags/example_xcom.py
[2025-06-15T00:17:30.794-0400] {processor.py:829} INFO - Processing file /Users/rah/.pyenv/versions/3.10.11/lib/python3.10/site-packages/airflow/example_dags/example_xcom.py for tasks to queue
[2025-06-15T00:17:30.795-0400] {logging_mixin.py:154} INFO - [2025-06-15T00:17:30.795-0400] {dagbag.py:536} INFO - Filling up the DagBag from /Users/rah/.pyenv/versions/3.10.11/lib/python3.10/site-packages/airflow/example_dags/example_xcom.py
[2025-06-15T00:17:30.840-0400] {processor.py:839} INFO - DAG(s) dict_keys(['example_xcom']) retrieved from /Users/rah/.pyenv/versions/3.10.11/lib/python3.10/site-packages/airflow/example_dags/example_xcom.py
[2025-06-15T00:17:30.929-0400] {logging_mixin.py:154} INFO - [2025-06-15T00:17:30.929-0400] {dag.py:2941} INFO - Sync 1 DAGs
[2025-06-15T00:17:30.935-0400] {logging_mixin.py:154} INFO - [2025-06-15T00:17:30.935-0400] {dag.py:3722} INFO - Setting next_dagrun for example_xcom to 2021-01-01T00:00:00+00:00, run_after=2021-01-01T00:00:00+00:00
[2025-06-15T00:17:30.943-0400] {processor.py:179} INFO - Processing /Users/rah/.pyenv/versions/3.10.11/lib/python3.10/site-packages/airflow/example_dags/example_xcom.py took 0.152 seconds
[2025-06-15T00:18:21.220-0400] {processor.py:157} INFO - Started process (PID=73354) to work on /Users/rah/.pyenv/versions/3.10.11/lib/python3.10/site-packages/airflow/example_dags/example_xcom.py
[2025-06-15T00:18:21.223-0400] {processor.py:829} INFO - Processing file /Users/rah/.pyenv/versions/3.10.11/lib/python3.10/site-packages/airflow/example_dags/example_xcom.py for tasks to queue
[2025-06-15T00:18:21.223-0400] {logging_mixin.py:154} INFO - [2025-06-15T00:18:21.223-0400] {dagbag.py:536} INFO - Filling up the DagBag from /Users/rah/.pyenv/versions/3.10.11/lib/python3.10/site-packages/airflow/example_dags/example_xcom.py
[2025-06-15T00:18:21.265-0400] {processor.py:839} INFO - DAG(s) dict_keys(['example_xcom']) retrieved from /Users/rah/.pyenv/versions/3.10.11/lib/python3.10/site-packages/airflow/example_dags/example_xcom.py
[2025-06-15T00:18:21.353-0400] {logging_mixin.py:154} INFO - [2025-06-15T00:18:21.353-0400] {dag.py:2941} INFO - Sync 1 DAGs
[2025-06-15T00:18:21.359-0400] {logging_mixin.py:154} INFO - [2025-06-15T00:18:21.359-0400] {dag.py:3722} INFO - Setting next_dagrun for example_xcom to 2021-01-01T00:00:00+00:00, run_after=2021-01-01T00:00:00+00:00
[2025-06-15T00:18:21.368-0400] {processor.py:179} INFO - Processing /Users/rah/.pyenv/versions/3.10.11/lib/python3.10/site-packages/airflow/example_dags/example_xcom.py took 0.148 seconds
