[2025-06-14T23:49:29.931-0400] {processor.py:157} INFO - Started process (PID=40397) to work on /Users/rah/.pyenv/versions/3.10.11/lib/python3.10/site-packages/airflow/example_dags/example_latest_only_with_trigger.py
[2025-06-14T23:49:29.934-0400] {processor.py:829} INFO - Processing file /Users/rah/.pyenv/versions/3.10.11/lib/python3.10/site-packages/airflow/example_dags/example_latest_only_with_trigger.py for tasks to queue
[2025-06-14T23:49:29.934-0400] {logging_mixin.py:154} INFO - [2025-06-14T23:49:29.934-0400] {dagbag.py:536} INFO - Filling up the DagBag from /Users/rah/.pyenv/versions/3.10.11/lib/python3.10/site-packages/airflow/example_dags/example_latest_only_with_trigger.py
[2025-06-14T23:49:29.944-0400] {processor.py:839} INFO - DAG(s) dict_keys(['latest_only_with_trigger']) retrieved from /Users/rah/.pyenv/versions/3.10.11/lib/python3.10/site-packages/airflow/example_dags/example_latest_only_with_trigger.py
[2025-06-14T23:49:30.290-0400] {logging_mixin.py:154} INFO - [2025-06-14T23:49:30.289-0400] {manager.py:499} INFO - Created Permission View: %s
[2025-06-14T23:49:30.293-0400] {logging_mixin.py:154} INFO - [2025-06-14T23:49:30.293-0400] {manager.py:499} INFO - Created Permission View: %s
[2025-06-14T23:49:30.295-0400] {logging_mixin.py:154} INFO - [2025-06-14T23:49:30.295-0400] {manager.py:499} INFO - Created Permission View: %s
[2025-06-14T23:49:30.296-0400] {logging_mixin.py:154} INFO - [2025-06-14T23:49:30.296-0400] {dag.py:2941} INFO - Sync 1 DAGs
[2025-06-14T23:49:30.300-0400] {logging_mixin.py:154} INFO - [2025-06-14T23:49:30.300-0400] {dag.py:2963} INFO - Creating ORM DAG for latest_only_with_trigger
[2025-06-14T23:49:30.303-0400] {logging_mixin.py:154} INFO - [2025-06-14T23:49:30.303-0400] {dag.py:3722} INFO - Setting next_dagrun for latest_only_with_trigger to 2025-06-14T23:49:30.302985+00:00, run_after=2025-06-15T03:49:30.302985+00:00
[2025-06-14T23:49:30.310-0400] {processor.py:179} INFO - Processing /Users/rah/.pyenv/versions/3.10.11/lib/python3.10/site-packages/airflow/example_dags/example_latest_only_with_trigger.py took 0.379 seconds
[2025-06-14T23:55:42.893-0400] {processor.py:157} INFO - Started process (PID=46078) to work on /Users/rah/Desktop/creative_projects/rah_coding_repo/projects/fin_data_project_001/finance-data-project-1/.venv/lib/python3.10/site-packages/airflow/example_dags/example_latest_only_with_trigger.py
[2025-06-14T23:55:42.895-0400] {processor.py:829} INFO - Processing file /Users/rah/Desktop/creative_projects/rah_coding_repo/projects/fin_data_project_001/finance-data-project-1/.venv/lib/python3.10/site-packages/airflow/example_dags/example_latest_only_with_trigger.py for tasks to queue
[2025-06-14T23:55:42.895-0400] {logging_mixin.py:154} INFO - [2025-06-14T23:55:42.895-0400] {dagbag.py:536} INFO - Filling up the DagBag from /Users/rah/Desktop/creative_projects/rah_coding_repo/projects/fin_data_project_001/finance-data-project-1/.venv/lib/python3.10/site-packages/airflow/example_dags/example_latest_only_with_trigger.py
[2025-06-14T23:55:42.904-0400] {processor.py:839} INFO - DAG(s) dict_keys(['latest_only_with_trigger']) retrieved from /Users/rah/Desktop/creative_projects/rah_coding_repo/projects/fin_data_project_001/finance-data-project-1/.venv/lib/python3.10/site-packages/airflow/example_dags/example_latest_only_with_trigger.py
[2025-06-14T23:55:42.998-0400] {logging_mixin.py:154} INFO - [2025-06-14T23:55:42.998-0400] {dag.py:2941} INFO - Sync 1 DAGs
[2025-06-14T23:55:43.005-0400] {logging_mixin.py:154} INFO - [2025-06-14T23:55:43.005-0400] {dag.py:3722} INFO - Setting next_dagrun for latest_only_with_trigger to 2025-06-14T23:55:43.005117+00:00, run_after=2025-06-15T03:55:43.005117+00:00
[2025-06-14T23:55:43.012-0400] {processor.py:179} INFO - Processing /Users/rah/Desktop/creative_projects/rah_coding_repo/projects/fin_data_project_001/finance-data-project-1/.venv/lib/python3.10/site-packages/airflow/example_dags/example_latest_only_with_trigger.py took 0.120 seconds
[2025-06-14T23:56:44.868-0400] {processor.py:157} INFO - Started process (PID=47888) to work on /Users/rah/Desktop/creative_projects/rah_coding_repo/projects/fin_data_project_001/finance-data-project-1/.venv/lib/python3.10/site-packages/airflow/example_dags/example_latest_only_with_trigger.py
[2025-06-14T23:56:44.871-0400] {processor.py:829} INFO - Processing file /Users/rah/Desktop/creative_projects/rah_coding_repo/projects/fin_data_project_001/finance-data-project-1/.venv/lib/python3.10/site-packages/airflow/example_dags/example_latest_only_with_trigger.py for tasks to queue
[2025-06-14T23:56:44.871-0400] {logging_mixin.py:154} INFO - [2025-06-14T23:56:44.871-0400] {dagbag.py:536} INFO - Filling up the DagBag from /Users/rah/Desktop/creative_projects/rah_coding_repo/projects/fin_data_project_001/finance-data-project-1/.venv/lib/python3.10/site-packages/airflow/example_dags/example_latest_only_with_trigger.py
[2025-06-14T23:56:44.882-0400] {processor.py:839} INFO - DAG(s) dict_keys(['latest_only_with_trigger']) retrieved from /Users/rah/Desktop/creative_projects/rah_coding_repo/projects/fin_data_project_001/finance-data-project-1/.venv/lib/python3.10/site-packages/airflow/example_dags/example_latest_only_with_trigger.py
[2025-06-14T23:56:44.981-0400] {logging_mixin.py:154} INFO - [2025-06-14T23:56:44.981-0400] {dag.py:2941} INFO - Sync 1 DAGs
[2025-06-14T23:56:44.988-0400] {logging_mixin.py:154} INFO - [2025-06-14T23:56:44.988-0400] {dag.py:3722} INFO - Setting next_dagrun for latest_only_with_trigger to 2025-06-14T23:56:44.988492+00:00, run_after=2025-06-15T03:56:44.988492+00:00
[2025-06-14T23:56:44.997-0400] {processor.py:179} INFO - Processing /Users/rah/Desktop/creative_projects/rah_coding_repo/projects/fin_data_project_001/finance-data-project-1/.venv/lib/python3.10/site-packages/airflow/example_dags/example_latest_only_with_trigger.py took 0.130 seconds
[2025-06-14T23:57:24.656-0400] {processor.py:157} INFO - Started process (PID=48506) to work on /Users/rah/Desktop/creative_projects/rah_coding_repo/projects/fin_data_project_001/finance-data-project-1/.venv/lib/python3.10/site-packages/airflow/example_dags/example_latest_only_with_trigger.py
[2025-06-14T23:57:24.659-0400] {processor.py:829} INFO - Processing file /Users/rah/Desktop/creative_projects/rah_coding_repo/projects/fin_data_project_001/finance-data-project-1/.venv/lib/python3.10/site-packages/airflow/example_dags/example_latest_only_with_trigger.py for tasks to queue
[2025-06-14T23:57:24.659-0400] {logging_mixin.py:154} INFO - [2025-06-14T23:57:24.659-0400] {dagbag.py:536} INFO - Filling up the DagBag from /Users/rah/Desktop/creative_projects/rah_coding_repo/projects/fin_data_project_001/finance-data-project-1/.venv/lib/python3.10/site-packages/airflow/example_dags/example_latest_only_with_trigger.py
[2025-06-14T23:57:24.669-0400] {processor.py:839} INFO - DAG(s) dict_keys(['latest_only_with_trigger']) retrieved from /Users/rah/Desktop/creative_projects/rah_coding_repo/projects/fin_data_project_001/finance-data-project-1/.venv/lib/python3.10/site-packages/airflow/example_dags/example_latest_only_with_trigger.py
[2025-06-14T23:57:24.769-0400] {logging_mixin.py:154} INFO - [2025-06-14T23:57:24.768-0400] {dag.py:2941} INFO - Sync 1 DAGs
[2025-06-14T23:57:24.776-0400] {logging_mixin.py:154} INFO - [2025-06-14T23:57:24.775-0400] {dag.py:3722} INFO - Setting next_dagrun for latest_only_with_trigger to 2025-06-14T23:57:24.775835+00:00, run_after=2025-06-15T03:57:24.775835+00:00
[2025-06-14T23:57:24.784-0400] {processor.py:179} INFO - Processing /Users/rah/Desktop/creative_projects/rah_coding_repo/projects/fin_data_project_001/finance-data-project-1/.venv/lib/python3.10/site-packages/airflow/example_dags/example_latest_only_with_trigger.py took 0.128 seconds
[2025-06-14T23:57:37.611-0400] {processor.py:157} INFO - Started process (PID=48660) to work on /Users/rah/Desktop/creative_projects/rah_coding_repo/projects/fin_data_project_001/finance-data-project-1/.venv/lib/python3.10/site-packages/airflow/example_dags/example_latest_only_with_trigger.py
[2025-06-14T23:57:37.613-0400] {processor.py:829} INFO - Processing file /Users/rah/Desktop/creative_projects/rah_coding_repo/projects/fin_data_project_001/finance-data-project-1/.venv/lib/python3.10/site-packages/airflow/example_dags/example_latest_only_with_trigger.py for tasks to queue
[2025-06-14T23:57:37.614-0400] {logging_mixin.py:154} INFO - [2025-06-14T23:57:37.614-0400] {dagbag.py:536} INFO - Filling up the DagBag from /Users/rah/Desktop/creative_projects/rah_coding_repo/projects/fin_data_project_001/finance-data-project-1/.venv/lib/python3.10/site-packages/airflow/example_dags/example_latest_only_with_trigger.py
[2025-06-14T23:57:37.623-0400] {processor.py:839} INFO - DAG(s) dict_keys(['latest_only_with_trigger']) retrieved from /Users/rah/Desktop/creative_projects/rah_coding_repo/projects/fin_data_project_001/finance-data-project-1/.venv/lib/python3.10/site-packages/airflow/example_dags/example_latest_only_with_trigger.py
[2025-06-14T23:57:37.725-0400] {logging_mixin.py:154} INFO - [2025-06-14T23:57:37.725-0400] {dag.py:2941} INFO - Sync 1 DAGs
[2025-06-14T23:57:37.733-0400] {logging_mixin.py:154} INFO - [2025-06-14T23:57:37.733-0400] {dag.py:3722} INFO - Setting next_dagrun for latest_only_with_trigger to 2025-06-14T23:57:37.733607+00:00, run_after=2025-06-15T03:57:37.733607+00:00
[2025-06-14T23:57:37.743-0400] {processor.py:179} INFO - Processing /Users/rah/Desktop/creative_projects/rah_coding_repo/projects/fin_data_project_001/finance-data-project-1/.venv/lib/python3.10/site-packages/airflow/example_dags/example_latest_only_with_trigger.py took 0.133 seconds
[2025-06-14T23:58:25.653-0400] {processor.py:157} INFO - Started process (PID=49366) to work on /Users/rah/Desktop/creative_projects/rah_coding_repo/projects/fin_data_project_001/finance-data-project-1/.venv/lib/python3.10/site-packages/airflow/example_dags/example_latest_only_with_trigger.py
[2025-06-14T23:58:25.656-0400] {processor.py:829} INFO - Processing file /Users/rah/Desktop/creative_projects/rah_coding_repo/projects/fin_data_project_001/finance-data-project-1/.venv/lib/python3.10/site-packages/airflow/example_dags/example_latest_only_with_trigger.py for tasks to queue
[2025-06-14T23:58:25.656-0400] {logging_mixin.py:154} INFO - [2025-06-14T23:58:25.656-0400] {dagbag.py:536} INFO - Filling up the DagBag from /Users/rah/Desktop/creative_projects/rah_coding_repo/projects/fin_data_project_001/finance-data-project-1/.venv/lib/python3.10/site-packages/airflow/example_dags/example_latest_only_with_trigger.py
[2025-06-14T23:58:25.665-0400] {processor.py:839} INFO - DAG(s) dict_keys(['latest_only_with_trigger']) retrieved from /Users/rah/Desktop/creative_projects/rah_coding_repo/projects/fin_data_project_001/finance-data-project-1/.venv/lib/python3.10/site-packages/airflow/example_dags/example_latest_only_with_trigger.py
[2025-06-14T23:58:25.756-0400] {logging_mixin.py:154} INFO - [2025-06-14T23:58:25.756-0400] {dag.py:2941} INFO - Sync 1 DAGs
[2025-06-14T23:58:25.762-0400] {logging_mixin.py:154} INFO - [2025-06-14T23:58:25.762-0400] {dag.py:3722} INFO - Setting next_dagrun for latest_only_with_trigger to 2025-06-14T23:58:25.762329+00:00, run_after=2025-06-15T03:58:25.762329+00:00
[2025-06-14T23:58:25.769-0400] {processor.py:179} INFO - Processing /Users/rah/Desktop/creative_projects/rah_coding_repo/projects/fin_data_project_001/finance-data-project-1/.venv/lib/python3.10/site-packages/airflow/example_dags/example_latest_only_with_trigger.py took 0.117 seconds
[2025-06-14T23:59:00.278-0400] {processor.py:157} INFO - Started process (PID=50239) to work on /Users/rah/Desktop/creative_projects/rah_coding_repo/projects/fin_data_project_001/finance-data-project-1/.venv/lib/python3.10/site-packages/airflow/example_dags/example_latest_only_with_trigger.py
[2025-06-14T23:59:00.281-0400] {processor.py:829} INFO - Processing file /Users/rah/Desktop/creative_projects/rah_coding_repo/projects/fin_data_project_001/finance-data-project-1/.venv/lib/python3.10/site-packages/airflow/example_dags/example_latest_only_with_trigger.py for tasks to queue
[2025-06-14T23:59:00.281-0400] {logging_mixin.py:154} INFO - [2025-06-14T23:59:00.281-0400] {dagbag.py:536} INFO - Filling up the DagBag from /Users/rah/Desktop/creative_projects/rah_coding_repo/projects/fin_data_project_001/finance-data-project-1/.venv/lib/python3.10/site-packages/airflow/example_dags/example_latest_only_with_trigger.py
[2025-06-14T23:59:00.291-0400] {processor.py:839} INFO - DAG(s) dict_keys(['latest_only_with_trigger']) retrieved from /Users/rah/Desktop/creative_projects/rah_coding_repo/projects/fin_data_project_001/finance-data-project-1/.venv/lib/python3.10/site-packages/airflow/example_dags/example_latest_only_with_trigger.py
[2025-06-14T23:59:00.397-0400] {logging_mixin.py:154} INFO - [2025-06-14T23:59:00.396-0400] {dag.py:2941} INFO - Sync 1 DAGs
[2025-06-14T23:59:00.404-0400] {logging_mixin.py:154} INFO - [2025-06-14T23:59:00.404-0400] {dag.py:3722} INFO - Setting next_dagrun for latest_only_with_trigger to 2025-06-14T23:59:00.404332+00:00, run_after=2025-06-15T03:59:00.404332+00:00
[2025-06-14T23:59:00.413-0400] {processor.py:179} INFO - Processing /Users/rah/Desktop/creative_projects/rah_coding_repo/projects/fin_data_project_001/finance-data-project-1/.venv/lib/python3.10/site-packages/airflow/example_dags/example_latest_only_with_trigger.py took 0.135 seconds
[2025-06-14T23:59:14.304-0400] {processor.py:157} INFO - Started process (PID=50523) to work on /Users/rah/Desktop/creative_projects/rah_coding_repo/projects/fin_data_project_001/finance-data-project-1/.venv/lib/python3.10/site-packages/airflow/example_dags/example_latest_only_with_trigger.py
[2025-06-14T23:59:14.306-0400] {processor.py:829} INFO - Processing file /Users/rah/Desktop/creative_projects/rah_coding_repo/projects/fin_data_project_001/finance-data-project-1/.venv/lib/python3.10/site-packages/airflow/example_dags/example_latest_only_with_trigger.py for tasks to queue
[2025-06-14T23:59:14.307-0400] {logging_mixin.py:154} INFO - [2025-06-14T23:59:14.307-0400] {dagbag.py:536} INFO - Filling up the DagBag from /Users/rah/Desktop/creative_projects/rah_coding_repo/projects/fin_data_project_001/finance-data-project-1/.venv/lib/python3.10/site-packages/airflow/example_dags/example_latest_only_with_trigger.py
[2025-06-14T23:59:14.317-0400] {processor.py:839} INFO - DAG(s) dict_keys(['latest_only_with_trigger']) retrieved from /Users/rah/Desktop/creative_projects/rah_coding_repo/projects/fin_data_project_001/finance-data-project-1/.venv/lib/python3.10/site-packages/airflow/example_dags/example_latest_only_with_trigger.py
[2025-06-14T23:59:14.415-0400] {logging_mixin.py:154} INFO - [2025-06-14T23:59:14.415-0400] {dag.py:2941} INFO - Sync 1 DAGs
[2025-06-14T23:59:14.422-0400] {logging_mixin.py:154} INFO - [2025-06-14T23:59:14.422-0400] {dag.py:3722} INFO - Setting next_dagrun for latest_only_with_trigger to 2025-06-14T23:59:14.422206+00:00, run_after=2025-06-15T03:59:14.422206+00:00
[2025-06-14T23:59:14.430-0400] {processor.py:179} INFO - Processing /Users/rah/Desktop/creative_projects/rah_coding_repo/projects/fin_data_project_001/finance-data-project-1/.venv/lib/python3.10/site-packages/airflow/example_dags/example_latest_only_with_trigger.py took 0.127 seconds
[2025-06-14T23:59:47.379-0400] {processor.py:157} INFO - Started process (PID=51011) to work on /Users/rah/Desktop/creative_projects/rah_coding_repo/projects/fin_data_project_001/finance-data-project-1/.venv/lib/python3.10/site-packages/airflow/example_dags/example_latest_only_with_trigger.py
[2025-06-14T23:59:47.382-0400] {processor.py:829} INFO - Processing file /Users/rah/Desktop/creative_projects/rah_coding_repo/projects/fin_data_project_001/finance-data-project-1/.venv/lib/python3.10/site-packages/airflow/example_dags/example_latest_only_with_trigger.py for tasks to queue
[2025-06-14T23:59:47.382-0400] {logging_mixin.py:154} INFO - [2025-06-14T23:59:47.382-0400] {dagbag.py:536} INFO - Filling up the DagBag from /Users/rah/Desktop/creative_projects/rah_coding_repo/projects/fin_data_project_001/finance-data-project-1/.venv/lib/python3.10/site-packages/airflow/example_dags/example_latest_only_with_trigger.py
[2025-06-14T23:59:47.392-0400] {processor.py:839} INFO - DAG(s) dict_keys(['latest_only_with_trigger']) retrieved from /Users/rah/Desktop/creative_projects/rah_coding_repo/projects/fin_data_project_001/finance-data-project-1/.venv/lib/python3.10/site-packages/airflow/example_dags/example_latest_only_with_trigger.py
[2025-06-14T23:59:47.496-0400] {logging_mixin.py:154} INFO - [2025-06-14T23:59:47.496-0400] {dag.py:2941} INFO - Sync 1 DAGs
[2025-06-14T23:59:47.503-0400] {logging_mixin.py:154} INFO - [2025-06-14T23:59:47.503-0400] {dag.py:3722} INFO - Setting next_dagrun for latest_only_with_trigger to 2025-06-14T23:59:47.503200+00:00, run_after=2025-06-15T03:59:47.503200+00:00
[2025-06-14T23:59:47.512-0400] {processor.py:179} INFO - Processing /Users/rah/Desktop/creative_projects/rah_coding_repo/projects/fin_data_project_001/finance-data-project-1/.venv/lib/python3.10/site-packages/airflow/example_dags/example_latest_only_with_trigger.py took 0.134 seconds
[2025-06-14T23:59:58.159-0400] {processor.py:157} INFO - Started process (PID=51180) to work on /Users/rah/Desktop/creative_projects/rah_coding_repo/projects/fin_data_project_001/finance-data-project-1/.venv/lib/python3.10/site-packages/airflow/example_dags/example_latest_only_with_trigger.py
[2025-06-14T23:59:58.161-0400] {processor.py:829} INFO - Processing file /Users/rah/Desktop/creative_projects/rah_coding_repo/projects/fin_data_project_001/finance-data-project-1/.venv/lib/python3.10/site-packages/airflow/example_dags/example_latest_only_with_trigger.py for tasks to queue
[2025-06-14T23:59:58.161-0400] {logging_mixin.py:154} INFO - [2025-06-14T23:59:58.161-0400] {dagbag.py:536} INFO - Filling up the DagBag from /Users/rah/Desktop/creative_projects/rah_coding_repo/projects/fin_data_project_001/finance-data-project-1/.venv/lib/python3.10/site-packages/airflow/example_dags/example_latest_only_with_trigger.py
[2025-06-14T23:59:58.171-0400] {processor.py:839} INFO - DAG(s) dict_keys(['latest_only_with_trigger']) retrieved from /Users/rah/Desktop/creative_projects/rah_coding_repo/projects/fin_data_project_001/finance-data-project-1/.venv/lib/python3.10/site-packages/airflow/example_dags/example_latest_only_with_trigger.py
[2025-06-14T23:59:58.277-0400] {logging_mixin.py:154} INFO - [2025-06-14T23:59:58.277-0400] {dag.py:2941} INFO - Sync 1 DAGs
[2025-06-14T23:59:58.284-0400] {logging_mixin.py:154} INFO - [2025-06-14T23:59:58.284-0400] {dag.py:3722} INFO - Setting next_dagrun for latest_only_with_trigger to 2025-06-14T23:59:58.284759+00:00, run_after=2025-06-15T03:59:58.284759+00:00
[2025-06-14T23:59:58.294-0400] {processor.py:179} INFO - Processing /Users/rah/Desktop/creative_projects/rah_coding_repo/projects/fin_data_project_001/finance-data-project-1/.venv/lib/python3.10/site-packages/airflow/example_dags/example_latest_only_with_trigger.py took 0.136 seconds
[2025-06-15T00:00:45.238-0400] {processor.py:157} INFO - Started process (PID=51852) to work on /Users/rah/Desktop/creative_projects/rah_coding_repo/projects/fin_data_project_001/finance-data-project-1/.venv/lib/python3.10/site-packages/airflow/example_dags/example_latest_only_with_trigger.py
[2025-06-15T00:00:45.241-0400] {processor.py:829} INFO - Processing file /Users/rah/Desktop/creative_projects/rah_coding_repo/projects/fin_data_project_001/finance-data-project-1/.venv/lib/python3.10/site-packages/airflow/example_dags/example_latest_only_with_trigger.py for tasks to queue
[2025-06-15T00:00:45.241-0400] {logging_mixin.py:154} INFO - [2025-06-15T00:00:45.241-0400] {dagbag.py:536} INFO - Filling up the DagBag from /Users/rah/Desktop/creative_projects/rah_coding_repo/projects/fin_data_project_001/finance-data-project-1/.venv/lib/python3.10/site-packages/airflow/example_dags/example_latest_only_with_trigger.py
[2025-06-15T00:00:45.252-0400] {processor.py:839} INFO - DAG(s) dict_keys(['latest_only_with_trigger']) retrieved from /Users/rah/Desktop/creative_projects/rah_coding_repo/projects/fin_data_project_001/finance-data-project-1/.venv/lib/python3.10/site-packages/airflow/example_dags/example_latest_only_with_trigger.py
[2025-06-15T00:00:45.357-0400] {logging_mixin.py:154} INFO - [2025-06-15T00:00:45.357-0400] {dag.py:2941} INFO - Sync 1 DAGs
[2025-06-15T00:00:45.364-0400] {logging_mixin.py:154} INFO - [2025-06-15T00:00:45.364-0400] {dag.py:3722} INFO - Setting next_dagrun for latest_only_with_trigger to 2025-06-15T00:00:45.364677+00:00, run_after=2025-06-15T04:00:45.364677+00:00
[2025-06-15T00:00:45.374-0400] {processor.py:179} INFO - Processing /Users/rah/Desktop/creative_projects/rah_coding_repo/projects/fin_data_project_001/finance-data-project-1/.venv/lib/python3.10/site-packages/airflow/example_dags/example_latest_only_with_trigger.py took 0.136 seconds
[2025-06-15T00:00:58.953-0400] {processor.py:157} INFO - Started process (PID=52127) to work on /Users/rah/Desktop/creative_projects/rah_coding_repo/projects/fin_data_project_001/finance-data-project-1/.venv/lib/python3.10/site-packages/airflow/example_dags/example_latest_only_with_trigger.py
[2025-06-15T00:00:58.956-0400] {processor.py:829} INFO - Processing file /Users/rah/Desktop/creative_projects/rah_coding_repo/projects/fin_data_project_001/finance-data-project-1/.venv/lib/python3.10/site-packages/airflow/example_dags/example_latest_only_with_trigger.py for tasks to queue
[2025-06-15T00:00:58.956-0400] {logging_mixin.py:154} INFO - [2025-06-15T00:00:58.956-0400] {dagbag.py:536} INFO - Filling up the DagBag from /Users/rah/Desktop/creative_projects/rah_coding_repo/projects/fin_data_project_001/finance-data-project-1/.venv/lib/python3.10/site-packages/airflow/example_dags/example_latest_only_with_trigger.py
[2025-06-15T00:00:58.965-0400] {processor.py:839} INFO - DAG(s) dict_keys(['latest_only_with_trigger']) retrieved from /Users/rah/Desktop/creative_projects/rah_coding_repo/projects/fin_data_project_001/finance-data-project-1/.venv/lib/python3.10/site-packages/airflow/example_dags/example_latest_only_with_trigger.py
[2025-06-15T00:00:59.059-0400] {logging_mixin.py:154} INFO - [2025-06-15T00:00:59.059-0400] {dag.py:2941} INFO - Sync 1 DAGs
[2025-06-15T00:00:59.066-0400] {logging_mixin.py:154} INFO - [2025-06-15T00:00:59.066-0400] {dag.py:3722} INFO - Setting next_dagrun for latest_only_with_trigger to 2025-06-15T00:00:59.066212+00:00, run_after=2025-06-15T04:00:59.066212+00:00
[2025-06-15T00:00:59.074-0400] {processor.py:179} INFO - Processing /Users/rah/Desktop/creative_projects/rah_coding_repo/projects/fin_data_project_001/finance-data-project-1/.venv/lib/python3.10/site-packages/airflow/example_dags/example_latest_only_with_trigger.py took 0.121 seconds
[2025-06-15T00:01:24.105-0400] {processor.py:157} INFO - Started process (PID=52491) to work on /Users/rah/Desktop/creative_projects/rah_coding_repo/projects/fin_data_project_001/finance-data-project-1/.venv/lib/python3.10/site-packages/airflow/example_dags/example_latest_only_with_trigger.py
[2025-06-15T00:01:24.107-0400] {processor.py:829} INFO - Processing file /Users/rah/Desktop/creative_projects/rah_coding_repo/projects/fin_data_project_001/finance-data-project-1/.venv/lib/python3.10/site-packages/airflow/example_dags/example_latest_only_with_trigger.py for tasks to queue
[2025-06-15T00:01:24.108-0400] {logging_mixin.py:154} INFO - [2025-06-15T00:01:24.108-0400] {dagbag.py:536} INFO - Filling up the DagBag from /Users/rah/Desktop/creative_projects/rah_coding_repo/projects/fin_data_project_001/finance-data-project-1/.venv/lib/python3.10/site-packages/airflow/example_dags/example_latest_only_with_trigger.py
[2025-06-15T00:01:24.120-0400] {processor.py:839} INFO - DAG(s) dict_keys(['latest_only_with_trigger']) retrieved from /Users/rah/Desktop/creative_projects/rah_coding_repo/projects/fin_data_project_001/finance-data-project-1/.venv/lib/python3.10/site-packages/airflow/example_dags/example_latest_only_with_trigger.py
[2025-06-15T00:01:24.223-0400] {logging_mixin.py:154} INFO - [2025-06-15T00:01:24.223-0400] {dag.py:2941} INFO - Sync 1 DAGs
[2025-06-15T00:01:24.230-0400] {logging_mixin.py:154} INFO - [2025-06-15T00:01:24.230-0400] {dag.py:3722} INFO - Setting next_dagrun for latest_only_with_trigger to 2025-06-15T00:01:24.230602+00:00, run_after=2025-06-15T04:01:24.230602+00:00
[2025-06-15T00:01:24.240-0400] {processor.py:179} INFO - Processing /Users/rah/Desktop/creative_projects/rah_coding_repo/projects/fin_data_project_001/finance-data-project-1/.venv/lib/python3.10/site-packages/airflow/example_dags/example_latest_only_with_trigger.py took 0.135 seconds
[2025-06-15T00:01:26.250-0400] {processor.py:157} INFO - Started process (PID=52504) to work on /Users/rah/Desktop/creative_projects/rah_coding_repo/projects/fin_data_project_001/finance-data-project-1/.venv/lib/python3.10/site-packages/airflow/example_dags/example_latest_only_with_trigger.py
[2025-06-15T00:01:26.252-0400] {processor.py:829} INFO - Processing file /Users/rah/Desktop/creative_projects/rah_coding_repo/projects/fin_data_project_001/finance-data-project-1/.venv/lib/python3.10/site-packages/airflow/example_dags/example_latest_only_with_trigger.py for tasks to queue
[2025-06-15T00:01:26.253-0400] {logging_mixin.py:154} INFO - [2025-06-15T00:01:26.253-0400] {dagbag.py:536} INFO - Filling up the DagBag from /Users/rah/Desktop/creative_projects/rah_coding_repo/projects/fin_data_project_001/finance-data-project-1/.venv/lib/python3.10/site-packages/airflow/example_dags/example_latest_only_with_trigger.py
[2025-06-15T00:01:26.263-0400] {processor.py:839} INFO - DAG(s) dict_keys(['latest_only_with_trigger']) retrieved from /Users/rah/Desktop/creative_projects/rah_coding_repo/projects/fin_data_project_001/finance-data-project-1/.venv/lib/python3.10/site-packages/airflow/example_dags/example_latest_only_with_trigger.py
[2025-06-15T00:01:26.366-0400] {logging_mixin.py:154} INFO - [2025-06-15T00:01:26.366-0400] {dag.py:2941} INFO - Sync 1 DAGs
[2025-06-15T00:01:26.372-0400] {logging_mixin.py:154} INFO - [2025-06-15T00:01:26.372-0400] {dag.py:3722} INFO - Setting next_dagrun for latest_only_with_trigger to 2025-06-15T00:01:26.372782+00:00, run_after=2025-06-15T04:01:26.372782+00:00
[2025-06-15T00:01:26.380-0400] {processor.py:179} INFO - Processing /Users/rah/Desktop/creative_projects/rah_coding_repo/projects/fin_data_project_001/finance-data-project-1/.venv/lib/python3.10/site-packages/airflow/example_dags/example_latest_only_with_trigger.py took 0.131 seconds
[2025-06-15T00:02:18.336-0400] {processor.py:157} INFO - Started process (PID=53321) to work on /Users/rah/Desktop/creative_projects/rah_coding_repo/projects/fin_data_project_001/finance-data-project-1/.venv/lib/python3.10/site-packages/airflow/example_dags/example_latest_only_with_trigger.py
[2025-06-15T00:02:18.338-0400] {processor.py:829} INFO - Processing file /Users/rah/Desktop/creative_projects/rah_coding_repo/projects/fin_data_project_001/finance-data-project-1/.venv/lib/python3.10/site-packages/airflow/example_dags/example_latest_only_with_trigger.py for tasks to queue
[2025-06-15T00:02:18.338-0400] {logging_mixin.py:154} INFO - [2025-06-15T00:02:18.338-0400] {dagbag.py:536} INFO - Filling up the DagBag from /Users/rah/Desktop/creative_projects/rah_coding_repo/projects/fin_data_project_001/finance-data-project-1/.venv/lib/python3.10/site-packages/airflow/example_dags/example_latest_only_with_trigger.py
[2025-06-15T00:02:18.347-0400] {processor.py:839} INFO - DAG(s) dict_keys(['latest_only_with_trigger']) retrieved from /Users/rah/Desktop/creative_projects/rah_coding_repo/projects/fin_data_project_001/finance-data-project-1/.venv/lib/python3.10/site-packages/airflow/example_dags/example_latest_only_with_trigger.py
[2025-06-15T00:02:18.445-0400] {logging_mixin.py:154} INFO - [2025-06-15T00:02:18.445-0400] {dag.py:2941} INFO - Sync 1 DAGs
[2025-06-15T00:02:18.452-0400] {logging_mixin.py:154} INFO - [2025-06-15T00:02:18.452-0400] {dag.py:3722} INFO - Setting next_dagrun for latest_only_with_trigger to 2025-06-15T00:02:18.452564+00:00, run_after=2025-06-15T04:02:18.452564+00:00
[2025-06-15T00:02:18.460-0400] {processor.py:179} INFO - Processing /Users/rah/Desktop/creative_projects/rah_coding_repo/projects/fin_data_project_001/finance-data-project-1/.venv/lib/python3.10/site-packages/airflow/example_dags/example_latest_only_with_trigger.py took 0.125 seconds
[2025-06-15T00:07:09.863-0400] {processor.py:157} INFO - Started process (PID=57359) to work on /Users/rah/.pyenv/versions/3.10.11/lib/python3.10/site-packages/airflow/example_dags/example_latest_only_with_trigger.py
[2025-06-15T00:07:09.867-0400] {processor.py:829} INFO - Processing file /Users/rah/.pyenv/versions/3.10.11/lib/python3.10/site-packages/airflow/example_dags/example_latest_only_with_trigger.py for tasks to queue
[2025-06-15T00:07:09.867-0400] {logging_mixin.py:154} INFO - [2025-06-15T00:07:09.867-0400] {dagbag.py:536} INFO - Filling up the DagBag from /Users/rah/.pyenv/versions/3.10.11/lib/python3.10/site-packages/airflow/example_dags/example_latest_only_with_trigger.py
[2025-06-15T00:07:09.876-0400] {processor.py:839} INFO - DAG(s) dict_keys(['latest_only_with_trigger']) retrieved from /Users/rah/.pyenv/versions/3.10.11/lib/python3.10/site-packages/airflow/example_dags/example_latest_only_with_trigger.py
[2025-06-15T00:07:10.228-0400] {logging_mixin.py:154} INFO - [2025-06-15T00:07:10.228-0400] {dag.py:2941} INFO - Sync 1 DAGs
[2025-06-15T00:07:10.234-0400] {logging_mixin.py:154} INFO - [2025-06-15T00:07:10.234-0400] {dag.py:3722} INFO - Setting next_dagrun for latest_only_with_trigger to 2025-06-15T00:07:10.234730+00:00, run_after=2025-06-15T04:07:10.234730+00:00
[2025-06-15T00:07:10.242-0400] {processor.py:179} INFO - Processing /Users/rah/.pyenv/versions/3.10.11/lib/python3.10/site-packages/airflow/example_dags/example_latest_only_with_trigger.py took 0.380 seconds
[2025-06-15T00:08:36.812-0400] {processor.py:157} INFO - Started process (PID=58635) to work on /Users/rah/.pyenv/versions/3.10.11/lib/python3.10/site-packages/airflow/example_dags/example_latest_only_with_trigger.py
[2025-06-15T00:08:36.814-0400] {processor.py:829} INFO - Processing file /Users/rah/.pyenv/versions/3.10.11/lib/python3.10/site-packages/airflow/example_dags/example_latest_only_with_trigger.py for tasks to queue
[2025-06-15T00:08:36.815-0400] {logging_mixin.py:154} INFO - [2025-06-15T00:08:36.815-0400] {dagbag.py:536} INFO - Filling up the DagBag from /Users/rah/.pyenv/versions/3.10.11/lib/python3.10/site-packages/airflow/example_dags/example_latest_only_with_trigger.py
[2025-06-15T00:08:36.824-0400] {processor.py:839} INFO - DAG(s) dict_keys(['latest_only_with_trigger']) retrieved from /Users/rah/.pyenv/versions/3.10.11/lib/python3.10/site-packages/airflow/example_dags/example_latest_only_with_trigger.py
[2025-06-15T00:08:36.940-0400] {logging_mixin.py:154} INFO - [2025-06-15T00:08:36.940-0400] {dag.py:2941} INFO - Sync 1 DAGs
[2025-06-15T00:08:36.947-0400] {logging_mixin.py:154} INFO - [2025-06-15T00:08:36.947-0400] {dag.py:3722} INFO - Setting next_dagrun for latest_only_with_trigger to 2025-06-15T00:08:36.947544+00:00, run_after=2025-06-15T04:08:36.947544+00:00
[2025-06-15T00:08:36.955-0400] {processor.py:179} INFO - Processing /Users/rah/.pyenv/versions/3.10.11/lib/python3.10/site-packages/airflow/example_dags/example_latest_only_with_trigger.py took 0.144 seconds
[2025-06-15T00:10:19.062-0400] {processor.py:157} INFO - Started process (PID=60542) to work on /Users/rah/.pyenv/versions/3.10.11/lib/python3.10/site-packages/airflow/example_dags/example_latest_only_with_trigger.py
[2025-06-15T00:10:19.065-0400] {processor.py:829} INFO - Processing file /Users/rah/.pyenv/versions/3.10.11/lib/python3.10/site-packages/airflow/example_dags/example_latest_only_with_trigger.py for tasks to queue
[2025-06-15T00:10:19.066-0400] {logging_mixin.py:154} INFO - [2025-06-15T00:10:19.065-0400] {dagbag.py:536} INFO - Filling up the DagBag from /Users/rah/.pyenv/versions/3.10.11/lib/python3.10/site-packages/airflow/example_dags/example_latest_only_with_trigger.py
[2025-06-15T00:10:19.074-0400] {processor.py:839} INFO - DAG(s) dict_keys(['latest_only_with_trigger']) retrieved from /Users/rah/.pyenv/versions/3.10.11/lib/python3.10/site-packages/airflow/example_dags/example_latest_only_with_trigger.py
[2025-06-15T00:10:19.186-0400] {logging_mixin.py:154} INFO - [2025-06-15T00:10:19.186-0400] {dag.py:2941} INFO - Sync 1 DAGs
[2025-06-15T00:10:19.193-0400] {logging_mixin.py:154} INFO - [2025-06-15T00:10:19.193-0400] {dag.py:3722} INFO - Setting next_dagrun for latest_only_with_trigger to 2025-06-15T00:10:19.193106+00:00, run_after=2025-06-15T04:10:19.193106+00:00
[2025-06-15T00:10:19.200-0400] {processor.py:179} INFO - Processing /Users/rah/.pyenv/versions/3.10.11/lib/python3.10/site-packages/airflow/example_dags/example_latest_only_with_trigger.py took 0.138 seconds
[2025-06-15T00:11:59.355-0400] {processor.py:157} INFO - Started process (PID=61824) to work on /Users/rah/.pyenv/versions/3.10.11/lib/python3.10/site-packages/airflow/example_dags/example_latest_only_with_trigger.py
[2025-06-15T00:11:59.358-0400] {processor.py:829} INFO - Processing file /Users/rah/.pyenv/versions/3.10.11/lib/python3.10/site-packages/airflow/example_dags/example_latest_only_with_trigger.py for tasks to queue
[2025-06-15T00:11:59.358-0400] {logging_mixin.py:154} INFO - [2025-06-15T00:11:59.358-0400] {dagbag.py:536} INFO - Filling up the DagBag from /Users/rah/.pyenv/versions/3.10.11/lib/python3.10/site-packages/airflow/example_dags/example_latest_only_with_trigger.py
[2025-06-15T00:11:59.368-0400] {processor.py:839} INFO - DAG(s) dict_keys(['latest_only_with_trigger']) retrieved from /Users/rah/.pyenv/versions/3.10.11/lib/python3.10/site-packages/airflow/example_dags/example_latest_only_with_trigger.py
[2025-06-15T00:11:59.478-0400] {logging_mixin.py:154} INFO - [2025-06-15T00:11:59.478-0400] {dag.py:2941} INFO - Sync 1 DAGs
[2025-06-15T00:11:59.485-0400] {logging_mixin.py:154} INFO - [2025-06-15T00:11:59.485-0400] {dag.py:3722} INFO - Setting next_dagrun for latest_only_with_trigger to 2025-06-15T00:11:59.485017+00:00, run_after=2025-06-15T04:11:59.485017+00:00
[2025-06-15T00:11:59.492-0400] {processor.py:179} INFO - Processing /Users/rah/.pyenv/versions/3.10.11/lib/python3.10/site-packages/airflow/example_dags/example_latest_only_with_trigger.py took 0.137 seconds
[2025-06-15T00:13:43.653-0400] {processor.py:157} INFO - Started process (PID=63628) to work on /Users/rah/.pyenv/versions/3.10.11/lib/python3.10/site-packages/airflow/example_dags/example_latest_only_with_trigger.py
[2025-06-15T00:13:43.655-0400] {processor.py:829} INFO - Processing file /Users/rah/.pyenv/versions/3.10.11/lib/python3.10/site-packages/airflow/example_dags/example_latest_only_with_trigger.py for tasks to queue
[2025-06-15T00:13:43.656-0400] {logging_mixin.py:154} INFO - [2025-06-15T00:13:43.656-0400] {dagbag.py:536} INFO - Filling up the DagBag from /Users/rah/.pyenv/versions/3.10.11/lib/python3.10/site-packages/airflow/example_dags/example_latest_only_with_trigger.py
[2025-06-15T00:13:43.664-0400] {processor.py:839} INFO - DAG(s) dict_keys(['latest_only_with_trigger']) retrieved from /Users/rah/.pyenv/versions/3.10.11/lib/python3.10/site-packages/airflow/example_dags/example_latest_only_with_trigger.py
[2025-06-15T00:13:43.773-0400] {logging_mixin.py:154} INFO - [2025-06-15T00:13:43.772-0400] {dag.py:2941} INFO - Sync 1 DAGs
[2025-06-15T00:13:43.779-0400] {logging_mixin.py:154} INFO - [2025-06-15T00:13:43.779-0400] {dag.py:3722} INFO - Setting next_dagrun for latest_only_with_trigger to 2025-06-15T00:13:43.779026+00:00, run_after=2025-06-15T04:13:43.779026+00:00
[2025-06-15T00:13:43.786-0400] {processor.py:179} INFO - Processing /Users/rah/.pyenv/versions/3.10.11/lib/python3.10/site-packages/airflow/example_dags/example_latest_only_with_trigger.py took 0.134 seconds
[2025-06-15T00:15:24.183-0400] {processor.py:157} INFO - Started process (PID=65426) to work on /Users/rah/.pyenv/versions/3.10.11/lib/python3.10/site-packages/airflow/example_dags/example_latest_only_with_trigger.py
[2025-06-15T00:15:24.186-0400] {processor.py:829} INFO - Processing file /Users/rah/.pyenv/versions/3.10.11/lib/python3.10/site-packages/airflow/example_dags/example_latest_only_with_trigger.py for tasks to queue
[2025-06-15T00:15:24.186-0400] {logging_mixin.py:154} INFO - [2025-06-15T00:15:24.186-0400] {dagbag.py:536} INFO - Filling up the DagBag from /Users/rah/.pyenv/versions/3.10.11/lib/python3.10/site-packages/airflow/example_dags/example_latest_only_with_trigger.py
[2025-06-15T00:15:24.195-0400] {processor.py:839} INFO - DAG(s) dict_keys(['latest_only_with_trigger']) retrieved from /Users/rah/.pyenv/versions/3.10.11/lib/python3.10/site-packages/airflow/example_dags/example_latest_only_with_trigger.py
[2025-06-15T00:15:24.305-0400] {logging_mixin.py:154} INFO - [2025-06-15T00:15:24.305-0400] {dag.py:2941} INFO - Sync 1 DAGs
[2025-06-15T00:15:24.313-0400] {logging_mixin.py:154} INFO - [2025-06-15T00:15:24.312-0400] {dag.py:3722} INFO - Setting next_dagrun for latest_only_with_trigger to 2025-06-15T00:15:24.312771+00:00, run_after=2025-06-15T04:15:24.312771+00:00
[2025-06-15T00:15:24.321-0400] {processor.py:179} INFO - Processing /Users/rah/.pyenv/versions/3.10.11/lib/python3.10/site-packages/airflow/example_dags/example_latest_only_with_trigger.py took 0.138 seconds
