[2025-06-14T23:49:11.679-0400] {processor.py:157} INFO - Started process (PID=40160) to work on /Users/rah/.pyenv/versions/3.10.11/lib/python3.10/site-packages/airflow/example_dags/example_setup_teardown.py
[2025-06-14T23:49:11.681-0400] {processor.py:829} INFO - Processing file /Users/rah/.pyenv/versions/3.10.11/lib/python3.10/site-packages/airflow/example_dags/example_setup_teardown.py for tasks to queue
[2025-06-14T23:49:11.682-0400] {logging_mixin.py:154} INFO - [2025-06-14T23:49:11.682-0400] {dagbag.py:536} INFO - Filling up the DagBag from /Users/rah/.pyenv/versions/3.10.11/lib/python3.10/site-packages/airflow/example_dags/example_setup_teardown.py
[2025-06-14T23:49:11.691-0400] {processor.py:839} INFO - DAG(s) dict_keys(['example_setup_teardown']) retrieved from /Users/rah/.pyenv/versions/3.10.11/lib/python3.10/site-packages/airflow/example_dags/example_setup_teardown.py
[2025-06-14T23:49:12.029-0400] {logging_mixin.py:154} INFO - [2025-06-14T23:49:12.029-0400] {manager.py:499} INFO - Created Permission View: %s
[2025-06-14T23:49:12.033-0400] {logging_mixin.py:154} INFO - [2025-06-14T23:49:12.033-0400] {manager.py:499} INFO - Created Permission View: %s
[2025-06-14T23:49:12.035-0400] {logging_mixin.py:154} INFO - [2025-06-14T23:49:12.035-0400] {manager.py:499} INFO - Created Permission View: %s
[2025-06-14T23:49:12.035-0400] {logging_mixin.py:154} INFO - [2025-06-14T23:49:12.035-0400] {dag.py:2941} INFO - Sync 1 DAGs
[2025-06-14T23:49:12.039-0400] {logging_mixin.py:154} INFO - [2025-06-14T23:49:12.039-0400] {dag.py:2963} INFO - Creating ORM DAG for example_setup_teardown
[2025-06-14T23:49:12.042-0400] {logging_mixin.py:154} INFO - [2025-06-14T23:49:12.042-0400] {dag.py:3722} INFO - Setting next_dagrun for example_setup_teardown to 2025-06-14T03:49:12.042416+00:00, run_after=2025-06-15T03:49:12.042416+00:00
[2025-06-14T23:49:12.050-0400] {processor.py:179} INFO - Processing /Users/rah/.pyenv/versions/3.10.11/lib/python3.10/site-packages/airflow/example_dags/example_setup_teardown.py took 0.372 seconds
[2025-06-14T23:50:39.081-0400] {processor.py:157} INFO - Started process (PID=41154) to work on /Users/rah/.pyenv/versions/3.10.11/lib/python3.10/site-packages/airflow/example_dags/example_setup_teardown.py
[2025-06-14T23:50:39.085-0400] {processor.py:829} INFO - Processing file /Users/rah/.pyenv/versions/3.10.11/lib/python3.10/site-packages/airflow/example_dags/example_setup_teardown.py for tasks to queue
[2025-06-14T23:50:39.085-0400] {logging_mixin.py:154} INFO - [2025-06-14T23:50:39.085-0400] {dagbag.py:536} INFO - Filling up the DagBag from /Users/rah/.pyenv/versions/3.10.11/lib/python3.10/site-packages/airflow/example_dags/example_setup_teardown.py
[2025-06-14T23:50:39.095-0400] {processor.py:839} INFO - DAG(s) dict_keys(['example_setup_teardown']) retrieved from /Users/rah/.pyenv/versions/3.10.11/lib/python3.10/site-packages/airflow/example_dags/example_setup_teardown.py
[2025-06-14T23:50:39.217-0400] {logging_mixin.py:154} INFO - [2025-06-14T23:50:39.216-0400] {dag.py:2941} INFO - Sync 1 DAGs
[2025-06-14T23:50:39.224-0400] {logging_mixin.py:154} INFO - [2025-06-14T23:50:39.224-0400] {dag.py:3722} INFO - Setting next_dagrun for example_setup_teardown to 2025-06-14T03:50:39.223998+00:00, run_after=2025-06-15T03:50:39.223998+00:00
[2025-06-14T23:50:39.232-0400] {processor.py:179} INFO - Processing /Users/rah/.pyenv/versions/3.10.11/lib/python3.10/site-packages/airflow/example_dags/example_setup_teardown.py took 0.151 seconds
[2025-06-14T23:55:27.120-0400] {processor.py:157} INFO - Started process (PID=45875) to work on /Users/rah/Desktop/creative_projects/rah_coding_repo/projects/fin_data_project_001/finance-data-project-1/.venv/lib/python3.10/site-packages/airflow/example_dags/example_setup_teardown.py
[2025-06-14T23:55:27.123-0400] {processor.py:829} INFO - Processing file /Users/rah/Desktop/creative_projects/rah_coding_repo/projects/fin_data_project_001/finance-data-project-1/.venv/lib/python3.10/site-packages/airflow/example_dags/example_setup_teardown.py for tasks to queue
[2025-06-14T23:55:27.123-0400] {logging_mixin.py:154} INFO - [2025-06-14T23:55:27.123-0400] {dagbag.py:536} INFO - Filling up the DagBag from /Users/rah/Desktop/creative_projects/rah_coding_repo/projects/fin_data_project_001/finance-data-project-1/.venv/lib/python3.10/site-packages/airflow/example_dags/example_setup_teardown.py
[2025-06-14T23:55:27.133-0400] {processor.py:839} INFO - DAG(s) dict_keys(['example_setup_teardown']) retrieved from /Users/rah/Desktop/creative_projects/rah_coding_repo/projects/fin_data_project_001/finance-data-project-1/.venv/lib/python3.10/site-packages/airflow/example_dags/example_setup_teardown.py
[2025-06-14T23:55:27.222-0400] {logging_mixin.py:154} INFO - [2025-06-14T23:55:27.222-0400] {dag.py:2941} INFO - Sync 1 DAGs
[2025-06-14T23:55:27.228-0400] {logging_mixin.py:154} INFO - [2025-06-14T23:55:27.228-0400] {dag.py:3722} INFO - Setting next_dagrun for example_setup_teardown to 2025-06-14T03:55:27.228671+00:00, run_after=2025-06-15T03:55:27.228671+00:00
[2025-06-14T23:55:27.236-0400] {processor.py:179} INFO - Processing /Users/rah/Desktop/creative_projects/rah_coding_repo/projects/fin_data_project_001/finance-data-project-1/.venv/lib/python3.10/site-packages/airflow/example_dags/example_setup_teardown.py took 0.117 seconds
[2025-06-14T23:56:30.268-0400] {processor.py:157} INFO - Started process (PID=47357) to work on /Users/rah/Desktop/creative_projects/rah_coding_repo/projects/fin_data_project_001/finance-data-project-1/.venv/lib/python3.10/site-packages/airflow/example_dags/example_setup_teardown.py
[2025-06-14T23:56:30.270-0400] {processor.py:829} INFO - Processing file /Users/rah/Desktop/creative_projects/rah_coding_repo/projects/fin_data_project_001/finance-data-project-1/.venv/lib/python3.10/site-packages/airflow/example_dags/example_setup_teardown.py for tasks to queue
[2025-06-14T23:56:30.271-0400] {logging_mixin.py:154} INFO - [2025-06-14T23:56:30.271-0400] {dagbag.py:536} INFO - Filling up the DagBag from /Users/rah/Desktop/creative_projects/rah_coding_repo/projects/fin_data_project_001/finance-data-project-1/.venv/lib/python3.10/site-packages/airflow/example_dags/example_setup_teardown.py
[2025-06-14T23:56:30.281-0400] {processor.py:839} INFO - DAG(s) dict_keys(['example_setup_teardown']) retrieved from /Users/rah/Desktop/creative_projects/rah_coding_repo/projects/fin_data_project_001/finance-data-project-1/.venv/lib/python3.10/site-packages/airflow/example_dags/example_setup_teardown.py
[2025-06-14T23:56:30.383-0400] {logging_mixin.py:154} INFO - [2025-06-14T23:56:30.383-0400] {dag.py:2941} INFO - Sync 1 DAGs
[2025-06-14T23:56:30.389-0400] {logging_mixin.py:154} INFO - [2025-06-14T23:56:30.389-0400] {dag.py:3722} INFO - Setting next_dagrun for example_setup_teardown to 2025-06-14T03:56:30.389560+00:00, run_after=2025-06-15T03:56:30.389560+00:00
[2025-06-14T23:56:30.398-0400] {processor.py:179} INFO - Processing /Users/rah/Desktop/creative_projects/rah_coding_repo/projects/fin_data_project_001/finance-data-project-1/.venv/lib/python3.10/site-packages/airflow/example_dags/example_setup_teardown.py took 0.131 seconds
[2025-06-14T23:56:48.699-0400] {processor.py:157} INFO - Started process (PID=48034) to work on /Users/rah/Desktop/creative_projects/rah_coding_repo/projects/fin_data_project_001/finance-data-project-1/.venv/lib/python3.10/site-packages/airflow/example_dags/example_setup_teardown.py
[2025-06-14T23:56:48.702-0400] {processor.py:829} INFO - Processing file /Users/rah/Desktop/creative_projects/rah_coding_repo/projects/fin_data_project_001/finance-data-project-1/.venv/lib/python3.10/site-packages/airflow/example_dags/example_setup_teardown.py for tasks to queue
[2025-06-14T23:56:48.702-0400] {logging_mixin.py:154} INFO - [2025-06-14T23:56:48.702-0400] {dagbag.py:536} INFO - Filling up the DagBag from /Users/rah/Desktop/creative_projects/rah_coding_repo/projects/fin_data_project_001/finance-data-project-1/.venv/lib/python3.10/site-packages/airflow/example_dags/example_setup_teardown.py
[2025-06-14T23:56:48.712-0400] {processor.py:839} INFO - DAG(s) dict_keys(['example_setup_teardown']) retrieved from /Users/rah/Desktop/creative_projects/rah_coding_repo/projects/fin_data_project_001/finance-data-project-1/.venv/lib/python3.10/site-packages/airflow/example_dags/example_setup_teardown.py
[2025-06-14T23:56:48.813-0400] {logging_mixin.py:154} INFO - [2025-06-14T23:56:48.813-0400] {dag.py:2941} INFO - Sync 1 DAGs
[2025-06-14T23:56:48.820-0400] {logging_mixin.py:154} INFO - [2025-06-14T23:56:48.820-0400] {dag.py:3722} INFO - Setting next_dagrun for example_setup_teardown to 2025-06-14T03:56:48.820435+00:00, run_after=2025-06-15T03:56:48.820435+00:00
[2025-06-14T23:56:48.830-0400] {processor.py:179} INFO - Processing /Users/rah/Desktop/creative_projects/rah_coding_repo/projects/fin_data_project_001/finance-data-project-1/.venv/lib/python3.10/site-packages/airflow/example_dags/example_setup_teardown.py took 0.132 seconds
[2025-06-14T23:57:23.397-0400] {processor.py:157} INFO - Started process (PID=48502) to work on /Users/rah/Desktop/creative_projects/rah_coding_repo/projects/fin_data_project_001/finance-data-project-1/.venv/lib/python3.10/site-packages/airflow/example_dags/example_setup_teardown.py
[2025-06-14T23:57:23.400-0400] {processor.py:829} INFO - Processing file /Users/rah/Desktop/creative_projects/rah_coding_repo/projects/fin_data_project_001/finance-data-project-1/.venv/lib/python3.10/site-packages/airflow/example_dags/example_setup_teardown.py for tasks to queue
[2025-06-14T23:57:23.400-0400] {logging_mixin.py:154} INFO - [2025-06-14T23:57:23.400-0400] {dagbag.py:536} INFO - Filling up the DagBag from /Users/rah/Desktop/creative_projects/rah_coding_repo/projects/fin_data_project_001/finance-data-project-1/.venv/lib/python3.10/site-packages/airflow/example_dags/example_setup_teardown.py
[2025-06-14T23:57:23.411-0400] {processor.py:839} INFO - DAG(s) dict_keys(['example_setup_teardown']) retrieved from /Users/rah/Desktop/creative_projects/rah_coding_repo/projects/fin_data_project_001/finance-data-project-1/.venv/lib/python3.10/site-packages/airflow/example_dags/example_setup_teardown.py
[2025-06-14T23:57:23.511-0400] {logging_mixin.py:154} INFO - [2025-06-14T23:57:23.511-0400] {dag.py:2941} INFO - Sync 1 DAGs
[2025-06-14T23:57:23.518-0400] {logging_mixin.py:154} INFO - [2025-06-14T23:57:23.518-0400] {dag.py:3722} INFO - Setting next_dagrun for example_setup_teardown to 2025-06-14T03:57:23.518166+00:00, run_after=2025-06-15T03:57:23.518166+00:00
[2025-06-14T23:57:23.527-0400] {processor.py:179} INFO - Processing /Users/rah/Desktop/creative_projects/rah_coding_repo/projects/fin_data_project_001/finance-data-project-1/.venv/lib/python3.10/site-packages/airflow/example_dags/example_setup_teardown.py took 0.130 seconds
[2025-06-14T23:57:51.219-0400] {processor.py:157} INFO - Started process (PID=48921) to work on /Users/rah/Desktop/creative_projects/rah_coding_repo/projects/fin_data_project_001/finance-data-project-1/.venv/lib/python3.10/site-packages/airflow/example_dags/example_setup_teardown.py
[2025-06-14T23:57:51.222-0400] {processor.py:829} INFO - Processing file /Users/rah/Desktop/creative_projects/rah_coding_repo/projects/fin_data_project_001/finance-data-project-1/.venv/lib/python3.10/site-packages/airflow/example_dags/example_setup_teardown.py for tasks to queue
[2025-06-14T23:57:51.222-0400] {logging_mixin.py:154} INFO - [2025-06-14T23:57:51.222-0400] {dagbag.py:536} INFO - Filling up the DagBag from /Users/rah/Desktop/creative_projects/rah_coding_repo/projects/fin_data_project_001/finance-data-project-1/.venv/lib/python3.10/site-packages/airflow/example_dags/example_setup_teardown.py
[2025-06-14T23:57:51.233-0400] {processor.py:839} INFO - DAG(s) dict_keys(['example_setup_teardown']) retrieved from /Users/rah/Desktop/creative_projects/rah_coding_repo/projects/fin_data_project_001/finance-data-project-1/.venv/lib/python3.10/site-packages/airflow/example_dags/example_setup_teardown.py
[2025-06-14T23:57:51.334-0400] {logging_mixin.py:154} INFO - [2025-06-14T23:57:51.334-0400] {dag.py:2941} INFO - Sync 1 DAGs
[2025-06-14T23:57:51.341-0400] {logging_mixin.py:154} INFO - [2025-06-14T23:57:51.341-0400] {dag.py:3722} INFO - Setting next_dagrun for example_setup_teardown to 2025-06-14T03:57:51.341347+00:00, run_after=2025-06-15T03:57:51.341347+00:00
[2025-06-14T23:57:51.350-0400] {processor.py:179} INFO - Processing /Users/rah/Desktop/creative_projects/rah_coding_repo/projects/fin_data_project_001/finance-data-project-1/.venv/lib/python3.10/site-packages/airflow/example_dags/example_setup_teardown.py took 0.132 seconds
[2025-06-14T23:58:23.564-0400] {processor.py:157} INFO - Started process (PID=49357) to work on /Users/rah/Desktop/creative_projects/rah_coding_repo/projects/fin_data_project_001/finance-data-project-1/.venv/lib/python3.10/site-packages/airflow/example_dags/example_setup_teardown.py
[2025-06-14T23:58:23.567-0400] {processor.py:829} INFO - Processing file /Users/rah/Desktop/creative_projects/rah_coding_repo/projects/fin_data_project_001/finance-data-project-1/.venv/lib/python3.10/site-packages/airflow/example_dags/example_setup_teardown.py for tasks to queue
[2025-06-14T23:58:23.568-0400] {logging_mixin.py:154} INFO - [2025-06-14T23:58:23.568-0400] {dagbag.py:536} INFO - Filling up the DagBag from /Users/rah/Desktop/creative_projects/rah_coding_repo/projects/fin_data_project_001/finance-data-project-1/.venv/lib/python3.10/site-packages/airflow/example_dags/example_setup_teardown.py
[2025-06-14T23:58:23.578-0400] {processor.py:839} INFO - DAG(s) dict_keys(['example_setup_teardown']) retrieved from /Users/rah/Desktop/creative_projects/rah_coding_repo/projects/fin_data_project_001/finance-data-project-1/.venv/lib/python3.10/site-packages/airflow/example_dags/example_setup_teardown.py
[2025-06-14T23:58:23.679-0400] {logging_mixin.py:154} INFO - [2025-06-14T23:58:23.679-0400] {dag.py:2941} INFO - Sync 1 DAGs
[2025-06-14T23:58:23.686-0400] {logging_mixin.py:154} INFO - [2025-06-14T23:58:23.686-0400] {dag.py:3722} INFO - Setting next_dagrun for example_setup_teardown to 2025-06-14T03:58:23.686597+00:00, run_after=2025-06-15T03:58:23.686597+00:00
[2025-06-14T23:58:23.695-0400] {processor.py:179} INFO - Processing /Users/rah/Desktop/creative_projects/rah_coding_repo/projects/fin_data_project_001/finance-data-project-1/.venv/lib/python3.10/site-packages/airflow/example_dags/example_setup_teardown.py took 0.132 seconds
[2025-06-14T23:58:40.963-0400] {processor.py:157} INFO - Started process (PID=49538) to work on /Users/rah/Desktop/creative_projects/rah_coding_repo/projects/fin_data_project_001/finance-data-project-1/.venv/lib/python3.10/site-packages/airflow/example_dags/example_setup_teardown.py
[2025-06-14T23:58:40.965-0400] {processor.py:829} INFO - Processing file /Users/rah/Desktop/creative_projects/rah_coding_repo/projects/fin_data_project_001/finance-data-project-1/.venv/lib/python3.10/site-packages/airflow/example_dags/example_setup_teardown.py for tasks to queue
[2025-06-14T23:58:40.966-0400] {logging_mixin.py:154} INFO - [2025-06-14T23:58:40.966-0400] {dagbag.py:536} INFO - Filling up the DagBag from /Users/rah/Desktop/creative_projects/rah_coding_repo/projects/fin_data_project_001/finance-data-project-1/.venv/lib/python3.10/site-packages/airflow/example_dags/example_setup_teardown.py
[2025-06-14T23:58:40.976-0400] {processor.py:839} INFO - DAG(s) dict_keys(['example_setup_teardown']) retrieved from /Users/rah/Desktop/creative_projects/rah_coding_repo/projects/fin_data_project_001/finance-data-project-1/.venv/lib/python3.10/site-packages/airflow/example_dags/example_setup_teardown.py
[2025-06-14T23:58:41.079-0400] {logging_mixin.py:154} INFO - [2025-06-14T23:58:41.079-0400] {dag.py:2941} INFO - Sync 1 DAGs
[2025-06-14T23:58:41.086-0400] {logging_mixin.py:154} INFO - [2025-06-14T23:58:41.086-0400] {dag.py:3722} INFO - Setting next_dagrun for example_setup_teardown to 2025-06-14T03:58:41.086201+00:00, run_after=2025-06-15T03:58:41.086201+00:00
[2025-06-14T23:58:41.095-0400] {processor.py:179} INFO - Processing /Users/rah/Desktop/creative_projects/rah_coding_repo/projects/fin_data_project_001/finance-data-project-1/.venv/lib/python3.10/site-packages/airflow/example_dags/example_setup_teardown.py took 0.132 seconds
[2025-06-14T23:59:25.898-0400] {processor.py:157} INFO - Started process (PID=50688) to work on /Users/rah/Desktop/creative_projects/rah_coding_repo/projects/fin_data_project_001/finance-data-project-1/.venv/lib/python3.10/site-packages/airflow/example_dags/example_setup_teardown.py
[2025-06-14T23:59:25.901-0400] {processor.py:829} INFO - Processing file /Users/rah/Desktop/creative_projects/rah_coding_repo/projects/fin_data_project_001/finance-data-project-1/.venv/lib/python3.10/site-packages/airflow/example_dags/example_setup_teardown.py for tasks to queue
[2025-06-14T23:59:25.901-0400] {logging_mixin.py:154} INFO - [2025-06-14T23:59:25.901-0400] {dagbag.py:536} INFO - Filling up the DagBag from /Users/rah/Desktop/creative_projects/rah_coding_repo/projects/fin_data_project_001/finance-data-project-1/.venv/lib/python3.10/site-packages/airflow/example_dags/example_setup_teardown.py
[2025-06-14T23:59:25.912-0400] {processor.py:839} INFO - DAG(s) dict_keys(['example_setup_teardown']) retrieved from /Users/rah/Desktop/creative_projects/rah_coding_repo/projects/fin_data_project_001/finance-data-project-1/.venv/lib/python3.10/site-packages/airflow/example_dags/example_setup_teardown.py
[2025-06-14T23:59:26.016-0400] {logging_mixin.py:154} INFO - [2025-06-14T23:59:26.016-0400] {dag.py:2941} INFO - Sync 1 DAGs
[2025-06-14T23:59:26.023-0400] {logging_mixin.py:154} INFO - [2025-06-14T23:59:26.023-0400] {dag.py:3722} INFO - Setting next_dagrun for example_setup_teardown to 2025-06-14T03:59:26.023368+00:00, run_after=2025-06-15T03:59:26.023368+00:00
[2025-06-14T23:59:26.032-0400] {processor.py:179} INFO - Processing /Users/rah/Desktop/creative_projects/rah_coding_repo/projects/fin_data_project_001/finance-data-project-1/.venv/lib/python3.10/site-packages/airflow/example_dags/example_setup_teardown.py took 0.134 seconds
[2025-06-14T23:59:28.780-0400] {processor.py:157} INFO - Started process (PID=50706) to work on /Users/rah/Desktop/creative_projects/rah_coding_repo/projects/fin_data_project_001/finance-data-project-1/.venv/lib/python3.10/site-packages/airflow/example_dags/example_setup_teardown.py
[2025-06-14T23:59:28.783-0400] {processor.py:829} INFO - Processing file /Users/rah/Desktop/creative_projects/rah_coding_repo/projects/fin_data_project_001/finance-data-project-1/.venv/lib/python3.10/site-packages/airflow/example_dags/example_setup_teardown.py for tasks to queue
[2025-06-14T23:59:28.783-0400] {logging_mixin.py:154} INFO - [2025-06-14T23:59:28.783-0400] {dagbag.py:536} INFO - Filling up the DagBag from /Users/rah/Desktop/creative_projects/rah_coding_repo/projects/fin_data_project_001/finance-data-project-1/.venv/lib/python3.10/site-packages/airflow/example_dags/example_setup_teardown.py
[2025-06-14T23:59:28.793-0400] {processor.py:839} INFO - DAG(s) dict_keys(['example_setup_teardown']) retrieved from /Users/rah/Desktop/creative_projects/rah_coding_repo/projects/fin_data_project_001/finance-data-project-1/.venv/lib/python3.10/site-packages/airflow/example_dags/example_setup_teardown.py
[2025-06-14T23:59:28.885-0400] {logging_mixin.py:154} INFO - [2025-06-14T23:59:28.885-0400] {dag.py:2941} INFO - Sync 1 DAGs
[2025-06-14T23:59:28.892-0400] {logging_mixin.py:154} INFO - [2025-06-14T23:59:28.892-0400] {dag.py:3722} INFO - Setting next_dagrun for example_setup_teardown to 2025-06-14T03:59:28.892179+00:00, run_after=2025-06-15T03:59:28.892179+00:00
[2025-06-14T23:59:28.900-0400] {processor.py:179} INFO - Processing /Users/rah/Desktop/creative_projects/rah_coding_repo/projects/fin_data_project_001/finance-data-project-1/.venv/lib/python3.10/site-packages/airflow/example_dags/example_setup_teardown.py took 0.121 seconds
[2025-06-15T00:00:06.662-0400] {processor.py:157} INFO - Started process (PID=51350) to work on /Users/rah/Desktop/creative_projects/rah_coding_repo/projects/fin_data_project_001/finance-data-project-1/.venv/lib/python3.10/site-packages/airflow/example_dags/example_setup_teardown.py
[2025-06-15T00:00:06.665-0400] {processor.py:829} INFO - Processing file /Users/rah/Desktop/creative_projects/rah_coding_repo/projects/fin_data_project_001/finance-data-project-1/.venv/lib/python3.10/site-packages/airflow/example_dags/example_setup_teardown.py for tasks to queue
[2025-06-15T00:00:06.666-0400] {logging_mixin.py:154} INFO - [2025-06-15T00:00:06.666-0400] {dagbag.py:536} INFO - Filling up the DagBag from /Users/rah/Desktop/creative_projects/rah_coding_repo/projects/fin_data_project_001/finance-data-project-1/.venv/lib/python3.10/site-packages/airflow/example_dags/example_setup_teardown.py
[2025-06-15T00:00:06.676-0400] {processor.py:839} INFO - DAG(s) dict_keys(['example_setup_teardown']) retrieved from /Users/rah/Desktop/creative_projects/rah_coding_repo/projects/fin_data_project_001/finance-data-project-1/.venv/lib/python3.10/site-packages/airflow/example_dags/example_setup_teardown.py
[2025-06-15T00:00:06.773-0400] {logging_mixin.py:154} INFO - [2025-06-15T00:00:06.773-0400] {dag.py:2941} INFO - Sync 1 DAGs
[2025-06-15T00:00:06.780-0400] {logging_mixin.py:154} INFO - [2025-06-15T00:00:06.780-0400] {dag.py:3722} INFO - Setting next_dagrun for example_setup_teardown to 2025-06-14T04:00:06.779945+00:00, run_after=2025-06-15T04:00:06.779945+00:00
[2025-06-15T00:00:06.788-0400] {processor.py:179} INFO - Processing /Users/rah/Desktop/creative_projects/rah_coding_repo/projects/fin_data_project_001/finance-data-project-1/.venv/lib/python3.10/site-packages/airflow/example_dags/example_setup_teardown.py took 0.127 seconds
[2025-06-15T00:00:21.754-0400] {processor.py:157} INFO - Started process (PID=51525) to work on /Users/rah/Desktop/creative_projects/rah_coding_repo/projects/fin_data_project_001/finance-data-project-1/.venv/lib/python3.10/site-packages/airflow/example_dags/example_setup_teardown.py
[2025-06-15T00:00:21.757-0400] {processor.py:829} INFO - Processing file /Users/rah/Desktop/creative_projects/rah_coding_repo/projects/fin_data_project_001/finance-data-project-1/.venv/lib/python3.10/site-packages/airflow/example_dags/example_setup_teardown.py for tasks to queue
[2025-06-15T00:00:21.757-0400] {logging_mixin.py:154} INFO - [2025-06-15T00:00:21.757-0400] {dagbag.py:536} INFO - Filling up the DagBag from /Users/rah/Desktop/creative_projects/rah_coding_repo/projects/fin_data_project_001/finance-data-project-1/.venv/lib/python3.10/site-packages/airflow/example_dags/example_setup_teardown.py
[2025-06-15T00:00:21.767-0400] {processor.py:839} INFO - DAG(s) dict_keys(['example_setup_teardown']) retrieved from /Users/rah/Desktop/creative_projects/rah_coding_repo/projects/fin_data_project_001/finance-data-project-1/.venv/lib/python3.10/site-packages/airflow/example_dags/example_setup_teardown.py
[2025-06-15T00:00:21.866-0400] {logging_mixin.py:154} INFO - [2025-06-15T00:00:21.866-0400] {dag.py:2941} INFO - Sync 1 DAGs
[2025-06-15T00:00:21.874-0400] {logging_mixin.py:154} INFO - [2025-06-15T00:00:21.874-0400] {dag.py:3722} INFO - Setting next_dagrun for example_setup_teardown to 2025-06-14T04:00:21.874469+00:00, run_after=2025-06-15T04:00:21.874469+00:00
[2025-06-15T00:00:21.884-0400] {processor.py:179} INFO - Processing /Users/rah/Desktop/creative_projects/rah_coding_repo/projects/fin_data_project_001/finance-data-project-1/.venv/lib/python3.10/site-packages/airflow/example_dags/example_setup_teardown.py took 0.131 seconds
[2025-06-15T00:00:51.036-0400] {processor.py:157} INFO - Started process (PID=51988) to work on /Users/rah/Desktop/creative_projects/rah_coding_repo/projects/fin_data_project_001/finance-data-project-1/.venv/lib/python3.10/site-packages/airflow/example_dags/example_setup_teardown.py
[2025-06-15T00:00:51.039-0400] {processor.py:829} INFO - Processing file /Users/rah/Desktop/creative_projects/rah_coding_repo/projects/fin_data_project_001/finance-data-project-1/.venv/lib/python3.10/site-packages/airflow/example_dags/example_setup_teardown.py for tasks to queue
[2025-06-15T00:00:51.039-0400] {logging_mixin.py:154} INFO - [2025-06-15T00:00:51.039-0400] {dagbag.py:536} INFO - Filling up the DagBag from /Users/rah/Desktop/creative_projects/rah_coding_repo/projects/fin_data_project_001/finance-data-project-1/.venv/lib/python3.10/site-packages/airflow/example_dags/example_setup_teardown.py
[2025-06-15T00:00:51.050-0400] {processor.py:839} INFO - DAG(s) dict_keys(['example_setup_teardown']) retrieved from /Users/rah/Desktop/creative_projects/rah_coding_repo/projects/fin_data_project_001/finance-data-project-1/.venv/lib/python3.10/site-packages/airflow/example_dags/example_setup_teardown.py
[2025-06-15T00:00:51.153-0400] {logging_mixin.py:154} INFO - [2025-06-15T00:00:51.153-0400] {dag.py:2941} INFO - Sync 1 DAGs
[2025-06-15T00:00:51.161-0400] {logging_mixin.py:154} INFO - [2025-06-15T00:00:51.160-0400] {dag.py:3722} INFO - Setting next_dagrun for example_setup_teardown to 2025-06-14T04:00:51.160905+00:00, run_after=2025-06-15T04:00:51.160905+00:00
[2025-06-15T00:00:51.173-0400] {processor.py:179} INFO - Processing /Users/rah/Desktop/creative_projects/rah_coding_repo/projects/fin_data_project_001/finance-data-project-1/.venv/lib/python3.10/site-packages/airflow/example_dags/example_setup_teardown.py took 0.138 seconds
[2025-06-15T00:00:54.449-0400] {processor.py:157} INFO - Started process (PID=52003) to work on /Users/rah/Desktop/creative_projects/rah_coding_repo/projects/fin_data_project_001/finance-data-project-1/.venv/lib/python3.10/site-packages/airflow/example_dags/example_setup_teardown.py
[2025-06-15T00:00:54.451-0400] {processor.py:829} INFO - Processing file /Users/rah/Desktop/creative_projects/rah_coding_repo/projects/fin_data_project_001/finance-data-project-1/.venv/lib/python3.10/site-packages/airflow/example_dags/example_setup_teardown.py for tasks to queue
[2025-06-15T00:00:54.452-0400] {logging_mixin.py:154} INFO - [2025-06-15T00:00:54.451-0400] {dagbag.py:536} INFO - Filling up the DagBag from /Users/rah/Desktop/creative_projects/rah_coding_repo/projects/fin_data_project_001/finance-data-project-1/.venv/lib/python3.10/site-packages/airflow/example_dags/example_setup_teardown.py
[2025-06-15T00:00:54.462-0400] {processor.py:839} INFO - DAG(s) dict_keys(['example_setup_teardown']) retrieved from /Users/rah/Desktop/creative_projects/rah_coding_repo/projects/fin_data_project_001/finance-data-project-1/.venv/lib/python3.10/site-packages/airflow/example_dags/example_setup_teardown.py
[2025-06-15T00:00:54.565-0400] {logging_mixin.py:154} INFO - [2025-06-15T00:00:54.565-0400] {dag.py:2941} INFO - Sync 1 DAGs
[2025-06-15T00:00:54.572-0400] {logging_mixin.py:154} INFO - [2025-06-15T00:00:54.572-0400] {dag.py:3722} INFO - Setting next_dagrun for example_setup_teardown to 2025-06-14T04:00:54.572542+00:00, run_after=2025-06-15T04:00:54.572542+00:00
[2025-06-15T00:00:54.582-0400] {processor.py:179} INFO - Processing /Users/rah/Desktop/creative_projects/rah_coding_repo/projects/fin_data_project_001/finance-data-project-1/.venv/lib/python3.10/site-packages/airflow/example_dags/example_setup_teardown.py took 0.134 seconds
[2025-06-15T00:01:43.291-0400] {processor.py:157} INFO - Started process (PID=52807) to work on /Users/rah/Desktop/creative_projects/rah_coding_repo/projects/fin_data_project_001/finance-data-project-1/.venv/lib/python3.10/site-packages/airflow/example_dags/example_setup_teardown.py
[2025-06-15T00:01:43.294-0400] {processor.py:829} INFO - Processing file /Users/rah/Desktop/creative_projects/rah_coding_repo/projects/fin_data_project_001/finance-data-project-1/.venv/lib/python3.10/site-packages/airflow/example_dags/example_setup_teardown.py for tasks to queue
[2025-06-15T00:01:43.294-0400] {logging_mixin.py:154} INFO - [2025-06-15T00:01:43.294-0400] {dagbag.py:536} INFO - Filling up the DagBag from /Users/rah/Desktop/creative_projects/rah_coding_repo/projects/fin_data_project_001/finance-data-project-1/.venv/lib/python3.10/site-packages/airflow/example_dags/example_setup_teardown.py
[2025-06-15T00:01:43.305-0400] {processor.py:839} INFO - DAG(s) dict_keys(['example_setup_teardown']) retrieved from /Users/rah/Desktop/creative_projects/rah_coding_repo/projects/fin_data_project_001/finance-data-project-1/.venv/lib/python3.10/site-packages/airflow/example_dags/example_setup_teardown.py
[2025-06-15T00:01:43.406-0400] {logging_mixin.py:154} INFO - [2025-06-15T00:01:43.406-0400] {dag.py:2941} INFO - Sync 1 DAGs
[2025-06-15T00:01:43.414-0400] {logging_mixin.py:154} INFO - [2025-06-15T00:01:43.414-0400] {dag.py:3722} INFO - Setting next_dagrun for example_setup_teardown to 2025-06-14T04:01:43.414023+00:00, run_after=2025-06-15T04:01:43.414023+00:00
[2025-06-15T00:01:43.424-0400] {processor.py:179} INFO - Processing /Users/rah/Desktop/creative_projects/rah_coding_repo/projects/fin_data_project_001/finance-data-project-1/.venv/lib/python3.10/site-packages/airflow/example_dags/example_setup_teardown.py took 0.133 seconds
[2025-06-15T00:01:55.156-0400] {processor.py:157} INFO - Started process (PID=52975) to work on /Users/rah/Desktop/creative_projects/rah_coding_repo/projects/fin_data_project_001/finance-data-project-1/.venv/lib/python3.10/site-packages/airflow/example_dags/example_setup_teardown.py
[2025-06-15T00:01:55.158-0400] {processor.py:829} INFO - Processing file /Users/rah/Desktop/creative_projects/rah_coding_repo/projects/fin_data_project_001/finance-data-project-1/.venv/lib/python3.10/site-packages/airflow/example_dags/example_setup_teardown.py for tasks to queue
[2025-06-15T00:01:55.158-0400] {logging_mixin.py:154} INFO - [2025-06-15T00:01:55.158-0400] {dagbag.py:536} INFO - Filling up the DagBag from /Users/rah/Desktop/creative_projects/rah_coding_repo/projects/fin_data_project_001/finance-data-project-1/.venv/lib/python3.10/site-packages/airflow/example_dags/example_setup_teardown.py
[2025-06-15T00:01:55.168-0400] {processor.py:839} INFO - DAG(s) dict_keys(['example_setup_teardown']) retrieved from /Users/rah/Desktop/creative_projects/rah_coding_repo/projects/fin_data_project_001/finance-data-project-1/.venv/lib/python3.10/site-packages/airflow/example_dags/example_setup_teardown.py
[2025-06-15T00:01:55.264-0400] {logging_mixin.py:154} INFO - [2025-06-15T00:01:55.264-0400] {dag.py:2941} INFO - Sync 1 DAGs
[2025-06-15T00:01:55.271-0400] {logging_mixin.py:154} INFO - [2025-06-15T00:01:55.271-0400] {dag.py:3722} INFO - Setting next_dagrun for example_setup_teardown to 2025-06-14T04:01:55.271124+00:00, run_after=2025-06-15T04:01:55.271124+00:00
[2025-06-15T00:01:55.280-0400] {processor.py:179} INFO - Processing /Users/rah/Desktop/creative_projects/rah_coding_repo/projects/fin_data_project_001/finance-data-project-1/.venv/lib/python3.10/site-packages/airflow/example_dags/example_setup_teardown.py took 0.125 seconds
[2025-06-15T00:02:24.863-0400] {processor.py:157} INFO - Started process (PID=53467) to work on /Users/rah/Desktop/creative_projects/rah_coding_repo/projects/fin_data_project_001/finance-data-project-1/.venv/lib/python3.10/site-packages/airflow/example_dags/example_setup_teardown.py
[2025-06-15T00:02:24.866-0400] {processor.py:829} INFO - Processing file /Users/rah/Desktop/creative_projects/rah_coding_repo/projects/fin_data_project_001/finance-data-project-1/.venv/lib/python3.10/site-packages/airflow/example_dags/example_setup_teardown.py for tasks to queue
[2025-06-15T00:02:24.866-0400] {logging_mixin.py:154} INFO - [2025-06-15T00:02:24.866-0400] {dagbag.py:536} INFO - Filling up the DagBag from /Users/rah/Desktop/creative_projects/rah_coding_repo/projects/fin_data_project_001/finance-data-project-1/.venv/lib/python3.10/site-packages/airflow/example_dags/example_setup_teardown.py
[2025-06-15T00:02:24.876-0400] {processor.py:839} INFO - DAG(s) dict_keys(['example_setup_teardown']) retrieved from /Users/rah/Desktop/creative_projects/rah_coding_repo/projects/fin_data_project_001/finance-data-project-1/.venv/lib/python3.10/site-packages/airflow/example_dags/example_setup_teardown.py
[2025-06-15T00:02:24.977-0400] {logging_mixin.py:154} INFO - [2025-06-15T00:02:24.977-0400] {dag.py:2941} INFO - Sync 1 DAGs
[2025-06-15T00:02:24.984-0400] {logging_mixin.py:154} INFO - [2025-06-15T00:02:24.984-0400] {dag.py:3722} INFO - Setting next_dagrun for example_setup_teardown to 2025-06-14T04:02:24.984286+00:00, run_after=2025-06-15T04:02:24.984286+00:00
[2025-06-15T00:02:24.993-0400] {processor.py:179} INFO - Processing /Users/rah/Desktop/creative_projects/rah_coding_repo/projects/fin_data_project_001/finance-data-project-1/.venv/lib/python3.10/site-packages/airflow/example_dags/example_setup_teardown.py took 0.130 seconds
[2025-06-15T00:02:30.857-0400] {processor.py:157} INFO - Started process (PID=53496) to work on /Users/rah/Desktop/creative_projects/rah_coding_repo/projects/fin_data_project_001/finance-data-project-1/.venv/lib/python3.10/site-packages/airflow/example_dags/example_setup_teardown.py
[2025-06-15T00:02:30.859-0400] {processor.py:829} INFO - Processing file /Users/rah/Desktop/creative_projects/rah_coding_repo/projects/fin_data_project_001/finance-data-project-1/.venv/lib/python3.10/site-packages/airflow/example_dags/example_setup_teardown.py for tasks to queue
[2025-06-15T00:02:30.859-0400] {logging_mixin.py:154} INFO - [2025-06-15T00:02:30.859-0400] {dagbag.py:536} INFO - Filling up the DagBag from /Users/rah/Desktop/creative_projects/rah_coding_repo/projects/fin_data_project_001/finance-data-project-1/.venv/lib/python3.10/site-packages/airflow/example_dags/example_setup_teardown.py
[2025-06-15T00:02:30.869-0400] {processor.py:839} INFO - DAG(s) dict_keys(['example_setup_teardown']) retrieved from /Users/rah/Desktop/creative_projects/rah_coding_repo/projects/fin_data_project_001/finance-data-project-1/.venv/lib/python3.10/site-packages/airflow/example_dags/example_setup_teardown.py
[2025-06-15T00:02:30.965-0400] {logging_mixin.py:154} INFO - [2025-06-15T00:02:30.965-0400] {dag.py:2941} INFO - Sync 1 DAGs
[2025-06-15T00:02:30.972-0400] {logging_mixin.py:154} INFO - [2025-06-15T00:02:30.972-0400] {dag.py:3722} INFO - Setting next_dagrun for example_setup_teardown to 2025-06-14T04:02:30.972102+00:00, run_after=2025-06-15T04:02:30.972102+00:00
[2025-06-15T00:02:30.980-0400] {processor.py:179} INFO - Processing /Users/rah/Desktop/creative_projects/rah_coding_repo/projects/fin_data_project_001/finance-data-project-1/.venv/lib/python3.10/site-packages/airflow/example_dags/example_setup_teardown.py took 0.124 seconds
[2025-06-15T00:03:31.628-0400] {processor.py:157} INFO - Started process (PID=54437) to work on /Users/rah/.pyenv/versions/3.10.11/lib/python3.10/site-packages/airflow/example_dags/example_setup_teardown.py
[2025-06-15T00:03:31.631-0400] {processor.py:829} INFO - Processing file /Users/rah/.pyenv/versions/3.10.11/lib/python3.10/site-packages/airflow/example_dags/example_setup_teardown.py for tasks to queue
[2025-06-15T00:03:31.631-0400] {logging_mixin.py:154} INFO - [2025-06-15T00:03:31.631-0400] {dagbag.py:536} INFO - Filling up the DagBag from /Users/rah/.pyenv/versions/3.10.11/lib/python3.10/site-packages/airflow/example_dags/example_setup_teardown.py
[2025-06-15T00:03:31.641-0400] {processor.py:839} INFO - DAG(s) dict_keys(['example_setup_teardown']) retrieved from /Users/rah/.pyenv/versions/3.10.11/lib/python3.10/site-packages/airflow/example_dags/example_setup_teardown.py
[2025-06-15T00:03:31.976-0400] {logging_mixin.py:154} INFO - [2025-06-15T00:03:31.976-0400] {dag.py:2941} INFO - Sync 1 DAGs
[2025-06-15T00:03:31.983-0400] {logging_mixin.py:154} INFO - [2025-06-15T00:03:31.983-0400] {dag.py:3722} INFO - Setting next_dagrun for example_setup_teardown to 2025-06-14T04:03:31.982975+00:00, run_after=2025-06-15T04:03:31.982975+00:00
[2025-06-15T00:03:31.991-0400] {processor.py:179} INFO - Processing /Users/rah/.pyenv/versions/3.10.11/lib/python3.10/site-packages/airflow/example_dags/example_setup_teardown.py took 0.363 seconds
[2025-06-15T00:06:52.231-0400] {processor.py:157} INFO - Started process (PID=57131) to work on /Users/rah/.pyenv/versions/3.10.11/lib/python3.10/site-packages/airflow/example_dags/example_setup_teardown.py
[2025-06-15T00:06:52.234-0400] {processor.py:829} INFO - Processing file /Users/rah/.pyenv/versions/3.10.11/lib/python3.10/site-packages/airflow/example_dags/example_setup_teardown.py for tasks to queue
[2025-06-15T00:06:52.234-0400] {logging_mixin.py:154} INFO - [2025-06-15T00:06:52.234-0400] {dagbag.py:536} INFO - Filling up the DagBag from /Users/rah/.pyenv/versions/3.10.11/lib/python3.10/site-packages/airflow/example_dags/example_setup_teardown.py
[2025-06-15T00:06:52.243-0400] {processor.py:839} INFO - DAG(s) dict_keys(['example_setup_teardown']) retrieved from /Users/rah/.pyenv/versions/3.10.11/lib/python3.10/site-packages/airflow/example_dags/example_setup_teardown.py
[2025-06-15T00:06:52.354-0400] {logging_mixin.py:154} INFO - [2025-06-15T00:06:52.354-0400] {dag.py:2941} INFO - Sync 1 DAGs
[2025-06-15T00:06:52.360-0400] {logging_mixin.py:154} INFO - [2025-06-15T00:06:52.360-0400] {dag.py:3722} INFO - Setting next_dagrun for example_setup_teardown to 2025-06-14T04:06:52.360227+00:00, run_after=2025-06-15T04:06:52.360227+00:00
[2025-06-15T00:06:52.367-0400] {processor.py:179} INFO - Processing /Users/rah/.pyenv/versions/3.10.11/lib/python3.10/site-packages/airflow/example_dags/example_setup_teardown.py took 0.137 seconds
[2025-06-15T00:08:20.960-0400] {processor.py:157} INFO - Started process (PID=58487) to work on /Users/rah/.pyenv/versions/3.10.11/lib/python3.10/site-packages/airflow/example_dags/example_setup_teardown.py
[2025-06-15T00:08:20.963-0400] {processor.py:829} INFO - Processing file /Users/rah/.pyenv/versions/3.10.11/lib/python3.10/site-packages/airflow/example_dags/example_setup_teardown.py for tasks to queue
[2025-06-15T00:08:20.963-0400] {logging_mixin.py:154} INFO - [2025-06-15T00:08:20.963-0400] {dagbag.py:536} INFO - Filling up the DagBag from /Users/rah/.pyenv/versions/3.10.11/lib/python3.10/site-packages/airflow/example_dags/example_setup_teardown.py
[2025-06-15T00:08:20.973-0400] {processor.py:839} INFO - DAG(s) dict_keys(['example_setup_teardown']) retrieved from /Users/rah/.pyenv/versions/3.10.11/lib/python3.10/site-packages/airflow/example_dags/example_setup_teardown.py
[2025-06-15T00:08:21.086-0400] {logging_mixin.py:154} INFO - [2025-06-15T00:08:21.086-0400] {dag.py:2941} INFO - Sync 1 DAGs
[2025-06-15T00:08:21.092-0400] {logging_mixin.py:154} INFO - [2025-06-15T00:08:21.092-0400] {dag.py:3722} INFO - Setting next_dagrun for example_setup_teardown to 2025-06-14T04:08:21.092457+00:00, run_after=2025-06-15T04:08:21.092457+00:00
[2025-06-15T00:08:21.100-0400] {processor.py:179} INFO - Processing /Users/rah/.pyenv/versions/3.10.11/lib/python3.10/site-packages/airflow/example_dags/example_setup_teardown.py took 0.140 seconds
[2025-06-15T00:10:03.955-0400] {processor.py:157} INFO - Started process (PID=60388) to work on /Users/rah/.pyenv/versions/3.10.11/lib/python3.10/site-packages/airflow/example_dags/example_setup_teardown.py
[2025-06-15T00:10:03.958-0400] {processor.py:829} INFO - Processing file /Users/rah/.pyenv/versions/3.10.11/lib/python3.10/site-packages/airflow/example_dags/example_setup_teardown.py for tasks to queue
[2025-06-15T00:10:03.958-0400] {logging_mixin.py:154} INFO - [2025-06-15T00:10:03.958-0400] {dagbag.py:536} INFO - Filling up the DagBag from /Users/rah/.pyenv/versions/3.10.11/lib/python3.10/site-packages/airflow/example_dags/example_setup_teardown.py
[2025-06-15T00:10:03.967-0400] {processor.py:839} INFO - DAG(s) dict_keys(['example_setup_teardown']) retrieved from /Users/rah/.pyenv/versions/3.10.11/lib/python3.10/site-packages/airflow/example_dags/example_setup_teardown.py
[2025-06-15T00:10:04.086-0400] {logging_mixin.py:154} INFO - [2025-06-15T00:10:04.086-0400] {dag.py:2941} INFO - Sync 1 DAGs
[2025-06-15T00:10:04.093-0400] {logging_mixin.py:154} INFO - [2025-06-15T00:10:04.093-0400] {dag.py:3722} INFO - Setting next_dagrun for example_setup_teardown to 2025-06-14T04:10:04.093715+00:00, run_after=2025-06-15T04:10:04.093715+00:00
[2025-06-15T00:10:04.102-0400] {processor.py:179} INFO - Processing /Users/rah/.pyenv/versions/3.10.11/lib/python3.10/site-packages/airflow/example_dags/example_setup_teardown.py took 0.148 seconds
[2025-06-15T00:11:43.542-0400] {processor.py:157} INFO - Started process (PID=61582) to work on /Users/rah/.pyenv/versions/3.10.11/lib/python3.10/site-packages/airflow/example_dags/example_setup_teardown.py
[2025-06-15T00:11:43.545-0400] {processor.py:829} INFO - Processing file /Users/rah/.pyenv/versions/3.10.11/lib/python3.10/site-packages/airflow/example_dags/example_setup_teardown.py for tasks to queue
[2025-06-15T00:11:43.546-0400] {logging_mixin.py:154} INFO - [2025-06-15T00:11:43.546-0400] {dagbag.py:536} INFO - Filling up the DagBag from /Users/rah/.pyenv/versions/3.10.11/lib/python3.10/site-packages/airflow/example_dags/example_setup_teardown.py
[2025-06-15T00:11:43.555-0400] {processor.py:839} INFO - DAG(s) dict_keys(['example_setup_teardown']) retrieved from /Users/rah/.pyenv/versions/3.10.11/lib/python3.10/site-packages/airflow/example_dags/example_setup_teardown.py
[2025-06-15T00:11:43.669-0400] {logging_mixin.py:154} INFO - [2025-06-15T00:11:43.669-0400] {dag.py:2941} INFO - Sync 1 DAGs
[2025-06-15T00:11:43.675-0400] {logging_mixin.py:154} INFO - [2025-06-15T00:11:43.675-0400] {dag.py:3722} INFO - Setting next_dagrun for example_setup_teardown to 2025-06-14T04:11:43.675661+00:00, run_after=2025-06-15T04:11:43.675661+00:00
[2025-06-15T00:11:43.683-0400] {processor.py:179} INFO - Processing /Users/rah/.pyenv/versions/3.10.11/lib/python3.10/site-packages/airflow/example_dags/example_setup_teardown.py took 0.141 seconds
[2025-06-15T00:13:27.354-0400] {processor.py:157} INFO - Started process (PID=63431) to work on /Users/rah/.pyenv/versions/3.10.11/lib/python3.10/site-packages/airflow/example_dags/example_setup_teardown.py
[2025-06-15T00:13:27.357-0400] {processor.py:829} INFO - Processing file /Users/rah/.pyenv/versions/3.10.11/lib/python3.10/site-packages/airflow/example_dags/example_setup_teardown.py for tasks to queue
[2025-06-15T00:13:27.357-0400] {logging_mixin.py:154} INFO - [2025-06-15T00:13:27.357-0400] {dagbag.py:536} INFO - Filling up the DagBag from /Users/rah/.pyenv/versions/3.10.11/lib/python3.10/site-packages/airflow/example_dags/example_setup_teardown.py
[2025-06-15T00:13:27.366-0400] {processor.py:839} INFO - DAG(s) dict_keys(['example_setup_teardown']) retrieved from /Users/rah/.pyenv/versions/3.10.11/lib/python3.10/site-packages/airflow/example_dags/example_setup_teardown.py
[2025-06-15T00:13:27.478-0400] {logging_mixin.py:154} INFO - [2025-06-15T00:13:27.478-0400] {dag.py:2941} INFO - Sync 1 DAGs
[2025-06-15T00:13:27.484-0400] {logging_mixin.py:154} INFO - [2025-06-15T00:13:27.484-0400] {dag.py:3722} INFO - Setting next_dagrun for example_setup_teardown to 2025-06-14T04:13:27.484843+00:00, run_after=2025-06-15T04:13:27.484843+00:00
[2025-06-15T00:13:27.492-0400] {processor.py:179} INFO - Processing /Users/rah/.pyenv/versions/3.10.11/lib/python3.10/site-packages/airflow/example_dags/example_setup_teardown.py took 0.139 seconds
[2025-06-15T00:15:08.352-0400] {processor.py:157} INFO - Started process (PID=64998) to work on /Users/rah/.pyenv/versions/3.10.11/lib/python3.10/site-packages/airflow/example_dags/example_setup_teardown.py
[2025-06-15T00:15:08.355-0400] {processor.py:829} INFO - Processing file /Users/rah/.pyenv/versions/3.10.11/lib/python3.10/site-packages/airflow/example_dags/example_setup_teardown.py for tasks to queue
[2025-06-15T00:15:08.355-0400] {logging_mixin.py:154} INFO - [2025-06-15T00:15:08.355-0400] {dagbag.py:536} INFO - Filling up the DagBag from /Users/rah/.pyenv/versions/3.10.11/lib/python3.10/site-packages/airflow/example_dags/example_setup_teardown.py
[2025-06-15T00:15:08.364-0400] {processor.py:839} INFO - DAG(s) dict_keys(['example_setup_teardown']) retrieved from /Users/rah/.pyenv/versions/3.10.11/lib/python3.10/site-packages/airflow/example_dags/example_setup_teardown.py
[2025-06-15T00:15:08.473-0400] {logging_mixin.py:154} INFO - [2025-06-15T00:15:08.472-0400] {dag.py:2941} INFO - Sync 1 DAGs
[2025-06-15T00:15:08.479-0400] {logging_mixin.py:154} INFO - [2025-06-15T00:15:08.479-0400] {dag.py:3722} INFO - Setting next_dagrun for example_setup_teardown to 2025-06-14T04:15:08.478998+00:00, run_after=2025-06-15T04:15:08.478998+00:00
[2025-06-15T00:15:08.486-0400] {processor.py:179} INFO - Processing /Users/rah/.pyenv/versions/3.10.11/lib/python3.10/site-packages/airflow/example_dags/example_setup_teardown.py took 0.134 seconds
