[2025-06-14T23:49:26.079-0400] {processor.py:157} INFO - Started process (PID=40391) to work on /Users/rah/.pyenv/versions/3.10.11/lib/python3.10/site-packages/airflow/example_dags/example_nested_branch_dag.py
[2025-06-14T23:49:26.082-0400] {processor.py:829} INFO - Processing file /Users/rah/.pyenv/versions/3.10.11/lib/python3.10/site-packages/airflow/example_dags/example_nested_branch_dag.py for tasks to queue
[2025-06-14T23:49:26.083-0400] {logging_mixin.py:154} INFO - [2025-06-14T23:49:26.083-0400] {dagbag.py:536} INFO - Filling up the DagBag from /Users/rah/.pyenv/versions/3.10.11/lib/python3.10/site-packages/airflow/example_dags/example_nested_branch_dag.py
[2025-06-14T23:49:26.129-0400] {processor.py:839} INFO - DAG(s) dict_keys(['example_nested_branch_dag']) retrieved from /Users/rah/.pyenv/versions/3.10.11/lib/python3.10/site-packages/airflow/example_dags/example_nested_branch_dag.py
[2025-06-14T23:49:26.507-0400] {logging_mixin.py:154} INFO - [2025-06-14T23:49:26.507-0400] {manager.py:499} INFO - Created Permission View: %s
[2025-06-14T23:49:26.515-0400] {logging_mixin.py:154} INFO - [2025-06-14T23:49:26.515-0400] {manager.py:499} INFO - Created Permission View: %s
[2025-06-14T23:49:26.518-0400] {logging_mixin.py:154} INFO - [2025-06-14T23:49:26.518-0400] {manager.py:499} INFO - Created Permission View: %s
[2025-06-14T23:49:26.518-0400] {logging_mixin.py:154} INFO - [2025-06-14T23:49:26.518-0400] {dag.py:2941} INFO - Sync 1 DAGs
[2025-06-14T23:49:26.523-0400] {logging_mixin.py:154} INFO - [2025-06-14T23:49:26.523-0400] {dag.py:2963} INFO - Creating ORM DAG for example_nested_branch_dag
[2025-06-14T23:49:26.527-0400] {logging_mixin.py:154} INFO - [2025-06-14T23:49:26.527-0400] {dag.py:3722} INFO - Setting next_dagrun for example_nested_branch_dag to 2025-06-14T00:00:00+00:00, run_after=2025-06-15T00:00:00+00:00
[2025-06-14T23:49:26.536-0400] {processor.py:179} INFO - Processing /Users/rah/.pyenv/versions/3.10.11/lib/python3.10/site-packages/airflow/example_dags/example_nested_branch_dag.py took 0.457 seconds
[2025-06-14T23:55:39.504-0400] {processor.py:157} INFO - Started process (PID=45998) to work on /Users/rah/Desktop/creative_projects/rah_coding_repo/projects/fin_data_project_001/finance-data-project-1/.venv/lib/python3.10/site-packages/airflow/example_dags/example_nested_branch_dag.py
[2025-06-14T23:55:39.507-0400] {processor.py:829} INFO - Processing file /Users/rah/Desktop/creative_projects/rah_coding_repo/projects/fin_data_project_001/finance-data-project-1/.venv/lib/python3.10/site-packages/airflow/example_dags/example_nested_branch_dag.py for tasks to queue
[2025-06-14T23:55:39.507-0400] {logging_mixin.py:154} INFO - [2025-06-14T23:55:39.507-0400] {dagbag.py:536} INFO - Filling up the DagBag from /Users/rah/Desktop/creative_projects/rah_coding_repo/projects/fin_data_project_001/finance-data-project-1/.venv/lib/python3.10/site-packages/airflow/example_dags/example_nested_branch_dag.py
[2025-06-14T23:55:39.530-0400] {processor.py:839} INFO - DAG(s) dict_keys(['example_nested_branch_dag']) retrieved from /Users/rah/Desktop/creative_projects/rah_coding_repo/projects/fin_data_project_001/finance-data-project-1/.venv/lib/python3.10/site-packages/airflow/example_dags/example_nested_branch_dag.py
[2025-06-14T23:55:39.621-0400] {logging_mixin.py:154} INFO - [2025-06-14T23:55:39.621-0400] {dag.py:2941} INFO - Sync 1 DAGs
[2025-06-14T23:55:39.629-0400] {logging_mixin.py:154} INFO - [2025-06-14T23:55:39.629-0400] {dag.py:3722} INFO - Setting next_dagrun for example_nested_branch_dag to 2025-06-14T00:00:00+00:00, run_after=2025-06-15T00:00:00+00:00
[2025-06-14T23:55:39.637-0400] {processor.py:179} INFO - Processing /Users/rah/Desktop/creative_projects/rah_coding_repo/projects/fin_data_project_001/finance-data-project-1/.venv/lib/python3.10/site-packages/airflow/example_dags/example_nested_branch_dag.py took 0.134 seconds
[2025-06-14T23:56:42.416-0400] {processor.py:157} INFO - Started process (PID=47511) to work on /Users/rah/Desktop/creative_projects/rah_coding_repo/projects/fin_data_project_001/finance-data-project-1/.venv/lib/python3.10/site-packages/airflow/example_dags/example_nested_branch_dag.py
[2025-06-14T23:56:42.419-0400] {processor.py:829} INFO - Processing file /Users/rah/Desktop/creative_projects/rah_coding_repo/projects/fin_data_project_001/finance-data-project-1/.venv/lib/python3.10/site-packages/airflow/example_dags/example_nested_branch_dag.py for tasks to queue
[2025-06-14T23:56:42.419-0400] {logging_mixin.py:154} INFO - [2025-06-14T23:56:42.419-0400] {dagbag.py:536} INFO - Filling up the DagBag from /Users/rah/Desktop/creative_projects/rah_coding_repo/projects/fin_data_project_001/finance-data-project-1/.venv/lib/python3.10/site-packages/airflow/example_dags/example_nested_branch_dag.py
[2025-06-14T23:56:42.444-0400] {processor.py:839} INFO - DAG(s) dict_keys(['example_nested_branch_dag']) retrieved from /Users/rah/Desktop/creative_projects/rah_coding_repo/projects/fin_data_project_001/finance-data-project-1/.venv/lib/python3.10/site-packages/airflow/example_dags/example_nested_branch_dag.py
[2025-06-14T23:56:42.537-0400] {logging_mixin.py:154} INFO - [2025-06-14T23:56:42.537-0400] {dag.py:2941} INFO - Sync 1 DAGs
[2025-06-14T23:56:42.545-0400] {logging_mixin.py:154} INFO - [2025-06-14T23:56:42.545-0400] {dag.py:3722} INFO - Setting next_dagrun for example_nested_branch_dag to 2025-06-14T00:00:00+00:00, run_after=2025-06-15T00:00:00+00:00
[2025-06-14T23:56:42.552-0400] {processor.py:179} INFO - Processing /Users/rah/Desktop/creative_projects/rah_coding_repo/projects/fin_data_project_001/finance-data-project-1/.venv/lib/python3.10/site-packages/airflow/example_dags/example_nested_branch_dag.py took 0.137 seconds
[2025-06-14T23:56:59.811-0400] {processor.py:157} INFO - Started process (PID=48189) to work on /Users/rah/Desktop/creative_projects/rah_coding_repo/projects/fin_data_project_001/finance-data-project-1/.venv/lib/python3.10/site-packages/airflow/example_dags/example_nested_branch_dag.py
[2025-06-14T23:56:59.814-0400] {processor.py:829} INFO - Processing file /Users/rah/Desktop/creative_projects/rah_coding_repo/projects/fin_data_project_001/finance-data-project-1/.venv/lib/python3.10/site-packages/airflow/example_dags/example_nested_branch_dag.py for tasks to queue
[2025-06-14T23:56:59.814-0400] {logging_mixin.py:154} INFO - [2025-06-14T23:56:59.814-0400] {dagbag.py:536} INFO - Filling up the DagBag from /Users/rah/Desktop/creative_projects/rah_coding_repo/projects/fin_data_project_001/finance-data-project-1/.venv/lib/python3.10/site-packages/airflow/example_dags/example_nested_branch_dag.py
[2025-06-14T23:56:59.839-0400] {processor.py:839} INFO - DAG(s) dict_keys(['example_nested_branch_dag']) retrieved from /Users/rah/Desktop/creative_projects/rah_coding_repo/projects/fin_data_project_001/finance-data-project-1/.venv/lib/python3.10/site-packages/airflow/example_dags/example_nested_branch_dag.py
[2025-06-14T23:56:59.943-0400] {logging_mixin.py:154} INFO - [2025-06-14T23:56:59.943-0400] {dag.py:2941} INFO - Sync 1 DAGs
[2025-06-14T23:56:59.952-0400] {logging_mixin.py:154} INFO - [2025-06-14T23:56:59.952-0400] {dag.py:3722} INFO - Setting next_dagrun for example_nested_branch_dag to 2025-06-14T00:00:00+00:00, run_after=2025-06-15T00:00:00+00:00
[2025-06-14T23:56:59.962-0400] {processor.py:179} INFO - Processing /Users/rah/Desktop/creative_projects/rah_coding_repo/projects/fin_data_project_001/finance-data-project-1/.venv/lib/python3.10/site-packages/airflow/example_dags/example_nested_branch_dag.py took 0.151 seconds
[2025-06-14T23:57:34.722-0400] {processor.py:157} INFO - Started process (PID=48650) to work on /Users/rah/Desktop/creative_projects/rah_coding_repo/projects/fin_data_project_001/finance-data-project-1/.venv/lib/python3.10/site-packages/airflow/example_dags/example_nested_branch_dag.py
[2025-06-14T23:57:34.724-0400] {processor.py:829} INFO - Processing file /Users/rah/Desktop/creative_projects/rah_coding_repo/projects/fin_data_project_001/finance-data-project-1/.venv/lib/python3.10/site-packages/airflow/example_dags/example_nested_branch_dag.py for tasks to queue
[2025-06-14T23:57:34.725-0400] {logging_mixin.py:154} INFO - [2025-06-14T23:57:34.724-0400] {dagbag.py:536} INFO - Filling up the DagBag from /Users/rah/Desktop/creative_projects/rah_coding_repo/projects/fin_data_project_001/finance-data-project-1/.venv/lib/python3.10/site-packages/airflow/example_dags/example_nested_branch_dag.py
[2025-06-14T23:57:34.748-0400] {processor.py:839} INFO - DAG(s) dict_keys(['example_nested_branch_dag']) retrieved from /Users/rah/Desktop/creative_projects/rah_coding_repo/projects/fin_data_project_001/finance-data-project-1/.venv/lib/python3.10/site-packages/airflow/example_dags/example_nested_branch_dag.py
[2025-06-14T23:57:34.842-0400] {logging_mixin.py:154} INFO - [2025-06-14T23:57:34.842-0400] {dag.py:2941} INFO - Sync 1 DAGs
[2025-06-14T23:57:34.850-0400] {logging_mixin.py:154} INFO - [2025-06-14T23:57:34.850-0400] {dag.py:3722} INFO - Setting next_dagrun for example_nested_branch_dag to 2025-06-14T00:00:00+00:00, run_after=2025-06-15T00:00:00+00:00
[2025-06-14T23:57:34.858-0400] {processor.py:179} INFO - Processing /Users/rah/Desktop/creative_projects/rah_coding_repo/projects/fin_data_project_001/finance-data-project-1/.venv/lib/python3.10/site-packages/airflow/example_dags/example_nested_branch_dag.py took 0.137 seconds
[2025-06-14T23:58:23.196-0400] {processor.py:157} INFO - Started process (PID=49356) to work on /Users/rah/Desktop/creative_projects/rah_coding_repo/projects/fin_data_project_001/finance-data-project-1/.venv/lib/python3.10/site-packages/airflow/example_dags/example_nested_branch_dag.py
[2025-06-14T23:58:23.200-0400] {processor.py:829} INFO - Processing file /Users/rah/Desktop/creative_projects/rah_coding_repo/projects/fin_data_project_001/finance-data-project-1/.venv/lib/python3.10/site-packages/airflow/example_dags/example_nested_branch_dag.py for tasks to queue
[2025-06-14T23:58:23.200-0400] {logging_mixin.py:154} INFO - [2025-06-14T23:58:23.200-0400] {dagbag.py:536} INFO - Filling up the DagBag from /Users/rah/Desktop/creative_projects/rah_coding_repo/projects/fin_data_project_001/finance-data-project-1/.venv/lib/python3.10/site-packages/airflow/example_dags/example_nested_branch_dag.py
[2025-06-14T23:58:23.225-0400] {processor.py:839} INFO - DAG(s) dict_keys(['example_nested_branch_dag']) retrieved from /Users/rah/Desktop/creative_projects/rah_coding_repo/projects/fin_data_project_001/finance-data-project-1/.venv/lib/python3.10/site-packages/airflow/example_dags/example_nested_branch_dag.py
[2025-06-14T23:58:23.321-0400] {logging_mixin.py:154} INFO - [2025-06-14T23:58:23.321-0400] {dag.py:2941} INFO - Sync 1 DAGs
[2025-06-14T23:58:23.329-0400] {logging_mixin.py:154} INFO - [2025-06-14T23:58:23.329-0400] {dag.py:3722} INFO - Setting next_dagrun for example_nested_branch_dag to 2025-06-14T00:00:00+00:00, run_after=2025-06-15T00:00:00+00:00
[2025-06-14T23:58:23.338-0400] {processor.py:179} INFO - Processing /Users/rah/Desktop/creative_projects/rah_coding_repo/projects/fin_data_project_001/finance-data-project-1/.venv/lib/python3.10/site-packages/airflow/example_dags/example_nested_branch_dag.py took 0.142 seconds
[2025-06-14T23:58:36.260-0400] {processor.py:157} INFO - Started process (PID=49517) to work on /Users/rah/Desktop/creative_projects/rah_coding_repo/projects/fin_data_project_001/finance-data-project-1/.venv/lib/python3.10/site-packages/airflow/example_dags/example_nested_branch_dag.py
[2025-06-14T23:58:36.262-0400] {processor.py:829} INFO - Processing file /Users/rah/Desktop/creative_projects/rah_coding_repo/projects/fin_data_project_001/finance-data-project-1/.venv/lib/python3.10/site-packages/airflow/example_dags/example_nested_branch_dag.py for tasks to queue
[2025-06-14T23:58:36.262-0400] {logging_mixin.py:154} INFO - [2025-06-14T23:58:36.262-0400] {dagbag.py:536} INFO - Filling up the DagBag from /Users/rah/Desktop/creative_projects/rah_coding_repo/projects/fin_data_project_001/finance-data-project-1/.venv/lib/python3.10/site-packages/airflow/example_dags/example_nested_branch_dag.py
[2025-06-14T23:58:36.287-0400] {processor.py:839} INFO - DAG(s) dict_keys(['example_nested_branch_dag']) retrieved from /Users/rah/Desktop/creative_projects/rah_coding_repo/projects/fin_data_project_001/finance-data-project-1/.venv/lib/python3.10/site-packages/airflow/example_dags/example_nested_branch_dag.py
[2025-06-14T23:58:36.382-0400] {logging_mixin.py:154} INFO - [2025-06-14T23:58:36.382-0400] {dag.py:2941} INFO - Sync 1 DAGs
[2025-06-14T23:58:36.390-0400] {logging_mixin.py:154} INFO - [2025-06-14T23:58:36.389-0400] {dag.py:3722} INFO - Setting next_dagrun for example_nested_branch_dag to 2025-06-14T00:00:00+00:00, run_after=2025-06-15T00:00:00+00:00
[2025-06-14T23:58:36.399-0400] {processor.py:179} INFO - Processing /Users/rah/Desktop/creative_projects/rah_coding_repo/projects/fin_data_project_001/finance-data-project-1/.venv/lib/python3.10/site-packages/airflow/example_dags/example_nested_branch_dag.py took 0.140 seconds
[2025-06-14T23:59:10.930-0400] {processor.py:157} INFO - Started process (PID=50402) to work on /Users/rah/Desktop/creative_projects/rah_coding_repo/projects/fin_data_project_001/finance-data-project-1/.venv/lib/python3.10/site-packages/airflow/example_dags/example_nested_branch_dag.py
[2025-06-14T23:59:10.933-0400] {processor.py:829} INFO - Processing file /Users/rah/Desktop/creative_projects/rah_coding_repo/projects/fin_data_project_001/finance-data-project-1/.venv/lib/python3.10/site-packages/airflow/example_dags/example_nested_branch_dag.py for tasks to queue
[2025-06-14T23:59:10.933-0400] {logging_mixin.py:154} INFO - [2025-06-14T23:59:10.933-0400] {dagbag.py:536} INFO - Filling up the DagBag from /Users/rah/Desktop/creative_projects/rah_coding_repo/projects/fin_data_project_001/finance-data-project-1/.venv/lib/python3.10/site-packages/airflow/example_dags/example_nested_branch_dag.py
[2025-06-14T23:59:10.958-0400] {processor.py:839} INFO - DAG(s) dict_keys(['example_nested_branch_dag']) retrieved from /Users/rah/Desktop/creative_projects/rah_coding_repo/projects/fin_data_project_001/finance-data-project-1/.venv/lib/python3.10/site-packages/airflow/example_dags/example_nested_branch_dag.py
[2025-06-14T23:59:11.057-0400] {logging_mixin.py:154} INFO - [2025-06-14T23:59:11.057-0400] {dag.py:2941} INFO - Sync 1 DAGs
[2025-06-14T23:59:11.066-0400] {logging_mixin.py:154} INFO - [2025-06-14T23:59:11.065-0400] {dag.py:3722} INFO - Setting next_dagrun for example_nested_branch_dag to 2025-06-14T00:00:00+00:00, run_after=2025-06-15T00:00:00+00:00
[2025-06-14T23:59:11.074-0400] {processor.py:179} INFO - Processing /Users/rah/Desktop/creative_projects/rah_coding_repo/projects/fin_data_project_001/finance-data-project-1/.venv/lib/python3.10/site-packages/airflow/example_dags/example_nested_branch_dag.py took 0.145 seconds
[2025-06-14T23:59:43.830-0400] {processor.py:157} INFO - Started process (PID=50887) to work on /Users/rah/Desktop/creative_projects/rah_coding_repo/projects/fin_data_project_001/finance-data-project-1/.venv/lib/python3.10/site-packages/airflow/example_dags/example_nested_branch_dag.py
[2025-06-14T23:59:43.833-0400] {processor.py:829} INFO - Processing file /Users/rah/Desktop/creative_projects/rah_coding_repo/projects/fin_data_project_001/finance-data-project-1/.venv/lib/python3.10/site-packages/airflow/example_dags/example_nested_branch_dag.py for tasks to queue
[2025-06-14T23:59:43.833-0400] {logging_mixin.py:154} INFO - [2025-06-14T23:59:43.833-0400] {dagbag.py:536} INFO - Filling up the DagBag from /Users/rah/Desktop/creative_projects/rah_coding_repo/projects/fin_data_project_001/finance-data-project-1/.venv/lib/python3.10/site-packages/airflow/example_dags/example_nested_branch_dag.py
[2025-06-14T23:59:43.858-0400] {processor.py:839} INFO - DAG(s) dict_keys(['example_nested_branch_dag']) retrieved from /Users/rah/Desktop/creative_projects/rah_coding_repo/projects/fin_data_project_001/finance-data-project-1/.venv/lib/python3.10/site-packages/airflow/example_dags/example_nested_branch_dag.py
[2025-06-14T23:59:43.956-0400] {logging_mixin.py:154} INFO - [2025-06-14T23:59:43.956-0400] {dag.py:2941} INFO - Sync 1 DAGs
[2025-06-14T23:59:43.964-0400] {logging_mixin.py:154} INFO - [2025-06-14T23:59:43.964-0400] {dag.py:3722} INFO - Setting next_dagrun for example_nested_branch_dag to 2025-06-14T00:00:00+00:00, run_after=2025-06-15T00:00:00+00:00
[2025-06-14T23:59:43.973-0400] {processor.py:179} INFO - Processing /Users/rah/Desktop/creative_projects/rah_coding_repo/projects/fin_data_project_001/finance-data-project-1/.venv/lib/python3.10/site-packages/airflow/example_dags/example_nested_branch_dag.py took 0.143 seconds
[2025-06-14T23:59:56.133-0400] {processor.py:157} INFO - Started process (PID=51169) to work on /Users/rah/Desktop/creative_projects/rah_coding_repo/projects/fin_data_project_001/finance-data-project-1/.venv/lib/python3.10/site-packages/airflow/example_dags/example_nested_branch_dag.py
[2025-06-14T23:59:56.136-0400] {processor.py:829} INFO - Processing file /Users/rah/Desktop/creative_projects/rah_coding_repo/projects/fin_data_project_001/finance-data-project-1/.venv/lib/python3.10/site-packages/airflow/example_dags/example_nested_branch_dag.py for tasks to queue
[2025-06-14T23:59:56.136-0400] {logging_mixin.py:154} INFO - [2025-06-14T23:59:56.136-0400] {dagbag.py:536} INFO - Filling up the DagBag from /Users/rah/Desktop/creative_projects/rah_coding_repo/projects/fin_data_project_001/finance-data-project-1/.venv/lib/python3.10/site-packages/airflow/example_dags/example_nested_branch_dag.py
[2025-06-14T23:59:56.161-0400] {processor.py:839} INFO - DAG(s) dict_keys(['example_nested_branch_dag']) retrieved from /Users/rah/Desktop/creative_projects/rah_coding_repo/projects/fin_data_project_001/finance-data-project-1/.venv/lib/python3.10/site-packages/airflow/example_dags/example_nested_branch_dag.py
[2025-06-14T23:59:56.260-0400] {logging_mixin.py:154} INFO - [2025-06-14T23:59:56.260-0400] {dag.py:2941} INFO - Sync 1 DAGs
[2025-06-14T23:59:56.269-0400] {logging_mixin.py:154} INFO - [2025-06-14T23:59:56.269-0400] {dag.py:3722} INFO - Setting next_dagrun for example_nested_branch_dag to 2025-06-14T00:00:00+00:00, run_after=2025-06-15T00:00:00+00:00
[2025-06-14T23:59:56.277-0400] {processor.py:179} INFO - Processing /Users/rah/Desktop/creative_projects/rah_coding_repo/projects/fin_data_project_001/finance-data-project-1/.venv/lib/python3.10/site-packages/airflow/example_dags/example_nested_branch_dag.py took 0.144 seconds
[2025-06-15T00:00:19.272-0400] {processor.py:157} INFO - Started process (PID=51513) to work on /Users/rah/Desktop/creative_projects/rah_coding_repo/projects/fin_data_project_001/finance-data-project-1/.venv/lib/python3.10/site-packages/airflow/example_dags/example_nested_branch_dag.py
[2025-06-15T00:00:19.274-0400] {processor.py:829} INFO - Processing file /Users/rah/Desktop/creative_projects/rah_coding_repo/projects/fin_data_project_001/finance-data-project-1/.venv/lib/python3.10/site-packages/airflow/example_dags/example_nested_branch_dag.py for tasks to queue
[2025-06-15T00:00:19.274-0400] {logging_mixin.py:154} INFO - [2025-06-15T00:00:19.274-0400] {dagbag.py:536} INFO - Filling up the DagBag from /Users/rah/Desktop/creative_projects/rah_coding_repo/projects/fin_data_project_001/finance-data-project-1/.venv/lib/python3.10/site-packages/airflow/example_dags/example_nested_branch_dag.py
[2025-06-15T00:00:19.298-0400] {processor.py:839} INFO - DAG(s) dict_keys(['example_nested_branch_dag']) retrieved from /Users/rah/Desktop/creative_projects/rah_coding_repo/projects/fin_data_project_001/finance-data-project-1/.venv/lib/python3.10/site-packages/airflow/example_dags/example_nested_branch_dag.py
[2025-06-15T00:00:19.394-0400] {logging_mixin.py:154} INFO - [2025-06-15T00:00:19.394-0400] {dag.py:2941} INFO - Sync 1 DAGs
[2025-06-15T00:00:19.402-0400] {logging_mixin.py:154} INFO - [2025-06-15T00:00:19.402-0400] {dag.py:3722} INFO - Setting next_dagrun for example_nested_branch_dag to 2025-06-14T00:00:00+00:00, run_after=2025-06-15T00:00:00+00:00
[2025-06-15T00:00:19.410-0400] {processor.py:179} INFO - Processing /Users/rah/Desktop/creative_projects/rah_coding_repo/projects/fin_data_project_001/finance-data-project-1/.venv/lib/python3.10/site-packages/airflow/example_dags/example_nested_branch_dag.py took 0.139 seconds
[2025-06-15T00:00:33.732-0400] {processor.py:157} INFO - Started process (PID=51691) to work on /Users/rah/Desktop/creative_projects/rah_coding_repo/projects/fin_data_project_001/finance-data-project-1/.venv/lib/python3.10/site-packages/airflow/example_dags/example_nested_branch_dag.py
[2025-06-15T00:00:33.734-0400] {processor.py:829} INFO - Processing file /Users/rah/Desktop/creative_projects/rah_coding_repo/projects/fin_data_project_001/finance-data-project-1/.venv/lib/python3.10/site-packages/airflow/example_dags/example_nested_branch_dag.py for tasks to queue
[2025-06-15T00:00:33.734-0400] {logging_mixin.py:154} INFO - [2025-06-15T00:00:33.734-0400] {dagbag.py:536} INFO - Filling up the DagBag from /Users/rah/Desktop/creative_projects/rah_coding_repo/projects/fin_data_project_001/finance-data-project-1/.venv/lib/python3.10/site-packages/airflow/example_dags/example_nested_branch_dag.py
[2025-06-15T00:00:33.758-0400] {processor.py:839} INFO - DAG(s) dict_keys(['example_nested_branch_dag']) retrieved from /Users/rah/Desktop/creative_projects/rah_coding_repo/projects/fin_data_project_001/finance-data-project-1/.venv/lib/python3.10/site-packages/airflow/example_dags/example_nested_branch_dag.py
[2025-06-15T00:00:33.853-0400] {logging_mixin.py:154} INFO - [2025-06-15T00:00:33.852-0400] {dag.py:2941} INFO - Sync 1 DAGs
[2025-06-15T00:00:33.860-0400] {logging_mixin.py:154} INFO - [2025-06-15T00:00:33.860-0400] {dag.py:3722} INFO - Setting next_dagrun for example_nested_branch_dag to 2025-06-14T00:00:00+00:00, run_after=2025-06-15T00:00:00+00:00
[2025-06-15T00:00:33.868-0400] {processor.py:179} INFO - Processing /Users/rah/Desktop/creative_projects/rah_coding_repo/projects/fin_data_project_001/finance-data-project-1/.venv/lib/python3.10/site-packages/airflow/example_dags/example_nested_branch_dag.py took 0.137 seconds
[2025-06-15T00:01:03.560-0400] {processor.py:157} INFO - Started process (PID=52156) to work on /Users/rah/Desktop/creative_projects/rah_coding_repo/projects/fin_data_project_001/finance-data-project-1/.venv/lib/python3.10/site-packages/airflow/example_dags/example_nested_branch_dag.py
[2025-06-15T00:01:03.562-0400] {processor.py:829} INFO - Processing file /Users/rah/Desktop/creative_projects/rah_coding_repo/projects/fin_data_project_001/finance-data-project-1/.venv/lib/python3.10/site-packages/airflow/example_dags/example_nested_branch_dag.py for tasks to queue
[2025-06-15T00:01:03.562-0400] {logging_mixin.py:154} INFO - [2025-06-15T00:01:03.562-0400] {dagbag.py:536} INFO - Filling up the DagBag from /Users/rah/Desktop/creative_projects/rah_coding_repo/projects/fin_data_project_001/finance-data-project-1/.venv/lib/python3.10/site-packages/airflow/example_dags/example_nested_branch_dag.py
[2025-06-15T00:01:03.588-0400] {processor.py:839} INFO - DAG(s) dict_keys(['example_nested_branch_dag']) retrieved from /Users/rah/Desktop/creative_projects/rah_coding_repo/projects/fin_data_project_001/finance-data-project-1/.venv/lib/python3.10/site-packages/airflow/example_dags/example_nested_branch_dag.py
[2025-06-15T00:01:03.689-0400] {logging_mixin.py:154} INFO - [2025-06-15T00:01:03.689-0400] {dag.py:2941} INFO - Sync 1 DAGs
[2025-06-15T00:01:03.698-0400] {logging_mixin.py:154} INFO - [2025-06-15T00:01:03.698-0400] {dag.py:3722} INFO - Setting next_dagrun for example_nested_branch_dag to 2025-06-14T00:00:00+00:00, run_after=2025-06-15T00:00:00+00:00
[2025-06-15T00:01:03.708-0400] {processor.py:179} INFO - Processing /Users/rah/Desktop/creative_projects/rah_coding_repo/projects/fin_data_project_001/finance-data-project-1/.venv/lib/python3.10/site-packages/airflow/example_dags/example_nested_branch_dag.py took 0.149 seconds
[2025-06-15T00:01:22.803-0400] {processor.py:157} INFO - Started process (PID=52485) to work on /Users/rah/Desktop/creative_projects/rah_coding_repo/projects/fin_data_project_001/finance-data-project-1/.venv/lib/python3.10/site-packages/airflow/example_dags/example_nested_branch_dag.py
[2025-06-15T00:01:22.806-0400] {processor.py:829} INFO - Processing file /Users/rah/Desktop/creative_projects/rah_coding_repo/projects/fin_data_project_001/finance-data-project-1/.venv/lib/python3.10/site-packages/airflow/example_dags/example_nested_branch_dag.py for tasks to queue
[2025-06-15T00:01:22.806-0400] {logging_mixin.py:154} INFO - [2025-06-15T00:01:22.806-0400] {dagbag.py:536} INFO - Filling up the DagBag from /Users/rah/Desktop/creative_projects/rah_coding_repo/projects/fin_data_project_001/finance-data-project-1/.venv/lib/python3.10/site-packages/airflow/example_dags/example_nested_branch_dag.py
[2025-06-15T00:01:22.832-0400] {processor.py:839} INFO - DAG(s) dict_keys(['example_nested_branch_dag']) retrieved from /Users/rah/Desktop/creative_projects/rah_coding_repo/projects/fin_data_project_001/finance-data-project-1/.venv/lib/python3.10/site-packages/airflow/example_dags/example_nested_branch_dag.py
[2025-06-15T00:01:22.928-0400] {logging_mixin.py:154} INFO - [2025-06-15T00:01:22.928-0400] {dag.py:2941} INFO - Sync 1 DAGs
[2025-06-15T00:01:22.936-0400] {logging_mixin.py:154} INFO - [2025-06-15T00:01:22.936-0400] {dag.py:3722} INFO - Setting next_dagrun for example_nested_branch_dag to 2025-06-14T00:00:00+00:00, run_after=2025-06-15T00:00:00+00:00
[2025-06-15T00:01:22.944-0400] {processor.py:179} INFO - Processing /Users/rah/Desktop/creative_projects/rah_coding_repo/projects/fin_data_project_001/finance-data-project-1/.venv/lib/python3.10/site-packages/airflow/example_dags/example_nested_branch_dag.py took 0.141 seconds
[2025-06-15T00:01:54.772-0400] {processor.py:157} INFO - Started process (PID=52974) to work on /Users/rah/Desktop/creative_projects/rah_coding_repo/projects/fin_data_project_001/finance-data-project-1/.venv/lib/python3.10/site-packages/airflow/example_dags/example_nested_branch_dag.py
[2025-06-15T00:01:54.774-0400] {processor.py:829} INFO - Processing file /Users/rah/Desktop/creative_projects/rah_coding_repo/projects/fin_data_project_001/finance-data-project-1/.venv/lib/python3.10/site-packages/airflow/example_dags/example_nested_branch_dag.py for tasks to queue
[2025-06-15T00:01:54.774-0400] {logging_mixin.py:154} INFO - [2025-06-15T00:01:54.774-0400] {dagbag.py:536} INFO - Filling up the DagBag from /Users/rah/Desktop/creative_projects/rah_coding_repo/projects/fin_data_project_001/finance-data-project-1/.venv/lib/python3.10/site-packages/airflow/example_dags/example_nested_branch_dag.py
[2025-06-15T00:01:54.797-0400] {processor.py:839} INFO - DAG(s) dict_keys(['example_nested_branch_dag']) retrieved from /Users/rah/Desktop/creative_projects/rah_coding_repo/projects/fin_data_project_001/finance-data-project-1/.venv/lib/python3.10/site-packages/airflow/example_dags/example_nested_branch_dag.py
[2025-06-15T00:01:54.891-0400] {logging_mixin.py:154} INFO - [2025-06-15T00:01:54.891-0400] {dag.py:2941} INFO - Sync 1 DAGs
[2025-06-15T00:01:54.899-0400] {logging_mixin.py:154} INFO - [2025-06-15T00:01:54.899-0400] {dag.py:3722} INFO - Setting next_dagrun for example_nested_branch_dag to 2025-06-14T00:00:00+00:00, run_after=2025-06-15T00:00:00+00:00
[2025-06-15T00:01:54.906-0400] {processor.py:179} INFO - Processing /Users/rah/Desktop/creative_projects/rah_coding_repo/projects/fin_data_project_001/finance-data-project-1/.venv/lib/python3.10/site-packages/airflow/example_dags/example_nested_branch_dag.py took 0.136 seconds
[2025-06-15T00:02:05.944-0400] {processor.py:157} INFO - Started process (PID=53144) to work on /Users/rah/Desktop/creative_projects/rah_coding_repo/projects/fin_data_project_001/finance-data-project-1/.venv/lib/python3.10/site-packages/airflow/example_dags/example_nested_branch_dag.py
[2025-06-15T00:02:05.946-0400] {processor.py:829} INFO - Processing file /Users/rah/Desktop/creative_projects/rah_coding_repo/projects/fin_data_project_001/finance-data-project-1/.venv/lib/python3.10/site-packages/airflow/example_dags/example_nested_branch_dag.py for tasks to queue
[2025-06-15T00:02:05.947-0400] {logging_mixin.py:154} INFO - [2025-06-15T00:02:05.947-0400] {dagbag.py:536} INFO - Filling up the DagBag from /Users/rah/Desktop/creative_projects/rah_coding_repo/projects/fin_data_project_001/finance-data-project-1/.venv/lib/python3.10/site-packages/airflow/example_dags/example_nested_branch_dag.py
[2025-06-15T00:02:05.973-0400] {processor.py:839} INFO - DAG(s) dict_keys(['example_nested_branch_dag']) retrieved from /Users/rah/Desktop/creative_projects/rah_coding_repo/projects/fin_data_project_001/finance-data-project-1/.venv/lib/python3.10/site-packages/airflow/example_dags/example_nested_branch_dag.py
[2025-06-15T00:02:06.069-0400] {logging_mixin.py:154} INFO - [2025-06-15T00:02:06.069-0400] {dag.py:2941} INFO - Sync 1 DAGs
[2025-06-15T00:02:06.077-0400] {logging_mixin.py:154} INFO - [2025-06-15T00:02:06.077-0400] {dag.py:3722} INFO - Setting next_dagrun for example_nested_branch_dag to 2025-06-14T00:00:00+00:00, run_after=2025-06-15T00:00:00+00:00
[2025-06-15T00:02:06.086-0400] {processor.py:179} INFO - Processing /Users/rah/Desktop/creative_projects/rah_coding_repo/projects/fin_data_project_001/finance-data-project-1/.venv/lib/python3.10/site-packages/airflow/example_dags/example_nested_branch_dag.py took 0.142 seconds
[2025-06-15T00:07:05.929-0400] {processor.py:157} INFO - Started process (PID=57350) to work on /Users/rah/.pyenv/versions/3.10.11/lib/python3.10/site-packages/airflow/example_dags/example_nested_branch_dag.py
[2025-06-15T00:07:05.933-0400] {processor.py:829} INFO - Processing file /Users/rah/.pyenv/versions/3.10.11/lib/python3.10/site-packages/airflow/example_dags/example_nested_branch_dag.py for tasks to queue
[2025-06-15T00:07:05.933-0400] {logging_mixin.py:154} INFO - [2025-06-15T00:07:05.933-0400] {dagbag.py:536} INFO - Filling up the DagBag from /Users/rah/.pyenv/versions/3.10.11/lib/python3.10/site-packages/airflow/example_dags/example_nested_branch_dag.py
[2025-06-15T00:07:05.984-0400] {processor.py:839} INFO - DAG(s) dict_keys(['example_nested_branch_dag']) retrieved from /Users/rah/.pyenv/versions/3.10.11/lib/python3.10/site-packages/airflow/example_dags/example_nested_branch_dag.py
[2025-06-15T00:07:06.353-0400] {logging_mixin.py:154} INFO - [2025-06-15T00:07:06.353-0400] {dag.py:2941} INFO - Sync 1 DAGs
[2025-06-15T00:07:06.361-0400] {logging_mixin.py:154} INFO - [2025-06-15T00:07:06.360-0400] {dag.py:3722} INFO - Setting next_dagrun for example_nested_branch_dag to 2025-06-14T00:00:00+00:00, run_after=2025-06-15T00:00:00+00:00
[2025-06-15T00:07:06.369-0400] {processor.py:179} INFO - Processing /Users/rah/.pyenv/versions/3.10.11/lib/python3.10/site-packages/airflow/example_dags/example_nested_branch_dag.py took 0.441 seconds
[2025-06-15T00:08:33.392-0400] {processor.py:157} INFO - Started process (PID=58627) to work on /Users/rah/.pyenv/versions/3.10.11/lib/python3.10/site-packages/airflow/example_dags/example_nested_branch_dag.py
[2025-06-15T00:08:33.395-0400] {processor.py:829} INFO - Processing file /Users/rah/.pyenv/versions/3.10.11/lib/python3.10/site-packages/airflow/example_dags/example_nested_branch_dag.py for tasks to queue
[2025-06-15T00:08:33.396-0400] {logging_mixin.py:154} INFO - [2025-06-15T00:08:33.395-0400] {dagbag.py:536} INFO - Filling up the DagBag from /Users/rah/.pyenv/versions/3.10.11/lib/python3.10/site-packages/airflow/example_dags/example_nested_branch_dag.py
[2025-06-15T00:08:33.444-0400] {processor.py:839} INFO - DAG(s) dict_keys(['example_nested_branch_dag']) retrieved from /Users/rah/.pyenv/versions/3.10.11/lib/python3.10/site-packages/airflow/example_dags/example_nested_branch_dag.py
[2025-06-15T00:08:33.543-0400] {logging_mixin.py:154} INFO - [2025-06-15T00:08:33.543-0400] {dag.py:2941} INFO - Sync 1 DAGs
[2025-06-15T00:08:33.550-0400] {logging_mixin.py:154} INFO - [2025-06-15T00:08:33.550-0400] {dag.py:3722} INFO - Setting next_dagrun for example_nested_branch_dag to 2025-06-14T00:00:00+00:00, run_after=2025-06-15T00:00:00+00:00
[2025-06-15T00:08:33.560-0400] {processor.py:179} INFO - Processing /Users/rah/.pyenv/versions/3.10.11/lib/python3.10/site-packages/airflow/example_dags/example_nested_branch_dag.py took 0.168 seconds
[2025-06-15T00:10:16.244-0400] {processor.py:157} INFO - Started process (PID=60531) to work on /Users/rah/.pyenv/versions/3.10.11/lib/python3.10/site-packages/airflow/example_dags/example_nested_branch_dag.py
[2025-06-15T00:10:16.247-0400] {processor.py:829} INFO - Processing file /Users/rah/.pyenv/versions/3.10.11/lib/python3.10/site-packages/airflow/example_dags/example_nested_branch_dag.py for tasks to queue
[2025-06-15T00:10:16.247-0400] {logging_mixin.py:154} INFO - [2025-06-15T00:10:16.247-0400] {dagbag.py:536} INFO - Filling up the DagBag from /Users/rah/.pyenv/versions/3.10.11/lib/python3.10/site-packages/airflow/example_dags/example_nested_branch_dag.py
[2025-06-15T00:10:16.289-0400] {processor.py:839} INFO - DAG(s) dict_keys(['example_nested_branch_dag']) retrieved from /Users/rah/.pyenv/versions/3.10.11/lib/python3.10/site-packages/airflow/example_dags/example_nested_branch_dag.py
[2025-06-15T00:10:16.380-0400] {logging_mixin.py:154} INFO - [2025-06-15T00:10:16.380-0400] {dag.py:2941} INFO - Sync 1 DAGs
[2025-06-15T00:10:16.388-0400] {logging_mixin.py:154} INFO - [2025-06-15T00:10:16.388-0400] {dag.py:3722} INFO - Setting next_dagrun for example_nested_branch_dag to 2025-06-14T00:00:00+00:00, run_after=2025-06-15T00:00:00+00:00
[2025-06-15T00:10:16.397-0400] {processor.py:179} INFO - Processing /Users/rah/.pyenv/versions/3.10.11/lib/python3.10/site-packages/airflow/example_dags/example_nested_branch_dag.py took 0.153 seconds
[2025-06-15T00:11:55.898-0400] {processor.py:157} INFO - Started process (PID=61713) to work on /Users/rah/.pyenv/versions/3.10.11/lib/python3.10/site-packages/airflow/example_dags/example_nested_branch_dag.py
[2025-06-15T00:11:55.901-0400] {processor.py:829} INFO - Processing file /Users/rah/.pyenv/versions/3.10.11/lib/python3.10/site-packages/airflow/example_dags/example_nested_branch_dag.py for tasks to queue
[2025-06-15T00:11:55.902-0400] {logging_mixin.py:154} INFO - [2025-06-15T00:11:55.901-0400] {dagbag.py:536} INFO - Filling up the DagBag from /Users/rah/.pyenv/versions/3.10.11/lib/python3.10/site-packages/airflow/example_dags/example_nested_branch_dag.py
[2025-06-15T00:11:55.951-0400] {processor.py:839} INFO - DAG(s) dict_keys(['example_nested_branch_dag']) retrieved from /Users/rah/.pyenv/versions/3.10.11/lib/python3.10/site-packages/airflow/example_dags/example_nested_branch_dag.py
[2025-06-15T00:11:56.043-0400] {logging_mixin.py:154} INFO - [2025-06-15T00:11:56.043-0400] {dag.py:2941} INFO - Sync 1 DAGs
[2025-06-15T00:11:56.051-0400] {logging_mixin.py:154} INFO - [2025-06-15T00:11:56.051-0400] {dag.py:3722} INFO - Setting next_dagrun for example_nested_branch_dag to 2025-06-14T00:00:00+00:00, run_after=2025-06-15T00:00:00+00:00
[2025-06-15T00:11:56.060-0400] {processor.py:179} INFO - Processing /Users/rah/.pyenv/versions/3.10.11/lib/python3.10/site-packages/airflow/example_dags/example_nested_branch_dag.py took 0.162 seconds
[2025-06-15T00:13:39.977-0400] {processor.py:157} INFO - Started process (PID=63562) to work on /Users/rah/.pyenv/versions/3.10.11/lib/python3.10/site-packages/airflow/example_dags/example_nested_branch_dag.py
[2025-06-15T00:13:39.980-0400] {processor.py:829} INFO - Processing file /Users/rah/.pyenv/versions/3.10.11/lib/python3.10/site-packages/airflow/example_dags/example_nested_branch_dag.py for tasks to queue
[2025-06-15T00:13:39.980-0400] {logging_mixin.py:154} INFO - [2025-06-15T00:13:39.980-0400] {dagbag.py:536} INFO - Filling up the DagBag from /Users/rah/.pyenv/versions/3.10.11/lib/python3.10/site-packages/airflow/example_dags/example_nested_branch_dag.py
[2025-06-15T00:13:40.023-0400] {processor.py:839} INFO - DAG(s) dict_keys(['example_nested_branch_dag']) retrieved from /Users/rah/.pyenv/versions/3.10.11/lib/python3.10/site-packages/airflow/example_dags/example_nested_branch_dag.py
[2025-06-15T00:13:40.117-0400] {logging_mixin.py:154} INFO - [2025-06-15T00:13:40.116-0400] {dag.py:2941} INFO - Sync 1 DAGs
[2025-06-15T00:13:40.124-0400] {logging_mixin.py:154} INFO - [2025-06-15T00:13:40.124-0400] {dag.py:3722} INFO - Setting next_dagrun for example_nested_branch_dag to 2025-06-14T00:00:00+00:00, run_after=2025-06-15T00:00:00+00:00
[2025-06-15T00:13:40.132-0400] {processor.py:179} INFO - Processing /Users/rah/.pyenv/versions/3.10.11/lib/python3.10/site-packages/airflow/example_dags/example_nested_branch_dag.py took 0.155 seconds
[2025-06-15T00:15:20.688-0400] {processor.py:157} INFO - Started process (PID=65418) to work on /Users/rah/.pyenv/versions/3.10.11/lib/python3.10/site-packages/airflow/example_dags/example_nested_branch_dag.py
[2025-06-15T00:15:20.691-0400] {processor.py:829} INFO - Processing file /Users/rah/.pyenv/versions/3.10.11/lib/python3.10/site-packages/airflow/example_dags/example_nested_branch_dag.py for tasks to queue
[2025-06-15T00:15:20.691-0400] {logging_mixin.py:154} INFO - [2025-06-15T00:15:20.691-0400] {dagbag.py:536} INFO - Filling up the DagBag from /Users/rah/.pyenv/versions/3.10.11/lib/python3.10/site-packages/airflow/example_dags/example_nested_branch_dag.py
[2025-06-15T00:15:20.736-0400] {processor.py:839} INFO - DAG(s) dict_keys(['example_nested_branch_dag']) retrieved from /Users/rah/.pyenv/versions/3.10.11/lib/python3.10/site-packages/airflow/example_dags/example_nested_branch_dag.py
[2025-06-15T00:15:20.823-0400] {logging_mixin.py:154} INFO - [2025-06-15T00:15:20.822-0400] {dag.py:2941} INFO - Sync 1 DAGs
[2025-06-15T00:15:20.830-0400] {logging_mixin.py:154} INFO - [2025-06-15T00:15:20.829-0400] {dag.py:3722} INFO - Setting next_dagrun for example_nested_branch_dag to 2025-06-14T00:00:00+00:00, run_after=2025-06-15T00:00:00+00:00
[2025-06-15T00:15:20.837-0400] {processor.py:179} INFO - Processing /Users/rah/.pyenv/versions/3.10.11/lib/python3.10/site-packages/airflow/example_dags/example_nested_branch_dag.py took 0.150 seconds
[2025-06-15T00:17:08.216-0400] {processor.py:157} INFO - Started process (PID=69315) to work on /Users/rah/.pyenv/versions/3.10.11/lib/python3.10/site-packages/airflow/example_dags/example_nested_branch_dag.py
[2025-06-15T00:17:08.219-0400] {processor.py:829} INFO - Processing file /Users/rah/.pyenv/versions/3.10.11/lib/python3.10/site-packages/airflow/example_dags/example_nested_branch_dag.py for tasks to queue
[2025-06-15T00:17:08.220-0400] {logging_mixin.py:154} INFO - [2025-06-15T00:17:08.219-0400] {dagbag.py:536} INFO - Filling up the DagBag from /Users/rah/.pyenv/versions/3.10.11/lib/python3.10/site-packages/airflow/example_dags/example_nested_branch_dag.py
[2025-06-15T00:17:08.262-0400] {processor.py:839} INFO - DAG(s) dict_keys(['example_nested_branch_dag']) retrieved from /Users/rah/.pyenv/versions/3.10.11/lib/python3.10/site-packages/airflow/example_dags/example_nested_branch_dag.py
[2025-06-15T00:17:08.349-0400] {logging_mixin.py:154} INFO - [2025-06-15T00:17:08.349-0400] {dag.py:2941} INFO - Sync 1 DAGs
[2025-06-15T00:17:08.356-0400] {logging_mixin.py:154} INFO - [2025-06-15T00:17:08.356-0400] {dag.py:3722} INFO - Setting next_dagrun for example_nested_branch_dag to 2025-06-14T00:00:00+00:00, run_after=2025-06-15T00:00:00+00:00
[2025-06-15T00:17:08.364-0400] {processor.py:179} INFO - Processing /Users/rah/.pyenv/versions/3.10.11/lib/python3.10/site-packages/airflow/example_dags/example_nested_branch_dag.py took 0.148 seconds
