[2025-06-14T23:49:45.461-0400] {processor.py:157} INFO - Started process (PID=40522) to work on /Users/rah/.pyenv/versions/3.10.11/lib/python3.10/site-packages/airflow/example_dags/example_complex.py
[2025-06-14T23:49:45.464-0400] {processor.py:829} INFO - Processing file /Users/rah/.pyenv/versions/3.10.11/lib/python3.10/site-packages/airflow/example_dags/example_complex.py for tasks to queue
[2025-06-14T23:49:45.465-0400] {logging_mixin.py:154} INFO - [2025-06-14T23:49:45.465-0400] {dagbag.py:536} INFO - Filling up the DagBag from /Users/rah/.pyenv/versions/3.10.11/lib/python3.10/site-packages/airflow/example_dags/example_complex.py
[2025-06-14T23:49:45.479-0400] {processor.py:839} INFO - DAG(s) dict_keys(['example_complex']) retrieved from /Users/rah/.pyenv/versions/3.10.11/lib/python3.10/site-packages/airflow/example_dags/example_complex.py
[2025-06-14T23:49:45.841-0400] {logging_mixin.py:154} INFO - [2025-06-14T23:49:45.841-0400] {manager.py:499} INFO - Created Permission View: %s
[2025-06-14T23:49:45.845-0400] {logging_mixin.py:154} INFO - [2025-06-14T23:49:45.845-0400] {manager.py:499} INFO - Created Permission View: %s
[2025-06-14T23:49:45.848-0400] {logging_mixin.py:154} INFO - [2025-06-14T23:49:45.848-0400] {manager.py:499} INFO - Created Permission View: %s
[2025-06-14T23:49:45.848-0400] {logging_mixin.py:154} INFO - [2025-06-14T23:49:45.848-0400] {dag.py:2941} INFO - Sync 1 DAGs
[2025-06-14T23:49:45.852-0400] {logging_mixin.py:154} INFO - [2025-06-14T23:49:45.852-0400] {dag.py:2963} INFO - Creating ORM DAG for example_complex
[2025-06-14T23:49:45.853-0400] {logging_mixin.py:154} INFO - [2025-06-14T23:49:45.852-0400] {dag.py:3722} INFO - Setting next_dagrun for example_complex to None, run_after=None
[2025-06-14T23:49:45.860-0400] {processor.py:179} INFO - Processing /Users/rah/.pyenv/versions/3.10.11/lib/python3.10/site-packages/airflow/example_dags/example_complex.py took 0.399 seconds
[2025-06-14T23:55:57.024-0400] {processor.py:157} INFO - Started process (PID=46789) to work on /Users/rah/Desktop/creative_projects/rah_coding_repo/projects/fin_data_project_001/finance-data-project-1/.venv/lib/python3.10/site-packages/airflow/example_dags/example_complex.py
[2025-06-14T23:55:57.027-0400] {processor.py:829} INFO - Processing file /Users/rah/Desktop/creative_projects/rah_coding_repo/projects/fin_data_project_001/finance-data-project-1/.venv/lib/python3.10/site-packages/airflow/example_dags/example_complex.py for tasks to queue
[2025-06-14T23:55:57.027-0400] {logging_mixin.py:154} INFO - [2025-06-14T23:55:57.027-0400] {dagbag.py:536} INFO - Filling up the DagBag from /Users/rah/Desktop/creative_projects/rah_coding_repo/projects/fin_data_project_001/finance-data-project-1/.venv/lib/python3.10/site-packages/airflow/example_dags/example_complex.py
[2025-06-14T23:55:57.039-0400] {processor.py:839} INFO - DAG(s) dict_keys(['example_complex']) retrieved from /Users/rah/Desktop/creative_projects/rah_coding_repo/projects/fin_data_project_001/finance-data-project-1/.venv/lib/python3.10/site-packages/airflow/example_dags/example_complex.py
[2025-06-14T23:55:57.141-0400] {logging_mixin.py:154} INFO - [2025-06-14T23:55:57.141-0400] {dag.py:2941} INFO - Sync 1 DAGs
[2025-06-14T23:55:57.145-0400] {logging_mixin.py:154} INFO - [2025-06-14T23:55:57.145-0400] {dag.py:3722} INFO - Setting next_dagrun for example_complex to None, run_after=None
[2025-06-14T23:55:57.153-0400] {processor.py:179} INFO - Processing /Users/rah/Desktop/creative_projects/rah_coding_repo/projects/fin_data_project_001/finance-data-project-1/.venv/lib/python3.10/site-packages/airflow/example_dags/example_complex.py took 0.129 seconds
[2025-06-14T23:56:58.575-0400] {processor.py:157} INFO - Started process (PID=48186) to work on /Users/rah/Desktop/creative_projects/rah_coding_repo/projects/fin_data_project_001/finance-data-project-1/.venv/lib/python3.10/site-packages/airflow/example_dags/example_complex.py
[2025-06-14T23:56:58.578-0400] {processor.py:829} INFO - Processing file /Users/rah/Desktop/creative_projects/rah_coding_repo/projects/fin_data_project_001/finance-data-project-1/.venv/lib/python3.10/site-packages/airflow/example_dags/example_complex.py for tasks to queue
[2025-06-14T23:56:58.578-0400] {logging_mixin.py:154} INFO - [2025-06-14T23:56:58.578-0400] {dagbag.py:536} INFO - Filling up the DagBag from /Users/rah/Desktop/creative_projects/rah_coding_repo/projects/fin_data_project_001/finance-data-project-1/.venv/lib/python3.10/site-packages/airflow/example_dags/example_complex.py
[2025-06-14T23:56:58.589-0400] {processor.py:839} INFO - DAG(s) dict_keys(['example_complex']) retrieved from /Users/rah/Desktop/creative_projects/rah_coding_repo/projects/fin_data_project_001/finance-data-project-1/.venv/lib/python3.10/site-packages/airflow/example_dags/example_complex.py
[2025-06-14T23:56:58.685-0400] {logging_mixin.py:154} INFO - [2025-06-14T23:56:58.685-0400] {dag.py:2941} INFO - Sync 1 DAGs
[2025-06-14T23:56:58.688-0400] {logging_mixin.py:154} INFO - [2025-06-14T23:56:58.688-0400] {dag.py:3722} INFO - Setting next_dagrun for example_complex to None, run_after=None
[2025-06-14T23:56:58.696-0400] {processor.py:179} INFO - Processing /Users/rah/Desktop/creative_projects/rah_coding_repo/projects/fin_data_project_001/finance-data-project-1/.venv/lib/python3.10/site-packages/airflow/example_dags/example_complex.py took 0.121 seconds
[2025-06-14T23:57:37.502-0400] {processor.py:157} INFO - Started process (PID=48659) to work on /Users/rah/Desktop/creative_projects/rah_coding_repo/projects/fin_data_project_001/finance-data-project-1/.venv/lib/python3.10/site-packages/airflow/example_dags/example_complex.py
[2025-06-14T23:57:37.504-0400] {processor.py:829} INFO - Processing file /Users/rah/Desktop/creative_projects/rah_coding_repo/projects/fin_data_project_001/finance-data-project-1/.venv/lib/python3.10/site-packages/airflow/example_dags/example_complex.py for tasks to queue
[2025-06-14T23:57:37.505-0400] {logging_mixin.py:154} INFO - [2025-06-14T23:57:37.505-0400] {dagbag.py:536} INFO - Filling up the DagBag from /Users/rah/Desktop/creative_projects/rah_coding_repo/projects/fin_data_project_001/finance-data-project-1/.venv/lib/python3.10/site-packages/airflow/example_dags/example_complex.py
[2025-06-14T23:57:37.518-0400] {processor.py:839} INFO - DAG(s) dict_keys(['example_complex']) retrieved from /Users/rah/Desktop/creative_projects/rah_coding_repo/projects/fin_data_project_001/finance-data-project-1/.venv/lib/python3.10/site-packages/airflow/example_dags/example_complex.py
[2025-06-14T23:57:37.626-0400] {logging_mixin.py:154} INFO - [2025-06-14T23:57:37.626-0400] {dag.py:2941} INFO - Sync 1 DAGs
[2025-06-14T23:57:37.630-0400] {logging_mixin.py:154} INFO - [2025-06-14T23:57:37.630-0400] {dag.py:3722} INFO - Setting next_dagrun for example_complex to None, run_after=None
[2025-06-14T23:57:37.638-0400] {processor.py:179} INFO - Processing /Users/rah/Desktop/creative_projects/rah_coding_repo/projects/fin_data_project_001/finance-data-project-1/.venv/lib/python3.10/site-packages/airflow/example_dags/example_complex.py took 0.137 seconds
[2025-06-14T23:57:50.118-0400] {processor.py:157} INFO - Started process (PID=48919) to work on /Users/rah/Desktop/creative_projects/rah_coding_repo/projects/fin_data_project_001/finance-data-project-1/.venv/lib/python3.10/site-packages/airflow/example_dags/example_complex.py
[2025-06-14T23:57:50.120-0400] {processor.py:829} INFO - Processing file /Users/rah/Desktop/creative_projects/rah_coding_repo/projects/fin_data_project_001/finance-data-project-1/.venv/lib/python3.10/site-packages/airflow/example_dags/example_complex.py for tasks to queue
[2025-06-14T23:57:50.120-0400] {logging_mixin.py:154} INFO - [2025-06-14T23:57:50.120-0400] {dagbag.py:536} INFO - Filling up the DagBag from /Users/rah/Desktop/creative_projects/rah_coding_repo/projects/fin_data_project_001/finance-data-project-1/.venv/lib/python3.10/site-packages/airflow/example_dags/example_complex.py
[2025-06-14T23:57:50.134-0400] {processor.py:839} INFO - DAG(s) dict_keys(['example_complex']) retrieved from /Users/rah/Desktop/creative_projects/rah_coding_repo/projects/fin_data_project_001/finance-data-project-1/.venv/lib/python3.10/site-packages/airflow/example_dags/example_complex.py
[2025-06-14T23:57:50.243-0400] {logging_mixin.py:154} INFO - [2025-06-14T23:57:50.243-0400] {dag.py:2941} INFO - Sync 1 DAGs
[2025-06-14T23:57:50.247-0400] {logging_mixin.py:154} INFO - [2025-06-14T23:57:50.247-0400] {dag.py:3722} INFO - Setting next_dagrun for example_complex to None, run_after=None
[2025-06-14T23:57:50.255-0400] {processor.py:179} INFO - Processing /Users/rah/Desktop/creative_projects/rah_coding_repo/projects/fin_data_project_001/finance-data-project-1/.venv/lib/python3.10/site-packages/airflow/example_dags/example_complex.py took 0.138 seconds
[2025-06-14T23:58:38.668-0400] {processor.py:157} INFO - Started process (PID=49526) to work on /Users/rah/Desktop/creative_projects/rah_coding_repo/projects/fin_data_project_001/finance-data-project-1/.venv/lib/python3.10/site-packages/airflow/example_dags/example_complex.py
[2025-06-14T23:58:38.670-0400] {processor.py:829} INFO - Processing file /Users/rah/Desktop/creative_projects/rah_coding_repo/projects/fin_data_project_001/finance-data-project-1/.venv/lib/python3.10/site-packages/airflow/example_dags/example_complex.py for tasks to queue
[2025-06-14T23:58:38.671-0400] {logging_mixin.py:154} INFO - [2025-06-14T23:58:38.671-0400] {dagbag.py:536} INFO - Filling up the DagBag from /Users/rah/Desktop/creative_projects/rah_coding_repo/projects/fin_data_project_001/finance-data-project-1/.venv/lib/python3.10/site-packages/airflow/example_dags/example_complex.py
[2025-06-14T23:58:38.684-0400] {processor.py:839} INFO - DAG(s) dict_keys(['example_complex']) retrieved from /Users/rah/Desktop/creative_projects/rah_coding_repo/projects/fin_data_project_001/finance-data-project-1/.venv/lib/python3.10/site-packages/airflow/example_dags/example_complex.py
[2025-06-14T23:58:38.788-0400] {logging_mixin.py:154} INFO - [2025-06-14T23:58:38.788-0400] {dag.py:2941} INFO - Sync 1 DAGs
[2025-06-14T23:58:38.792-0400] {logging_mixin.py:154} INFO - [2025-06-14T23:58:38.792-0400] {dag.py:3722} INFO - Setting next_dagrun for example_complex to None, run_after=None
[2025-06-14T23:58:38.800-0400] {processor.py:179} INFO - Processing /Users/rah/Desktop/creative_projects/rah_coding_repo/projects/fin_data_project_001/finance-data-project-1/.venv/lib/python3.10/site-packages/airflow/example_dags/example_complex.py took 0.133 seconds
[2025-06-14T23:59:13.555-0400] {processor.py:157} INFO - Started process (PID=50519) to work on /Users/rah/Desktop/creative_projects/rah_coding_repo/projects/fin_data_project_001/finance-data-project-1/.venv/lib/python3.10/site-packages/airflow/example_dags/example_complex.py
[2025-06-14T23:59:13.558-0400] {processor.py:829} INFO - Processing file /Users/rah/Desktop/creative_projects/rah_coding_repo/projects/fin_data_project_001/finance-data-project-1/.venv/lib/python3.10/site-packages/airflow/example_dags/example_complex.py for tasks to queue
[2025-06-14T23:59:13.559-0400] {logging_mixin.py:154} INFO - [2025-06-14T23:59:13.559-0400] {dagbag.py:536} INFO - Filling up the DagBag from /Users/rah/Desktop/creative_projects/rah_coding_repo/projects/fin_data_project_001/finance-data-project-1/.venv/lib/python3.10/site-packages/airflow/example_dags/example_complex.py
[2025-06-14T23:59:13.571-0400] {processor.py:839} INFO - DAG(s) dict_keys(['example_complex']) retrieved from /Users/rah/Desktop/creative_projects/rah_coding_repo/projects/fin_data_project_001/finance-data-project-1/.venv/lib/python3.10/site-packages/airflow/example_dags/example_complex.py
[2025-06-14T23:59:13.673-0400] {logging_mixin.py:154} INFO - [2025-06-14T23:59:13.673-0400] {dag.py:2941} INFO - Sync 1 DAGs
[2025-06-14T23:59:13.677-0400] {logging_mixin.py:154} INFO - [2025-06-14T23:59:13.677-0400] {dag.py:3722} INFO - Setting next_dagrun for example_complex to None, run_after=None
[2025-06-14T23:59:13.685-0400] {processor.py:179} INFO - Processing /Users/rah/Desktop/creative_projects/rah_coding_repo/projects/fin_data_project_001/finance-data-project-1/.venv/lib/python3.10/site-packages/airflow/example_dags/example_complex.py took 0.131 seconds
[2025-06-14T23:59:28.433-0400] {processor.py:157} INFO - Started process (PID=50705) to work on /Users/rah/Desktop/creative_projects/rah_coding_repo/projects/fin_data_project_001/finance-data-project-1/.venv/lib/python3.10/site-packages/airflow/example_dags/example_complex.py
[2025-06-14T23:59:28.435-0400] {processor.py:829} INFO - Processing file /Users/rah/Desktop/creative_projects/rah_coding_repo/projects/fin_data_project_001/finance-data-project-1/.venv/lib/python3.10/site-packages/airflow/example_dags/example_complex.py for tasks to queue
[2025-06-14T23:59:28.435-0400] {logging_mixin.py:154} INFO - [2025-06-14T23:59:28.435-0400] {dagbag.py:536} INFO - Filling up the DagBag from /Users/rah/Desktop/creative_projects/rah_coding_repo/projects/fin_data_project_001/finance-data-project-1/.venv/lib/python3.10/site-packages/airflow/example_dags/example_complex.py
[2025-06-14T23:59:28.448-0400] {processor.py:839} INFO - DAG(s) dict_keys(['example_complex']) retrieved from /Users/rah/Desktop/creative_projects/rah_coding_repo/projects/fin_data_project_001/finance-data-project-1/.venv/lib/python3.10/site-packages/airflow/example_dags/example_complex.py
[2025-06-14T23:59:28.550-0400] {logging_mixin.py:154} INFO - [2025-06-14T23:59:28.550-0400] {dag.py:2941} INFO - Sync 1 DAGs
[2025-06-14T23:59:28.554-0400] {logging_mixin.py:154} INFO - [2025-06-14T23:59:28.554-0400] {dag.py:3722} INFO - Setting next_dagrun for example_complex to None, run_after=None
[2025-06-14T23:59:28.563-0400] {processor.py:179} INFO - Processing /Users/rah/Desktop/creative_projects/rah_coding_repo/projects/fin_data_project_001/finance-data-project-1/.venv/lib/python3.10/site-packages/airflow/example_dags/example_complex.py took 0.131 seconds
[2025-06-15T00:00:00.967-0400] {processor.py:157} INFO - Started process (PID=51208) to work on /Users/rah/Desktop/creative_projects/rah_coding_repo/projects/fin_data_project_001/finance-data-project-1/.venv/lib/python3.10/site-packages/airflow/example_dags/example_complex.py
[2025-06-15T00:00:00.970-0400] {processor.py:829} INFO - Processing file /Users/rah/Desktop/creative_projects/rah_coding_repo/projects/fin_data_project_001/finance-data-project-1/.venv/lib/python3.10/site-packages/airflow/example_dags/example_complex.py for tasks to queue
[2025-06-15T00:00:00.970-0400] {logging_mixin.py:154} INFO - [2025-06-15T00:00:00.970-0400] {dagbag.py:536} INFO - Filling up the DagBag from /Users/rah/Desktop/creative_projects/rah_coding_repo/projects/fin_data_project_001/finance-data-project-1/.venv/lib/python3.10/site-packages/airflow/example_dags/example_complex.py
[2025-06-15T00:00:00.983-0400] {processor.py:839} INFO - DAG(s) dict_keys(['example_complex']) retrieved from /Users/rah/Desktop/creative_projects/rah_coding_repo/projects/fin_data_project_001/finance-data-project-1/.venv/lib/python3.10/site-packages/airflow/example_dags/example_complex.py
[2025-06-15T00:00:01.095-0400] {logging_mixin.py:154} INFO - [2025-06-15T00:00:01.095-0400] {dag.py:2941} INFO - Sync 1 DAGs
[2025-06-15T00:00:01.099-0400] {logging_mixin.py:154} INFO - [2025-06-15T00:00:01.099-0400] {dag.py:3722} INFO - Setting next_dagrun for example_complex to None, run_after=None
[2025-06-15T00:00:01.109-0400] {processor.py:179} INFO - Processing /Users/rah/Desktop/creative_projects/rah_coding_repo/projects/fin_data_project_001/finance-data-project-1/.venv/lib/python3.10/site-packages/airflow/example_dags/example_complex.py took 0.142 seconds
[2025-06-15T00:00:10.594-0400] {processor.py:157} INFO - Started process (PID=51369) to work on /Users/rah/Desktop/creative_projects/rah_coding_repo/projects/fin_data_project_001/finance-data-project-1/.venv/lib/python3.10/site-packages/airflow/example_dags/example_complex.py
[2025-06-15T00:00:10.596-0400] {processor.py:829} INFO - Processing file /Users/rah/Desktop/creative_projects/rah_coding_repo/projects/fin_data_project_001/finance-data-project-1/.venv/lib/python3.10/site-packages/airflow/example_dags/example_complex.py for tasks to queue
[2025-06-15T00:00:10.596-0400] {logging_mixin.py:154} INFO - [2025-06-15T00:00:10.596-0400] {dagbag.py:536} INFO - Filling up the DagBag from /Users/rah/Desktop/creative_projects/rah_coding_repo/projects/fin_data_project_001/finance-data-project-1/.venv/lib/python3.10/site-packages/airflow/example_dags/example_complex.py
[2025-06-15T00:00:10.608-0400] {processor.py:839} INFO - DAG(s) dict_keys(['example_complex']) retrieved from /Users/rah/Desktop/creative_projects/rah_coding_repo/projects/fin_data_project_001/finance-data-project-1/.venv/lib/python3.10/site-packages/airflow/example_dags/example_complex.py
[2025-06-15T00:00:10.708-0400] {logging_mixin.py:154} INFO - [2025-06-15T00:00:10.708-0400] {dag.py:2941} INFO - Sync 1 DAGs
[2025-06-15T00:00:10.712-0400] {logging_mixin.py:154} INFO - [2025-06-15T00:00:10.712-0400] {dag.py:3722} INFO - Setting next_dagrun for example_complex to None, run_after=None
[2025-06-15T00:00:10.721-0400] {processor.py:179} INFO - Processing /Users/rah/Desktop/creative_projects/rah_coding_repo/projects/fin_data_project_001/finance-data-project-1/.venv/lib/python3.10/site-packages/airflow/example_dags/example_complex.py took 0.128 seconds
[2025-06-15T00:00:57.737-0400] {processor.py:157} INFO - Started process (PID=52019) to work on /Users/rah/Desktop/creative_projects/rah_coding_repo/projects/fin_data_project_001/finance-data-project-1/.venv/lib/python3.10/site-packages/airflow/example_dags/example_complex.py
[2025-06-15T00:00:57.741-0400] {processor.py:829} INFO - Processing file /Users/rah/Desktop/creative_projects/rah_coding_repo/projects/fin_data_project_001/finance-data-project-1/.venv/lib/python3.10/site-packages/airflow/example_dags/example_complex.py for tasks to queue
[2025-06-15T00:00:57.741-0400] {logging_mixin.py:154} INFO - [2025-06-15T00:00:57.741-0400] {dagbag.py:536} INFO - Filling up the DagBag from /Users/rah/Desktop/creative_projects/rah_coding_repo/projects/fin_data_project_001/finance-data-project-1/.venv/lib/python3.10/site-packages/airflow/example_dags/example_complex.py
[2025-06-15T00:00:57.753-0400] {processor.py:839} INFO - DAG(s) dict_keys(['example_complex']) retrieved from /Users/rah/Desktop/creative_projects/rah_coding_repo/projects/fin_data_project_001/finance-data-project-1/.venv/lib/python3.10/site-packages/airflow/example_dags/example_complex.py
[2025-06-15T00:00:57.858-0400] {logging_mixin.py:154} INFO - [2025-06-15T00:00:57.858-0400] {dag.py:2941} INFO - Sync 1 DAGs
[2025-06-15T00:00:57.862-0400] {logging_mixin.py:154} INFO - [2025-06-15T00:00:57.862-0400] {dag.py:3722} INFO - Setting next_dagrun for example_complex to None, run_after=None
[2025-06-15T00:00:57.871-0400] {processor.py:179} INFO - Processing /Users/rah/Desktop/creative_projects/rah_coding_repo/projects/fin_data_project_001/finance-data-project-1/.venv/lib/python3.10/site-packages/airflow/example_dags/example_complex.py took 0.134 seconds
[2025-06-15T00:01:12.888-0400] {processor.py:157} INFO - Started process (PID=52314) to work on /Users/rah/Desktop/creative_projects/rah_coding_repo/projects/fin_data_project_001/finance-data-project-1/.venv/lib/python3.10/site-packages/airflow/example_dags/example_complex.py
[2025-06-15T00:01:12.891-0400] {processor.py:829} INFO - Processing file /Users/rah/Desktop/creative_projects/rah_coding_repo/projects/fin_data_project_001/finance-data-project-1/.venv/lib/python3.10/site-packages/airflow/example_dags/example_complex.py for tasks to queue
[2025-06-15T00:01:12.891-0400] {logging_mixin.py:154} INFO - [2025-06-15T00:01:12.891-0400] {dagbag.py:536} INFO - Filling up the DagBag from /Users/rah/Desktop/creative_projects/rah_coding_repo/projects/fin_data_project_001/finance-data-project-1/.venv/lib/python3.10/site-packages/airflow/example_dags/example_complex.py
[2025-06-15T00:01:12.903-0400] {processor.py:839} INFO - DAG(s) dict_keys(['example_complex']) retrieved from /Users/rah/Desktop/creative_projects/rah_coding_repo/projects/fin_data_project_001/finance-data-project-1/.venv/lib/python3.10/site-packages/airflow/example_dags/example_complex.py
[2025-06-15T00:01:13.007-0400] {logging_mixin.py:154} INFO - [2025-06-15T00:01:13.007-0400] {dag.py:2941} INFO - Sync 1 DAGs
[2025-06-15T00:01:13.012-0400] {logging_mixin.py:154} INFO - [2025-06-15T00:01:13.011-0400] {dag.py:3722} INFO - Setting next_dagrun for example_complex to None, run_after=None
[2025-06-15T00:01:13.021-0400] {processor.py:179} INFO - Processing /Users/rah/Desktop/creative_projects/rah_coding_repo/projects/fin_data_project_001/finance-data-project-1/.venv/lib/python3.10/site-packages/airflow/example_dags/example_complex.py took 0.133 seconds
[2025-06-15T00:01:37.236-0400] {processor.py:157} INFO - Started process (PID=52670) to work on /Users/rah/Desktop/creative_projects/rah_coding_repo/projects/fin_data_project_001/finance-data-project-1/.venv/lib/python3.10/site-packages/airflow/example_dags/example_complex.py
[2025-06-15T00:01:37.239-0400] {processor.py:829} INFO - Processing file /Users/rah/Desktop/creative_projects/rah_coding_repo/projects/fin_data_project_001/finance-data-project-1/.venv/lib/python3.10/site-packages/airflow/example_dags/example_complex.py for tasks to queue
[2025-06-15T00:01:37.239-0400] {logging_mixin.py:154} INFO - [2025-06-15T00:01:37.239-0400] {dagbag.py:536} INFO - Filling up the DagBag from /Users/rah/Desktop/creative_projects/rah_coding_repo/projects/fin_data_project_001/finance-data-project-1/.venv/lib/python3.10/site-packages/airflow/example_dags/example_complex.py
[2025-06-15T00:01:37.251-0400] {processor.py:839} INFO - DAG(s) dict_keys(['example_complex']) retrieved from /Users/rah/Desktop/creative_projects/rah_coding_repo/projects/fin_data_project_001/finance-data-project-1/.venv/lib/python3.10/site-packages/airflow/example_dags/example_complex.py
[2025-06-15T00:01:37.353-0400] {logging_mixin.py:154} INFO - [2025-06-15T00:01:37.352-0400] {dag.py:2941} INFO - Sync 1 DAGs
[2025-06-15T00:01:37.357-0400] {logging_mixin.py:154} INFO - [2025-06-15T00:01:37.357-0400] {dag.py:3722} INFO - Setting next_dagrun for example_complex to None, run_after=None
[2025-06-15T00:01:37.365-0400] {processor.py:179} INFO - Processing /Users/rah/Desktop/creative_projects/rah_coding_repo/projects/fin_data_project_001/finance-data-project-1/.venv/lib/python3.10/site-packages/airflow/example_dags/example_complex.py took 0.130 seconds
[2025-06-15T00:01:40.082-0400] {processor.py:157} INFO - Started process (PID=52683) to work on /Users/rah/Desktop/creative_projects/rah_coding_repo/projects/fin_data_project_001/finance-data-project-1/.venv/lib/python3.10/site-packages/airflow/example_dags/example_complex.py
[2025-06-15T00:01:40.084-0400] {processor.py:829} INFO - Processing file /Users/rah/Desktop/creative_projects/rah_coding_repo/projects/fin_data_project_001/finance-data-project-1/.venv/lib/python3.10/site-packages/airflow/example_dags/example_complex.py for tasks to queue
[2025-06-15T00:01:40.084-0400] {logging_mixin.py:154} INFO - [2025-06-15T00:01:40.084-0400] {dagbag.py:536} INFO - Filling up the DagBag from /Users/rah/Desktop/creative_projects/rah_coding_repo/projects/fin_data_project_001/finance-data-project-1/.venv/lib/python3.10/site-packages/airflow/example_dags/example_complex.py
[2025-06-15T00:01:40.096-0400] {processor.py:839} INFO - DAG(s) dict_keys(['example_complex']) retrieved from /Users/rah/Desktop/creative_projects/rah_coding_repo/projects/fin_data_project_001/finance-data-project-1/.venv/lib/python3.10/site-packages/airflow/example_dags/example_complex.py
[2025-06-15T00:01:40.191-0400] {logging_mixin.py:154} INFO - [2025-06-15T00:01:40.191-0400] {dag.py:2941} INFO - Sync 1 DAGs
[2025-06-15T00:01:40.194-0400] {logging_mixin.py:154} INFO - [2025-06-15T00:01:40.194-0400] {dag.py:3722} INFO - Setting next_dagrun for example_complex to None, run_after=None
[2025-06-15T00:01:40.202-0400] {processor.py:179} INFO - Processing /Users/rah/Desktop/creative_projects/rah_coding_repo/projects/fin_data_project_001/finance-data-project-1/.venv/lib/python3.10/site-packages/airflow/example_dags/example_complex.py took 0.120 seconds
[2025-06-15T00:07:25.372-0400] {processor.py:157} INFO - Started process (PID=57480) to work on /Users/rah/.pyenv/versions/3.10.11/lib/python3.10/site-packages/airflow/example_dags/example_complex.py
[2025-06-15T00:07:25.375-0400] {processor.py:829} INFO - Processing file /Users/rah/.pyenv/versions/3.10.11/lib/python3.10/site-packages/airflow/example_dags/example_complex.py for tasks to queue
[2025-06-15T00:07:25.375-0400] {logging_mixin.py:154} INFO - [2025-06-15T00:07:25.375-0400] {dagbag.py:536} INFO - Filling up the DagBag from /Users/rah/.pyenv/versions/3.10.11/lib/python3.10/site-packages/airflow/example_dags/example_complex.py
[2025-06-15T00:07:25.387-0400] {processor.py:839} INFO - DAG(s) dict_keys(['example_complex']) retrieved from /Users/rah/.pyenv/versions/3.10.11/lib/python3.10/site-packages/airflow/example_dags/example_complex.py
[2025-06-15T00:07:25.722-0400] {logging_mixin.py:154} INFO - [2025-06-15T00:07:25.722-0400] {dag.py:2941} INFO - Sync 1 DAGs
[2025-06-15T00:07:25.726-0400] {logging_mixin.py:154} INFO - [2025-06-15T00:07:25.726-0400] {dag.py:3722} INFO - Setting next_dagrun for example_complex to None, run_after=None
[2025-06-15T00:07:25.734-0400] {processor.py:179} INFO - Processing /Users/rah/.pyenv/versions/3.10.11/lib/python3.10/site-packages/airflow/example_dags/example_complex.py took 0.363 seconds
[2025-06-15T00:09:17.287-0400] {processor.py:157} INFO - Started process (PID=59464) to work on /Users/rah/.pyenv/versions/3.10.11/lib/python3.10/site-packages/airflow/example_dags/example_complex.py
[2025-06-15T00:09:17.290-0400] {processor.py:829} INFO - Processing file /Users/rah/.pyenv/versions/3.10.11/lib/python3.10/site-packages/airflow/example_dags/example_complex.py for tasks to queue
[2025-06-15T00:09:17.291-0400] {logging_mixin.py:154} INFO - [2025-06-15T00:09:17.290-0400] {dagbag.py:536} INFO - Filling up the DagBag from /Users/rah/.pyenv/versions/3.10.11/lib/python3.10/site-packages/airflow/example_dags/example_complex.py
[2025-06-15T00:09:17.303-0400] {processor.py:839} INFO - DAG(s) dict_keys(['example_complex']) retrieved from /Users/rah/.pyenv/versions/3.10.11/lib/python3.10/site-packages/airflow/example_dags/example_complex.py
[2025-06-15T00:09:17.428-0400] {logging_mixin.py:154} INFO - [2025-06-15T00:09:17.428-0400] {dag.py:2941} INFO - Sync 1 DAGs
[2025-06-15T00:09:17.433-0400] {logging_mixin.py:154} INFO - [2025-06-15T00:09:17.432-0400] {dag.py:3722} INFO - Setting next_dagrun for example_complex to None, run_after=None
[2025-06-15T00:09:17.441-0400] {processor.py:179} INFO - Processing /Users/rah/.pyenv/versions/3.10.11/lib/python3.10/site-packages/airflow/example_dags/example_complex.py took 0.154 seconds
[2025-06-15T00:10:56.549-0400] {processor.py:157} INFO - Started process (PID=61065) to work on /Users/rah/.pyenv/versions/3.10.11/lib/python3.10/site-packages/airflow/example_dags/example_complex.py
[2025-06-15T00:10:56.552-0400] {processor.py:829} INFO - Processing file /Users/rah/.pyenv/versions/3.10.11/lib/python3.10/site-packages/airflow/example_dags/example_complex.py for tasks to queue
[2025-06-15T00:10:56.552-0400] {logging_mixin.py:154} INFO - [2025-06-15T00:10:56.552-0400] {dagbag.py:536} INFO - Filling up the DagBag from /Users/rah/.pyenv/versions/3.10.11/lib/python3.10/site-packages/airflow/example_dags/example_complex.py
[2025-06-15T00:10:56.564-0400] {processor.py:839} INFO - DAG(s) dict_keys(['example_complex']) retrieved from /Users/rah/.pyenv/versions/3.10.11/lib/python3.10/site-packages/airflow/example_dags/example_complex.py
[2025-06-15T00:10:56.683-0400] {logging_mixin.py:154} INFO - [2025-06-15T00:10:56.683-0400] {dag.py:2941} INFO - Sync 1 DAGs
[2025-06-15T00:10:56.688-0400] {logging_mixin.py:154} INFO - [2025-06-15T00:10:56.687-0400] {dag.py:3722} INFO - Setting next_dagrun for example_complex to None, run_after=None
[2025-06-15T00:10:56.696-0400] {processor.py:179} INFO - Processing /Users/rah/.pyenv/versions/3.10.11/lib/python3.10/site-packages/airflow/example_dags/example_complex.py took 0.147 seconds
[2025-06-15T00:12:40.276-0400] {processor.py:157} INFO - Started process (PID=62518) to work on /Users/rah/.pyenv/versions/3.10.11/lib/python3.10/site-packages/airflow/example_dags/example_complex.py
[2025-06-15T00:12:40.279-0400] {processor.py:829} INFO - Processing file /Users/rah/.pyenv/versions/3.10.11/lib/python3.10/site-packages/airflow/example_dags/example_complex.py for tasks to queue
[2025-06-15T00:12:40.279-0400] {logging_mixin.py:154} INFO - [2025-06-15T00:12:40.279-0400] {dagbag.py:536} INFO - Filling up the DagBag from /Users/rah/.pyenv/versions/3.10.11/lib/python3.10/site-packages/airflow/example_dags/example_complex.py
[2025-06-15T00:12:40.292-0400] {processor.py:839} INFO - DAG(s) dict_keys(['example_complex']) retrieved from /Users/rah/.pyenv/versions/3.10.11/lib/python3.10/site-packages/airflow/example_dags/example_complex.py
[2025-06-15T00:12:40.421-0400] {logging_mixin.py:154} INFO - [2025-06-15T00:12:40.421-0400] {dag.py:2941} INFO - Sync 1 DAGs
[2025-06-15T00:12:40.425-0400] {logging_mixin.py:154} INFO - [2025-06-15T00:12:40.425-0400] {dag.py:3722} INFO - Setting next_dagrun for example_complex to None, run_after=None
[2025-06-15T00:12:40.433-0400] {processor.py:179} INFO - Processing /Users/rah/.pyenv/versions/3.10.11/lib/python3.10/site-packages/airflow/example_dags/example_complex.py took 0.158 seconds
[2025-06-15T00:14:21.544-0400] {processor.py:157} INFO - Started process (PID=64073) to work on /Users/rah/.pyenv/versions/3.10.11/lib/python3.10/site-packages/airflow/example_dags/example_complex.py
[2025-06-15T00:14:21.546-0400] {processor.py:829} INFO - Processing file /Users/rah/.pyenv/versions/3.10.11/lib/python3.10/site-packages/airflow/example_dags/example_complex.py for tasks to queue
[2025-06-15T00:14:21.547-0400] {logging_mixin.py:154} INFO - [2025-06-15T00:14:21.547-0400] {dagbag.py:536} INFO - Filling up the DagBag from /Users/rah/.pyenv/versions/3.10.11/lib/python3.10/site-packages/airflow/example_dags/example_complex.py
[2025-06-15T00:14:21.558-0400] {processor.py:839} INFO - DAG(s) dict_keys(['example_complex']) retrieved from /Users/rah/.pyenv/versions/3.10.11/lib/python3.10/site-packages/airflow/example_dags/example_complex.py
[2025-06-15T00:14:21.672-0400] {logging_mixin.py:154} INFO - [2025-06-15T00:14:21.672-0400] {dag.py:2941} INFO - Sync 1 DAGs
[2025-06-15T00:14:21.676-0400] {logging_mixin.py:154} INFO - [2025-06-15T00:14:21.676-0400] {dag.py:3722} INFO - Setting next_dagrun for example_complex to None, run_after=None
[2025-06-15T00:14:21.684-0400] {processor.py:179} INFO - Processing /Users/rah/.pyenv/versions/3.10.11/lib/python3.10/site-packages/airflow/example_dags/example_complex.py took 0.141 seconds
[2025-06-15T00:16:04.702-0400] {processor.py:157} INFO - Started process (PID=66711) to work on /Users/rah/.pyenv/versions/3.10.11/lib/python3.10/site-packages/airflow/example_dags/example_complex.py
[2025-06-15T00:16:04.705-0400] {processor.py:829} INFO - Processing file /Users/rah/.pyenv/versions/3.10.11/lib/python3.10/site-packages/airflow/example_dags/example_complex.py for tasks to queue
[2025-06-15T00:16:04.706-0400] {logging_mixin.py:154} INFO - [2025-06-15T00:16:04.706-0400] {dagbag.py:536} INFO - Filling up the DagBag from /Users/rah/.pyenv/versions/3.10.11/lib/python3.10/site-packages/airflow/example_dags/example_complex.py
[2025-06-15T00:16:04.718-0400] {processor.py:839} INFO - DAG(s) dict_keys(['example_complex']) retrieved from /Users/rah/.pyenv/versions/3.10.11/lib/python3.10/site-packages/airflow/example_dags/example_complex.py
[2025-06-15T00:16:04.844-0400] {logging_mixin.py:154} INFO - [2025-06-15T00:16:04.844-0400] {dag.py:2941} INFO - Sync 1 DAGs
[2025-06-15T00:16:04.848-0400] {logging_mixin.py:154} INFO - [2025-06-15T00:16:04.847-0400] {dag.py:3722} INFO - Setting next_dagrun for example_complex to None, run_after=None
[2025-06-15T00:16:04.856-0400] {processor.py:179} INFO - Processing /Users/rah/.pyenv/versions/3.10.11/lib/python3.10/site-packages/airflow/example_dags/example_complex.py took 0.154 seconds
[2025-06-15T00:17:51.792-0400] {processor.py:157} INFO - Started process (PID=72994) to work on /Users/rah/.pyenv/versions/3.10.11/lib/python3.10/site-packages/airflow/example_dags/example_complex.py
[2025-06-15T00:17:51.795-0400] {processor.py:829} INFO - Processing file /Users/rah/.pyenv/versions/3.10.11/lib/python3.10/site-packages/airflow/example_dags/example_complex.py for tasks to queue
[2025-06-15T00:17:51.796-0400] {logging_mixin.py:154} INFO - [2025-06-15T00:17:51.795-0400] {dagbag.py:536} INFO - Filling up the DagBag from /Users/rah/.pyenv/versions/3.10.11/lib/python3.10/site-packages/airflow/example_dags/example_complex.py
[2025-06-15T00:17:51.808-0400] {processor.py:839} INFO - DAG(s) dict_keys(['example_complex']) retrieved from /Users/rah/.pyenv/versions/3.10.11/lib/python3.10/site-packages/airflow/example_dags/example_complex.py
[2025-06-15T00:17:51.932-0400] {logging_mixin.py:154} INFO - [2025-06-15T00:17:51.932-0400] {dag.py:2941} INFO - Sync 1 DAGs
[2025-06-15T00:17:51.936-0400] {logging_mixin.py:154} INFO - [2025-06-15T00:17:51.936-0400] {dag.py:3722} INFO - Setting next_dagrun for example_complex to None, run_after=None
[2025-06-15T00:17:51.945-0400] {processor.py:179} INFO - Processing /Users/rah/.pyenv/versions/3.10.11/lib/python3.10/site-packages/airflow/example_dags/example_complex.py took 0.153 seconds
