[2025-06-14T23:49:05.689-0400] {processor.py:157} INFO - Started process (PID=40151) to work on /Users/rah/.pyenv/versions/3.10.11/lib/python3.10/site-packages/airflow/example_dags/example_short_circuit_operator.py
[2025-06-14T23:49:05.692-0400] {processor.py:829} INFO - Processing file /Users/rah/.pyenv/versions/3.10.11/lib/python3.10/site-packages/airflow/example_dags/example_short_circuit_operator.py for tasks to queue
[2025-06-14T23:49:05.693-0400] {logging_mixin.py:154} INFO - [2025-06-14T23:49:05.693-0400] {dagbag.py:536} INFO - Filling up the DagBag from /Users/rah/.pyenv/versions/3.10.11/lib/python3.10/site-packages/airflow/example_dags/example_short_circuit_operator.py
[2025-06-14T23:49:05.711-0400] {processor.py:839} INFO - DAG(s) dict_keys(['example_short_circuit_operator']) retrieved from /Users/rah/.pyenv/versions/3.10.11/lib/python3.10/site-packages/airflow/example_dags/example_short_circuit_operator.py
[2025-06-14T23:49:06.106-0400] {logging_mixin.py:154} INFO - [2025-06-14T23:49:06.106-0400] {manager.py:499} INFO - Created Permission View: %s
[2025-06-14T23:49:06.111-0400] {logging_mixin.py:154} INFO - [2025-06-14T23:49:06.110-0400] {manager.py:499} INFO - Created Permission View: %s
[2025-06-14T23:49:06.113-0400] {logging_mixin.py:154} INFO - [2025-06-14T23:49:06.113-0400] {manager.py:499} INFO - Created Permission View: %s
[2025-06-14T23:49:06.114-0400] {logging_mixin.py:154} INFO - [2025-06-14T23:49:06.113-0400] {dag.py:2941} INFO - Sync 1 DAGs
[2025-06-14T23:49:06.118-0400] {logging_mixin.py:154} INFO - [2025-06-14T23:49:06.118-0400] {dag.py:2963} INFO - Creating ORM DAG for example_short_circuit_operator
[2025-06-14T23:49:06.122-0400] {logging_mixin.py:154} INFO - [2025-06-14T23:49:06.121-0400] {dag.py:3722} INFO - Setting next_dagrun for example_short_circuit_operator to 2025-06-14T03:49:06.121913+00:00, run_after=2025-06-15T03:49:06.121913+00:00
[2025-06-14T23:49:06.130-0400] {processor.py:179} INFO - Processing /Users/rah/.pyenv/versions/3.10.11/lib/python3.10/site-packages/airflow/example_dags/example_short_circuit_operator.py took 0.441 seconds
[2025-06-14T23:50:34.182-0400] {processor.py:157} INFO - Started process (PID=41142) to work on /Users/rah/.pyenv/versions/3.10.11/lib/python3.10/site-packages/airflow/example_dags/example_short_circuit_operator.py
[2025-06-14T23:50:34.186-0400] {processor.py:829} INFO - Processing file /Users/rah/.pyenv/versions/3.10.11/lib/python3.10/site-packages/airflow/example_dags/example_short_circuit_operator.py for tasks to queue
[2025-06-14T23:50:34.186-0400] {logging_mixin.py:154} INFO - [2025-06-14T23:50:34.186-0400] {dagbag.py:536} INFO - Filling up the DagBag from /Users/rah/.pyenv/versions/3.10.11/lib/python3.10/site-packages/airflow/example_dags/example_short_circuit_operator.py
[2025-06-14T23:50:34.203-0400] {processor.py:839} INFO - DAG(s) dict_keys(['example_short_circuit_operator']) retrieved from /Users/rah/.pyenv/versions/3.10.11/lib/python3.10/site-packages/airflow/example_dags/example_short_circuit_operator.py
[2025-06-14T23:50:34.322-0400] {logging_mixin.py:154} INFO - [2025-06-14T23:50:34.322-0400] {dag.py:2941} INFO - Sync 1 DAGs
[2025-06-14T23:50:34.329-0400] {logging_mixin.py:154} INFO - [2025-06-14T23:50:34.329-0400] {dag.py:3722} INFO - Setting next_dagrun for example_short_circuit_operator to 2025-06-14T03:50:34.329207+00:00, run_after=2025-06-15T03:50:34.329207+00:00
[2025-06-14T23:50:34.337-0400] {processor.py:179} INFO - Processing /Users/rah/.pyenv/versions/3.10.11/lib/python3.10/site-packages/airflow/example_dags/example_short_circuit_operator.py took 0.156 seconds
[2025-06-14T23:55:21.880-0400] {processor.py:157} INFO - Started process (PID=45797) to work on /Users/rah/Desktop/creative_projects/rah_coding_repo/projects/fin_data_project_001/finance-data-project-1/.venv/lib/python3.10/site-packages/airflow/example_dags/example_short_circuit_operator.py
[2025-06-14T23:55:21.883-0400] {processor.py:829} INFO - Processing file /Users/rah/Desktop/creative_projects/rah_coding_repo/projects/fin_data_project_001/finance-data-project-1/.venv/lib/python3.10/site-packages/airflow/example_dags/example_short_circuit_operator.py for tasks to queue
[2025-06-14T23:55:21.883-0400] {logging_mixin.py:154} INFO - [2025-06-14T23:55:21.883-0400] {dagbag.py:536} INFO - Filling up the DagBag from /Users/rah/Desktop/creative_projects/rah_coding_repo/projects/fin_data_project_001/finance-data-project-1/.venv/lib/python3.10/site-packages/airflow/example_dags/example_short_circuit_operator.py
[2025-06-14T23:55:21.898-0400] {processor.py:839} INFO - DAG(s) dict_keys(['example_short_circuit_operator']) retrieved from /Users/rah/Desktop/creative_projects/rah_coding_repo/projects/fin_data_project_001/finance-data-project-1/.venv/lib/python3.10/site-packages/airflow/example_dags/example_short_circuit_operator.py
[2025-06-14T23:55:21.987-0400] {logging_mixin.py:154} INFO - [2025-06-14T23:55:21.987-0400] {dag.py:2941} INFO - Sync 1 DAGs
[2025-06-14T23:55:21.994-0400] {logging_mixin.py:154} INFO - [2025-06-14T23:55:21.994-0400] {dag.py:3722} INFO - Setting next_dagrun for example_short_circuit_operator to 2025-06-14T03:55:21.994530+00:00, run_after=2025-06-15T03:55:21.994530+00:00
[2025-06-14T23:55:22.002-0400] {processor.py:179} INFO - Processing /Users/rah/Desktop/creative_projects/rah_coding_repo/projects/fin_data_project_001/finance-data-project-1/.venv/lib/python3.10/site-packages/airflow/example_dags/example_short_circuit_operator.py took 0.123 seconds
[2025-06-14T23:56:24.987-0400] {processor.py:157} INFO - Started process (PID=47333) to work on /Users/rah/Desktop/creative_projects/rah_coding_repo/projects/fin_data_project_001/finance-data-project-1/.venv/lib/python3.10/site-packages/airflow/example_dags/example_short_circuit_operator.py
[2025-06-14T23:56:24.990-0400] {processor.py:829} INFO - Processing file /Users/rah/Desktop/creative_projects/rah_coding_repo/projects/fin_data_project_001/finance-data-project-1/.venv/lib/python3.10/site-packages/airflow/example_dags/example_short_circuit_operator.py for tasks to queue
[2025-06-14T23:56:24.990-0400] {logging_mixin.py:154} INFO - [2025-06-14T23:56:24.990-0400] {dagbag.py:536} INFO - Filling up the DagBag from /Users/rah/Desktop/creative_projects/rah_coding_repo/projects/fin_data_project_001/finance-data-project-1/.venv/lib/python3.10/site-packages/airflow/example_dags/example_short_circuit_operator.py
[2025-06-14T23:56:25.007-0400] {processor.py:839} INFO - DAG(s) dict_keys(['example_short_circuit_operator']) retrieved from /Users/rah/Desktop/creative_projects/rah_coding_repo/projects/fin_data_project_001/finance-data-project-1/.venv/lib/python3.10/site-packages/airflow/example_dags/example_short_circuit_operator.py
[2025-06-14T23:56:25.108-0400] {logging_mixin.py:154} INFO - [2025-06-14T23:56:25.108-0400] {dag.py:2941} INFO - Sync 1 DAGs
[2025-06-14T23:56:25.116-0400] {logging_mixin.py:154} INFO - [2025-06-14T23:56:25.116-0400] {dag.py:3722} INFO - Setting next_dagrun for example_short_circuit_operator to 2025-06-14T03:56:25.116424+00:00, run_after=2025-06-15T03:56:25.116424+00:00
[2025-06-14T23:56:25.125-0400] {processor.py:179} INFO - Processing /Users/rah/Desktop/creative_projects/rah_coding_repo/projects/fin_data_project_001/finance-data-project-1/.venv/lib/python3.10/site-packages/airflow/example_dags/example_short_circuit_operator.py took 0.138 seconds
[2025-06-14T23:56:43.942-0400] {processor.py:157} INFO - Started process (PID=47516) to work on /Users/rah/Desktop/creative_projects/rah_coding_repo/projects/fin_data_project_001/finance-data-project-1/.venv/lib/python3.10/site-packages/airflow/example_dags/example_short_circuit_operator.py
[2025-06-14T23:56:43.944-0400] {processor.py:829} INFO - Processing file /Users/rah/Desktop/creative_projects/rah_coding_repo/projects/fin_data_project_001/finance-data-project-1/.venv/lib/python3.10/site-packages/airflow/example_dags/example_short_circuit_operator.py for tasks to queue
[2025-06-14T23:56:43.944-0400] {logging_mixin.py:154} INFO - [2025-06-14T23:56:43.944-0400] {dagbag.py:536} INFO - Filling up the DagBag from /Users/rah/Desktop/creative_projects/rah_coding_repo/projects/fin_data_project_001/finance-data-project-1/.venv/lib/python3.10/site-packages/airflow/example_dags/example_short_circuit_operator.py
[2025-06-14T23:56:43.962-0400] {processor.py:839} INFO - DAG(s) dict_keys(['example_short_circuit_operator']) retrieved from /Users/rah/Desktop/creative_projects/rah_coding_repo/projects/fin_data_project_001/finance-data-project-1/.venv/lib/python3.10/site-packages/airflow/example_dags/example_short_circuit_operator.py
[2025-06-14T23:56:44.062-0400] {logging_mixin.py:154} INFO - [2025-06-14T23:56:44.061-0400] {dag.py:2941} INFO - Sync 1 DAGs
[2025-06-14T23:56:44.069-0400] {logging_mixin.py:154} INFO - [2025-06-14T23:56:44.069-0400] {dag.py:3722} INFO - Setting next_dagrun for example_short_circuit_operator to 2025-06-14T03:56:44.069696+00:00, run_after=2025-06-15T03:56:44.069696+00:00
[2025-06-14T23:56:44.078-0400] {processor.py:179} INFO - Processing /Users/rah/Desktop/creative_projects/rah_coding_repo/projects/fin_data_project_001/finance-data-project-1/.venv/lib/python3.10/site-packages/airflow/example_dags/example_short_circuit_operator.py took 0.137 seconds
[2025-06-14T23:57:18.085-0400] {processor.py:157} INFO - Started process (PID=48482) to work on /Users/rah/Desktop/creative_projects/rah_coding_repo/projects/fin_data_project_001/finance-data-project-1/.venv/lib/python3.10/site-packages/airflow/example_dags/example_short_circuit_operator.py
[2025-06-14T23:57:18.088-0400] {processor.py:829} INFO - Processing file /Users/rah/Desktop/creative_projects/rah_coding_repo/projects/fin_data_project_001/finance-data-project-1/.venv/lib/python3.10/site-packages/airflow/example_dags/example_short_circuit_operator.py for tasks to queue
[2025-06-14T23:57:18.088-0400] {logging_mixin.py:154} INFO - [2025-06-14T23:57:18.088-0400] {dagbag.py:536} INFO - Filling up the DagBag from /Users/rah/Desktop/creative_projects/rah_coding_repo/projects/fin_data_project_001/finance-data-project-1/.venv/lib/python3.10/site-packages/airflow/example_dags/example_short_circuit_operator.py
[2025-06-14T23:57:18.107-0400] {processor.py:839} INFO - DAG(s) dict_keys(['example_short_circuit_operator']) retrieved from /Users/rah/Desktop/creative_projects/rah_coding_repo/projects/fin_data_project_001/finance-data-project-1/.venv/lib/python3.10/site-packages/airflow/example_dags/example_short_circuit_operator.py
[2025-06-14T23:57:18.215-0400] {logging_mixin.py:154} INFO - [2025-06-14T23:57:18.215-0400] {dag.py:2941} INFO - Sync 1 DAGs
[2025-06-14T23:57:18.223-0400] {logging_mixin.py:154} INFO - [2025-06-14T23:57:18.223-0400] {dag.py:3722} INFO - Setting next_dagrun for example_short_circuit_operator to 2025-06-14T03:57:18.223681+00:00, run_after=2025-06-15T03:57:18.223681+00:00
[2025-06-14T23:57:18.233-0400] {processor.py:179} INFO - Processing /Users/rah/Desktop/creative_projects/rah_coding_repo/projects/fin_data_project_001/finance-data-project-1/.venv/lib/python3.10/site-packages/airflow/example_dags/example_short_circuit_operator.py took 0.149 seconds
[2025-06-14T23:57:45.955-0400] {processor.py:157} INFO - Started process (PID=48797) to work on /Users/rah/Desktop/creative_projects/rah_coding_repo/projects/fin_data_project_001/finance-data-project-1/.venv/lib/python3.10/site-packages/airflow/example_dags/example_short_circuit_operator.py
[2025-06-14T23:57:45.958-0400] {processor.py:829} INFO - Processing file /Users/rah/Desktop/creative_projects/rah_coding_repo/projects/fin_data_project_001/finance-data-project-1/.venv/lib/python3.10/site-packages/airflow/example_dags/example_short_circuit_operator.py for tasks to queue
[2025-06-14T23:57:45.958-0400] {logging_mixin.py:154} INFO - [2025-06-14T23:57:45.958-0400] {dagbag.py:536} INFO - Filling up the DagBag from /Users/rah/Desktop/creative_projects/rah_coding_repo/projects/fin_data_project_001/finance-data-project-1/.venv/lib/python3.10/site-packages/airflow/example_dags/example_short_circuit_operator.py
[2025-06-14T23:57:45.976-0400] {processor.py:839} INFO - DAG(s) dict_keys(['example_short_circuit_operator']) retrieved from /Users/rah/Desktop/creative_projects/rah_coding_repo/projects/fin_data_project_001/finance-data-project-1/.venv/lib/python3.10/site-packages/airflow/example_dags/example_short_circuit_operator.py
[2025-06-14T23:57:46.074-0400] {logging_mixin.py:154} INFO - [2025-06-14T23:57:46.074-0400] {dag.py:2941} INFO - Sync 1 DAGs
[2025-06-14T23:57:46.082-0400] {logging_mixin.py:154} INFO - [2025-06-14T23:57:46.082-0400] {dag.py:3722} INFO - Setting next_dagrun for example_short_circuit_operator to 2025-06-14T03:57:46.082091+00:00, run_after=2025-06-15T03:57:46.082091+00:00
[2025-06-14T23:57:46.091-0400] {processor.py:179} INFO - Processing /Users/rah/Desktop/creative_projects/rah_coding_repo/projects/fin_data_project_001/finance-data-project-1/.venv/lib/python3.10/site-packages/airflow/example_dags/example_short_circuit_operator.py took 0.137 seconds
[2025-06-14T23:58:18.255-0400] {processor.py:157} INFO - Started process (PID=49231) to work on /Users/rah/Desktop/creative_projects/rah_coding_repo/projects/fin_data_project_001/finance-data-project-1/.venv/lib/python3.10/site-packages/airflow/example_dags/example_short_circuit_operator.py
[2025-06-14T23:58:18.258-0400] {processor.py:829} INFO - Processing file /Users/rah/Desktop/creative_projects/rah_coding_repo/projects/fin_data_project_001/finance-data-project-1/.venv/lib/python3.10/site-packages/airflow/example_dags/example_short_circuit_operator.py for tasks to queue
[2025-06-14T23:58:18.259-0400] {logging_mixin.py:154} INFO - [2025-06-14T23:58:18.259-0400] {dagbag.py:536} INFO - Filling up the DagBag from /Users/rah/Desktop/creative_projects/rah_coding_repo/projects/fin_data_project_001/finance-data-project-1/.venv/lib/python3.10/site-packages/airflow/example_dags/example_short_circuit_operator.py
[2025-06-14T23:58:18.277-0400] {processor.py:839} INFO - DAG(s) dict_keys(['example_short_circuit_operator']) retrieved from /Users/rah/Desktop/creative_projects/rah_coding_repo/projects/fin_data_project_001/finance-data-project-1/.venv/lib/python3.10/site-packages/airflow/example_dags/example_short_circuit_operator.py
[2025-06-14T23:58:18.380-0400] {logging_mixin.py:154} INFO - [2025-06-14T23:58:18.380-0400] {dag.py:2941} INFO - Sync 1 DAGs
[2025-06-14T23:58:18.389-0400] {logging_mixin.py:154} INFO - [2025-06-14T23:58:18.389-0400] {dag.py:3722} INFO - Setting next_dagrun for example_short_circuit_operator to 2025-06-14T03:58:18.389204+00:00, run_after=2025-06-15T03:58:18.389204+00:00
[2025-06-14T23:58:18.398-0400] {processor.py:179} INFO - Processing /Users/rah/Desktop/creative_projects/rah_coding_repo/projects/fin_data_project_001/finance-data-project-1/.venv/lib/python3.10/site-packages/airflow/example_dags/example_short_circuit_operator.py took 0.143 seconds
[2025-06-14T23:58:35.820-0400] {processor.py:157} INFO - Started process (PID=49516) to work on /Users/rah/Desktop/creative_projects/rah_coding_repo/projects/fin_data_project_001/finance-data-project-1/.venv/lib/python3.10/site-packages/airflow/example_dags/example_short_circuit_operator.py
[2025-06-14T23:58:35.824-0400] {processor.py:829} INFO - Processing file /Users/rah/Desktop/creative_projects/rah_coding_repo/projects/fin_data_project_001/finance-data-project-1/.venv/lib/python3.10/site-packages/airflow/example_dags/example_short_circuit_operator.py for tasks to queue
[2025-06-14T23:58:35.824-0400] {logging_mixin.py:154} INFO - [2025-06-14T23:58:35.824-0400] {dagbag.py:536} INFO - Filling up the DagBag from /Users/rah/Desktop/creative_projects/rah_coding_repo/projects/fin_data_project_001/finance-data-project-1/.venv/lib/python3.10/site-packages/airflow/example_dags/example_short_circuit_operator.py
[2025-06-14T23:58:35.841-0400] {processor.py:839} INFO - DAG(s) dict_keys(['example_short_circuit_operator']) retrieved from /Users/rah/Desktop/creative_projects/rah_coding_repo/projects/fin_data_project_001/finance-data-project-1/.venv/lib/python3.10/site-packages/airflow/example_dags/example_short_circuit_operator.py
[2025-06-14T23:58:35.939-0400] {logging_mixin.py:154} INFO - [2025-06-14T23:58:35.939-0400] {dag.py:2941} INFO - Sync 1 DAGs
[2025-06-14T23:58:35.947-0400] {logging_mixin.py:154} INFO - [2025-06-14T23:58:35.947-0400] {dag.py:3722} INFO - Setting next_dagrun for example_short_circuit_operator to 2025-06-14T03:58:35.947110+00:00, run_after=2025-06-15T03:58:35.947110+00:00
[2025-06-14T23:58:35.955-0400] {processor.py:179} INFO - Processing /Users/rah/Desktop/creative_projects/rah_coding_repo/projects/fin_data_project_001/finance-data-project-1/.venv/lib/python3.10/site-packages/airflow/example_dags/example_short_circuit_operator.py took 0.135 seconds
[2025-06-14T23:59:20.676-0400] {processor.py:157} INFO - Started process (PID=50559) to work on /Users/rah/Desktop/creative_projects/rah_coding_repo/projects/fin_data_project_001/finance-data-project-1/.venv/lib/python3.10/site-packages/airflow/example_dags/example_short_circuit_operator.py
[2025-06-14T23:59:20.678-0400] {processor.py:829} INFO - Processing file /Users/rah/Desktop/creative_projects/rah_coding_repo/projects/fin_data_project_001/finance-data-project-1/.venv/lib/python3.10/site-packages/airflow/example_dags/example_short_circuit_operator.py for tasks to queue
[2025-06-14T23:59:20.679-0400] {logging_mixin.py:154} INFO - [2025-06-14T23:59:20.679-0400] {dagbag.py:536} INFO - Filling up the DagBag from /Users/rah/Desktop/creative_projects/rah_coding_repo/projects/fin_data_project_001/finance-data-project-1/.venv/lib/python3.10/site-packages/airflow/example_dags/example_short_circuit_operator.py
[2025-06-14T23:59:20.696-0400] {processor.py:839} INFO - DAG(s) dict_keys(['example_short_circuit_operator']) retrieved from /Users/rah/Desktop/creative_projects/rah_coding_repo/projects/fin_data_project_001/finance-data-project-1/.venv/lib/python3.10/site-packages/airflow/example_dags/example_short_circuit_operator.py
[2025-06-14T23:59:20.798-0400] {logging_mixin.py:154} INFO - [2025-06-14T23:59:20.798-0400] {dag.py:2941} INFO - Sync 1 DAGs
[2025-06-14T23:59:20.806-0400] {logging_mixin.py:154} INFO - [2025-06-14T23:59:20.806-0400] {dag.py:3722} INFO - Setting next_dagrun for example_short_circuit_operator to 2025-06-14T03:59:20.806370+00:00, run_after=2025-06-15T03:59:20.806370+00:00
[2025-06-14T23:59:20.814-0400] {processor.py:179} INFO - Processing /Users/rah/Desktop/creative_projects/rah_coding_repo/projects/fin_data_project_001/finance-data-project-1/.venv/lib/python3.10/site-packages/airflow/example_dags/example_short_circuit_operator.py took 0.139 seconds
[2025-06-14T23:59:23.562-0400] {processor.py:157} INFO - Started process (PID=50615) to work on /Users/rah/Desktop/creative_projects/rah_coding_repo/projects/fin_data_project_001/finance-data-project-1/.venv/lib/python3.10/site-packages/airflow/example_dags/example_short_circuit_operator.py
[2025-06-14T23:59:23.564-0400] {processor.py:829} INFO - Processing file /Users/rah/Desktop/creative_projects/rah_coding_repo/projects/fin_data_project_001/finance-data-project-1/.venv/lib/python3.10/site-packages/airflow/example_dags/example_short_circuit_operator.py for tasks to queue
[2025-06-14T23:59:23.564-0400] {logging_mixin.py:154} INFO - [2025-06-14T23:59:23.564-0400] {dagbag.py:536} INFO - Filling up the DagBag from /Users/rah/Desktop/creative_projects/rah_coding_repo/projects/fin_data_project_001/finance-data-project-1/.venv/lib/python3.10/site-packages/airflow/example_dags/example_short_circuit_operator.py
[2025-06-14T23:59:23.581-0400] {processor.py:839} INFO - DAG(s) dict_keys(['example_short_circuit_operator']) retrieved from /Users/rah/Desktop/creative_projects/rah_coding_repo/projects/fin_data_project_001/finance-data-project-1/.venv/lib/python3.10/site-packages/airflow/example_dags/example_short_circuit_operator.py
[2025-06-14T23:59:23.671-0400] {logging_mixin.py:154} INFO - [2025-06-14T23:59:23.671-0400] {dag.py:2941} INFO - Sync 1 DAGs
[2025-06-14T23:59:23.678-0400] {logging_mixin.py:154} INFO - [2025-06-14T23:59:23.678-0400] {dag.py:3722} INFO - Setting next_dagrun for example_short_circuit_operator to 2025-06-14T03:59:23.678407+00:00, run_after=2025-06-15T03:59:23.678407+00:00
[2025-06-14T23:59:23.686-0400] {processor.py:179} INFO - Processing /Users/rah/Desktop/creative_projects/rah_coding_repo/projects/fin_data_project_001/finance-data-project-1/.venv/lib/python3.10/site-packages/airflow/example_dags/example_short_circuit_operator.py took 0.125 seconds
[2025-06-15T00:00:01.403-0400] {processor.py:157} INFO - Started process (PID=51210) to work on /Users/rah/Desktop/creative_projects/rah_coding_repo/projects/fin_data_project_001/finance-data-project-1/.venv/lib/python3.10/site-packages/airflow/example_dags/example_short_circuit_operator.py
[2025-06-15T00:00:01.406-0400] {processor.py:829} INFO - Processing file /Users/rah/Desktop/creative_projects/rah_coding_repo/projects/fin_data_project_001/finance-data-project-1/.venv/lib/python3.10/site-packages/airflow/example_dags/example_short_circuit_operator.py for tasks to queue
[2025-06-15T00:00:01.407-0400] {logging_mixin.py:154} INFO - [2025-06-15T00:00:01.406-0400] {dagbag.py:536} INFO - Filling up the DagBag from /Users/rah/Desktop/creative_projects/rah_coding_repo/projects/fin_data_project_001/finance-data-project-1/.venv/lib/python3.10/site-packages/airflow/example_dags/example_short_circuit_operator.py
[2025-06-15T00:00:01.424-0400] {processor.py:839} INFO - DAG(s) dict_keys(['example_short_circuit_operator']) retrieved from /Users/rah/Desktop/creative_projects/rah_coding_repo/projects/fin_data_project_001/finance-data-project-1/.venv/lib/python3.10/site-packages/airflow/example_dags/example_short_circuit_operator.py
[2025-06-15T00:00:01.525-0400] {logging_mixin.py:154} INFO - [2025-06-15T00:00:01.525-0400] {dag.py:2941} INFO - Sync 1 DAGs
[2025-06-15T00:00:01.534-0400] {logging_mixin.py:154} INFO - [2025-06-15T00:00:01.534-0400] {dag.py:3722} INFO - Setting next_dagrun for example_short_circuit_operator to 2025-06-14T04:00:01.533914+00:00, run_after=2025-06-15T04:00:01.533914+00:00
[2025-06-15T00:00:01.543-0400] {processor.py:179} INFO - Processing /Users/rah/Desktop/creative_projects/rah_coding_repo/projects/fin_data_project_001/finance-data-project-1/.venv/lib/python3.10/site-packages/airflow/example_dags/example_short_circuit_operator.py took 0.141 seconds
[2025-06-15T00:00:16.377-0400] {processor.py:157} INFO - Started process (PID=51397) to work on /Users/rah/Desktop/creative_projects/rah_coding_repo/projects/fin_data_project_001/finance-data-project-1/.venv/lib/python3.10/site-packages/airflow/example_dags/example_short_circuit_operator.py
[2025-06-15T00:00:16.379-0400] {processor.py:829} INFO - Processing file /Users/rah/Desktop/creative_projects/rah_coding_repo/projects/fin_data_project_001/finance-data-project-1/.venv/lib/python3.10/site-packages/airflow/example_dags/example_short_circuit_operator.py for tasks to queue
[2025-06-15T00:00:16.379-0400] {logging_mixin.py:154} INFO - [2025-06-15T00:00:16.379-0400] {dagbag.py:536} INFO - Filling up the DagBag from /Users/rah/Desktop/creative_projects/rah_coding_repo/projects/fin_data_project_001/finance-data-project-1/.venv/lib/python3.10/site-packages/airflow/example_dags/example_short_circuit_operator.py
[2025-06-15T00:00:16.397-0400] {processor.py:839} INFO - DAG(s) dict_keys(['example_short_circuit_operator']) retrieved from /Users/rah/Desktop/creative_projects/rah_coding_repo/projects/fin_data_project_001/finance-data-project-1/.venv/lib/python3.10/site-packages/airflow/example_dags/example_short_circuit_operator.py
[2025-06-15T00:00:16.500-0400] {logging_mixin.py:154} INFO - [2025-06-15T00:00:16.500-0400] {dag.py:2941} INFO - Sync 1 DAGs
[2025-06-15T00:00:16.509-0400] {logging_mixin.py:154} INFO - [2025-06-15T00:00:16.509-0400] {dag.py:3722} INFO - Setting next_dagrun for example_short_circuit_operator to 2025-06-14T04:00:16.509617+00:00, run_after=2025-06-15T04:00:16.509617+00:00
[2025-06-15T00:00:16.519-0400] {processor.py:179} INFO - Processing /Users/rah/Desktop/creative_projects/rah_coding_repo/projects/fin_data_project_001/finance-data-project-1/.venv/lib/python3.10/site-packages/airflow/example_dags/example_short_circuit_operator.py took 0.143 seconds
[2025-06-15T00:00:46.438-0400] {processor.py:157} INFO - Started process (PID=51858) to work on /Users/rah/Desktop/creative_projects/rah_coding_repo/projects/fin_data_project_001/finance-data-project-1/.venv/lib/python3.10/site-packages/airflow/example_dags/example_short_circuit_operator.py
[2025-06-15T00:00:46.441-0400] {processor.py:829} INFO - Processing file /Users/rah/Desktop/creative_projects/rah_coding_repo/projects/fin_data_project_001/finance-data-project-1/.venv/lib/python3.10/site-packages/airflow/example_dags/example_short_circuit_operator.py for tasks to queue
[2025-06-15T00:00:46.442-0400] {logging_mixin.py:154} INFO - [2025-06-15T00:00:46.442-0400] {dagbag.py:536} INFO - Filling up the DagBag from /Users/rah/Desktop/creative_projects/rah_coding_repo/projects/fin_data_project_001/finance-data-project-1/.venv/lib/python3.10/site-packages/airflow/example_dags/example_short_circuit_operator.py
[2025-06-15T00:00:46.459-0400] {processor.py:839} INFO - DAG(s) dict_keys(['example_short_circuit_operator']) retrieved from /Users/rah/Desktop/creative_projects/rah_coding_repo/projects/fin_data_project_001/finance-data-project-1/.venv/lib/python3.10/site-packages/airflow/example_dags/example_short_circuit_operator.py
[2025-06-15T00:00:46.563-0400] {logging_mixin.py:154} INFO - [2025-06-15T00:00:46.563-0400] {dag.py:2941} INFO - Sync 1 DAGs
[2025-06-15T00:00:46.570-0400] {logging_mixin.py:154} INFO - [2025-06-15T00:00:46.570-0400] {dag.py:3722} INFO - Setting next_dagrun for example_short_circuit_operator to 2025-06-14T04:00:46.570708+00:00, run_after=2025-06-15T04:00:46.570708+00:00
[2025-06-15T00:00:46.581-0400] {processor.py:179} INFO - Processing /Users/rah/Desktop/creative_projects/rah_coding_repo/projects/fin_data_project_001/finance-data-project-1/.venv/lib/python3.10/site-packages/airflow/example_dags/example_short_circuit_operator.py took 0.143 seconds
[2025-06-15T00:00:50.362-0400] {processor.py:157} INFO - Started process (PID=51984) to work on /Users/rah/Desktop/creative_projects/rah_coding_repo/projects/fin_data_project_001/finance-data-project-1/.venv/lib/python3.10/site-packages/airflow/example_dags/example_short_circuit_operator.py
[2025-06-15T00:00:50.364-0400] {processor.py:829} INFO - Processing file /Users/rah/Desktop/creative_projects/rah_coding_repo/projects/fin_data_project_001/finance-data-project-1/.venv/lib/python3.10/site-packages/airflow/example_dags/example_short_circuit_operator.py for tasks to queue
[2025-06-15T00:00:50.364-0400] {logging_mixin.py:154} INFO - [2025-06-15T00:00:50.364-0400] {dagbag.py:536} INFO - Filling up the DagBag from /Users/rah/Desktop/creative_projects/rah_coding_repo/projects/fin_data_project_001/finance-data-project-1/.venv/lib/python3.10/site-packages/airflow/example_dags/example_short_circuit_operator.py
[2025-06-15T00:00:50.382-0400] {processor.py:839} INFO - DAG(s) dict_keys(['example_short_circuit_operator']) retrieved from /Users/rah/Desktop/creative_projects/rah_coding_repo/projects/fin_data_project_001/finance-data-project-1/.venv/lib/python3.10/site-packages/airflow/example_dags/example_short_circuit_operator.py
[2025-06-15T00:00:50.482-0400] {logging_mixin.py:154} INFO - [2025-06-15T00:00:50.481-0400] {dag.py:2941} INFO - Sync 1 DAGs
[2025-06-15T00:00:50.489-0400] {logging_mixin.py:154} INFO - [2025-06-15T00:00:50.489-0400] {dag.py:3722} INFO - Setting next_dagrun for example_short_circuit_operator to 2025-06-14T04:00:50.489336+00:00, run_after=2025-06-15T04:00:50.489336+00:00
[2025-06-15T00:00:50.497-0400] {processor.py:179} INFO - Processing /Users/rah/Desktop/creative_projects/rah_coding_repo/projects/fin_data_project_001/finance-data-project-1/.venv/lib/python3.10/site-packages/airflow/example_dags/example_short_circuit_operator.py took 0.136 seconds
[2025-06-15T00:01:38.067-0400] {processor.py:157} INFO - Started process (PID=52674) to work on /Users/rah/Desktop/creative_projects/rah_coding_repo/projects/fin_data_project_001/finance-data-project-1/.venv/lib/python3.10/site-packages/airflow/example_dags/example_short_circuit_operator.py
[2025-06-15T00:01:38.070-0400] {processor.py:829} INFO - Processing file /Users/rah/Desktop/creative_projects/rah_coding_repo/projects/fin_data_project_001/finance-data-project-1/.venv/lib/python3.10/site-packages/airflow/example_dags/example_short_circuit_operator.py for tasks to queue
[2025-06-15T00:01:38.070-0400] {logging_mixin.py:154} INFO - [2025-06-15T00:01:38.070-0400] {dagbag.py:536} INFO - Filling up the DagBag from /Users/rah/Desktop/creative_projects/rah_coding_repo/projects/fin_data_project_001/finance-data-project-1/.venv/lib/python3.10/site-packages/airflow/example_dags/example_short_circuit_operator.py
[2025-06-15T00:01:38.087-0400] {processor.py:839} INFO - DAG(s) dict_keys(['example_short_circuit_operator']) retrieved from /Users/rah/Desktop/creative_projects/rah_coding_repo/projects/fin_data_project_001/finance-data-project-1/.venv/lib/python3.10/site-packages/airflow/example_dags/example_short_circuit_operator.py
[2025-06-15T00:01:38.185-0400] {logging_mixin.py:154} INFO - [2025-06-15T00:01:38.184-0400] {dag.py:2941} INFO - Sync 1 DAGs
[2025-06-15T00:01:38.192-0400] {logging_mixin.py:154} INFO - [2025-06-15T00:01:38.192-0400] {dag.py:3722} INFO - Setting next_dagrun for example_short_circuit_operator to 2025-06-14T04:01:38.192354+00:00, run_after=2025-06-15T04:01:38.192354+00:00
[2025-06-15T00:01:38.200-0400] {processor.py:179} INFO - Processing /Users/rah/Desktop/creative_projects/rah_coding_repo/projects/fin_data_project_001/finance-data-project-1/.venv/lib/python3.10/site-packages/airflow/example_dags/example_short_circuit_operator.py took 0.133 seconds
[2025-06-15T00:01:50.006-0400] {processor.py:157} INFO - Started process (PID=52845) to work on /Users/rah/Desktop/creative_projects/rah_coding_repo/projects/fin_data_project_001/finance-data-project-1/.venv/lib/python3.10/site-packages/airflow/example_dags/example_short_circuit_operator.py
[2025-06-15T00:01:50.008-0400] {processor.py:829} INFO - Processing file /Users/rah/Desktop/creative_projects/rah_coding_repo/projects/fin_data_project_001/finance-data-project-1/.venv/lib/python3.10/site-packages/airflow/example_dags/example_short_circuit_operator.py for tasks to queue
[2025-06-15T00:01:50.009-0400] {logging_mixin.py:154} INFO - [2025-06-15T00:01:50.008-0400] {dagbag.py:536} INFO - Filling up the DagBag from /Users/rah/Desktop/creative_projects/rah_coding_repo/projects/fin_data_project_001/finance-data-project-1/.venv/lib/python3.10/site-packages/airflow/example_dags/example_short_circuit_operator.py
[2025-06-15T00:01:50.027-0400] {processor.py:839} INFO - DAG(s) dict_keys(['example_short_circuit_operator']) retrieved from /Users/rah/Desktop/creative_projects/rah_coding_repo/projects/fin_data_project_001/finance-data-project-1/.venv/lib/python3.10/site-packages/airflow/example_dags/example_short_circuit_operator.py
[2025-06-15T00:01:50.129-0400] {logging_mixin.py:154} INFO - [2025-06-15T00:01:50.129-0400] {dag.py:2941} INFO - Sync 1 DAGs
[2025-06-15T00:01:50.137-0400] {logging_mixin.py:154} INFO - [2025-06-15T00:01:50.137-0400] {dag.py:3722} INFO - Setting next_dagrun for example_short_circuit_operator to 2025-06-14T04:01:50.137321+00:00, run_after=2025-06-15T04:01:50.137321+00:00
[2025-06-15T00:01:50.146-0400] {processor.py:179} INFO - Processing /Users/rah/Desktop/creative_projects/rah_coding_repo/projects/fin_data_project_001/finance-data-project-1/.venv/lib/python3.10/site-packages/airflow/example_dags/example_short_circuit_operator.py took 0.141 seconds
[2025-06-15T00:02:19.658-0400] {processor.py:157} INFO - Started process (PID=53328) to work on /Users/rah/Desktop/creative_projects/rah_coding_repo/projects/fin_data_project_001/finance-data-project-1/.venv/lib/python3.10/site-packages/airflow/example_dags/example_short_circuit_operator.py
[2025-06-15T00:02:19.660-0400] {processor.py:829} INFO - Processing file /Users/rah/Desktop/creative_projects/rah_coding_repo/projects/fin_data_project_001/finance-data-project-1/.venv/lib/python3.10/site-packages/airflow/example_dags/example_short_circuit_operator.py for tasks to queue
[2025-06-15T00:02:19.660-0400] {logging_mixin.py:154} INFO - [2025-06-15T00:02:19.660-0400] {dagbag.py:536} INFO - Filling up the DagBag from /Users/rah/Desktop/creative_projects/rah_coding_repo/projects/fin_data_project_001/finance-data-project-1/.venv/lib/python3.10/site-packages/airflow/example_dags/example_short_circuit_operator.py
[2025-06-15T00:02:19.677-0400] {processor.py:839} INFO - DAG(s) dict_keys(['example_short_circuit_operator']) retrieved from /Users/rah/Desktop/creative_projects/rah_coding_repo/projects/fin_data_project_001/finance-data-project-1/.venv/lib/python3.10/site-packages/airflow/example_dags/example_short_circuit_operator.py
[2025-06-15T00:02:19.772-0400] {logging_mixin.py:154} INFO - [2025-06-15T00:02:19.772-0400] {dag.py:2941} INFO - Sync 1 DAGs
[2025-06-15T00:02:19.780-0400] {logging_mixin.py:154} INFO - [2025-06-15T00:02:19.780-0400] {dag.py:3722} INFO - Setting next_dagrun for example_short_circuit_operator to 2025-06-14T04:02:19.780048+00:00, run_after=2025-06-15T04:02:19.780048+00:00
[2025-06-15T00:02:19.788-0400] {processor.py:179} INFO - Processing /Users/rah/Desktop/creative_projects/rah_coding_repo/projects/fin_data_project_001/finance-data-project-1/.venv/lib/python3.10/site-packages/airflow/example_dags/example_short_circuit_operator.py took 0.131 seconds
[2025-06-15T00:02:25.683-0400] {processor.py:157} INFO - Started process (PID=53474) to work on /Users/rah/Desktop/creative_projects/rah_coding_repo/projects/fin_data_project_001/finance-data-project-1/.venv/lib/python3.10/site-packages/airflow/example_dags/example_short_circuit_operator.py
[2025-06-15T00:02:25.685-0400] {processor.py:829} INFO - Processing file /Users/rah/Desktop/creative_projects/rah_coding_repo/projects/fin_data_project_001/finance-data-project-1/.venv/lib/python3.10/site-packages/airflow/example_dags/example_short_circuit_operator.py for tasks to queue
[2025-06-15T00:02:25.686-0400] {logging_mixin.py:154} INFO - [2025-06-15T00:02:25.686-0400] {dagbag.py:536} INFO - Filling up the DagBag from /Users/rah/Desktop/creative_projects/rah_coding_repo/projects/fin_data_project_001/finance-data-project-1/.venv/lib/python3.10/site-packages/airflow/example_dags/example_short_circuit_operator.py
[2025-06-15T00:02:25.702-0400] {processor.py:839} INFO - DAG(s) dict_keys(['example_short_circuit_operator']) retrieved from /Users/rah/Desktop/creative_projects/rah_coding_repo/projects/fin_data_project_001/finance-data-project-1/.venv/lib/python3.10/site-packages/airflow/example_dags/example_short_circuit_operator.py
[2025-06-15T00:02:25.795-0400] {logging_mixin.py:154} INFO - [2025-06-15T00:02:25.795-0400] {dag.py:2941} INFO - Sync 1 DAGs
[2025-06-15T00:02:25.802-0400] {logging_mixin.py:154} INFO - [2025-06-15T00:02:25.802-0400] {dag.py:3722} INFO - Setting next_dagrun for example_short_circuit_operator to 2025-06-14T04:02:25.802548+00:00, run_after=2025-06-15T04:02:25.802548+00:00
[2025-06-15T00:02:25.810-0400] {processor.py:179} INFO - Processing /Users/rah/Desktop/creative_projects/rah_coding_repo/projects/fin_data_project_001/finance-data-project-1/.venv/lib/python3.10/site-packages/airflow/example_dags/example_short_circuit_operator.py took 0.128 seconds
[2025-06-15T00:03:25.503-0400] {processor.py:157} INFO - Started process (PID=54318) to work on /Users/rah/.pyenv/versions/3.10.11/lib/python3.10/site-packages/airflow/example_dags/example_short_circuit_operator.py
[2025-06-15T00:03:25.506-0400] {processor.py:829} INFO - Processing file /Users/rah/.pyenv/versions/3.10.11/lib/python3.10/site-packages/airflow/example_dags/example_short_circuit_operator.py for tasks to queue
[2025-06-15T00:03:25.506-0400] {logging_mixin.py:154} INFO - [2025-06-15T00:03:25.506-0400] {dagbag.py:536} INFO - Filling up the DagBag from /Users/rah/.pyenv/versions/3.10.11/lib/python3.10/site-packages/airflow/example_dags/example_short_circuit_operator.py
[2025-06-15T00:03:25.523-0400] {processor.py:839} INFO - DAG(s) dict_keys(['example_short_circuit_operator']) retrieved from /Users/rah/.pyenv/versions/3.10.11/lib/python3.10/site-packages/airflow/example_dags/example_short_circuit_operator.py
[2025-06-15T00:03:25.874-0400] {logging_mixin.py:154} INFO - [2025-06-15T00:03:25.874-0400] {dag.py:2941} INFO - Sync 1 DAGs
[2025-06-15T00:03:25.880-0400] {logging_mixin.py:154} INFO - [2025-06-15T00:03:25.880-0400] {dag.py:3722} INFO - Setting next_dagrun for example_short_circuit_operator to 2025-06-14T04:03:25.880619+00:00, run_after=2025-06-15T04:03:25.880619+00:00
[2025-06-15T00:03:25.889-0400] {processor.py:179} INFO - Processing /Users/rah/.pyenv/versions/3.10.11/lib/python3.10/site-packages/airflow/example_dags/example_short_circuit_operator.py took 0.387 seconds
[2025-06-15T00:06:46.778-0400] {processor.py:157} INFO - Started process (PID=57125) to work on /Users/rah/.pyenv/versions/3.10.11/lib/python3.10/site-packages/airflow/example_dags/example_short_circuit_operator.py
[2025-06-15T00:06:46.781-0400] {processor.py:829} INFO - Processing file /Users/rah/.pyenv/versions/3.10.11/lib/python3.10/site-packages/airflow/example_dags/example_short_circuit_operator.py for tasks to queue
[2025-06-15T00:06:46.781-0400] {logging_mixin.py:154} INFO - [2025-06-15T00:06:46.781-0400] {dagbag.py:536} INFO - Filling up the DagBag from /Users/rah/.pyenv/versions/3.10.11/lib/python3.10/site-packages/airflow/example_dags/example_short_circuit_operator.py
[2025-06-15T00:06:46.796-0400] {processor.py:839} INFO - DAG(s) dict_keys(['example_short_circuit_operator']) retrieved from /Users/rah/.pyenv/versions/3.10.11/lib/python3.10/site-packages/airflow/example_dags/example_short_circuit_operator.py
[2025-06-15T00:06:46.907-0400] {logging_mixin.py:154} INFO - [2025-06-15T00:06:46.906-0400] {dag.py:2941} INFO - Sync 1 DAGs
[2025-06-15T00:06:46.913-0400] {logging_mixin.py:154} INFO - [2025-06-15T00:06:46.913-0400] {dag.py:3722} INFO - Setting next_dagrun for example_short_circuit_operator to 2025-06-14T04:06:46.913150+00:00, run_after=2025-06-15T04:06:46.913150+00:00
[2025-06-15T00:06:46.920-0400] {processor.py:179} INFO - Processing /Users/rah/.pyenv/versions/3.10.11/lib/python3.10/site-packages/airflow/example_dags/example_short_circuit_operator.py took 0.142 seconds
[2025-06-15T00:08:16.074-0400] {processor.py:157} INFO - Started process (PID=58082) to work on /Users/rah/.pyenv/versions/3.10.11/lib/python3.10/site-packages/airflow/example_dags/example_short_circuit_operator.py
[2025-06-15T00:08:16.077-0400] {processor.py:829} INFO - Processing file /Users/rah/.pyenv/versions/3.10.11/lib/python3.10/site-packages/airflow/example_dags/example_short_circuit_operator.py for tasks to queue
[2025-06-15T00:08:16.077-0400] {logging_mixin.py:154} INFO - [2025-06-15T00:08:16.077-0400] {dagbag.py:536} INFO - Filling up the DagBag from /Users/rah/.pyenv/versions/3.10.11/lib/python3.10/site-packages/airflow/example_dags/example_short_circuit_operator.py
[2025-06-15T00:08:16.094-0400] {processor.py:839} INFO - DAG(s) dict_keys(['example_short_circuit_operator']) retrieved from /Users/rah/.pyenv/versions/3.10.11/lib/python3.10/site-packages/airflow/example_dags/example_short_circuit_operator.py
[2025-06-15T00:08:16.205-0400] {logging_mixin.py:154} INFO - [2025-06-15T00:08:16.205-0400] {dag.py:2941} INFO - Sync 1 DAGs
[2025-06-15T00:08:16.211-0400] {logging_mixin.py:154} INFO - [2025-06-15T00:08:16.211-0400] {dag.py:3722} INFO - Setting next_dagrun for example_short_circuit_operator to 2025-06-14T04:08:16.211512+00:00, run_after=2025-06-15T04:08:16.211512+00:00
[2025-06-15T00:08:16.219-0400] {processor.py:179} INFO - Processing /Users/rah/.pyenv/versions/3.10.11/lib/python3.10/site-packages/airflow/example_dags/example_short_circuit_operator.py took 0.145 seconds
[2025-06-15T00:09:58.479-0400] {processor.py:157} INFO - Started process (PID=60282) to work on /Users/rah/.pyenv/versions/3.10.11/lib/python3.10/site-packages/airflow/example_dags/example_short_circuit_operator.py
[2025-06-15T00:09:58.482-0400] {processor.py:829} INFO - Processing file /Users/rah/.pyenv/versions/3.10.11/lib/python3.10/site-packages/airflow/example_dags/example_short_circuit_operator.py for tasks to queue
[2025-06-15T00:09:58.482-0400] {logging_mixin.py:154} INFO - [2025-06-15T00:09:58.482-0400] {dagbag.py:536} INFO - Filling up the DagBag from /Users/rah/.pyenv/versions/3.10.11/lib/python3.10/site-packages/airflow/example_dags/example_short_circuit_operator.py
[2025-06-15T00:09:58.498-0400] {processor.py:839} INFO - DAG(s) dict_keys(['example_short_circuit_operator']) retrieved from /Users/rah/.pyenv/versions/3.10.11/lib/python3.10/site-packages/airflow/example_dags/example_short_circuit_operator.py
[2025-06-15T00:09:58.612-0400] {logging_mixin.py:154} INFO - [2025-06-15T00:09:58.612-0400] {dag.py:2941} INFO - Sync 1 DAGs
[2025-06-15T00:09:58.618-0400] {logging_mixin.py:154} INFO - [2025-06-15T00:09:58.618-0400] {dag.py:3722} INFO - Setting next_dagrun for example_short_circuit_operator to 2025-06-14T04:09:58.618598+00:00, run_after=2025-06-15T04:09:58.618598+00:00
[2025-06-15T00:09:58.626-0400] {processor.py:179} INFO - Processing /Users/rah/.pyenv/versions/3.10.11/lib/python3.10/site-packages/airflow/example_dags/example_short_circuit_operator.py took 0.148 seconds
[2025-06-15T00:11:38.654-0400] {processor.py:157} INFO - Started process (PID=61572) to work on /Users/rah/.pyenv/versions/3.10.11/lib/python3.10/site-packages/airflow/example_dags/example_short_circuit_operator.py
[2025-06-15T00:11:38.657-0400] {processor.py:829} INFO - Processing file /Users/rah/.pyenv/versions/3.10.11/lib/python3.10/site-packages/airflow/example_dags/example_short_circuit_operator.py for tasks to queue
[2025-06-15T00:11:38.658-0400] {logging_mixin.py:154} INFO - [2025-06-15T00:11:38.658-0400] {dagbag.py:536} INFO - Filling up the DagBag from /Users/rah/.pyenv/versions/3.10.11/lib/python3.10/site-packages/airflow/example_dags/example_short_circuit_operator.py
[2025-06-15T00:11:38.673-0400] {processor.py:839} INFO - DAG(s) dict_keys(['example_short_circuit_operator']) retrieved from /Users/rah/.pyenv/versions/3.10.11/lib/python3.10/site-packages/airflow/example_dags/example_short_circuit_operator.py
[2025-06-15T00:11:38.789-0400] {logging_mixin.py:154} INFO - [2025-06-15T00:11:38.789-0400] {dag.py:2941} INFO - Sync 1 DAGs
[2025-06-15T00:11:38.796-0400] {logging_mixin.py:154} INFO - [2025-06-15T00:11:38.796-0400] {dag.py:3722} INFO - Setting next_dagrun for example_short_circuit_operator to 2025-06-14T04:11:38.796408+00:00, run_after=2025-06-15T04:11:38.796408+00:00
[2025-06-15T00:11:38.803-0400] {processor.py:179} INFO - Processing /Users/rah/.pyenv/versions/3.10.11/lib/python3.10/site-packages/airflow/example_dags/example_short_circuit_operator.py took 0.149 seconds
[2025-06-15T00:13:22.819-0400] {processor.py:157} INFO - Started process (PID=63414) to work on /Users/rah/.pyenv/versions/3.10.11/lib/python3.10/site-packages/airflow/example_dags/example_short_circuit_operator.py
[2025-06-15T00:13:22.822-0400] {processor.py:829} INFO - Processing file /Users/rah/.pyenv/versions/3.10.11/lib/python3.10/site-packages/airflow/example_dags/example_short_circuit_operator.py for tasks to queue
[2025-06-15T00:13:22.823-0400] {logging_mixin.py:154} INFO - [2025-06-15T00:13:22.823-0400] {dagbag.py:536} INFO - Filling up the DagBag from /Users/rah/.pyenv/versions/3.10.11/lib/python3.10/site-packages/airflow/example_dags/example_short_circuit_operator.py
[2025-06-15T00:13:22.838-0400] {processor.py:839} INFO - DAG(s) dict_keys(['example_short_circuit_operator']) retrieved from /Users/rah/.pyenv/versions/3.10.11/lib/python3.10/site-packages/airflow/example_dags/example_short_circuit_operator.py
[2025-06-15T00:13:22.953-0400] {logging_mixin.py:154} INFO - [2025-06-15T00:13:22.953-0400] {dag.py:2941} INFO - Sync 1 DAGs
[2025-06-15T00:13:22.959-0400] {logging_mixin.py:154} INFO - [2025-06-15T00:13:22.959-0400] {dag.py:3722} INFO - Setting next_dagrun for example_short_circuit_operator to 2025-06-14T04:13:22.959717+00:00, run_after=2025-06-15T04:13:22.959717+00:00
[2025-06-15T00:13:22.967-0400] {processor.py:179} INFO - Processing /Users/rah/.pyenv/versions/3.10.11/lib/python3.10/site-packages/airflow/example_dags/example_short_circuit_operator.py took 0.148 seconds
[2025-06-15T00:15:03.462-0400] {processor.py:157} INFO - Started process (PID=64878) to work on /Users/rah/.pyenv/versions/3.10.11/lib/python3.10/site-packages/airflow/example_dags/example_short_circuit_operator.py
[2025-06-15T00:15:03.465-0400] {processor.py:829} INFO - Processing file /Users/rah/.pyenv/versions/3.10.11/lib/python3.10/site-packages/airflow/example_dags/example_short_circuit_operator.py for tasks to queue
[2025-06-15T00:15:03.465-0400] {logging_mixin.py:154} INFO - [2025-06-15T00:15:03.465-0400] {dagbag.py:536} INFO - Filling up the DagBag from /Users/rah/.pyenv/versions/3.10.11/lib/python3.10/site-packages/airflow/example_dags/example_short_circuit_operator.py
[2025-06-15T00:15:03.481-0400] {processor.py:839} INFO - DAG(s) dict_keys(['example_short_circuit_operator']) retrieved from /Users/rah/.pyenv/versions/3.10.11/lib/python3.10/site-packages/airflow/example_dags/example_short_circuit_operator.py
[2025-06-15T00:15:03.594-0400] {logging_mixin.py:154} INFO - [2025-06-15T00:15:03.594-0400] {dag.py:2941} INFO - Sync 1 DAGs
[2025-06-15T00:15:03.600-0400] {logging_mixin.py:154} INFO - [2025-06-15T00:15:03.600-0400] {dag.py:3722} INFO - Setting next_dagrun for example_short_circuit_operator to 2025-06-14T04:15:03.600600+00:00, run_after=2025-06-15T04:15:03.600600+00:00
[2025-06-15T00:15:03.607-0400] {processor.py:179} INFO - Processing /Users/rah/.pyenv/versions/3.10.11/lib/python3.10/site-packages/airflow/example_dags/example_short_circuit_operator.py took 0.146 seconds
