[2025-06-14T23:49:01.295-0400] {processor.py:157} INFO - Started process (PID=40040) to work on /Users/rah/.pyenv/versions/3.10.11/lib/python3.10/site-packages/airflow/example_dags/example_sla_dag.py
[2025-06-14T23:49:01.298-0400] {processor.py:829} INFO - Processing file /Users/rah/.pyenv/versions/3.10.11/lib/python3.10/site-packages/airflow/example_dags/example_sla_dag.py for tasks to queue
[2025-06-14T23:49:01.298-0400] {logging_mixin.py:154} INFO - [2025-06-14T23:49:01.298-0400] {dagbag.py:536} INFO - Filling up the DagBag from /Users/rah/.pyenv/versions/3.10.11/lib/python3.10/site-packages/airflow/example_dags/example_sla_dag.py
[2025-06-14T23:49:01.344-0400] {processor.py:839} INFO - DAG(s) dict_keys(['example_sla_dag']) retrieved from /Users/rah/.pyenv/versions/3.10.11/lib/python3.10/site-packages/airflow/example_dags/example_sla_dag.py
[2025-06-14T23:49:01.685-0400] {logging_mixin.py:154} INFO - [2025-06-14T23:49:01.685-0400] {manager.py:499} INFO - Created Permission View: %s
[2025-06-14T23:49:01.691-0400] {logging_mixin.py:154} INFO - [2025-06-14T23:49:01.691-0400] {manager.py:499} INFO - Created Permission View: %s
[2025-06-14T23:49:01.694-0400] {logging_mixin.py:154} INFO - [2025-06-14T23:49:01.694-0400] {manager.py:499} INFO - Created Permission View: %s
[2025-06-14T23:49:01.694-0400] {logging_mixin.py:154} INFO - [2025-06-14T23:49:01.694-0400] {dag.py:2941} INFO - Sync 1 DAGs
[2025-06-14T23:49:01.700-0400] {logging_mixin.py:154} INFO - [2025-06-14T23:49:01.700-0400] {dag.py:2963} INFO - Creating ORM DAG for example_sla_dag
[2025-06-14T23:49:01.705-0400] {logging_mixin.py:154} INFO - [2025-06-14T23:49:01.705-0400] {dag.py:3722} INFO - Setting next_dagrun for example_sla_dag to 2025-06-15T03:46:00+00:00, run_after=2025-06-15T03:48:00+00:00
[2025-06-14T23:49:01.713-0400] {processor.py:179} INFO - Processing /Users/rah/.pyenv/versions/3.10.11/lib/python3.10/site-packages/airflow/example_dags/example_sla_dag.py took 0.418 seconds
[2025-06-14T23:50:31.325-0400] {processor.py:157} INFO - Started process (PID=41138) to work on /Users/rah/.pyenv/versions/3.10.11/lib/python3.10/site-packages/airflow/example_dags/example_sla_dag.py
[2025-06-14T23:50:31.328-0400] {processor.py:829} INFO - Processing file /Users/rah/.pyenv/versions/3.10.11/lib/python3.10/site-packages/airflow/example_dags/example_sla_dag.py for tasks to queue
[2025-06-14T23:50:31.328-0400] {logging_mixin.py:154} INFO - [2025-06-14T23:50:31.328-0400] {dagbag.py:536} INFO - Filling up the DagBag from /Users/rah/.pyenv/versions/3.10.11/lib/python3.10/site-packages/airflow/example_dags/example_sla_dag.py
[2025-06-14T23:50:31.375-0400] {processor.py:839} INFO - DAG(s) dict_keys(['example_sla_dag']) retrieved from /Users/rah/.pyenv/versions/3.10.11/lib/python3.10/site-packages/airflow/example_dags/example_sla_dag.py
[2025-06-14T23:50:31.466-0400] {logging_mixin.py:154} INFO - [2025-06-14T23:50:31.466-0400] {dag.py:2941} INFO - Sync 1 DAGs
[2025-06-14T23:50:31.474-0400] {logging_mixin.py:154} INFO - [2025-06-14T23:50:31.474-0400] {dag.py:3722} INFO - Setting next_dagrun for example_sla_dag to 2025-06-15T03:48:00+00:00, run_after=2025-06-15T03:50:00+00:00
[2025-06-14T23:50:31.483-0400] {processor.py:179} INFO - Processing /Users/rah/.pyenv/versions/3.10.11/lib/python3.10/site-packages/airflow/example_dags/example_sla_dag.py took 0.159 seconds
[2025-06-14T23:55:18.460-0400] {processor.py:157} INFO - Started process (PID=45758) to work on /Users/rah/Desktop/creative_projects/rah_coding_repo/projects/fin_data_project_001/finance-data-project-1/.venv/lib/python3.10/site-packages/airflow/example_dags/example_sla_dag.py
[2025-06-14T23:55:18.463-0400] {processor.py:829} INFO - Processing file /Users/rah/Desktop/creative_projects/rah_coding_repo/projects/fin_data_project_001/finance-data-project-1/.venv/lib/python3.10/site-packages/airflow/example_dags/example_sla_dag.py for tasks to queue
[2025-06-14T23:55:18.463-0400] {logging_mixin.py:154} INFO - [2025-06-14T23:55:18.463-0400] {dagbag.py:536} INFO - Filling up the DagBag from /Users/rah/Desktop/creative_projects/rah_coding_repo/projects/fin_data_project_001/finance-data-project-1/.venv/lib/python3.10/site-packages/airflow/example_dags/example_sla_dag.py
[2025-06-14T23:55:18.484-0400] {processor.py:839} INFO - DAG(s) dict_keys(['example_sla_dag']) retrieved from /Users/rah/Desktop/creative_projects/rah_coding_repo/projects/fin_data_project_001/finance-data-project-1/.venv/lib/python3.10/site-packages/airflow/example_dags/example_sla_dag.py
[2025-06-14T23:55:18.569-0400] {logging_mixin.py:154} INFO - [2025-06-14T23:55:18.569-0400] {dag.py:2941} INFO - Sync 1 DAGs
[2025-06-14T23:55:18.577-0400] {logging_mixin.py:154} INFO - [2025-06-14T23:55:18.577-0400] {dag.py:3722} INFO - Setting next_dagrun for example_sla_dag to 2025-06-15T03:52:00+00:00, run_after=2025-06-15T03:54:00+00:00
[2025-06-14T23:55:18.584-0400] {processor.py:179} INFO - Processing /Users/rah/Desktop/creative_projects/rah_coding_repo/projects/fin_data_project_001/finance-data-project-1/.venv/lib/python3.10/site-packages/airflow/example_dags/example_sla_dag.py took 0.125 seconds
[2025-06-14T23:56:21.477-0400] {processor.py:157} INFO - Started process (PID=47223) to work on /Users/rah/Desktop/creative_projects/rah_coding_repo/projects/fin_data_project_001/finance-data-project-1/.venv/lib/python3.10/site-packages/airflow/example_dags/example_sla_dag.py
[2025-06-14T23:56:21.479-0400] {processor.py:829} INFO - Processing file /Users/rah/Desktop/creative_projects/rah_coding_repo/projects/fin_data_project_001/finance-data-project-1/.venv/lib/python3.10/site-packages/airflow/example_dags/example_sla_dag.py for tasks to queue
[2025-06-14T23:56:21.480-0400] {logging_mixin.py:154} INFO - [2025-06-14T23:56:21.480-0400] {dagbag.py:536} INFO - Filling up the DagBag from /Users/rah/Desktop/creative_projects/rah_coding_repo/projects/fin_data_project_001/finance-data-project-1/.venv/lib/python3.10/site-packages/airflow/example_dags/example_sla_dag.py
[2025-06-14T23:56:21.504-0400] {processor.py:839} INFO - DAG(s) dict_keys(['example_sla_dag']) retrieved from /Users/rah/Desktop/creative_projects/rah_coding_repo/projects/fin_data_project_001/finance-data-project-1/.venv/lib/python3.10/site-packages/airflow/example_dags/example_sla_dag.py
[2025-06-14T23:56:21.611-0400] {logging_mixin.py:154} INFO - [2025-06-14T23:56:21.611-0400] {dag.py:2941} INFO - Sync 1 DAGs
[2025-06-14T23:56:21.621-0400] {logging_mixin.py:154} INFO - [2025-06-14T23:56:21.621-0400] {dag.py:3722} INFO - Setting next_dagrun for example_sla_dag to 2025-06-15T03:54:00+00:00, run_after=2025-06-15T03:56:00+00:00
[2025-06-14T23:56:21.629-0400] {processor.py:179} INFO - Processing /Users/rah/Desktop/creative_projects/rah_coding_repo/projects/fin_data_project_001/finance-data-project-1/.venv/lib/python3.10/site-packages/airflow/example_dags/example_sla_dag.py took 0.153 seconds
[2025-06-14T23:56:40.516-0400] {processor.py:157} INFO - Started process (PID=47500) to work on /Users/rah/Desktop/creative_projects/rah_coding_repo/projects/fin_data_project_001/finance-data-project-1/.venv/lib/python3.10/site-packages/airflow/example_dags/example_sla_dag.py
[2025-06-14T23:56:40.518-0400] {processor.py:829} INFO - Processing file /Users/rah/Desktop/creative_projects/rah_coding_repo/projects/fin_data_project_001/finance-data-project-1/.venv/lib/python3.10/site-packages/airflow/example_dags/example_sla_dag.py for tasks to queue
[2025-06-14T23:56:40.519-0400] {logging_mixin.py:154} INFO - [2025-06-14T23:56:40.519-0400] {dagbag.py:536} INFO - Filling up the DagBag from /Users/rah/Desktop/creative_projects/rah_coding_repo/projects/fin_data_project_001/finance-data-project-1/.venv/lib/python3.10/site-packages/airflow/example_dags/example_sla_dag.py
[2025-06-14T23:56:40.542-0400] {processor.py:839} INFO - DAG(s) dict_keys(['example_sla_dag']) retrieved from /Users/rah/Desktop/creative_projects/rah_coding_repo/projects/fin_data_project_001/finance-data-project-1/.venv/lib/python3.10/site-packages/airflow/example_dags/example_sla_dag.py
[2025-06-14T23:56:40.634-0400] {logging_mixin.py:154} INFO - [2025-06-14T23:56:40.633-0400] {dag.py:2941} INFO - Sync 1 DAGs
[2025-06-14T23:56:40.642-0400] {logging_mixin.py:154} INFO - [2025-06-14T23:56:40.642-0400] {dag.py:3722} INFO - Setting next_dagrun for example_sla_dag to 2025-06-15T03:54:00+00:00, run_after=2025-06-15T03:56:00+00:00
[2025-06-14T23:56:40.650-0400] {processor.py:179} INFO - Processing /Users/rah/Desktop/creative_projects/rah_coding_repo/projects/fin_data_project_001/finance-data-project-1/.venv/lib/python3.10/site-packages/airflow/example_dags/example_sla_dag.py took 0.134 seconds
[2025-06-14T23:57:14.526-0400] {processor.py:157} INFO - Started process (PID=48360) to work on /Users/rah/Desktop/creative_projects/rah_coding_repo/projects/fin_data_project_001/finance-data-project-1/.venv/lib/python3.10/site-packages/airflow/example_dags/example_sla_dag.py
[2025-06-14T23:57:14.528-0400] {processor.py:829} INFO - Processing file /Users/rah/Desktop/creative_projects/rah_coding_repo/projects/fin_data_project_001/finance-data-project-1/.venv/lib/python3.10/site-packages/airflow/example_dags/example_sla_dag.py for tasks to queue
[2025-06-14T23:57:14.529-0400] {logging_mixin.py:154} INFO - [2025-06-14T23:57:14.528-0400] {dagbag.py:536} INFO - Filling up the DagBag from /Users/rah/Desktop/creative_projects/rah_coding_repo/projects/fin_data_project_001/finance-data-project-1/.venv/lib/python3.10/site-packages/airflow/example_dags/example_sla_dag.py
[2025-06-14T23:57:14.555-0400] {processor.py:839} INFO - DAG(s) dict_keys(['example_sla_dag']) retrieved from /Users/rah/Desktop/creative_projects/rah_coding_repo/projects/fin_data_project_001/finance-data-project-1/.venv/lib/python3.10/site-packages/airflow/example_dags/example_sla_dag.py
[2025-06-14T23:57:14.665-0400] {logging_mixin.py:154} INFO - [2025-06-14T23:57:14.665-0400] {dag.py:2941} INFO - Sync 1 DAGs
[2025-06-14T23:57:14.676-0400] {logging_mixin.py:154} INFO - [2025-06-14T23:57:14.675-0400] {dag.py:3722} INFO - Setting next_dagrun for example_sla_dag to 2025-06-15T03:54:00+00:00, run_after=2025-06-15T03:56:00+00:00
[2025-06-14T23:57:14.685-0400] {processor.py:179} INFO - Processing /Users/rah/Desktop/creative_projects/rah_coding_repo/projects/fin_data_project_001/finance-data-project-1/.venv/lib/python3.10/site-packages/airflow/example_dags/example_sla_dag.py took 0.160 seconds
[2025-06-14T23:57:42.509-0400] {processor.py:157} INFO - Started process (PID=48784) to work on /Users/rah/Desktop/creative_projects/rah_coding_repo/projects/fin_data_project_001/finance-data-project-1/.venv/lib/python3.10/site-packages/airflow/example_dags/example_sla_dag.py
[2025-06-14T23:57:42.513-0400] {processor.py:829} INFO - Processing file /Users/rah/Desktop/creative_projects/rah_coding_repo/projects/fin_data_project_001/finance-data-project-1/.venv/lib/python3.10/site-packages/airflow/example_dags/example_sla_dag.py for tasks to queue
[2025-06-14T23:57:42.513-0400] {logging_mixin.py:154} INFO - [2025-06-14T23:57:42.513-0400] {dagbag.py:536} INFO - Filling up the DagBag from /Users/rah/Desktop/creative_projects/rah_coding_repo/projects/fin_data_project_001/finance-data-project-1/.venv/lib/python3.10/site-packages/airflow/example_dags/example_sla_dag.py
[2025-06-14T23:57:42.535-0400] {processor.py:839} INFO - DAG(s) dict_keys(['example_sla_dag']) retrieved from /Users/rah/Desktop/creative_projects/rah_coding_repo/projects/fin_data_project_001/finance-data-project-1/.venv/lib/python3.10/site-packages/airflow/example_dags/example_sla_dag.py
[2025-06-14T23:57:42.624-0400] {logging_mixin.py:154} INFO - [2025-06-14T23:57:42.624-0400] {dag.py:2941} INFO - Sync 1 DAGs
[2025-06-14T23:57:42.632-0400] {logging_mixin.py:154} INFO - [2025-06-14T23:57:42.632-0400] {dag.py:3722} INFO - Setting next_dagrun for example_sla_dag to 2025-06-15T03:54:00+00:00, run_after=2025-06-15T03:56:00+00:00
[2025-06-14T23:57:42.640-0400] {processor.py:179} INFO - Processing /Users/rah/Desktop/creative_projects/rah_coding_repo/projects/fin_data_project_001/finance-data-project-1/.venv/lib/python3.10/site-packages/airflow/example_dags/example_sla_dag.py took 0.131 seconds
[2025-06-14T23:58:14.747-0400] {processor.py:157} INFO - Started process (PID=49218) to work on /Users/rah/Desktop/creative_projects/rah_coding_repo/projects/fin_data_project_001/finance-data-project-1/.venv/lib/python3.10/site-packages/airflow/example_dags/example_sla_dag.py
[2025-06-14T23:58:14.750-0400] {processor.py:829} INFO - Processing file /Users/rah/Desktop/creative_projects/rah_coding_repo/projects/fin_data_project_001/finance-data-project-1/.venv/lib/python3.10/site-packages/airflow/example_dags/example_sla_dag.py for tasks to queue
[2025-06-14T23:58:14.751-0400] {logging_mixin.py:154} INFO - [2025-06-14T23:58:14.751-0400] {dagbag.py:536} INFO - Filling up the DagBag from /Users/rah/Desktop/creative_projects/rah_coding_repo/projects/fin_data_project_001/finance-data-project-1/.venv/lib/python3.10/site-packages/airflow/example_dags/example_sla_dag.py
[2025-06-14T23:58:14.774-0400] {processor.py:839} INFO - DAG(s) dict_keys(['example_sla_dag']) retrieved from /Users/rah/Desktop/creative_projects/rah_coding_repo/projects/fin_data_project_001/finance-data-project-1/.venv/lib/python3.10/site-packages/airflow/example_dags/example_sla_dag.py
[2025-06-14T23:58:14.872-0400] {logging_mixin.py:154} INFO - [2025-06-14T23:58:14.872-0400] {dag.py:2941} INFO - Sync 1 DAGs
[2025-06-14T23:58:14.881-0400] {logging_mixin.py:154} INFO - [2025-06-14T23:58:14.881-0400] {dag.py:3722} INFO - Setting next_dagrun for example_sla_dag to 2025-06-15T03:56:00+00:00, run_after=2025-06-15T03:58:00+00:00
[2025-06-14T23:58:14.889-0400] {processor.py:179} INFO - Processing /Users/rah/Desktop/creative_projects/rah_coding_repo/projects/fin_data_project_001/finance-data-project-1/.venv/lib/python3.10/site-packages/airflow/example_dags/example_sla_dag.py took 0.143 seconds
[2025-06-14T23:58:32.381-0400] {processor.py:157} INFO - Started process (PID=49499) to work on /Users/rah/Desktop/creative_projects/rah_coding_repo/projects/fin_data_project_001/finance-data-project-1/.venv/lib/python3.10/site-packages/airflow/example_dags/example_sla_dag.py
[2025-06-14T23:58:32.384-0400] {processor.py:829} INFO - Processing file /Users/rah/Desktop/creative_projects/rah_coding_repo/projects/fin_data_project_001/finance-data-project-1/.venv/lib/python3.10/site-packages/airflow/example_dags/example_sla_dag.py for tasks to queue
[2025-06-14T23:58:32.385-0400] {logging_mixin.py:154} INFO - [2025-06-14T23:58:32.385-0400] {dagbag.py:536} INFO - Filling up the DagBag from /Users/rah/Desktop/creative_projects/rah_coding_repo/projects/fin_data_project_001/finance-data-project-1/.venv/lib/python3.10/site-packages/airflow/example_dags/example_sla_dag.py
[2025-06-14T23:58:32.411-0400] {processor.py:839} INFO - DAG(s) dict_keys(['example_sla_dag']) retrieved from /Users/rah/Desktop/creative_projects/rah_coding_repo/projects/fin_data_project_001/finance-data-project-1/.venv/lib/python3.10/site-packages/airflow/example_dags/example_sla_dag.py
[2025-06-14T23:58:32.509-0400] {logging_mixin.py:154} INFO - [2025-06-14T23:58:32.509-0400] {dag.py:2941} INFO - Sync 1 DAGs
[2025-06-14T23:58:32.518-0400] {logging_mixin.py:154} INFO - [2025-06-14T23:58:32.518-0400] {dag.py:3722} INFO - Setting next_dagrun for example_sla_dag to 2025-06-15T03:56:00+00:00, run_after=2025-06-15T03:58:00+00:00
[2025-06-14T23:58:32.527-0400] {processor.py:179} INFO - Processing /Users/rah/Desktop/creative_projects/rah_coding_repo/projects/fin_data_project_001/finance-data-project-1/.venv/lib/python3.10/site-packages/airflow/example_dags/example_sla_dag.py took 0.146 seconds
[2025-06-14T23:59:17.058-0400] {processor.py:157} INFO - Started process (PID=50541) to work on /Users/rah/Desktop/creative_projects/rah_coding_repo/projects/fin_data_project_001/finance-data-project-1/.venv/lib/python3.10/site-packages/airflow/example_dags/example_sla_dag.py
[2025-06-14T23:59:17.061-0400] {processor.py:829} INFO - Processing file /Users/rah/Desktop/creative_projects/rah_coding_repo/projects/fin_data_project_001/finance-data-project-1/.venv/lib/python3.10/site-packages/airflow/example_dags/example_sla_dag.py for tasks to queue
[2025-06-14T23:59:17.062-0400] {logging_mixin.py:154} INFO - [2025-06-14T23:59:17.062-0400] {dagbag.py:536} INFO - Filling up the DagBag from /Users/rah/Desktop/creative_projects/rah_coding_repo/projects/fin_data_project_001/finance-data-project-1/.venv/lib/python3.10/site-packages/airflow/example_dags/example_sla_dag.py
[2025-06-14T23:59:17.089-0400] {processor.py:839} INFO - DAG(s) dict_keys(['example_sla_dag']) retrieved from /Users/rah/Desktop/creative_projects/rah_coding_repo/projects/fin_data_project_001/finance-data-project-1/.venv/lib/python3.10/site-packages/airflow/example_dags/example_sla_dag.py
[2025-06-14T23:59:17.194-0400] {logging_mixin.py:154} INFO - [2025-06-14T23:59:17.194-0400] {dag.py:2941} INFO - Sync 1 DAGs
[2025-06-14T23:59:17.204-0400] {logging_mixin.py:154} INFO - [2025-06-14T23:59:17.204-0400] {dag.py:3722} INFO - Setting next_dagrun for example_sla_dag to 2025-06-15T03:56:00+00:00, run_after=2025-06-15T03:58:00+00:00
[2025-06-14T23:59:17.212-0400] {processor.py:179} INFO - Processing /Users/rah/Desktop/creative_projects/rah_coding_repo/projects/fin_data_project_001/finance-data-project-1/.venv/lib/python3.10/site-packages/airflow/example_dags/example_sla_dag.py took 0.155 seconds
[2025-06-14T23:59:20.021-0400] {processor.py:157} INFO - Started process (PID=50556) to work on /Users/rah/Desktop/creative_projects/rah_coding_repo/projects/fin_data_project_001/finance-data-project-1/.venv/lib/python3.10/site-packages/airflow/example_dags/example_sla_dag.py
[2025-06-14T23:59:20.024-0400] {processor.py:829} INFO - Processing file /Users/rah/Desktop/creative_projects/rah_coding_repo/projects/fin_data_project_001/finance-data-project-1/.venv/lib/python3.10/site-packages/airflow/example_dags/example_sla_dag.py for tasks to queue
[2025-06-14T23:59:20.024-0400] {logging_mixin.py:154} INFO - [2025-06-14T23:59:20.024-0400] {dagbag.py:536} INFO - Filling up the DagBag from /Users/rah/Desktop/creative_projects/rah_coding_repo/projects/fin_data_project_001/finance-data-project-1/.venv/lib/python3.10/site-packages/airflow/example_dags/example_sla_dag.py
[2025-06-14T23:59:20.050-0400] {processor.py:839} INFO - DAG(s) dict_keys(['example_sla_dag']) retrieved from /Users/rah/Desktop/creative_projects/rah_coding_repo/projects/fin_data_project_001/finance-data-project-1/.venv/lib/python3.10/site-packages/airflow/example_dags/example_sla_dag.py
[2025-06-14T23:59:20.156-0400] {logging_mixin.py:154} INFO - [2025-06-14T23:59:20.156-0400] {dag.py:2941} INFO - Sync 1 DAGs
[2025-06-14T23:59:20.165-0400] {logging_mixin.py:154} INFO - [2025-06-14T23:59:20.165-0400] {dag.py:3722} INFO - Setting next_dagrun for example_sla_dag to 2025-06-15T03:56:00+00:00, run_after=2025-06-15T03:58:00+00:00
[2025-06-14T23:59:20.173-0400] {processor.py:179} INFO - Processing /Users/rah/Desktop/creative_projects/rah_coding_repo/projects/fin_data_project_001/finance-data-project-1/.venv/lib/python3.10/site-packages/airflow/example_dags/example_sla_dag.py took 0.152 seconds
[2025-06-14T23:59:58.068-0400] {processor.py:157} INFO - Started process (PID=51179) to work on /Users/rah/Desktop/creative_projects/rah_coding_repo/projects/fin_data_project_001/finance-data-project-1/.venv/lib/python3.10/site-packages/airflow/example_dags/example_sla_dag.py
[2025-06-14T23:59:58.070-0400] {processor.py:829} INFO - Processing file /Users/rah/Desktop/creative_projects/rah_coding_repo/projects/fin_data_project_001/finance-data-project-1/.venv/lib/python3.10/site-packages/airflow/example_dags/example_sla_dag.py for tasks to queue
[2025-06-14T23:59:58.070-0400] {logging_mixin.py:154} INFO - [2025-06-14T23:59:58.070-0400] {dagbag.py:536} INFO - Filling up the DagBag from /Users/rah/Desktop/creative_projects/rah_coding_repo/projects/fin_data_project_001/finance-data-project-1/.venv/lib/python3.10/site-packages/airflow/example_dags/example_sla_dag.py
[2025-06-14T23:59:58.094-0400] {processor.py:839} INFO - DAG(s) dict_keys(['example_sla_dag']) retrieved from /Users/rah/Desktop/creative_projects/rah_coding_repo/projects/fin_data_project_001/finance-data-project-1/.venv/lib/python3.10/site-packages/airflow/example_dags/example_sla_dag.py
[2025-06-14T23:59:58.190-0400] {logging_mixin.py:154} INFO - [2025-06-14T23:59:58.190-0400] {dag.py:2941} INFO - Sync 1 DAGs
[2025-06-14T23:59:58.200-0400] {logging_mixin.py:154} INFO - [2025-06-14T23:59:58.200-0400] {dag.py:3722} INFO - Setting next_dagrun for example_sla_dag to 2025-06-15T03:56:00+00:00, run_after=2025-06-15T03:58:00+00:00
[2025-06-14T23:59:58.208-0400] {processor.py:179} INFO - Processing /Users/rah/Desktop/creative_projects/rah_coding_repo/projects/fin_data_project_001/finance-data-project-1/.venv/lib/python3.10/site-packages/airflow/example_dags/example_sla_dag.py took 0.141 seconds
[2025-06-15T00:00:12.918-0400] {processor.py:157} INFO - Started process (PID=51380) to work on /Users/rah/Desktop/creative_projects/rah_coding_repo/projects/fin_data_project_001/finance-data-project-1/.venv/lib/python3.10/site-packages/airflow/example_dags/example_sla_dag.py
[2025-06-15T00:00:12.920-0400] {processor.py:829} INFO - Processing file /Users/rah/Desktop/creative_projects/rah_coding_repo/projects/fin_data_project_001/finance-data-project-1/.venv/lib/python3.10/site-packages/airflow/example_dags/example_sla_dag.py for tasks to queue
[2025-06-15T00:00:12.920-0400] {logging_mixin.py:154} INFO - [2025-06-15T00:00:12.920-0400] {dagbag.py:536} INFO - Filling up the DagBag from /Users/rah/Desktop/creative_projects/rah_coding_repo/projects/fin_data_project_001/finance-data-project-1/.venv/lib/python3.10/site-packages/airflow/example_dags/example_sla_dag.py
[2025-06-15T00:00:12.943-0400] {processor.py:839} INFO - DAG(s) dict_keys(['example_sla_dag']) retrieved from /Users/rah/Desktop/creative_projects/rah_coding_repo/projects/fin_data_project_001/finance-data-project-1/.venv/lib/python3.10/site-packages/airflow/example_dags/example_sla_dag.py
[2025-06-15T00:00:13.035-0400] {logging_mixin.py:154} INFO - [2025-06-15T00:00:13.035-0400] {dag.py:2941} INFO - Sync 1 DAGs
[2025-06-15T00:00:13.045-0400] {logging_mixin.py:154} INFO - [2025-06-15T00:00:13.044-0400] {dag.py:3722} INFO - Setting next_dagrun for example_sla_dag to 2025-06-15T03:58:00+00:00, run_after=2025-06-15T04:00:00+00:00
[2025-06-15T00:00:13.052-0400] {processor.py:179} INFO - Processing /Users/rah/Desktop/creative_projects/rah_coding_repo/projects/fin_data_project_001/finance-data-project-1/.venv/lib/python3.10/site-packages/airflow/example_dags/example_sla_dag.py took 0.136 seconds
[2025-06-15T00:00:43.812-0400] {processor.py:157} INFO - Started process (PID=51844) to work on /Users/rah/Desktop/creative_projects/rah_coding_repo/projects/fin_data_project_001/finance-data-project-1/.venv/lib/python3.10/site-packages/airflow/example_dags/example_sla_dag.py
[2025-06-15T00:00:43.815-0400] {processor.py:829} INFO - Processing file /Users/rah/Desktop/creative_projects/rah_coding_repo/projects/fin_data_project_001/finance-data-project-1/.venv/lib/python3.10/site-packages/airflow/example_dags/example_sla_dag.py for tasks to queue
[2025-06-15T00:00:43.815-0400] {logging_mixin.py:154} INFO - [2025-06-15T00:00:43.815-0400] {dagbag.py:536} INFO - Filling up the DagBag from /Users/rah/Desktop/creative_projects/rah_coding_repo/projects/fin_data_project_001/finance-data-project-1/.venv/lib/python3.10/site-packages/airflow/example_dags/example_sla_dag.py
[2025-06-15T00:00:43.838-0400] {processor.py:839} INFO - DAG(s) dict_keys(['example_sla_dag']) retrieved from /Users/rah/Desktop/creative_projects/rah_coding_repo/projects/fin_data_project_001/finance-data-project-1/.venv/lib/python3.10/site-packages/airflow/example_dags/example_sla_dag.py
[2025-06-15T00:00:43.931-0400] {logging_mixin.py:154} INFO - [2025-06-15T00:00:43.931-0400] {dag.py:2941} INFO - Sync 1 DAGs
[2025-06-15T00:00:43.940-0400] {logging_mixin.py:154} INFO - [2025-06-15T00:00:43.940-0400] {dag.py:3722} INFO - Setting next_dagrun for example_sla_dag to 2025-06-15T03:58:00+00:00, run_after=2025-06-15T04:00:00+00:00
[2025-06-15T00:00:43.948-0400] {processor.py:179} INFO - Processing /Users/rah/Desktop/creative_projects/rah_coding_repo/projects/fin_data_project_001/finance-data-project-1/.venv/lib/python3.10/site-packages/airflow/example_dags/example_sla_dag.py took 0.137 seconds
[2025-06-15T00:00:46.902-0400] {processor.py:157} INFO - Started process (PID=51860) to work on /Users/rah/Desktop/creative_projects/rah_coding_repo/projects/fin_data_project_001/finance-data-project-1/.venv/lib/python3.10/site-packages/airflow/example_dags/example_sla_dag.py
[2025-06-15T00:00:46.904-0400] {processor.py:829} INFO - Processing file /Users/rah/Desktop/creative_projects/rah_coding_repo/projects/fin_data_project_001/finance-data-project-1/.venv/lib/python3.10/site-packages/airflow/example_dags/example_sla_dag.py for tasks to queue
[2025-06-15T00:00:46.905-0400] {logging_mixin.py:154} INFO - [2025-06-15T00:00:46.905-0400] {dagbag.py:536} INFO - Filling up the DagBag from /Users/rah/Desktop/creative_projects/rah_coding_repo/projects/fin_data_project_001/finance-data-project-1/.venv/lib/python3.10/site-packages/airflow/example_dags/example_sla_dag.py
[2025-06-15T00:00:46.929-0400] {processor.py:839} INFO - DAG(s) dict_keys(['example_sla_dag']) retrieved from /Users/rah/Desktop/creative_projects/rah_coding_repo/projects/fin_data_project_001/finance-data-project-1/.venv/lib/python3.10/site-packages/airflow/example_dags/example_sla_dag.py
[2025-06-15T00:00:47.024-0400] {logging_mixin.py:154} INFO - [2025-06-15T00:00:47.024-0400] {dag.py:2941} INFO - Sync 1 DAGs
[2025-06-15T00:00:47.032-0400] {logging_mixin.py:154} INFO - [2025-06-15T00:00:47.032-0400] {dag.py:3722} INFO - Setting next_dagrun for example_sla_dag to 2025-06-15T03:58:00+00:00, run_after=2025-06-15T04:00:00+00:00
[2025-06-15T00:00:47.042-0400] {processor.py:179} INFO - Processing /Users/rah/Desktop/creative_projects/rah_coding_repo/projects/fin_data_project_001/finance-data-project-1/.venv/lib/python3.10/site-packages/airflow/example_dags/example_sla_dag.py took 0.140 seconds
[2025-06-15T00:01:34.633-0400] {processor.py:157} INFO - Started process (PID=52658) to work on /Users/rah/Desktop/creative_projects/rah_coding_repo/projects/fin_data_project_001/finance-data-project-1/.venv/lib/python3.10/site-packages/airflow/example_dags/example_sla_dag.py
[2025-06-15T00:01:34.636-0400] {processor.py:829} INFO - Processing file /Users/rah/Desktop/creative_projects/rah_coding_repo/projects/fin_data_project_001/finance-data-project-1/.venv/lib/python3.10/site-packages/airflow/example_dags/example_sla_dag.py for tasks to queue
[2025-06-15T00:01:34.636-0400] {logging_mixin.py:154} INFO - [2025-06-15T00:01:34.636-0400] {dagbag.py:536} INFO - Filling up the DagBag from /Users/rah/Desktop/creative_projects/rah_coding_repo/projects/fin_data_project_001/finance-data-project-1/.venv/lib/python3.10/site-packages/airflow/example_dags/example_sla_dag.py
[2025-06-15T00:01:34.661-0400] {processor.py:839} INFO - DAG(s) dict_keys(['example_sla_dag']) retrieved from /Users/rah/Desktop/creative_projects/rah_coding_repo/projects/fin_data_project_001/finance-data-project-1/.venv/lib/python3.10/site-packages/airflow/example_dags/example_sla_dag.py
[2025-06-15T00:01:34.756-0400] {logging_mixin.py:154} INFO - [2025-06-15T00:01:34.756-0400] {dag.py:2941} INFO - Sync 1 DAGs
[2025-06-15T00:01:34.765-0400] {logging_mixin.py:154} INFO - [2025-06-15T00:01:34.765-0400] {dag.py:3722} INFO - Setting next_dagrun for example_sla_dag to 2025-06-15T03:58:00+00:00, run_after=2025-06-15T04:00:00+00:00
[2025-06-15T00:01:34.773-0400] {processor.py:179} INFO - Processing /Users/rah/Desktop/creative_projects/rah_coding_repo/projects/fin_data_project_001/finance-data-project-1/.venv/lib/python3.10/site-packages/airflow/example_dags/example_sla_dag.py took 0.141 seconds
[2025-06-15T00:01:47.314-0400] {processor.py:157} INFO - Started process (PID=52830) to work on /Users/rah/Desktop/creative_projects/rah_coding_repo/projects/fin_data_project_001/finance-data-project-1/.venv/lib/python3.10/site-packages/airflow/example_dags/example_sla_dag.py
[2025-06-15T00:01:47.317-0400] {processor.py:829} INFO - Processing file /Users/rah/Desktop/creative_projects/rah_coding_repo/projects/fin_data_project_001/finance-data-project-1/.venv/lib/python3.10/site-packages/airflow/example_dags/example_sla_dag.py for tasks to queue
[2025-06-15T00:01:47.317-0400] {logging_mixin.py:154} INFO - [2025-06-15T00:01:47.317-0400] {dagbag.py:536} INFO - Filling up the DagBag from /Users/rah/Desktop/creative_projects/rah_coding_repo/projects/fin_data_project_001/finance-data-project-1/.venv/lib/python3.10/site-packages/airflow/example_dags/example_sla_dag.py
[2025-06-15T00:01:47.345-0400] {processor.py:839} INFO - DAG(s) dict_keys(['example_sla_dag']) retrieved from /Users/rah/Desktop/creative_projects/rah_coding_repo/projects/fin_data_project_001/finance-data-project-1/.venv/lib/python3.10/site-packages/airflow/example_dags/example_sla_dag.py
[2025-06-15T00:01:47.448-0400] {logging_mixin.py:154} INFO - [2025-06-15T00:01:47.448-0400] {dag.py:2941} INFO - Sync 1 DAGs
[2025-06-15T00:01:47.457-0400] {logging_mixin.py:154} INFO - [2025-06-15T00:01:47.457-0400] {dag.py:3722} INFO - Setting next_dagrun for example_sla_dag to 2025-06-15T03:58:00+00:00, run_after=2025-06-15T04:00:00+00:00
[2025-06-15T00:01:47.465-0400] {processor.py:179} INFO - Processing /Users/rah/Desktop/creative_projects/rah_coding_repo/projects/fin_data_project_001/finance-data-project-1/.venv/lib/python3.10/site-packages/airflow/example_dags/example_sla_dag.py took 0.152 seconds
[2025-06-15T00:02:16.221-0400] {processor.py:157} INFO - Started process (PID=53310) to work on /Users/rah/Desktop/creative_projects/rah_coding_repo/projects/fin_data_project_001/finance-data-project-1/.venv/lib/python3.10/site-packages/airflow/example_dags/example_sla_dag.py
[2025-06-15T00:02:16.223-0400] {processor.py:829} INFO - Processing file /Users/rah/Desktop/creative_projects/rah_coding_repo/projects/fin_data_project_001/finance-data-project-1/.venv/lib/python3.10/site-packages/airflow/example_dags/example_sla_dag.py for tasks to queue
[2025-06-15T00:02:16.224-0400] {logging_mixin.py:154} INFO - [2025-06-15T00:02:16.224-0400] {dagbag.py:536} INFO - Filling up the DagBag from /Users/rah/Desktop/creative_projects/rah_coding_repo/projects/fin_data_project_001/finance-data-project-1/.venv/lib/python3.10/site-packages/airflow/example_dags/example_sla_dag.py
[2025-06-15T00:02:16.248-0400] {processor.py:839} INFO - DAG(s) dict_keys(['example_sla_dag']) retrieved from /Users/rah/Desktop/creative_projects/rah_coding_repo/projects/fin_data_project_001/finance-data-project-1/.venv/lib/python3.10/site-packages/airflow/example_dags/example_sla_dag.py
[2025-06-15T00:02:16.347-0400] {logging_mixin.py:154} INFO - [2025-06-15T00:02:16.347-0400] {dag.py:2941} INFO - Sync 1 DAGs
[2025-06-15T00:02:16.356-0400] {logging_mixin.py:154} INFO - [2025-06-15T00:02:16.356-0400] {dag.py:3722} INFO - Setting next_dagrun for example_sla_dag to 2025-06-15T04:00:00+00:00, run_after=2025-06-15T04:02:00+00:00
[2025-06-15T00:02:16.364-0400] {processor.py:179} INFO - Processing /Users/rah/Desktop/creative_projects/rah_coding_repo/projects/fin_data_project_001/finance-data-project-1/.venv/lib/python3.10/site-packages/airflow/example_dags/example_sla_dag.py took 0.144 seconds
[2025-06-15T00:02:22.274-0400] {processor.py:157} INFO - Started process (PID=53342) to work on /Users/rah/Desktop/creative_projects/rah_coding_repo/projects/fin_data_project_001/finance-data-project-1/.venv/lib/python3.10/site-packages/airflow/example_dags/example_sla_dag.py
[2025-06-15T00:02:22.277-0400] {processor.py:829} INFO - Processing file /Users/rah/Desktop/creative_projects/rah_coding_repo/projects/fin_data_project_001/finance-data-project-1/.venv/lib/python3.10/site-packages/airflow/example_dags/example_sla_dag.py for tasks to queue
[2025-06-15T00:02:22.277-0400] {logging_mixin.py:154} INFO - [2025-06-15T00:02:22.277-0400] {dagbag.py:536} INFO - Filling up the DagBag from /Users/rah/Desktop/creative_projects/rah_coding_repo/projects/fin_data_project_001/finance-data-project-1/.venv/lib/python3.10/site-packages/airflow/example_dags/example_sla_dag.py
[2025-06-15T00:02:22.302-0400] {processor.py:839} INFO - DAG(s) dict_keys(['example_sla_dag']) retrieved from /Users/rah/Desktop/creative_projects/rah_coding_repo/projects/fin_data_project_001/finance-data-project-1/.venv/lib/python3.10/site-packages/airflow/example_dags/example_sla_dag.py
[2025-06-15T00:02:22.399-0400] {logging_mixin.py:154} INFO - [2025-06-15T00:02:22.398-0400] {dag.py:2941} INFO - Sync 1 DAGs
[2025-06-15T00:02:22.407-0400] {logging_mixin.py:154} INFO - [2025-06-15T00:02:22.407-0400] {dag.py:3722} INFO - Setting next_dagrun for example_sla_dag to 2025-06-15T04:00:00+00:00, run_after=2025-06-15T04:02:00+00:00
[2025-06-15T00:02:22.415-0400] {processor.py:179} INFO - Processing /Users/rah/Desktop/creative_projects/rah_coding_repo/projects/fin_data_project_001/finance-data-project-1/.venv/lib/python3.10/site-packages/airflow/example_dags/example_sla_dag.py took 0.141 seconds
[2025-06-15T00:03:21.306-0400] {processor.py:157} INFO - Started process (PID=54310) to work on /Users/rah/.pyenv/versions/3.10.11/lib/python3.10/site-packages/airflow/example_dags/example_sla_dag.py
[2025-06-15T00:03:21.308-0400] {processor.py:829} INFO - Processing file /Users/rah/.pyenv/versions/3.10.11/lib/python3.10/site-packages/airflow/example_dags/example_sla_dag.py for tasks to queue
[2025-06-15T00:03:21.309-0400] {logging_mixin.py:154} INFO - [2025-06-15T00:03:21.309-0400] {dagbag.py:536} INFO - Filling up the DagBag from /Users/rah/.pyenv/versions/3.10.11/lib/python3.10/site-packages/airflow/example_dags/example_sla_dag.py
[2025-06-15T00:03:21.351-0400] {processor.py:839} INFO - DAG(s) dict_keys(['example_sla_dag']) retrieved from /Users/rah/.pyenv/versions/3.10.11/lib/python3.10/site-packages/airflow/example_dags/example_sla_dag.py
[2025-06-15T00:03:21.664-0400] {logging_mixin.py:154} INFO - [2025-06-15T00:03:21.663-0400] {dag.py:2941} INFO - Sync 1 DAGs
[2025-06-15T00:03:21.672-0400] {logging_mixin.py:154} INFO - [2025-06-15T00:03:21.672-0400] {dag.py:3722} INFO - Setting next_dagrun for example_sla_dag to 2025-06-15T04:00:00+00:00, run_after=2025-06-15T04:02:00+00:00
[2025-06-15T00:03:21.680-0400] {processor.py:179} INFO - Processing /Users/rah/.pyenv/versions/3.10.11/lib/python3.10/site-packages/airflow/example_dags/example_sla_dag.py took 0.375 seconds
[2025-06-15T00:06:43.578-0400] {processor.py:157} INFO - Started process (PID=57016) to work on /Users/rah/.pyenv/versions/3.10.11/lib/python3.10/site-packages/airflow/example_dags/example_sla_dag.py
[2025-06-15T00:06:43.582-0400] {processor.py:829} INFO - Processing file /Users/rah/.pyenv/versions/3.10.11/lib/python3.10/site-packages/airflow/example_dags/example_sla_dag.py for tasks to queue
[2025-06-15T00:06:43.582-0400] {logging_mixin.py:154} INFO - [2025-06-15T00:06:43.582-0400] {dagbag.py:536} INFO - Filling up the DagBag from /Users/rah/.pyenv/versions/3.10.11/lib/python3.10/site-packages/airflow/example_dags/example_sla_dag.py
[2025-06-15T00:06:43.624-0400] {processor.py:839} INFO - DAG(s) dict_keys(['example_sla_dag']) retrieved from /Users/rah/.pyenv/versions/3.10.11/lib/python3.10/site-packages/airflow/example_dags/example_sla_dag.py
[2025-06-15T00:06:43.712-0400] {logging_mixin.py:154} INFO - [2025-06-15T00:06:43.712-0400] {dag.py:2941} INFO - Sync 1 DAGs
[2025-06-15T00:06:43.720-0400] {logging_mixin.py:154} INFO - [2025-06-15T00:06:43.720-0400] {dag.py:3722} INFO - Setting next_dagrun for example_sla_dag to 2025-06-15T04:04:00+00:00, run_after=2025-06-15T04:06:00+00:00
[2025-06-15T00:06:43.728-0400] {processor.py:179} INFO - Processing /Users/rah/.pyenv/versions/3.10.11/lib/python3.10/site-packages/airflow/example_dags/example_sla_dag.py took 0.150 seconds
[2025-06-15T00:08:12.377-0400] {processor.py:157} INFO - Started process (PID=58074) to work on /Users/rah/.pyenv/versions/3.10.11/lib/python3.10/site-packages/airflow/example_dags/example_sla_dag.py
[2025-06-15T00:08:12.379-0400] {processor.py:829} INFO - Processing file /Users/rah/.pyenv/versions/3.10.11/lib/python3.10/site-packages/airflow/example_dags/example_sla_dag.py for tasks to queue
[2025-06-15T00:08:12.380-0400] {logging_mixin.py:154} INFO - [2025-06-15T00:08:12.380-0400] {dagbag.py:536} INFO - Filling up the DagBag from /Users/rah/.pyenv/versions/3.10.11/lib/python3.10/site-packages/airflow/example_dags/example_sla_dag.py
[2025-06-15T00:08:12.423-0400] {processor.py:839} INFO - DAG(s) dict_keys(['example_sla_dag']) retrieved from /Users/rah/.pyenv/versions/3.10.11/lib/python3.10/site-packages/airflow/example_dags/example_sla_dag.py
[2025-06-15T00:08:12.514-0400] {logging_mixin.py:154} INFO - [2025-06-15T00:08:12.513-0400] {dag.py:2941} INFO - Sync 1 DAGs
[2025-06-15T00:08:12.523-0400] {logging_mixin.py:154} INFO - [2025-06-15T00:08:12.523-0400] {dag.py:3722} INFO - Setting next_dagrun for example_sla_dag to 2025-06-15T04:06:00+00:00, run_after=2025-06-15T04:08:00+00:00
[2025-06-15T00:08:12.533-0400] {processor.py:179} INFO - Processing /Users/rah/.pyenv/versions/3.10.11/lib/python3.10/site-packages/airflow/example_dags/example_sla_dag.py took 0.157 seconds
[2025-06-15T00:09:55.840-0400] {processor.py:157} INFO - Started process (PID=60278) to work on /Users/rah/.pyenv/versions/3.10.11/lib/python3.10/site-packages/airflow/example_dags/example_sla_dag.py
[2025-06-15T00:09:55.842-0400] {processor.py:829} INFO - Processing file /Users/rah/.pyenv/versions/3.10.11/lib/python3.10/site-packages/airflow/example_dags/example_sla_dag.py for tasks to queue
[2025-06-15T00:09:55.843-0400] {logging_mixin.py:154} INFO - [2025-06-15T00:09:55.843-0400] {dagbag.py:536} INFO - Filling up the DagBag from /Users/rah/.pyenv/versions/3.10.11/lib/python3.10/site-packages/airflow/example_dags/example_sla_dag.py
[2025-06-15T00:09:55.884-0400] {processor.py:839} INFO - DAG(s) dict_keys(['example_sla_dag']) retrieved from /Users/rah/.pyenv/versions/3.10.11/lib/python3.10/site-packages/airflow/example_dags/example_sla_dag.py
[2025-06-15T00:09:55.970-0400] {logging_mixin.py:154} INFO - [2025-06-15T00:09:55.969-0400] {dag.py:2941} INFO - Sync 1 DAGs
[2025-06-15T00:09:55.977-0400] {logging_mixin.py:154} INFO - [2025-06-15T00:09:55.977-0400] {dag.py:3722} INFO - Setting next_dagrun for example_sla_dag to 2025-06-15T04:06:00+00:00, run_after=2025-06-15T04:08:00+00:00
[2025-06-15T00:09:55.985-0400] {processor.py:179} INFO - Processing /Users/rah/.pyenv/versions/3.10.11/lib/python3.10/site-packages/airflow/example_dags/example_sla_dag.py took 0.146 seconds
[2025-06-15T00:11:35.006-0400] {processor.py:157} INFO - Started process (PID=61463) to work on /Users/rah/.pyenv/versions/3.10.11/lib/python3.10/site-packages/airflow/example_dags/example_sla_dag.py
[2025-06-15T00:11:35.009-0400] {processor.py:829} INFO - Processing file /Users/rah/.pyenv/versions/3.10.11/lib/python3.10/site-packages/airflow/example_dags/example_sla_dag.py for tasks to queue
[2025-06-15T00:11:35.009-0400] {logging_mixin.py:154} INFO - [2025-06-15T00:11:35.009-0400] {dagbag.py:536} INFO - Filling up the DagBag from /Users/rah/.pyenv/versions/3.10.11/lib/python3.10/site-packages/airflow/example_dags/example_sla_dag.py
[2025-06-15T00:11:35.054-0400] {processor.py:839} INFO - DAG(s) dict_keys(['example_sla_dag']) retrieved from /Users/rah/.pyenv/versions/3.10.11/lib/python3.10/site-packages/airflow/example_dags/example_sla_dag.py
[2025-06-15T00:11:35.142-0400] {logging_mixin.py:154} INFO - [2025-06-15T00:11:35.142-0400] {dag.py:2941} INFO - Sync 1 DAGs
[2025-06-15T00:11:35.151-0400] {logging_mixin.py:154} INFO - [2025-06-15T00:11:35.151-0400] {dag.py:3722} INFO - Setting next_dagrun for example_sla_dag to 2025-06-15T04:08:00+00:00, run_after=2025-06-15T04:10:00+00:00
[2025-06-15T00:11:35.160-0400] {processor.py:179} INFO - Processing /Users/rah/.pyenv/versions/3.10.11/lib/python3.10/site-packages/airflow/example_dags/example_sla_dag.py took 0.154 seconds
[2025-06-15T00:13:19.143-0400] {processor.py:157} INFO - Started process (PID=63304) to work on /Users/rah/.pyenv/versions/3.10.11/lib/python3.10/site-packages/airflow/example_dags/example_sla_dag.py
[2025-06-15T00:13:19.146-0400] {processor.py:829} INFO - Processing file /Users/rah/.pyenv/versions/3.10.11/lib/python3.10/site-packages/airflow/example_dags/example_sla_dag.py for tasks to queue
[2025-06-15T00:13:19.146-0400] {logging_mixin.py:154} INFO - [2025-06-15T00:13:19.146-0400] {dagbag.py:536} INFO - Filling up the DagBag from /Users/rah/.pyenv/versions/3.10.11/lib/python3.10/site-packages/airflow/example_dags/example_sla_dag.py
[2025-06-15T00:13:19.188-0400] {processor.py:839} INFO - DAG(s) dict_keys(['example_sla_dag']) retrieved from /Users/rah/.pyenv/versions/3.10.11/lib/python3.10/site-packages/airflow/example_dags/example_sla_dag.py
[2025-06-15T00:13:19.275-0400] {logging_mixin.py:154} INFO - [2025-06-15T00:13:19.274-0400] {dag.py:2941} INFO - Sync 1 DAGs
[2025-06-15T00:13:19.282-0400] {logging_mixin.py:154} INFO - [2025-06-15T00:13:19.282-0400] {dag.py:3722} INFO - Setting next_dagrun for example_sla_dag to 2025-06-15T04:10:00+00:00, run_after=2025-06-15T04:12:00+00:00
[2025-06-15T00:13:19.290-0400] {processor.py:179} INFO - Processing /Users/rah/.pyenv/versions/3.10.11/lib/python3.10/site-packages/airflow/example_dags/example_sla_dag.py took 0.148 seconds
[2025-06-15T00:14:59.803-0400] {processor.py:157} INFO - Started process (PID=64868) to work on /Users/rah/.pyenv/versions/3.10.11/lib/python3.10/site-packages/airflow/example_dags/example_sla_dag.py
[2025-06-15T00:14:59.806-0400] {processor.py:829} INFO - Processing file /Users/rah/.pyenv/versions/3.10.11/lib/python3.10/site-packages/airflow/example_dags/example_sla_dag.py for tasks to queue
[2025-06-15T00:14:59.806-0400] {logging_mixin.py:154} INFO - [2025-06-15T00:14:59.806-0400] {dagbag.py:536} INFO - Filling up the DagBag from /Users/rah/.pyenv/versions/3.10.11/lib/python3.10/site-packages/airflow/example_dags/example_sla_dag.py
[2025-06-15T00:14:59.856-0400] {processor.py:839} INFO - DAG(s) dict_keys(['example_sla_dag']) retrieved from /Users/rah/.pyenv/versions/3.10.11/lib/python3.10/site-packages/airflow/example_dags/example_sla_dag.py
[2025-06-15T00:14:59.949-0400] {logging_mixin.py:154} INFO - [2025-06-15T00:14:59.949-0400] {dag.py:2941} INFO - Sync 1 DAGs
[2025-06-15T00:14:59.958-0400] {logging_mixin.py:154} INFO - [2025-06-15T00:14:59.958-0400] {dag.py:3722} INFO - Setting next_dagrun for example_sla_dag to 2025-06-15T04:12:00+00:00, run_after=2025-06-15T04:14:00+00:00
[2025-06-15T00:14:59.968-0400] {processor.py:179} INFO - Processing /Users/rah/.pyenv/versions/3.10.11/lib/python3.10/site-packages/airflow/example_dags/example_sla_dag.py took 0.165 seconds
[2025-06-15T00:16:46.337-0400] {processor.py:157} INFO - Started process (PID=67630) to work on /Users/rah/.pyenv/versions/3.10.11/lib/python3.10/site-packages/airflow/example_dags/example_sla_dag.py
[2025-06-15T00:16:46.339-0400] {processor.py:829} INFO - Processing file /Users/rah/.pyenv/versions/3.10.11/lib/python3.10/site-packages/airflow/example_dags/example_sla_dag.py for tasks to queue
[2025-06-15T00:16:46.340-0400] {logging_mixin.py:154} INFO - [2025-06-15T00:16:46.340-0400] {dagbag.py:536} INFO - Filling up the DagBag from /Users/rah/.pyenv/versions/3.10.11/lib/python3.10/site-packages/airflow/example_dags/example_sla_dag.py
[2025-06-15T00:16:46.383-0400] {processor.py:839} INFO - DAG(s) dict_keys(['example_sla_dag']) retrieved from /Users/rah/.pyenv/versions/3.10.11/lib/python3.10/site-packages/airflow/example_dags/example_sla_dag.py
[2025-06-15T00:16:46.472-0400] {logging_mixin.py:154} INFO - [2025-06-15T00:16:46.471-0400] {dag.py:2941} INFO - Sync 1 DAGs
[2025-06-15T00:16:46.480-0400] {logging_mixin.py:154} INFO - [2025-06-15T00:16:46.480-0400] {dag.py:3722} INFO - Setting next_dagrun for example_sla_dag to 2025-06-15T04:14:00+00:00, run_after=2025-06-15T04:16:00+00:00
[2025-06-15T00:16:46.488-0400] {processor.py:179} INFO - Processing /Users/rah/.pyenv/versions/3.10.11/lib/python3.10/site-packages/airflow/example_dags/example_sla_dag.py took 0.152 seconds
