[2025-06-14T23:48:40.643-0400] {processor.py:157} INFO - Started process (PID=39793) to work on /Users/rah/.pyenv/versions/3.10.11/lib/python3.10/site-packages/airflow/example_dags/tutorial_dag.py
[2025-06-14T23:48:40.646-0400] {processor.py:829} INFO - Processing file /Users/rah/.pyenv/versions/3.10.11/lib/python3.10/site-packages/airflow/example_dags/tutorial_dag.py for tasks to queue
[2025-06-14T23:48:40.646-0400] {logging_mixin.py:154} INFO - [2025-06-14T23:48:40.646-0400] {dagbag.py:536} INFO - Filling up the DagBag from /Users/rah/.pyenv/versions/3.10.11/lib/python3.10/site-packages/airflow/example_dags/tutorial_dag.py
[2025-06-14T23:48:40.662-0400] {processor.py:839} INFO - DAG(s) dict_keys(['tutorial_dag']) retrieved from /Users/rah/.pyenv/versions/3.10.11/lib/python3.10/site-packages/airflow/example_dags/tutorial_dag.py
[2025-06-14T23:48:41.010-0400] {logging_mixin.py:154} INFO - [2025-06-14T23:48:41.010-0400] {manager.py:499} INFO - Created Permission View: %s
[2025-06-14T23:48:41.014-0400] {logging_mixin.py:154} INFO - [2025-06-14T23:48:41.014-0400] {manager.py:499} INFO - Created Permission View: %s
[2025-06-14T23:48:41.016-0400] {logging_mixin.py:154} INFO - [2025-06-14T23:48:41.016-0400] {manager.py:499} INFO - Created Permission View: %s
[2025-06-14T23:48:41.016-0400] {logging_mixin.py:154} INFO - [2025-06-14T23:48:41.016-0400] {dag.py:2941} INFO - Sync 1 DAGs
[2025-06-14T23:48:41.020-0400] {logging_mixin.py:154} INFO - [2025-06-14T23:48:41.020-0400] {dag.py:2963} INFO - Creating ORM DAG for tutorial_dag
[2025-06-14T23:48:41.020-0400] {logging_mixin.py:154} INFO - [2025-06-14T23:48:41.020-0400] {dag.py:3722} INFO - Setting next_dagrun for tutorial_dag to None, run_after=None
[2025-06-14T23:48:41.027-0400] {processor.py:179} INFO - Processing /Users/rah/.pyenv/versions/3.10.11/lib/python3.10/site-packages/airflow/example_dags/tutorial_dag.py took 0.385 seconds
[2025-06-14T23:50:14.638-0400] {processor.py:157} INFO - Started process (PID=40885) to work on /Users/rah/.pyenv/versions/3.10.11/lib/python3.10/site-packages/airflow/example_dags/tutorial_dag.py
[2025-06-14T23:50:14.643-0400] {processor.py:829} INFO - Processing file /Users/rah/.pyenv/versions/3.10.11/lib/python3.10/site-packages/airflow/example_dags/tutorial_dag.py for tasks to queue
[2025-06-14T23:50:14.643-0400] {logging_mixin.py:154} INFO - [2025-06-14T23:50:14.643-0400] {dagbag.py:536} INFO - Filling up the DagBag from /Users/rah/.pyenv/versions/3.10.11/lib/python3.10/site-packages/airflow/example_dags/tutorial_dag.py
[2025-06-14T23:50:14.659-0400] {processor.py:839} INFO - DAG(s) dict_keys(['tutorial_dag']) retrieved from /Users/rah/.pyenv/versions/3.10.11/lib/python3.10/site-packages/airflow/example_dags/tutorial_dag.py
[2025-06-14T23:50:14.777-0400] {logging_mixin.py:154} INFO - [2025-06-14T23:50:14.776-0400] {dag.py:2941} INFO - Sync 1 DAGs
[2025-06-14T23:50:14.780-0400] {logging_mixin.py:154} INFO - [2025-06-14T23:50:14.780-0400] {dag.py:3722} INFO - Setting next_dagrun for tutorial_dag to None, run_after=None
[2025-06-14T23:50:14.788-0400] {processor.py:179} INFO - Processing /Users/rah/.pyenv/versions/3.10.11/lib/python3.10/site-packages/airflow/example_dags/tutorial_dag.py took 0.150 seconds
[2025-06-14T23:55:01.241-0400] {processor.py:157} INFO - Started process (PID=45622) to work on /Users/rah/Desktop/creative_projects/rah_coding_repo/projects/fin_data_project_001/finance-data-project-1/.venv/lib/python3.10/site-packages/airflow/example_dags/tutorial_dag.py
[2025-06-14T23:55:01.243-0400] {processor.py:829} INFO - Processing file /Users/rah/Desktop/creative_projects/rah_coding_repo/projects/fin_data_project_001/finance-data-project-1/.venv/lib/python3.10/site-packages/airflow/example_dags/tutorial_dag.py for tasks to queue
[2025-06-14T23:55:01.244-0400] {logging_mixin.py:154} INFO - [2025-06-14T23:55:01.243-0400] {dagbag.py:536} INFO - Filling up the DagBag from /Users/rah/Desktop/creative_projects/rah_coding_repo/projects/fin_data_project_001/finance-data-project-1/.venv/lib/python3.10/site-packages/airflow/example_dags/tutorial_dag.py
[2025-06-14T23:55:01.259-0400] {processor.py:839} INFO - DAG(s) dict_keys(['tutorial_dag']) retrieved from /Users/rah/Desktop/creative_projects/rah_coding_repo/projects/fin_data_project_001/finance-data-project-1/.venv/lib/python3.10/site-packages/airflow/example_dags/tutorial_dag.py
[2025-06-14T23:55:01.348-0400] {logging_mixin.py:154} INFO - [2025-06-14T23:55:01.348-0400] {dag.py:2941} INFO - Sync 1 DAGs
[2025-06-14T23:55:01.352-0400] {logging_mixin.py:154} INFO - [2025-06-14T23:55:01.352-0400] {dag.py:3722} INFO - Setting next_dagrun for tutorial_dag to None, run_after=None
[2025-06-14T23:55:01.359-0400] {processor.py:179} INFO - Processing /Users/rah/Desktop/creative_projects/rah_coding_repo/projects/fin_data_project_001/finance-data-project-1/.venv/lib/python3.10/site-packages/airflow/example_dags/tutorial_dag.py took 0.119 seconds
[2025-06-14T23:56:06.617-0400] {processor.py:157} INFO - Started process (PID=46933) to work on /Users/rah/Desktop/creative_projects/rah_coding_repo/projects/fin_data_project_001/finance-data-project-1/.venv/lib/python3.10/site-packages/airflow/example_dags/tutorial_dag.py
[2025-06-14T23:56:06.620-0400] {processor.py:829} INFO - Processing file /Users/rah/Desktop/creative_projects/rah_coding_repo/projects/fin_data_project_001/finance-data-project-1/.venv/lib/python3.10/site-packages/airflow/example_dags/tutorial_dag.py for tasks to queue
[2025-06-14T23:56:06.621-0400] {logging_mixin.py:154} INFO - [2025-06-14T23:56:06.621-0400] {dagbag.py:536} INFO - Filling up the DagBag from /Users/rah/Desktop/creative_projects/rah_coding_repo/projects/fin_data_project_001/finance-data-project-1/.venv/lib/python3.10/site-packages/airflow/example_dags/tutorial_dag.py
[2025-06-14T23:56:06.635-0400] {processor.py:839} INFO - DAG(s) dict_keys(['tutorial_dag']) retrieved from /Users/rah/Desktop/creative_projects/rah_coding_repo/projects/fin_data_project_001/finance-data-project-1/.venv/lib/python3.10/site-packages/airflow/example_dags/tutorial_dag.py
[2025-06-14T23:56:06.725-0400] {logging_mixin.py:154} INFO - [2025-06-14T23:56:06.725-0400] {dag.py:2941} INFO - Sync 1 DAGs
[2025-06-14T23:56:06.729-0400] {logging_mixin.py:154} INFO - [2025-06-14T23:56:06.729-0400] {dag.py:3722} INFO - Setting next_dagrun for tutorial_dag to None, run_after=None
[2025-06-14T23:56:06.737-0400] {processor.py:179} INFO - Processing /Users/rah/Desktop/creative_projects/rah_coding_repo/projects/fin_data_project_001/finance-data-project-1/.venv/lib/python3.10/site-packages/airflow/example_dags/tutorial_dag.py took 0.120 seconds
[2025-06-14T23:56:22.959-0400] {processor.py:157} INFO - Started process (PID=47228) to work on /Users/rah/Desktop/creative_projects/rah_coding_repo/projects/fin_data_project_001/finance-data-project-1/.venv/lib/python3.10/site-packages/airflow/example_dags/tutorial_dag.py
[2025-06-14T23:56:22.961-0400] {processor.py:829} INFO - Processing file /Users/rah/Desktop/creative_projects/rah_coding_repo/projects/fin_data_project_001/finance-data-project-1/.venv/lib/python3.10/site-packages/airflow/example_dags/tutorial_dag.py for tasks to queue
[2025-06-14T23:56:22.962-0400] {logging_mixin.py:154} INFO - [2025-06-14T23:56:22.962-0400] {dagbag.py:536} INFO - Filling up the DagBag from /Users/rah/Desktop/creative_projects/rah_coding_repo/projects/fin_data_project_001/finance-data-project-1/.venv/lib/python3.10/site-packages/airflow/example_dags/tutorial_dag.py
[2025-06-14T23:56:22.978-0400] {processor.py:839} INFO - DAG(s) dict_keys(['tutorial_dag']) retrieved from /Users/rah/Desktop/creative_projects/rah_coding_repo/projects/fin_data_project_001/finance-data-project-1/.venv/lib/python3.10/site-packages/airflow/example_dags/tutorial_dag.py
[2025-06-14T23:56:23.077-0400] {logging_mixin.py:154} INFO - [2025-06-14T23:56:23.076-0400] {dag.py:2941} INFO - Sync 1 DAGs
[2025-06-14T23:56:23.081-0400] {logging_mixin.py:154} INFO - [2025-06-14T23:56:23.081-0400] {dag.py:3722} INFO - Setting next_dagrun for tutorial_dag to None, run_after=None
[2025-06-14T23:56:23.090-0400] {processor.py:179} INFO - Processing /Users/rah/Desktop/creative_projects/rah_coding_repo/projects/fin_data_project_001/finance-data-project-1/.venv/lib/python3.10/site-packages/airflow/example_dags/tutorial_dag.py took 0.131 seconds
[2025-06-14T23:56:57.980-0400] {processor.py:157} INFO - Started process (PID=48182) to work on /Users/rah/Desktop/creative_projects/rah_coding_repo/projects/fin_data_project_001/finance-data-project-1/.venv/lib/python3.10/site-packages/airflow/example_dags/tutorial_dag.py
[2025-06-14T23:56:57.982-0400] {processor.py:829} INFO - Processing file /Users/rah/Desktop/creative_projects/rah_coding_repo/projects/fin_data_project_001/finance-data-project-1/.venv/lib/python3.10/site-packages/airflow/example_dags/tutorial_dag.py for tasks to queue
[2025-06-14T23:56:57.982-0400] {logging_mixin.py:154} INFO - [2025-06-14T23:56:57.982-0400] {dagbag.py:536} INFO - Filling up the DagBag from /Users/rah/Desktop/creative_projects/rah_coding_repo/projects/fin_data_project_001/finance-data-project-1/.venv/lib/python3.10/site-packages/airflow/example_dags/tutorial_dag.py
[2025-06-14T23:56:57.998-0400] {processor.py:839} INFO - DAG(s) dict_keys(['tutorial_dag']) retrieved from /Users/rah/Desktop/creative_projects/rah_coding_repo/projects/fin_data_project_001/finance-data-project-1/.venv/lib/python3.10/site-packages/airflow/example_dags/tutorial_dag.py
[2025-06-14T23:56:58.094-0400] {logging_mixin.py:154} INFO - [2025-06-14T23:56:58.093-0400] {dag.py:2941} INFO - Sync 1 DAGs
[2025-06-14T23:56:58.098-0400] {logging_mixin.py:154} INFO - [2025-06-14T23:56:58.098-0400] {dag.py:3722} INFO - Setting next_dagrun for tutorial_dag to None, run_after=None
[2025-06-14T23:56:58.106-0400] {processor.py:179} INFO - Processing /Users/rah/Desktop/creative_projects/rah_coding_repo/projects/fin_data_project_001/finance-data-project-1/.venv/lib/python3.10/site-packages/airflow/example_dags/tutorial_dag.py took 0.127 seconds
[2025-06-14T23:57:14.451-0400] {processor.py:157} INFO - Started process (PID=48359) to work on /Users/rah/Desktop/creative_projects/rah_coding_repo/projects/fin_data_project_001/finance-data-project-1/.venv/lib/python3.10/site-packages/airflow/example_dags/tutorial_dag.py
[2025-06-14T23:57:14.453-0400] {processor.py:829} INFO - Processing file /Users/rah/Desktop/creative_projects/rah_coding_repo/projects/fin_data_project_001/finance-data-project-1/.venv/lib/python3.10/site-packages/airflow/example_dags/tutorial_dag.py for tasks to queue
[2025-06-14T23:57:14.454-0400] {logging_mixin.py:154} INFO - [2025-06-14T23:57:14.453-0400] {dagbag.py:536} INFO - Filling up the DagBag from /Users/rah/Desktop/creative_projects/rah_coding_repo/projects/fin_data_project_001/finance-data-project-1/.venv/lib/python3.10/site-packages/airflow/example_dags/tutorial_dag.py
[2025-06-14T23:57:14.473-0400] {processor.py:839} INFO - DAG(s) dict_keys(['tutorial_dag']) retrieved from /Users/rah/Desktop/creative_projects/rah_coding_repo/projects/fin_data_project_001/finance-data-project-1/.venv/lib/python3.10/site-packages/airflow/example_dags/tutorial_dag.py
[2025-06-14T23:57:14.584-0400] {logging_mixin.py:154} INFO - [2025-06-14T23:57:14.584-0400] {dag.py:2941} INFO - Sync 1 DAGs
[2025-06-14T23:57:14.589-0400] {logging_mixin.py:154} INFO - [2025-06-14T23:57:14.589-0400] {dag.py:3722} INFO - Setting next_dagrun for tutorial_dag to None, run_after=None
[2025-06-14T23:57:14.598-0400] {processor.py:179} INFO - Processing /Users/rah/Desktop/creative_projects/rah_coding_repo/projects/fin_data_project_001/finance-data-project-1/.venv/lib/python3.10/site-packages/airflow/example_dags/tutorial_dag.py took 0.148 seconds
[2025-06-14T23:57:24.949-0400] {processor.py:157} INFO - Started process (PID=48507) to work on /Users/rah/Desktop/creative_projects/rah_coding_repo/projects/fin_data_project_001/finance-data-project-1/.venv/lib/python3.10/site-packages/airflow/example_dags/tutorial_dag.py
[2025-06-14T23:57:24.951-0400] {processor.py:829} INFO - Processing file /Users/rah/Desktop/creative_projects/rah_coding_repo/projects/fin_data_project_001/finance-data-project-1/.venv/lib/python3.10/site-packages/airflow/example_dags/tutorial_dag.py for tasks to queue
[2025-06-14T23:57:24.952-0400] {logging_mixin.py:154} INFO - [2025-06-14T23:57:24.952-0400] {dagbag.py:536} INFO - Filling up the DagBag from /Users/rah/Desktop/creative_projects/rah_coding_repo/projects/fin_data_project_001/finance-data-project-1/.venv/lib/python3.10/site-packages/airflow/example_dags/tutorial_dag.py
[2025-06-14T23:57:24.968-0400] {processor.py:839} INFO - DAG(s) dict_keys(['tutorial_dag']) retrieved from /Users/rah/Desktop/creative_projects/rah_coding_repo/projects/fin_data_project_001/finance-data-project-1/.venv/lib/python3.10/site-packages/airflow/example_dags/tutorial_dag.py
[2025-06-14T23:57:25.062-0400] {logging_mixin.py:154} INFO - [2025-06-14T23:57:25.062-0400] {dag.py:2941} INFO - Sync 1 DAGs
[2025-06-14T23:57:25.067-0400] {logging_mixin.py:154} INFO - [2025-06-14T23:57:25.067-0400] {dag.py:3722} INFO - Setting next_dagrun for tutorial_dag to None, run_after=None
[2025-06-14T23:57:25.075-0400] {processor.py:179} INFO - Processing /Users/rah/Desktop/creative_projects/rah_coding_repo/projects/fin_data_project_001/finance-data-project-1/.venv/lib/python3.10/site-packages/airflow/example_dags/tutorial_dag.py took 0.127 seconds
[2025-06-14T23:58:00.657-0400] {processor.py:157} INFO - Started process (PID=49064) to work on /Users/rah/Desktop/creative_projects/rah_coding_repo/projects/fin_data_project_001/finance-data-project-1/.venv/lib/python3.10/site-packages/airflow/example_dags/tutorial_dag.py
[2025-06-14T23:58:00.661-0400] {processor.py:829} INFO - Processing file /Users/rah/Desktop/creative_projects/rah_coding_repo/projects/fin_data_project_001/finance-data-project-1/.venv/lib/python3.10/site-packages/airflow/example_dags/tutorial_dag.py for tasks to queue
[2025-06-14T23:58:00.661-0400] {logging_mixin.py:154} INFO - [2025-06-14T23:58:00.661-0400] {dagbag.py:536} INFO - Filling up the DagBag from /Users/rah/Desktop/creative_projects/rah_coding_repo/projects/fin_data_project_001/finance-data-project-1/.venv/lib/python3.10/site-packages/airflow/example_dags/tutorial_dag.py
[2025-06-14T23:58:00.677-0400] {processor.py:839} INFO - DAG(s) dict_keys(['tutorial_dag']) retrieved from /Users/rah/Desktop/creative_projects/rah_coding_repo/projects/fin_data_project_001/finance-data-project-1/.venv/lib/python3.10/site-packages/airflow/example_dags/tutorial_dag.py
[2025-06-14T23:58:00.773-0400] {logging_mixin.py:154} INFO - [2025-06-14T23:58:00.773-0400] {dag.py:2941} INFO - Sync 1 DAGs
[2025-06-14T23:58:00.777-0400] {logging_mixin.py:154} INFO - [2025-06-14T23:58:00.777-0400] {dag.py:3722} INFO - Setting next_dagrun for tutorial_dag to None, run_after=None
[2025-06-14T23:58:00.786-0400] {processor.py:179} INFO - Processing /Users/rah/Desktop/creative_projects/rah_coding_repo/projects/fin_data_project_001/finance-data-project-1/.venv/lib/python3.10/site-packages/airflow/example_dags/tutorial_dag.py took 0.129 seconds
[2025-06-14T23:58:14.850-0400] {processor.py:157} INFO - Started process (PID=49219) to work on /Users/rah/Desktop/creative_projects/rah_coding_repo/projects/fin_data_project_001/finance-data-project-1/.venv/lib/python3.10/site-packages/airflow/example_dags/tutorial_dag.py
[2025-06-14T23:58:14.852-0400] {processor.py:829} INFO - Processing file /Users/rah/Desktop/creative_projects/rah_coding_repo/projects/fin_data_project_001/finance-data-project-1/.venv/lib/python3.10/site-packages/airflow/example_dags/tutorial_dag.py for tasks to queue
[2025-06-14T23:58:14.853-0400] {logging_mixin.py:154} INFO - [2025-06-14T23:58:14.853-0400] {dagbag.py:536} INFO - Filling up the DagBag from /Users/rah/Desktop/creative_projects/rah_coding_repo/projects/fin_data_project_001/finance-data-project-1/.venv/lib/python3.10/site-packages/airflow/example_dags/tutorial_dag.py
[2025-06-14T23:58:14.870-0400] {processor.py:839} INFO - DAG(s) dict_keys(['tutorial_dag']) retrieved from /Users/rah/Desktop/creative_projects/rah_coding_repo/projects/fin_data_project_001/finance-data-project-1/.venv/lib/python3.10/site-packages/airflow/example_dags/tutorial_dag.py
[2025-06-14T23:58:14.974-0400] {logging_mixin.py:154} INFO - [2025-06-14T23:58:14.974-0400] {dag.py:2941} INFO - Sync 1 DAGs
[2025-06-14T23:58:14.980-0400] {logging_mixin.py:154} INFO - [2025-06-14T23:58:14.980-0400] {dag.py:3722} INFO - Setting next_dagrun for tutorial_dag to None, run_after=None
[2025-06-14T23:58:14.989-0400] {processor.py:179} INFO - Processing /Users/rah/Desktop/creative_projects/rah_coding_repo/projects/fin_data_project_001/finance-data-project-1/.venv/lib/python3.10/site-packages/airflow/example_dags/tutorial_dag.py took 0.140 seconds
[2025-06-14T23:58:15.699-0400] {processor.py:157} INFO - Started process (PID=49222) to work on /Users/rah/Desktop/creative_projects/rah_coding_repo/projects/fin_data_project_001/finance-data-project-1/.venv/lib/python3.10/site-packages/airflow/example_dags/tutorial_dag.py
[2025-06-14T23:58:15.702-0400] {processor.py:829} INFO - Processing file /Users/rah/Desktop/creative_projects/rah_coding_repo/projects/fin_data_project_001/finance-data-project-1/.venv/lib/python3.10/site-packages/airflow/example_dags/tutorial_dag.py for tasks to queue
[2025-06-14T23:58:15.702-0400] {logging_mixin.py:154} INFO - [2025-06-14T23:58:15.702-0400] {dagbag.py:536} INFO - Filling up the DagBag from /Users/rah/Desktop/creative_projects/rah_coding_repo/projects/fin_data_project_001/finance-data-project-1/.venv/lib/python3.10/site-packages/airflow/example_dags/tutorial_dag.py
[2025-06-14T23:58:15.718-0400] {processor.py:839} INFO - DAG(s) dict_keys(['tutorial_dag']) retrieved from /Users/rah/Desktop/creative_projects/rah_coding_repo/projects/fin_data_project_001/finance-data-project-1/.venv/lib/python3.10/site-packages/airflow/example_dags/tutorial_dag.py
[2025-06-14T23:58:15.813-0400] {logging_mixin.py:154} INFO - [2025-06-14T23:58:15.813-0400] {dag.py:2941} INFO - Sync 1 DAGs
[2025-06-14T23:58:15.818-0400] {logging_mixin.py:154} INFO - [2025-06-14T23:58:15.818-0400] {dag.py:3722} INFO - Setting next_dagrun for tutorial_dag to None, run_after=None
[2025-06-14T23:58:15.825-0400] {processor.py:179} INFO - Processing /Users/rah/Desktop/creative_projects/rah_coding_repo/projects/fin_data_project_001/finance-data-project-1/.venv/lib/python3.10/site-packages/airflow/example_dags/tutorial_dag.py took 0.127 seconds
[2025-06-14T23:58:49.273-0400] {processor.py:157} INFO - Started process (PID=50081) to work on /Users/rah/Desktop/creative_projects/rah_coding_repo/projects/fin_data_project_001/finance-data-project-1/.venv/lib/python3.10/site-packages/airflow/example_dags/tutorial_dag.py
[2025-06-14T23:58:49.276-0400] {processor.py:829} INFO - Processing file /Users/rah/Desktop/creative_projects/rah_coding_repo/projects/fin_data_project_001/finance-data-project-1/.venv/lib/python3.10/site-packages/airflow/example_dags/tutorial_dag.py for tasks to queue
[2025-06-14T23:58:49.276-0400] {logging_mixin.py:154} INFO - [2025-06-14T23:58:49.276-0400] {dagbag.py:536} INFO - Filling up the DagBag from /Users/rah/Desktop/creative_projects/rah_coding_repo/projects/fin_data_project_001/finance-data-project-1/.venv/lib/python3.10/site-packages/airflow/example_dags/tutorial_dag.py
[2025-06-14T23:58:49.293-0400] {processor.py:839} INFO - DAG(s) dict_keys(['tutorial_dag']) retrieved from /Users/rah/Desktop/creative_projects/rah_coding_repo/projects/fin_data_project_001/finance-data-project-1/.venv/lib/python3.10/site-packages/airflow/example_dags/tutorial_dag.py
[2025-06-14T23:58:49.395-0400] {logging_mixin.py:154} INFO - [2025-06-14T23:58:49.395-0400] {dag.py:2941} INFO - Sync 1 DAGs
[2025-06-14T23:58:49.399-0400] {logging_mixin.py:154} INFO - [2025-06-14T23:58:49.399-0400] {dag.py:3722} INFO - Setting next_dagrun for tutorial_dag to None, run_after=None
[2025-06-14T23:58:49.408-0400] {processor.py:179} INFO - Processing /Users/rah/Desktop/creative_projects/rah_coding_repo/projects/fin_data_project_001/finance-data-project-1/.venv/lib/python3.10/site-packages/airflow/example_dags/tutorial_dag.py took 0.135 seconds
[2025-06-14T23:59:02.169-0400] {processor.py:157} INFO - Started process (PID=50252) to work on /Users/rah/Desktop/creative_projects/rah_coding_repo/projects/fin_data_project_001/finance-data-project-1/.venv/lib/python3.10/site-packages/airflow/example_dags/tutorial_dag.py
[2025-06-14T23:59:02.171-0400] {processor.py:829} INFO - Processing file /Users/rah/Desktop/creative_projects/rah_coding_repo/projects/fin_data_project_001/finance-data-project-1/.venv/lib/python3.10/site-packages/airflow/example_dags/tutorial_dag.py for tasks to queue
[2025-06-14T23:59:02.171-0400] {logging_mixin.py:154} INFO - [2025-06-14T23:59:02.171-0400] {dagbag.py:536} INFO - Filling up the DagBag from /Users/rah/Desktop/creative_projects/rah_coding_repo/projects/fin_data_project_001/finance-data-project-1/.venv/lib/python3.10/site-packages/airflow/example_dags/tutorial_dag.py
[2025-06-14T23:59:02.188-0400] {processor.py:839} INFO - DAG(s) dict_keys(['tutorial_dag']) retrieved from /Users/rah/Desktop/creative_projects/rah_coding_repo/projects/fin_data_project_001/finance-data-project-1/.venv/lib/python3.10/site-packages/airflow/example_dags/tutorial_dag.py
[2025-06-14T23:59:02.290-0400] {logging_mixin.py:154} INFO - [2025-06-14T23:59:02.290-0400] {dag.py:2941} INFO - Sync 1 DAGs
[2025-06-14T23:59:02.295-0400] {logging_mixin.py:154} INFO - [2025-06-14T23:59:02.294-0400] {dag.py:3722} INFO - Setting next_dagrun for tutorial_dag to None, run_after=None
[2025-06-14T23:59:02.303-0400] {processor.py:179} INFO - Processing /Users/rah/Desktop/creative_projects/rah_coding_repo/projects/fin_data_project_001/finance-data-project-1/.venv/lib/python3.10/site-packages/airflow/example_dags/tutorial_dag.py took 0.135 seconds
[2025-06-14T23:59:02.410-0400] {processor.py:157} INFO - Started process (PID=50254) to work on /Users/rah/Desktop/creative_projects/rah_coding_repo/projects/fin_data_project_001/finance-data-project-1/.venv/lib/python3.10/site-packages/airflow/example_dags/tutorial_dag.py
[2025-06-14T23:59:02.412-0400] {processor.py:829} INFO - Processing file /Users/rah/Desktop/creative_projects/rah_coding_repo/projects/fin_data_project_001/finance-data-project-1/.venv/lib/python3.10/site-packages/airflow/example_dags/tutorial_dag.py for tasks to queue
[2025-06-14T23:59:02.413-0400] {logging_mixin.py:154} INFO - [2025-06-14T23:59:02.413-0400] {dagbag.py:536} INFO - Filling up the DagBag from /Users/rah/Desktop/creative_projects/rah_coding_repo/projects/fin_data_project_001/finance-data-project-1/.venv/lib/python3.10/site-packages/airflow/example_dags/tutorial_dag.py
[2025-06-14T23:59:02.432-0400] {processor.py:839} INFO - DAG(s) dict_keys(['tutorial_dag']) retrieved from /Users/rah/Desktop/creative_projects/rah_coding_repo/projects/fin_data_project_001/finance-data-project-1/.venv/lib/python3.10/site-packages/airflow/example_dags/tutorial_dag.py
[2025-06-14T23:59:02.536-0400] {logging_mixin.py:154} INFO - [2025-06-14T23:59:02.536-0400] {dag.py:2941} INFO - Sync 1 DAGs
[2025-06-14T23:59:02.541-0400] {logging_mixin.py:154} INFO - [2025-06-14T23:59:02.541-0400] {dag.py:3722} INFO - Setting next_dagrun for tutorial_dag to None, run_after=None
[2025-06-14T23:59:02.550-0400] {processor.py:179} INFO - Processing /Users/rah/Desktop/creative_projects/rah_coding_repo/projects/fin_data_project_001/finance-data-project-1/.venv/lib/python3.10/site-packages/airflow/example_dags/tutorial_dag.py took 0.141 seconds
[2025-06-14T23:59:02.861-0400] {processor.py:157} INFO - Started process (PID=50357) to work on /Users/rah/Desktop/creative_projects/rah_coding_repo/projects/fin_data_project_001/finance-data-project-1/.venv/lib/python3.10/site-packages/airflow/example_dags/tutorial_dag.py
[2025-06-14T23:59:02.863-0400] {processor.py:829} INFO - Processing file /Users/rah/Desktop/creative_projects/rah_coding_repo/projects/fin_data_project_001/finance-data-project-1/.venv/lib/python3.10/site-packages/airflow/example_dags/tutorial_dag.py for tasks to queue
[2025-06-14T23:59:02.863-0400] {logging_mixin.py:154} INFO - [2025-06-14T23:59:02.863-0400] {dagbag.py:536} INFO - Filling up the DagBag from /Users/rah/Desktop/creative_projects/rah_coding_repo/projects/fin_data_project_001/finance-data-project-1/.venv/lib/python3.10/site-packages/airflow/example_dags/tutorial_dag.py
[2025-06-14T23:59:02.879-0400] {processor.py:839} INFO - DAG(s) dict_keys(['tutorial_dag']) retrieved from /Users/rah/Desktop/creative_projects/rah_coding_repo/projects/fin_data_project_001/finance-data-project-1/.venv/lib/python3.10/site-packages/airflow/example_dags/tutorial_dag.py
[2025-06-14T23:59:02.974-0400] {logging_mixin.py:154} INFO - [2025-06-14T23:59:02.974-0400] {dag.py:2941} INFO - Sync 1 DAGs
[2025-06-14T23:59:02.979-0400] {logging_mixin.py:154} INFO - [2025-06-14T23:59:02.979-0400] {dag.py:3722} INFO - Setting next_dagrun for tutorial_dag to None, run_after=None
[2025-06-14T23:59:02.986-0400] {processor.py:179} INFO - Processing /Users/rah/Desktop/creative_projects/rah_coding_repo/projects/fin_data_project_001/finance-data-project-1/.venv/lib/python3.10/site-packages/airflow/example_dags/tutorial_dag.py took 0.126 seconds
[2025-06-14T23:59:40.587-0400] {processor.py:157} INFO - Started process (PID=50866) to work on /Users/rah/Desktop/creative_projects/rah_coding_repo/projects/fin_data_project_001/finance-data-project-1/.venv/lib/python3.10/site-packages/airflow/example_dags/tutorial_dag.py
[2025-06-14T23:59:40.590-0400] {processor.py:829} INFO - Processing file /Users/rah/Desktop/creative_projects/rah_coding_repo/projects/fin_data_project_001/finance-data-project-1/.venv/lib/python3.10/site-packages/airflow/example_dags/tutorial_dag.py for tasks to queue
[2025-06-14T23:59:40.591-0400] {logging_mixin.py:154} INFO - [2025-06-14T23:59:40.591-0400] {dagbag.py:536} INFO - Filling up the DagBag from /Users/rah/Desktop/creative_projects/rah_coding_repo/projects/fin_data_project_001/finance-data-project-1/.venv/lib/python3.10/site-packages/airflow/example_dags/tutorial_dag.py
[2025-06-14T23:59:40.610-0400] {processor.py:839} INFO - DAG(s) dict_keys(['tutorial_dag']) retrieved from /Users/rah/Desktop/creative_projects/rah_coding_repo/projects/fin_data_project_001/finance-data-project-1/.venv/lib/python3.10/site-packages/airflow/example_dags/tutorial_dag.py
[2025-06-14T23:59:40.714-0400] {logging_mixin.py:154} INFO - [2025-06-14T23:59:40.714-0400] {dag.py:2941} INFO - Sync 1 DAGs
[2025-06-14T23:59:40.720-0400] {logging_mixin.py:154} INFO - [2025-06-14T23:59:40.719-0400] {dag.py:3722} INFO - Setting next_dagrun for tutorial_dag to None, run_after=None
[2025-06-14T23:59:40.729-0400] {processor.py:179} INFO - Processing /Users/rah/Desktop/creative_projects/rah_coding_repo/projects/fin_data_project_001/finance-data-project-1/.venv/lib/python3.10/site-packages/airflow/example_dags/tutorial_dag.py took 0.143 seconds
[2025-06-14T23:59:50.367-0400] {processor.py:157} INFO - Started process (PID=51031) to work on /Users/rah/Desktop/creative_projects/rah_coding_repo/projects/fin_data_project_001/finance-data-project-1/.venv/lib/python3.10/site-packages/airflow/example_dags/tutorial_dag.py
[2025-06-14T23:59:50.369-0400] {processor.py:829} INFO - Processing file /Users/rah/Desktop/creative_projects/rah_coding_repo/projects/fin_data_project_001/finance-data-project-1/.venv/lib/python3.10/site-packages/airflow/example_dags/tutorial_dag.py for tasks to queue
[2025-06-14T23:59:50.370-0400] {logging_mixin.py:154} INFO - [2025-06-14T23:59:50.370-0400] {dagbag.py:536} INFO - Filling up the DagBag from /Users/rah/Desktop/creative_projects/rah_coding_repo/projects/fin_data_project_001/finance-data-project-1/.venv/lib/python3.10/site-packages/airflow/example_dags/tutorial_dag.py
[2025-06-14T23:59:50.385-0400] {processor.py:839} INFO - DAG(s) dict_keys(['tutorial_dag']) retrieved from /Users/rah/Desktop/creative_projects/rah_coding_repo/projects/fin_data_project_001/finance-data-project-1/.venv/lib/python3.10/site-packages/airflow/example_dags/tutorial_dag.py
[2025-06-14T23:59:50.475-0400] {logging_mixin.py:154} INFO - [2025-06-14T23:59:50.475-0400] {dag.py:2941} INFO - Sync 1 DAGs
[2025-06-14T23:59:50.479-0400] {logging_mixin.py:154} INFO - [2025-06-14T23:59:50.479-0400] {dag.py:3722} INFO - Setting next_dagrun for tutorial_dag to None, run_after=None
[2025-06-14T23:59:50.486-0400] {processor.py:179} INFO - Processing /Users/rah/Desktop/creative_projects/rah_coding_repo/projects/fin_data_project_001/finance-data-project-1/.venv/lib/python3.10/site-packages/airflow/example_dags/tutorial_dag.py took 0.120 seconds
[2025-06-14T23:59:55.627-0400] {processor.py:157} INFO - Started process (PID=51161) to work on /Users/rah/Desktop/creative_projects/rah_coding_repo/projects/fin_data_project_001/finance-data-project-1/.venv/lib/python3.10/site-packages/airflow/example_dags/tutorial_dag.py
[2025-06-14T23:59:55.629-0400] {processor.py:829} INFO - Processing file /Users/rah/Desktop/creative_projects/rah_coding_repo/projects/fin_data_project_001/finance-data-project-1/.venv/lib/python3.10/site-packages/airflow/example_dags/tutorial_dag.py for tasks to queue
[2025-06-14T23:59:55.629-0400] {logging_mixin.py:154} INFO - [2025-06-14T23:59:55.629-0400] {dagbag.py:536} INFO - Filling up the DagBag from /Users/rah/Desktop/creative_projects/rah_coding_repo/projects/fin_data_project_001/finance-data-project-1/.venv/lib/python3.10/site-packages/airflow/example_dags/tutorial_dag.py
[2025-06-14T23:59:55.644-0400] {processor.py:839} INFO - DAG(s) dict_keys(['tutorial_dag']) retrieved from /Users/rah/Desktop/creative_projects/rah_coding_repo/projects/fin_data_project_001/finance-data-project-1/.venv/lib/python3.10/site-packages/airflow/example_dags/tutorial_dag.py
[2025-06-14T23:59:55.739-0400] {logging_mixin.py:154} INFO - [2025-06-14T23:59:55.739-0400] {dag.py:2941} INFO - Sync 1 DAGs
[2025-06-14T23:59:55.743-0400] {logging_mixin.py:154} INFO - [2025-06-14T23:59:55.743-0400] {dag.py:3722} INFO - Setting next_dagrun for tutorial_dag to None, run_after=None
[2025-06-14T23:59:55.752-0400] {processor.py:179} INFO - Processing /Users/rah/Desktop/creative_projects/rah_coding_repo/projects/fin_data_project_001/finance-data-project-1/.venv/lib/python3.10/site-packages/airflow/example_dags/tutorial_dag.py took 0.126 seconds
[2025-06-15T00:00:27.719-0400] {processor.py:157} INFO - Started process (PID=51661) to work on /Users/rah/Desktop/creative_projects/rah_coding_repo/projects/fin_data_project_001/finance-data-project-1/.venv/lib/python3.10/site-packages/airflow/example_dags/tutorial_dag.py
[2025-06-15T00:00:27.721-0400] {processor.py:829} INFO - Processing file /Users/rah/Desktop/creative_projects/rah_coding_repo/projects/fin_data_project_001/finance-data-project-1/.venv/lib/python3.10/site-packages/airflow/example_dags/tutorial_dag.py for tasks to queue
[2025-06-15T00:00:27.721-0400] {logging_mixin.py:154} INFO - [2025-06-15T00:00:27.721-0400] {dagbag.py:536} INFO - Filling up the DagBag from /Users/rah/Desktop/creative_projects/rah_coding_repo/projects/fin_data_project_001/finance-data-project-1/.venv/lib/python3.10/site-packages/airflow/example_dags/tutorial_dag.py
[2025-06-15T00:00:27.738-0400] {processor.py:839} INFO - DAG(s) dict_keys(['tutorial_dag']) retrieved from /Users/rah/Desktop/creative_projects/rah_coding_repo/projects/fin_data_project_001/finance-data-project-1/.venv/lib/python3.10/site-packages/airflow/example_dags/tutorial_dag.py
[2025-06-15T00:00:27.837-0400] {logging_mixin.py:154} INFO - [2025-06-15T00:00:27.837-0400] {dag.py:2941} INFO - Sync 1 DAGs
[2025-06-15T00:00:27.842-0400] {logging_mixin.py:154} INFO - [2025-06-15T00:00:27.842-0400] {dag.py:3722} INFO - Setting next_dagrun for tutorial_dag to None, run_after=None
[2025-06-15T00:00:27.850-0400] {processor.py:179} INFO - Processing /Users/rah/Desktop/creative_projects/rah_coding_repo/projects/fin_data_project_001/finance-data-project-1/.venv/lib/python3.10/site-packages/airflow/example_dags/tutorial_dag.py took 0.132 seconds
[2025-06-15T00:00:33.204-0400] {processor.py:157} INFO - Started process (PID=51688) to work on /Users/rah/Desktop/creative_projects/rah_coding_repo/projects/fin_data_project_001/finance-data-project-1/.venv/lib/python3.10/site-packages/airflow/example_dags/tutorial_dag.py
[2025-06-15T00:00:33.206-0400] {processor.py:829} INFO - Processing file /Users/rah/Desktop/creative_projects/rah_coding_repo/projects/fin_data_project_001/finance-data-project-1/.venv/lib/python3.10/site-packages/airflow/example_dags/tutorial_dag.py for tasks to queue
[2025-06-15T00:00:33.206-0400] {logging_mixin.py:154} INFO - [2025-06-15T00:00:33.206-0400] {dagbag.py:536} INFO - Filling up the DagBag from /Users/rah/Desktop/creative_projects/rah_coding_repo/projects/fin_data_project_001/finance-data-project-1/.venv/lib/python3.10/site-packages/airflow/example_dags/tutorial_dag.py
[2025-06-15T00:00:33.222-0400] {processor.py:839} INFO - DAG(s) dict_keys(['tutorial_dag']) retrieved from /Users/rah/Desktop/creative_projects/rah_coding_repo/projects/fin_data_project_001/finance-data-project-1/.venv/lib/python3.10/site-packages/airflow/example_dags/tutorial_dag.py
[2025-06-15T00:00:33.313-0400] {logging_mixin.py:154} INFO - [2025-06-15T00:00:33.313-0400] {dag.py:2941} INFO - Sync 1 DAGs
[2025-06-15T00:00:33.318-0400] {logging_mixin.py:154} INFO - [2025-06-15T00:00:33.318-0400] {dag.py:3722} INFO - Setting next_dagrun for tutorial_dag to None, run_after=None
[2025-06-15T00:00:33.326-0400] {processor.py:179} INFO - Processing /Users/rah/Desktop/creative_projects/rah_coding_repo/projects/fin_data_project_001/finance-data-project-1/.venv/lib/python3.10/site-packages/airflow/example_dags/tutorial_dag.py took 0.122 seconds
[2025-06-15T00:00:34.200-0400] {processor.py:157} INFO - Started process (PID=51693) to work on /Users/rah/Desktop/creative_projects/rah_coding_repo/projects/fin_data_project_001/finance-data-project-1/.venv/lib/python3.10/site-packages/airflow/example_dags/tutorial_dag.py
[2025-06-15T00:00:34.202-0400] {processor.py:829} INFO - Processing file /Users/rah/Desktop/creative_projects/rah_coding_repo/projects/fin_data_project_001/finance-data-project-1/.venv/lib/python3.10/site-packages/airflow/example_dags/tutorial_dag.py for tasks to queue
[2025-06-15T00:00:34.202-0400] {logging_mixin.py:154} INFO - [2025-06-15T00:00:34.202-0400] {dagbag.py:536} INFO - Filling up the DagBag from /Users/rah/Desktop/creative_projects/rah_coding_repo/projects/fin_data_project_001/finance-data-project-1/.venv/lib/python3.10/site-packages/airflow/example_dags/tutorial_dag.py
[2025-06-15T00:00:34.218-0400] {processor.py:839} INFO - DAG(s) dict_keys(['tutorial_dag']) retrieved from /Users/rah/Desktop/creative_projects/rah_coding_repo/projects/fin_data_project_001/finance-data-project-1/.venv/lib/python3.10/site-packages/airflow/example_dags/tutorial_dag.py
[2025-06-15T00:00:34.325-0400] {logging_mixin.py:154} INFO - [2025-06-15T00:00:34.325-0400] {dag.py:2941} INFO - Sync 1 DAGs
[2025-06-15T00:00:34.330-0400] {logging_mixin.py:154} INFO - [2025-06-15T00:00:34.330-0400] {dag.py:3722} INFO - Setting next_dagrun for tutorial_dag to None, run_after=None
[2025-06-15T00:00:34.339-0400] {processor.py:179} INFO - Processing /Users/rah/Desktop/creative_projects/rah_coding_repo/projects/fin_data_project_001/finance-data-project-1/.venv/lib/python3.10/site-packages/airflow/example_dags/tutorial_dag.py took 0.139 seconds
[2025-06-15T00:00:48.255-0400] {processor.py:157} INFO - Started process (PID=51870) to work on /Users/rah/Desktop/creative_projects/rah_coding_repo/projects/fin_data_project_001/finance-data-project-1/.venv/lib/python3.10/site-packages/airflow/example_dags/tutorial_dag.py
[2025-06-15T00:00:48.257-0400] {processor.py:829} INFO - Processing file /Users/rah/Desktop/creative_projects/rah_coding_repo/projects/fin_data_project_001/finance-data-project-1/.venv/lib/python3.10/site-packages/airflow/example_dags/tutorial_dag.py for tasks to queue
[2025-06-15T00:00:48.258-0400] {logging_mixin.py:154} INFO - [2025-06-15T00:00:48.257-0400] {dagbag.py:536} INFO - Filling up the DagBag from /Users/rah/Desktop/creative_projects/rah_coding_repo/projects/fin_data_project_001/finance-data-project-1/.venv/lib/python3.10/site-packages/airflow/example_dags/tutorial_dag.py
[2025-06-15T00:00:48.274-0400] {processor.py:839} INFO - DAG(s) dict_keys(['tutorial_dag']) retrieved from /Users/rah/Desktop/creative_projects/rah_coding_repo/projects/fin_data_project_001/finance-data-project-1/.venv/lib/python3.10/site-packages/airflow/example_dags/tutorial_dag.py
[2025-06-15T00:00:48.379-0400] {logging_mixin.py:154} INFO - [2025-06-15T00:00:48.379-0400] {dag.py:2941} INFO - Sync 1 DAGs
[2025-06-15T00:00:48.384-0400] {logging_mixin.py:154} INFO - [2025-06-15T00:00:48.384-0400] {dag.py:3722} INFO - Setting next_dagrun for tutorial_dag to None, run_after=None
[2025-06-15T00:00:48.394-0400] {processor.py:179} INFO - Processing /Users/rah/Desktop/creative_projects/rah_coding_repo/projects/fin_data_project_001/finance-data-project-1/.venv/lib/python3.10/site-packages/airflow/example_dags/tutorial_dag.py took 0.139 seconds
[2025-06-15T00:01:16.634-0400] {processor.py:157} INFO - Started process (PID=52343) to work on /Users/rah/Desktop/creative_projects/rah_coding_repo/projects/fin_data_project_001/finance-data-project-1/.venv/lib/python3.10/site-packages/airflow/example_dags/tutorial_dag.py
[2025-06-15T00:01:16.637-0400] {processor.py:829} INFO - Processing file /Users/rah/Desktop/creative_projects/rah_coding_repo/projects/fin_data_project_001/finance-data-project-1/.venv/lib/python3.10/site-packages/airflow/example_dags/tutorial_dag.py for tasks to queue
[2025-06-15T00:01:16.637-0400] {logging_mixin.py:154} INFO - [2025-06-15T00:01:16.637-0400] {dagbag.py:536} INFO - Filling up the DagBag from /Users/rah/Desktop/creative_projects/rah_coding_repo/projects/fin_data_project_001/finance-data-project-1/.venv/lib/python3.10/site-packages/airflow/example_dags/tutorial_dag.py
[2025-06-15T00:01:16.654-0400] {processor.py:839} INFO - DAG(s) dict_keys(['tutorial_dag']) retrieved from /Users/rah/Desktop/creative_projects/rah_coding_repo/projects/fin_data_project_001/finance-data-project-1/.venv/lib/python3.10/site-packages/airflow/example_dags/tutorial_dag.py
[2025-06-15T00:01:16.758-0400] {logging_mixin.py:154} INFO - [2025-06-15T00:01:16.758-0400] {dag.py:2941} INFO - Sync 1 DAGs
[2025-06-15T00:01:16.763-0400] {logging_mixin.py:154} INFO - [2025-06-15T00:01:16.763-0400] {dag.py:3722} INFO - Setting next_dagrun for tutorial_dag to None, run_after=None
[2025-06-15T00:01:16.772-0400] {processor.py:179} INFO - Processing /Users/rah/Desktop/creative_projects/rah_coding_repo/projects/fin_data_project_001/finance-data-project-1/.venv/lib/python3.10/site-packages/airflow/example_dags/tutorial_dag.py took 0.139 seconds
[2025-06-15T00:01:17.609-0400] {processor.py:157} INFO - Started process (PID=52349) to work on /Users/rah/Desktop/creative_projects/rah_coding_repo/projects/fin_data_project_001/finance-data-project-1/.venv/lib/python3.10/site-packages/airflow/example_dags/tutorial_dag.py
[2025-06-15T00:01:17.611-0400] {processor.py:829} INFO - Processing file /Users/rah/Desktop/creative_projects/rah_coding_repo/projects/fin_data_project_001/finance-data-project-1/.venv/lib/python3.10/site-packages/airflow/example_dags/tutorial_dag.py for tasks to queue
[2025-06-15T00:01:17.611-0400] {logging_mixin.py:154} INFO - [2025-06-15T00:01:17.611-0400] {dagbag.py:536} INFO - Filling up the DagBag from /Users/rah/Desktop/creative_projects/rah_coding_repo/projects/fin_data_project_001/finance-data-project-1/.venv/lib/python3.10/site-packages/airflow/example_dags/tutorial_dag.py
[2025-06-15T00:01:17.627-0400] {processor.py:839} INFO - DAG(s) dict_keys(['tutorial_dag']) retrieved from /Users/rah/Desktop/creative_projects/rah_coding_repo/projects/fin_data_project_001/finance-data-project-1/.venv/lib/python3.10/site-packages/airflow/example_dags/tutorial_dag.py
[2025-06-15T00:01:17.727-0400] {logging_mixin.py:154} INFO - [2025-06-15T00:01:17.727-0400] {dag.py:2941} INFO - Sync 1 DAGs
[2025-06-15T00:01:17.732-0400] {logging_mixin.py:154} INFO - [2025-06-15T00:01:17.732-0400] {dag.py:3722} INFO - Setting next_dagrun for tutorial_dag to None, run_after=None
[2025-06-15T00:01:17.740-0400] {processor.py:179} INFO - Processing /Users/rah/Desktop/creative_projects/rah_coding_repo/projects/fin_data_project_001/finance-data-project-1/.venv/lib/python3.10/site-packages/airflow/example_dags/tutorial_dag.py took 0.132 seconds
[2025-06-15T00:01:20.968-0400] {processor.py:157} INFO - Started process (PID=52474) to work on /Users/rah/Desktop/creative_projects/rah_coding_repo/projects/fin_data_project_001/finance-data-project-1/.venv/lib/python3.10/site-packages/airflow/example_dags/tutorial_dag.py
[2025-06-15T00:01:20.970-0400] {processor.py:829} INFO - Processing file /Users/rah/Desktop/creative_projects/rah_coding_repo/projects/fin_data_project_001/finance-data-project-1/.venv/lib/python3.10/site-packages/airflow/example_dags/tutorial_dag.py for tasks to queue
[2025-06-15T00:01:20.971-0400] {logging_mixin.py:154} INFO - [2025-06-15T00:01:20.970-0400] {dagbag.py:536} INFO - Filling up the DagBag from /Users/rah/Desktop/creative_projects/rah_coding_repo/projects/fin_data_project_001/finance-data-project-1/.venv/lib/python3.10/site-packages/airflow/example_dags/tutorial_dag.py
[2025-06-15T00:01:20.987-0400] {processor.py:839} INFO - DAG(s) dict_keys(['tutorial_dag']) retrieved from /Users/rah/Desktop/creative_projects/rah_coding_repo/projects/fin_data_project_001/finance-data-project-1/.venv/lib/python3.10/site-packages/airflow/example_dags/tutorial_dag.py
[2025-06-15T00:01:21.085-0400] {logging_mixin.py:154} INFO - [2025-06-15T00:01:21.085-0400] {dag.py:2941} INFO - Sync 1 DAGs
[2025-06-15T00:01:21.090-0400] {logging_mixin.py:154} INFO - [2025-06-15T00:01:21.089-0400] {dag.py:3722} INFO - Setting next_dagrun for tutorial_dag to None, run_after=None
[2025-06-15T00:01:21.097-0400] {processor.py:179} INFO - Processing /Users/rah/Desktop/creative_projects/rah_coding_repo/projects/fin_data_project_001/finance-data-project-1/.venv/lib/python3.10/site-packages/airflow/example_dags/tutorial_dag.py took 0.130 seconds
[2025-06-15T00:01:35.718-0400] {processor.py:157} INFO - Started process (PID=52664) to work on /Users/rah/Desktop/creative_projects/rah_coding_repo/projects/fin_data_project_001/finance-data-project-1/.venv/lib/python3.10/site-packages/airflow/example_dags/tutorial_dag.py
[2025-06-15T00:01:35.720-0400] {processor.py:829} INFO - Processing file /Users/rah/Desktop/creative_projects/rah_coding_repo/projects/fin_data_project_001/finance-data-project-1/.venv/lib/python3.10/site-packages/airflow/example_dags/tutorial_dag.py for tasks to queue
[2025-06-15T00:01:35.721-0400] {logging_mixin.py:154} INFO - [2025-06-15T00:01:35.721-0400] {dagbag.py:536} INFO - Filling up the DagBag from /Users/rah/Desktop/creative_projects/rah_coding_repo/projects/fin_data_project_001/finance-data-project-1/.venv/lib/python3.10/site-packages/airflow/example_dags/tutorial_dag.py
[2025-06-15T00:01:35.738-0400] {processor.py:839} INFO - DAG(s) dict_keys(['tutorial_dag']) retrieved from /Users/rah/Desktop/creative_projects/rah_coding_repo/projects/fin_data_project_001/finance-data-project-1/.venv/lib/python3.10/site-packages/airflow/example_dags/tutorial_dag.py
[2025-06-15T00:01:35.833-0400] {logging_mixin.py:154} INFO - [2025-06-15T00:01:35.833-0400] {dag.py:2941} INFO - Sync 1 DAGs
[2025-06-15T00:01:35.837-0400] {logging_mixin.py:154} INFO - [2025-06-15T00:01:35.837-0400] {dag.py:3722} INFO - Setting next_dagrun for tutorial_dag to None, run_after=None
[2025-06-15T00:01:35.845-0400] {processor.py:179} INFO - Processing /Users/rah/Desktop/creative_projects/rah_coding_repo/projects/fin_data_project_001/finance-data-project-1/.venv/lib/python3.10/site-packages/airflow/example_dags/tutorial_dag.py took 0.128 seconds
[2025-06-15T00:02:02.308-0400] {processor.py:157} INFO - Started process (PID=53121) to work on /Users/rah/Desktop/creative_projects/rah_coding_repo/projects/fin_data_project_001/finance-data-project-1/.venv/lib/python3.10/site-packages/airflow/example_dags/tutorial_dag.py
[2025-06-15T00:02:02.310-0400] {processor.py:829} INFO - Processing file /Users/rah/Desktop/creative_projects/rah_coding_repo/projects/fin_data_project_001/finance-data-project-1/.venv/lib/python3.10/site-packages/airflow/example_dags/tutorial_dag.py for tasks to queue
[2025-06-15T00:02:02.310-0400] {logging_mixin.py:154} INFO - [2025-06-15T00:02:02.310-0400] {dagbag.py:536} INFO - Filling up the DagBag from /Users/rah/Desktop/creative_projects/rah_coding_repo/projects/fin_data_project_001/finance-data-project-1/.venv/lib/python3.10/site-packages/airflow/example_dags/tutorial_dag.py
[2025-06-15T00:02:02.327-0400] {processor.py:839} INFO - DAG(s) dict_keys(['tutorial_dag']) retrieved from /Users/rah/Desktop/creative_projects/rah_coding_repo/projects/fin_data_project_001/finance-data-project-1/.venv/lib/python3.10/site-packages/airflow/example_dags/tutorial_dag.py
[2025-06-15T00:02:02.430-0400] {logging_mixin.py:154} INFO - [2025-06-15T00:02:02.430-0400] {dag.py:2941} INFO - Sync 1 DAGs
[2025-06-15T00:02:02.435-0400] {logging_mixin.py:154} INFO - [2025-06-15T00:02:02.435-0400] {dag.py:3722} INFO - Setting next_dagrun for tutorial_dag to None, run_after=None
[2025-06-15T00:02:02.445-0400] {processor.py:179} INFO - Processing /Users/rah/Desktop/creative_projects/rah_coding_repo/projects/fin_data_project_001/finance-data-project-1/.venv/lib/python3.10/site-packages/airflow/example_dags/tutorial_dag.py took 0.138 seconds
[2025-06-15T00:02:04.888-0400] {processor.py:157} INFO - Started process (PID=53140) to work on /Users/rah/Desktop/creative_projects/rah_coding_repo/projects/fin_data_project_001/finance-data-project-1/.venv/lib/python3.10/site-packages/airflow/example_dags/tutorial_dag.py
[2025-06-15T00:02:04.890-0400] {processor.py:829} INFO - Processing file /Users/rah/Desktop/creative_projects/rah_coding_repo/projects/fin_data_project_001/finance-data-project-1/.venv/lib/python3.10/site-packages/airflow/example_dags/tutorial_dag.py for tasks to queue
[2025-06-15T00:02:04.891-0400] {logging_mixin.py:154} INFO - [2025-06-15T00:02:04.891-0400] {dagbag.py:536} INFO - Filling up the DagBag from /Users/rah/Desktop/creative_projects/rah_coding_repo/projects/fin_data_project_001/finance-data-project-1/.venv/lib/python3.10/site-packages/airflow/example_dags/tutorial_dag.py
[2025-06-15T00:02:04.908-0400] {processor.py:839} INFO - DAG(s) dict_keys(['tutorial_dag']) retrieved from /Users/rah/Desktop/creative_projects/rah_coding_repo/projects/fin_data_project_001/finance-data-project-1/.venv/lib/python3.10/site-packages/airflow/example_dags/tutorial_dag.py
[2025-06-15T00:02:05.010-0400] {logging_mixin.py:154} INFO - [2025-06-15T00:02:05.010-0400] {dag.py:2941} INFO - Sync 1 DAGs
[2025-06-15T00:02:05.014-0400] {logging_mixin.py:154} INFO - [2025-06-15T00:02:05.014-0400] {dag.py:3722} INFO - Setting next_dagrun for tutorial_dag to None, run_after=None
[2025-06-15T00:02:05.022-0400] {processor.py:179} INFO - Processing /Users/rah/Desktop/creative_projects/rah_coding_repo/projects/fin_data_project_001/finance-data-project-1/.venv/lib/python3.10/site-packages/airflow/example_dags/tutorial_dag.py took 0.134 seconds
[2025-06-15T00:02:08.021-0400] {processor.py:157} INFO - Started process (PID=53156) to work on /Users/rah/Desktop/creative_projects/rah_coding_repo/projects/fin_data_project_001/finance-data-project-1/.venv/lib/python3.10/site-packages/airflow/example_dags/tutorial_dag.py
[2025-06-15T00:02:08.024-0400] {processor.py:829} INFO - Processing file /Users/rah/Desktop/creative_projects/rah_coding_repo/projects/fin_data_project_001/finance-data-project-1/.venv/lib/python3.10/site-packages/airflow/example_dags/tutorial_dag.py for tasks to queue
[2025-06-15T00:02:08.024-0400] {logging_mixin.py:154} INFO - [2025-06-15T00:02:08.024-0400] {dagbag.py:536} INFO - Filling up the DagBag from /Users/rah/Desktop/creative_projects/rah_coding_repo/projects/fin_data_project_001/finance-data-project-1/.venv/lib/python3.10/site-packages/airflow/example_dags/tutorial_dag.py
[2025-06-15T00:02:08.039-0400] {processor.py:839} INFO - DAG(s) dict_keys(['tutorial_dag']) retrieved from /Users/rah/Desktop/creative_projects/rah_coding_repo/projects/fin_data_project_001/finance-data-project-1/.venv/lib/python3.10/site-packages/airflow/example_dags/tutorial_dag.py
[2025-06-15T00:02:08.134-0400] {logging_mixin.py:154} INFO - [2025-06-15T00:02:08.134-0400] {dag.py:2941} INFO - Sync 1 DAGs
[2025-06-15T00:02:08.138-0400] {logging_mixin.py:154} INFO - [2025-06-15T00:02:08.138-0400] {dag.py:3722} INFO - Setting next_dagrun for tutorial_dag to None, run_after=None
[2025-06-15T00:02:08.146-0400] {processor.py:179} INFO - Processing /Users/rah/Desktop/creative_projects/rah_coding_repo/projects/fin_data_project_001/finance-data-project-1/.venv/lib/python3.10/site-packages/airflow/example_dags/tutorial_dag.py took 0.126 seconds
[2025-06-15T00:02:21.991-0400] {processor.py:157} INFO - Started process (PID=53340) to work on /Users/rah/Desktop/creative_projects/rah_coding_repo/projects/fin_data_project_001/finance-data-project-1/.venv/lib/python3.10/site-packages/airflow/example_dags/tutorial_dag.py
[2025-06-15T00:02:21.993-0400] {processor.py:829} INFO - Processing file /Users/rah/Desktop/creative_projects/rah_coding_repo/projects/fin_data_project_001/finance-data-project-1/.venv/lib/python3.10/site-packages/airflow/example_dags/tutorial_dag.py for tasks to queue
[2025-06-15T00:02:21.994-0400] {logging_mixin.py:154} INFO - [2025-06-15T00:02:21.994-0400] {dagbag.py:536} INFO - Filling up the DagBag from /Users/rah/Desktop/creative_projects/rah_coding_repo/projects/fin_data_project_001/finance-data-project-1/.venv/lib/python3.10/site-packages/airflow/example_dags/tutorial_dag.py
[2025-06-15T00:02:22.009-0400] {processor.py:839} INFO - DAG(s) dict_keys(['tutorial_dag']) retrieved from /Users/rah/Desktop/creative_projects/rah_coding_repo/projects/fin_data_project_001/finance-data-project-1/.venv/lib/python3.10/site-packages/airflow/example_dags/tutorial_dag.py
[2025-06-15T00:02:22.107-0400] {logging_mixin.py:154} INFO - [2025-06-15T00:02:22.107-0400] {dag.py:2941} INFO - Sync 1 DAGs
[2025-06-15T00:02:22.112-0400] {logging_mixin.py:154} INFO - [2025-06-15T00:02:22.112-0400] {dag.py:3722} INFO - Setting next_dagrun for tutorial_dag to None, run_after=None
[2025-06-15T00:02:22.121-0400] {processor.py:179} INFO - Processing /Users/rah/Desktop/creative_projects/rah_coding_repo/projects/fin_data_project_001/finance-data-project-1/.venv/lib/python3.10/site-packages/airflow/example_dags/tutorial_dag.py took 0.131 seconds
[2025-06-15T00:03:01.785-0400] {processor.py:157} INFO - Started process (PID=54035) to work on /Users/rah/.pyenv/versions/3.10.11/lib/python3.10/site-packages/airflow/example_dags/tutorial_dag.py
[2025-06-15T00:03:01.788-0400] {processor.py:829} INFO - Processing file /Users/rah/.pyenv/versions/3.10.11/lib/python3.10/site-packages/airflow/example_dags/tutorial_dag.py for tasks to queue
[2025-06-15T00:03:01.788-0400] {logging_mixin.py:154} INFO - [2025-06-15T00:03:01.788-0400] {dagbag.py:536} INFO - Filling up the DagBag from /Users/rah/.pyenv/versions/3.10.11/lib/python3.10/site-packages/airflow/example_dags/tutorial_dag.py
[2025-06-15T00:03:01.805-0400] {processor.py:839} INFO - DAG(s) dict_keys(['tutorial_dag']) retrieved from /Users/rah/.pyenv/versions/3.10.11/lib/python3.10/site-packages/airflow/example_dags/tutorial_dag.py
[2025-06-15T00:03:02.177-0400] {logging_mixin.py:154} INFO - [2025-06-15T00:03:02.176-0400] {dag.py:2941} INFO - Sync 1 DAGs
[2025-06-15T00:03:02.181-0400] {logging_mixin.py:154} INFO - [2025-06-15T00:03:02.181-0400] {dag.py:3722} INFO - Setting next_dagrun for tutorial_dag to None, run_after=None
[2025-06-15T00:03:02.190-0400] {processor.py:179} INFO - Processing /Users/rah/.pyenv/versions/3.10.11/lib/python3.10/site-packages/airflow/example_dags/tutorial_dag.py took 0.406 seconds
[2025-06-15T00:06:27.001-0400] {processor.py:157} INFO - Started process (PID=56888) to work on /Users/rah/.pyenv/versions/3.10.11/lib/python3.10/site-packages/airflow/example_dags/tutorial_dag.py
[2025-06-15T00:06:27.005-0400] {processor.py:829} INFO - Processing file /Users/rah/.pyenv/versions/3.10.11/lib/python3.10/site-packages/airflow/example_dags/tutorial_dag.py for tasks to queue
[2025-06-15T00:06:27.005-0400] {logging_mixin.py:154} INFO - [2025-06-15T00:06:27.005-0400] {dagbag.py:536} INFO - Filling up the DagBag from /Users/rah/.pyenv/versions/3.10.11/lib/python3.10/site-packages/airflow/example_dags/tutorial_dag.py
[2025-06-15T00:06:27.020-0400] {processor.py:839} INFO - DAG(s) dict_keys(['tutorial_dag']) retrieved from /Users/rah/.pyenv/versions/3.10.11/lib/python3.10/site-packages/airflow/example_dags/tutorial_dag.py
[2025-06-15T00:06:27.132-0400] {logging_mixin.py:154} INFO - [2025-06-15T00:06:27.132-0400] {dag.py:2941} INFO - Sync 1 DAGs
[2025-06-15T00:06:27.136-0400] {logging_mixin.py:154} INFO - [2025-06-15T00:06:27.136-0400] {dag.py:3722} INFO - Setting next_dagrun for tutorial_dag to None, run_after=None
[2025-06-15T00:06:27.144-0400] {processor.py:179} INFO - Processing /Users/rah/.pyenv/versions/3.10.11/lib/python3.10/site-packages/airflow/example_dags/tutorial_dag.py took 0.143 seconds
[2025-06-15T00:07:54.264-0400] {processor.py:157} INFO - Started process (PID=57828) to work on /Users/rah/.pyenv/versions/3.10.11/lib/python3.10/site-packages/airflow/example_dags/tutorial_dag.py
[2025-06-15T00:07:54.267-0400] {processor.py:829} INFO - Processing file /Users/rah/.pyenv/versions/3.10.11/lib/python3.10/site-packages/airflow/example_dags/tutorial_dag.py for tasks to queue
[2025-06-15T00:07:54.268-0400] {logging_mixin.py:154} INFO - [2025-06-15T00:07:54.268-0400] {dagbag.py:536} INFO - Filling up the DagBag from /Users/rah/.pyenv/versions/3.10.11/lib/python3.10/site-packages/airflow/example_dags/tutorial_dag.py
[2025-06-15T00:07:54.282-0400] {processor.py:839} INFO - DAG(s) dict_keys(['tutorial_dag']) retrieved from /Users/rah/.pyenv/versions/3.10.11/lib/python3.10/site-packages/airflow/example_dags/tutorial_dag.py
[2025-06-15T00:07:54.396-0400] {logging_mixin.py:154} INFO - [2025-06-15T00:07:54.396-0400] {dag.py:2941} INFO - Sync 1 DAGs
[2025-06-15T00:07:54.399-0400] {logging_mixin.py:154} INFO - [2025-06-15T00:07:54.399-0400] {dag.py:3722} INFO - Setting next_dagrun for tutorial_dag to None, run_after=None
[2025-06-15T00:07:54.407-0400] {processor.py:179} INFO - Processing /Users/rah/.pyenv/versions/3.10.11/lib/python3.10/site-packages/airflow/example_dags/tutorial_dag.py took 0.143 seconds
[2025-06-15T00:08:50.798-0400] {processor.py:157} INFO - Started process (PID=58882) to work on /Users/rah/.pyenv/versions/3.10.11/lib/python3.10/site-packages/airflow/example_dags/tutorial_dag.py
[2025-06-15T00:08:50.801-0400] {processor.py:829} INFO - Processing file /Users/rah/.pyenv/versions/3.10.11/lib/python3.10/site-packages/airflow/example_dags/tutorial_dag.py for tasks to queue
[2025-06-15T00:08:50.802-0400] {logging_mixin.py:154} INFO - [2025-06-15T00:08:50.802-0400] {dagbag.py:536} INFO - Filling up the DagBag from /Users/rah/.pyenv/versions/3.10.11/lib/python3.10/site-packages/airflow/example_dags/tutorial_dag.py
[2025-06-15T00:08:50.821-0400] {processor.py:839} INFO - DAG(s) dict_keys(['tutorial_dag']) retrieved from /Users/rah/.pyenv/versions/3.10.11/lib/python3.10/site-packages/airflow/example_dags/tutorial_dag.py
[2025-06-15T00:08:50.944-0400] {logging_mixin.py:154} INFO - [2025-06-15T00:08:50.944-0400] {dag.py:2941} INFO - Sync 1 DAGs
[2025-06-15T00:08:50.948-0400] {logging_mixin.py:154} INFO - [2025-06-15T00:08:50.948-0400] {dag.py:3722} INFO - Setting next_dagrun for tutorial_dag to None, run_after=None
[2025-06-15T00:08:50.957-0400] {processor.py:179} INFO - Processing /Users/rah/.pyenv/versions/3.10.11/lib/python3.10/site-packages/airflow/example_dags/tutorial_dag.py took 0.159 seconds
[2025-06-15T00:09:43.249-0400] {processor.py:157} INFO - Started process (PID=59837) to work on /Users/rah/.pyenv/versions/3.10.11/lib/python3.10/site-packages/airflow/example_dags/tutorial_dag.py
[2025-06-15T00:09:43.252-0400] {processor.py:829} INFO - Processing file /Users/rah/.pyenv/versions/3.10.11/lib/python3.10/site-packages/airflow/example_dags/tutorial_dag.py for tasks to queue
[2025-06-15T00:09:43.252-0400] {logging_mixin.py:154} INFO - [2025-06-15T00:09:43.252-0400] {dagbag.py:536} INFO - Filling up the DagBag from /Users/rah/.pyenv/versions/3.10.11/lib/python3.10/site-packages/airflow/example_dags/tutorial_dag.py
[2025-06-15T00:09:43.267-0400] {processor.py:839} INFO - DAG(s) dict_keys(['tutorial_dag']) retrieved from /Users/rah/.pyenv/versions/3.10.11/lib/python3.10/site-packages/airflow/example_dags/tutorial_dag.py
[2025-06-15T00:09:43.383-0400] {logging_mixin.py:154} INFO - [2025-06-15T00:09:43.383-0400] {dag.py:2941} INFO - Sync 1 DAGs
[2025-06-15T00:09:43.387-0400] {logging_mixin.py:154} INFO - [2025-06-15T00:09:43.387-0400] {dag.py:3722} INFO - Setting next_dagrun for tutorial_dag to None, run_after=None
[2025-06-15T00:09:43.395-0400] {processor.py:179} INFO - Processing /Users/rah/.pyenv/versions/3.10.11/lib/python3.10/site-packages/airflow/example_dags/tutorial_dag.py took 0.147 seconds
[2025-06-15T00:10:33.974-0400] {processor.py:157} INFO - Started process (PID=60690) to work on /Users/rah/.pyenv/versions/3.10.11/lib/python3.10/site-packages/airflow/example_dags/tutorial_dag.py
[2025-06-15T00:10:33.977-0400] {processor.py:829} INFO - Processing file /Users/rah/.pyenv/versions/3.10.11/lib/python3.10/site-packages/airflow/example_dags/tutorial_dag.py for tasks to queue
[2025-06-15T00:10:33.977-0400] {logging_mixin.py:154} INFO - [2025-06-15T00:10:33.977-0400] {dagbag.py:536} INFO - Filling up the DagBag from /Users/rah/.pyenv/versions/3.10.11/lib/python3.10/site-packages/airflow/example_dags/tutorial_dag.py
[2025-06-15T00:10:33.992-0400] {processor.py:839} INFO - DAG(s) dict_keys(['tutorial_dag']) retrieved from /Users/rah/.pyenv/versions/3.10.11/lib/python3.10/site-packages/airflow/example_dags/tutorial_dag.py
[2025-06-15T00:10:34.113-0400] {logging_mixin.py:154} INFO - [2025-06-15T00:10:34.113-0400] {dag.py:2941} INFO - Sync 1 DAGs
[2025-06-15T00:10:34.117-0400] {logging_mixin.py:154} INFO - [2025-06-15T00:10:34.117-0400] {dag.py:3722} INFO - Setting next_dagrun for tutorial_dag to None, run_after=None
[2025-06-15T00:10:34.125-0400] {processor.py:179} INFO - Processing /Users/rah/.pyenv/versions/3.10.11/lib/python3.10/site-packages/airflow/example_dags/tutorial_dag.py took 0.151 seconds
[2025-06-15T00:11:22.294-0400] {processor.py:157} INFO - Started process (PID=61331) to work on /Users/rah/.pyenv/versions/3.10.11/lib/python3.10/site-packages/airflow/example_dags/tutorial_dag.py
[2025-06-15T00:11:22.297-0400] {processor.py:829} INFO - Processing file /Users/rah/.pyenv/versions/3.10.11/lib/python3.10/site-packages/airflow/example_dags/tutorial_dag.py for tasks to queue
[2025-06-15T00:11:22.297-0400] {logging_mixin.py:154} INFO - [2025-06-15T00:11:22.297-0400] {dagbag.py:536} INFO - Filling up the DagBag from /Users/rah/.pyenv/versions/3.10.11/lib/python3.10/site-packages/airflow/example_dags/tutorial_dag.py
[2025-06-15T00:11:22.311-0400] {processor.py:839} INFO - DAG(s) dict_keys(['tutorial_dag']) retrieved from /Users/rah/.pyenv/versions/3.10.11/lib/python3.10/site-packages/airflow/example_dags/tutorial_dag.py
[2025-06-15T00:11:22.421-0400] {logging_mixin.py:154} INFO - [2025-06-15T00:11:22.421-0400] {dag.py:2941} INFO - Sync 1 DAGs
[2025-06-15T00:11:22.425-0400] {logging_mixin.py:154} INFO - [2025-06-15T00:11:22.425-0400] {dag.py:3722} INFO - Setting next_dagrun for tutorial_dag to None, run_after=None
[2025-06-15T00:11:22.432-0400] {processor.py:179} INFO - Processing /Users/rah/.pyenv/versions/3.10.11/lib/python3.10/site-packages/airflow/example_dags/tutorial_dag.py took 0.139 seconds
[2025-06-15T00:12:13.884-0400] {processor.py:157} INFO - Started process (PID=62251) to work on /Users/rah/.pyenv/versions/3.10.11/lib/python3.10/site-packages/airflow/example_dags/tutorial_dag.py
[2025-06-15T00:12:13.887-0400] {processor.py:829} INFO - Processing file /Users/rah/.pyenv/versions/3.10.11/lib/python3.10/site-packages/airflow/example_dags/tutorial_dag.py for tasks to queue
[2025-06-15T00:12:13.887-0400] {logging_mixin.py:154} INFO - [2025-06-15T00:12:13.887-0400] {dagbag.py:536} INFO - Filling up the DagBag from /Users/rah/.pyenv/versions/3.10.11/lib/python3.10/site-packages/airflow/example_dags/tutorial_dag.py
[2025-06-15T00:12:13.902-0400] {processor.py:839} INFO - DAG(s) dict_keys(['tutorial_dag']) retrieved from /Users/rah/.pyenv/versions/3.10.11/lib/python3.10/site-packages/airflow/example_dags/tutorial_dag.py
[2025-06-15T00:12:14.011-0400] {logging_mixin.py:154} INFO - [2025-06-15T00:12:14.010-0400] {dag.py:2941} INFO - Sync 1 DAGs
[2025-06-15T00:12:14.014-0400] {logging_mixin.py:154} INFO - [2025-06-15T00:12:14.014-0400] {dag.py:3722} INFO - Setting next_dagrun for tutorial_dag to None, run_after=None
[2025-06-15T00:12:14.022-0400] {processor.py:179} INFO - Processing /Users/rah/.pyenv/versions/3.10.11/lib/python3.10/site-packages/airflow/example_dags/tutorial_dag.py took 0.138 seconds
[2025-06-15T00:13:06.536-0400] {processor.py:157} INFO - Started process (PID=62875) to work on /Users/rah/.pyenv/versions/3.10.11/lib/python3.10/site-packages/airflow/example_dags/tutorial_dag.py
[2025-06-15T00:13:06.539-0400] {processor.py:829} INFO - Processing file /Users/rah/.pyenv/versions/3.10.11/lib/python3.10/site-packages/airflow/example_dags/tutorial_dag.py for tasks to queue
[2025-06-15T00:13:06.539-0400] {logging_mixin.py:154} INFO - [2025-06-15T00:13:06.539-0400] {dagbag.py:536} INFO - Filling up the DagBag from /Users/rah/.pyenv/versions/3.10.11/lib/python3.10/site-packages/airflow/example_dags/tutorial_dag.py
[2025-06-15T00:13:06.553-0400] {processor.py:839} INFO - DAG(s) dict_keys(['tutorial_dag']) retrieved from /Users/rah/.pyenv/versions/3.10.11/lib/python3.10/site-packages/airflow/example_dags/tutorial_dag.py
[2025-06-15T00:13:06.662-0400] {logging_mixin.py:154} INFO - [2025-06-15T00:13:06.661-0400] {dag.py:2941} INFO - Sync 1 DAGs
[2025-06-15T00:13:06.665-0400] {logging_mixin.py:154} INFO - [2025-06-15T00:13:06.665-0400] {dag.py:3722} INFO - Setting next_dagrun for tutorial_dag to None, run_after=None
[2025-06-15T00:13:06.673-0400] {processor.py:179} INFO - Processing /Users/rah/.pyenv/versions/3.10.11/lib/python3.10/site-packages/airflow/example_dags/tutorial_dag.py took 0.137 seconds
[2025-06-15T00:13:57.034-0400] {processor.py:157} INFO - Started process (PID=63808) to work on /Users/rah/.pyenv/versions/3.10.11/lib/python3.10/site-packages/airflow/example_dags/tutorial_dag.py
[2025-06-15T00:13:57.037-0400] {processor.py:829} INFO - Processing file /Users/rah/.pyenv/versions/3.10.11/lib/python3.10/site-packages/airflow/example_dags/tutorial_dag.py for tasks to queue
[2025-06-15T00:13:57.037-0400] {logging_mixin.py:154} INFO - [2025-06-15T00:13:57.037-0400] {dagbag.py:536} INFO - Filling up the DagBag from /Users/rah/.pyenv/versions/3.10.11/lib/python3.10/site-packages/airflow/example_dags/tutorial_dag.py
[2025-06-15T00:13:57.051-0400] {processor.py:839} INFO - DAG(s) dict_keys(['tutorial_dag']) retrieved from /Users/rah/.pyenv/versions/3.10.11/lib/python3.10/site-packages/airflow/example_dags/tutorial_dag.py
[2025-06-15T00:13:57.167-0400] {logging_mixin.py:154} INFO - [2025-06-15T00:13:57.167-0400] {dag.py:2941} INFO - Sync 1 DAGs
[2025-06-15T00:13:57.171-0400] {logging_mixin.py:154} INFO - [2025-06-15T00:13:57.171-0400] {dag.py:3722} INFO - Setting next_dagrun for tutorial_dag to None, run_after=None
[2025-06-15T00:13:57.179-0400] {processor.py:179} INFO - Processing /Users/rah/.pyenv/versions/3.10.11/lib/python3.10/site-packages/airflow/example_dags/tutorial_dag.py took 0.146 seconds
[2025-06-15T00:14:47.151-0400] {processor.py:157} INFO - Started process (PID=64733) to work on /Users/rah/.pyenv/versions/3.10.11/lib/python3.10/site-packages/airflow/example_dags/tutorial_dag.py
[2025-06-15T00:14:47.154-0400] {processor.py:829} INFO - Processing file /Users/rah/.pyenv/versions/3.10.11/lib/python3.10/site-packages/airflow/example_dags/tutorial_dag.py for tasks to queue
[2025-06-15T00:14:47.154-0400] {logging_mixin.py:154} INFO - [2025-06-15T00:14:47.154-0400] {dagbag.py:536} INFO - Filling up the DagBag from /Users/rah/.pyenv/versions/3.10.11/lib/python3.10/site-packages/airflow/example_dags/tutorial_dag.py
[2025-06-15T00:14:47.168-0400] {processor.py:839} INFO - DAG(s) dict_keys(['tutorial_dag']) retrieved from /Users/rah/.pyenv/versions/3.10.11/lib/python3.10/site-packages/airflow/example_dags/tutorial_dag.py
[2025-06-15T00:14:47.277-0400] {logging_mixin.py:154} INFO - [2025-06-15T00:14:47.277-0400] {dag.py:2941} INFO - Sync 1 DAGs
[2025-06-15T00:14:47.281-0400] {logging_mixin.py:154} INFO - [2025-06-15T00:14:47.281-0400] {dag.py:3722} INFO - Setting next_dagrun for tutorial_dag to None, run_after=None
[2025-06-15T00:14:47.288-0400] {processor.py:179} INFO - Processing /Users/rah/.pyenv/versions/3.10.11/lib/python3.10/site-packages/airflow/example_dags/tutorial_dag.py took 0.137 seconds
