[2025-06-14T23:48:42.756-0400] {processor.py:157} INFO - Started process (PID=39796) to work on /Users/rah/.pyenv/versions/3.10.11/lib/python3.10/site-packages/airflow/example_dags/tutorial.py
[2025-06-14T23:48:42.759-0400] {processor.py:829} INFO - Processing file /Users/rah/.pyenv/versions/3.10.11/lib/python3.10/site-packages/airflow/example_dags/tutorial.py for tasks to queue
[2025-06-14T23:48:42.759-0400] {logging_mixin.py:154} INFO - [2025-06-14T23:48:42.759-0400] {dagbag.py:536} INFO - Filling up the DagBag from /Users/rah/.pyenv/versions/3.10.11/lib/python3.10/site-packages/airflow/example_dags/tutorial.py
[2025-06-14T23:48:42.769-0400] {processor.py:839} INFO - DAG(s) dict_keys(['tutorial']) retrieved from /Users/rah/.pyenv/versions/3.10.11/lib/python3.10/site-packages/airflow/example_dags/tutorial.py
[2025-06-14T23:48:43.210-0400] {logging_mixin.py:154} INFO - [2025-06-14T23:48:43.209-0400] {manager.py:499} INFO - Created Permission View: %s
[2025-06-14T23:48:43.216-0400] {logging_mixin.py:154} INFO - [2025-06-14T23:48:43.216-0400] {manager.py:499} INFO - Created Permission View: %s
[2025-06-14T23:48:43.219-0400] {logging_mixin.py:154} INFO - [2025-06-14T23:48:43.219-0400] {manager.py:499} INFO - Created Permission View: %s
[2025-06-14T23:48:43.220-0400] {logging_mixin.py:154} INFO - [2025-06-14T23:48:43.220-0400] {dag.py:2941} INFO - Sync 1 DAGs
[2025-06-14T23:48:43.225-0400] {logging_mixin.py:154} INFO - [2025-06-14T23:48:43.225-0400] {dag.py:2963} INFO - Creating ORM DAG for tutorial
[2025-06-14T23:48:43.234-0400] {logging_mixin.py:154} INFO - [2025-06-14T23:48:43.234-0400] {dag.py:3722} INFO - Setting next_dagrun for tutorial to 2025-06-14T03:48:43.234010+00:00, run_after=2025-06-15T03:48:43.234010+00:00
[2025-06-14T23:48:43.260-0400] {processor.py:179} INFO - Processing /Users/rah/.pyenv/versions/3.10.11/lib/python3.10/site-packages/airflow/example_dags/tutorial.py took 0.505 seconds
[2025-06-14T23:50:16.517-0400] {processor.py:157} INFO - Started process (PID=40891) to work on /Users/rah/.pyenv/versions/3.10.11/lib/python3.10/site-packages/airflow/example_dags/tutorial.py
[2025-06-14T23:50:16.521-0400] {processor.py:829} INFO - Processing file /Users/rah/.pyenv/versions/3.10.11/lib/python3.10/site-packages/airflow/example_dags/tutorial.py for tasks to queue
[2025-06-14T23:50:16.521-0400] {logging_mixin.py:154} INFO - [2025-06-14T23:50:16.521-0400] {dagbag.py:536} INFO - Filling up the DagBag from /Users/rah/.pyenv/versions/3.10.11/lib/python3.10/site-packages/airflow/example_dags/tutorial.py
[2025-06-14T23:50:16.531-0400] {processor.py:839} INFO - DAG(s) dict_keys(['tutorial']) retrieved from /Users/rah/.pyenv/versions/3.10.11/lib/python3.10/site-packages/airflow/example_dags/tutorial.py
[2025-06-14T23:50:16.642-0400] {logging_mixin.py:154} INFO - [2025-06-14T23:50:16.642-0400] {dag.py:2941} INFO - Sync 1 DAGs
[2025-06-14T23:50:16.649-0400] {logging_mixin.py:154} INFO - [2025-06-14T23:50:16.649-0400] {dag.py:3722} INFO - Setting next_dagrun for tutorial to 2025-06-14T03:50:16.649190+00:00, run_after=2025-06-15T03:50:16.649190+00:00
[2025-06-14T23:50:16.656-0400] {processor.py:179} INFO - Processing /Users/rah/.pyenv/versions/3.10.11/lib/python3.10/site-packages/airflow/example_dags/tutorial.py took 0.140 seconds
[2025-06-14T23:55:02.927-0400] {processor.py:157} INFO - Started process (PID=45629) to work on /Users/rah/Desktop/creative_projects/rah_coding_repo/projects/fin_data_project_001/finance-data-project-1/.venv/lib/python3.10/site-packages/airflow/example_dags/tutorial.py
[2025-06-14T23:55:02.930-0400] {processor.py:829} INFO - Processing file /Users/rah/Desktop/creative_projects/rah_coding_repo/projects/fin_data_project_001/finance-data-project-1/.venv/lib/python3.10/site-packages/airflow/example_dags/tutorial.py for tasks to queue
[2025-06-14T23:55:02.930-0400] {logging_mixin.py:154} INFO - [2025-06-14T23:55:02.930-0400] {dagbag.py:536} INFO - Filling up the DagBag from /Users/rah/Desktop/creative_projects/rah_coding_repo/projects/fin_data_project_001/finance-data-project-1/.venv/lib/python3.10/site-packages/airflow/example_dags/tutorial.py
[2025-06-14T23:55:02.939-0400] {processor.py:839} INFO - DAG(s) dict_keys(['tutorial']) retrieved from /Users/rah/Desktop/creative_projects/rah_coding_repo/projects/fin_data_project_001/finance-data-project-1/.venv/lib/python3.10/site-packages/airflow/example_dags/tutorial.py
[2025-06-14T23:55:03.029-0400] {logging_mixin.py:154} INFO - [2025-06-14T23:55:03.029-0400] {dag.py:2941} INFO - Sync 1 DAGs
[2025-06-14T23:55:03.035-0400] {logging_mixin.py:154} INFO - [2025-06-14T23:55:03.035-0400] {dag.py:3722} INFO - Setting next_dagrun for tutorial to 2025-06-14T03:55:03.035741+00:00, run_after=2025-06-15T03:55:03.035741+00:00
[2025-06-14T23:55:03.043-0400] {processor.py:179} INFO - Processing /Users/rah/Desktop/creative_projects/rah_coding_repo/projects/fin_data_project_001/finance-data-project-1/.venv/lib/python3.10/site-packages/airflow/example_dags/tutorial.py took 0.117 seconds
[2025-06-14T23:56:08.311-0400] {processor.py:157} INFO - Started process (PID=46938) to work on /Users/rah/Desktop/creative_projects/rah_coding_repo/projects/fin_data_project_001/finance-data-project-1/.venv/lib/python3.10/site-packages/airflow/example_dags/tutorial.py
[2025-06-14T23:56:08.314-0400] {processor.py:829} INFO - Processing file /Users/rah/Desktop/creative_projects/rah_coding_repo/projects/fin_data_project_001/finance-data-project-1/.venv/lib/python3.10/site-packages/airflow/example_dags/tutorial.py for tasks to queue
[2025-06-14T23:56:08.315-0400] {logging_mixin.py:154} INFO - [2025-06-14T23:56:08.315-0400] {dagbag.py:536} INFO - Filling up the DagBag from /Users/rah/Desktop/creative_projects/rah_coding_repo/projects/fin_data_project_001/finance-data-project-1/.venv/lib/python3.10/site-packages/airflow/example_dags/tutorial.py
[2025-06-14T23:56:08.323-0400] {processor.py:839} INFO - DAG(s) dict_keys(['tutorial']) retrieved from /Users/rah/Desktop/creative_projects/rah_coding_repo/projects/fin_data_project_001/finance-data-project-1/.venv/lib/python3.10/site-packages/airflow/example_dags/tutorial.py
[2025-06-14T23:56:08.415-0400] {logging_mixin.py:154} INFO - [2025-06-14T23:56:08.415-0400] {dag.py:2941} INFO - Sync 1 DAGs
[2025-06-14T23:56:08.421-0400] {logging_mixin.py:154} INFO - [2025-06-14T23:56:08.421-0400] {dag.py:3722} INFO - Setting next_dagrun for tutorial to 2025-06-14T03:56:08.421589+00:00, run_after=2025-06-15T03:56:08.421589+00:00
[2025-06-14T23:56:08.430-0400] {processor.py:179} INFO - Processing /Users/rah/Desktop/creative_projects/rah_coding_repo/projects/fin_data_project_001/finance-data-project-1/.venv/lib/python3.10/site-packages/airflow/example_dags/tutorial.py took 0.119 seconds
[2025-06-14T23:56:24.735-0400] {processor.py:157} INFO - Started process (PID=47233) to work on /Users/rah/Desktop/creative_projects/rah_coding_repo/projects/fin_data_project_001/finance-data-project-1/.venv/lib/python3.10/site-packages/airflow/example_dags/tutorial.py
[2025-06-14T23:56:24.737-0400] {processor.py:829} INFO - Processing file /Users/rah/Desktop/creative_projects/rah_coding_repo/projects/fin_data_project_001/finance-data-project-1/.venv/lib/python3.10/site-packages/airflow/example_dags/tutorial.py for tasks to queue
[2025-06-14T23:56:24.737-0400] {logging_mixin.py:154} INFO - [2025-06-14T23:56:24.737-0400] {dagbag.py:536} INFO - Filling up the DagBag from /Users/rah/Desktop/creative_projects/rah_coding_repo/projects/fin_data_project_001/finance-data-project-1/.venv/lib/python3.10/site-packages/airflow/example_dags/tutorial.py
[2025-06-14T23:56:24.747-0400] {processor.py:839} INFO - DAG(s) dict_keys(['tutorial']) retrieved from /Users/rah/Desktop/creative_projects/rah_coding_repo/projects/fin_data_project_001/finance-data-project-1/.venv/lib/python3.10/site-packages/airflow/example_dags/tutorial.py
[2025-06-14T23:56:24.848-0400] {logging_mixin.py:154} INFO - [2025-06-14T23:56:24.848-0400] {dag.py:2941} INFO - Sync 1 DAGs
[2025-06-14T23:56:24.855-0400] {logging_mixin.py:154} INFO - [2025-06-14T23:56:24.855-0400] {dag.py:3722} INFO - Setting next_dagrun for tutorial to 2025-06-14T03:56:24.855621+00:00, run_after=2025-06-15T03:56:24.855621+00:00
[2025-06-14T23:56:24.865-0400] {processor.py:179} INFO - Processing /Users/rah/Desktop/creative_projects/rah_coding_repo/projects/fin_data_project_001/finance-data-project-1/.venv/lib/python3.10/site-packages/airflow/example_dags/tutorial.py took 0.130 seconds
[2025-06-14T23:56:59.717-0400] {processor.py:157} INFO - Started process (PID=48188) to work on /Users/rah/Desktop/creative_projects/rah_coding_repo/projects/fin_data_project_001/finance-data-project-1/.venv/lib/python3.10/site-packages/airflow/example_dags/tutorial.py
[2025-06-14T23:56:59.719-0400] {processor.py:829} INFO - Processing file /Users/rah/Desktop/creative_projects/rah_coding_repo/projects/fin_data_project_001/finance-data-project-1/.venv/lib/python3.10/site-packages/airflow/example_dags/tutorial.py for tasks to queue
[2025-06-14T23:56:59.720-0400] {logging_mixin.py:154} INFO - [2025-06-14T23:56:59.720-0400] {dagbag.py:536} INFO - Filling up the DagBag from /Users/rah/Desktop/creative_projects/rah_coding_repo/projects/fin_data_project_001/finance-data-project-1/.venv/lib/python3.10/site-packages/airflow/example_dags/tutorial.py
[2025-06-14T23:56:59.729-0400] {processor.py:839} INFO - DAG(s) dict_keys(['tutorial']) retrieved from /Users/rah/Desktop/creative_projects/rah_coding_repo/projects/fin_data_project_001/finance-data-project-1/.venv/lib/python3.10/site-packages/airflow/example_dags/tutorial.py
[2025-06-14T23:56:59.831-0400] {logging_mixin.py:154} INFO - [2025-06-14T23:56:59.830-0400] {dag.py:2941} INFO - Sync 1 DAGs
[2025-06-14T23:56:59.838-0400] {logging_mixin.py:154} INFO - [2025-06-14T23:56:59.838-0400] {dag.py:3722} INFO - Setting next_dagrun for tutorial to 2025-06-14T03:56:59.837950+00:00, run_after=2025-06-15T03:56:59.837950+00:00
[2025-06-14T23:56:59.847-0400] {processor.py:179} INFO - Processing /Users/rah/Desktop/creative_projects/rah_coding_repo/projects/fin_data_project_001/finance-data-project-1/.venv/lib/python3.10/site-packages/airflow/example_dags/tutorial.py took 0.130 seconds
[2025-06-14T23:57:16.263-0400] {processor.py:157} INFO - Started process (PID=48367) to work on /Users/rah/Desktop/creative_projects/rah_coding_repo/projects/fin_data_project_001/finance-data-project-1/.venv/lib/python3.10/site-packages/airflow/example_dags/tutorial.py
[2025-06-14T23:57:16.266-0400] {processor.py:829} INFO - Processing file /Users/rah/Desktop/creative_projects/rah_coding_repo/projects/fin_data_project_001/finance-data-project-1/.venv/lib/python3.10/site-packages/airflow/example_dags/tutorial.py for tasks to queue
[2025-06-14T23:57:16.267-0400] {logging_mixin.py:154} INFO - [2025-06-14T23:57:16.266-0400] {dagbag.py:536} INFO - Filling up the DagBag from /Users/rah/Desktop/creative_projects/rah_coding_repo/projects/fin_data_project_001/finance-data-project-1/.venv/lib/python3.10/site-packages/airflow/example_dags/tutorial.py
[2025-06-14T23:57:16.277-0400] {processor.py:839} INFO - DAG(s) dict_keys(['tutorial']) retrieved from /Users/rah/Desktop/creative_projects/rah_coding_repo/projects/fin_data_project_001/finance-data-project-1/.venv/lib/python3.10/site-packages/airflow/example_dags/tutorial.py
[2025-06-14T23:57:16.379-0400] {logging_mixin.py:154} INFO - [2025-06-14T23:57:16.379-0400] {dag.py:2941} INFO - Sync 1 DAGs
[2025-06-14T23:57:16.386-0400] {logging_mixin.py:154} INFO - [2025-06-14T23:57:16.386-0400] {dag.py:3722} INFO - Setting next_dagrun for tutorial to 2025-06-14T03:57:16.386018+00:00, run_after=2025-06-15T03:57:16.386018+00:00
[2025-06-14T23:57:16.399-0400] {processor.py:179} INFO - Processing /Users/rah/Desktop/creative_projects/rah_coding_repo/projects/fin_data_project_001/finance-data-project-1/.venv/lib/python3.10/site-packages/airflow/example_dags/tutorial.py took 0.137 seconds
[2025-06-14T23:57:26.741-0400] {processor.py:157} INFO - Started process (PID=48514) to work on /Users/rah/Desktop/creative_projects/rah_coding_repo/projects/fin_data_project_001/finance-data-project-1/.venv/lib/python3.10/site-packages/airflow/example_dags/tutorial.py
[2025-06-14T23:57:26.744-0400] {processor.py:829} INFO - Processing file /Users/rah/Desktop/creative_projects/rah_coding_repo/projects/fin_data_project_001/finance-data-project-1/.venv/lib/python3.10/site-packages/airflow/example_dags/tutorial.py for tasks to queue
[2025-06-14T23:57:26.744-0400] {logging_mixin.py:154} INFO - [2025-06-14T23:57:26.744-0400] {dagbag.py:536} INFO - Filling up the DagBag from /Users/rah/Desktop/creative_projects/rah_coding_repo/projects/fin_data_project_001/finance-data-project-1/.venv/lib/python3.10/site-packages/airflow/example_dags/tutorial.py
[2025-06-14T23:57:26.753-0400] {processor.py:839} INFO - DAG(s) dict_keys(['tutorial']) retrieved from /Users/rah/Desktop/creative_projects/rah_coding_repo/projects/fin_data_project_001/finance-data-project-1/.venv/lib/python3.10/site-packages/airflow/example_dags/tutorial.py
[2025-06-14T23:57:26.851-0400] {logging_mixin.py:154} INFO - [2025-06-14T23:57:26.851-0400] {dag.py:2941} INFO - Sync 1 DAGs
[2025-06-14T23:57:26.858-0400] {logging_mixin.py:154} INFO - [2025-06-14T23:57:26.858-0400] {dag.py:3722} INFO - Setting next_dagrun for tutorial to 2025-06-14T03:57:26.858231+00:00, run_after=2025-06-15T03:57:26.858231+00:00
[2025-06-14T23:57:26.866-0400] {processor.py:179} INFO - Processing /Users/rah/Desktop/creative_projects/rah_coding_repo/projects/fin_data_project_001/finance-data-project-1/.venv/lib/python3.10/site-packages/airflow/example_dags/tutorial.py took 0.126 seconds
[2025-06-14T23:58:02.371-0400] {processor.py:157} INFO - Started process (PID=49071) to work on /Users/rah/Desktop/creative_projects/rah_coding_repo/projects/fin_data_project_001/finance-data-project-1/.venv/lib/python3.10/site-packages/airflow/example_dags/tutorial.py
[2025-06-14T23:58:02.373-0400] {processor.py:829} INFO - Processing file /Users/rah/Desktop/creative_projects/rah_coding_repo/projects/fin_data_project_001/finance-data-project-1/.venv/lib/python3.10/site-packages/airflow/example_dags/tutorial.py for tasks to queue
[2025-06-14T23:58:02.373-0400] {logging_mixin.py:154} INFO - [2025-06-14T23:58:02.373-0400] {dagbag.py:536} INFO - Filling up the DagBag from /Users/rah/Desktop/creative_projects/rah_coding_repo/projects/fin_data_project_001/finance-data-project-1/.venv/lib/python3.10/site-packages/airflow/example_dags/tutorial.py
[2025-06-14T23:58:02.383-0400] {processor.py:839} INFO - DAG(s) dict_keys(['tutorial']) retrieved from /Users/rah/Desktop/creative_projects/rah_coding_repo/projects/fin_data_project_001/finance-data-project-1/.venv/lib/python3.10/site-packages/airflow/example_dags/tutorial.py
[2025-06-14T23:58:02.478-0400] {logging_mixin.py:154} INFO - [2025-06-14T23:58:02.478-0400] {dag.py:2941} INFO - Sync 1 DAGs
[2025-06-14T23:58:02.485-0400] {logging_mixin.py:154} INFO - [2025-06-14T23:58:02.485-0400] {dag.py:3722} INFO - Setting next_dagrun for tutorial to 2025-06-14T03:58:02.485733+00:00, run_after=2025-06-15T03:58:02.485733+00:00
[2025-06-14T23:58:02.496-0400] {processor.py:179} INFO - Processing /Users/rah/Desktop/creative_projects/rah_coding_repo/projects/fin_data_project_001/finance-data-project-1/.venv/lib/python3.10/site-packages/airflow/example_dags/tutorial.py took 0.126 seconds
[2025-06-14T23:58:16.585-0400] {processor.py:157} INFO - Started process (PID=49225) to work on /Users/rah/Desktop/creative_projects/rah_coding_repo/projects/fin_data_project_001/finance-data-project-1/.venv/lib/python3.10/site-packages/airflow/example_dags/tutorial.py
[2025-06-14T23:58:16.587-0400] {processor.py:829} INFO - Processing file /Users/rah/Desktop/creative_projects/rah_coding_repo/projects/fin_data_project_001/finance-data-project-1/.venv/lib/python3.10/site-packages/airflow/example_dags/tutorial.py for tasks to queue
[2025-06-14T23:58:16.587-0400] {logging_mixin.py:154} INFO - [2025-06-14T23:58:16.587-0400] {dagbag.py:536} INFO - Filling up the DagBag from /Users/rah/Desktop/creative_projects/rah_coding_repo/projects/fin_data_project_001/finance-data-project-1/.venv/lib/python3.10/site-packages/airflow/example_dags/tutorial.py
[2025-06-14T23:58:16.597-0400] {processor.py:839} INFO - DAG(s) dict_keys(['tutorial']) retrieved from /Users/rah/Desktop/creative_projects/rah_coding_repo/projects/fin_data_project_001/finance-data-project-1/.venv/lib/python3.10/site-packages/airflow/example_dags/tutorial.py
[2025-06-14T23:58:16.697-0400] {logging_mixin.py:154} INFO - [2025-06-14T23:58:16.697-0400] {dag.py:2941} INFO - Sync 1 DAGs
[2025-06-14T23:58:16.704-0400] {logging_mixin.py:154} INFO - [2025-06-14T23:58:16.704-0400] {dag.py:3722} INFO - Setting next_dagrun for tutorial to 2025-06-14T03:58:16.704250+00:00, run_after=2025-06-15T03:58:16.704250+00:00
[2025-06-14T23:58:16.713-0400] {processor.py:179} INFO - Processing /Users/rah/Desktop/creative_projects/rah_coding_repo/projects/fin_data_project_001/finance-data-project-1/.venv/lib/python3.10/site-packages/airflow/example_dags/tutorial.py took 0.129 seconds
[2025-06-14T23:58:17.409-0400] {processor.py:157} INFO - Started process (PID=49228) to work on /Users/rah/Desktop/creative_projects/rah_coding_repo/projects/fin_data_project_001/finance-data-project-1/.venv/lib/python3.10/site-packages/airflow/example_dags/tutorial.py
[2025-06-14T23:58:17.411-0400] {processor.py:829} INFO - Processing file /Users/rah/Desktop/creative_projects/rah_coding_repo/projects/fin_data_project_001/finance-data-project-1/.venv/lib/python3.10/site-packages/airflow/example_dags/tutorial.py for tasks to queue
[2025-06-14T23:58:17.411-0400] {logging_mixin.py:154} INFO - [2025-06-14T23:58:17.411-0400] {dagbag.py:536} INFO - Filling up the DagBag from /Users/rah/Desktop/creative_projects/rah_coding_repo/projects/fin_data_project_001/finance-data-project-1/.venv/lib/python3.10/site-packages/airflow/example_dags/tutorial.py
[2025-06-14T23:58:17.420-0400] {processor.py:839} INFO - DAG(s) dict_keys(['tutorial']) retrieved from /Users/rah/Desktop/creative_projects/rah_coding_repo/projects/fin_data_project_001/finance-data-project-1/.venv/lib/python3.10/site-packages/airflow/example_dags/tutorial.py
[2025-06-14T23:58:17.514-0400] {logging_mixin.py:154} INFO - [2025-06-14T23:58:17.514-0400] {dag.py:2941} INFO - Sync 1 DAGs
[2025-06-14T23:58:17.521-0400] {logging_mixin.py:154} INFO - [2025-06-14T23:58:17.521-0400] {dag.py:3722} INFO - Setting next_dagrun for tutorial to 2025-06-14T03:58:17.520985+00:00, run_after=2025-06-15T03:58:17.520985+00:00
[2025-06-14T23:58:17.529-0400] {processor.py:179} INFO - Processing /Users/rah/Desktop/creative_projects/rah_coding_repo/projects/fin_data_project_001/finance-data-project-1/.venv/lib/python3.10/site-packages/airflow/example_dags/tutorial.py took 0.121 seconds
[2025-06-14T23:58:50.642-0400] {processor.py:157} INFO - Started process (PID=50090) to work on /Users/rah/Desktop/creative_projects/rah_coding_repo/projects/fin_data_project_001/finance-data-project-1/.venv/lib/python3.10/site-packages/airflow/example_dags/tutorial.py
[2025-06-14T23:58:50.645-0400] {processor.py:829} INFO - Processing file /Users/rah/Desktop/creative_projects/rah_coding_repo/projects/fin_data_project_001/finance-data-project-1/.venv/lib/python3.10/site-packages/airflow/example_dags/tutorial.py for tasks to queue
[2025-06-14T23:58:50.646-0400] {logging_mixin.py:154} INFO - [2025-06-14T23:58:50.646-0400] {dagbag.py:536} INFO - Filling up the DagBag from /Users/rah/Desktop/creative_projects/rah_coding_repo/projects/fin_data_project_001/finance-data-project-1/.venv/lib/python3.10/site-packages/airflow/example_dags/tutorial.py
[2025-06-14T23:58:50.655-0400] {processor.py:839} INFO - DAG(s) dict_keys(['tutorial']) retrieved from /Users/rah/Desktop/creative_projects/rah_coding_repo/projects/fin_data_project_001/finance-data-project-1/.venv/lib/python3.10/site-packages/airflow/example_dags/tutorial.py
[2025-06-14T23:58:50.753-0400] {logging_mixin.py:154} INFO - [2025-06-14T23:58:50.753-0400] {dag.py:2941} INFO - Sync 1 DAGs
[2025-06-14T23:58:50.759-0400] {logging_mixin.py:154} INFO - [2025-06-14T23:58:50.759-0400] {dag.py:3722} INFO - Setting next_dagrun for tutorial to 2025-06-14T03:58:50.759605+00:00, run_after=2025-06-15T03:58:50.759605+00:00
[2025-06-14T23:58:50.768-0400] {processor.py:179} INFO - Processing /Users/rah/Desktop/creative_projects/rah_coding_repo/projects/fin_data_project_001/finance-data-project-1/.venv/lib/python3.10/site-packages/airflow/example_dags/tutorial.py took 0.126 seconds
[2025-06-14T23:59:03.961-0400] {processor.py:157} INFO - Started process (PID=50368) to work on /Users/rah/Desktop/creative_projects/rah_coding_repo/projects/fin_data_project_001/finance-data-project-1/.venv/lib/python3.10/site-packages/airflow/example_dags/tutorial.py
[2025-06-14T23:59:03.963-0400] {processor.py:829} INFO - Processing file /Users/rah/Desktop/creative_projects/rah_coding_repo/projects/fin_data_project_001/finance-data-project-1/.venv/lib/python3.10/site-packages/airflow/example_dags/tutorial.py for tasks to queue
[2025-06-14T23:59:03.963-0400] {logging_mixin.py:154} INFO - [2025-06-14T23:59:03.963-0400] {dagbag.py:536} INFO - Filling up the DagBag from /Users/rah/Desktop/creative_projects/rah_coding_repo/projects/fin_data_project_001/finance-data-project-1/.venv/lib/python3.10/site-packages/airflow/example_dags/tutorial.py
[2025-06-14T23:59:03.974-0400] {processor.py:839} INFO - DAG(s) dict_keys(['tutorial']) retrieved from /Users/rah/Desktop/creative_projects/rah_coding_repo/projects/fin_data_project_001/finance-data-project-1/.venv/lib/python3.10/site-packages/airflow/example_dags/tutorial.py
[2025-06-14T23:59:04.077-0400] {logging_mixin.py:154} INFO - [2025-06-14T23:59:04.077-0400] {dag.py:2941} INFO - Sync 1 DAGs
[2025-06-14T23:59:04.085-0400] {logging_mixin.py:154} INFO - [2025-06-14T23:59:04.084-0400] {dag.py:3722} INFO - Setting next_dagrun for tutorial to 2025-06-14T03:59:04.084912+00:00, run_after=2025-06-15T03:59:04.084912+00:00
[2025-06-14T23:59:04.094-0400] {processor.py:179} INFO - Processing /Users/rah/Desktop/creative_projects/rah_coding_repo/projects/fin_data_project_001/finance-data-project-1/.venv/lib/python3.10/site-packages/airflow/example_dags/tutorial.py took 0.134 seconds
[2025-06-14T23:59:04.212-0400] {processor.py:157} INFO - Started process (PID=50369) to work on /Users/rah/Desktop/creative_projects/rah_coding_repo/projects/fin_data_project_001/finance-data-project-1/.venv/lib/python3.10/site-packages/airflow/example_dags/tutorial.py
[2025-06-14T23:59:04.214-0400] {processor.py:829} INFO - Processing file /Users/rah/Desktop/creative_projects/rah_coding_repo/projects/fin_data_project_001/finance-data-project-1/.venv/lib/python3.10/site-packages/airflow/example_dags/tutorial.py for tasks to queue
[2025-06-14T23:59:04.215-0400] {logging_mixin.py:154} INFO - [2025-06-14T23:59:04.215-0400] {dagbag.py:536} INFO - Filling up the DagBag from /Users/rah/Desktop/creative_projects/rah_coding_repo/projects/fin_data_project_001/finance-data-project-1/.venv/lib/python3.10/site-packages/airflow/example_dags/tutorial.py
[2025-06-14T23:59:04.225-0400] {processor.py:839} INFO - DAG(s) dict_keys(['tutorial']) retrieved from /Users/rah/Desktop/creative_projects/rah_coding_repo/projects/fin_data_project_001/finance-data-project-1/.venv/lib/python3.10/site-packages/airflow/example_dags/tutorial.py
[2025-06-14T23:59:04.255-0400] {processor.py:157} INFO - Started process (PID=50370) to work on /Users/rah/Desktop/creative_projects/rah_coding_repo/projects/fin_data_project_001/finance-data-project-1/.venv/lib/python3.10/site-packages/airflow/example_dags/tutorial.py
[2025-06-14T23:59:04.257-0400] {processor.py:829} INFO - Processing file /Users/rah/Desktop/creative_projects/rah_coding_repo/projects/fin_data_project_001/finance-data-project-1/.venv/lib/python3.10/site-packages/airflow/example_dags/tutorial.py for tasks to queue
[2025-06-14T23:59:04.257-0400] {logging_mixin.py:154} INFO - [2025-06-14T23:59:04.257-0400] {dagbag.py:536} INFO - Filling up the DagBag from /Users/rah/Desktop/creative_projects/rah_coding_repo/projects/fin_data_project_001/finance-data-project-1/.venv/lib/python3.10/site-packages/airflow/example_dags/tutorial.py
[2025-06-14T23:59:04.268-0400] {processor.py:839} INFO - DAG(s) dict_keys(['tutorial']) retrieved from /Users/rah/Desktop/creative_projects/rah_coding_repo/projects/fin_data_project_001/finance-data-project-1/.venv/lib/python3.10/site-packages/airflow/example_dags/tutorial.py
[2025-06-14T23:59:04.328-0400] {logging_mixin.py:154} INFO - [2025-06-14T23:59:04.328-0400] {dag.py:2941} INFO - Sync 1 DAGs
[2025-06-14T23:59:04.335-0400] {logging_mixin.py:154} INFO - [2025-06-14T23:59:04.335-0400] {dag.py:3722} INFO - Setting next_dagrun for tutorial to 2025-06-14T03:59:04.335666+00:00, run_after=2025-06-15T03:59:04.335666+00:00
[2025-06-14T23:59:04.345-0400] {processor.py:179} INFO - Processing /Users/rah/Desktop/creative_projects/rah_coding_repo/projects/fin_data_project_001/finance-data-project-1/.venv/lib/python3.10/site-packages/airflow/example_dags/tutorial.py took 0.133 seconds
[2025-06-14T23:59:04.372-0400] {logging_mixin.py:154} INFO - [2025-06-14T23:59:04.372-0400] {dag.py:2941} INFO - Sync 1 DAGs
[2025-06-14T23:59:04.379-0400] {logging_mixin.py:154} INFO - [2025-06-14T23:59:04.379-0400] {dag.py:3722} INFO - Setting next_dagrun for tutorial to 2025-06-14T03:59:04.379739+00:00, run_after=2025-06-15T03:59:04.379739+00:00
[2025-06-14T23:59:04.389-0400] {processor.py:179} INFO - Processing /Users/rah/Desktop/creative_projects/rah_coding_repo/projects/fin_data_project_001/finance-data-project-1/.venv/lib/python3.10/site-packages/airflow/example_dags/tutorial.py took 0.135 seconds
[2025-06-14T23:59:42.379-0400] {processor.py:157} INFO - Started process (PID=50875) to work on /Users/rah/Desktop/creative_projects/rah_coding_repo/projects/fin_data_project_001/finance-data-project-1/.venv/lib/python3.10/site-packages/airflow/example_dags/tutorial.py
[2025-06-14T23:59:42.383-0400] {processor.py:829} INFO - Processing file /Users/rah/Desktop/creative_projects/rah_coding_repo/projects/fin_data_project_001/finance-data-project-1/.venv/lib/python3.10/site-packages/airflow/example_dags/tutorial.py for tasks to queue
[2025-06-14T23:59:42.383-0400] {logging_mixin.py:154} INFO - [2025-06-14T23:59:42.383-0400] {dagbag.py:536} INFO - Filling up the DagBag from /Users/rah/Desktop/creative_projects/rah_coding_repo/projects/fin_data_project_001/finance-data-project-1/.venv/lib/python3.10/site-packages/airflow/example_dags/tutorial.py
[2025-06-14T23:59:42.395-0400] {processor.py:839} INFO - DAG(s) dict_keys(['tutorial']) retrieved from /Users/rah/Desktop/creative_projects/rah_coding_repo/projects/fin_data_project_001/finance-data-project-1/.venv/lib/python3.10/site-packages/airflow/example_dags/tutorial.py
[2025-06-14T23:59:42.505-0400] {logging_mixin.py:154} INFO - [2025-06-14T23:59:42.505-0400] {dag.py:2941} INFO - Sync 1 DAGs
[2025-06-14T23:59:42.512-0400] {logging_mixin.py:154} INFO - [2025-06-14T23:59:42.512-0400] {dag.py:3722} INFO - Setting next_dagrun for tutorial to 2025-06-14T03:59:42.512697+00:00, run_after=2025-06-15T03:59:42.512697+00:00
[2025-06-14T23:59:42.522-0400] {processor.py:179} INFO - Processing /Users/rah/Desktop/creative_projects/rah_coding_repo/projects/fin_data_project_001/finance-data-project-1/.venv/lib/python3.10/site-packages/airflow/example_dags/tutorial.py took 0.143 seconds
[2025-06-14T23:59:51.685-0400] {processor.py:157} INFO - Started process (PID=51038) to work on /Users/rah/Desktop/creative_projects/rah_coding_repo/projects/fin_data_project_001/finance-data-project-1/.venv/lib/python3.10/site-packages/airflow/example_dags/tutorial.py
[2025-06-14T23:59:51.688-0400] {processor.py:829} INFO - Processing file /Users/rah/Desktop/creative_projects/rah_coding_repo/projects/fin_data_project_001/finance-data-project-1/.venv/lib/python3.10/site-packages/airflow/example_dags/tutorial.py for tasks to queue
[2025-06-14T23:59:51.688-0400] {logging_mixin.py:154} INFO - [2025-06-14T23:59:51.688-0400] {dagbag.py:536} INFO - Filling up the DagBag from /Users/rah/Desktop/creative_projects/rah_coding_repo/projects/fin_data_project_001/finance-data-project-1/.venv/lib/python3.10/site-packages/airflow/example_dags/tutorial.py
[2025-06-14T23:59:51.698-0400] {processor.py:839} INFO - DAG(s) dict_keys(['tutorial']) retrieved from /Users/rah/Desktop/creative_projects/rah_coding_repo/projects/fin_data_project_001/finance-data-project-1/.venv/lib/python3.10/site-packages/airflow/example_dags/tutorial.py
[2025-06-14T23:59:51.797-0400] {logging_mixin.py:154} INFO - [2025-06-14T23:59:51.797-0400] {dag.py:2941} INFO - Sync 1 DAGs
[2025-06-14T23:59:51.804-0400] {logging_mixin.py:154} INFO - [2025-06-14T23:59:51.804-0400] {dag.py:3722} INFO - Setting next_dagrun for tutorial to 2025-06-14T03:59:51.804331+00:00, run_after=2025-06-15T03:59:51.804331+00:00
[2025-06-14T23:59:51.813-0400] {processor.py:179} INFO - Processing /Users/rah/Desktop/creative_projects/rah_coding_repo/projects/fin_data_project_001/finance-data-project-1/.venv/lib/python3.10/site-packages/airflow/example_dags/tutorial.py took 0.128 seconds
[2025-06-14T23:59:57.009-0400] {processor.py:157} INFO - Started process (PID=51174) to work on /Users/rah/Desktop/creative_projects/rah_coding_repo/projects/fin_data_project_001/finance-data-project-1/.venv/lib/python3.10/site-packages/airflow/example_dags/tutorial.py
[2025-06-14T23:59:57.011-0400] {processor.py:829} INFO - Processing file /Users/rah/Desktop/creative_projects/rah_coding_repo/projects/fin_data_project_001/finance-data-project-1/.venv/lib/python3.10/site-packages/airflow/example_dags/tutorial.py for tasks to queue
[2025-06-14T23:59:57.011-0400] {logging_mixin.py:154} INFO - [2025-06-14T23:59:57.011-0400] {dagbag.py:536} INFO - Filling up the DagBag from /Users/rah/Desktop/creative_projects/rah_coding_repo/projects/fin_data_project_001/finance-data-project-1/.venv/lib/python3.10/site-packages/airflow/example_dags/tutorial.py
[2025-06-14T23:59:57.021-0400] {processor.py:839} INFO - DAG(s) dict_keys(['tutorial']) retrieved from /Users/rah/Desktop/creative_projects/rah_coding_repo/projects/fin_data_project_001/finance-data-project-1/.venv/lib/python3.10/site-packages/airflow/example_dags/tutorial.py
[2025-06-14T23:59:57.127-0400] {logging_mixin.py:154} INFO - [2025-06-14T23:59:57.127-0400] {dag.py:2941} INFO - Sync 1 DAGs
[2025-06-14T23:59:57.135-0400] {logging_mixin.py:154} INFO - [2025-06-14T23:59:57.134-0400] {dag.py:3722} INFO - Setting next_dagrun for tutorial to 2025-06-14T03:59:57.134812+00:00, run_after=2025-06-15T03:59:57.134812+00:00
[2025-06-14T23:59:57.143-0400] {processor.py:179} INFO - Processing /Users/rah/Desktop/creative_projects/rah_coding_repo/projects/fin_data_project_001/finance-data-project-1/.venv/lib/python3.10/site-packages/airflow/example_dags/tutorial.py took 0.135 seconds
[2025-06-15T00:00:29.447-0400] {processor.py:157} INFO - Started process (PID=51669) to work on /Users/rah/Desktop/creative_projects/rah_coding_repo/projects/fin_data_project_001/finance-data-project-1/.venv/lib/python3.10/site-packages/airflow/example_dags/tutorial.py
[2025-06-15T00:00:29.449-0400] {processor.py:829} INFO - Processing file /Users/rah/Desktop/creative_projects/rah_coding_repo/projects/fin_data_project_001/finance-data-project-1/.venv/lib/python3.10/site-packages/airflow/example_dags/tutorial.py for tasks to queue
[2025-06-15T00:00:29.449-0400] {logging_mixin.py:154} INFO - [2025-06-15T00:00:29.449-0400] {dagbag.py:536} INFO - Filling up the DagBag from /Users/rah/Desktop/creative_projects/rah_coding_repo/projects/fin_data_project_001/finance-data-project-1/.venv/lib/python3.10/site-packages/airflow/example_dags/tutorial.py
[2025-06-15T00:00:29.458-0400] {processor.py:839} INFO - DAG(s) dict_keys(['tutorial']) retrieved from /Users/rah/Desktop/creative_projects/rah_coding_repo/projects/fin_data_project_001/finance-data-project-1/.venv/lib/python3.10/site-packages/airflow/example_dags/tutorial.py
[2025-06-15T00:00:29.558-0400] {logging_mixin.py:154} INFO - [2025-06-15T00:00:29.558-0400] {dag.py:2941} INFO - Sync 1 DAGs
[2025-06-15T00:00:29.565-0400] {logging_mixin.py:154} INFO - [2025-06-15T00:00:29.565-0400] {dag.py:3722} INFO - Setting next_dagrun for tutorial to 2025-06-14T04:00:29.565587+00:00, run_after=2025-06-15T04:00:29.565587+00:00
[2025-06-15T00:00:29.575-0400] {processor.py:179} INFO - Processing /Users/rah/Desktop/creative_projects/rah_coding_repo/projects/fin_data_project_001/finance-data-project-1/.venv/lib/python3.10/site-packages/airflow/example_dags/tutorial.py took 0.129 seconds
[2025-06-15T00:00:34.923-0400] {processor.py:157} INFO - Started process (PID=51696) to work on /Users/rah/Desktop/creative_projects/rah_coding_repo/projects/fin_data_project_001/finance-data-project-1/.venv/lib/python3.10/site-packages/airflow/example_dags/tutorial.py
[2025-06-15T00:00:34.926-0400] {processor.py:829} INFO - Processing file /Users/rah/Desktop/creative_projects/rah_coding_repo/projects/fin_data_project_001/finance-data-project-1/.venv/lib/python3.10/site-packages/airflow/example_dags/tutorial.py for tasks to queue
[2025-06-15T00:00:34.926-0400] {logging_mixin.py:154} INFO - [2025-06-15T00:00:34.926-0400] {dagbag.py:536} INFO - Filling up the DagBag from /Users/rah/Desktop/creative_projects/rah_coding_repo/projects/fin_data_project_001/finance-data-project-1/.venv/lib/python3.10/site-packages/airflow/example_dags/tutorial.py
[2025-06-15T00:00:34.935-0400] {processor.py:839} INFO - DAG(s) dict_keys(['tutorial']) retrieved from /Users/rah/Desktop/creative_projects/rah_coding_repo/projects/fin_data_project_001/finance-data-project-1/.venv/lib/python3.10/site-packages/airflow/example_dags/tutorial.py
[2025-06-15T00:00:35.034-0400] {logging_mixin.py:154} INFO - [2025-06-15T00:00:35.033-0400] {dag.py:2941} INFO - Sync 1 DAGs
[2025-06-15T00:00:35.040-0400] {logging_mixin.py:154} INFO - [2025-06-15T00:00:35.040-0400] {dag.py:3722} INFO - Setting next_dagrun for tutorial to 2025-06-14T04:00:35.040579+00:00, run_after=2025-06-15T04:00:35.040579+00:00
[2025-06-15T00:00:35.049-0400] {processor.py:179} INFO - Processing /Users/rah/Desktop/creative_projects/rah_coding_repo/projects/fin_data_project_001/finance-data-project-1/.venv/lib/python3.10/site-packages/airflow/example_dags/tutorial.py took 0.126 seconds
[2025-06-15T00:00:35.925-0400] {processor.py:157} INFO - Started process (PID=51701) to work on /Users/rah/Desktop/creative_projects/rah_coding_repo/projects/fin_data_project_001/finance-data-project-1/.venv/lib/python3.10/site-packages/airflow/example_dags/tutorial.py
[2025-06-15T00:00:35.927-0400] {processor.py:829} INFO - Processing file /Users/rah/Desktop/creative_projects/rah_coding_repo/projects/fin_data_project_001/finance-data-project-1/.venv/lib/python3.10/site-packages/airflow/example_dags/tutorial.py for tasks to queue
[2025-06-15T00:00:35.927-0400] {logging_mixin.py:154} INFO - [2025-06-15T00:00:35.927-0400] {dagbag.py:536} INFO - Filling up the DagBag from /Users/rah/Desktop/creative_projects/rah_coding_repo/projects/fin_data_project_001/finance-data-project-1/.venv/lib/python3.10/site-packages/airflow/example_dags/tutorial.py
[2025-06-15T00:00:35.937-0400] {processor.py:839} INFO - DAG(s) dict_keys(['tutorial']) retrieved from /Users/rah/Desktop/creative_projects/rah_coding_repo/projects/fin_data_project_001/finance-data-project-1/.venv/lib/python3.10/site-packages/airflow/example_dags/tutorial.py
[2025-06-15T00:00:36.033-0400] {logging_mixin.py:154} INFO - [2025-06-15T00:00:36.033-0400] {dag.py:2941} INFO - Sync 1 DAGs
[2025-06-15T00:00:36.041-0400] {logging_mixin.py:154} INFO - [2025-06-15T00:00:36.041-0400] {dag.py:3722} INFO - Setting next_dagrun for tutorial to 2025-06-14T04:00:36.040959+00:00, run_after=2025-06-15T04:00:36.040959+00:00
[2025-06-15T00:00:36.050-0400] {processor.py:179} INFO - Processing /Users/rah/Desktop/creative_projects/rah_coding_repo/projects/fin_data_project_001/finance-data-project-1/.venv/lib/python3.10/site-packages/airflow/example_dags/tutorial.py took 0.126 seconds
[2025-06-15T00:00:49.968-0400] {processor.py:157} INFO - Started process (PID=51983) to work on /Users/rah/Desktop/creative_projects/rah_coding_repo/projects/fin_data_project_001/finance-data-project-1/.venv/lib/python3.10/site-packages/airflow/example_dags/tutorial.py
[2025-06-15T00:00:49.970-0400] {processor.py:829} INFO - Processing file /Users/rah/Desktop/creative_projects/rah_coding_repo/projects/fin_data_project_001/finance-data-project-1/.venv/lib/python3.10/site-packages/airflow/example_dags/tutorial.py for tasks to queue
[2025-06-15T00:00:49.971-0400] {logging_mixin.py:154} INFO - [2025-06-15T00:00:49.970-0400] {dagbag.py:536} INFO - Filling up the DagBag from /Users/rah/Desktop/creative_projects/rah_coding_repo/projects/fin_data_project_001/finance-data-project-1/.venv/lib/python3.10/site-packages/airflow/example_dags/tutorial.py
[2025-06-15T00:00:49.980-0400] {processor.py:839} INFO - DAG(s) dict_keys(['tutorial']) retrieved from /Users/rah/Desktop/creative_projects/rah_coding_repo/projects/fin_data_project_001/finance-data-project-1/.venv/lib/python3.10/site-packages/airflow/example_dags/tutorial.py
[2025-06-15T00:00:50.076-0400] {logging_mixin.py:154} INFO - [2025-06-15T00:00:50.076-0400] {dag.py:2941} INFO - Sync 1 DAGs
[2025-06-15T00:00:50.082-0400] {logging_mixin.py:154} INFO - [2025-06-15T00:00:50.082-0400] {dag.py:3722} INFO - Setting next_dagrun for tutorial to 2025-06-14T04:00:50.082786+00:00, run_after=2025-06-15T04:00:50.082786+00:00
[2025-06-15T00:00:50.091-0400] {processor.py:179} INFO - Processing /Users/rah/Desktop/creative_projects/rah_coding_repo/projects/fin_data_project_001/finance-data-project-1/.venv/lib/python3.10/site-packages/airflow/example_dags/tutorial.py took 0.124 seconds
[2025-06-15T00:01:17.954-0400] {processor.py:157} INFO - Started process (PID=52351) to work on /Users/rah/Desktop/creative_projects/rah_coding_repo/projects/fin_data_project_001/finance-data-project-1/.venv/lib/python3.10/site-packages/airflow/example_dags/tutorial.py
[2025-06-15T00:01:17.956-0400] {processor.py:829} INFO - Processing file /Users/rah/Desktop/creative_projects/rah_coding_repo/projects/fin_data_project_001/finance-data-project-1/.venv/lib/python3.10/site-packages/airflow/example_dags/tutorial.py for tasks to queue
[2025-06-15T00:01:17.956-0400] {logging_mixin.py:154} INFO - [2025-06-15T00:01:17.956-0400] {dagbag.py:536} INFO - Filling up the DagBag from /Users/rah/Desktop/creative_projects/rah_coding_repo/projects/fin_data_project_001/finance-data-project-1/.venv/lib/python3.10/site-packages/airflow/example_dags/tutorial.py
[2025-06-15T00:01:17.966-0400] {processor.py:839} INFO - DAG(s) dict_keys(['tutorial']) retrieved from /Users/rah/Desktop/creative_projects/rah_coding_repo/projects/fin_data_project_001/finance-data-project-1/.venv/lib/python3.10/site-packages/airflow/example_dags/tutorial.py
[2025-06-15T00:01:18.067-0400] {logging_mixin.py:154} INFO - [2025-06-15T00:01:18.067-0400] {dag.py:2941} INFO - Sync 1 DAGs
[2025-06-15T00:01:18.075-0400] {logging_mixin.py:154} INFO - [2025-06-15T00:01:18.074-0400] {dag.py:3722} INFO - Setting next_dagrun for tutorial to 2025-06-14T04:01:18.074813+00:00, run_after=2025-06-15T04:01:18.074813+00:00
[2025-06-15T00:01:18.083-0400] {processor.py:179} INFO - Processing /Users/rah/Desktop/creative_projects/rah_coding_repo/projects/fin_data_project_001/finance-data-project-1/.venv/lib/python3.10/site-packages/airflow/example_dags/tutorial.py took 0.130 seconds
[2025-06-15T00:01:22.311-0400] {processor.py:157} INFO - Started process (PID=52481) to work on /Users/rah/Desktop/creative_projects/rah_coding_repo/projects/fin_data_project_001/finance-data-project-1/.venv/lib/python3.10/site-packages/airflow/example_dags/tutorial.py
[2025-06-15T00:01:22.313-0400] {processor.py:829} INFO - Processing file /Users/rah/Desktop/creative_projects/rah_coding_repo/projects/fin_data_project_001/finance-data-project-1/.venv/lib/python3.10/site-packages/airflow/example_dags/tutorial.py for tasks to queue
[2025-06-15T00:01:22.314-0400] {logging_mixin.py:154} INFO - [2025-06-15T00:01:22.314-0400] {dagbag.py:536} INFO - Filling up the DagBag from /Users/rah/Desktop/creative_projects/rah_coding_repo/projects/fin_data_project_001/finance-data-project-1/.venv/lib/python3.10/site-packages/airflow/example_dags/tutorial.py
[2025-06-15T00:01:22.324-0400] {processor.py:839} INFO - DAG(s) dict_keys(['tutorial']) retrieved from /Users/rah/Desktop/creative_projects/rah_coding_repo/projects/fin_data_project_001/finance-data-project-1/.venv/lib/python3.10/site-packages/airflow/example_dags/tutorial.py
[2025-06-15T00:01:22.425-0400] {logging_mixin.py:154} INFO - [2025-06-15T00:01:22.425-0400] {dag.py:2941} INFO - Sync 1 DAGs
[2025-06-15T00:01:22.432-0400] {logging_mixin.py:154} INFO - [2025-06-15T00:01:22.432-0400] {dag.py:3722} INFO - Setting next_dagrun for tutorial to 2025-06-14T04:01:22.432532+00:00, run_after=2025-06-15T04:01:22.432532+00:00
[2025-06-15T00:01:22.441-0400] {processor.py:179} INFO - Processing /Users/rah/Desktop/creative_projects/rah_coding_repo/projects/fin_data_project_001/finance-data-project-1/.venv/lib/python3.10/site-packages/airflow/example_dags/tutorial.py took 0.130 seconds
[2025-06-15T00:01:37.410-0400] {processor.py:157} INFO - Started process (PID=52671) to work on /Users/rah/Desktop/creative_projects/rah_coding_repo/projects/fin_data_project_001/finance-data-project-1/.venv/lib/python3.10/site-packages/airflow/example_dags/tutorial.py
[2025-06-15T00:01:37.412-0400] {processor.py:829} INFO - Processing file /Users/rah/Desktop/creative_projects/rah_coding_repo/projects/fin_data_project_001/finance-data-project-1/.venv/lib/python3.10/site-packages/airflow/example_dags/tutorial.py for tasks to queue
[2025-06-15T00:01:37.412-0400] {logging_mixin.py:154} INFO - [2025-06-15T00:01:37.412-0400] {dagbag.py:536} INFO - Filling up the DagBag from /Users/rah/Desktop/creative_projects/rah_coding_repo/projects/fin_data_project_001/finance-data-project-1/.venv/lib/python3.10/site-packages/airflow/example_dags/tutorial.py
[2025-06-15T00:01:37.422-0400] {processor.py:839} INFO - DAG(s) dict_keys(['tutorial']) retrieved from /Users/rah/Desktop/creative_projects/rah_coding_repo/projects/fin_data_project_001/finance-data-project-1/.venv/lib/python3.10/site-packages/airflow/example_dags/tutorial.py
[2025-06-15T00:01:37.519-0400] {logging_mixin.py:154} INFO - [2025-06-15T00:01:37.519-0400] {dag.py:2941} INFO - Sync 1 DAGs
[2025-06-15T00:01:37.525-0400] {logging_mixin.py:154} INFO - [2025-06-15T00:01:37.525-0400] {dag.py:3722} INFO - Setting next_dagrun for tutorial to 2025-06-14T04:01:37.525703+00:00, run_after=2025-06-15T04:01:37.525703+00:00
[2025-06-15T00:01:37.534-0400] {processor.py:179} INFO - Processing /Users/rah/Desktop/creative_projects/rah_coding_repo/projects/fin_data_project_001/finance-data-project-1/.venv/lib/python3.10/site-packages/airflow/example_dags/tutorial.py took 0.125 seconds
[2025-06-15T00:02:04.032-0400] {processor.py:157} INFO - Started process (PID=53134) to work on /Users/rah/Desktop/creative_projects/rah_coding_repo/projects/fin_data_project_001/finance-data-project-1/.venv/lib/python3.10/site-packages/airflow/example_dags/tutorial.py
[2025-06-15T00:02:04.034-0400] {processor.py:829} INFO - Processing file /Users/rah/Desktop/creative_projects/rah_coding_repo/projects/fin_data_project_001/finance-data-project-1/.venv/lib/python3.10/site-packages/airflow/example_dags/tutorial.py for tasks to queue
[2025-06-15T00:02:04.035-0400] {logging_mixin.py:154} INFO - [2025-06-15T00:02:04.035-0400] {dagbag.py:536} INFO - Filling up the DagBag from /Users/rah/Desktop/creative_projects/rah_coding_repo/projects/fin_data_project_001/finance-data-project-1/.venv/lib/python3.10/site-packages/airflow/example_dags/tutorial.py
[2025-06-15T00:02:04.046-0400] {processor.py:839} INFO - DAG(s) dict_keys(['tutorial']) retrieved from /Users/rah/Desktop/creative_projects/rah_coding_repo/projects/fin_data_project_001/finance-data-project-1/.venv/lib/python3.10/site-packages/airflow/example_dags/tutorial.py
[2025-06-15T00:02:04.149-0400] {logging_mixin.py:154} INFO - [2025-06-15T00:02:04.149-0400] {dag.py:2941} INFO - Sync 1 DAGs
[2025-06-15T00:02:04.156-0400] {logging_mixin.py:154} INFO - [2025-06-15T00:02:04.156-0400] {dag.py:3722} INFO - Setting next_dagrun for tutorial to 2025-06-14T04:02:04.156316+00:00, run_after=2025-06-15T04:02:04.156316+00:00
[2025-06-15T00:02:04.164-0400] {processor.py:179} INFO - Processing /Users/rah/Desktop/creative_projects/rah_coding_repo/projects/fin_data_project_001/finance-data-project-1/.venv/lib/python3.10/site-packages/airflow/example_dags/tutorial.py took 0.133 seconds
[2025-06-15T00:02:06.588-0400] {processor.py:157} INFO - Started process (PID=53148) to work on /Users/rah/Desktop/creative_projects/rah_coding_repo/projects/fin_data_project_001/finance-data-project-1/.venv/lib/python3.10/site-packages/airflow/example_dags/tutorial.py
[2025-06-15T00:02:06.590-0400] {processor.py:829} INFO - Processing file /Users/rah/Desktop/creative_projects/rah_coding_repo/projects/fin_data_project_001/finance-data-project-1/.venv/lib/python3.10/site-packages/airflow/example_dags/tutorial.py for tasks to queue
[2025-06-15T00:02:06.591-0400] {logging_mixin.py:154} INFO - [2025-06-15T00:02:06.590-0400] {dagbag.py:536} INFO - Filling up the DagBag from /Users/rah/Desktop/creative_projects/rah_coding_repo/projects/fin_data_project_001/finance-data-project-1/.venv/lib/python3.10/site-packages/airflow/example_dags/tutorial.py
[2025-06-15T00:02:06.599-0400] {processor.py:839} INFO - DAG(s) dict_keys(['tutorial']) retrieved from /Users/rah/Desktop/creative_projects/rah_coding_repo/projects/fin_data_project_001/finance-data-project-1/.venv/lib/python3.10/site-packages/airflow/example_dags/tutorial.py
[2025-06-15T00:02:06.692-0400] {logging_mixin.py:154} INFO - [2025-06-15T00:02:06.692-0400] {dag.py:2941} INFO - Sync 1 DAGs
[2025-06-15T00:02:06.699-0400] {logging_mixin.py:154} INFO - [2025-06-15T00:02:06.699-0400] {dag.py:3722} INFO - Setting next_dagrun for tutorial to 2025-06-14T04:02:06.699505+00:00, run_after=2025-06-15T04:02:06.699505+00:00
[2025-06-15T00:02:06.709-0400] {processor.py:179} INFO - Processing /Users/rah/Desktop/creative_projects/rah_coding_repo/projects/fin_data_project_001/finance-data-project-1/.venv/lib/python3.10/site-packages/airflow/example_dags/tutorial.py took 0.122 seconds
[2025-06-15T00:02:09.779-0400] {processor.py:157} INFO - Started process (PID=53164) to work on /Users/rah/Desktop/creative_projects/rah_coding_repo/projects/fin_data_project_001/finance-data-project-1/.venv/lib/python3.10/site-packages/airflow/example_dags/tutorial.py
[2025-06-15T00:02:09.781-0400] {processor.py:829} INFO - Processing file /Users/rah/Desktop/creative_projects/rah_coding_repo/projects/fin_data_project_001/finance-data-project-1/.venv/lib/python3.10/site-packages/airflow/example_dags/tutorial.py for tasks to queue
[2025-06-15T00:02:09.781-0400] {logging_mixin.py:154} INFO - [2025-06-15T00:02:09.781-0400] {dagbag.py:536} INFO - Filling up the DagBag from /Users/rah/Desktop/creative_projects/rah_coding_repo/projects/fin_data_project_001/finance-data-project-1/.venv/lib/python3.10/site-packages/airflow/example_dags/tutorial.py
[2025-06-15T00:02:09.792-0400] {processor.py:839} INFO - DAG(s) dict_keys(['tutorial']) retrieved from /Users/rah/Desktop/creative_projects/rah_coding_repo/projects/fin_data_project_001/finance-data-project-1/.venv/lib/python3.10/site-packages/airflow/example_dags/tutorial.py
[2025-06-15T00:02:09.899-0400] {logging_mixin.py:154} INFO - [2025-06-15T00:02:09.899-0400] {dag.py:2941} INFO - Sync 1 DAGs
[2025-06-15T00:02:09.906-0400] {logging_mixin.py:154} INFO - [2025-06-15T00:02:09.906-0400] {dag.py:3722} INFO - Setting next_dagrun for tutorial to 2025-06-14T04:02:09.906426+00:00, run_after=2025-06-15T04:02:09.906426+00:00
[2025-06-15T00:02:09.915-0400] {processor.py:179} INFO - Processing /Users/rah/Desktop/creative_projects/rah_coding_repo/projects/fin_data_project_001/finance-data-project-1/.venv/lib/python3.10/site-packages/airflow/example_dags/tutorial.py took 0.137 seconds
[2025-06-15T00:03:03.638-0400] {processor.py:157} INFO - Started process (PID=54038) to work on /Users/rah/.pyenv/versions/3.10.11/lib/python3.10/site-packages/airflow/example_dags/tutorial.py
[2025-06-15T00:03:03.641-0400] {processor.py:829} INFO - Processing file /Users/rah/.pyenv/versions/3.10.11/lib/python3.10/site-packages/airflow/example_dags/tutorial.py for tasks to queue
[2025-06-15T00:03:03.642-0400] {logging_mixin.py:154} INFO - [2025-06-15T00:03:03.641-0400] {dagbag.py:536} INFO - Filling up the DagBag from /Users/rah/.pyenv/versions/3.10.11/lib/python3.10/site-packages/airflow/example_dags/tutorial.py
[2025-06-15T00:03:03.651-0400] {processor.py:839} INFO - DAG(s) dict_keys(['tutorial']) retrieved from /Users/rah/.pyenv/versions/3.10.11/lib/python3.10/site-packages/airflow/example_dags/tutorial.py
[2025-06-15T00:03:04.062-0400] {logging_mixin.py:154} INFO - [2025-06-15T00:03:04.062-0400] {dag.py:2941} INFO - Sync 1 DAGs
[2025-06-15T00:03:04.070-0400] {logging_mixin.py:154} INFO - [2025-06-15T00:03:04.070-0400] {dag.py:3722} INFO - Setting next_dagrun for tutorial to 2025-06-14T04:03:04.070734+00:00, run_after=2025-06-15T04:03:04.070734+00:00
[2025-06-15T00:03:04.082-0400] {processor.py:179} INFO - Processing /Users/rah/.pyenv/versions/3.10.11/lib/python3.10/site-packages/airflow/example_dags/tutorial.py took 0.444 seconds
[2025-06-15T00:06:28.219-0400] {processor.py:157} INFO - Started process (PID=56890) to work on /Users/rah/.pyenv/versions/3.10.11/lib/python3.10/site-packages/airflow/example_dags/tutorial.py
[2025-06-15T00:06:28.223-0400] {processor.py:829} INFO - Processing file /Users/rah/.pyenv/versions/3.10.11/lib/python3.10/site-packages/airflow/example_dags/tutorial.py for tasks to queue
[2025-06-15T00:06:28.223-0400] {logging_mixin.py:154} INFO - [2025-06-15T00:06:28.223-0400] {dagbag.py:536} INFO - Filling up the DagBag from /Users/rah/.pyenv/versions/3.10.11/lib/python3.10/site-packages/airflow/example_dags/tutorial.py
[2025-06-15T00:06:28.233-0400] {processor.py:839} INFO - DAG(s) dict_keys(['tutorial']) retrieved from /Users/rah/.pyenv/versions/3.10.11/lib/python3.10/site-packages/airflow/example_dags/tutorial.py
[2025-06-15T00:06:28.349-0400] {logging_mixin.py:154} INFO - [2025-06-15T00:06:28.348-0400] {dag.py:2941} INFO - Sync 1 DAGs
[2025-06-15T00:06:28.355-0400] {logging_mixin.py:154} INFO - [2025-06-15T00:06:28.355-0400] {dag.py:3722} INFO - Setting next_dagrun for tutorial to 2025-06-14T04:06:28.355344+00:00, run_after=2025-06-15T04:06:28.355344+00:00
[2025-06-15T00:06:28.363-0400] {processor.py:179} INFO - Processing /Users/rah/.pyenv/versions/3.10.11/lib/python3.10/site-packages/airflow/example_dags/tutorial.py took 0.145 seconds
[2025-06-15T00:07:56.107-0400] {processor.py:157} INFO - Started process (PID=57830) to work on /Users/rah/.pyenv/versions/3.10.11/lib/python3.10/site-packages/airflow/example_dags/tutorial.py
[2025-06-15T00:07:56.110-0400] {processor.py:829} INFO - Processing file /Users/rah/.pyenv/versions/3.10.11/lib/python3.10/site-packages/airflow/example_dags/tutorial.py for tasks to queue
[2025-06-15T00:07:56.110-0400] {logging_mixin.py:154} INFO - [2025-06-15T00:07:56.110-0400] {dagbag.py:536} INFO - Filling up the DagBag from /Users/rah/.pyenv/versions/3.10.11/lib/python3.10/site-packages/airflow/example_dags/tutorial.py
[2025-06-15T00:07:56.120-0400] {processor.py:839} INFO - DAG(s) dict_keys(['tutorial']) retrieved from /Users/rah/.pyenv/versions/3.10.11/lib/python3.10/site-packages/airflow/example_dags/tutorial.py
[2025-06-15T00:07:56.238-0400] {logging_mixin.py:154} INFO - [2025-06-15T00:07:56.237-0400] {dag.py:2941} INFO - Sync 1 DAGs
[2025-06-15T00:07:56.244-0400] {logging_mixin.py:154} INFO - [2025-06-15T00:07:56.244-0400] {dag.py:3722} INFO - Setting next_dagrun for tutorial to 2025-06-14T04:07:56.244522+00:00, run_after=2025-06-15T04:07:56.244522+00:00
[2025-06-15T00:07:56.252-0400] {processor.py:179} INFO - Processing /Users/rah/.pyenv/versions/3.10.11/lib/python3.10/site-packages/airflow/example_dags/tutorial.py took 0.146 seconds
[2025-06-15T00:08:52.665-0400] {processor.py:157} INFO - Started process (PID=58889) to work on /Users/rah/.pyenv/versions/3.10.11/lib/python3.10/site-packages/airflow/example_dags/tutorial.py
[2025-06-15T00:08:52.668-0400] {processor.py:829} INFO - Processing file /Users/rah/.pyenv/versions/3.10.11/lib/python3.10/site-packages/airflow/example_dags/tutorial.py for tasks to queue
[2025-06-15T00:08:52.669-0400] {logging_mixin.py:154} INFO - [2025-06-15T00:08:52.669-0400] {dagbag.py:536} INFO - Filling up the DagBag from /Users/rah/.pyenv/versions/3.10.11/lib/python3.10/site-packages/airflow/example_dags/tutorial.py
[2025-06-15T00:08:52.679-0400] {processor.py:839} INFO - DAG(s) dict_keys(['tutorial']) retrieved from /Users/rah/.pyenv/versions/3.10.11/lib/python3.10/site-packages/airflow/example_dags/tutorial.py
[2025-06-15T00:08:52.801-0400] {logging_mixin.py:154} INFO - [2025-06-15T00:08:52.800-0400] {dag.py:2941} INFO - Sync 1 DAGs
[2025-06-15T00:08:52.808-0400] {logging_mixin.py:154} INFO - [2025-06-15T00:08:52.808-0400] {dag.py:3722} INFO - Setting next_dagrun for tutorial to 2025-06-14T04:08:52.808197+00:00, run_after=2025-06-15T04:08:52.808197+00:00
[2025-06-15T00:08:52.816-0400] {processor.py:179} INFO - Processing /Users/rah/.pyenv/versions/3.10.11/lib/python3.10/site-packages/airflow/example_dags/tutorial.py took 0.151 seconds
[2025-06-15T00:09:45.096-0400] {processor.py:157} INFO - Started process (PID=59848) to work on /Users/rah/.pyenv/versions/3.10.11/lib/python3.10/site-packages/airflow/example_dags/tutorial.py
[2025-06-15T00:09:45.098-0400] {processor.py:829} INFO - Processing file /Users/rah/.pyenv/versions/3.10.11/lib/python3.10/site-packages/airflow/example_dags/tutorial.py for tasks to queue
[2025-06-15T00:09:45.099-0400] {logging_mixin.py:154} INFO - [2025-06-15T00:09:45.099-0400] {dagbag.py:536} INFO - Filling up the DagBag from /Users/rah/.pyenv/versions/3.10.11/lib/python3.10/site-packages/airflow/example_dags/tutorial.py
[2025-06-15T00:09:45.108-0400] {processor.py:839} INFO - DAG(s) dict_keys(['tutorial']) retrieved from /Users/rah/.pyenv/versions/3.10.11/lib/python3.10/site-packages/airflow/example_dags/tutorial.py
[2025-06-15T00:09:45.221-0400] {logging_mixin.py:154} INFO - [2025-06-15T00:09:45.221-0400] {dag.py:2941} INFO - Sync 1 DAGs
[2025-06-15T00:09:45.228-0400] {logging_mixin.py:154} INFO - [2025-06-15T00:09:45.228-0400] {dag.py:3722} INFO - Setting next_dagrun for tutorial to 2025-06-14T04:09:45.227953+00:00, run_after=2025-06-15T04:09:45.227953+00:00
[2025-06-15T00:09:45.235-0400] {processor.py:179} INFO - Processing /Users/rah/.pyenv/versions/3.10.11/lib/python3.10/site-packages/airflow/example_dags/tutorial.py took 0.140 seconds
[2025-06-15T00:10:35.832-0400] {processor.py:157} INFO - Started process (PID=60809) to work on /Users/rah/.pyenv/versions/3.10.11/lib/python3.10/site-packages/airflow/example_dags/tutorial.py
[2025-06-15T00:10:35.835-0400] {processor.py:829} INFO - Processing file /Users/rah/.pyenv/versions/3.10.11/lib/python3.10/site-packages/airflow/example_dags/tutorial.py for tasks to queue
[2025-06-15T00:10:35.835-0400] {logging_mixin.py:154} INFO - [2025-06-15T00:10:35.835-0400] {dagbag.py:536} INFO - Filling up the DagBag from /Users/rah/.pyenv/versions/3.10.11/lib/python3.10/site-packages/airflow/example_dags/tutorial.py
[2025-06-15T00:10:35.845-0400] {processor.py:839} INFO - DAG(s) dict_keys(['tutorial']) retrieved from /Users/rah/.pyenv/versions/3.10.11/lib/python3.10/site-packages/airflow/example_dags/tutorial.py
[2025-06-15T00:10:35.969-0400] {logging_mixin.py:154} INFO - [2025-06-15T00:10:35.969-0400] {dag.py:2941} INFO - Sync 1 DAGs
[2025-06-15T00:10:35.976-0400] {logging_mixin.py:154} INFO - [2025-06-15T00:10:35.976-0400] {dag.py:3722} INFO - Setting next_dagrun for tutorial to 2025-06-14T04:10:35.976244+00:00, run_after=2025-06-15T04:10:35.976244+00:00
[2025-06-15T00:10:35.985-0400] {processor.py:179} INFO - Processing /Users/rah/.pyenv/versions/3.10.11/lib/python3.10/site-packages/airflow/example_dags/tutorial.py took 0.154 seconds
[2025-06-15T00:11:24.118-0400] {processor.py:157} INFO - Started process (PID=61333) to work on /Users/rah/.pyenv/versions/3.10.11/lib/python3.10/site-packages/airflow/example_dags/tutorial.py
[2025-06-15T00:11:24.120-0400] {processor.py:829} INFO - Processing file /Users/rah/.pyenv/versions/3.10.11/lib/python3.10/site-packages/airflow/example_dags/tutorial.py for tasks to queue
[2025-06-15T00:11:24.121-0400] {logging_mixin.py:154} INFO - [2025-06-15T00:11:24.121-0400] {dagbag.py:536} INFO - Filling up the DagBag from /Users/rah/.pyenv/versions/3.10.11/lib/python3.10/site-packages/airflow/example_dags/tutorial.py
[2025-06-15T00:11:24.130-0400] {processor.py:839} INFO - DAG(s) dict_keys(['tutorial']) retrieved from /Users/rah/.pyenv/versions/3.10.11/lib/python3.10/site-packages/airflow/example_dags/tutorial.py
[2025-06-15T00:11:24.243-0400] {logging_mixin.py:154} INFO - [2025-06-15T00:11:24.243-0400] {dag.py:2941} INFO - Sync 1 DAGs
[2025-06-15T00:11:24.250-0400] {logging_mixin.py:154} INFO - [2025-06-15T00:11:24.250-0400] {dag.py:3722} INFO - Setting next_dagrun for tutorial to 2025-06-14T04:11:24.250011+00:00, run_after=2025-06-15T04:11:24.250011+00:00
[2025-06-15T00:11:24.257-0400] {processor.py:179} INFO - Processing /Users/rah/.pyenv/versions/3.10.11/lib/python3.10/site-packages/airflow/example_dags/tutorial.py took 0.140 seconds
[2025-06-15T00:12:15.169-0400] {processor.py:157} INFO - Started process (PID=62257) to work on /Users/rah/.pyenv/versions/3.10.11/lib/python3.10/site-packages/airflow/example_dags/tutorial.py
[2025-06-15T00:12:15.172-0400] {processor.py:829} INFO - Processing file /Users/rah/.pyenv/versions/3.10.11/lib/python3.10/site-packages/airflow/example_dags/tutorial.py for tasks to queue
[2025-06-15T00:12:15.172-0400] {logging_mixin.py:154} INFO - [2025-06-15T00:12:15.172-0400] {dagbag.py:536} INFO - Filling up the DagBag from /Users/rah/.pyenv/versions/3.10.11/lib/python3.10/site-packages/airflow/example_dags/tutorial.py
[2025-06-15T00:12:15.181-0400] {processor.py:839} INFO - DAG(s) dict_keys(['tutorial']) retrieved from /Users/rah/.pyenv/versions/3.10.11/lib/python3.10/site-packages/airflow/example_dags/tutorial.py
[2025-06-15T00:12:15.292-0400] {logging_mixin.py:154} INFO - [2025-06-15T00:12:15.292-0400] {dag.py:2941} INFO - Sync 1 DAGs
[2025-06-15T00:12:15.298-0400] {logging_mixin.py:154} INFO - [2025-06-15T00:12:15.298-0400] {dag.py:3722} INFO - Setting next_dagrun for tutorial to 2025-06-14T04:12:15.298571+00:00, run_after=2025-06-15T04:12:15.298571+00:00
[2025-06-15T00:12:15.305-0400] {processor.py:179} INFO - Processing /Users/rah/.pyenv/versions/3.10.11/lib/python3.10/site-packages/airflow/example_dags/tutorial.py took 0.137 seconds
[2025-06-15T00:13:08.345-0400] {processor.py:157} INFO - Started process (PID=62880) to work on /Users/rah/.pyenv/versions/3.10.11/lib/python3.10/site-packages/airflow/example_dags/tutorial.py
[2025-06-15T00:13:08.348-0400] {processor.py:829} INFO - Processing file /Users/rah/.pyenv/versions/3.10.11/lib/python3.10/site-packages/airflow/example_dags/tutorial.py for tasks to queue
[2025-06-15T00:13:08.349-0400] {logging_mixin.py:154} INFO - [2025-06-15T00:13:08.349-0400] {dagbag.py:536} INFO - Filling up the DagBag from /Users/rah/.pyenv/versions/3.10.11/lib/python3.10/site-packages/airflow/example_dags/tutorial.py
[2025-06-15T00:13:08.358-0400] {processor.py:839} INFO - DAG(s) dict_keys(['tutorial']) retrieved from /Users/rah/.pyenv/versions/3.10.11/lib/python3.10/site-packages/airflow/example_dags/tutorial.py
[2025-06-15T00:13:08.472-0400] {logging_mixin.py:154} INFO - [2025-06-15T00:13:08.472-0400] {dag.py:2941} INFO - Sync 1 DAGs
[2025-06-15T00:13:08.479-0400] {logging_mixin.py:154} INFO - [2025-06-15T00:13:08.478-0400] {dag.py:3722} INFO - Setting next_dagrun for tutorial to 2025-06-14T04:13:08.478839+00:00, run_after=2025-06-15T04:13:08.478839+00:00
[2025-06-15T00:13:08.486-0400] {processor.py:179} INFO - Processing /Users/rah/.pyenv/versions/3.10.11/lib/python3.10/site-packages/airflow/example_dags/tutorial.py took 0.141 seconds
[2025-06-15T00:13:58.935-0400] {processor.py:157} INFO - Started process (PID=63810) to work on /Users/rah/.pyenv/versions/3.10.11/lib/python3.10/site-packages/airflow/example_dags/tutorial.py
[2025-06-15T00:13:58.938-0400] {processor.py:829} INFO - Processing file /Users/rah/.pyenv/versions/3.10.11/lib/python3.10/site-packages/airflow/example_dags/tutorial.py for tasks to queue
[2025-06-15T00:13:58.939-0400] {logging_mixin.py:154} INFO - [2025-06-15T00:13:58.939-0400] {dagbag.py:536} INFO - Filling up the DagBag from /Users/rah/.pyenv/versions/3.10.11/lib/python3.10/site-packages/airflow/example_dags/tutorial.py
[2025-06-15T00:13:58.948-0400] {processor.py:839} INFO - DAG(s) dict_keys(['tutorial']) retrieved from /Users/rah/.pyenv/versions/3.10.11/lib/python3.10/site-packages/airflow/example_dags/tutorial.py
[2025-06-15T00:13:59.064-0400] {logging_mixin.py:154} INFO - [2025-06-15T00:13:59.064-0400] {dag.py:2941} INFO - Sync 1 DAGs
[2025-06-15T00:13:59.071-0400] {logging_mixin.py:154} INFO - [2025-06-15T00:13:59.071-0400] {dag.py:3722} INFO - Setting next_dagrun for tutorial to 2025-06-14T04:13:59.071237+00:00, run_after=2025-06-15T04:13:59.071237+00:00
[2025-06-15T00:13:59.079-0400] {processor.py:179} INFO - Processing /Users/rah/.pyenv/versions/3.10.11/lib/python3.10/site-packages/airflow/example_dags/tutorial.py took 0.144 seconds
[2025-06-15T00:14:48.945-0400] {processor.py:157} INFO - Started process (PID=64736) to work on /Users/rah/.pyenv/versions/3.10.11/lib/python3.10/site-packages/airflow/example_dags/tutorial.py
[2025-06-15T00:14:48.947-0400] {processor.py:829} INFO - Processing file /Users/rah/.pyenv/versions/3.10.11/lib/python3.10/site-packages/airflow/example_dags/tutorial.py for tasks to queue
[2025-06-15T00:14:48.948-0400] {logging_mixin.py:154} INFO - [2025-06-15T00:14:48.948-0400] {dagbag.py:536} INFO - Filling up the DagBag from /Users/rah/.pyenv/versions/3.10.11/lib/python3.10/site-packages/airflow/example_dags/tutorial.py
[2025-06-15T00:14:48.956-0400] {processor.py:839} INFO - DAG(s) dict_keys(['tutorial']) retrieved from /Users/rah/.pyenv/versions/3.10.11/lib/python3.10/site-packages/airflow/example_dags/tutorial.py
[2025-06-15T00:14:49.065-0400] {logging_mixin.py:154} INFO - [2025-06-15T00:14:49.065-0400] {dag.py:2941} INFO - Sync 1 DAGs
[2025-06-15T00:14:49.071-0400] {logging_mixin.py:154} INFO - [2025-06-15T00:14:49.071-0400] {dag.py:3722} INFO - Setting next_dagrun for tutorial to 2025-06-14T04:14:49.071208+00:00, run_after=2025-06-15T04:14:49.071208+00:00
[2025-06-15T00:14:49.078-0400] {processor.py:179} INFO - Processing /Users/rah/.pyenv/versions/3.10.11/lib/python3.10/site-packages/airflow/example_dags/tutorial.py took 0.134 seconds
[2025-06-15T00:15:40.244-0400] {processor.py:157} INFO - Started process (PID=66427) to work on /Users/rah/.pyenv/versions/3.10.11/lib/python3.10/site-packages/airflow/example_dags/tutorial.py
[2025-06-15T00:15:40.247-0400] {processor.py:829} INFO - Processing file /Users/rah/.pyenv/versions/3.10.11/lib/python3.10/site-packages/airflow/example_dags/tutorial.py for tasks to queue
[2025-06-15T00:15:40.247-0400] {logging_mixin.py:154} INFO - [2025-06-15T00:15:40.247-0400] {dagbag.py:536} INFO - Filling up the DagBag from /Users/rah/.pyenv/versions/3.10.11/lib/python3.10/site-packages/airflow/example_dags/tutorial.py
[2025-06-15T00:15:40.256-0400] {processor.py:839} INFO - DAG(s) dict_keys(['tutorial']) retrieved from /Users/rah/.pyenv/versions/3.10.11/lib/python3.10/site-packages/airflow/example_dags/tutorial.py
[2025-06-15T00:15:40.376-0400] {logging_mixin.py:154} INFO - [2025-06-15T00:15:40.376-0400] {dag.py:2941} INFO - Sync 1 DAGs
[2025-06-15T00:15:40.383-0400] {logging_mixin.py:154} INFO - [2025-06-15T00:15:40.383-0400] {dag.py:3722} INFO - Setting next_dagrun for tutorial to 2025-06-14T04:15:40.383777+00:00, run_after=2025-06-15T04:15:40.383777+00:00
[2025-06-15T00:15:40.392-0400] {processor.py:179} INFO - Processing /Users/rah/.pyenv/versions/3.10.11/lib/python3.10/site-packages/airflow/example_dags/tutorial.py took 0.149 seconds
[2025-06-15T00:16:33.246-0400] {processor.py:157} INFO - Started process (PID=67071) to work on /Users/rah/.pyenv/versions/3.10.11/lib/python3.10/site-packages/airflow/example_dags/tutorial.py
[2025-06-15T00:16:33.249-0400] {processor.py:829} INFO - Processing file /Users/rah/.pyenv/versions/3.10.11/lib/python3.10/site-packages/airflow/example_dags/tutorial.py for tasks to queue
[2025-06-15T00:16:33.249-0400] {logging_mixin.py:154} INFO - [2025-06-15T00:16:33.249-0400] {dagbag.py:536} INFO - Filling up the DagBag from /Users/rah/.pyenv/versions/3.10.11/lib/python3.10/site-packages/airflow/example_dags/tutorial.py
[2025-06-15T00:16:33.260-0400] {processor.py:839} INFO - DAG(s) dict_keys(['tutorial']) retrieved from /Users/rah/.pyenv/versions/3.10.11/lib/python3.10/site-packages/airflow/example_dags/tutorial.py
[2025-06-15T00:16:33.376-0400] {logging_mixin.py:154} INFO - [2025-06-15T00:16:33.376-0400] {dag.py:2941} INFO - Sync 1 DAGs
[2025-06-15T00:16:33.383-0400] {logging_mixin.py:154} INFO - [2025-06-15T00:16:33.383-0400] {dag.py:3722} INFO - Setting next_dagrun for tutorial to 2025-06-14T04:16:33.383271+00:00, run_after=2025-06-15T04:16:33.383271+00:00
[2025-06-15T00:16:33.392-0400] {processor.py:179} INFO - Processing /Users/rah/.pyenv/versions/3.10.11/lib/python3.10/site-packages/airflow/example_dags/tutorial.py took 0.146 seconds
[2025-06-15T00:17:27.160-0400] {processor.py:157} INFO - Started process (PID=71413) to work on /Users/rah/.pyenv/versions/3.10.11/lib/python3.10/site-packages/airflow/example_dags/tutorial.py
[2025-06-15T00:17:27.163-0400] {processor.py:829} INFO - Processing file /Users/rah/.pyenv/versions/3.10.11/lib/python3.10/site-packages/airflow/example_dags/tutorial.py for tasks to queue
[2025-06-15T00:17:27.163-0400] {logging_mixin.py:154} INFO - [2025-06-15T00:17:27.163-0400] {dagbag.py:536} INFO - Filling up the DagBag from /Users/rah/.pyenv/versions/3.10.11/lib/python3.10/site-packages/airflow/example_dags/tutorial.py
[2025-06-15T00:17:27.172-0400] {processor.py:839} INFO - DAG(s) dict_keys(['tutorial']) retrieved from /Users/rah/.pyenv/versions/3.10.11/lib/python3.10/site-packages/airflow/example_dags/tutorial.py
[2025-06-15T00:17:27.283-0400] {logging_mixin.py:154} INFO - [2025-06-15T00:17:27.282-0400] {dag.py:2941} INFO - Sync 1 DAGs
[2025-06-15T00:17:27.289-0400] {logging_mixin.py:154} INFO - [2025-06-15T00:17:27.289-0400] {dag.py:3722} INFO - Setting next_dagrun for tutorial to 2025-06-14T04:17:27.289051+00:00, run_after=2025-06-15T04:17:27.289051+00:00
[2025-06-15T00:17:27.296-0400] {processor.py:179} INFO - Processing /Users/rah/.pyenv/versions/3.10.11/lib/python3.10/site-packages/airflow/example_dags/tutorial.py took 0.137 seconds
[2025-06-15T00:18:17.815-0400] {processor.py:157} INFO - Started process (PID=73350) to work on /Users/rah/.pyenv/versions/3.10.11/lib/python3.10/site-packages/airflow/example_dags/tutorial.py
[2025-06-15T00:18:17.818-0400] {processor.py:829} INFO - Processing file /Users/rah/.pyenv/versions/3.10.11/lib/python3.10/site-packages/airflow/example_dags/tutorial.py for tasks to queue
[2025-06-15T00:18:17.818-0400] {logging_mixin.py:154} INFO - [2025-06-15T00:18:17.818-0400] {dagbag.py:536} INFO - Filling up the DagBag from /Users/rah/.pyenv/versions/3.10.11/lib/python3.10/site-packages/airflow/example_dags/tutorial.py
[2025-06-15T00:18:17.827-0400] {processor.py:839} INFO - DAG(s) dict_keys(['tutorial']) retrieved from /Users/rah/.pyenv/versions/3.10.11/lib/python3.10/site-packages/airflow/example_dags/tutorial.py
[2025-06-15T00:18:17.942-0400] {logging_mixin.py:154} INFO - [2025-06-15T00:18:17.942-0400] {dag.py:2941} INFO - Sync 1 DAGs
[2025-06-15T00:18:17.948-0400] {logging_mixin.py:154} INFO - [2025-06-15T00:18:17.948-0400] {dag.py:3722} INFO - Setting next_dagrun for tutorial to 2025-06-14T04:18:17.948555+00:00, run_after=2025-06-15T04:18:17.948555+00:00
[2025-06-15T00:18:17.956-0400] {processor.py:179} INFO - Processing /Users/rah/.pyenv/versions/3.10.11/lib/python3.10/site-packages/airflow/example_dags/tutorial.py took 0.141 seconds
