[2025-06-14T23:48:38.328-0400] {processor.py:157} INFO - Started process (PID=39789) to work on /Users/rah/.pyenv/versions/3.10.11/lib/python3.10/site-packages/airflow/example_dags/tutorial_taskflow_api.py
[2025-06-14T23:48:38.332-0400] {processor.py:829} INFO - Processing file /Users/rah/.pyenv/versions/3.10.11/lib/python3.10/site-packages/airflow/example_dags/tutorial_taskflow_api.py for tasks to queue
[2025-06-14T23:48:38.332-0400] {logging_mixin.py:154} INFO - [2025-06-14T23:48:38.332-0400] {dagbag.py:536} INFO - Filling up the DagBag from /Users/rah/.pyenv/versions/3.10.11/lib/python3.10/site-packages/airflow/example_dags/tutorial_taskflow_api.py
[2025-06-14T23:48:38.383-0400] {processor.py:839} INFO - DAG(s) dict_keys(['tutorial_taskflow_api']) retrieved from /Users/rah/.pyenv/versions/3.10.11/lib/python3.10/site-packages/airflow/example_dags/tutorial_taskflow_api.py
[2025-06-14T23:48:38.748-0400] {logging_mixin.py:154} INFO - [2025-06-14T23:48:38.748-0400] {manager.py:499} INFO - Created Permission View: %s
[2025-06-14T23:48:38.753-0400] {logging_mixin.py:154} INFO - [2025-06-14T23:48:38.752-0400] {manager.py:499} INFO - Created Permission View: %s
[2025-06-14T23:48:38.755-0400] {logging_mixin.py:154} INFO - [2025-06-14T23:48:38.755-0400] {manager.py:499} INFO - Created Permission View: %s
[2025-06-14T23:48:38.755-0400] {logging_mixin.py:154} INFO - [2025-06-14T23:48:38.755-0400] {dag.py:2941} INFO - Sync 1 DAGs
[2025-06-14T23:48:38.760-0400] {logging_mixin.py:154} INFO - [2025-06-14T23:48:38.760-0400] {dag.py:2963} INFO - Creating ORM DAG for tutorial_taskflow_api
[2025-06-14T23:48:38.760-0400] {logging_mixin.py:154} INFO - [2025-06-14T23:48:38.760-0400] {dag.py:3722} INFO - Setting next_dagrun for tutorial_taskflow_api to None, run_after=None
[2025-06-14T23:48:38.767-0400] {processor.py:179} INFO - Processing /Users/rah/.pyenv/versions/3.10.11/lib/python3.10/site-packages/airflow/example_dags/tutorial_taskflow_api.py took 0.439 seconds
[2025-06-14T23:50:12.775-0400] {processor.py:157} INFO - Started process (PID=40883) to work on /Users/rah/.pyenv/versions/3.10.11/lib/python3.10/site-packages/airflow/example_dags/tutorial_taskflow_api.py
[2025-06-14T23:50:12.779-0400] {processor.py:829} INFO - Processing file /Users/rah/.pyenv/versions/3.10.11/lib/python3.10/site-packages/airflow/example_dags/tutorial_taskflow_api.py for tasks to queue
[2025-06-14T23:50:12.779-0400] {logging_mixin.py:154} INFO - [2025-06-14T23:50:12.779-0400] {dagbag.py:536} INFO - Filling up the DagBag from /Users/rah/.pyenv/versions/3.10.11/lib/python3.10/site-packages/airflow/example_dags/tutorial_taskflow_api.py
[2025-06-14T23:50:12.823-0400] {processor.py:839} INFO - DAG(s) dict_keys(['tutorial_taskflow_api']) retrieved from /Users/rah/.pyenv/versions/3.10.11/lib/python3.10/site-packages/airflow/example_dags/tutorial_taskflow_api.py
[2025-06-14T23:50:12.913-0400] {logging_mixin.py:154} INFO - [2025-06-14T23:50:12.913-0400] {dag.py:2941} INFO - Sync 1 DAGs
[2025-06-14T23:50:12.917-0400] {logging_mixin.py:154} INFO - [2025-06-14T23:50:12.917-0400] {dag.py:3722} INFO - Setting next_dagrun for tutorial_taskflow_api to None, run_after=None
[2025-06-14T23:50:12.926-0400] {processor.py:179} INFO - Processing /Users/rah/.pyenv/versions/3.10.11/lib/python3.10/site-packages/airflow/example_dags/tutorial_taskflow_api.py took 0.152 seconds
[2025-06-14T23:54:59.513-0400] {processor.py:157} INFO - Started process (PID=45512) to work on /Users/rah/Desktop/creative_projects/rah_coding_repo/projects/fin_data_project_001/finance-data-project-1/.venv/lib/python3.10/site-packages/airflow/example_dags/tutorial_taskflow_api.py
[2025-06-14T23:54:59.516-0400] {processor.py:829} INFO - Processing file /Users/rah/Desktop/creative_projects/rah_coding_repo/projects/fin_data_project_001/finance-data-project-1/.venv/lib/python3.10/site-packages/airflow/example_dags/tutorial_taskflow_api.py for tasks to queue
[2025-06-14T23:54:59.517-0400] {logging_mixin.py:154} INFO - [2025-06-14T23:54:59.517-0400] {dagbag.py:536} INFO - Filling up the DagBag from /Users/rah/Desktop/creative_projects/rah_coding_repo/projects/fin_data_project_001/finance-data-project-1/.venv/lib/python3.10/site-packages/airflow/example_dags/tutorial_taskflow_api.py
[2025-06-14T23:54:59.540-0400] {processor.py:839} INFO - DAG(s) dict_keys(['tutorial_taskflow_api']) retrieved from /Users/rah/Desktop/creative_projects/rah_coding_repo/projects/fin_data_project_001/finance-data-project-1/.venv/lib/python3.10/site-packages/airflow/example_dags/tutorial_taskflow_api.py
[2025-06-14T23:54:59.632-0400] {logging_mixin.py:154} INFO - [2025-06-14T23:54:59.632-0400] {dag.py:2941} INFO - Sync 1 DAGs
[2025-06-14T23:54:59.637-0400] {logging_mixin.py:154} INFO - [2025-06-14T23:54:59.637-0400] {dag.py:3722} INFO - Setting next_dagrun for tutorial_taskflow_api to None, run_after=None
[2025-06-14T23:54:59.644-0400] {processor.py:179} INFO - Processing /Users/rah/Desktop/creative_projects/rah_coding_repo/projects/fin_data_project_001/finance-data-project-1/.venv/lib/python3.10/site-packages/airflow/example_dags/tutorial_taskflow_api.py took 0.132 seconds
[2025-06-14T23:56:04.906-0400] {processor.py:157} INFO - Started process (PID=46924) to work on /Users/rah/Desktop/creative_projects/rah_coding_repo/projects/fin_data_project_001/finance-data-project-1/.venv/lib/python3.10/site-packages/airflow/example_dags/tutorial_taskflow_api.py
[2025-06-14T23:56:04.910-0400] {processor.py:829} INFO - Processing file /Users/rah/Desktop/creative_projects/rah_coding_repo/projects/fin_data_project_001/finance-data-project-1/.venv/lib/python3.10/site-packages/airflow/example_dags/tutorial_taskflow_api.py for tasks to queue
[2025-06-14T23:56:04.910-0400] {logging_mixin.py:154} INFO - [2025-06-14T23:56:04.910-0400] {dagbag.py:536} INFO - Filling up the DagBag from /Users/rah/Desktop/creative_projects/rah_coding_repo/projects/fin_data_project_001/finance-data-project-1/.venv/lib/python3.10/site-packages/airflow/example_dags/tutorial_taskflow_api.py
[2025-06-14T23:56:04.932-0400] {processor.py:839} INFO - DAG(s) dict_keys(['tutorial_taskflow_api']) retrieved from /Users/rah/Desktop/creative_projects/rah_coding_repo/projects/fin_data_project_001/finance-data-project-1/.venv/lib/python3.10/site-packages/airflow/example_dags/tutorial_taskflow_api.py
[2025-06-14T23:56:05.032-0400] {logging_mixin.py:154} INFO - [2025-06-14T23:56:05.032-0400] {dag.py:2941} INFO - Sync 1 DAGs
[2025-06-14T23:56:05.037-0400] {logging_mixin.py:154} INFO - [2025-06-14T23:56:05.037-0400] {dag.py:3722} INFO - Setting next_dagrun for tutorial_taskflow_api to None, run_after=None
[2025-06-14T23:56:05.045-0400] {processor.py:179} INFO - Processing /Users/rah/Desktop/creative_projects/rah_coding_repo/projects/fin_data_project_001/finance-data-project-1/.venv/lib/python3.10/site-packages/airflow/example_dags/tutorial_taskflow_api.py took 0.139 seconds
[2025-06-14T23:56:21.199-0400] {processor.py:157} INFO - Started process (PID=47222) to work on /Users/rah/Desktop/creative_projects/rah_coding_repo/projects/fin_data_project_001/finance-data-project-1/.venv/lib/python3.10/site-packages/airflow/example_dags/tutorial_taskflow_api.py
[2025-06-14T23:56:21.201-0400] {processor.py:829} INFO - Processing file /Users/rah/Desktop/creative_projects/rah_coding_repo/projects/fin_data_project_001/finance-data-project-1/.venv/lib/python3.10/site-packages/airflow/example_dags/tutorial_taskflow_api.py for tasks to queue
[2025-06-14T23:56:21.201-0400] {logging_mixin.py:154} INFO - [2025-06-14T23:56:21.201-0400] {dagbag.py:536} INFO - Filling up the DagBag from /Users/rah/Desktop/creative_projects/rah_coding_repo/projects/fin_data_project_001/finance-data-project-1/.venv/lib/python3.10/site-packages/airflow/example_dags/tutorial_taskflow_api.py
[2025-06-14T23:56:21.223-0400] {processor.py:839} INFO - DAG(s) dict_keys(['tutorial_taskflow_api']) retrieved from /Users/rah/Desktop/creative_projects/rah_coding_repo/projects/fin_data_project_001/finance-data-project-1/.venv/lib/python3.10/site-packages/airflow/example_dags/tutorial_taskflow_api.py
[2025-06-14T23:56:21.315-0400] {logging_mixin.py:154} INFO - [2025-06-14T23:56:21.315-0400] {dag.py:2941} INFO - Sync 1 DAGs
[2025-06-14T23:56:21.319-0400] {logging_mixin.py:154} INFO - [2025-06-14T23:56:21.319-0400] {dag.py:3722} INFO - Setting next_dagrun for tutorial_taskflow_api to None, run_after=None
[2025-06-14T23:56:21.327-0400] {processor.py:179} INFO - Processing /Users/rah/Desktop/creative_projects/rah_coding_repo/projects/fin_data_project_001/finance-data-project-1/.venv/lib/python3.10/site-packages/airflow/example_dags/tutorial_taskflow_api.py took 0.128 seconds
[2025-06-14T23:56:56.211-0400] {processor.py:157} INFO - Started process (PID=48087) to work on /Users/rah/Desktop/creative_projects/rah_coding_repo/projects/fin_data_project_001/finance-data-project-1/.venv/lib/python3.10/site-packages/airflow/example_dags/tutorial_taskflow_api.py
[2025-06-14T23:56:56.214-0400] {processor.py:829} INFO - Processing file /Users/rah/Desktop/creative_projects/rah_coding_repo/projects/fin_data_project_001/finance-data-project-1/.venv/lib/python3.10/site-packages/airflow/example_dags/tutorial_taskflow_api.py for tasks to queue
[2025-06-14T23:56:56.214-0400] {logging_mixin.py:154} INFO - [2025-06-14T23:56:56.214-0400] {dagbag.py:536} INFO - Filling up the DagBag from /Users/rah/Desktop/creative_projects/rah_coding_repo/projects/fin_data_project_001/finance-data-project-1/.venv/lib/python3.10/site-packages/airflow/example_dags/tutorial_taskflow_api.py
[2025-06-14T23:56:56.237-0400] {processor.py:839} INFO - DAG(s) dict_keys(['tutorial_taskflow_api']) retrieved from /Users/rah/Desktop/creative_projects/rah_coding_repo/projects/fin_data_project_001/finance-data-project-1/.venv/lib/python3.10/site-packages/airflow/example_dags/tutorial_taskflow_api.py
[2025-06-14T23:56:56.338-0400] {logging_mixin.py:154} INFO - [2025-06-14T23:56:56.338-0400] {dag.py:2941} INFO - Sync 1 DAGs
[2025-06-14T23:56:56.343-0400] {logging_mixin.py:154} INFO - [2025-06-14T23:56:56.343-0400] {dag.py:3722} INFO - Setting next_dagrun for tutorial_taskflow_api to None, run_after=None
[2025-06-14T23:56:56.352-0400] {processor.py:179} INFO - Processing /Users/rah/Desktop/creative_projects/rah_coding_repo/projects/fin_data_project_001/finance-data-project-1/.venv/lib/python3.10/site-packages/airflow/example_dags/tutorial_taskflow_api.py took 0.142 seconds
[2025-06-14T23:57:12.526-0400] {processor.py:157} INFO - Started process (PID=48353) to work on /Users/rah/Desktop/creative_projects/rah_coding_repo/projects/fin_data_project_001/finance-data-project-1/.venv/lib/python3.10/site-packages/airflow/example_dags/tutorial_taskflow_api.py
[2025-06-14T23:57:12.528-0400] {processor.py:829} INFO - Processing file /Users/rah/Desktop/creative_projects/rah_coding_repo/projects/fin_data_project_001/finance-data-project-1/.venv/lib/python3.10/site-packages/airflow/example_dags/tutorial_taskflow_api.py for tasks to queue
[2025-06-14T23:57:12.528-0400] {logging_mixin.py:154} INFO - [2025-06-14T23:57:12.528-0400] {dagbag.py:536} INFO - Filling up the DagBag from /Users/rah/Desktop/creative_projects/rah_coding_repo/projects/fin_data_project_001/finance-data-project-1/.venv/lib/python3.10/site-packages/airflow/example_dags/tutorial_taskflow_api.py
[2025-06-14T23:57:12.554-0400] {processor.py:839} INFO - DAG(s) dict_keys(['tutorial_taskflow_api']) retrieved from /Users/rah/Desktop/creative_projects/rah_coding_repo/projects/fin_data_project_001/finance-data-project-1/.venv/lib/python3.10/site-packages/airflow/example_dags/tutorial_taskflow_api.py
[2025-06-14T23:57:12.658-0400] {logging_mixin.py:154} INFO - [2025-06-14T23:57:12.658-0400] {dag.py:2941} INFO - Sync 1 DAGs
[2025-06-14T23:57:12.663-0400] {logging_mixin.py:154} INFO - [2025-06-14T23:57:12.663-0400] {dag.py:3722} INFO - Setting next_dagrun for tutorial_taskflow_api to None, run_after=None
[2025-06-14T23:57:12.671-0400] {processor.py:179} INFO - Processing /Users/rah/Desktop/creative_projects/rah_coding_repo/projects/fin_data_project_001/finance-data-project-1/.venv/lib/python3.10/site-packages/airflow/example_dags/tutorial_taskflow_api.py took 0.146 seconds
[2025-06-14T23:57:23.229-0400] {processor.py:157} INFO - Started process (PID=48501) to work on /Users/rah/Desktop/creative_projects/rah_coding_repo/projects/fin_data_project_001/finance-data-project-1/.venv/lib/python3.10/site-packages/airflow/example_dags/tutorial_taskflow_api.py
[2025-06-14T23:57:23.231-0400] {processor.py:829} INFO - Processing file /Users/rah/Desktop/creative_projects/rah_coding_repo/projects/fin_data_project_001/finance-data-project-1/.venv/lib/python3.10/site-packages/airflow/example_dags/tutorial_taskflow_api.py for tasks to queue
[2025-06-14T23:57:23.231-0400] {logging_mixin.py:154} INFO - [2025-06-14T23:57:23.231-0400] {dagbag.py:536} INFO - Filling up the DagBag from /Users/rah/Desktop/creative_projects/rah_coding_repo/projects/fin_data_project_001/finance-data-project-1/.venv/lib/python3.10/site-packages/airflow/example_dags/tutorial_taskflow_api.py
[2025-06-14T23:57:23.253-0400] {processor.py:839} INFO - DAG(s) dict_keys(['tutorial_taskflow_api']) retrieved from /Users/rah/Desktop/creative_projects/rah_coding_repo/projects/fin_data_project_001/finance-data-project-1/.venv/lib/python3.10/site-packages/airflow/example_dags/tutorial_taskflow_api.py
[2025-06-14T23:57:23.348-0400] {logging_mixin.py:154} INFO - [2025-06-14T23:57:23.348-0400] {dag.py:2941} INFO - Sync 1 DAGs
[2025-06-14T23:57:23.352-0400] {logging_mixin.py:154} INFO - [2025-06-14T23:57:23.352-0400] {dag.py:3722} INFO - Setting next_dagrun for tutorial_taskflow_api to None, run_after=None
[2025-06-14T23:57:23.360-0400] {processor.py:179} INFO - Processing /Users/rah/Desktop/creative_projects/rah_coding_repo/projects/fin_data_project_001/finance-data-project-1/.venv/lib/python3.10/site-packages/airflow/example_dags/tutorial_taskflow_api.py took 0.132 seconds
[2025-06-14T23:57:58.932-0400] {processor.py:157} INFO - Started process (PID=48951) to work on /Users/rah/Desktop/creative_projects/rah_coding_repo/projects/fin_data_project_001/finance-data-project-1/.venv/lib/python3.10/site-packages/airflow/example_dags/tutorial_taskflow_api.py
[2025-06-14T23:57:58.935-0400] {processor.py:829} INFO - Processing file /Users/rah/Desktop/creative_projects/rah_coding_repo/projects/fin_data_project_001/finance-data-project-1/.venv/lib/python3.10/site-packages/airflow/example_dags/tutorial_taskflow_api.py for tasks to queue
[2025-06-14T23:57:58.935-0400] {logging_mixin.py:154} INFO - [2025-06-14T23:57:58.935-0400] {dagbag.py:536} INFO - Filling up the DagBag from /Users/rah/Desktop/creative_projects/rah_coding_repo/projects/fin_data_project_001/finance-data-project-1/.venv/lib/python3.10/site-packages/airflow/example_dags/tutorial_taskflow_api.py
[2025-06-14T23:57:58.957-0400] {processor.py:839} INFO - DAG(s) dict_keys(['tutorial_taskflow_api']) retrieved from /Users/rah/Desktop/creative_projects/rah_coding_repo/projects/fin_data_project_001/finance-data-project-1/.venv/lib/python3.10/site-packages/airflow/example_dags/tutorial_taskflow_api.py
[2025-06-14T23:57:59.053-0400] {logging_mixin.py:154} INFO - [2025-06-14T23:57:59.053-0400] {dag.py:2941} INFO - Sync 1 DAGs
[2025-06-14T23:57:59.057-0400] {logging_mixin.py:154} INFO - [2025-06-14T23:57:59.057-0400] {dag.py:3722} INFO - Setting next_dagrun for tutorial_taskflow_api to None, run_after=None
[2025-06-14T23:57:59.065-0400] {processor.py:179} INFO - Processing /Users/rah/Desktop/creative_projects/rah_coding_repo/projects/fin_data_project_001/finance-data-project-1/.venv/lib/python3.10/site-packages/airflow/example_dags/tutorial_taskflow_api.py took 0.133 seconds
[2025-06-14T23:58:13.098-0400] {processor.py:157} INFO - Started process (PID=49212) to work on /Users/rah/Desktop/creative_projects/rah_coding_repo/projects/fin_data_project_001/finance-data-project-1/.venv/lib/python3.10/site-packages/airflow/example_dags/tutorial_taskflow_api.py
[2025-06-14T23:58:13.100-0400] {processor.py:829} INFO - Processing file /Users/rah/Desktop/creative_projects/rah_coding_repo/projects/fin_data_project_001/finance-data-project-1/.venv/lib/python3.10/site-packages/airflow/example_dags/tutorial_taskflow_api.py for tasks to queue
[2025-06-14T23:58:13.100-0400] {logging_mixin.py:154} INFO - [2025-06-14T23:58:13.100-0400] {dagbag.py:536} INFO - Filling up the DagBag from /Users/rah/Desktop/creative_projects/rah_coding_repo/projects/fin_data_project_001/finance-data-project-1/.venv/lib/python3.10/site-packages/airflow/example_dags/tutorial_taskflow_api.py
[2025-06-14T23:58:13.124-0400] {processor.py:839} INFO - DAG(s) dict_keys(['tutorial_taskflow_api']) retrieved from /Users/rah/Desktop/creative_projects/rah_coding_repo/projects/fin_data_project_001/finance-data-project-1/.venv/lib/python3.10/site-packages/airflow/example_dags/tutorial_taskflow_api.py
[2025-06-14T23:58:13.227-0400] {logging_mixin.py:154} INFO - [2025-06-14T23:58:13.227-0400] {dag.py:2941} INFO - Sync 1 DAGs
[2025-06-14T23:58:13.232-0400] {logging_mixin.py:154} INFO - [2025-06-14T23:58:13.231-0400] {dag.py:3722} INFO - Setting next_dagrun for tutorial_taskflow_api to None, run_after=None
[2025-06-14T23:58:13.241-0400] {processor.py:179} INFO - Processing /Users/rah/Desktop/creative_projects/rah_coding_repo/projects/fin_data_project_001/finance-data-project-1/.venv/lib/python3.10/site-packages/airflow/example_dags/tutorial_taskflow_api.py took 0.144 seconds
[2025-06-14T23:58:14.237-0400] {processor.py:157} INFO - Started process (PID=49215) to work on /Users/rah/Desktop/creative_projects/rah_coding_repo/projects/fin_data_project_001/finance-data-project-1/.venv/lib/python3.10/site-packages/airflow/example_dags/tutorial_taskflow_api.py
[2025-06-14T23:58:14.239-0400] {processor.py:829} INFO - Processing file /Users/rah/Desktop/creative_projects/rah_coding_repo/projects/fin_data_project_001/finance-data-project-1/.venv/lib/python3.10/site-packages/airflow/example_dags/tutorial_taskflow_api.py for tasks to queue
[2025-06-14T23:58:14.239-0400] {logging_mixin.py:154} INFO - [2025-06-14T23:58:14.239-0400] {dagbag.py:536} INFO - Filling up the DagBag from /Users/rah/Desktop/creative_projects/rah_coding_repo/projects/fin_data_project_001/finance-data-project-1/.venv/lib/python3.10/site-packages/airflow/example_dags/tutorial_taskflow_api.py
[2025-06-14T23:58:14.262-0400] {processor.py:839} INFO - DAG(s) dict_keys(['tutorial_taskflow_api']) retrieved from /Users/rah/Desktop/creative_projects/rah_coding_repo/projects/fin_data_project_001/finance-data-project-1/.venv/lib/python3.10/site-packages/airflow/example_dags/tutorial_taskflow_api.py
[2025-06-14T23:58:14.358-0400] {logging_mixin.py:154} INFO - [2025-06-14T23:58:14.358-0400] {dag.py:2941} INFO - Sync 1 DAGs
[2025-06-14T23:58:14.363-0400] {logging_mixin.py:154} INFO - [2025-06-14T23:58:14.363-0400] {dag.py:3722} INFO - Setting next_dagrun for tutorial_taskflow_api to None, run_after=None
[2025-06-14T23:58:14.371-0400] {processor.py:179} INFO - Processing /Users/rah/Desktop/creative_projects/rah_coding_repo/projects/fin_data_project_001/finance-data-project-1/.venv/lib/python3.10/site-packages/airflow/example_dags/tutorial_taskflow_api.py took 0.135 seconds
[2025-06-14T23:58:47.501-0400] {processor.py:157} INFO - Started process (PID=49827) to work on /Users/rah/Desktop/creative_projects/rah_coding_repo/projects/fin_data_project_001/finance-data-project-1/.venv/lib/python3.10/site-packages/airflow/example_dags/tutorial_taskflow_api.py
[2025-06-14T23:58:47.503-0400] {processor.py:829} INFO - Processing file /Users/rah/Desktop/creative_projects/rah_coding_repo/projects/fin_data_project_001/finance-data-project-1/.venv/lib/python3.10/site-packages/airflow/example_dags/tutorial_taskflow_api.py for tasks to queue
[2025-06-14T23:58:47.504-0400] {logging_mixin.py:154} INFO - [2025-06-14T23:58:47.504-0400] {dagbag.py:536} INFO - Filling up the DagBag from /Users/rah/Desktop/creative_projects/rah_coding_repo/projects/fin_data_project_001/finance-data-project-1/.venv/lib/python3.10/site-packages/airflow/example_dags/tutorial_taskflow_api.py
[2025-06-14T23:58:47.528-0400] {processor.py:839} INFO - DAG(s) dict_keys(['tutorial_taskflow_api']) retrieved from /Users/rah/Desktop/creative_projects/rah_coding_repo/projects/fin_data_project_001/finance-data-project-1/.venv/lib/python3.10/site-packages/airflow/example_dags/tutorial_taskflow_api.py
[2025-06-14T23:58:47.627-0400] {logging_mixin.py:154} INFO - [2025-06-14T23:58:47.627-0400] {dag.py:2941} INFO - Sync 1 DAGs
[2025-06-14T23:58:47.632-0400] {logging_mixin.py:154} INFO - [2025-06-14T23:58:47.632-0400] {dag.py:3722} INFO - Setting next_dagrun for tutorial_taskflow_api to None, run_after=None
[2025-06-14T23:58:47.640-0400] {processor.py:179} INFO - Processing /Users/rah/Desktop/creative_projects/rah_coding_repo/projects/fin_data_project_001/finance-data-project-1/.venv/lib/python3.10/site-packages/airflow/example_dags/tutorial_taskflow_api.py took 0.140 seconds
[2025-06-14T23:59:00.361-0400] {processor.py:157} INFO - Started process (PID=50240) to work on /Users/rah/Desktop/creative_projects/rah_coding_repo/projects/fin_data_project_001/finance-data-project-1/.venv/lib/python3.10/site-packages/airflow/example_dags/tutorial_taskflow_api.py
[2025-06-14T23:59:00.363-0400] {processor.py:829} INFO - Processing file /Users/rah/Desktop/creative_projects/rah_coding_repo/projects/fin_data_project_001/finance-data-project-1/.venv/lib/python3.10/site-packages/airflow/example_dags/tutorial_taskflow_api.py for tasks to queue
[2025-06-14T23:59:00.364-0400] {logging_mixin.py:154} INFO - [2025-06-14T23:59:00.364-0400] {dagbag.py:536} INFO - Filling up the DagBag from /Users/rah/Desktop/creative_projects/rah_coding_repo/projects/fin_data_project_001/finance-data-project-1/.venv/lib/python3.10/site-packages/airflow/example_dags/tutorial_taskflow_api.py
[2025-06-14T23:59:00.389-0400] {processor.py:839} INFO - DAG(s) dict_keys(['tutorial_taskflow_api']) retrieved from /Users/rah/Desktop/creative_projects/rah_coding_repo/projects/fin_data_project_001/finance-data-project-1/.venv/lib/python3.10/site-packages/airflow/example_dags/tutorial_taskflow_api.py
[2025-06-14T23:59:00.491-0400] {logging_mixin.py:154} INFO - [2025-06-14T23:59:00.491-0400] {dag.py:2941} INFO - Sync 1 DAGs
[2025-06-14T23:59:00.496-0400] {logging_mixin.py:154} INFO - [2025-06-14T23:59:00.496-0400] {dag.py:3722} INFO - Setting next_dagrun for tutorial_taskflow_api to None, run_after=None
[2025-06-14T23:59:00.505-0400] {processor.py:179} INFO - Processing /Users/rah/Desktop/creative_projects/rah_coding_repo/projects/fin_data_project_001/finance-data-project-1/.venv/lib/python3.10/site-packages/airflow/example_dags/tutorial_taskflow_api.py took 0.145 seconds
[2025-06-14T23:59:00.645-0400] {processor.py:157} INFO - Started process (PID=50244) to work on /Users/rah/Desktop/creative_projects/rah_coding_repo/projects/fin_data_project_001/finance-data-project-1/.venv/lib/python3.10/site-packages/airflow/example_dags/tutorial_taskflow_api.py
[2025-06-14T23:59:00.647-0400] {processor.py:829} INFO - Processing file /Users/rah/Desktop/creative_projects/rah_coding_repo/projects/fin_data_project_001/finance-data-project-1/.venv/lib/python3.10/site-packages/airflow/example_dags/tutorial_taskflow_api.py for tasks to queue
[2025-06-14T23:59:00.648-0400] {logging_mixin.py:154} INFO - [2025-06-14T23:59:00.648-0400] {dagbag.py:536} INFO - Filling up the DagBag from /Users/rah/Desktop/creative_projects/rah_coding_repo/projects/fin_data_project_001/finance-data-project-1/.venv/lib/python3.10/site-packages/airflow/example_dags/tutorial_taskflow_api.py
[2025-06-14T23:59:00.672-0400] {processor.py:839} INFO - DAG(s) dict_keys(['tutorial_taskflow_api']) retrieved from /Users/rah/Desktop/creative_projects/rah_coding_repo/projects/fin_data_project_001/finance-data-project-1/.venv/lib/python3.10/site-packages/airflow/example_dags/tutorial_taskflow_api.py
[2025-06-14T23:59:00.774-0400] {logging_mixin.py:154} INFO - [2025-06-14T23:59:00.774-0400] {dag.py:2941} INFO - Sync 1 DAGs
[2025-06-14T23:59:00.779-0400] {logging_mixin.py:154} INFO - [2025-06-14T23:59:00.779-0400] {dag.py:3722} INFO - Setting next_dagrun for tutorial_taskflow_api to None, run_after=None
[2025-06-14T23:59:00.787-0400] {processor.py:179} INFO - Processing /Users/rah/Desktop/creative_projects/rah_coding_repo/projects/fin_data_project_001/finance-data-project-1/.venv/lib/python3.10/site-packages/airflow/example_dags/tutorial_taskflow_api.py took 0.143 seconds
[2025-06-14T23:59:01.867-0400] {processor.py:157} INFO - Started process (PID=50251) to work on /Users/rah/Desktop/creative_projects/rah_coding_repo/projects/fin_data_project_001/finance-data-project-1/.venv/lib/python3.10/site-packages/airflow/example_dags/tutorial_taskflow_api.py
[2025-06-14T23:59:01.869-0400] {processor.py:829} INFO - Processing file /Users/rah/Desktop/creative_projects/rah_coding_repo/projects/fin_data_project_001/finance-data-project-1/.venv/lib/python3.10/site-packages/airflow/example_dags/tutorial_taskflow_api.py for tasks to queue
[2025-06-14T23:59:01.869-0400] {logging_mixin.py:154} INFO - [2025-06-14T23:59:01.869-0400] {dagbag.py:536} INFO - Filling up the DagBag from /Users/rah/Desktop/creative_projects/rah_coding_repo/projects/fin_data_project_001/finance-data-project-1/.venv/lib/python3.10/site-packages/airflow/example_dags/tutorial_taskflow_api.py
[2025-06-14T23:59:01.892-0400] {processor.py:839} INFO - DAG(s) dict_keys(['tutorial_taskflow_api']) retrieved from /Users/rah/Desktop/creative_projects/rah_coding_repo/projects/fin_data_project_001/finance-data-project-1/.venv/lib/python3.10/site-packages/airflow/example_dags/tutorial_taskflow_api.py
[2025-06-14T23:59:01.991-0400] {logging_mixin.py:154} INFO - [2025-06-14T23:59:01.991-0400] {dag.py:2941} INFO - Sync 1 DAGs
[2025-06-14T23:59:01.995-0400] {logging_mixin.py:154} INFO - [2025-06-14T23:59:01.995-0400] {dag.py:3722} INFO - Setting next_dagrun for tutorial_taskflow_api to None, run_after=None
[2025-06-14T23:59:02.004-0400] {processor.py:179} INFO - Processing /Users/rah/Desktop/creative_projects/rah_coding_repo/projects/fin_data_project_001/finance-data-project-1/.venv/lib/python3.10/site-packages/airflow/example_dags/tutorial_taskflow_api.py took 0.138 seconds
[2025-06-14T23:59:38.586-0400] {processor.py:157} INFO - Started process (PID=50859) to work on /Users/rah/Desktop/creative_projects/rah_coding_repo/projects/fin_data_project_001/finance-data-project-1/.venv/lib/python3.10/site-packages/airflow/example_dags/tutorial_taskflow_api.py
[2025-06-14T23:59:38.590-0400] {processor.py:829} INFO - Processing file /Users/rah/Desktop/creative_projects/rah_coding_repo/projects/fin_data_project_001/finance-data-project-1/.venv/lib/python3.10/site-packages/airflow/example_dags/tutorial_taskflow_api.py for tasks to queue
[2025-06-14T23:59:38.590-0400] {logging_mixin.py:154} INFO - [2025-06-14T23:59:38.590-0400] {dagbag.py:536} INFO - Filling up the DagBag from /Users/rah/Desktop/creative_projects/rah_coding_repo/projects/fin_data_project_001/finance-data-project-1/.venv/lib/python3.10/site-packages/airflow/example_dags/tutorial_taskflow_api.py
[2025-06-14T23:59:38.614-0400] {processor.py:839} INFO - DAG(s) dict_keys(['tutorial_taskflow_api']) retrieved from /Users/rah/Desktop/creative_projects/rah_coding_repo/projects/fin_data_project_001/finance-data-project-1/.venv/lib/python3.10/site-packages/airflow/example_dags/tutorial_taskflow_api.py
[2025-06-14T23:59:38.716-0400] {logging_mixin.py:154} INFO - [2025-06-14T23:59:38.716-0400] {dag.py:2941} INFO - Sync 1 DAGs
[2025-06-14T23:59:38.720-0400] {logging_mixin.py:154} INFO - [2025-06-14T23:59:38.720-0400] {dag.py:3722} INFO - Setting next_dagrun for tutorial_taskflow_api to None, run_after=None
[2025-06-14T23:59:38.729-0400] {processor.py:179} INFO - Processing /Users/rah/Desktop/creative_projects/rah_coding_repo/projects/fin_data_project_001/finance-data-project-1/.venv/lib/python3.10/site-packages/airflow/example_dags/tutorial_taskflow_api.py took 0.144 seconds
[2025-06-14T23:59:48.628-0400] {processor.py:157} INFO - Started process (PID=51019) to work on /Users/rah/Desktop/creative_projects/rah_coding_repo/projects/fin_data_project_001/finance-data-project-1/.venv/lib/python3.10/site-packages/airflow/example_dags/tutorial_taskflow_api.py
[2025-06-14T23:59:48.630-0400] {processor.py:829} INFO - Processing file /Users/rah/Desktop/creative_projects/rah_coding_repo/projects/fin_data_project_001/finance-data-project-1/.venv/lib/python3.10/site-packages/airflow/example_dags/tutorial_taskflow_api.py for tasks to queue
[2025-06-14T23:59:48.630-0400] {logging_mixin.py:154} INFO - [2025-06-14T23:59:48.630-0400] {dagbag.py:536} INFO - Filling up the DagBag from /Users/rah/Desktop/creative_projects/rah_coding_repo/projects/fin_data_project_001/finance-data-project-1/.venv/lib/python3.10/site-packages/airflow/example_dags/tutorial_taskflow_api.py
[2025-06-14T23:59:48.654-0400] {processor.py:839} INFO - DAG(s) dict_keys(['tutorial_taskflow_api']) retrieved from /Users/rah/Desktop/creative_projects/rah_coding_repo/projects/fin_data_project_001/finance-data-project-1/.venv/lib/python3.10/site-packages/airflow/example_dags/tutorial_taskflow_api.py
[2025-06-14T23:59:48.759-0400] {logging_mixin.py:154} INFO - [2025-06-14T23:59:48.759-0400] {dag.py:2941} INFO - Sync 1 DAGs
[2025-06-14T23:59:48.764-0400] {logging_mixin.py:154} INFO - [2025-06-14T23:59:48.764-0400] {dag.py:3722} INFO - Setting next_dagrun for tutorial_taskflow_api to None, run_after=None
[2025-06-14T23:59:48.773-0400] {processor.py:179} INFO - Processing /Users/rah/Desktop/creative_projects/rah_coding_repo/projects/fin_data_project_001/finance-data-project-1/.venv/lib/python3.10/site-packages/airflow/example_dags/tutorial_taskflow_api.py took 0.146 seconds
[2025-06-14T23:59:54.767-0400] {processor.py:157} INFO - Started process (PID=51055) to work on /Users/rah/Desktop/creative_projects/rah_coding_repo/projects/fin_data_project_001/finance-data-project-1/.venv/lib/python3.10/site-packages/airflow/example_dags/tutorial_taskflow_api.py
[2025-06-14T23:59:54.770-0400] {processor.py:829} INFO - Processing file /Users/rah/Desktop/creative_projects/rah_coding_repo/projects/fin_data_project_001/finance-data-project-1/.venv/lib/python3.10/site-packages/airflow/example_dags/tutorial_taskflow_api.py for tasks to queue
[2025-06-14T23:59:54.770-0400] {logging_mixin.py:154} INFO - [2025-06-14T23:59:54.770-0400] {dagbag.py:536} INFO - Filling up the DagBag from /Users/rah/Desktop/creative_projects/rah_coding_repo/projects/fin_data_project_001/finance-data-project-1/.venv/lib/python3.10/site-packages/airflow/example_dags/tutorial_taskflow_api.py
[2025-06-14T23:59:54.796-0400] {processor.py:839} INFO - DAG(s) dict_keys(['tutorial_taskflow_api']) retrieved from /Users/rah/Desktop/creative_projects/rah_coding_repo/projects/fin_data_project_001/finance-data-project-1/.venv/lib/python3.10/site-packages/airflow/example_dags/tutorial_taskflow_api.py
[2025-06-14T23:59:54.899-0400] {logging_mixin.py:154} INFO - [2025-06-14T23:59:54.899-0400] {dag.py:2941} INFO - Sync 1 DAGs
[2025-06-14T23:59:54.903-0400] {logging_mixin.py:154} INFO - [2025-06-14T23:59:54.903-0400] {dag.py:3722} INFO - Setting next_dagrun for tutorial_taskflow_api to None, run_after=None
[2025-06-14T23:59:54.913-0400] {processor.py:179} INFO - Processing /Users/rah/Desktop/creative_projects/rah_coding_repo/projects/fin_data_project_001/finance-data-project-1/.venv/lib/python3.10/site-packages/airflow/example_dags/tutorial_taskflow_api.py took 0.147 seconds
[2025-06-15T00:00:26.003-0400] {processor.py:157} INFO - Started process (PID=51548) to work on /Users/rah/Desktop/creative_projects/rah_coding_repo/projects/fin_data_project_001/finance-data-project-1/.venv/lib/python3.10/site-packages/airflow/example_dags/tutorial_taskflow_api.py
[2025-06-15T00:00:26.006-0400] {processor.py:829} INFO - Processing file /Users/rah/Desktop/creative_projects/rah_coding_repo/projects/fin_data_project_001/finance-data-project-1/.venv/lib/python3.10/site-packages/airflow/example_dags/tutorial_taskflow_api.py for tasks to queue
[2025-06-15T00:00:26.006-0400] {logging_mixin.py:154} INFO - [2025-06-15T00:00:26.006-0400] {dagbag.py:536} INFO - Filling up the DagBag from /Users/rah/Desktop/creative_projects/rah_coding_repo/projects/fin_data_project_001/finance-data-project-1/.venv/lib/python3.10/site-packages/airflow/example_dags/tutorial_taskflow_api.py
[2025-06-15T00:00:26.028-0400] {processor.py:839} INFO - DAG(s) dict_keys(['tutorial_taskflow_api']) retrieved from /Users/rah/Desktop/creative_projects/rah_coding_repo/projects/fin_data_project_001/finance-data-project-1/.venv/lib/python3.10/site-packages/airflow/example_dags/tutorial_taskflow_api.py
[2025-06-15T00:00:26.119-0400] {logging_mixin.py:154} INFO - [2025-06-15T00:00:26.119-0400] {dag.py:2941} INFO - Sync 1 DAGs
[2025-06-15T00:00:26.123-0400] {logging_mixin.py:154} INFO - [2025-06-15T00:00:26.123-0400] {dag.py:3722} INFO - Setting next_dagrun for tutorial_taskflow_api to None, run_after=None
[2025-06-15T00:00:26.131-0400] {processor.py:179} INFO - Processing /Users/rah/Desktop/creative_projects/rah_coding_repo/projects/fin_data_project_001/finance-data-project-1/.venv/lib/python3.10/site-packages/airflow/example_dags/tutorial_taskflow_api.py took 0.129 seconds
[2025-06-15T00:00:31.502-0400] {processor.py:157} INFO - Started process (PID=51680) to work on /Users/rah/Desktop/creative_projects/rah_coding_repo/projects/fin_data_project_001/finance-data-project-1/.venv/lib/python3.10/site-packages/airflow/example_dags/tutorial_taskflow_api.py
[2025-06-15T00:00:31.504-0400] {processor.py:829} INFO - Processing file /Users/rah/Desktop/creative_projects/rah_coding_repo/projects/fin_data_project_001/finance-data-project-1/.venv/lib/python3.10/site-packages/airflow/example_dags/tutorial_taskflow_api.py for tasks to queue
[2025-06-15T00:00:31.505-0400] {logging_mixin.py:154} INFO - [2025-06-15T00:00:31.505-0400] {dagbag.py:536} INFO - Filling up the DagBag from /Users/rah/Desktop/creative_projects/rah_coding_repo/projects/fin_data_project_001/finance-data-project-1/.venv/lib/python3.10/site-packages/airflow/example_dags/tutorial_taskflow_api.py
[2025-06-15T00:00:31.527-0400] {processor.py:839} INFO - DAG(s) dict_keys(['tutorial_taskflow_api']) retrieved from /Users/rah/Desktop/creative_projects/rah_coding_repo/projects/fin_data_project_001/finance-data-project-1/.venv/lib/python3.10/site-packages/airflow/example_dags/tutorial_taskflow_api.py
[2025-06-15T00:00:31.617-0400] {logging_mixin.py:154} INFO - [2025-06-15T00:00:31.617-0400] {dag.py:2941} INFO - Sync 1 DAGs
[2025-06-15T00:00:31.622-0400] {logging_mixin.py:154} INFO - [2025-06-15T00:00:31.622-0400] {dag.py:3722} INFO - Setting next_dagrun for tutorial_taskflow_api to None, run_after=None
[2025-06-15T00:00:31.630-0400] {processor.py:179} INFO - Processing /Users/rah/Desktop/creative_projects/rah_coding_repo/projects/fin_data_project_001/finance-data-project-1/.venv/lib/python3.10/site-packages/airflow/example_dags/tutorial_taskflow_api.py took 0.129 seconds
[2025-06-15T00:00:32.495-0400] {processor.py:157} INFO - Started process (PID=51685) to work on /Users/rah/Desktop/creative_projects/rah_coding_repo/projects/fin_data_project_001/finance-data-project-1/.venv/lib/python3.10/site-packages/airflow/example_dags/tutorial_taskflow_api.py
[2025-06-15T00:00:32.498-0400] {processor.py:829} INFO - Processing file /Users/rah/Desktop/creative_projects/rah_coding_repo/projects/fin_data_project_001/finance-data-project-1/.venv/lib/python3.10/site-packages/airflow/example_dags/tutorial_taskflow_api.py for tasks to queue
[2025-06-15T00:00:32.498-0400] {logging_mixin.py:154} INFO - [2025-06-15T00:00:32.498-0400] {dagbag.py:536} INFO - Filling up the DagBag from /Users/rah/Desktop/creative_projects/rah_coding_repo/projects/fin_data_project_001/finance-data-project-1/.venv/lib/python3.10/site-packages/airflow/example_dags/tutorial_taskflow_api.py
[2025-06-15T00:00:32.520-0400] {processor.py:839} INFO - DAG(s) dict_keys(['tutorial_taskflow_api']) retrieved from /Users/rah/Desktop/creative_projects/rah_coding_repo/projects/fin_data_project_001/finance-data-project-1/.venv/lib/python3.10/site-packages/airflow/example_dags/tutorial_taskflow_api.py
[2025-06-15T00:00:32.612-0400] {logging_mixin.py:154} INFO - [2025-06-15T00:00:32.612-0400] {dag.py:2941} INFO - Sync 1 DAGs
[2025-06-15T00:00:32.616-0400] {logging_mixin.py:154} INFO - [2025-06-15T00:00:32.616-0400] {dag.py:3722} INFO - Setting next_dagrun for tutorial_taskflow_api to None, run_after=None
[2025-06-15T00:00:32.624-0400] {processor.py:179} INFO - Processing /Users/rah/Desktop/creative_projects/rah_coding_repo/projects/fin_data_project_001/finance-data-project-1/.venv/lib/python3.10/site-packages/airflow/example_dags/tutorial_taskflow_api.py took 0.130 seconds
[2025-06-15T00:00:46.637-0400] {processor.py:157} INFO - Started process (PID=51859) to work on /Users/rah/Desktop/creative_projects/rah_coding_repo/projects/fin_data_project_001/finance-data-project-1/.venv/lib/python3.10/site-packages/airflow/example_dags/tutorial_taskflow_api.py
[2025-06-15T00:00:46.639-0400] {processor.py:829} INFO - Processing file /Users/rah/Desktop/creative_projects/rah_coding_repo/projects/fin_data_project_001/finance-data-project-1/.venv/lib/python3.10/site-packages/airflow/example_dags/tutorial_taskflow_api.py for tasks to queue
[2025-06-15T00:00:46.640-0400] {logging_mixin.py:154} INFO - [2025-06-15T00:00:46.639-0400] {dagbag.py:536} INFO - Filling up the DagBag from /Users/rah/Desktop/creative_projects/rah_coding_repo/projects/fin_data_project_001/finance-data-project-1/.venv/lib/python3.10/site-packages/airflow/example_dags/tutorial_taskflow_api.py
[2025-06-15T00:00:46.666-0400] {processor.py:839} INFO - DAG(s) dict_keys(['tutorial_taskflow_api']) retrieved from /Users/rah/Desktop/creative_projects/rah_coding_repo/projects/fin_data_project_001/finance-data-project-1/.venv/lib/python3.10/site-packages/airflow/example_dags/tutorial_taskflow_api.py
[2025-06-15T00:00:46.768-0400] {logging_mixin.py:154} INFO - [2025-06-15T00:00:46.768-0400] {dag.py:2941} INFO - Sync 1 DAGs
[2025-06-15T00:00:46.773-0400] {logging_mixin.py:154} INFO - [2025-06-15T00:00:46.772-0400] {dag.py:3722} INFO - Setting next_dagrun for tutorial_taskflow_api to None, run_after=None
[2025-06-15T00:00:46.781-0400] {processor.py:179} INFO - Processing /Users/rah/Desktop/creative_projects/rah_coding_repo/projects/fin_data_project_001/finance-data-project-1/.venv/lib/python3.10/site-packages/airflow/example_dags/tutorial_taskflow_api.py took 0.145 seconds
[2025-06-15T00:01:14.884-0400] {processor.py:157} INFO - Started process (PID=52335) to work on /Users/rah/Desktop/creative_projects/rah_coding_repo/projects/fin_data_project_001/finance-data-project-1/.venv/lib/python3.10/site-packages/airflow/example_dags/tutorial_taskflow_api.py
[2025-06-15T00:01:14.886-0400] {processor.py:829} INFO - Processing file /Users/rah/Desktop/creative_projects/rah_coding_repo/projects/fin_data_project_001/finance-data-project-1/.venv/lib/python3.10/site-packages/airflow/example_dags/tutorial_taskflow_api.py for tasks to queue
[2025-06-15T00:01:14.887-0400] {logging_mixin.py:154} INFO - [2025-06-15T00:01:14.887-0400] {dagbag.py:536} INFO - Filling up the DagBag from /Users/rah/Desktop/creative_projects/rah_coding_repo/projects/fin_data_project_001/finance-data-project-1/.venv/lib/python3.10/site-packages/airflow/example_dags/tutorial_taskflow_api.py
[2025-06-15T00:01:14.910-0400] {processor.py:839} INFO - DAG(s) dict_keys(['tutorial_taskflow_api']) retrieved from /Users/rah/Desktop/creative_projects/rah_coding_repo/projects/fin_data_project_001/finance-data-project-1/.venv/lib/python3.10/site-packages/airflow/example_dags/tutorial_taskflow_api.py
[2025-06-15T00:01:15.006-0400] {logging_mixin.py:154} INFO - [2025-06-15T00:01:15.006-0400] {dag.py:2941} INFO - Sync 1 DAGs
[2025-06-15T00:01:15.010-0400] {logging_mixin.py:154} INFO - [2025-06-15T00:01:15.010-0400] {dag.py:3722} INFO - Setting next_dagrun for tutorial_taskflow_api to None, run_after=None
[2025-06-15T00:01:15.018-0400] {processor.py:179} INFO - Processing /Users/rah/Desktop/creative_projects/rah_coding_repo/projects/fin_data_project_001/finance-data-project-1/.venv/lib/python3.10/site-packages/airflow/example_dags/tutorial_taskflow_api.py took 0.135 seconds
[2025-06-15T00:01:15.918-0400] {processor.py:157} INFO - Started process (PID=52340) to work on /Users/rah/Desktop/creative_projects/rah_coding_repo/projects/fin_data_project_001/finance-data-project-1/.venv/lib/python3.10/site-packages/airflow/example_dags/tutorial_taskflow_api.py
[2025-06-15T00:01:15.921-0400] {processor.py:829} INFO - Processing file /Users/rah/Desktop/creative_projects/rah_coding_repo/projects/fin_data_project_001/finance-data-project-1/.venv/lib/python3.10/site-packages/airflow/example_dags/tutorial_taskflow_api.py for tasks to queue
[2025-06-15T00:01:15.921-0400] {logging_mixin.py:154} INFO - [2025-06-15T00:01:15.921-0400] {dagbag.py:536} INFO - Filling up the DagBag from /Users/rah/Desktop/creative_projects/rah_coding_repo/projects/fin_data_project_001/finance-data-project-1/.venv/lib/python3.10/site-packages/airflow/example_dags/tutorial_taskflow_api.py
[2025-06-15T00:01:15.945-0400] {processor.py:839} INFO - DAG(s) dict_keys(['tutorial_taskflow_api']) retrieved from /Users/rah/Desktop/creative_projects/rah_coding_repo/projects/fin_data_project_001/finance-data-project-1/.venv/lib/python3.10/site-packages/airflow/example_dags/tutorial_taskflow_api.py
[2025-06-15T00:01:16.042-0400] {logging_mixin.py:154} INFO - [2025-06-15T00:01:16.042-0400] {dag.py:2941} INFO - Sync 1 DAGs
[2025-06-15T00:01:16.046-0400] {logging_mixin.py:154} INFO - [2025-06-15T00:01:16.046-0400] {dag.py:3722} INFO - Setting next_dagrun for tutorial_taskflow_api to None, run_after=None
[2025-06-15T00:01:16.054-0400] {processor.py:179} INFO - Processing /Users/rah/Desktop/creative_projects/rah_coding_repo/projects/fin_data_project_001/finance-data-project-1/.venv/lib/python3.10/site-packages/airflow/example_dags/tutorial_taskflow_api.py took 0.136 seconds
[2025-06-15T00:01:19.220-0400] {processor.py:157} INFO - Started process (PID=52357) to work on /Users/rah/Desktop/creative_projects/rah_coding_repo/projects/fin_data_project_001/finance-data-project-1/.venv/lib/python3.10/site-packages/airflow/example_dags/tutorial_taskflow_api.py
[2025-06-15T00:01:19.222-0400] {processor.py:829} INFO - Processing file /Users/rah/Desktop/creative_projects/rah_coding_repo/projects/fin_data_project_001/finance-data-project-1/.venv/lib/python3.10/site-packages/airflow/example_dags/tutorial_taskflow_api.py for tasks to queue
[2025-06-15T00:01:19.223-0400] {logging_mixin.py:154} INFO - [2025-06-15T00:01:19.223-0400] {dagbag.py:536} INFO - Filling up the DagBag from /Users/rah/Desktop/creative_projects/rah_coding_repo/projects/fin_data_project_001/finance-data-project-1/.venv/lib/python3.10/site-packages/airflow/example_dags/tutorial_taskflow_api.py
[2025-06-15T00:01:19.246-0400] {processor.py:839} INFO - DAG(s) dict_keys(['tutorial_taskflow_api']) retrieved from /Users/rah/Desktop/creative_projects/rah_coding_repo/projects/fin_data_project_001/finance-data-project-1/.venv/lib/python3.10/site-packages/airflow/example_dags/tutorial_taskflow_api.py
[2025-06-15T00:01:19.348-0400] {logging_mixin.py:154} INFO - [2025-06-15T00:01:19.347-0400] {dag.py:2941} INFO - Sync 1 DAGs
[2025-06-15T00:01:19.352-0400] {logging_mixin.py:154} INFO - [2025-06-15T00:01:19.352-0400] {dag.py:3722} INFO - Setting next_dagrun for tutorial_taskflow_api to None, run_after=None
[2025-06-15T00:01:19.361-0400] {processor.py:179} INFO - Processing /Users/rah/Desktop/creative_projects/rah_coding_repo/projects/fin_data_project_001/finance-data-project-1/.venv/lib/python3.10/site-packages/airflow/example_dags/tutorial_taskflow_api.py took 0.142 seconds
[2025-06-15T00:01:34.010-0400] {processor.py:157} INFO - Started process (PID=52656) to work on /Users/rah/Desktop/creative_projects/rah_coding_repo/projects/fin_data_project_001/finance-data-project-1/.venv/lib/python3.10/site-packages/airflow/example_dags/tutorial_taskflow_api.py
[2025-06-15T00:01:34.012-0400] {processor.py:829} INFO - Processing file /Users/rah/Desktop/creative_projects/rah_coding_repo/projects/fin_data_project_001/finance-data-project-1/.venv/lib/python3.10/site-packages/airflow/example_dags/tutorial_taskflow_api.py for tasks to queue
[2025-06-15T00:01:34.013-0400] {logging_mixin.py:154} INFO - [2025-06-15T00:01:34.013-0400] {dagbag.py:536} INFO - Filling up the DagBag from /Users/rah/Desktop/creative_projects/rah_coding_repo/projects/fin_data_project_001/finance-data-project-1/.venv/lib/python3.10/site-packages/airflow/example_dags/tutorial_taskflow_api.py
[2025-06-15T00:01:34.036-0400] {processor.py:839} INFO - DAG(s) dict_keys(['tutorial_taskflow_api']) retrieved from /Users/rah/Desktop/creative_projects/rah_coding_repo/projects/fin_data_project_001/finance-data-project-1/.venv/lib/python3.10/site-packages/airflow/example_dags/tutorial_taskflow_api.py
[2025-06-15T00:01:34.125-0400] {logging_mixin.py:154} INFO - [2025-06-15T00:01:34.125-0400] {dag.py:2941} INFO - Sync 1 DAGs
[2025-06-15T00:01:34.129-0400] {logging_mixin.py:154} INFO - [2025-06-15T00:01:34.129-0400] {dag.py:3722} INFO - Setting next_dagrun for tutorial_taskflow_api to None, run_after=None
[2025-06-15T00:01:34.137-0400] {processor.py:179} INFO - Processing /Users/rah/Desktop/creative_projects/rah_coding_repo/projects/fin_data_project_001/finance-data-project-1/.venv/lib/python3.10/site-packages/airflow/example_dags/tutorial_taskflow_api.py took 0.127 seconds
[2025-06-15T00:02:00.517-0400] {processor.py:157} INFO - Started process (PID=53004) to work on /Users/rah/Desktop/creative_projects/rah_coding_repo/projects/fin_data_project_001/finance-data-project-1/.venv/lib/python3.10/site-packages/airflow/example_dags/tutorial_taskflow_api.py
[2025-06-15T00:02:00.520-0400] {processor.py:829} INFO - Processing file /Users/rah/Desktop/creative_projects/rah_coding_repo/projects/fin_data_project_001/finance-data-project-1/.venv/lib/python3.10/site-packages/airflow/example_dags/tutorial_taskflow_api.py for tasks to queue
[2025-06-15T00:02:00.520-0400] {logging_mixin.py:154} INFO - [2025-06-15T00:02:00.520-0400] {dagbag.py:536} INFO - Filling up the DagBag from /Users/rah/Desktop/creative_projects/rah_coding_repo/projects/fin_data_project_001/finance-data-project-1/.venv/lib/python3.10/site-packages/airflow/example_dags/tutorial_taskflow_api.py
[2025-06-15T00:02:00.543-0400] {processor.py:839} INFO - DAG(s) dict_keys(['tutorial_taskflow_api']) retrieved from /Users/rah/Desktop/creative_projects/rah_coding_repo/projects/fin_data_project_001/finance-data-project-1/.venv/lib/python3.10/site-packages/airflow/example_dags/tutorial_taskflow_api.py
[2025-06-15T00:02:00.647-0400] {logging_mixin.py:154} INFO - [2025-06-15T00:02:00.647-0400] {dag.py:2941} INFO - Sync 1 DAGs
[2025-06-15T00:02:00.652-0400] {logging_mixin.py:154} INFO - [2025-06-15T00:02:00.652-0400] {dag.py:3722} INFO - Setting next_dagrun for tutorial_taskflow_api to None, run_after=None
[2025-06-15T00:02:00.661-0400] {processor.py:179} INFO - Processing /Users/rah/Desktop/creative_projects/rah_coding_repo/projects/fin_data_project_001/finance-data-project-1/.venv/lib/python3.10/site-packages/airflow/example_dags/tutorial_taskflow_api.py took 0.144 seconds
[2025-06-15T00:02:03.206-0400] {processor.py:157} INFO - Started process (PID=53127) to work on /Users/rah/Desktop/creative_projects/rah_coding_repo/projects/fin_data_project_001/finance-data-project-1/.venv/lib/python3.10/site-packages/airflow/example_dags/tutorial_taskflow_api.py
[2025-06-15T00:02:03.208-0400] {processor.py:829} INFO - Processing file /Users/rah/Desktop/creative_projects/rah_coding_repo/projects/fin_data_project_001/finance-data-project-1/.venv/lib/python3.10/site-packages/airflow/example_dags/tutorial_taskflow_api.py for tasks to queue
[2025-06-15T00:02:03.209-0400] {logging_mixin.py:154} INFO - [2025-06-15T00:02:03.209-0400] {dagbag.py:536} INFO - Filling up the DagBag from /Users/rah/Desktop/creative_projects/rah_coding_repo/projects/fin_data_project_001/finance-data-project-1/.venv/lib/python3.10/site-packages/airflow/example_dags/tutorial_taskflow_api.py
[2025-06-15T00:02:03.230-0400] {processor.py:839} INFO - DAG(s) dict_keys(['tutorial_taskflow_api']) retrieved from /Users/rah/Desktop/creative_projects/rah_coding_repo/projects/fin_data_project_001/finance-data-project-1/.venv/lib/python3.10/site-packages/airflow/example_dags/tutorial_taskflow_api.py
[2025-06-15T00:02:03.318-0400] {logging_mixin.py:154} INFO - [2025-06-15T00:02:03.318-0400] {dag.py:2941} INFO - Sync 1 DAGs
[2025-06-15T00:02:03.322-0400] {logging_mixin.py:154} INFO - [2025-06-15T00:02:03.322-0400] {dag.py:3722} INFO - Setting next_dagrun for tutorial_taskflow_api to None, run_after=None
[2025-06-15T00:02:03.330-0400] {processor.py:179} INFO - Processing /Users/rah/Desktop/creative_projects/rah_coding_repo/projects/fin_data_project_001/finance-data-project-1/.venv/lib/python3.10/site-packages/airflow/example_dags/tutorial_taskflow_api.py took 0.124 seconds
[2025-06-15T00:02:06.297-0400] {processor.py:157} INFO - Started process (PID=53146) to work on /Users/rah/Desktop/creative_projects/rah_coding_repo/projects/fin_data_project_001/finance-data-project-1/.venv/lib/python3.10/site-packages/airflow/example_dags/tutorial_taskflow_api.py
[2025-06-15T00:02:06.299-0400] {processor.py:829} INFO - Processing file /Users/rah/Desktop/creative_projects/rah_coding_repo/projects/fin_data_project_001/finance-data-project-1/.venv/lib/python3.10/site-packages/airflow/example_dags/tutorial_taskflow_api.py for tasks to queue
[2025-06-15T00:02:06.299-0400] {logging_mixin.py:154} INFO - [2025-06-15T00:02:06.299-0400] {dagbag.py:536} INFO - Filling up the DagBag from /Users/rah/Desktop/creative_projects/rah_coding_repo/projects/fin_data_project_001/finance-data-project-1/.venv/lib/python3.10/site-packages/airflow/example_dags/tutorial_taskflow_api.py
[2025-06-15T00:02:06.321-0400] {processor.py:839} INFO - DAG(s) dict_keys(['tutorial_taskflow_api']) retrieved from /Users/rah/Desktop/creative_projects/rah_coding_repo/projects/fin_data_project_001/finance-data-project-1/.venv/lib/python3.10/site-packages/airflow/example_dags/tutorial_taskflow_api.py
[2025-06-15T00:02:06.413-0400] {logging_mixin.py:154} INFO - [2025-06-15T00:02:06.413-0400] {dag.py:2941} INFO - Sync 1 DAGs
[2025-06-15T00:02:06.417-0400] {logging_mixin.py:154} INFO - [2025-06-15T00:02:06.417-0400] {dag.py:3722} INFO - Setting next_dagrun for tutorial_taskflow_api to None, run_after=None
[2025-06-15T00:02:06.425-0400] {processor.py:179} INFO - Processing /Users/rah/Desktop/creative_projects/rah_coding_repo/projects/fin_data_project_001/finance-data-project-1/.venv/lib/python3.10/site-packages/airflow/example_dags/tutorial_taskflow_api.py took 0.129 seconds
[2025-06-15T00:02:20.257-0400] {processor.py:157} INFO - Started process (PID=53332) to work on /Users/rah/Desktop/creative_projects/rah_coding_repo/projects/fin_data_project_001/finance-data-project-1/.venv/lib/python3.10/site-packages/airflow/example_dags/tutorial_taskflow_api.py
[2025-06-15T00:02:20.259-0400] {processor.py:829} INFO - Processing file /Users/rah/Desktop/creative_projects/rah_coding_repo/projects/fin_data_project_001/finance-data-project-1/.venv/lib/python3.10/site-packages/airflow/example_dags/tutorial_taskflow_api.py for tasks to queue
[2025-06-15T00:02:20.260-0400] {logging_mixin.py:154} INFO - [2025-06-15T00:02:20.260-0400] {dagbag.py:536} INFO - Filling up the DagBag from /Users/rah/Desktop/creative_projects/rah_coding_repo/projects/fin_data_project_001/finance-data-project-1/.venv/lib/python3.10/site-packages/airflow/example_dags/tutorial_taskflow_api.py
[2025-06-15T00:02:20.284-0400] {processor.py:839} INFO - DAG(s) dict_keys(['tutorial_taskflow_api']) retrieved from /Users/rah/Desktop/creative_projects/rah_coding_repo/projects/fin_data_project_001/finance-data-project-1/.venv/lib/python3.10/site-packages/airflow/example_dags/tutorial_taskflow_api.py
[2025-06-15T00:02:20.378-0400] {logging_mixin.py:154} INFO - [2025-06-15T00:02:20.378-0400] {dag.py:2941} INFO - Sync 1 DAGs
[2025-06-15T00:02:20.382-0400] {logging_mixin.py:154} INFO - [2025-06-15T00:02:20.382-0400] {dag.py:3722} INFO - Setting next_dagrun for tutorial_taskflow_api to None, run_after=None
[2025-06-15T00:02:20.391-0400] {processor.py:179} INFO - Processing /Users/rah/Desktop/creative_projects/rah_coding_repo/projects/fin_data_project_001/finance-data-project-1/.venv/lib/python3.10/site-packages/airflow/example_dags/tutorial_taskflow_api.py took 0.134 seconds
[2025-06-15T00:02:59.633-0400] {processor.py:157} INFO - Started process (PID=54027) to work on /Users/rah/.pyenv/versions/3.10.11/lib/python3.10/site-packages/airflow/example_dags/tutorial_taskflow_api.py
[2025-06-15T00:02:59.635-0400] {processor.py:829} INFO - Processing file /Users/rah/.pyenv/versions/3.10.11/lib/python3.10/site-packages/airflow/example_dags/tutorial_taskflow_api.py for tasks to queue
[2025-06-15T00:02:59.636-0400] {logging_mixin.py:154} INFO - [2025-06-15T00:02:59.636-0400] {dagbag.py:536} INFO - Filling up the DagBag from /Users/rah/.pyenv/versions/3.10.11/lib/python3.10/site-packages/airflow/example_dags/tutorial_taskflow_api.py
[2025-06-15T00:02:59.677-0400] {processor.py:839} INFO - DAG(s) dict_keys(['tutorial_taskflow_api']) retrieved from /Users/rah/.pyenv/versions/3.10.11/lib/python3.10/site-packages/airflow/example_dags/tutorial_taskflow_api.py
[2025-06-15T00:02:59.993-0400] {logging_mixin.py:154} INFO - [2025-06-15T00:02:59.993-0400] {dag.py:2941} INFO - Sync 1 DAGs
[2025-06-15T00:02:59.997-0400] {logging_mixin.py:154} INFO - [2025-06-15T00:02:59.997-0400] {dag.py:3722} INFO - Setting next_dagrun for tutorial_taskflow_api to None, run_after=None
[2025-06-15T00:03:00.005-0400] {processor.py:179} INFO - Processing /Users/rah/.pyenv/versions/3.10.11/lib/python3.10/site-packages/airflow/example_dags/tutorial_taskflow_api.py took 0.372 seconds
[2025-06-15T00:06:25.162-0400] {processor.py:157} INFO - Started process (PID=56886) to work on /Users/rah/.pyenv/versions/3.10.11/lib/python3.10/site-packages/airflow/example_dags/tutorial_taskflow_api.py
[2025-06-15T00:06:25.166-0400] {processor.py:829} INFO - Processing file /Users/rah/.pyenv/versions/3.10.11/lib/python3.10/site-packages/airflow/example_dags/tutorial_taskflow_api.py for tasks to queue
[2025-06-15T00:06:25.166-0400] {logging_mixin.py:154} INFO - [2025-06-15T00:06:25.166-0400] {dagbag.py:536} INFO - Filling up the DagBag from /Users/rah/.pyenv/versions/3.10.11/lib/python3.10/site-packages/airflow/example_dags/tutorial_taskflow_api.py
[2025-06-15T00:06:25.208-0400] {processor.py:839} INFO - DAG(s) dict_keys(['tutorial_taskflow_api']) retrieved from /Users/rah/.pyenv/versions/3.10.11/lib/python3.10/site-packages/airflow/example_dags/tutorial_taskflow_api.py
[2025-06-15T00:06:25.297-0400] {logging_mixin.py:154} INFO - [2025-06-15T00:06:25.296-0400] {dag.py:2941} INFO - Sync 1 DAGs
[2025-06-15T00:06:25.300-0400] {logging_mixin.py:154} INFO - [2025-06-15T00:06:25.300-0400] {dag.py:3722} INFO - Setting next_dagrun for tutorial_taskflow_api to None, run_after=None
[2025-06-15T00:06:25.308-0400] {processor.py:179} INFO - Processing /Users/rah/.pyenv/versions/3.10.11/lib/python3.10/site-packages/airflow/example_dags/tutorial_taskflow_api.py took 0.147 seconds
[2025-06-15T00:07:52.433-0400] {processor.py:157} INFO - Started process (PID=57826) to work on /Users/rah/.pyenv/versions/3.10.11/lib/python3.10/site-packages/airflow/example_dags/tutorial_taskflow_api.py
[2025-06-15T00:07:52.436-0400] {processor.py:829} INFO - Processing file /Users/rah/.pyenv/versions/3.10.11/lib/python3.10/site-packages/airflow/example_dags/tutorial_taskflow_api.py for tasks to queue
[2025-06-15T00:07:52.436-0400] {logging_mixin.py:154} INFO - [2025-06-15T00:07:52.436-0400] {dagbag.py:536} INFO - Filling up the DagBag from /Users/rah/.pyenv/versions/3.10.11/lib/python3.10/site-packages/airflow/example_dags/tutorial_taskflow_api.py
[2025-06-15T00:07:52.479-0400] {processor.py:839} INFO - DAG(s) dict_keys(['tutorial_taskflow_api']) retrieved from /Users/rah/.pyenv/versions/3.10.11/lib/python3.10/site-packages/airflow/example_dags/tutorial_taskflow_api.py
[2025-06-15T00:07:52.566-0400] {logging_mixin.py:154} INFO - [2025-06-15T00:07:52.566-0400] {dag.py:2941} INFO - Sync 1 DAGs
[2025-06-15T00:07:52.570-0400] {logging_mixin.py:154} INFO - [2025-06-15T00:07:52.570-0400] {dag.py:3722} INFO - Setting next_dagrun for tutorial_taskflow_api to None, run_after=None
[2025-06-15T00:07:52.577-0400] {processor.py:179} INFO - Processing /Users/rah/.pyenv/versions/3.10.11/lib/python3.10/site-packages/airflow/example_dags/tutorial_taskflow_api.py took 0.145 seconds
[2025-06-15T00:08:49.727-0400] {processor.py:157} INFO - Started process (PID=58779) to work on /Users/rah/.pyenv/versions/3.10.11/lib/python3.10/site-packages/airflow/example_dags/tutorial_taskflow_api.py
[2025-06-15T00:08:49.730-0400] {processor.py:829} INFO - Processing file /Users/rah/.pyenv/versions/3.10.11/lib/python3.10/site-packages/airflow/example_dags/tutorial_taskflow_api.py for tasks to queue
[2025-06-15T00:08:49.730-0400] {logging_mixin.py:154} INFO - [2025-06-15T00:08:49.730-0400] {dagbag.py:536} INFO - Filling up the DagBag from /Users/rah/.pyenv/versions/3.10.11/lib/python3.10/site-packages/airflow/example_dags/tutorial_taskflow_api.py
[2025-06-15T00:08:49.772-0400] {processor.py:839} INFO - DAG(s) dict_keys(['tutorial_taskflow_api']) retrieved from /Users/rah/.pyenv/versions/3.10.11/lib/python3.10/site-packages/airflow/example_dags/tutorial_taskflow_api.py
[2025-06-15T00:08:49.858-0400] {logging_mixin.py:154} INFO - [2025-06-15T00:08:49.858-0400] {dag.py:2941} INFO - Sync 1 DAGs
[2025-06-15T00:08:49.861-0400] {logging_mixin.py:154} INFO - [2025-06-15T00:08:49.861-0400] {dag.py:3722} INFO - Setting next_dagrun for tutorial_taskflow_api to None, run_after=None
[2025-06-15T00:08:49.869-0400] {processor.py:179} INFO - Processing /Users/rah/.pyenv/versions/3.10.11/lib/python3.10/site-packages/airflow/example_dags/tutorial_taskflow_api.py took 0.142 seconds
[2025-06-15T00:09:41.427-0400] {processor.py:157} INFO - Started process (PID=59735) to work on /Users/rah/.pyenv/versions/3.10.11/lib/python3.10/site-packages/airflow/example_dags/tutorial_taskflow_api.py
[2025-06-15T00:09:41.430-0400] {processor.py:829} INFO - Processing file /Users/rah/.pyenv/versions/3.10.11/lib/python3.10/site-packages/airflow/example_dags/tutorial_taskflow_api.py for tasks to queue
[2025-06-15T00:09:41.430-0400] {logging_mixin.py:154} INFO - [2025-06-15T00:09:41.430-0400] {dagbag.py:536} INFO - Filling up the DagBag from /Users/rah/.pyenv/versions/3.10.11/lib/python3.10/site-packages/airflow/example_dags/tutorial_taskflow_api.py
[2025-06-15T00:09:41.471-0400] {processor.py:839} INFO - DAG(s) dict_keys(['tutorial_taskflow_api']) retrieved from /Users/rah/.pyenv/versions/3.10.11/lib/python3.10/site-packages/airflow/example_dags/tutorial_taskflow_api.py
[2025-06-15T00:09:41.560-0400] {logging_mixin.py:154} INFO - [2025-06-15T00:09:41.560-0400] {dag.py:2941} INFO - Sync 1 DAGs
[2025-06-15T00:09:41.564-0400] {logging_mixin.py:154} INFO - [2025-06-15T00:09:41.564-0400] {dag.py:3722} INFO - Setting next_dagrun for tutorial_taskflow_api to None, run_after=None
[2025-06-15T00:09:41.571-0400] {processor.py:179} INFO - Processing /Users/rah/.pyenv/versions/3.10.11/lib/python3.10/site-packages/airflow/example_dags/tutorial_taskflow_api.py took 0.145 seconds
[2025-06-15T00:10:32.096-0400] {processor.py:157} INFO - Started process (PID=60670) to work on /Users/rah/.pyenv/versions/3.10.11/lib/python3.10/site-packages/airflow/example_dags/tutorial_taskflow_api.py
[2025-06-15T00:10:32.099-0400] {processor.py:829} INFO - Processing file /Users/rah/.pyenv/versions/3.10.11/lib/python3.10/site-packages/airflow/example_dags/tutorial_taskflow_api.py for tasks to queue
[2025-06-15T00:10:32.099-0400] {logging_mixin.py:154} INFO - [2025-06-15T00:10:32.099-0400] {dagbag.py:536} INFO - Filling up the DagBag from /Users/rah/.pyenv/versions/3.10.11/lib/python3.10/site-packages/airflow/example_dags/tutorial_taskflow_api.py
[2025-06-15T00:10:32.145-0400] {processor.py:839} INFO - DAG(s) dict_keys(['tutorial_taskflow_api']) retrieved from /Users/rah/.pyenv/versions/3.10.11/lib/python3.10/site-packages/airflow/example_dags/tutorial_taskflow_api.py
[2025-06-15T00:10:32.241-0400] {logging_mixin.py:154} INFO - [2025-06-15T00:10:32.241-0400] {dag.py:2941} INFO - Sync 1 DAGs
[2025-06-15T00:10:32.246-0400] {logging_mixin.py:154} INFO - [2025-06-15T00:10:32.246-0400] {dag.py:3722} INFO - Setting next_dagrun for tutorial_taskflow_api to None, run_after=None
[2025-06-15T00:10:32.254-0400] {processor.py:179} INFO - Processing /Users/rah/.pyenv/versions/3.10.11/lib/python3.10/site-packages/airflow/example_dags/tutorial_taskflow_api.py took 0.158 seconds
[2025-06-15T00:11:20.631-0400] {processor.py:157} INFO - Started process (PID=61329) to work on /Users/rah/.pyenv/versions/3.10.11/lib/python3.10/site-packages/airflow/example_dags/tutorial_taskflow_api.py
[2025-06-15T00:11:20.634-0400] {processor.py:829} INFO - Processing file /Users/rah/.pyenv/versions/3.10.11/lib/python3.10/site-packages/airflow/example_dags/tutorial_taskflow_api.py for tasks to queue
[2025-06-15T00:11:20.634-0400] {logging_mixin.py:154} INFO - [2025-06-15T00:11:20.634-0400] {dagbag.py:536} INFO - Filling up the DagBag from /Users/rah/.pyenv/versions/3.10.11/lib/python3.10/site-packages/airflow/example_dags/tutorial_taskflow_api.py
[2025-06-15T00:11:20.675-0400] {processor.py:839} INFO - DAG(s) dict_keys(['tutorial_taskflow_api']) retrieved from /Users/rah/.pyenv/versions/3.10.11/lib/python3.10/site-packages/airflow/example_dags/tutorial_taskflow_api.py
[2025-06-15T00:11:20.761-0400] {logging_mixin.py:154} INFO - [2025-06-15T00:11:20.761-0400] {dag.py:2941} INFO - Sync 1 DAGs
[2025-06-15T00:11:20.764-0400] {logging_mixin.py:154} INFO - [2025-06-15T00:11:20.764-0400] {dag.py:3722} INFO - Setting next_dagrun for tutorial_taskflow_api to None, run_after=None
[2025-06-15T00:11:20.772-0400] {processor.py:179} INFO - Processing /Users/rah/.pyenv/versions/3.10.11/lib/python3.10/site-packages/airflow/example_dags/tutorial_taskflow_api.py took 0.141 seconds
[2025-06-15T00:12:12.083-0400] {processor.py:157} INFO - Started process (PID=62249) to work on /Users/rah/.pyenv/versions/3.10.11/lib/python3.10/site-packages/airflow/example_dags/tutorial_taskflow_api.py
[2025-06-15T00:12:12.086-0400] {processor.py:829} INFO - Processing file /Users/rah/.pyenv/versions/3.10.11/lib/python3.10/site-packages/airflow/example_dags/tutorial_taskflow_api.py for tasks to queue
[2025-06-15T00:12:12.086-0400] {logging_mixin.py:154} INFO - [2025-06-15T00:12:12.086-0400] {dagbag.py:536} INFO - Filling up the DagBag from /Users/rah/.pyenv/versions/3.10.11/lib/python3.10/site-packages/airflow/example_dags/tutorial_taskflow_api.py
[2025-06-15T00:12:12.126-0400] {processor.py:839} INFO - DAG(s) dict_keys(['tutorial_taskflow_api']) retrieved from /Users/rah/.pyenv/versions/3.10.11/lib/python3.10/site-packages/airflow/example_dags/tutorial_taskflow_api.py
[2025-06-15T00:12:12.212-0400] {logging_mixin.py:154} INFO - [2025-06-15T00:12:12.212-0400] {dag.py:2941} INFO - Sync 1 DAGs
[2025-06-15T00:12:12.216-0400] {logging_mixin.py:154} INFO - [2025-06-15T00:12:12.216-0400] {dag.py:3722} INFO - Setting next_dagrun for tutorial_taskflow_api to None, run_after=None
[2025-06-15T00:12:12.223-0400] {processor.py:179} INFO - Processing /Users/rah/.pyenv/versions/3.10.11/lib/python3.10/site-packages/airflow/example_dags/tutorial_taskflow_api.py took 0.140 seconds
[2025-06-15T00:13:04.722-0400] {processor.py:157} INFO - Started process (PID=62873) to work on /Users/rah/.pyenv/versions/3.10.11/lib/python3.10/site-packages/airflow/example_dags/tutorial_taskflow_api.py
[2025-06-15T00:13:04.724-0400] {processor.py:829} INFO - Processing file /Users/rah/.pyenv/versions/3.10.11/lib/python3.10/site-packages/airflow/example_dags/tutorial_taskflow_api.py for tasks to queue
[2025-06-15T00:13:04.725-0400] {logging_mixin.py:154} INFO - [2025-06-15T00:13:04.725-0400] {dagbag.py:536} INFO - Filling up the DagBag from /Users/rah/.pyenv/versions/3.10.11/lib/python3.10/site-packages/airflow/example_dags/tutorial_taskflow_api.py
[2025-06-15T00:13:04.767-0400] {processor.py:839} INFO - DAG(s) dict_keys(['tutorial_taskflow_api']) retrieved from /Users/rah/.pyenv/versions/3.10.11/lib/python3.10/site-packages/airflow/example_dags/tutorial_taskflow_api.py
[2025-06-15T00:13:04.852-0400] {logging_mixin.py:154} INFO - [2025-06-15T00:13:04.852-0400] {dag.py:2941} INFO - Sync 1 DAGs
[2025-06-15T00:13:04.856-0400] {logging_mixin.py:154} INFO - [2025-06-15T00:13:04.856-0400] {dag.py:3722} INFO - Setting next_dagrun for tutorial_taskflow_api to None, run_after=None
[2025-06-15T00:13:04.863-0400] {processor.py:179} INFO - Processing /Users/rah/.pyenv/versions/3.10.11/lib/python3.10/site-packages/airflow/example_dags/tutorial_taskflow_api.py took 0.142 seconds
[2025-06-15T00:13:55.206-0400] {processor.py:157} INFO - Started process (PID=63806) to work on /Users/rah/.pyenv/versions/3.10.11/lib/python3.10/site-packages/airflow/example_dags/tutorial_taskflow_api.py
[2025-06-15T00:13:55.209-0400] {processor.py:829} INFO - Processing file /Users/rah/.pyenv/versions/3.10.11/lib/python3.10/site-packages/airflow/example_dags/tutorial_taskflow_api.py for tasks to queue
[2025-06-15T00:13:55.209-0400] {logging_mixin.py:154} INFO - [2025-06-15T00:13:55.209-0400] {dagbag.py:536} INFO - Filling up the DagBag from /Users/rah/.pyenv/versions/3.10.11/lib/python3.10/site-packages/airflow/example_dags/tutorial_taskflow_api.py
[2025-06-15T00:13:55.255-0400] {processor.py:839} INFO - DAG(s) dict_keys(['tutorial_taskflow_api']) retrieved from /Users/rah/.pyenv/versions/3.10.11/lib/python3.10/site-packages/airflow/example_dags/tutorial_taskflow_api.py
[2025-06-15T00:13:55.349-0400] {logging_mixin.py:154} INFO - [2025-06-15T00:13:55.349-0400] {dag.py:2941} INFO - Sync 1 DAGs
[2025-06-15T00:13:55.353-0400] {logging_mixin.py:154} INFO - [2025-06-15T00:13:55.353-0400] {dag.py:3722} INFO - Setting next_dagrun for tutorial_taskflow_api to None, run_after=None
[2025-06-15T00:13:55.361-0400] {processor.py:179} INFO - Processing /Users/rah/.pyenv/versions/3.10.11/lib/python3.10/site-packages/airflow/example_dags/tutorial_taskflow_api.py took 0.156 seconds
[2025-06-15T00:14:45.352-0400] {processor.py:157} INFO - Started process (PID=64624) to work on /Users/rah/.pyenv/versions/3.10.11/lib/python3.10/site-packages/airflow/example_dags/tutorial_taskflow_api.py
[2025-06-15T00:14:45.354-0400] {processor.py:829} INFO - Processing file /Users/rah/.pyenv/versions/3.10.11/lib/python3.10/site-packages/airflow/example_dags/tutorial_taskflow_api.py for tasks to queue
[2025-06-15T00:14:45.355-0400] {logging_mixin.py:154} INFO - [2025-06-15T00:14:45.355-0400] {dagbag.py:536} INFO - Filling up the DagBag from /Users/rah/.pyenv/versions/3.10.11/lib/python3.10/site-packages/airflow/example_dags/tutorial_taskflow_api.py
[2025-06-15T00:14:45.396-0400] {processor.py:839} INFO - DAG(s) dict_keys(['tutorial_taskflow_api']) retrieved from /Users/rah/.pyenv/versions/3.10.11/lib/python3.10/site-packages/airflow/example_dags/tutorial_taskflow_api.py
[2025-06-15T00:14:45.482-0400] {logging_mixin.py:154} INFO - [2025-06-15T00:14:45.482-0400] {dag.py:2941} INFO - Sync 1 DAGs
[2025-06-15T00:14:45.486-0400] {logging_mixin.py:154} INFO - [2025-06-15T00:14:45.486-0400] {dag.py:3722} INFO - Setting next_dagrun for tutorial_taskflow_api to None, run_after=None
[2025-06-15T00:14:45.494-0400] {processor.py:179} INFO - Processing /Users/rah/.pyenv/versions/3.10.11/lib/python3.10/site-packages/airflow/example_dags/tutorial_taskflow_api.py took 0.143 seconds
[2025-06-15T00:15:37.154-0400] {processor.py:157} INFO - Started process (PID=66311) to work on /Users/rah/.pyenv/versions/3.10.11/lib/python3.10/site-packages/airflow/example_dags/tutorial_taskflow_api.py
[2025-06-15T00:15:37.157-0400] {processor.py:829} INFO - Processing file /Users/rah/.pyenv/versions/3.10.11/lib/python3.10/site-packages/airflow/example_dags/tutorial_taskflow_api.py for tasks to queue
[2025-06-15T00:15:37.158-0400] {logging_mixin.py:154} INFO - [2025-06-15T00:15:37.158-0400] {dagbag.py:536} INFO - Filling up the DagBag from /Users/rah/.pyenv/versions/3.10.11/lib/python3.10/site-packages/airflow/example_dags/tutorial_taskflow_api.py
[2025-06-15T00:15:37.202-0400] {processor.py:839} INFO - DAG(s) dict_keys(['tutorial_taskflow_api']) retrieved from /Users/rah/.pyenv/versions/3.10.11/lib/python3.10/site-packages/airflow/example_dags/tutorial_taskflow_api.py
[2025-06-15T00:15:37.292-0400] {logging_mixin.py:154} INFO - [2025-06-15T00:15:37.292-0400] {dag.py:2941} INFO - Sync 1 DAGs
[2025-06-15T00:15:37.296-0400] {logging_mixin.py:154} INFO - [2025-06-15T00:15:37.296-0400] {dag.py:3722} INFO - Setting next_dagrun for tutorial_taskflow_api to None, run_after=None
[2025-06-15T00:15:37.304-0400] {processor.py:179} INFO - Processing /Users/rah/.pyenv/versions/3.10.11/lib/python3.10/site-packages/airflow/example_dags/tutorial_taskflow_api.py took 0.150 seconds
[2025-06-15T00:16:29.799-0400] {processor.py:157} INFO - Started process (PID=66957) to work on /Users/rah/.pyenv/versions/3.10.11/lib/python3.10/site-packages/airflow/example_dags/tutorial_taskflow_api.py
[2025-06-15T00:16:29.802-0400] {processor.py:829} INFO - Processing file /Users/rah/.pyenv/versions/3.10.11/lib/python3.10/site-packages/airflow/example_dags/tutorial_taskflow_api.py for tasks to queue
[2025-06-15T00:16:29.803-0400] {logging_mixin.py:154} INFO - [2025-06-15T00:16:29.802-0400] {dagbag.py:536} INFO - Filling up the DagBag from /Users/rah/.pyenv/versions/3.10.11/lib/python3.10/site-packages/airflow/example_dags/tutorial_taskflow_api.py
[2025-06-15T00:16:29.843-0400] {processor.py:839} INFO - DAG(s) dict_keys(['tutorial_taskflow_api']) retrieved from /Users/rah/.pyenv/versions/3.10.11/lib/python3.10/site-packages/airflow/example_dags/tutorial_taskflow_api.py
[2025-06-15T00:16:29.929-0400] {logging_mixin.py:154} INFO - [2025-06-15T00:16:29.929-0400] {dag.py:2941} INFO - Sync 1 DAGs
[2025-06-15T00:16:29.933-0400] {logging_mixin.py:154} INFO - [2025-06-15T00:16:29.933-0400] {dag.py:3722} INFO - Setting next_dagrun for tutorial_taskflow_api to None, run_after=None
[2025-06-15T00:16:29.940-0400] {processor.py:179} INFO - Processing /Users/rah/.pyenv/versions/3.10.11/lib/python3.10/site-packages/airflow/example_dags/tutorial_taskflow_api.py took 0.141 seconds
[2025-06-15T00:17:24.061-0400] {processor.py:157} INFO - Started process (PID=71019) to work on /Users/rah/.pyenv/versions/3.10.11/lib/python3.10/site-packages/airflow/example_dags/tutorial_taskflow_api.py
[2025-06-15T00:17:24.064-0400] {processor.py:829} INFO - Processing file /Users/rah/.pyenv/versions/3.10.11/lib/python3.10/site-packages/airflow/example_dags/tutorial_taskflow_api.py for tasks to queue
[2025-06-15T00:17:24.064-0400] {logging_mixin.py:154} INFO - [2025-06-15T00:17:24.064-0400] {dagbag.py:536} INFO - Filling up the DagBag from /Users/rah/.pyenv/versions/3.10.11/lib/python3.10/site-packages/airflow/example_dags/tutorial_taskflow_api.py
[2025-06-15T00:17:24.114-0400] {processor.py:839} INFO - DAG(s) dict_keys(['tutorial_taskflow_api']) retrieved from /Users/rah/.pyenv/versions/3.10.11/lib/python3.10/site-packages/airflow/example_dags/tutorial_taskflow_api.py
[2025-06-15T00:17:24.214-0400] {logging_mixin.py:154} INFO - [2025-06-15T00:17:24.213-0400] {dag.py:2941} INFO - Sync 1 DAGs
[2025-06-15T00:17:24.217-0400] {logging_mixin.py:154} INFO - [2025-06-15T00:17:24.217-0400] {dag.py:3722} INFO - Setting next_dagrun for tutorial_taskflow_api to None, run_after=None
[2025-06-15T00:17:24.225-0400] {processor.py:179} INFO - Processing /Users/rah/.pyenv/versions/3.10.11/lib/python3.10/site-packages/airflow/example_dags/tutorial_taskflow_api.py took 0.165 seconds
