[2025-06-14T23:48:30.652-0400] {processor.py:157} INFO - Started process (PID=39657) to work on /Users/rah/.pyenv/versions/3.10.11/lib/python3.10/site-packages/airflow/example_dags/plugins/workday.py
[2025-06-14T23:48:30.655-0400] {processor.py:829} INFO - Processing file /Users/rah/.pyenv/versions/3.10.11/lib/python3.10/site-packages/airflow/example_dags/plugins/workday.py for tasks to queue
[2025-06-14T23:48:30.655-0400] {logging_mixin.py:154} INFO - [2025-06-14T23:48:30.655-0400] {dagbag.py:536} INFO - Filling up the DagBag from /Users/rah/.pyenv/versions/3.10.11/lib/python3.10/site-packages/airflow/example_dags/plugins/workday.py
[2025-06-14T23:48:30.962-0400] {processor.py:841} WARNING - No viable dags retrieved from /Users/rah/.pyenv/versions/3.10.11/lib/python3.10/site-packages/airflow/example_dags/plugins/workday.py
[2025-06-14T23:48:31.013-0400] {processor.py:179} INFO - Processing /Users/rah/.pyenv/versions/3.10.11/lib/python3.10/site-packages/airflow/example_dags/plugins/workday.py took 0.362 seconds
[2025-06-14T23:50:05.173-0400] {processor.py:157} INFO - Started process (PID=40762) to work on /Users/rah/.pyenv/versions/3.10.11/lib/python3.10/site-packages/airflow/example_dags/plugins/workday.py
[2025-06-14T23:50:05.176-0400] {processor.py:829} INFO - Processing file /Users/rah/.pyenv/versions/3.10.11/lib/python3.10/site-packages/airflow/example_dags/plugins/workday.py for tasks to queue
[2025-06-14T23:50:05.177-0400] {logging_mixin.py:154} INFO - [2025-06-14T23:50:05.177-0400] {dagbag.py:536} INFO - Filling up the DagBag from /Users/rah/.pyenv/versions/3.10.11/lib/python3.10/site-packages/airflow/example_dags/plugins/workday.py
[2025-06-14T23:50:05.514-0400] {processor.py:841} WARNING - No viable dags retrieved from /Users/rah/.pyenv/versions/3.10.11/lib/python3.10/site-packages/airflow/example_dags/plugins/workday.py
[2025-06-14T23:50:05.572-0400] {processor.py:179} INFO - Processing /Users/rah/.pyenv/versions/3.10.11/lib/python3.10/site-packages/airflow/example_dags/plugins/workday.py took 0.400 seconds
[2025-06-14T23:50:57.024-0400] {processor.py:157} INFO - Started process (PID=41677) to work on /Users/rah/.pyenv/versions/3.10.11/lib/python3.10/site-packages/airflow/example_dags/plugins/workday.py
[2025-06-14T23:50:57.027-0400] {processor.py:829} INFO - Processing file /Users/rah/.pyenv/versions/3.10.11/lib/python3.10/site-packages/airflow/example_dags/plugins/workday.py for tasks to queue
[2025-06-14T23:50:57.027-0400] {logging_mixin.py:154} INFO - [2025-06-14T23:50:57.027-0400] {dagbag.py:536} INFO - Filling up the DagBag from /Users/rah/.pyenv/versions/3.10.11/lib/python3.10/site-packages/airflow/example_dags/plugins/workday.py
[2025-06-14T23:50:57.226-0400] {processor.py:841} WARNING - No viable dags retrieved from /Users/rah/.pyenv/versions/3.10.11/lib/python3.10/site-packages/airflow/example_dags/plugins/workday.py
[2025-06-14T23:50:57.277-0400] {processor.py:179} INFO - Processing /Users/rah/.pyenv/versions/3.10.11/lib/python3.10/site-packages/airflow/example_dags/plugins/workday.py took 0.254 seconds
[2025-06-14T23:54:52.526-0400] {processor.py:157} INFO - Started process (PID=45496) to work on /Users/rah/Desktop/creative_projects/rah_coding_repo/projects/fin_data_project_001/finance-data-project-1/.venv/lib/python3.10/site-packages/airflow/example_dags/plugins/workday.py
[2025-06-14T23:54:52.528-0400] {processor.py:829} INFO - Processing file /Users/rah/Desktop/creative_projects/rah_coding_repo/projects/fin_data_project_001/finance-data-project-1/.venv/lib/python3.10/site-packages/airflow/example_dags/plugins/workday.py for tasks to queue
[2025-06-14T23:54:52.528-0400] {logging_mixin.py:154} INFO - [2025-06-14T23:54:52.528-0400] {dagbag.py:536} INFO - Filling up the DagBag from /Users/rah/Desktop/creative_projects/rah_coding_repo/projects/fin_data_project_001/finance-data-project-1/.venv/lib/python3.10/site-packages/airflow/example_dags/plugins/workday.py
[2025-06-14T23:54:52.757-0400] {processor.py:841} WARNING - No viable dags retrieved from /Users/rah/Desktop/creative_projects/rah_coding_repo/projects/fin_data_project_001/finance-data-project-1/.venv/lib/python3.10/site-packages/airflow/example_dags/plugins/workday.py
[2025-06-14T23:54:52.813-0400] {processor.py:179} INFO - Processing /Users/rah/Desktop/creative_projects/rah_coding_repo/projects/fin_data_project_001/finance-data-project-1/.venv/lib/python3.10/site-packages/airflow/example_dags/plugins/workday.py took 0.288 seconds
[2025-06-14T23:55:59.043-0400] {processor.py:157} INFO - Started process (PID=46796) to work on /Users/rah/Desktop/creative_projects/rah_coding_repo/projects/fin_data_project_001/finance-data-project-1/.venv/lib/python3.10/site-packages/airflow/example_dags/plugins/workday.py
[2025-06-14T23:55:59.046-0400] {processor.py:829} INFO - Processing file /Users/rah/Desktop/creative_projects/rah_coding_repo/projects/fin_data_project_001/finance-data-project-1/.venv/lib/python3.10/site-packages/airflow/example_dags/plugins/workday.py for tasks to queue
[2025-06-14T23:55:59.046-0400] {logging_mixin.py:154} INFO - [2025-06-14T23:55:59.046-0400] {dagbag.py:536} INFO - Filling up the DagBag from /Users/rah/Desktop/creative_projects/rah_coding_repo/projects/fin_data_project_001/finance-data-project-1/.venv/lib/python3.10/site-packages/airflow/example_dags/plugins/workday.py
[2025-06-14T23:55:59.252-0400] {processor.py:841} WARNING - No viable dags retrieved from /Users/rah/Desktop/creative_projects/rah_coding_repo/projects/fin_data_project_001/finance-data-project-1/.venv/lib/python3.10/site-packages/airflow/example_dags/plugins/workday.py
[2025-06-14T23:55:59.304-0400] {processor.py:179} INFO - Processing /Users/rah/Desktop/creative_projects/rah_coding_repo/projects/fin_data_project_001/finance-data-project-1/.venv/lib/python3.10/site-packages/airflow/example_dags/plugins/workday.py took 0.262 seconds
[2025-06-14T23:56:14.234-0400] {processor.py:157} INFO - Started process (PID=46958) to work on /Users/rah/Desktop/creative_projects/rah_coding_repo/projects/fin_data_project_001/finance-data-project-1/.venv/lib/python3.10/site-packages/airflow/example_dags/plugins/workday.py
[2025-06-14T23:56:14.236-0400] {processor.py:829} INFO - Processing file /Users/rah/Desktop/creative_projects/rah_coding_repo/projects/fin_data_project_001/finance-data-project-1/.venv/lib/python3.10/site-packages/airflow/example_dags/plugins/workday.py for tasks to queue
[2025-06-14T23:56:14.236-0400] {logging_mixin.py:154} INFO - [2025-06-14T23:56:14.236-0400] {dagbag.py:536} INFO - Filling up the DagBag from /Users/rah/Desktop/creative_projects/rah_coding_repo/projects/fin_data_project_001/finance-data-project-1/.venv/lib/python3.10/site-packages/airflow/example_dags/plugins/workday.py
[2025-06-14T23:56:14.463-0400] {processor.py:841} WARNING - No viable dags retrieved from /Users/rah/Desktop/creative_projects/rah_coding_repo/projects/fin_data_project_001/finance-data-project-1/.venv/lib/python3.10/site-packages/airflow/example_dags/plugins/workday.py
[2025-06-14T23:56:14.519-0400] {processor.py:179} INFO - Processing /Users/rah/Desktop/creative_projects/rah_coding_repo/projects/fin_data_project_001/finance-data-project-1/.venv/lib/python3.10/site-packages/airflow/example_dags/plugins/workday.py took 0.286 seconds
[2025-06-14T23:56:50.330-0400] {processor.py:157} INFO - Started process (PID=48040) to work on /Users/rah/Desktop/creative_projects/rah_coding_repo/projects/fin_data_project_001/finance-data-project-1/.venv/lib/python3.10/site-packages/airflow/example_dags/plugins/workday.py
[2025-06-14T23:56:50.332-0400] {processor.py:829} INFO - Processing file /Users/rah/Desktop/creative_projects/rah_coding_repo/projects/fin_data_project_001/finance-data-project-1/.venv/lib/python3.10/site-packages/airflow/example_dags/plugins/workday.py for tasks to queue
[2025-06-14T23:56:50.333-0400] {logging_mixin.py:154} INFO - [2025-06-14T23:56:50.332-0400] {dagbag.py:536} INFO - Filling up the DagBag from /Users/rah/Desktop/creative_projects/rah_coding_repo/projects/fin_data_project_001/finance-data-project-1/.venv/lib/python3.10/site-packages/airflow/example_dags/plugins/workday.py
[2025-06-14T23:56:50.543-0400] {processor.py:841} WARNING - No viable dags retrieved from /Users/rah/Desktop/creative_projects/rah_coding_repo/projects/fin_data_project_001/finance-data-project-1/.venv/lib/python3.10/site-packages/airflow/example_dags/plugins/workday.py
[2025-06-14T23:56:50.600-0400] {processor.py:179} INFO - Processing /Users/rah/Desktop/creative_projects/rah_coding_repo/projects/fin_data_project_001/finance-data-project-1/.venv/lib/python3.10/site-packages/airflow/example_dags/plugins/workday.py took 0.271 seconds
[2025-06-14T23:57:05.348-0400] {processor.py:157} INFO - Started process (PID=48214) to work on /Users/rah/Desktop/creative_projects/rah_coding_repo/projects/fin_data_project_001/finance-data-project-1/.venv/lib/python3.10/site-packages/airflow/example_dags/plugins/workday.py
[2025-06-14T23:57:05.351-0400] {processor.py:829} INFO - Processing file /Users/rah/Desktop/creative_projects/rah_coding_repo/projects/fin_data_project_001/finance-data-project-1/.venv/lib/python3.10/site-packages/airflow/example_dags/plugins/workday.py for tasks to queue
[2025-06-14T23:57:05.351-0400] {logging_mixin.py:154} INFO - [2025-06-14T23:57:05.351-0400] {dagbag.py:536} INFO - Filling up the DagBag from /Users/rah/Desktop/creative_projects/rah_coding_repo/projects/fin_data_project_001/finance-data-project-1/.venv/lib/python3.10/site-packages/airflow/example_dags/plugins/workday.py
[2025-06-14T23:57:05.578-0400] {processor.py:841} WARNING - No viable dags retrieved from /Users/rah/Desktop/creative_projects/rah_coding_repo/projects/fin_data_project_001/finance-data-project-1/.venv/lib/python3.10/site-packages/airflow/example_dags/plugins/workday.py
[2025-06-14T23:57:05.637-0400] {processor.py:179} INFO - Processing /Users/rah/Desktop/creative_projects/rah_coding_repo/projects/fin_data_project_001/finance-data-project-1/.venv/lib/python3.10/site-packages/airflow/example_dags/plugins/workday.py took 0.290 seconds
[2025-06-14T23:57:16.414-0400] {processor.py:157} INFO - Started process (PID=48369) to work on /Users/rah/Desktop/creative_projects/rah_coding_repo/projects/fin_data_project_001/finance-data-project-1/.venv/lib/python3.10/site-packages/airflow/example_dags/plugins/workday.py
[2025-06-14T23:57:16.417-0400] {processor.py:829} INFO - Processing file /Users/rah/Desktop/creative_projects/rah_coding_repo/projects/fin_data_project_001/finance-data-project-1/.venv/lib/python3.10/site-packages/airflow/example_dags/plugins/workday.py for tasks to queue
[2025-06-14T23:57:16.417-0400] {logging_mixin.py:154} INFO - [2025-06-14T23:57:16.417-0400] {dagbag.py:536} INFO - Filling up the DagBag from /Users/rah/Desktop/creative_projects/rah_coding_repo/projects/fin_data_project_001/finance-data-project-1/.venv/lib/python3.10/site-packages/airflow/example_dags/plugins/workday.py
[2025-06-14T23:57:16.647-0400] {processor.py:841} WARNING - No viable dags retrieved from /Users/rah/Desktop/creative_projects/rah_coding_repo/projects/fin_data_project_001/finance-data-project-1/.venv/lib/python3.10/site-packages/airflow/example_dags/plugins/workday.py
[2025-06-14T23:57:16.700-0400] {processor.py:179} INFO - Processing /Users/rah/Desktop/creative_projects/rah_coding_repo/projects/fin_data_project_001/finance-data-project-1/.venv/lib/python3.10/site-packages/airflow/example_dags/plugins/workday.py took 0.287 seconds
[2025-06-14T23:57:53.350-0400] {processor.py:157} INFO - Started process (PID=48929) to work on /Users/rah/Desktop/creative_projects/rah_coding_repo/projects/fin_data_project_001/finance-data-project-1/.venv/lib/python3.10/site-packages/airflow/example_dags/plugins/workday.py
[2025-06-14T23:57:53.353-0400] {processor.py:829} INFO - Processing file /Users/rah/Desktop/creative_projects/rah_coding_repo/projects/fin_data_project_001/finance-data-project-1/.venv/lib/python3.10/site-packages/airflow/example_dags/plugins/workday.py for tasks to queue
[2025-06-14T23:57:53.353-0400] {logging_mixin.py:154} INFO - [2025-06-14T23:57:53.353-0400] {dagbag.py:536} INFO - Filling up the DagBag from /Users/rah/Desktop/creative_projects/rah_coding_repo/projects/fin_data_project_001/finance-data-project-1/.venv/lib/python3.10/site-packages/airflow/example_dags/plugins/workday.py
[2025-06-14T23:57:53.557-0400] {processor.py:841} WARNING - No viable dags retrieved from /Users/rah/Desktop/creative_projects/rah_coding_repo/projects/fin_data_project_001/finance-data-project-1/.venv/lib/python3.10/site-packages/airflow/example_dags/plugins/workday.py
[2025-06-14T23:57:53.608-0400] {processor.py:179} INFO - Processing /Users/rah/Desktop/creative_projects/rah_coding_repo/projects/fin_data_project_001/finance-data-project-1/.venv/lib/python3.10/site-packages/airflow/example_dags/plugins/workday.py took 0.259 seconds
[2025-06-14T23:58:06.063-0400] {processor.py:157} INFO - Started process (PID=49083) to work on /Users/rah/Desktop/creative_projects/rah_coding_repo/projects/fin_data_project_001/finance-data-project-1/.venv/lib/python3.10/site-packages/airflow/example_dags/plugins/workday.py
[2025-06-14T23:58:06.065-0400] {processor.py:829} INFO - Processing file /Users/rah/Desktop/creative_projects/rah_coding_repo/projects/fin_data_project_001/finance-data-project-1/.venv/lib/python3.10/site-packages/airflow/example_dags/plugins/workday.py for tasks to queue
[2025-06-14T23:58:06.066-0400] {logging_mixin.py:154} INFO - [2025-06-14T23:58:06.065-0400] {dagbag.py:536} INFO - Filling up the DagBag from /Users/rah/Desktop/creative_projects/rah_coding_repo/projects/fin_data_project_001/finance-data-project-1/.venv/lib/python3.10/site-packages/airflow/example_dags/plugins/workday.py
[2025-06-14T23:58:06.283-0400] {processor.py:841} WARNING - No viable dags retrieved from /Users/rah/Desktop/creative_projects/rah_coding_repo/projects/fin_data_project_001/finance-data-project-1/.venv/lib/python3.10/site-packages/airflow/example_dags/plugins/workday.py
[2025-06-14T23:58:06.337-0400] {processor.py:179} INFO - Processing /Users/rah/Desktop/creative_projects/rah_coding_repo/projects/fin_data_project_001/finance-data-project-1/.venv/lib/python3.10/site-packages/airflow/example_dags/plugins/workday.py took 0.274 seconds
[2025-06-14T23:58:07.208-0400] {processor.py:157} INFO - Started process (PID=49086) to work on /Users/rah/Desktop/creative_projects/rah_coding_repo/projects/fin_data_project_001/finance-data-project-1/.venv/lib/python3.10/site-packages/airflow/example_dags/plugins/workday.py
[2025-06-14T23:58:07.210-0400] {processor.py:829} INFO - Processing file /Users/rah/Desktop/creative_projects/rah_coding_repo/projects/fin_data_project_001/finance-data-project-1/.venv/lib/python3.10/site-packages/airflow/example_dags/plugins/workday.py for tasks to queue
[2025-06-14T23:58:07.211-0400] {logging_mixin.py:154} INFO - [2025-06-14T23:58:07.211-0400] {dagbag.py:536} INFO - Filling up the DagBag from /Users/rah/Desktop/creative_projects/rah_coding_repo/projects/fin_data_project_001/finance-data-project-1/.venv/lib/python3.10/site-packages/airflow/example_dags/plugins/workday.py
[2025-06-14T23:58:07.435-0400] {processor.py:841} WARNING - No viable dags retrieved from /Users/rah/Desktop/creative_projects/rah_coding_repo/projects/fin_data_project_001/finance-data-project-1/.venv/lib/python3.10/site-packages/airflow/example_dags/plugins/workday.py
[2025-06-14T23:58:07.491-0400] {processor.py:179} INFO - Processing /Users/rah/Desktop/creative_projects/rah_coding_repo/projects/fin_data_project_001/finance-data-project-1/.venv/lib/python3.10/site-packages/airflow/example_dags/plugins/workday.py took 0.284 seconds
[2025-06-14T23:58:40.999-0400] {processor.py:157} INFO - Started process (PID=49539) to work on /Users/rah/Desktop/creative_projects/rah_coding_repo/projects/fin_data_project_001/finance-data-project-1/.venv/lib/python3.10/site-packages/airflow/example_dags/plugins/workday.py
[2025-06-14T23:58:41.002-0400] {processor.py:829} INFO - Processing file /Users/rah/Desktop/creative_projects/rah_coding_repo/projects/fin_data_project_001/finance-data-project-1/.venv/lib/python3.10/site-packages/airflow/example_dags/plugins/workday.py for tasks to queue
[2025-06-14T23:58:41.003-0400] {logging_mixin.py:154} INFO - [2025-06-14T23:58:41.002-0400] {dagbag.py:536} INFO - Filling up the DagBag from /Users/rah/Desktop/creative_projects/rah_coding_repo/projects/fin_data_project_001/finance-data-project-1/.venv/lib/python3.10/site-packages/airflow/example_dags/plugins/workday.py
[2025-06-14T23:58:41.238-0400] {processor.py:841} WARNING - No viable dags retrieved from /Users/rah/Desktop/creative_projects/rah_coding_repo/projects/fin_data_project_001/finance-data-project-1/.venv/lib/python3.10/site-packages/airflow/example_dags/plugins/workday.py
[2025-06-14T23:58:41.296-0400] {processor.py:179} INFO - Processing /Users/rah/Desktop/creative_projects/rah_coding_repo/projects/fin_data_project_001/finance-data-project-1/.venv/lib/python3.10/site-packages/airflow/example_dags/plugins/workday.py took 0.297 seconds
[2025-06-14T23:58:53.347-0400] {processor.py:157} INFO - Started process (PID=50208) to work on /Users/rah/Desktop/creative_projects/rah_coding_repo/projects/fin_data_project_001/finance-data-project-1/.venv/lib/python3.10/site-packages/airflow/example_dags/plugins/workday.py
[2025-06-14T23:58:53.349-0400] {processor.py:829} INFO - Processing file /Users/rah/Desktop/creative_projects/rah_coding_repo/projects/fin_data_project_001/finance-data-project-1/.venv/lib/python3.10/site-packages/airflow/example_dags/plugins/workday.py for tasks to queue
[2025-06-14T23:58:53.350-0400] {logging_mixin.py:154} INFO - [2025-06-14T23:58:53.349-0400] {dagbag.py:536} INFO - Filling up the DagBag from /Users/rah/Desktop/creative_projects/rah_coding_repo/projects/fin_data_project_001/finance-data-project-1/.venv/lib/python3.10/site-packages/airflow/example_dags/plugins/workday.py
[2025-06-14T23:58:53.582-0400] {processor.py:841} WARNING - No viable dags retrieved from /Users/rah/Desktop/creative_projects/rah_coding_repo/projects/fin_data_project_001/finance-data-project-1/.venv/lib/python3.10/site-packages/airflow/example_dags/plugins/workday.py
[2025-06-14T23:58:53.641-0400] {processor.py:179} INFO - Processing /Users/rah/Desktop/creative_projects/rah_coding_repo/projects/fin_data_project_001/finance-data-project-1/.venv/lib/python3.10/site-packages/airflow/example_dags/plugins/workday.py took 0.294 seconds
[2025-06-14T23:58:53.674-0400] {processor.py:157} INFO - Started process (PID=50210) to work on /Users/rah/Desktop/creative_projects/rah_coding_repo/projects/fin_data_project_001/finance-data-project-1/.venv/lib/python3.10/site-packages/airflow/example_dags/plugins/workday.py
[2025-06-14T23:58:53.676-0400] {processor.py:829} INFO - Processing file /Users/rah/Desktop/creative_projects/rah_coding_repo/projects/fin_data_project_001/finance-data-project-1/.venv/lib/python3.10/site-packages/airflow/example_dags/plugins/workday.py for tasks to queue
[2025-06-14T23:58:53.677-0400] {logging_mixin.py:154} INFO - [2025-06-14T23:58:53.677-0400] {dagbag.py:536} INFO - Filling up the DagBag from /Users/rah/Desktop/creative_projects/rah_coding_repo/projects/fin_data_project_001/finance-data-project-1/.venv/lib/python3.10/site-packages/airflow/example_dags/plugins/workday.py
[2025-06-14T23:58:53.890-0400] {processor.py:841} WARNING - No viable dags retrieved from /Users/rah/Desktop/creative_projects/rah_coding_repo/projects/fin_data_project_001/finance-data-project-1/.venv/lib/python3.10/site-packages/airflow/example_dags/plugins/workday.py
[2025-06-14T23:58:53.942-0400] {processor.py:179} INFO - Processing /Users/rah/Desktop/creative_projects/rah_coding_repo/projects/fin_data_project_001/finance-data-project-1/.venv/lib/python3.10/site-packages/airflow/example_dags/plugins/workday.py took 0.269 seconds
[2025-06-14T23:58:55.242-0400] {processor.py:157} INFO - Started process (PID=50216) to work on /Users/rah/Desktop/creative_projects/rah_coding_repo/projects/fin_data_project_001/finance-data-project-1/.venv/lib/python3.10/site-packages/airflow/example_dags/plugins/workday.py
[2025-06-14T23:58:55.244-0400] {processor.py:829} INFO - Processing file /Users/rah/Desktop/creative_projects/rah_coding_repo/projects/fin_data_project_001/finance-data-project-1/.venv/lib/python3.10/site-packages/airflow/example_dags/plugins/workday.py for tasks to queue
[2025-06-14T23:58:55.245-0400] {logging_mixin.py:154} INFO - [2025-06-14T23:58:55.245-0400] {dagbag.py:536} INFO - Filling up the DagBag from /Users/rah/Desktop/creative_projects/rah_coding_repo/projects/fin_data_project_001/finance-data-project-1/.venv/lib/python3.10/site-packages/airflow/example_dags/plugins/workday.py
[2025-06-14T23:58:55.477-0400] {processor.py:841} WARNING - No viable dags retrieved from /Users/rah/Desktop/creative_projects/rah_coding_repo/projects/fin_data_project_001/finance-data-project-1/.venv/lib/python3.10/site-packages/airflow/example_dags/plugins/workday.py
[2025-06-14T23:58:55.532-0400] {processor.py:179} INFO - Processing /Users/rah/Desktop/creative_projects/rah_coding_repo/projects/fin_data_project_001/finance-data-project-1/.venv/lib/python3.10/site-packages/airflow/example_dags/plugins/workday.py took 0.291 seconds
[2025-06-14T23:59:31.437-0400] {processor.py:157} INFO - Started process (PID=50718) to work on /Users/rah/Desktop/creative_projects/rah_coding_repo/projects/fin_data_project_001/finance-data-project-1/.venv/lib/python3.10/site-packages/airflow/example_dags/plugins/workday.py
[2025-06-14T23:59:31.440-0400] {processor.py:829} INFO - Processing file /Users/rah/Desktop/creative_projects/rah_coding_repo/projects/fin_data_project_001/finance-data-project-1/.venv/lib/python3.10/site-packages/airflow/example_dags/plugins/workday.py for tasks to queue
[2025-06-14T23:59:31.440-0400] {logging_mixin.py:154} INFO - [2025-06-14T23:59:31.440-0400] {dagbag.py:536} INFO - Filling up the DagBag from /Users/rah/Desktop/creative_projects/rah_coding_repo/projects/fin_data_project_001/finance-data-project-1/.venv/lib/python3.10/site-packages/airflow/example_dags/plugins/workday.py
[2025-06-14T23:59:31.672-0400] {processor.py:841} WARNING - No viable dags retrieved from /Users/rah/Desktop/creative_projects/rah_coding_repo/projects/fin_data_project_001/finance-data-project-1/.venv/lib/python3.10/site-packages/airflow/example_dags/plugins/workday.py
[2025-06-14T23:59:31.732-0400] {processor.py:179} INFO - Processing /Users/rah/Desktop/creative_projects/rah_coding_repo/projects/fin_data_project_001/finance-data-project-1/.venv/lib/python3.10/site-packages/airflow/example_dags/plugins/workday.py took 0.296 seconds
[2025-06-14T23:59:42.379-0400] {processor.py:157} INFO - Started process (PID=50874) to work on /Users/rah/Desktop/creative_projects/rah_coding_repo/projects/fin_data_project_001/finance-data-project-1/.venv/lib/python3.10/site-packages/airflow/example_dags/plugins/workday.py
[2025-06-14T23:59:42.382-0400] {processor.py:829} INFO - Processing file /Users/rah/Desktop/creative_projects/rah_coding_repo/projects/fin_data_project_001/finance-data-project-1/.venv/lib/python3.10/site-packages/airflow/example_dags/plugins/workday.py for tasks to queue
[2025-06-14T23:59:42.382-0400] {logging_mixin.py:154} INFO - [2025-06-14T23:59:42.382-0400] {dagbag.py:536} INFO - Filling up the DagBag from /Users/rah/Desktop/creative_projects/rah_coding_repo/projects/fin_data_project_001/finance-data-project-1/.venv/lib/python3.10/site-packages/airflow/example_dags/plugins/workday.py
[2025-06-14T23:59:42.632-0400] {processor.py:841} WARNING - No viable dags retrieved from /Users/rah/Desktop/creative_projects/rah_coding_repo/projects/fin_data_project_001/finance-data-project-1/.venv/lib/python3.10/site-packages/airflow/example_dags/plugins/workday.py
[2025-06-14T23:59:42.693-0400] {processor.py:179} INFO - Processing /Users/rah/Desktop/creative_projects/rah_coding_repo/projects/fin_data_project_001/finance-data-project-1/.venv/lib/python3.10/site-packages/airflow/example_dags/plugins/workday.py took 0.314 seconds
[2025-06-14T23:59:47.770-0400] {processor.py:157} INFO - Started process (PID=51014) to work on /Users/rah/Desktop/creative_projects/rah_coding_repo/projects/fin_data_project_001/finance-data-project-1/.venv/lib/python3.10/site-packages/airflow/example_dags/plugins/workday.py
[2025-06-14T23:59:47.772-0400] {processor.py:829} INFO - Processing file /Users/rah/Desktop/creative_projects/rah_coding_repo/projects/fin_data_project_001/finance-data-project-1/.venv/lib/python3.10/site-packages/airflow/example_dags/plugins/workday.py for tasks to queue
[2025-06-14T23:59:47.772-0400] {logging_mixin.py:154} INFO - [2025-06-14T23:59:47.772-0400] {dagbag.py:536} INFO - Filling up the DagBag from /Users/rah/Desktop/creative_projects/rah_coding_repo/projects/fin_data_project_001/finance-data-project-1/.venv/lib/python3.10/site-packages/airflow/example_dags/plugins/workday.py
[2025-06-14T23:59:47.978-0400] {processor.py:841} WARNING - No viable dags retrieved from /Users/rah/Desktop/creative_projects/rah_coding_repo/projects/fin_data_project_001/finance-data-project-1/.venv/lib/python3.10/site-packages/airflow/example_dags/plugins/workday.py
[2025-06-14T23:59:48.032-0400] {processor.py:179} INFO - Processing /Users/rah/Desktop/creative_projects/rah_coding_repo/projects/fin_data_project_001/finance-data-project-1/.venv/lib/python3.10/site-packages/airflow/example_dags/plugins/workday.py took 0.263 seconds
[2025-06-15T00:00:20.109-0400] {processor.py:157} INFO - Started process (PID=51518) to work on /Users/rah/Desktop/creative_projects/rah_coding_repo/projects/fin_data_project_001/finance-data-project-1/.venv/lib/python3.10/site-packages/airflow/example_dags/plugins/workday.py
[2025-06-15T00:00:20.111-0400] {processor.py:829} INFO - Processing file /Users/rah/Desktop/creative_projects/rah_coding_repo/projects/fin_data_project_001/finance-data-project-1/.venv/lib/python3.10/site-packages/airflow/example_dags/plugins/workday.py for tasks to queue
[2025-06-15T00:00:20.112-0400] {logging_mixin.py:154} INFO - [2025-06-15T00:00:20.112-0400] {dagbag.py:536} INFO - Filling up the DagBag from /Users/rah/Desktop/creative_projects/rah_coding_repo/projects/fin_data_project_001/finance-data-project-1/.venv/lib/python3.10/site-packages/airflow/example_dags/plugins/workday.py
[2025-06-15T00:00:20.346-0400] {processor.py:841} WARNING - No viable dags retrieved from /Users/rah/Desktop/creative_projects/rah_coding_repo/projects/fin_data_project_001/finance-data-project-1/.venv/lib/python3.10/site-packages/airflow/example_dags/plugins/workday.py
[2025-06-15T00:00:20.405-0400] {processor.py:179} INFO - Processing /Users/rah/Desktop/creative_projects/rah_coding_repo/projects/fin_data_project_001/finance-data-project-1/.venv/lib/python3.10/site-packages/airflow/example_dags/plugins/workday.py took 0.298 seconds
[2025-06-15T00:00:24.743-0400] {processor.py:157} INFO - Started process (PID=51540) to work on /Users/rah/Desktop/creative_projects/rah_coding_repo/projects/fin_data_project_001/finance-data-project-1/.venv/lib/python3.10/site-packages/airflow/example_dags/plugins/workday.py
[2025-06-15T00:00:24.746-0400] {processor.py:829} INFO - Processing file /Users/rah/Desktop/creative_projects/rah_coding_repo/projects/fin_data_project_001/finance-data-project-1/.venv/lib/python3.10/site-packages/airflow/example_dags/plugins/workday.py for tasks to queue
[2025-06-15T00:00:24.746-0400] {logging_mixin.py:154} INFO - [2025-06-15T00:00:24.746-0400] {dagbag.py:536} INFO - Filling up the DagBag from /Users/rah/Desktop/creative_projects/rah_coding_repo/projects/fin_data_project_001/finance-data-project-1/.venv/lib/python3.10/site-packages/airflow/example_dags/plugins/workday.py
[2025-06-15T00:00:24.976-0400] {processor.py:841} WARNING - No viable dags retrieved from /Users/rah/Desktop/creative_projects/rah_coding_repo/projects/fin_data_project_001/finance-data-project-1/.venv/lib/python3.10/site-packages/airflow/example_dags/plugins/workday.py
[2025-06-15T00:00:25.033-0400] {processor.py:179} INFO - Processing /Users/rah/Desktop/creative_projects/rah_coding_repo/projects/fin_data_project_001/finance-data-project-1/.venv/lib/python3.10/site-packages/airflow/example_dags/plugins/workday.py took 0.291 seconds
[2025-06-15T00:00:26.742-0400] {processor.py:157} INFO - Started process (PID=51551) to work on /Users/rah/Desktop/creative_projects/rah_coding_repo/projects/fin_data_project_001/finance-data-project-1/.venv/lib/python3.10/site-packages/airflow/example_dags/plugins/workday.py
[2025-06-15T00:00:26.745-0400] {processor.py:829} INFO - Processing file /Users/rah/Desktop/creative_projects/rah_coding_repo/projects/fin_data_project_001/finance-data-project-1/.venv/lib/python3.10/site-packages/airflow/example_dags/plugins/workday.py for tasks to queue
[2025-06-15T00:00:26.745-0400] {logging_mixin.py:154} INFO - [2025-06-15T00:00:26.745-0400] {dagbag.py:536} INFO - Filling up the DagBag from /Users/rah/Desktop/creative_projects/rah_coding_repo/projects/fin_data_project_001/finance-data-project-1/.venv/lib/python3.10/site-packages/airflow/example_dags/plugins/workday.py
[2025-06-15T00:00:26.966-0400] {processor.py:841} WARNING - No viable dags retrieved from /Users/rah/Desktop/creative_projects/rah_coding_repo/projects/fin_data_project_001/finance-data-project-1/.venv/lib/python3.10/site-packages/airflow/example_dags/plugins/workday.py
[2025-06-15T00:00:27.026-0400] {processor.py:179} INFO - Processing /Users/rah/Desktop/creative_projects/rah_coding_repo/projects/fin_data_project_001/finance-data-project-1/.venv/lib/python3.10/site-packages/airflow/example_dags/plugins/workday.py took 0.284 seconds
[2025-06-15T00:00:40.922-0400] {processor.py:157} INFO - Started process (PID=51831) to work on /Users/rah/Desktop/creative_projects/rah_coding_repo/projects/fin_data_project_001/finance-data-project-1/.venv/lib/python3.10/site-packages/airflow/example_dags/plugins/workday.py
[2025-06-15T00:00:40.925-0400] {processor.py:829} INFO - Processing file /Users/rah/Desktop/creative_projects/rah_coding_repo/projects/fin_data_project_001/finance-data-project-1/.venv/lib/python3.10/site-packages/airflow/example_dags/plugins/workday.py for tasks to queue
[2025-06-15T00:00:40.925-0400] {logging_mixin.py:154} INFO - [2025-06-15T00:00:40.925-0400] {dagbag.py:536} INFO - Filling up the DagBag from /Users/rah/Desktop/creative_projects/rah_coding_repo/projects/fin_data_project_001/finance-data-project-1/.venv/lib/python3.10/site-packages/airflow/example_dags/plugins/workday.py
[2025-06-15T00:00:41.132-0400] {processor.py:841} WARNING - No viable dags retrieved from /Users/rah/Desktop/creative_projects/rah_coding_repo/projects/fin_data_project_001/finance-data-project-1/.venv/lib/python3.10/site-packages/airflow/example_dags/plugins/workday.py
[2025-06-15T00:00:41.186-0400] {processor.py:179} INFO - Processing /Users/rah/Desktop/creative_projects/rah_coding_repo/projects/fin_data_project_001/finance-data-project-1/.venv/lib/python3.10/site-packages/airflow/example_dags/plugins/workday.py took 0.265 seconds
[2025-06-15T00:01:08.900-0400] {processor.py:157} INFO - Started process (PID=52185) to work on /Users/rah/Desktop/creative_projects/rah_coding_repo/projects/fin_data_project_001/finance-data-project-1/.venv/lib/python3.10/site-packages/airflow/example_dags/plugins/workday.py
[2025-06-15T00:01:08.902-0400] {processor.py:829} INFO - Processing file /Users/rah/Desktop/creative_projects/rah_coding_repo/projects/fin_data_project_001/finance-data-project-1/.venv/lib/python3.10/site-packages/airflow/example_dags/plugins/workday.py for tasks to queue
[2025-06-15T00:01:08.902-0400] {logging_mixin.py:154} INFO - [2025-06-15T00:01:08.902-0400] {dagbag.py:536} INFO - Filling up the DagBag from /Users/rah/Desktop/creative_projects/rah_coding_repo/projects/fin_data_project_001/finance-data-project-1/.venv/lib/python3.10/site-packages/airflow/example_dags/plugins/workday.py
[2025-06-15T00:01:08.966-0400] {processor.py:157} INFO - Started process (PID=52186) to work on /Users/rah/Desktop/creative_projects/rah_coding_repo/projects/fin_data_project_001/finance-data-project-1/.venv/lib/python3.10/site-packages/airflow/example_dags/plugins/workday.py
[2025-06-15T00:01:08.969-0400] {processor.py:829} INFO - Processing file /Users/rah/Desktop/creative_projects/rah_coding_repo/projects/fin_data_project_001/finance-data-project-1/.venv/lib/python3.10/site-packages/airflow/example_dags/plugins/workday.py for tasks to queue
[2025-06-15T00:01:08.969-0400] {logging_mixin.py:154} INFO - [2025-06-15T00:01:08.969-0400] {dagbag.py:536} INFO - Filling up the DagBag from /Users/rah/Desktop/creative_projects/rah_coding_repo/projects/fin_data_project_001/finance-data-project-1/.venv/lib/python3.10/site-packages/airflow/example_dags/plugins/workday.py
[2025-06-15T00:01:09.127-0400] {processor.py:841} WARNING - No viable dags retrieved from /Users/rah/Desktop/creative_projects/rah_coding_repo/projects/fin_data_project_001/finance-data-project-1/.venv/lib/python3.10/site-packages/airflow/example_dags/plugins/workday.py
[2025-06-15T00:01:09.189-0400] {processor.py:179} INFO - Processing /Users/rah/Desktop/creative_projects/rah_coding_repo/projects/fin_data_project_001/finance-data-project-1/.venv/lib/python3.10/site-packages/airflow/example_dags/plugins/workday.py took 0.290 seconds
[2025-06-15T00:01:09.208-0400] {processor.py:841} WARNING - No viable dags retrieved from /Users/rah/Desktop/creative_projects/rah_coding_repo/projects/fin_data_project_001/finance-data-project-1/.venv/lib/python3.10/site-packages/airflow/example_dags/plugins/workday.py
[2025-06-15T00:01:09.272-0400] {processor.py:179} INFO - Processing /Users/rah/Desktop/creative_projects/rah_coding_repo/projects/fin_data_project_001/finance-data-project-1/.venv/lib/python3.10/site-packages/airflow/example_dags/plugins/workday.py took 0.306 seconds
[2025-06-15T00:01:13.070-0400] {processor.py:157} INFO - Started process (PID=52316) to work on /Users/rah/Desktop/creative_projects/rah_coding_repo/projects/fin_data_project_001/finance-data-project-1/.venv/lib/python3.10/site-packages/airflow/example_dags/plugins/workday.py
[2025-06-15T00:01:13.072-0400] {processor.py:829} INFO - Processing file /Users/rah/Desktop/creative_projects/rah_coding_repo/projects/fin_data_project_001/finance-data-project-1/.venv/lib/python3.10/site-packages/airflow/example_dags/plugins/workday.py for tasks to queue
[2025-06-15T00:01:13.073-0400] {logging_mixin.py:154} INFO - [2025-06-15T00:01:13.072-0400] {dagbag.py:536} INFO - Filling up the DagBag from /Users/rah/Desktop/creative_projects/rah_coding_repo/projects/fin_data_project_001/finance-data-project-1/.venv/lib/python3.10/site-packages/airflow/example_dags/plugins/workday.py
[2025-06-15T00:01:13.302-0400] {processor.py:841} WARNING - No viable dags retrieved from /Users/rah/Desktop/creative_projects/rah_coding_repo/projects/fin_data_project_001/finance-data-project-1/.venv/lib/python3.10/site-packages/airflow/example_dags/plugins/workday.py
[2025-06-15T00:01:13.358-0400] {processor.py:179} INFO - Processing /Users/rah/Desktop/creative_projects/rah_coding_repo/projects/fin_data_project_001/finance-data-project-1/.venv/lib/python3.10/site-packages/airflow/example_dags/plugins/workday.py took 0.289 seconds
[2025-06-15T00:01:28.152-0400] {processor.py:157} INFO - Started process (PID=52514) to work on /Users/rah/Desktop/creative_projects/rah_coding_repo/projects/fin_data_project_001/finance-data-project-1/.venv/lib/python3.10/site-packages/airflow/example_dags/plugins/workday.py
[2025-06-15T00:01:28.155-0400] {processor.py:829} INFO - Processing file /Users/rah/Desktop/creative_projects/rah_coding_repo/projects/fin_data_project_001/finance-data-project-1/.venv/lib/python3.10/site-packages/airflow/example_dags/plugins/workday.py for tasks to queue
[2025-06-15T00:01:28.155-0400] {logging_mixin.py:154} INFO - [2025-06-15T00:01:28.155-0400] {dagbag.py:536} INFO - Filling up the DagBag from /Users/rah/Desktop/creative_projects/rah_coding_repo/projects/fin_data_project_001/finance-data-project-1/.venv/lib/python3.10/site-packages/airflow/example_dags/plugins/workday.py
[2025-06-15T00:01:28.373-0400] {processor.py:841} WARNING - No viable dags retrieved from /Users/rah/Desktop/creative_projects/rah_coding_repo/projects/fin_data_project_001/finance-data-project-1/.venv/lib/python3.10/site-packages/airflow/example_dags/plugins/workday.py
[2025-06-15T00:01:28.427-0400] {processor.py:179} INFO - Processing /Users/rah/Desktop/creative_projects/rah_coding_repo/projects/fin_data_project_001/finance-data-project-1/.venv/lib/python3.10/site-packages/airflow/example_dags/plugins/workday.py took 0.276 seconds
[2025-06-15T00:01:53.495-0400] {processor.py:157} INFO - Started process (PID=52967) to work on /Users/rah/Desktop/creative_projects/rah_coding_repo/projects/fin_data_project_001/finance-data-project-1/.venv/lib/python3.10/site-packages/airflow/example_dags/plugins/workday.py
[2025-06-15T00:01:53.497-0400] {processor.py:829} INFO - Processing file /Users/rah/Desktop/creative_projects/rah_coding_repo/projects/fin_data_project_001/finance-data-project-1/.venv/lib/python3.10/site-packages/airflow/example_dags/plugins/workday.py for tasks to queue
[2025-06-15T00:01:53.497-0400] {logging_mixin.py:154} INFO - [2025-06-15T00:01:53.497-0400] {dagbag.py:536} INFO - Filling up the DagBag from /Users/rah/Desktop/creative_projects/rah_coding_repo/projects/fin_data_project_001/finance-data-project-1/.venv/lib/python3.10/site-packages/airflow/example_dags/plugins/workday.py
[2025-06-15T00:01:53.728-0400] {processor.py:841} WARNING - No viable dags retrieved from /Users/rah/Desktop/creative_projects/rah_coding_repo/projects/fin_data_project_001/finance-data-project-1/.venv/lib/python3.10/site-packages/airflow/example_dags/plugins/workday.py
[2025-06-15T00:01:53.789-0400] {processor.py:179} INFO - Processing /Users/rah/Desktop/creative_projects/rah_coding_repo/projects/fin_data_project_001/finance-data-project-1/.venv/lib/python3.10/site-packages/airflow/example_dags/plugins/workday.py took 0.295 seconds
[2025-06-15T00:01:56.950-0400] {processor.py:157} INFO - Started process (PID=52985) to work on /Users/rah/Desktop/creative_projects/rah_coding_repo/projects/fin_data_project_001/finance-data-project-1/.venv/lib/python3.10/site-packages/airflow/example_dags/plugins/workday.py
[2025-06-15T00:01:56.953-0400] {processor.py:829} INFO - Processing file /Users/rah/Desktop/creative_projects/rah_coding_repo/projects/fin_data_project_001/finance-data-project-1/.venv/lib/python3.10/site-packages/airflow/example_dags/plugins/workday.py for tasks to queue
[2025-06-15T00:01:56.953-0400] {logging_mixin.py:154} INFO - [2025-06-15T00:01:56.953-0400] {dagbag.py:536} INFO - Filling up the DagBag from /Users/rah/Desktop/creative_projects/rah_coding_repo/projects/fin_data_project_001/finance-data-project-1/.venv/lib/python3.10/site-packages/airflow/example_dags/plugins/workday.py
[2025-06-15T00:01:57.192-0400] {processor.py:841} WARNING - No viable dags retrieved from /Users/rah/Desktop/creative_projects/rah_coding_repo/projects/fin_data_project_001/finance-data-project-1/.venv/lib/python3.10/site-packages/airflow/example_dags/plugins/workday.py
[2025-06-15T00:01:57.248-0400] {processor.py:179} INFO - Processing /Users/rah/Desktop/creative_projects/rah_coding_repo/projects/fin_data_project_001/finance-data-project-1/.venv/lib/python3.10/site-packages/airflow/example_dags/plugins/workday.py took 0.299 seconds
[2025-06-15T00:02:00.349-0400] {processor.py:157} INFO - Started process (PID=53002) to work on /Users/rah/Desktop/creative_projects/rah_coding_repo/projects/fin_data_project_001/finance-data-project-1/.venv/lib/python3.10/site-packages/airflow/example_dags/plugins/workday.py
[2025-06-15T00:02:00.351-0400] {processor.py:829} INFO - Processing file /Users/rah/Desktop/creative_projects/rah_coding_repo/projects/fin_data_project_001/finance-data-project-1/.venv/lib/python3.10/site-packages/airflow/example_dags/plugins/workday.py for tasks to queue
[2025-06-15T00:02:00.352-0400] {logging_mixin.py:154} INFO - [2025-06-15T00:02:00.352-0400] {dagbag.py:536} INFO - Filling up the DagBag from /Users/rah/Desktop/creative_projects/rah_coding_repo/projects/fin_data_project_001/finance-data-project-1/.venv/lib/python3.10/site-packages/airflow/example_dags/plugins/workday.py
[2025-06-15T00:02:00.586-0400] {processor.py:841} WARNING - No viable dags retrieved from /Users/rah/Desktop/creative_projects/rah_coding_repo/projects/fin_data_project_001/finance-data-project-1/.venv/lib/python3.10/site-packages/airflow/example_dags/plugins/workday.py
[2025-06-15T00:02:00.646-0400] {processor.py:179} INFO - Processing /Users/rah/Desktop/creative_projects/rah_coding_repo/projects/fin_data_project_001/finance-data-project-1/.venv/lib/python3.10/site-packages/airflow/example_dags/plugins/workday.py took 0.298 seconds
[2025-06-15T00:02:13.263-0400] {processor.py:157} INFO - Started process (PID=53290) to work on /Users/rah/Desktop/creative_projects/rah_coding_repo/projects/fin_data_project_001/finance-data-project-1/.venv/lib/python3.10/site-packages/airflow/example_dags/plugins/workday.py
[2025-06-15T00:02:13.265-0400] {processor.py:829} INFO - Processing file /Users/rah/Desktop/creative_projects/rah_coding_repo/projects/fin_data_project_001/finance-data-project-1/.venv/lib/python3.10/site-packages/airflow/example_dags/plugins/workday.py for tasks to queue
[2025-06-15T00:02:13.265-0400] {logging_mixin.py:154} INFO - [2025-06-15T00:02:13.265-0400] {dagbag.py:536} INFO - Filling up the DagBag from /Users/rah/Desktop/creative_projects/rah_coding_repo/projects/fin_data_project_001/finance-data-project-1/.venv/lib/python3.10/site-packages/airflow/example_dags/plugins/workday.py
[2025-06-15T00:02:13.498-0400] {processor.py:841} WARNING - No viable dags retrieved from /Users/rah/Desktop/creative_projects/rah_coding_repo/projects/fin_data_project_001/finance-data-project-1/.venv/lib/python3.10/site-packages/airflow/example_dags/plugins/workday.py
[2025-06-15T00:02:13.553-0400] {processor.py:179} INFO - Processing /Users/rah/Desktop/creative_projects/rah_coding_repo/projects/fin_data_project_001/finance-data-project-1/.venv/lib/python3.10/site-packages/airflow/example_dags/plugins/workday.py took 0.291 seconds
[2025-06-15T00:02:52.102-0400] {processor.py:157} INFO - Started process (PID=53907) to work on /Users/rah/.pyenv/versions/3.10.11/lib/python3.10/site-packages/airflow/example_dags/plugins/workday.py
[2025-06-15T00:02:52.105-0400] {processor.py:829} INFO - Processing file /Users/rah/.pyenv/versions/3.10.11/lib/python3.10/site-packages/airflow/example_dags/plugins/workday.py for tasks to queue
[2025-06-15T00:02:52.105-0400] {logging_mixin.py:154} INFO - [2025-06-15T00:02:52.105-0400] {dagbag.py:536} INFO - Filling up the DagBag from /Users/rah/.pyenv/versions/3.10.11/lib/python3.10/site-packages/airflow/example_dags/plugins/workday.py
[2025-06-15T00:02:52.305-0400] {processor.py:841} WARNING - No viable dags retrieved from /Users/rah/.pyenv/versions/3.10.11/lib/python3.10/site-packages/airflow/example_dags/plugins/workday.py
[2025-06-15T00:02:52.362-0400] {processor.py:179} INFO - Processing /Users/rah/.pyenv/versions/3.10.11/lib/python3.10/site-packages/airflow/example_dags/plugins/workday.py took 0.261 seconds
[2025-06-15T00:06:17.816-0400] {processor.py:157} INFO - Started process (PID=56771) to work on /Users/rah/.pyenv/versions/3.10.11/lib/python3.10/site-packages/airflow/example_dags/plugins/workday.py
[2025-06-15T00:06:17.820-0400] {processor.py:829} INFO - Processing file /Users/rah/.pyenv/versions/3.10.11/lib/python3.10/site-packages/airflow/example_dags/plugins/workday.py for tasks to queue
[2025-06-15T00:06:17.820-0400] {logging_mixin.py:154} INFO - [2025-06-15T00:06:17.820-0400] {dagbag.py:536} INFO - Filling up the DagBag from /Users/rah/.pyenv/versions/3.10.11/lib/python3.10/site-packages/airflow/example_dags/plugins/workday.py
[2025-06-15T00:06:18.023-0400] {processor.py:841} WARNING - No viable dags retrieved from /Users/rah/.pyenv/versions/3.10.11/lib/python3.10/site-packages/airflow/example_dags/plugins/workday.py
[2025-06-15T00:06:18.081-0400] {processor.py:179} INFO - Processing /Users/rah/.pyenv/versions/3.10.11/lib/python3.10/site-packages/airflow/example_dags/plugins/workday.py took 0.265 seconds
[2025-06-15T00:07:45.574-0400] {processor.py:157} INFO - Started process (PID=57713) to work on /Users/rah/.pyenv/versions/3.10.11/lib/python3.10/site-packages/airflow/example_dags/plugins/workday.py
[2025-06-15T00:07:45.577-0400] {processor.py:829} INFO - Processing file /Users/rah/.pyenv/versions/3.10.11/lib/python3.10/site-packages/airflow/example_dags/plugins/workday.py for tasks to queue
[2025-06-15T00:07:45.578-0400] {logging_mixin.py:154} INFO - [2025-06-15T00:07:45.578-0400] {dagbag.py:536} INFO - Filling up the DagBag from /Users/rah/.pyenv/versions/3.10.11/lib/python3.10/site-packages/airflow/example_dags/plugins/workday.py
[2025-06-15T00:07:45.768-0400] {processor.py:841} WARNING - No viable dags retrieved from /Users/rah/.pyenv/versions/3.10.11/lib/python3.10/site-packages/airflow/example_dags/plugins/workday.py
[2025-06-15T00:07:45.820-0400] {processor.py:179} INFO - Processing /Users/rah/.pyenv/versions/3.10.11/lib/python3.10/site-packages/airflow/example_dags/plugins/workday.py took 0.246 seconds
[2025-06-15T00:08:42.401-0400] {processor.py:157} INFO - Started process (PID=58756) to work on /Users/rah/.pyenv/versions/3.10.11/lib/python3.10/site-packages/airflow/example_dags/plugins/workday.py
[2025-06-15T00:08:42.404-0400] {processor.py:829} INFO - Processing file /Users/rah/.pyenv/versions/3.10.11/lib/python3.10/site-packages/airflow/example_dags/plugins/workday.py for tasks to queue
[2025-06-15T00:08:42.404-0400] {logging_mixin.py:154} INFO - [2025-06-15T00:08:42.404-0400] {dagbag.py:536} INFO - Filling up the DagBag from /Users/rah/.pyenv/versions/3.10.11/lib/python3.10/site-packages/airflow/example_dags/plugins/workday.py
[2025-06-15T00:08:42.608-0400] {processor.py:841} WARNING - No viable dags retrieved from /Users/rah/.pyenv/versions/3.10.11/lib/python3.10/site-packages/airflow/example_dags/plugins/workday.py
[2025-06-15T00:08:42.663-0400] {processor.py:179} INFO - Processing /Users/rah/.pyenv/versions/3.10.11/lib/python3.10/site-packages/airflow/example_dags/plugins/workday.py took 0.262 seconds
[2025-06-15T00:09:35.039-0400] {processor.py:157} INFO - Started process (PID=59723) to work on /Users/rah/.pyenv/versions/3.10.11/lib/python3.10/site-packages/airflow/example_dags/plugins/workday.py
[2025-06-15T00:09:35.042-0400] {processor.py:829} INFO - Processing file /Users/rah/.pyenv/versions/3.10.11/lib/python3.10/site-packages/airflow/example_dags/plugins/workday.py for tasks to queue
[2025-06-15T00:09:35.042-0400] {logging_mixin.py:154} INFO - [2025-06-15T00:09:35.042-0400] {dagbag.py:536} INFO - Filling up the DagBag from /Users/rah/.pyenv/versions/3.10.11/lib/python3.10/site-packages/airflow/example_dags/plugins/workday.py
[2025-06-15T00:09:35.247-0400] {processor.py:841} WARNING - No viable dags retrieved from /Users/rah/.pyenv/versions/3.10.11/lib/python3.10/site-packages/airflow/example_dags/plugins/workday.py
[2025-06-15T00:09:35.301-0400] {processor.py:179} INFO - Processing /Users/rah/.pyenv/versions/3.10.11/lib/python3.10/site-packages/airflow/example_dags/plugins/workday.py took 0.262 seconds
[2025-06-15T00:10:24.788-0400] {processor.py:157} INFO - Started process (PID=60554) to work on /Users/rah/.pyenv/versions/3.10.11/lib/python3.10/site-packages/airflow/example_dags/plugins/workday.py
[2025-06-15T00:10:24.790-0400] {processor.py:829} INFO - Processing file /Users/rah/.pyenv/versions/3.10.11/lib/python3.10/site-packages/airflow/example_dags/plugins/workday.py for tasks to queue
[2025-06-15T00:10:24.791-0400] {logging_mixin.py:154} INFO - [2025-06-15T00:10:24.791-0400] {dagbag.py:536} INFO - Filling up the DagBag from /Users/rah/.pyenv/versions/3.10.11/lib/python3.10/site-packages/airflow/example_dags/plugins/workday.py
[2025-06-15T00:10:24.984-0400] {processor.py:841} WARNING - No viable dags retrieved from /Users/rah/.pyenv/versions/3.10.11/lib/python3.10/site-packages/airflow/example_dags/plugins/workday.py
[2025-06-15T00:10:25.035-0400] {processor.py:179} INFO - Processing /Users/rah/.pyenv/versions/3.10.11/lib/python3.10/site-packages/airflow/example_dags/plugins/workday.py took 0.248 seconds
[2025-06-15T00:11:13.189-0400] {processor.py:157} INFO - Started process (PID=61208) to work on /Users/rah/.pyenv/versions/3.10.11/lib/python3.10/site-packages/airflow/example_dags/plugins/workday.py
[2025-06-15T00:11:13.192-0400] {processor.py:829} INFO - Processing file /Users/rah/.pyenv/versions/3.10.11/lib/python3.10/site-packages/airflow/example_dags/plugins/workday.py for tasks to queue
[2025-06-15T00:11:13.193-0400] {logging_mixin.py:154} INFO - [2025-06-15T00:11:13.192-0400] {dagbag.py:536} INFO - Filling up the DagBag from /Users/rah/.pyenv/versions/3.10.11/lib/python3.10/site-packages/airflow/example_dags/plugins/workday.py
[2025-06-15T00:11:13.404-0400] {processor.py:841} WARNING - No viable dags retrieved from /Users/rah/.pyenv/versions/3.10.11/lib/python3.10/site-packages/airflow/example_dags/plugins/workday.py
[2025-06-15T00:11:13.458-0400] {processor.py:179} INFO - Processing /Users/rah/.pyenv/versions/3.10.11/lib/python3.10/site-packages/airflow/example_dags/plugins/workday.py took 0.269 seconds
[2025-06-15T00:12:04.876-0400] {processor.py:157} INFO - Started process (PID=62129) to work on /Users/rah/.pyenv/versions/3.10.11/lib/python3.10/site-packages/airflow/example_dags/plugins/workday.py
[2025-06-15T00:12:04.879-0400] {processor.py:829} INFO - Processing file /Users/rah/.pyenv/versions/3.10.11/lib/python3.10/site-packages/airflow/example_dags/plugins/workday.py for tasks to queue
[2025-06-15T00:12:04.879-0400] {logging_mixin.py:154} INFO - [2025-06-15T00:12:04.879-0400] {dagbag.py:536} INFO - Filling up the DagBag from /Users/rah/.pyenv/versions/3.10.11/lib/python3.10/site-packages/airflow/example_dags/plugins/workday.py
[2025-06-15T00:12:05.074-0400] {processor.py:841} WARNING - No viable dags retrieved from /Users/rah/.pyenv/versions/3.10.11/lib/python3.10/site-packages/airflow/example_dags/plugins/workday.py
[2025-06-15T00:12:05.125-0400] {processor.py:179} INFO - Processing /Users/rah/.pyenv/versions/3.10.11/lib/python3.10/site-packages/airflow/example_dags/plugins/workday.py took 0.249 seconds
[2025-06-15T00:12:57.475-0400] {processor.py:157} INFO - Started process (PID=62752) to work on /Users/rah/.pyenv/versions/3.10.11/lib/python3.10/site-packages/airflow/example_dags/plugins/workday.py
[2025-06-15T00:12:57.478-0400] {processor.py:829} INFO - Processing file /Users/rah/.pyenv/versions/3.10.11/lib/python3.10/site-packages/airflow/example_dags/plugins/workday.py for tasks to queue
[2025-06-15T00:12:57.478-0400] {logging_mixin.py:154} INFO - [2025-06-15T00:12:57.478-0400] {dagbag.py:536} INFO - Filling up the DagBag from /Users/rah/.pyenv/versions/3.10.11/lib/python3.10/site-packages/airflow/example_dags/plugins/workday.py
[2025-06-15T00:12:57.671-0400] {processor.py:841} WARNING - No viable dags retrieved from /Users/rah/.pyenv/versions/3.10.11/lib/python3.10/site-packages/airflow/example_dags/plugins/workday.py
[2025-06-15T00:12:57.722-0400] {processor.py:179} INFO - Processing /Users/rah/.pyenv/versions/3.10.11/lib/python3.10/site-packages/airflow/example_dags/plugins/workday.py took 0.247 seconds
[2025-06-15T00:13:48.821-0400] {processor.py:157} INFO - Started process (PID=63682) to work on /Users/rah/.pyenv/versions/3.10.11/lib/python3.10/site-packages/airflow/example_dags/plugins/workday.py
[2025-06-15T00:13:48.824-0400] {processor.py:829} INFO - Processing file /Users/rah/.pyenv/versions/3.10.11/lib/python3.10/site-packages/airflow/example_dags/plugins/workday.py for tasks to queue
[2025-06-15T00:13:48.824-0400] {logging_mixin.py:154} INFO - [2025-06-15T00:13:48.824-0400] {dagbag.py:536} INFO - Filling up the DagBag from /Users/rah/.pyenv/versions/3.10.11/lib/python3.10/site-packages/airflow/example_dags/plugins/workday.py
[2025-06-15T00:13:49.016-0400] {processor.py:841} WARNING - No viable dags retrieved from /Users/rah/.pyenv/versions/3.10.11/lib/python3.10/site-packages/airflow/example_dags/plugins/workday.py
[2025-06-15T00:13:49.067-0400] {processor.py:179} INFO - Processing /Users/rah/.pyenv/versions/3.10.11/lib/python3.10/site-packages/airflow/example_dags/plugins/workday.py took 0.247 seconds
[2025-06-15T00:14:38.459-0400] {processor.py:157} INFO - Started process (PID=64317) to work on /Users/rah/.pyenv/versions/3.10.11/lib/python3.10/site-packages/airflow/example_dags/plugins/workday.py
[2025-06-15T00:14:38.462-0400] {processor.py:829} INFO - Processing file /Users/rah/.pyenv/versions/3.10.11/lib/python3.10/site-packages/airflow/example_dags/plugins/workday.py for tasks to queue
[2025-06-15T00:14:38.462-0400] {logging_mixin.py:154} INFO - [2025-06-15T00:14:38.462-0400] {dagbag.py:536} INFO - Filling up the DagBag from /Users/rah/.pyenv/versions/3.10.11/lib/python3.10/site-packages/airflow/example_dags/plugins/workday.py
[2025-06-15T00:14:38.668-0400] {processor.py:841} WARNING - No viable dags retrieved from /Users/rah/.pyenv/versions/3.10.11/lib/python3.10/site-packages/airflow/example_dags/plugins/workday.py
[2025-06-15T00:14:38.721-0400] {processor.py:179} INFO - Processing /Users/rah/.pyenv/versions/3.10.11/lib/python3.10/site-packages/airflow/example_dags/plugins/workday.py took 0.263 seconds
[2025-06-15T00:15:29.885-0400] {processor.py:157} INFO - Started process (PID=65836) to work on /Users/rah/.pyenv/versions/3.10.11/lib/python3.10/site-packages/airflow/example_dags/plugins/workday.py
[2025-06-15T00:15:29.887-0400] {processor.py:829} INFO - Processing file /Users/rah/.pyenv/versions/3.10.11/lib/python3.10/site-packages/airflow/example_dags/plugins/workday.py for tasks to queue
[2025-06-15T00:15:29.888-0400] {logging_mixin.py:154} INFO - [2025-06-15T00:15:29.888-0400] {dagbag.py:536} INFO - Filling up the DagBag from /Users/rah/.pyenv/versions/3.10.11/lib/python3.10/site-packages/airflow/example_dags/plugins/workday.py
[2025-06-15T00:15:30.089-0400] {processor.py:841} WARNING - No viable dags retrieved from /Users/rah/.pyenv/versions/3.10.11/lib/python3.10/site-packages/airflow/example_dags/plugins/workday.py
[2025-06-15T00:15:30.143-0400] {processor.py:179} INFO - Processing /Users/rah/.pyenv/versions/3.10.11/lib/python3.10/site-packages/airflow/example_dags/plugins/workday.py took 0.259 seconds
[2025-06-15T00:16:22.411-0400] {processor.py:157} INFO - Started process (PID=66944) to work on /Users/rah/.pyenv/versions/3.10.11/lib/python3.10/site-packages/airflow/example_dags/plugins/workday.py
[2025-06-15T00:16:22.414-0400] {processor.py:829} INFO - Processing file /Users/rah/.pyenv/versions/3.10.11/lib/python3.10/site-packages/airflow/example_dags/plugins/workday.py for tasks to queue
[2025-06-15T00:16:22.415-0400] {logging_mixin.py:154} INFO - [2025-06-15T00:16:22.415-0400] {dagbag.py:536} INFO - Filling up the DagBag from /Users/rah/.pyenv/versions/3.10.11/lib/python3.10/site-packages/airflow/example_dags/plugins/workday.py
[2025-06-15T00:16:22.620-0400] {processor.py:841} WARNING - No viable dags retrieved from /Users/rah/.pyenv/versions/3.10.11/lib/python3.10/site-packages/airflow/example_dags/plugins/workday.py
[2025-06-15T00:16:22.673-0400] {processor.py:179} INFO - Processing /Users/rah/.pyenv/versions/3.10.11/lib/python3.10/site-packages/airflow/example_dags/plugins/workday.py took 0.262 seconds
[2025-06-15T00:17:17.053-0400] {processor.py:157} INFO - Started process (PID=70290) to work on /Users/rah/.pyenv/versions/3.10.11/lib/python3.10/site-packages/airflow/example_dags/plugins/workday.py
[2025-06-15T00:17:17.056-0400] {processor.py:829} INFO - Processing file /Users/rah/.pyenv/versions/3.10.11/lib/python3.10/site-packages/airflow/example_dags/plugins/workday.py for tasks to queue
[2025-06-15T00:17:17.056-0400] {logging_mixin.py:154} INFO - [2025-06-15T00:17:17.056-0400] {dagbag.py:536} INFO - Filling up the DagBag from /Users/rah/.pyenv/versions/3.10.11/lib/python3.10/site-packages/airflow/example_dags/plugins/workday.py
[2025-06-15T00:17:17.247-0400] {processor.py:841} WARNING - No viable dags retrieved from /Users/rah/.pyenv/versions/3.10.11/lib/python3.10/site-packages/airflow/example_dags/plugins/workday.py
[2025-06-15T00:17:17.298-0400] {processor.py:179} INFO - Processing /Users/rah/.pyenv/versions/3.10.11/lib/python3.10/site-packages/airflow/example_dags/plugins/workday.py took 0.246 seconds
[2025-06-15T00:18:08.909-0400] {processor.py:157} INFO - Started process (PID=73225) to work on /Users/rah/.pyenv/versions/3.10.11/lib/python3.10/site-packages/airflow/example_dags/plugins/workday.py
[2025-06-15T00:18:08.912-0400] {processor.py:829} INFO - Processing file /Users/rah/.pyenv/versions/3.10.11/lib/python3.10/site-packages/airflow/example_dags/plugins/workday.py for tasks to queue
[2025-06-15T00:18:08.913-0400] {logging_mixin.py:154} INFO - [2025-06-15T00:18:08.913-0400] {dagbag.py:536} INFO - Filling up the DagBag from /Users/rah/.pyenv/versions/3.10.11/lib/python3.10/site-packages/airflow/example_dags/plugins/workday.py
[2025-06-15T00:18:09.125-0400] {processor.py:841} WARNING - No viable dags retrieved from /Users/rah/.pyenv/versions/3.10.11/lib/python3.10/site-packages/airflow/example_dags/plugins/workday.py
[2025-06-15T00:18:09.179-0400] {processor.py:179} INFO - Processing /Users/rah/.pyenv/versions/3.10.11/lib/python3.10/site-packages/airflow/example_dags/plugins/workday.py took 0.270 seconds
