[2025-06-14T23:50:01.977-0400] {processor.py:157} INFO - Started process (PID=40757) to work on /Users/rah/Desktop/creative_projects/rah_coding_repo/projects/fin_data_project_001/finance-data-project-1/airflow/dags/airflow_ingestion_pipeline.py
[2025-06-14T23:50:01.980-0400] {processor.py:829} INFO - Processing file /Users/rah/Desktop/creative_projects/rah_coding_repo/projects/fin_data_project_001/finance-data-project-1/airflow/dags/airflow_ingestion_pipeline.py for tasks to queue
[2025-06-14T23:50:01.980-0400] {logging_mixin.py:154} INFO - [2025-06-14T23:50:01.980-0400] {dagbag.py:536} INFO - Filling up the DagBag from /Users/rah/Desktop/creative_projects/rah_coding_repo/projects/fin_data_project_001/finance-data-project-1/airflow/dags/airflow_ingestion_pipeline.py
[2025-06-14T23:50:01.993-0400] {logging_mixin.py:154} INFO - [2025-06-14T23:50:01.992-0400] {dagbag.py:346} ERROR - Failed to import: /Users/rah/Desktop/creative_projects/rah_coding_repo/projects/fin_data_project_001/finance-data-project-1/airflow/dags/airflow_ingestion_pipeline.py
Traceback (most recent call last):
  File "/Users/rah/.pyenv/versions/3.10.11/lib/python3.10/site-packages/airflow/models/dagbag.py", line 342, in parse
    loader.exec_module(new_module)
  File "<frozen importlib._bootstrap_external>", line 883, in exec_module
  File "<frozen importlib._bootstrap>", line 241, in _call_with_frames_removed
  File "/Users/rah/Desktop/creative_projects/rah_coding_repo/projects/fin_data_project_001/finance-data-project-1/airflow/dags/airflow_ingestion_pipeline.py", line 4, in <module>
    from src.ingestion.data_ingestion import DataIngestion
ModuleNotFoundError: No module named 'src'
[2025-06-14T23:50:01.993-0400] {processor.py:841} WARNING - No viable dags retrieved from /Users/rah/Desktop/creative_projects/rah_coding_repo/projects/fin_data_project_001/finance-data-project-1/airflow/dags/airflow_ingestion_pipeline.py
[2025-06-14T23:50:02.068-0400] {processor.py:179} INFO - Processing /Users/rah/Desktop/creative_projects/rah_coding_repo/projects/fin_data_project_001/finance-data-project-1/airflow/dags/airflow_ingestion_pipeline.py took 0.091 seconds
[2025-06-14T23:50:51.375-0400] {processor.py:157} INFO - Started process (PID=41400) to work on /Users/rah/Desktop/creative_projects/rah_coding_repo/projects/fin_data_project_001/finance-data-project-1/airflow/dags/airflow_ingestion_pipeline.py
[2025-06-14T23:50:51.379-0400] {processor.py:829} INFO - Processing file /Users/rah/Desktop/creative_projects/rah_coding_repo/projects/fin_data_project_001/finance-data-project-1/airflow/dags/airflow_ingestion_pipeline.py for tasks to queue
[2025-06-14T23:50:51.379-0400] {logging_mixin.py:154} INFO - [2025-06-14T23:50:51.379-0400] {dagbag.py:536} INFO - Filling up the DagBag from /Users/rah/Desktop/creative_projects/rah_coding_repo/projects/fin_data_project_001/finance-data-project-1/airflow/dags/airflow_ingestion_pipeline.py
[2025-06-14T23:50:53.015-0400] {processor.py:839} INFO - DAG(s) dict_keys(['airflow_ingestion_pipeline']) retrieved from /Users/rah/Desktop/creative_projects/rah_coding_repo/projects/fin_data_project_001/finance-data-project-1/airflow/dags/airflow_ingestion_pipeline.py
[2025-06-14T23:50:53.362-0400] {logging_mixin.py:154} INFO - [2025-06-14T23:50:53.362-0400] {manager.py:499} INFO - Created Permission View: %s
[2025-06-14T23:50:53.366-0400] {logging_mixin.py:154} INFO - [2025-06-14T23:50:53.365-0400] {manager.py:499} INFO - Created Permission View: %s
[2025-06-14T23:50:53.368-0400] {logging_mixin.py:154} INFO - [2025-06-14T23:50:53.368-0400] {manager.py:499} INFO - Created Permission View: %s
[2025-06-14T23:50:53.368-0400] {logging_mixin.py:154} INFO - [2025-06-14T23:50:53.368-0400] {dag.py:2941} INFO - Sync 1 DAGs
[2025-06-14T23:50:53.372-0400] {logging_mixin.py:154} INFO - [2025-06-14T23:50:53.372-0400] {dag.py:2963} INFO - Creating ORM DAG for airflow_ingestion_pipeline
[2025-06-14T23:50:53.376-0400] {logging_mixin.py:154} INFO - [2025-06-14T23:50:53.376-0400] {dag.py:3722} INFO - Setting next_dagrun for airflow_ingestion_pipeline to 2025-06-14T00:00:00+00:00, run_after=2025-06-15T00:00:00+00:00
[2025-06-14T23:50:53.382-0400] {processor.py:179} INFO - Processing /Users/rah/Desktop/creative_projects/rah_coding_repo/projects/fin_data_project_001/finance-data-project-1/airflow/dags/airflow_ingestion_pipeline.py took 2.007 seconds
[2025-06-14T23:54:48.701-0400] {processor.py:157} INFO - Started process (PID=45378) to work on /Users/rah/Desktop/creative_projects/rah_coding_repo/projects/fin_data_project_001/finance-data-project-1/airflow/dags/airflow_ingestion_pipeline.py
[2025-06-14T23:54:48.703-0400] {processor.py:829} INFO - Processing file /Users/rah/Desktop/creative_projects/rah_coding_repo/projects/fin_data_project_001/finance-data-project-1/airflow/dags/airflow_ingestion_pipeline.py for tasks to queue
[2025-06-14T23:54:48.704-0400] {logging_mixin.py:154} INFO - [2025-06-14T23:54:48.704-0400] {dagbag.py:536} INFO - Filling up the DagBag from /Users/rah/Desktop/creative_projects/rah_coding_repo/projects/fin_data_project_001/finance-data-project-1/airflow/dags/airflow_ingestion_pipeline.py
[2025-06-14T23:54:49.098-0400] {processor.py:839} INFO - DAG(s) dict_keys(['airflow_ingestion_pipeline']) retrieved from /Users/rah/Desktop/creative_projects/rah_coding_repo/projects/fin_data_project_001/finance-data-project-1/airflow/dags/airflow_ingestion_pipeline.py
[2025-06-14T23:54:49.202-0400] {logging_mixin.py:154} INFO - [2025-06-14T23:54:49.201-0400] {dag.py:2941} INFO - Sync 1 DAGs
[2025-06-14T23:54:49.209-0400] {logging_mixin.py:154} INFO - [2025-06-14T23:54:49.209-0400] {dag.py:3722} INFO - Setting next_dagrun for airflow_ingestion_pipeline to 2025-06-14T00:00:00+00:00, run_after=2025-06-15T00:00:00+00:00
[2025-06-14T23:54:49.217-0400] {processor.py:179} INFO - Processing /Users/rah/Desktop/creative_projects/rah_coding_repo/projects/fin_data_project_001/finance-data-project-1/airflow/dags/airflow_ingestion_pipeline.py took 0.516 seconds
[2025-06-14T23:55:55.194-0400] {processor.py:157} INFO - Started process (PID=46782) to work on /Users/rah/Desktop/creative_projects/rah_coding_repo/projects/fin_data_project_001/finance-data-project-1/airflow/dags/airflow_ingestion_pipeline.py
[2025-06-14T23:55:55.197-0400] {processor.py:829} INFO - Processing file /Users/rah/Desktop/creative_projects/rah_coding_repo/projects/fin_data_project_001/finance-data-project-1/airflow/dags/airflow_ingestion_pipeline.py for tasks to queue
[2025-06-14T23:55:55.198-0400] {logging_mixin.py:154} INFO - [2025-06-14T23:55:55.197-0400] {dagbag.py:536} INFO - Filling up the DagBag from /Users/rah/Desktop/creative_projects/rah_coding_repo/projects/fin_data_project_001/finance-data-project-1/airflow/dags/airflow_ingestion_pipeline.py
[2025-06-14T23:55:55.664-0400] {processor.py:839} INFO - DAG(s) dict_keys(['airflow_ingestion_pipeline']) retrieved from /Users/rah/Desktop/creative_projects/rah_coding_repo/projects/fin_data_project_001/finance-data-project-1/airflow/dags/airflow_ingestion_pipeline.py
[2025-06-14T23:55:55.762-0400] {logging_mixin.py:154} INFO - [2025-06-14T23:55:55.762-0400] {dag.py:2941} INFO - Sync 1 DAGs
[2025-06-14T23:55:55.769-0400] {logging_mixin.py:154} INFO - [2025-06-14T23:55:55.769-0400] {dag.py:3722} INFO - Setting next_dagrun for airflow_ingestion_pipeline to 2025-06-14T00:00:00+00:00, run_after=2025-06-15T00:00:00+00:00
[2025-06-14T23:55:55.776-0400] {processor.py:179} INFO - Processing /Users/rah/Desktop/creative_projects/rah_coding_repo/projects/fin_data_project_001/finance-data-project-1/airflow/dags/airflow_ingestion_pipeline.py took 0.583 seconds
[2025-06-14T23:56:10.534-0400] {processor.py:157} INFO - Started process (PID=46948) to work on /Users/rah/Desktop/creative_projects/rah_coding_repo/projects/fin_data_project_001/finance-data-project-1/airflow/dags/airflow_ingestion_pipeline.py
[2025-06-14T23:56:10.536-0400] {processor.py:829} INFO - Processing file /Users/rah/Desktop/creative_projects/rah_coding_repo/projects/fin_data_project_001/finance-data-project-1/airflow/dags/airflow_ingestion_pipeline.py for tasks to queue
[2025-06-14T23:56:10.536-0400] {logging_mixin.py:154} INFO - [2025-06-14T23:56:10.536-0400] {dagbag.py:536} INFO - Filling up the DagBag from /Users/rah/Desktop/creative_projects/rah_coding_repo/projects/fin_data_project_001/finance-data-project-1/airflow/dags/airflow_ingestion_pipeline.py
[2025-06-14T23:56:10.866-0400] {processor.py:839} INFO - DAG(s) dict_keys(['airflow_ingestion_pipeline']) retrieved from /Users/rah/Desktop/creative_projects/rah_coding_repo/projects/fin_data_project_001/finance-data-project-1/airflow/dags/airflow_ingestion_pipeline.py
[2025-06-14T23:56:10.962-0400] {logging_mixin.py:154} INFO - [2025-06-14T23:56:10.962-0400] {dag.py:2941} INFO - Sync 1 DAGs
[2025-06-14T23:56:10.969-0400] {logging_mixin.py:154} INFO - [2025-06-14T23:56:10.969-0400] {dag.py:3722} INFO - Setting next_dagrun for airflow_ingestion_pipeline to 2025-06-14T00:00:00+00:00, run_after=2025-06-15T00:00:00+00:00
[2025-06-14T23:56:10.976-0400] {processor.py:179} INFO - Processing /Users/rah/Desktop/creative_projects/rah_coding_repo/projects/fin_data_project_001/finance-data-project-1/airflow/dags/airflow_ingestion_pipeline.py took 0.443 seconds
[2025-06-14T23:56:46.482-0400] {processor.py:157} INFO - Started process (PID=48025) to work on /Users/rah/Desktop/creative_projects/rah_coding_repo/projects/fin_data_project_001/finance-data-project-1/airflow/dags/airflow_ingestion_pipeline.py
[2025-06-14T23:56:46.484-0400] {processor.py:829} INFO - Processing file /Users/rah/Desktop/creative_projects/rah_coding_repo/projects/fin_data_project_001/finance-data-project-1/airflow/dags/airflow_ingestion_pipeline.py for tasks to queue
[2025-06-14T23:56:46.485-0400] {logging_mixin.py:154} INFO - [2025-06-14T23:56:46.484-0400] {dagbag.py:536} INFO - Filling up the DagBag from /Users/rah/Desktop/creative_projects/rah_coding_repo/projects/fin_data_project_001/finance-data-project-1/airflow/dags/airflow_ingestion_pipeline.py
[2025-06-14T23:56:46.926-0400] {processor.py:839} INFO - DAG(s) dict_keys(['airflow_ingestion_pipeline']) retrieved from /Users/rah/Desktop/creative_projects/rah_coding_repo/projects/fin_data_project_001/finance-data-project-1/airflow/dags/airflow_ingestion_pipeline.py
[2025-06-14T23:56:47.019-0400] {logging_mixin.py:154} INFO - [2025-06-14T23:56:47.019-0400] {dag.py:2941} INFO - Sync 1 DAGs
[2025-06-14T23:56:47.026-0400] {logging_mixin.py:154} INFO - [2025-06-14T23:56:47.026-0400] {dag.py:3722} INFO - Setting next_dagrun for airflow_ingestion_pipeline to 2025-06-14T00:00:00+00:00, run_after=2025-06-15T00:00:00+00:00
[2025-06-14T23:56:47.034-0400] {processor.py:179} INFO - Processing /Users/rah/Desktop/creative_projects/rah_coding_repo/projects/fin_data_project_001/finance-data-project-1/airflow/dags/airflow_ingestion_pipeline.py took 0.553 seconds
[2025-06-14T23:57:01.562-0400] {processor.py:157} INFO - Started process (PID=48202) to work on /Users/rah/Desktop/creative_projects/rah_coding_repo/projects/fin_data_project_001/finance-data-project-1/airflow/dags/airflow_ingestion_pipeline.py
[2025-06-14T23:57:01.565-0400] {processor.py:829} INFO - Processing file /Users/rah/Desktop/creative_projects/rah_coding_repo/projects/fin_data_project_001/finance-data-project-1/airflow/dags/airflow_ingestion_pipeline.py for tasks to queue
[2025-06-14T23:57:01.565-0400] {logging_mixin.py:154} INFO - [2025-06-14T23:57:01.565-0400] {dagbag.py:536} INFO - Filling up the DagBag from /Users/rah/Desktop/creative_projects/rah_coding_repo/projects/fin_data_project_001/finance-data-project-1/airflow/dags/airflow_ingestion_pipeline.py
[2025-06-14T23:57:01.915-0400] {processor.py:839} INFO - DAG(s) dict_keys(['airflow_ingestion_pipeline']) retrieved from /Users/rah/Desktop/creative_projects/rah_coding_repo/projects/fin_data_project_001/finance-data-project-1/airflow/dags/airflow_ingestion_pipeline.py
[2025-06-14T23:57:02.018-0400] {logging_mixin.py:154} INFO - [2025-06-14T23:57:02.017-0400] {dag.py:2941} INFO - Sync 1 DAGs
[2025-06-14T23:57:02.025-0400] {logging_mixin.py:154} INFO - [2025-06-14T23:57:02.025-0400] {dag.py:3722} INFO - Setting next_dagrun for airflow_ingestion_pipeline to 2025-06-14T00:00:00+00:00, run_after=2025-06-15T00:00:00+00:00
[2025-06-14T23:57:02.033-0400] {processor.py:179} INFO - Processing /Users/rah/Desktop/creative_projects/rah_coding_repo/projects/fin_data_project_001/finance-data-project-1/airflow/dags/airflow_ingestion_pipeline.py took 0.471 seconds
[2025-06-14T23:57:12.605-0400] {processor.py:157} INFO - Started process (PID=48354) to work on /Users/rah/Desktop/creative_projects/rah_coding_repo/projects/fin_data_project_001/finance-data-project-1/airflow/dags/airflow_ingestion_pipeline.py
[2025-06-14T23:57:12.607-0400] {processor.py:829} INFO - Processing file /Users/rah/Desktop/creative_projects/rah_coding_repo/projects/fin_data_project_001/finance-data-project-1/airflow/dags/airflow_ingestion_pipeline.py for tasks to queue
[2025-06-14T23:57:12.611-0400] {logging_mixin.py:154} INFO - [2025-06-14T23:57:12.611-0400] {dagbag.py:536} INFO - Filling up the DagBag from /Users/rah/Desktop/creative_projects/rah_coding_repo/projects/fin_data_project_001/finance-data-project-1/airflow/dags/airflow_ingestion_pipeline.py
[2025-06-14T23:57:12.952-0400] {processor.py:839} INFO - DAG(s) dict_keys(['airflow_ingestion_pipeline']) retrieved from /Users/rah/Desktop/creative_projects/rah_coding_repo/projects/fin_data_project_001/finance-data-project-1/airflow/dags/airflow_ingestion_pipeline.py
[2025-06-14T23:57:13.049-0400] {logging_mixin.py:154} INFO - [2025-06-14T23:57:13.049-0400] {dag.py:2941} INFO - Sync 1 DAGs
[2025-06-14T23:57:13.056-0400] {logging_mixin.py:154} INFO - [2025-06-14T23:57:13.056-0400] {dag.py:3722} INFO - Setting next_dagrun for airflow_ingestion_pipeline to 2025-06-14T00:00:00+00:00, run_after=2025-06-15T00:00:00+00:00
[2025-06-14T23:57:13.064-0400] {processor.py:179} INFO - Processing /Users/rah/Desktop/creative_projects/rah_coding_repo/projects/fin_data_project_001/finance-data-project-1/airflow/dags/airflow_ingestion_pipeline.py took 0.459 seconds
[2025-06-14T23:57:49.444-0400] {processor.py:157} INFO - Started process (PID=48916) to work on /Users/rah/Desktop/creative_projects/rah_coding_repo/projects/fin_data_project_001/finance-data-project-1/airflow/dags/airflow_ingestion_pipeline.py
[2025-06-14T23:57:49.446-0400] {processor.py:829} INFO - Processing file /Users/rah/Desktop/creative_projects/rah_coding_repo/projects/fin_data_project_001/finance-data-project-1/airflow/dags/airflow_ingestion_pipeline.py for tasks to queue
[2025-06-14T23:57:49.447-0400] {logging_mixin.py:154} INFO - [2025-06-14T23:57:49.447-0400] {dagbag.py:536} INFO - Filling up the DagBag from /Users/rah/Desktop/creative_projects/rah_coding_repo/projects/fin_data_project_001/finance-data-project-1/airflow/dags/airflow_ingestion_pipeline.py
[2025-06-14T23:57:49.912-0400] {processor.py:839} INFO - DAG(s) dict_keys(['airflow_ingestion_pipeline']) retrieved from /Users/rah/Desktop/creative_projects/rah_coding_repo/projects/fin_data_project_001/finance-data-project-1/airflow/dags/airflow_ingestion_pipeline.py
[2025-06-14T23:57:50.009-0400] {logging_mixin.py:154} INFO - [2025-06-14T23:57:50.009-0400] {dag.py:2941} INFO - Sync 1 DAGs
[2025-06-14T23:57:50.017-0400] {logging_mixin.py:154} INFO - [2025-06-14T23:57:50.017-0400] {dag.py:3722} INFO - Setting next_dagrun for airflow_ingestion_pipeline to 2025-06-14T00:00:00+00:00, run_after=2025-06-15T00:00:00+00:00
[2025-06-14T23:57:50.026-0400] {processor.py:179} INFO - Processing /Users/rah/Desktop/creative_projects/rah_coding_repo/projects/fin_data_project_001/finance-data-project-1/airflow/dags/airflow_ingestion_pipeline.py took 0.582 seconds
[2025-06-14T23:58:02.286-0400] {processor.py:157} INFO - Started process (PID=49070) to work on /Users/rah/Desktop/creative_projects/rah_coding_repo/projects/fin_data_project_001/finance-data-project-1/airflow/dags/airflow_ingestion_pipeline.py
[2025-06-14T23:58:02.288-0400] {processor.py:829} INFO - Processing file /Users/rah/Desktop/creative_projects/rah_coding_repo/projects/fin_data_project_001/finance-data-project-1/airflow/dags/airflow_ingestion_pipeline.py for tasks to queue
[2025-06-14T23:58:02.288-0400] {logging_mixin.py:154} INFO - [2025-06-14T23:58:02.288-0400] {dagbag.py:536} INFO - Filling up the DagBag from /Users/rah/Desktop/creative_projects/rah_coding_repo/projects/fin_data_project_001/finance-data-project-1/airflow/dags/airflow_ingestion_pipeline.py
[2025-06-14T23:58:02.641-0400] {processor.py:839} INFO - DAG(s) dict_keys(['airflow_ingestion_pipeline']) retrieved from /Users/rah/Desktop/creative_projects/rah_coding_repo/projects/fin_data_project_001/finance-data-project-1/airflow/dags/airflow_ingestion_pipeline.py
[2025-06-14T23:58:02.749-0400] {logging_mixin.py:154} INFO - [2025-06-14T23:58:02.749-0400] {dag.py:2941} INFO - Sync 1 DAGs
[2025-06-14T23:58:02.757-0400] {logging_mixin.py:154} INFO - [2025-06-14T23:58:02.757-0400] {dag.py:3722} INFO - Setting next_dagrun for airflow_ingestion_pipeline to 2025-06-14T00:00:00+00:00, run_after=2025-06-15T00:00:00+00:00
[2025-06-14T23:58:02.766-0400] {processor.py:179} INFO - Processing /Users/rah/Desktop/creative_projects/rah_coding_repo/projects/fin_data_project_001/finance-data-project-1/airflow/dags/airflow_ingestion_pipeline.py took 0.480 seconds
[2025-06-14T23:58:03.429-0400] {processor.py:157} INFO - Started process (PID=49074) to work on /Users/rah/Desktop/creative_projects/rah_coding_repo/projects/fin_data_project_001/finance-data-project-1/airflow/dags/airflow_ingestion_pipeline.py
[2025-06-14T23:58:03.432-0400] {processor.py:829} INFO - Processing file /Users/rah/Desktop/creative_projects/rah_coding_repo/projects/fin_data_project_001/finance-data-project-1/airflow/dags/airflow_ingestion_pipeline.py for tasks to queue
[2025-06-14T23:58:03.432-0400] {logging_mixin.py:154} INFO - [2025-06-14T23:58:03.432-0400] {dagbag.py:536} INFO - Filling up the DagBag from /Users/rah/Desktop/creative_projects/rah_coding_repo/projects/fin_data_project_001/finance-data-project-1/airflow/dags/airflow_ingestion_pipeline.py
[2025-06-14T23:58:03.748-0400] {processor.py:839} INFO - DAG(s) dict_keys(['airflow_ingestion_pipeline']) retrieved from /Users/rah/Desktop/creative_projects/rah_coding_repo/projects/fin_data_project_001/finance-data-project-1/airflow/dags/airflow_ingestion_pipeline.py
[2025-06-14T23:58:03.849-0400] {logging_mixin.py:154} INFO - [2025-06-14T23:58:03.849-0400] {dag.py:2941} INFO - Sync 1 DAGs
[2025-06-14T23:58:03.857-0400] {logging_mixin.py:154} INFO - [2025-06-14T23:58:03.857-0400] {dag.py:3722} INFO - Setting next_dagrun for airflow_ingestion_pipeline to 2025-06-14T00:00:00+00:00, run_after=2025-06-15T00:00:00+00:00
[2025-06-14T23:58:03.866-0400] {processor.py:179} INFO - Processing /Users/rah/Desktop/creative_projects/rah_coding_repo/projects/fin_data_project_001/finance-data-project-1/airflow/dags/airflow_ingestion_pipeline.py took 0.437 seconds
[2025-06-14T23:58:37.994-0400] {processor.py:157} INFO - Started process (PID=49524) to work on /Users/rah/Desktop/creative_projects/rah_coding_repo/projects/fin_data_project_001/finance-data-project-1/airflow/dags/airflow_ingestion_pipeline.py
[2025-06-14T23:58:37.997-0400] {processor.py:829} INFO - Processing file /Users/rah/Desktop/creative_projects/rah_coding_repo/projects/fin_data_project_001/finance-data-project-1/airflow/dags/airflow_ingestion_pipeline.py for tasks to queue
[2025-06-14T23:58:37.997-0400] {logging_mixin.py:154} INFO - [2025-06-14T23:58:37.997-0400] {dagbag.py:536} INFO - Filling up the DagBag from /Users/rah/Desktop/creative_projects/rah_coding_repo/projects/fin_data_project_001/finance-data-project-1/airflow/dags/airflow_ingestion_pipeline.py
[2025-06-14T23:58:38.442-0400] {processor.py:839} INFO - DAG(s) dict_keys(['airflow_ingestion_pipeline']) retrieved from /Users/rah/Desktop/creative_projects/rah_coding_repo/projects/fin_data_project_001/finance-data-project-1/airflow/dags/airflow_ingestion_pipeline.py
[2025-06-14T23:58:38.543-0400] {logging_mixin.py:154} INFO - [2025-06-14T23:58:38.543-0400] {dag.py:2941} INFO - Sync 1 DAGs
[2025-06-14T23:58:38.550-0400] {logging_mixin.py:154} INFO - [2025-06-14T23:58:38.550-0400] {dag.py:3722} INFO - Setting next_dagrun for airflow_ingestion_pipeline to 2025-06-14T00:00:00+00:00, run_after=2025-06-15T00:00:00+00:00
[2025-06-14T23:58:38.558-0400] {processor.py:179} INFO - Processing /Users/rah/Desktop/creative_projects/rah_coding_repo/projects/fin_data_project_001/finance-data-project-1/airflow/dags/airflow_ingestion_pipeline.py took 0.564 seconds
[2025-06-14T23:58:49.475-0400] {processor.py:157} INFO - Started process (PID=50082) to work on /Users/rah/Desktop/creative_projects/rah_coding_repo/projects/fin_data_project_001/finance-data-project-1/airflow/dags/airflow_ingestion_pipeline.py
[2025-06-14T23:58:49.477-0400] {processor.py:829} INFO - Processing file /Users/rah/Desktop/creative_projects/rah_coding_repo/projects/fin_data_project_001/finance-data-project-1/airflow/dags/airflow_ingestion_pipeline.py for tasks to queue
[2025-06-14T23:58:49.478-0400] {logging_mixin.py:154} INFO - [2025-06-14T23:58:49.478-0400] {dagbag.py:536} INFO - Filling up the DagBag from /Users/rah/Desktop/creative_projects/rah_coding_repo/projects/fin_data_project_001/finance-data-project-1/airflow/dags/airflow_ingestion_pipeline.py
[2025-06-14T23:58:49.831-0400] {processor.py:839} INFO - DAG(s) dict_keys(['airflow_ingestion_pipeline']) retrieved from /Users/rah/Desktop/creative_projects/rah_coding_repo/projects/fin_data_project_001/finance-data-project-1/airflow/dags/airflow_ingestion_pipeline.py
[2025-06-14T23:58:49.844-0400] {processor.py:157} INFO - Started process (PID=50086) to work on /Users/rah/Desktop/creative_projects/rah_coding_repo/projects/fin_data_project_001/finance-data-project-1/airflow/dags/airflow_ingestion_pipeline.py
[2025-06-14T23:58:49.846-0400] {processor.py:829} INFO - Processing file /Users/rah/Desktop/creative_projects/rah_coding_repo/projects/fin_data_project_001/finance-data-project-1/airflow/dags/airflow_ingestion_pipeline.py for tasks to queue
[2025-06-14T23:58:49.847-0400] {logging_mixin.py:154} INFO - [2025-06-14T23:58:49.847-0400] {dagbag.py:536} INFO - Filling up the DagBag from /Users/rah/Desktop/creative_projects/rah_coding_repo/projects/fin_data_project_001/finance-data-project-1/airflow/dags/airflow_ingestion_pipeline.py
[2025-06-14T23:58:49.933-0400] {logging_mixin.py:154} INFO - [2025-06-14T23:58:49.933-0400] {dag.py:2941} INFO - Sync 1 DAGs
[2025-06-14T23:58:49.941-0400] {logging_mixin.py:154} INFO - [2025-06-14T23:58:49.941-0400] {dag.py:3722} INFO - Setting next_dagrun for airflow_ingestion_pipeline to 2025-06-14T00:00:00+00:00, run_after=2025-06-15T00:00:00+00:00
[2025-06-14T23:58:49.949-0400] {processor.py:179} INFO - Processing /Users/rah/Desktop/creative_projects/rah_coding_repo/projects/fin_data_project_001/finance-data-project-1/airflow/dags/airflow_ingestion_pipeline.py took 0.475 seconds
[2025-06-14T23:58:50.179-0400] {processor.py:839} INFO - DAG(s) dict_keys(['airflow_ingestion_pipeline']) retrieved from /Users/rah/Desktop/creative_projects/rah_coding_repo/projects/fin_data_project_001/finance-data-project-1/airflow/dags/airflow_ingestion_pipeline.py
[2025-06-14T23:58:50.276-0400] {logging_mixin.py:154} INFO - [2025-06-14T23:58:50.276-0400] {dag.py:2941} INFO - Sync 1 DAGs
[2025-06-14T23:58:50.284-0400] {logging_mixin.py:154} INFO - [2025-06-14T23:58:50.284-0400] {dag.py:3722} INFO - Setting next_dagrun for airflow_ingestion_pipeline to 2025-06-14T00:00:00+00:00, run_after=2025-06-15T00:00:00+00:00
[2025-06-14T23:58:50.291-0400] {processor.py:179} INFO - Processing /Users/rah/Desktop/creative_projects/rah_coding_repo/projects/fin_data_project_001/finance-data-project-1/airflow/dags/airflow_ingestion_pipeline.py took 0.448 seconds
[2025-06-14T23:58:51.383-0400] {processor.py:157} INFO - Started process (PID=50092) to work on /Users/rah/Desktop/creative_projects/rah_coding_repo/projects/fin_data_project_001/finance-data-project-1/airflow/dags/airflow_ingestion_pipeline.py
[2025-06-14T23:58:51.385-0400] {processor.py:829} INFO - Processing file /Users/rah/Desktop/creative_projects/rah_coding_repo/projects/fin_data_project_001/finance-data-project-1/airflow/dags/airflow_ingestion_pipeline.py for tasks to queue
[2025-06-14T23:58:51.385-0400] {logging_mixin.py:154} INFO - [2025-06-14T23:58:51.385-0400] {dagbag.py:536} INFO - Filling up the DagBag from /Users/rah/Desktop/creative_projects/rah_coding_repo/projects/fin_data_project_001/finance-data-project-1/airflow/dags/airflow_ingestion_pipeline.py
[2025-06-14T23:58:51.743-0400] {processor.py:839} INFO - DAG(s) dict_keys(['airflow_ingestion_pipeline']) retrieved from /Users/rah/Desktop/creative_projects/rah_coding_repo/projects/fin_data_project_001/finance-data-project-1/airflow/dags/airflow_ingestion_pipeline.py
[2025-06-14T23:58:51.859-0400] {logging_mixin.py:154} INFO - [2025-06-14T23:58:51.859-0400] {dag.py:2941} INFO - Sync 1 DAGs
[2025-06-14T23:58:51.868-0400] {logging_mixin.py:154} INFO - [2025-06-14T23:58:51.868-0400] {dag.py:3722} INFO - Setting next_dagrun for airflow_ingestion_pipeline to 2025-06-14T00:00:00+00:00, run_after=2025-06-15T00:00:00+00:00
[2025-06-14T23:58:51.877-0400] {processor.py:179} INFO - Processing /Users/rah/Desktop/creative_projects/rah_coding_repo/projects/fin_data_project_001/finance-data-project-1/airflow/dags/airflow_ingestion_pipeline.py took 0.495 seconds
[2025-06-14T23:59:27.565-0400] {processor.py:157} INFO - Started process (PID=50700) to work on /Users/rah/Desktop/creative_projects/rah_coding_repo/projects/fin_data_project_001/finance-data-project-1/airflow/dags/airflow_ingestion_pipeline.py
[2025-06-14T23:59:27.567-0400] {processor.py:829} INFO - Processing file /Users/rah/Desktop/creative_projects/rah_coding_repo/projects/fin_data_project_001/finance-data-project-1/airflow/dags/airflow_ingestion_pipeline.py for tasks to queue
[2025-06-14T23:59:27.568-0400] {logging_mixin.py:154} INFO - [2025-06-14T23:59:27.567-0400] {dagbag.py:536} INFO - Filling up the DagBag from /Users/rah/Desktop/creative_projects/rah_coding_repo/projects/fin_data_project_001/finance-data-project-1/airflow/dags/airflow_ingestion_pipeline.py
[2025-06-14T23:59:28.032-0400] {processor.py:839} INFO - DAG(s) dict_keys(['airflow_ingestion_pipeline']) retrieved from /Users/rah/Desktop/creative_projects/rah_coding_repo/projects/fin_data_project_001/finance-data-project-1/airflow/dags/airflow_ingestion_pipeline.py
[2025-06-14T23:59:28.133-0400] {logging_mixin.py:154} INFO - [2025-06-14T23:59:28.132-0400] {dag.py:2941} INFO - Sync 1 DAGs
[2025-06-14T23:59:28.140-0400] {logging_mixin.py:154} INFO - [2025-06-14T23:59:28.140-0400] {dag.py:3722} INFO - Setting next_dagrun for airflow_ingestion_pipeline to 2025-06-14T00:00:00+00:00, run_after=2025-06-15T00:00:00+00:00
[2025-06-14T23:59:28.149-0400] {processor.py:179} INFO - Processing /Users/rah/Desktop/creative_projects/rah_coding_repo/projects/fin_data_project_001/finance-data-project-1/airflow/dags/airflow_ingestion_pipeline.py took 0.585 seconds
[2025-06-14T23:59:38.550-0400] {processor.py:157} INFO - Started process (PID=50858) to work on /Users/rah/Desktop/creative_projects/rah_coding_repo/projects/fin_data_project_001/finance-data-project-1/airflow/dags/airflow_ingestion_pipeline.py
[2025-06-14T23:59:38.552-0400] {processor.py:829} INFO - Processing file /Users/rah/Desktop/creative_projects/rah_coding_repo/projects/fin_data_project_001/finance-data-project-1/airflow/dags/airflow_ingestion_pipeline.py for tasks to queue
[2025-06-14T23:59:38.552-0400] {logging_mixin.py:154} INFO - [2025-06-14T23:59:38.552-0400] {dagbag.py:536} INFO - Filling up the DagBag from /Users/rah/Desktop/creative_projects/rah_coding_repo/projects/fin_data_project_001/finance-data-project-1/airflow/dags/airflow_ingestion_pipeline.py
[2025-06-14T23:59:38.909-0400] {processor.py:839} INFO - DAG(s) dict_keys(['airflow_ingestion_pipeline']) retrieved from /Users/rah/Desktop/creative_projects/rah_coding_repo/projects/fin_data_project_001/finance-data-project-1/airflow/dags/airflow_ingestion_pipeline.py
[2025-06-14T23:59:39.015-0400] {logging_mixin.py:154} INFO - [2025-06-14T23:59:39.015-0400] {dag.py:2941} INFO - Sync 1 DAGs
[2025-06-14T23:59:39.023-0400] {logging_mixin.py:154} INFO - [2025-06-14T23:59:39.023-0400] {dag.py:3722} INFO - Setting next_dagrun for airflow_ingestion_pipeline to 2025-06-15T00:00:00+00:00, run_after=2025-06-16T00:00:00+00:00
[2025-06-14T23:59:39.032-0400] {processor.py:179} INFO - Processing /Users/rah/Desktop/creative_projects/rah_coding_repo/projects/fin_data_project_001/finance-data-project-1/airflow/dags/airflow_ingestion_pipeline.py took 0.483 seconds
[2025-06-14T23:59:44.518-0400] {processor.py:157} INFO - Started process (PID=50891) to work on /Users/rah/Desktop/creative_projects/rah_coding_repo/projects/fin_data_project_001/finance-data-project-1/airflow/dags/airflow_ingestion_pipeline.py
[2025-06-14T23:59:44.520-0400] {processor.py:829} INFO - Processing file /Users/rah/Desktop/creative_projects/rah_coding_repo/projects/fin_data_project_001/finance-data-project-1/airflow/dags/airflow_ingestion_pipeline.py for tasks to queue
[2025-06-14T23:59:44.521-0400] {logging_mixin.py:154} INFO - [2025-06-14T23:59:44.521-0400] {dagbag.py:536} INFO - Filling up the DagBag from /Users/rah/Desktop/creative_projects/rah_coding_repo/projects/fin_data_project_001/finance-data-project-1/airflow/dags/airflow_ingestion_pipeline.py
[2025-06-14T23:59:44.872-0400] {processor.py:839} INFO - DAG(s) dict_keys(['airflow_ingestion_pipeline']) retrieved from /Users/rah/Desktop/creative_projects/rah_coding_repo/projects/fin_data_project_001/finance-data-project-1/airflow/dags/airflow_ingestion_pipeline.py
[2025-06-14T23:59:44.970-0400] {logging_mixin.py:154} INFO - [2025-06-14T23:59:44.970-0400] {dag.py:2941} INFO - Sync 1 DAGs
[2025-06-14T23:59:44.978-0400] {logging_mixin.py:154} INFO - [2025-06-14T23:59:44.978-0400] {dag.py:3722} INFO - Setting next_dagrun for airflow_ingestion_pipeline to 2025-06-15T00:00:00+00:00, run_after=2025-06-16T00:00:00+00:00
[2025-06-14T23:59:44.986-0400] {processor.py:179} INFO - Processing /Users/rah/Desktop/creative_projects/rah_coding_repo/projects/fin_data_project_001/finance-data-project-1/airflow/dags/airflow_ingestion_pipeline.py took 0.468 seconds
[2025-06-15T00:00:16.240-0400] {processor.py:157} INFO - Started process (PID=51395) to work on /Users/rah/Desktop/creative_projects/rah_coding_repo/projects/fin_data_project_001/finance-data-project-1/airflow/dags/airflow_ingestion_pipeline.py
[2025-06-15T00:00:16.243-0400] {processor.py:829} INFO - Processing file /Users/rah/Desktop/creative_projects/rah_coding_repo/projects/fin_data_project_001/finance-data-project-1/airflow/dags/airflow_ingestion_pipeline.py for tasks to queue
[2025-06-15T00:00:16.243-0400] {logging_mixin.py:154} INFO - [2025-06-15T00:00:16.243-0400] {dagbag.py:536} INFO - Filling up the DagBag from /Users/rah/Desktop/creative_projects/rah_coding_repo/projects/fin_data_project_001/finance-data-project-1/airflow/dags/airflow_ingestion_pipeline.py
[2025-06-15T00:00:16.601-0400] {processor.py:839} INFO - DAG(s) dict_keys(['airflow_ingestion_pipeline']) retrieved from /Users/rah/Desktop/creative_projects/rah_coding_repo/projects/fin_data_project_001/finance-data-project-1/airflow/dags/airflow_ingestion_pipeline.py
[2025-06-15T00:00:16.724-0400] {logging_mixin.py:154} INFO - [2025-06-15T00:00:16.724-0400] {dag.py:2941} INFO - Sync 1 DAGs
[2025-06-15T00:00:16.736-0400] {logging_mixin.py:154} INFO - [2025-06-15T00:00:16.736-0400] {dag.py:3722} INFO - Setting next_dagrun for airflow_ingestion_pipeline to 2025-06-15T00:00:00+00:00, run_after=2025-06-16T00:00:00+00:00
[2025-06-15T00:00:16.746-0400] {processor.py:179} INFO - Processing /Users/rah/Desktop/creative_projects/rah_coding_repo/projects/fin_data_project_001/finance-data-project-1/airflow/dags/airflow_ingestion_pipeline.py took 0.508 seconds
[2025-06-15T00:00:21.006-0400] {processor.py:157} INFO - Started process (PID=51523) to work on /Users/rah/Desktop/creative_projects/rah_coding_repo/projects/fin_data_project_001/finance-data-project-1/airflow/dags/airflow_ingestion_pipeline.py
[2025-06-15T00:00:21.009-0400] {processor.py:829} INFO - Processing file /Users/rah/Desktop/creative_projects/rah_coding_repo/projects/fin_data_project_001/finance-data-project-1/airflow/dags/airflow_ingestion_pipeline.py for tasks to queue
[2025-06-15T00:00:21.009-0400] {logging_mixin.py:154} INFO - [2025-06-15T00:00:21.009-0400] {dagbag.py:536} INFO - Filling up the DagBag from /Users/rah/Desktop/creative_projects/rah_coding_repo/projects/fin_data_project_001/finance-data-project-1/airflow/dags/airflow_ingestion_pipeline.py
[2025-06-15T00:00:21.331-0400] {processor.py:839} INFO - DAG(s) dict_keys(['airflow_ingestion_pipeline']) retrieved from /Users/rah/Desktop/creative_projects/rah_coding_repo/projects/fin_data_project_001/finance-data-project-1/airflow/dags/airflow_ingestion_pipeline.py
[2025-06-15T00:00:21.430-0400] {logging_mixin.py:154} INFO - [2025-06-15T00:00:21.429-0400] {dag.py:2941} INFO - Sync 1 DAGs
[2025-06-15T00:00:21.437-0400] {logging_mixin.py:154} INFO - [2025-06-15T00:00:21.437-0400] {dag.py:3722} INFO - Setting next_dagrun for airflow_ingestion_pipeline to 2025-06-15T00:00:00+00:00, run_after=2025-06-16T00:00:00+00:00
[2025-06-15T00:00:21.446-0400] {processor.py:179} INFO - Processing /Users/rah/Desktop/creative_projects/rah_coding_repo/projects/fin_data_project_001/finance-data-project-1/airflow/dags/airflow_ingestion_pipeline.py took 0.441 seconds
[2025-06-15T00:00:23.684-0400] {processor.py:157} INFO - Started process (PID=51535) to work on /Users/rah/Desktop/creative_projects/rah_coding_repo/projects/fin_data_project_001/finance-data-project-1/airflow/dags/airflow_ingestion_pipeline.py
[2025-06-15T00:00:23.686-0400] {processor.py:829} INFO - Processing file /Users/rah/Desktop/creative_projects/rah_coding_repo/projects/fin_data_project_001/finance-data-project-1/airflow/dags/airflow_ingestion_pipeline.py for tasks to queue
[2025-06-15T00:00:23.686-0400] {logging_mixin.py:154} INFO - [2025-06-15T00:00:23.686-0400] {dagbag.py:536} INFO - Filling up the DagBag from /Users/rah/Desktop/creative_projects/rah_coding_repo/projects/fin_data_project_001/finance-data-project-1/airflow/dags/airflow_ingestion_pipeline.py
[2025-06-15T00:00:24.013-0400] {processor.py:839} INFO - DAG(s) dict_keys(['airflow_ingestion_pipeline']) retrieved from /Users/rah/Desktop/creative_projects/rah_coding_repo/projects/fin_data_project_001/finance-data-project-1/airflow/dags/airflow_ingestion_pipeline.py
[2025-06-15T00:00:24.109-0400] {logging_mixin.py:154} INFO - [2025-06-15T00:00:24.109-0400] {dag.py:2941} INFO - Sync 1 DAGs
[2025-06-15T00:00:24.116-0400] {logging_mixin.py:154} INFO - [2025-06-15T00:00:24.116-0400] {dag.py:3722} INFO - Setting next_dagrun for airflow_ingestion_pipeline to 2025-06-15T00:00:00+00:00, run_after=2025-06-16T00:00:00+00:00
[2025-06-15T00:00:24.124-0400] {processor.py:179} INFO - Processing /Users/rah/Desktop/creative_projects/rah_coding_repo/projects/fin_data_project_001/finance-data-project-1/airflow/dags/airflow_ingestion_pipeline.py took 0.442 seconds
[2025-06-15T00:00:37.135-0400] {processor.py:157} INFO - Started process (PID=51708) to work on /Users/rah/Desktop/creative_projects/rah_coding_repo/projects/fin_data_project_001/finance-data-project-1/airflow/dags/airflow_ingestion_pipeline.py
[2025-06-15T00:00:37.137-0400] {processor.py:829} INFO - Processing file /Users/rah/Desktop/creative_projects/rah_coding_repo/projects/fin_data_project_001/finance-data-project-1/airflow/dags/airflow_ingestion_pipeline.py for tasks to queue
[2025-06-15T00:00:37.137-0400] {logging_mixin.py:154} INFO - [2025-06-15T00:00:37.137-0400] {dagbag.py:536} INFO - Filling up the DagBag from /Users/rah/Desktop/creative_projects/rah_coding_repo/projects/fin_data_project_001/finance-data-project-1/airflow/dags/airflow_ingestion_pipeline.py
[2025-06-15T00:00:37.462-0400] {processor.py:839} INFO - DAG(s) dict_keys(['airflow_ingestion_pipeline']) retrieved from /Users/rah/Desktop/creative_projects/rah_coding_repo/projects/fin_data_project_001/finance-data-project-1/airflow/dags/airflow_ingestion_pipeline.py
[2025-06-15T00:00:37.561-0400] {logging_mixin.py:154} INFO - [2025-06-15T00:00:37.560-0400] {dag.py:2941} INFO - Sync 1 DAGs
[2025-06-15T00:00:37.569-0400] {logging_mixin.py:154} INFO - [2025-06-15T00:00:37.569-0400] {dag.py:3722} INFO - Setting next_dagrun for airflow_ingestion_pipeline to 2025-06-15T00:00:00+00:00, run_after=2025-06-16T00:00:00+00:00
[2025-06-15T00:00:37.579-0400] {processor.py:179} INFO - Processing /Users/rah/Desktop/creative_projects/rah_coding_repo/projects/fin_data_project_001/finance-data-project-1/airflow/dags/airflow_ingestion_pipeline.py took 0.444 seconds
[2025-06-15T00:01:05.356-0400] {processor.py:157} INFO - Started process (PID=52168) to work on /Users/rah/Desktop/creative_projects/rah_coding_repo/projects/fin_data_project_001/finance-data-project-1/airflow/dags/airflow_ingestion_pipeline.py
[2025-06-15T00:01:05.358-0400] {processor.py:829} INFO - Processing file /Users/rah/Desktop/creative_projects/rah_coding_repo/projects/fin_data_project_001/finance-data-project-1/airflow/dags/airflow_ingestion_pipeline.py for tasks to queue
[2025-06-15T00:01:05.359-0400] {logging_mixin.py:154} INFO - [2025-06-15T00:01:05.359-0400] {dagbag.py:536} INFO - Filling up the DagBag from /Users/rah/Desktop/creative_projects/rah_coding_repo/projects/fin_data_project_001/finance-data-project-1/airflow/dags/airflow_ingestion_pipeline.py
[2025-06-15T00:01:05.485-0400] {processor.py:157} INFO - Started process (PID=52169) to work on /Users/rah/Desktop/creative_projects/rah_coding_repo/projects/fin_data_project_001/finance-data-project-1/airflow/dags/airflow_ingestion_pipeline.py
[2025-06-15T00:01:05.487-0400] {processor.py:829} INFO - Processing file /Users/rah/Desktop/creative_projects/rah_coding_repo/projects/fin_data_project_001/finance-data-project-1/airflow/dags/airflow_ingestion_pipeline.py for tasks to queue
[2025-06-15T00:01:05.487-0400] {logging_mixin.py:154} INFO - [2025-06-15T00:01:05.487-0400] {dagbag.py:536} INFO - Filling up the DagBag from /Users/rah/Desktop/creative_projects/rah_coding_repo/projects/fin_data_project_001/finance-data-project-1/airflow/dags/airflow_ingestion_pipeline.py
[2025-06-15T00:01:05.709-0400] {processor.py:839} INFO - DAG(s) dict_keys(['airflow_ingestion_pipeline']) retrieved from /Users/rah/Desktop/creative_projects/rah_coding_repo/projects/fin_data_project_001/finance-data-project-1/airflow/dags/airflow_ingestion_pipeline.py
[2025-06-15T00:01:05.813-0400] {logging_mixin.py:154} INFO - [2025-06-15T00:01:05.813-0400] {dag.py:2941} INFO - Sync 1 DAGs
[2025-06-15T00:01:05.822-0400] {logging_mixin.py:154} INFO - [2025-06-15T00:01:05.822-0400] {dag.py:3722} INFO - Setting next_dagrun for airflow_ingestion_pipeline to 2025-06-15T00:00:00+00:00, run_after=2025-06-16T00:00:00+00:00
[2025-06-15T00:01:05.830-0400] {processor.py:839} INFO - DAG(s) dict_keys(['airflow_ingestion_pipeline']) retrieved from /Users/rah/Desktop/creative_projects/rah_coding_repo/projects/fin_data_project_001/finance-data-project-1/airflow/dags/airflow_ingestion_pipeline.py
[2025-06-15T00:01:05.830-0400] {processor.py:179} INFO - Processing /Users/rah/Desktop/creative_projects/rah_coding_repo/projects/fin_data_project_001/finance-data-project-1/airflow/dags/airflow_ingestion_pipeline.py took 0.474 seconds
[2025-06-15T00:01:05.942-0400] {logging_mixin.py:154} INFO - [2025-06-15T00:01:05.942-0400] {dag.py:2941} INFO - Sync 1 DAGs
[2025-06-15T00:01:05.951-0400] {logging_mixin.py:154} INFO - [2025-06-15T00:01:05.950-0400] {dag.py:3722} INFO - Setting next_dagrun for airflow_ingestion_pipeline to 2025-06-15T00:00:00+00:00, run_after=2025-06-16T00:00:00+00:00
[2025-06-15T00:01:05.961-0400] {processor.py:179} INFO - Processing /Users/rah/Desktop/creative_projects/rah_coding_repo/projects/fin_data_project_001/finance-data-project-1/airflow/dags/airflow_ingestion_pipeline.py took 0.477 seconds
[2025-06-15T00:01:10.245-0400] {processor.py:157} INFO - Started process (PID=52301) to work on /Users/rah/Desktop/creative_projects/rah_coding_repo/projects/fin_data_project_001/finance-data-project-1/airflow/dags/airflow_ingestion_pipeline.py
[2025-06-15T00:01:10.248-0400] {processor.py:829} INFO - Processing file /Users/rah/Desktop/creative_projects/rah_coding_repo/projects/fin_data_project_001/finance-data-project-1/airflow/dags/airflow_ingestion_pipeline.py for tasks to queue
[2025-06-15T00:01:10.248-0400] {logging_mixin.py:154} INFO - [2025-06-15T00:01:10.248-0400] {dagbag.py:536} INFO - Filling up the DagBag from /Users/rah/Desktop/creative_projects/rah_coding_repo/projects/fin_data_project_001/finance-data-project-1/airflow/dags/airflow_ingestion_pipeline.py
[2025-06-15T00:01:10.576-0400] {processor.py:839} INFO - DAG(s) dict_keys(['airflow_ingestion_pipeline']) retrieved from /Users/rah/Desktop/creative_projects/rah_coding_repo/projects/fin_data_project_001/finance-data-project-1/airflow/dags/airflow_ingestion_pipeline.py
[2025-06-15T00:01:10.681-0400] {logging_mixin.py:154} INFO - [2025-06-15T00:01:10.680-0400] {dag.py:2941} INFO - Sync 1 DAGs
[2025-06-15T00:01:10.688-0400] {logging_mixin.py:154} INFO - [2025-06-15T00:01:10.688-0400] {dag.py:3722} INFO - Setting next_dagrun for airflow_ingestion_pipeline to 2025-06-15T00:00:00+00:00, run_after=2025-06-16T00:00:00+00:00
[2025-06-15T00:01:10.696-0400] {processor.py:179} INFO - Processing /Users/rah/Desktop/creative_projects/rah_coding_repo/projects/fin_data_project_001/finance-data-project-1/airflow/dags/airflow_ingestion_pipeline.py took 0.452 seconds
[2025-06-15T00:01:24.395-0400] {processor.py:157} INFO - Started process (PID=52492) to work on /Users/rah/Desktop/creative_projects/rah_coding_repo/projects/fin_data_project_001/finance-data-project-1/airflow/dags/airflow_ingestion_pipeline.py
[2025-06-15T00:01:24.397-0400] {processor.py:829} INFO - Processing file /Users/rah/Desktop/creative_projects/rah_coding_repo/projects/fin_data_project_001/finance-data-project-1/airflow/dags/airflow_ingestion_pipeline.py for tasks to queue
[2025-06-15T00:01:24.398-0400] {logging_mixin.py:154} INFO - [2025-06-15T00:01:24.397-0400] {dagbag.py:536} INFO - Filling up the DagBag from /Users/rah/Desktop/creative_projects/rah_coding_repo/projects/fin_data_project_001/finance-data-project-1/airflow/dags/airflow_ingestion_pipeline.py
[2025-06-15T00:01:24.728-0400] {processor.py:839} INFO - DAG(s) dict_keys(['airflow_ingestion_pipeline']) retrieved from /Users/rah/Desktop/creative_projects/rah_coding_repo/projects/fin_data_project_001/finance-data-project-1/airflow/dags/airflow_ingestion_pipeline.py
[2025-06-15T00:01:24.829-0400] {logging_mixin.py:154} INFO - [2025-06-15T00:01:24.828-0400] {dag.py:2941} INFO - Sync 1 DAGs
[2025-06-15T00:01:24.837-0400] {logging_mixin.py:154} INFO - [2025-06-15T00:01:24.837-0400] {dag.py:3722} INFO - Setting next_dagrun for airflow_ingestion_pipeline to 2025-06-15T00:00:00+00:00, run_after=2025-06-16T00:00:00+00:00
[2025-06-15T00:01:24.845-0400] {processor.py:179} INFO - Processing /Users/rah/Desktop/creative_projects/rah_coding_repo/projects/fin_data_project_001/finance-data-project-1/airflow/dags/airflow_ingestion_pipeline.py took 0.451 seconds
[2025-06-15T00:01:49.698-0400] {processor.py:157} INFO - Started process (PID=52843) to work on /Users/rah/Desktop/creative_projects/rah_coding_repo/projects/fin_data_project_001/finance-data-project-1/airflow/dags/airflow_ingestion_pipeline.py
[2025-06-15T00:01:49.700-0400] {processor.py:829} INFO - Processing file /Users/rah/Desktop/creative_projects/rah_coding_repo/projects/fin_data_project_001/finance-data-project-1/airflow/dags/airflow_ingestion_pipeline.py for tasks to queue
[2025-06-15T00:01:49.701-0400] {logging_mixin.py:154} INFO - [2025-06-15T00:01:49.701-0400] {dagbag.py:536} INFO - Filling up the DagBag from /Users/rah/Desktop/creative_projects/rah_coding_repo/projects/fin_data_project_001/finance-data-project-1/airflow/dags/airflow_ingestion_pipeline.py
[2025-06-15T00:01:50.040-0400] {processor.py:839} INFO - DAG(s) dict_keys(['airflow_ingestion_pipeline']) retrieved from /Users/rah/Desktop/creative_projects/rah_coding_repo/projects/fin_data_project_001/finance-data-project-1/airflow/dags/airflow_ingestion_pipeline.py
[2025-06-15T00:01:50.143-0400] {logging_mixin.py:154} INFO - [2025-06-15T00:01:50.143-0400] {dag.py:2941} INFO - Sync 1 DAGs
[2025-06-15T00:01:50.151-0400] {logging_mixin.py:154} INFO - [2025-06-15T00:01:50.151-0400] {dag.py:3722} INFO - Setting next_dagrun for airflow_ingestion_pipeline to 2025-06-15T00:00:00+00:00, run_after=2025-06-16T00:00:00+00:00
[2025-06-15T00:01:50.160-0400] {processor.py:179} INFO - Processing /Users/rah/Desktop/creative_projects/rah_coding_repo/projects/fin_data_project_001/finance-data-project-1/airflow/dags/airflow_ingestion_pipeline.py took 0.463 seconds
[2025-06-15T00:01:54.074-0400] {processor.py:157} INFO - Started process (PID=52972) to work on /Users/rah/Desktop/creative_projects/rah_coding_repo/projects/fin_data_project_001/finance-data-project-1/airflow/dags/airflow_ingestion_pipeline.py
[2025-06-15T00:01:54.076-0400] {processor.py:829} INFO - Processing file /Users/rah/Desktop/creative_projects/rah_coding_repo/projects/fin_data_project_001/finance-data-project-1/airflow/dags/airflow_ingestion_pipeline.py for tasks to queue
[2025-06-15T00:01:54.077-0400] {logging_mixin.py:154} INFO - [2025-06-15T00:01:54.077-0400] {dagbag.py:536} INFO - Filling up the DagBag from /Users/rah/Desktop/creative_projects/rah_coding_repo/projects/fin_data_project_001/finance-data-project-1/airflow/dags/airflow_ingestion_pipeline.py
[2025-06-15T00:01:54.383-0400] {processor.py:839} INFO - DAG(s) dict_keys(['airflow_ingestion_pipeline']) retrieved from /Users/rah/Desktop/creative_projects/rah_coding_repo/projects/fin_data_project_001/finance-data-project-1/airflow/dags/airflow_ingestion_pipeline.py
[2025-06-15T00:01:54.480-0400] {logging_mixin.py:154} INFO - [2025-06-15T00:01:54.480-0400] {dag.py:2941} INFO - Sync 1 DAGs
[2025-06-15T00:01:54.488-0400] {logging_mixin.py:154} INFO - [2025-06-15T00:01:54.488-0400] {dag.py:3722} INFO - Setting next_dagrun for airflow_ingestion_pipeline to 2025-06-15T00:00:00+00:00, run_after=2025-06-16T00:00:00+00:00
[2025-06-15T00:01:54.496-0400] {processor.py:179} INFO - Processing /Users/rah/Desktop/creative_projects/rah_coding_repo/projects/fin_data_project_001/finance-data-project-1/airflow/dags/airflow_ingestion_pipeline.py took 0.422 seconds
[2025-06-15T00:01:56.460-0400] {processor.py:157} INFO - Started process (PID=52982) to work on /Users/rah/Desktop/creative_projects/rah_coding_repo/projects/fin_data_project_001/finance-data-project-1/airflow/dags/airflow_ingestion_pipeline.py
[2025-06-15T00:01:56.463-0400] {processor.py:829} INFO - Processing file /Users/rah/Desktop/creative_projects/rah_coding_repo/projects/fin_data_project_001/finance-data-project-1/airflow/dags/airflow_ingestion_pipeline.py for tasks to queue
[2025-06-15T00:01:56.463-0400] {logging_mixin.py:154} INFO - [2025-06-15T00:01:56.463-0400] {dagbag.py:536} INFO - Filling up the DagBag from /Users/rah/Desktop/creative_projects/rah_coding_repo/projects/fin_data_project_001/finance-data-project-1/airflow/dags/airflow_ingestion_pipeline.py
[2025-06-15T00:01:56.795-0400] {processor.py:839} INFO - DAG(s) dict_keys(['airflow_ingestion_pipeline']) retrieved from /Users/rah/Desktop/creative_projects/rah_coding_repo/projects/fin_data_project_001/finance-data-project-1/airflow/dags/airflow_ingestion_pipeline.py
[2025-06-15T00:01:56.900-0400] {logging_mixin.py:154} INFO - [2025-06-15T00:01:56.900-0400] {dag.py:2941} INFO - Sync 1 DAGs
[2025-06-15T00:01:56.908-0400] {logging_mixin.py:154} INFO - [2025-06-15T00:01:56.908-0400] {dag.py:3722} INFO - Setting next_dagrun for airflow_ingestion_pipeline to 2025-06-15T00:00:00+00:00, run_after=2025-06-16T00:00:00+00:00
[2025-06-15T00:01:56.917-0400] {processor.py:179} INFO - Processing /Users/rah/Desktop/creative_projects/rah_coding_repo/projects/fin_data_project_001/finance-data-project-1/airflow/dags/airflow_ingestion_pipeline.py took 0.457 seconds
[2025-06-15T00:02:09.391-0400] {processor.py:157} INFO - Started process (PID=53162) to work on /Users/rah/Desktop/creative_projects/rah_coding_repo/projects/fin_data_project_001/finance-data-project-1/airflow/dags/airflow_ingestion_pipeline.py
[2025-06-15T00:02:09.393-0400] {processor.py:829} INFO - Processing file /Users/rah/Desktop/creative_projects/rah_coding_repo/projects/fin_data_project_001/finance-data-project-1/airflow/dags/airflow_ingestion_pipeline.py for tasks to queue
[2025-06-15T00:02:09.394-0400] {logging_mixin.py:154} INFO - [2025-06-15T00:02:09.394-0400] {dagbag.py:536} INFO - Filling up the DagBag from /Users/rah/Desktop/creative_projects/rah_coding_repo/projects/fin_data_project_001/finance-data-project-1/airflow/dags/airflow_ingestion_pipeline.py
[2025-06-15T00:02:09.751-0400] {processor.py:839} INFO - DAG(s) dict_keys(['airflow_ingestion_pipeline']) retrieved from /Users/rah/Desktop/creative_projects/rah_coding_repo/projects/fin_data_project_001/finance-data-project-1/airflow/dags/airflow_ingestion_pipeline.py
[2025-06-15T00:02:09.859-0400] {logging_mixin.py:154} INFO - [2025-06-15T00:02:09.859-0400] {dag.py:2941} INFO - Sync 1 DAGs
[2025-06-15T00:02:09.867-0400] {logging_mixin.py:154} INFO - [2025-06-15T00:02:09.867-0400] {dag.py:3722} INFO - Setting next_dagrun for airflow_ingestion_pipeline to 2025-06-15T00:00:00+00:00, run_after=2025-06-16T00:00:00+00:00
[2025-06-15T00:02:09.875-0400] {processor.py:179} INFO - Processing /Users/rah/Desktop/creative_projects/rah_coding_repo/projects/fin_data_project_001/finance-data-project-1/airflow/dags/airflow_ingestion_pipeline.py took 0.485 seconds
[2025-06-15T00:02:48.124-0400] {processor.py:157} INFO - Started process (PID=53896) to work on /Users/rah/Desktop/creative_projects/rah_coding_repo/projects/fin_data_project_001/finance-data-project-1/airflow/dags/airflow_ingestion_pipeline.py
[2025-06-15T00:02:48.127-0400] {processor.py:829} INFO - Processing file /Users/rah/Desktop/creative_projects/rah_coding_repo/projects/fin_data_project_001/finance-data-project-1/airflow/dags/airflow_ingestion_pipeline.py for tasks to queue
[2025-06-15T00:02:48.128-0400] {logging_mixin.py:154} INFO - [2025-06-15T00:02:48.127-0400] {dagbag.py:536} INFO - Filling up the DagBag from /Users/rah/Desktop/creative_projects/rah_coding_repo/projects/fin_data_project_001/finance-data-project-1/airflow/dags/airflow_ingestion_pipeline.py
[2025-06-15T00:02:48.550-0400] {processor.py:839} INFO - DAG(s) dict_keys(['airflow_ingestion_pipeline']) retrieved from /Users/rah/Desktop/creative_projects/rah_coding_repo/projects/fin_data_project_001/finance-data-project-1/airflow/dags/airflow_ingestion_pipeline.py
[2025-06-15T00:02:48.644-0400] {logging_mixin.py:154} INFO - [2025-06-15T00:02:48.644-0400] {dag.py:2941} INFO - Sync 1 DAGs
[2025-06-15T00:02:48.652-0400] {logging_mixin.py:154} INFO - [2025-06-15T00:02:48.652-0400] {dag.py:3722} INFO - Setting next_dagrun for airflow_ingestion_pipeline to 2025-06-15T00:00:00+00:00, run_after=2025-06-16T00:00:00+00:00
[2025-06-15T00:02:48.659-0400] {processor.py:179} INFO - Processing /Users/rah/Desktop/creative_projects/rah_coding_repo/projects/fin_data_project_001/finance-data-project-1/airflow/dags/airflow_ingestion_pipeline.py took 0.535 seconds
[2025-06-15T00:06:13.814-0400] {processor.py:157} INFO - Started process (PID=56636) to work on /Users/rah/Desktop/creative_projects/rah_coding_repo/projects/fin_data_project_001/finance-data-project-1/airflow/dags/airflow_ingestion_pipeline.py
[2025-06-15T00:06:13.818-0400] {processor.py:829} INFO - Processing file /Users/rah/Desktop/creative_projects/rah_coding_repo/projects/fin_data_project_001/finance-data-project-1/airflow/dags/airflow_ingestion_pipeline.py for tasks to queue
[2025-06-15T00:06:13.819-0400] {logging_mixin.py:154} INFO - [2025-06-15T00:06:13.819-0400] {dagbag.py:536} INFO - Filling up the DagBag from /Users/rah/Desktop/creative_projects/rah_coding_repo/projects/fin_data_project_001/finance-data-project-1/airflow/dags/airflow_ingestion_pipeline.py
[2025-06-15T00:06:14.243-0400] {processor.py:839} INFO - DAG(s) dict_keys(['airflow_ingestion_pipeline']) retrieved from /Users/rah/Desktop/creative_projects/rah_coding_repo/projects/fin_data_project_001/finance-data-project-1/airflow/dags/airflow_ingestion_pipeline.py
[2025-06-15T00:06:14.332-0400] {logging_mixin.py:154} INFO - [2025-06-15T00:06:14.332-0400] {dag.py:2941} INFO - Sync 1 DAGs
[2025-06-15T00:06:14.340-0400] {logging_mixin.py:154} INFO - [2025-06-15T00:06:14.340-0400] {dag.py:3722} INFO - Setting next_dagrun for airflow_ingestion_pipeline to 2025-06-15T00:00:00+00:00, run_after=2025-06-16T00:00:00+00:00
[2025-06-15T00:06:14.347-0400] {processor.py:179} INFO - Processing /Users/rah/Desktop/creative_projects/rah_coding_repo/projects/fin_data_project_001/finance-data-project-1/airflow/dags/airflow_ingestion_pipeline.py took 0.533 seconds
[2025-06-15T00:07:41.986-0400] {processor.py:157} INFO - Started process (PID=57707) to work on /Users/rah/Desktop/creative_projects/rah_coding_repo/projects/fin_data_project_001/finance-data-project-1/airflow/dags/airflow_ingestion_pipeline.py
[2025-06-15T00:07:41.989-0400] {processor.py:829} INFO - Processing file /Users/rah/Desktop/creative_projects/rah_coding_repo/projects/fin_data_project_001/finance-data-project-1/airflow/dags/airflow_ingestion_pipeline.py for tasks to queue
[2025-06-15T00:07:41.989-0400] {logging_mixin.py:154} INFO - [2025-06-15T00:07:41.989-0400] {dagbag.py:536} INFO - Filling up the DagBag from /Users/rah/Desktop/creative_projects/rah_coding_repo/projects/fin_data_project_001/finance-data-project-1/airflow/dags/airflow_ingestion_pipeline.py
[2025-06-15T00:07:42.308-0400] {processor.py:839} INFO - DAG(s) dict_keys(['airflow_ingestion_pipeline']) retrieved from /Users/rah/Desktop/creative_projects/rah_coding_repo/projects/fin_data_project_001/finance-data-project-1/airflow/dags/airflow_ingestion_pipeline.py
[2025-06-15T00:07:42.397-0400] {logging_mixin.py:154} INFO - [2025-06-15T00:07:42.397-0400] {dag.py:2941} INFO - Sync 1 DAGs
[2025-06-15T00:07:42.406-0400] {logging_mixin.py:154} INFO - [2025-06-15T00:07:42.405-0400] {dag.py:3722} INFO - Setting next_dagrun for airflow_ingestion_pipeline to 2025-06-15T00:00:00+00:00, run_after=2025-06-16T00:00:00+00:00
[2025-06-15T00:07:42.413-0400] {processor.py:179} INFO - Processing /Users/rah/Desktop/creative_projects/rah_coding_repo/projects/fin_data_project_001/finance-data-project-1/airflow/dags/airflow_ingestion_pipeline.py took 0.428 seconds
[2025-06-15T00:08:38.633-0400] {processor.py:157} INFO - Started process (PID=58641) to work on /Users/rah/Desktop/creative_projects/rah_coding_repo/projects/fin_data_project_001/finance-data-project-1/airflow/dags/airflow_ingestion_pipeline.py
[2025-06-15T00:08:38.636-0400] {processor.py:829} INFO - Processing file /Users/rah/Desktop/creative_projects/rah_coding_repo/projects/fin_data_project_001/finance-data-project-1/airflow/dags/airflow_ingestion_pipeline.py for tasks to queue
[2025-06-15T00:08:38.637-0400] {logging_mixin.py:154} INFO - [2025-06-15T00:08:38.637-0400] {dagbag.py:536} INFO - Filling up the DagBag from /Users/rah/Desktop/creative_projects/rah_coding_repo/projects/fin_data_project_001/finance-data-project-1/airflow/dags/airflow_ingestion_pipeline.py
[2025-06-15T00:08:38.983-0400] {processor.py:839} INFO - DAG(s) dict_keys(['airflow_ingestion_pipeline']) retrieved from /Users/rah/Desktop/creative_projects/rah_coding_repo/projects/fin_data_project_001/finance-data-project-1/airflow/dags/airflow_ingestion_pipeline.py
[2025-06-15T00:08:39.079-0400] {logging_mixin.py:154} INFO - [2025-06-15T00:08:39.079-0400] {dag.py:2941} INFO - Sync 1 DAGs
[2025-06-15T00:08:39.087-0400] {logging_mixin.py:154} INFO - [2025-06-15T00:08:39.087-0400] {dag.py:3722} INFO - Setting next_dagrun for airflow_ingestion_pipeline to 2025-06-15T00:00:00+00:00, run_after=2025-06-16T00:00:00+00:00
[2025-06-15T00:08:39.095-0400] {processor.py:179} INFO - Processing /Users/rah/Desktop/creative_projects/rah_coding_repo/projects/fin_data_project_001/finance-data-project-1/airflow/dags/airflow_ingestion_pipeline.py took 0.462 seconds
[2025-06-15T00:09:31.709-0400] {processor.py:157} INFO - Started process (PID=59609) to work on /Users/rah/Desktop/creative_projects/rah_coding_repo/projects/fin_data_project_001/finance-data-project-1/airflow/dags/airflow_ingestion_pipeline.py
[2025-06-15T00:09:31.712-0400] {processor.py:829} INFO - Processing file /Users/rah/Desktop/creative_projects/rah_coding_repo/projects/fin_data_project_001/finance-data-project-1/airflow/dags/airflow_ingestion_pipeline.py for tasks to queue
[2025-06-15T00:09:31.713-0400] {logging_mixin.py:154} INFO - [2025-06-15T00:09:31.713-0400] {dagbag.py:536} INFO - Filling up the DagBag from /Users/rah/Desktop/creative_projects/rah_coding_repo/projects/fin_data_project_001/finance-data-project-1/airflow/dags/airflow_ingestion_pipeline.py
[2025-06-15T00:09:32.052-0400] {processor.py:839} INFO - DAG(s) dict_keys(['airflow_ingestion_pipeline']) retrieved from /Users/rah/Desktop/creative_projects/rah_coding_repo/projects/fin_data_project_001/finance-data-project-1/airflow/dags/airflow_ingestion_pipeline.py
[2025-06-15T00:09:32.154-0400] {logging_mixin.py:154} INFO - [2025-06-15T00:09:32.154-0400] {dag.py:2941} INFO - Sync 1 DAGs
[2025-06-15T00:09:32.162-0400] {logging_mixin.py:154} INFO - [2025-06-15T00:09:32.162-0400] {dag.py:3722} INFO - Setting next_dagrun for airflow_ingestion_pipeline to 2025-06-15T00:00:00+00:00, run_after=2025-06-16T00:00:00+00:00
[2025-06-15T00:09:32.169-0400] {processor.py:179} INFO - Processing /Users/rah/Desktop/creative_projects/rah_coding_repo/projects/fin_data_project_001/finance-data-project-1/airflow/dags/airflow_ingestion_pipeline.py took 0.461 seconds
[2025-06-15T00:10:20.858-0400] {processor.py:157} INFO - Started process (PID=60544) to work on /Users/rah/Desktop/creative_projects/rah_coding_repo/projects/fin_data_project_001/finance-data-project-1/airflow/dags/airflow_ingestion_pipeline.py
[2025-06-15T00:10:20.861-0400] {processor.py:829} INFO - Processing file /Users/rah/Desktop/creative_projects/rah_coding_repo/projects/fin_data_project_001/finance-data-project-1/airflow/dags/airflow_ingestion_pipeline.py for tasks to queue
[2025-06-15T00:10:20.861-0400] {logging_mixin.py:154} INFO - [2025-06-15T00:10:20.861-0400] {dagbag.py:536} INFO - Filling up the DagBag from /Users/rah/Desktop/creative_projects/rah_coding_repo/projects/fin_data_project_001/finance-data-project-1/airflow/dags/airflow_ingestion_pipeline.py
[2025-06-15T00:10:21.179-0400] {processor.py:839} INFO - DAG(s) dict_keys(['airflow_ingestion_pipeline']) retrieved from /Users/rah/Desktop/creative_projects/rah_coding_repo/projects/fin_data_project_001/finance-data-project-1/airflow/dags/airflow_ingestion_pipeline.py
[2025-06-15T00:10:21.273-0400] {logging_mixin.py:154} INFO - [2025-06-15T00:10:21.273-0400] {dag.py:2941} INFO - Sync 1 DAGs
[2025-06-15T00:10:21.281-0400] {logging_mixin.py:154} INFO - [2025-06-15T00:10:21.281-0400] {dag.py:3722} INFO - Setting next_dagrun for airflow_ingestion_pipeline to 2025-06-15T00:00:00+00:00, run_after=2025-06-16T00:00:00+00:00
[2025-06-15T00:10:21.288-0400] {processor.py:179} INFO - Processing /Users/rah/Desktop/creative_projects/rah_coding_repo/projects/fin_data_project_001/finance-data-project-1/airflow/dags/airflow_ingestion_pipeline.py took 0.431 seconds
[2025-06-15T00:11:11.131-0400] {processor.py:157} INFO - Started process (PID=61204) to work on /Users/rah/Desktop/creative_projects/rah_coding_repo/projects/fin_data_project_001/finance-data-project-1/airflow/dags/airflow_ingestion_pipeline.py
[2025-06-15T00:11:11.134-0400] {processor.py:829} INFO - Processing file /Users/rah/Desktop/creative_projects/rah_coding_repo/projects/fin_data_project_001/finance-data-project-1/airflow/dags/airflow_ingestion_pipeline.py for tasks to queue
[2025-06-15T00:11:11.134-0400] {logging_mixin.py:154} INFO - [2025-06-15T00:11:11.134-0400] {dagbag.py:536} INFO - Filling up the DagBag from /Users/rah/Desktop/creative_projects/rah_coding_repo/projects/fin_data_project_001/finance-data-project-1/airflow/dags/airflow_ingestion_pipeline.py
[2025-06-15T00:11:11.465-0400] {processor.py:839} INFO - DAG(s) dict_keys(['airflow_ingestion_pipeline']) retrieved from /Users/rah/Desktop/creative_projects/rah_coding_repo/projects/fin_data_project_001/finance-data-project-1/airflow/dags/airflow_ingestion_pipeline.py
[2025-06-15T00:11:11.562-0400] {logging_mixin.py:154} INFO - [2025-06-15T00:11:11.562-0400] {dag.py:2941} INFO - Sync 1 DAGs
[2025-06-15T00:11:11.570-0400] {logging_mixin.py:154} INFO - [2025-06-15T00:11:11.570-0400] {dag.py:3722} INFO - Setting next_dagrun for airflow_ingestion_pipeline to 2025-06-15T00:00:00+00:00, run_after=2025-06-16T00:00:00+00:00
[2025-06-15T00:11:11.578-0400] {processor.py:179} INFO - Processing /Users/rah/Desktop/creative_projects/rah_coding_repo/projects/fin_data_project_001/finance-data-project-1/airflow/dags/airflow_ingestion_pipeline.py took 0.447 seconds
[2025-06-15T00:12:01.182-0400] {processor.py:157} INFO - Started process (PID=61831) to work on /Users/rah/Desktop/creative_projects/rah_coding_repo/projects/fin_data_project_001/finance-data-project-1/airflow/dags/airflow_ingestion_pipeline.py
[2025-06-15T00:12:01.185-0400] {processor.py:829} INFO - Processing file /Users/rah/Desktop/creative_projects/rah_coding_repo/projects/fin_data_project_001/finance-data-project-1/airflow/dags/airflow_ingestion_pipeline.py for tasks to queue
[2025-06-15T00:12:01.186-0400] {logging_mixin.py:154} INFO - [2025-06-15T00:12:01.185-0400] {dagbag.py:536} INFO - Filling up the DagBag from /Users/rah/Desktop/creative_projects/rah_coding_repo/projects/fin_data_project_001/finance-data-project-1/airflow/dags/airflow_ingestion_pipeline.py
[2025-06-15T00:12:01.507-0400] {processor.py:839} INFO - DAG(s) dict_keys(['airflow_ingestion_pipeline']) retrieved from /Users/rah/Desktop/creative_projects/rah_coding_repo/projects/fin_data_project_001/finance-data-project-1/airflow/dags/airflow_ingestion_pipeline.py
[2025-06-15T00:12:01.599-0400] {logging_mixin.py:154} INFO - [2025-06-15T00:12:01.599-0400] {dag.py:2941} INFO - Sync 1 DAGs
[2025-06-15T00:12:01.607-0400] {logging_mixin.py:154} INFO - [2025-06-15T00:12:01.607-0400] {dag.py:3722} INFO - Setting next_dagrun for airflow_ingestion_pipeline to 2025-06-15T00:00:00+00:00, run_after=2025-06-16T00:00:00+00:00
[2025-06-15T00:12:01.614-0400] {processor.py:179} INFO - Processing /Users/rah/Desktop/creative_projects/rah_coding_repo/projects/fin_data_project_001/finance-data-project-1/airflow/dags/airflow_ingestion_pipeline.py took 0.432 seconds
[2025-06-15T00:12:53.606-0400] {processor.py:157} INFO - Started process (PID=62744) to work on /Users/rah/Desktop/creative_projects/rah_coding_repo/projects/fin_data_project_001/finance-data-project-1/airflow/dags/airflow_ingestion_pipeline.py
[2025-06-15T00:12:53.609-0400] {processor.py:829} INFO - Processing file /Users/rah/Desktop/creative_projects/rah_coding_repo/projects/fin_data_project_001/finance-data-project-1/airflow/dags/airflow_ingestion_pipeline.py for tasks to queue
[2025-06-15T00:12:53.609-0400] {logging_mixin.py:154} INFO - [2025-06-15T00:12:53.609-0400] {dagbag.py:536} INFO - Filling up the DagBag from /Users/rah/Desktop/creative_projects/rah_coding_repo/projects/fin_data_project_001/finance-data-project-1/airflow/dags/airflow_ingestion_pipeline.py
[2025-06-15T00:12:53.966-0400] {processor.py:839} INFO - DAG(s) dict_keys(['airflow_ingestion_pipeline']) retrieved from /Users/rah/Desktop/creative_projects/rah_coding_repo/projects/fin_data_project_001/finance-data-project-1/airflow/dags/airflow_ingestion_pipeline.py
[2025-06-15T00:12:54.065-0400] {logging_mixin.py:154} INFO - [2025-06-15T00:12:54.065-0400] {dag.py:2941} INFO - Sync 1 DAGs
[2025-06-15T00:12:54.073-0400] {logging_mixin.py:154} INFO - [2025-06-15T00:12:54.073-0400] {dag.py:3722} INFO - Setting next_dagrun for airflow_ingestion_pipeline to 2025-06-15T00:00:00+00:00, run_after=2025-06-16T00:00:00+00:00
[2025-06-15T00:12:54.081-0400] {processor.py:179} INFO - Processing /Users/rah/Desktop/creative_projects/rah_coding_repo/projects/fin_data_project_001/finance-data-project-1/airflow/dags/airflow_ingestion_pipeline.py took 0.476 seconds
[2025-06-15T00:13:45.455-0400] {processor.py:157} INFO - Started process (PID=63678) to work on /Users/rah/Desktop/creative_projects/rah_coding_repo/projects/fin_data_project_001/finance-data-project-1/airflow/dags/airflow_ingestion_pipeline.py
[2025-06-15T00:13:45.458-0400] {processor.py:829} INFO - Processing file /Users/rah/Desktop/creative_projects/rah_coding_repo/projects/fin_data_project_001/finance-data-project-1/airflow/dags/airflow_ingestion_pipeline.py for tasks to queue
[2025-06-15T00:13:45.458-0400] {logging_mixin.py:154} INFO - [2025-06-15T00:13:45.458-0400] {dagbag.py:536} INFO - Filling up the DagBag from /Users/rah/Desktop/creative_projects/rah_coding_repo/projects/fin_data_project_001/finance-data-project-1/airflow/dags/airflow_ingestion_pipeline.py
[2025-06-15T00:13:45.785-0400] {processor.py:839} INFO - DAG(s) dict_keys(['airflow_ingestion_pipeline']) retrieved from /Users/rah/Desktop/creative_projects/rah_coding_repo/projects/fin_data_project_001/finance-data-project-1/airflow/dags/airflow_ingestion_pipeline.py
[2025-06-15T00:13:45.879-0400] {logging_mixin.py:154} INFO - [2025-06-15T00:13:45.879-0400] {dag.py:2941} INFO - Sync 1 DAGs
[2025-06-15T00:13:45.887-0400] {logging_mixin.py:154} INFO - [2025-06-15T00:13:45.887-0400] {dag.py:3722} INFO - Setting next_dagrun for airflow_ingestion_pipeline to 2025-06-15T00:00:00+00:00, run_after=2025-06-16T00:00:00+00:00
[2025-06-15T00:13:45.895-0400] {processor.py:179} INFO - Processing /Users/rah/Desktop/creative_projects/rah_coding_repo/projects/fin_data_project_001/finance-data-project-1/airflow/dags/airflow_ingestion_pipeline.py took 0.441 seconds
[2025-06-15T00:14:34.538-0400] {processor.py:157} INFO - Started process (PID=64204) to work on /Users/rah/Desktop/creative_projects/rah_coding_repo/projects/fin_data_project_001/finance-data-project-1/airflow/dags/airflow_ingestion_pipeline.py
[2025-06-15T00:14:34.541-0400] {processor.py:829} INFO - Processing file /Users/rah/Desktop/creative_projects/rah_coding_repo/projects/fin_data_project_001/finance-data-project-1/airflow/dags/airflow_ingestion_pipeline.py for tasks to queue
[2025-06-15T00:14:34.541-0400] {logging_mixin.py:154} INFO - [2025-06-15T00:14:34.541-0400] {dagbag.py:536} INFO - Filling up the DagBag from /Users/rah/Desktop/creative_projects/rah_coding_repo/projects/fin_data_project_001/finance-data-project-1/airflow/dags/airflow_ingestion_pipeline.py
[2025-06-15T00:14:34.868-0400] {processor.py:839} INFO - DAG(s) dict_keys(['airflow_ingestion_pipeline']) retrieved from /Users/rah/Desktop/creative_projects/rah_coding_repo/projects/fin_data_project_001/finance-data-project-1/airflow/dags/airflow_ingestion_pipeline.py
[2025-06-15T00:14:34.963-0400] {logging_mixin.py:154} INFO - [2025-06-15T00:14:34.963-0400] {dag.py:2941} INFO - Sync 1 DAGs
[2025-06-15T00:14:34.971-0400] {logging_mixin.py:154} INFO - [2025-06-15T00:14:34.971-0400] {dag.py:3722} INFO - Setting next_dagrun for airflow_ingestion_pipeline to 2025-06-15T00:00:00+00:00, run_after=2025-06-16T00:00:00+00:00
[2025-06-15T00:14:34.978-0400] {processor.py:179} INFO - Processing /Users/rah/Desktop/creative_projects/rah_coding_repo/projects/fin_data_project_001/finance-data-project-1/airflow/dags/airflow_ingestion_pipeline.py took 0.441 seconds
